[2026-06-16T01:08:14.057+0000] {processor.py:161} INFO - Started process (PID=99) to work on /home/airflow/.local/lib/python3.8/site-packages/airflow/example_dags/example_kubernetes_executor.py
[2026-06-16T01:08:14.061+0000] {processor.py:830} INFO - Processing file /home/airflow/.local/lib/python3.8/site-packages/airflow/example_dags/example_kubernetes_executor.py for tasks to queue
[2026-06-16T01:08:14.067+0000] {logging_mixin.py:188} INFO - [2026-06-16T01:08:14.066+0000] {dagbag.py:538} INFO - Filling up the DagBag from /home/airflow/.local/lib/python3.8/site-packages/airflow/example_dags/example_kubernetes_executor.py
[2026-06-16T01:08:14.145+0000] {processor.py:840} INFO - DAG(s) 'example_kubernetes_executor' retrieved from /home/airflow/.local/lib/python3.8/site-packages/airflow/example_dags/example_kubernetes_executor.py
[2026-06-16T01:08:14.895+0000] {logging_mixin.py:188} INFO - [2026-06-16T01:08:14.894+0000] {dag.py:3036} INFO - Sync 1 DAGs
[2026-06-16T01:08:15.001+0000] {logging_mixin.py:188} INFO - [2026-06-16T01:08:15.000+0000] {dag.py:3823} INFO - Setting next_dagrun for example_kubernetes_executor to None, run_after=None
[2026-06-16T01:08:15.173+0000] {processor.py:183} INFO - Processing /home/airflow/.local/lib/python3.8/site-packages/airflow/example_dags/example_kubernetes_executor.py took 1.125 seconds
[2026-06-16T01:09:04.094+0000] {processor.py:161} INFO - Started process (PID=161) to work on /home/airflow/.local/lib/python3.8/site-packages/airflow/example_dags/example_kubernetes_executor.py
[2026-06-16T01:09:04.096+0000] {processor.py:830} INFO - Processing file /home/airflow/.local/lib/python3.8/site-packages/airflow/example_dags/example_kubernetes_executor.py for tasks to queue
[2026-06-16T01:09:04.102+0000] {logging_mixin.py:188} INFO - [2026-06-16T01:09:04.101+0000] {dagbag.py:538} INFO - Filling up the DagBag from /home/airflow/.local/lib/python3.8/site-packages/airflow/example_dags/example_kubernetes_executor.py
[2026-06-16T01:09:04.257+0000] {processor.py:840} INFO - DAG(s) 'example_kubernetes_executor' retrieved from /home/airflow/.local/lib/python3.8/site-packages/airflow/example_dags/example_kubernetes_executor.py
[2026-06-16T01:09:04.550+0000] {logging_mixin.py:188} INFO - [2026-06-16T01:09:04.549+0000] {dag.py:3036} INFO - Sync 1 DAGs
[2026-06-16T01:09:04.637+0000] {logging_mixin.py:188} INFO - [2026-06-16T01:09:04.637+0000] {dag.py:3823} INFO - Setting next_dagrun for example_kubernetes_executor to None, run_after=None
[2026-06-16T01:09:04.803+0000] {processor.py:183} INFO - Processing /home/airflow/.local/lib/python3.8/site-packages/airflow/example_dags/example_kubernetes_executor.py took 0.718 seconds
[2026-06-16T01:09:36.487+0000] {processor.py:161} INFO - Started process (PID=217) to work on /home/airflow/.local/lib/python3.8/site-packages/airflow/example_dags/example_kubernetes_executor.py
[2026-06-16T01:09:36.494+0000] {processor.py:830} INFO - Processing file /home/airflow/.local/lib/python3.8/site-packages/airflow/example_dags/example_kubernetes_executor.py for tasks to queue
[2026-06-16T01:09:36.501+0000] {logging_mixin.py:188} INFO - [2026-06-16T01:09:36.500+0000] {dagbag.py:538} INFO - Filling up the DagBag from /home/airflow/.local/lib/python3.8/site-packages/airflow/example_dags/example_kubernetes_executor.py
[2026-06-16T01:09:36.704+0000] {processor.py:840} INFO - DAG(s) 'example_kubernetes_executor' retrieved from /home/airflow/.local/lib/python3.8/site-packages/airflow/example_dags/example_kubernetes_executor.py
[2026-06-16T01:09:36.956+0000] {logging_mixin.py:188} INFO - [2026-06-16T01:09:36.955+0000] {dag.py:3036} INFO - Sync 1 DAGs
[2026-06-16T01:09:36.997+0000] {logging_mixin.py:188} INFO - [2026-06-16T01:09:36.996+0000] {dag.py:3823} INFO - Setting next_dagrun for example_kubernetes_executor to None, run_after=None
[2026-06-16T01:09:37.115+0000] {processor.py:183} INFO - Processing /home/airflow/.local/lib/python3.8/site-packages/airflow/example_dags/example_kubernetes_executor.py took 0.644 seconds
[2026-06-16T01:10:07.815+0000] {processor.py:161} INFO - Started process (PID=271) to work on /home/airflow/.local/lib/python3.8/site-packages/airflow/example_dags/example_kubernetes_executor.py
[2026-06-16T01:10:07.820+0000] {processor.py:830} INFO - Processing file /home/airflow/.local/lib/python3.8/site-packages/airflow/example_dags/example_kubernetes_executor.py for tasks to queue
[2026-06-16T01:10:07.830+0000] {logging_mixin.py:188} INFO - [2026-06-16T01:10:07.829+0000] {dagbag.py:538} INFO - Filling up the DagBag from /home/airflow/.local/lib/python3.8/site-packages/airflow/example_dags/example_kubernetes_executor.py
[2026-06-16T01:10:07.897+0000] {processor.py:840} INFO - DAG(s) 'example_kubernetes_executor' retrieved from /home/airflow/.local/lib/python3.8/site-packages/airflow/example_dags/example_kubernetes_executor.py
[2026-06-16T01:10:08.151+0000] {logging_mixin.py:188} INFO - [2026-06-16T01:10:08.150+0000] {dag.py:3036} INFO - Sync 1 DAGs
[2026-06-16T01:10:08.189+0000] {logging_mixin.py:188} INFO - [2026-06-16T01:10:08.187+0000] {dag.py:3823} INFO - Setting next_dagrun for example_kubernetes_executor to None, run_after=None
[2026-06-16T01:10:08.272+0000] {processor.py:183} INFO - Processing /home/airflow/.local/lib/python3.8/site-packages/airflow/example_dags/example_kubernetes_executor.py took 0.476 seconds
[2026-06-16T01:10:38.547+0000] {processor.py:161} INFO - Started process (PID=328) to work on /home/airflow/.local/lib/python3.8/site-packages/airflow/example_dags/example_kubernetes_executor.py
[2026-06-16T01:10:38.551+0000] {processor.py:830} INFO - Processing file /home/airflow/.local/lib/python3.8/site-packages/airflow/example_dags/example_kubernetes_executor.py for tasks to queue
[2026-06-16T01:10:38.561+0000] {logging_mixin.py:188} INFO - [2026-06-16T01:10:38.558+0000] {dagbag.py:538} INFO - Filling up the DagBag from /home/airflow/.local/lib/python3.8/site-packages/airflow/example_dags/example_kubernetes_executor.py
[2026-06-16T01:10:38.628+0000] {processor.py:840} INFO - DAG(s) 'example_kubernetes_executor' retrieved from /home/airflow/.local/lib/python3.8/site-packages/airflow/example_dags/example_kubernetes_executor.py
[2026-06-16T01:10:38.956+0000] {logging_mixin.py:188} INFO - [2026-06-16T01:10:38.953+0000] {dag.py:3036} INFO - Sync 1 DAGs
[2026-06-16T01:10:39.127+0000] {logging_mixin.py:188} INFO - [2026-06-16T01:10:39.126+0000] {dag.py:3823} INFO - Setting next_dagrun for example_kubernetes_executor to None, run_after=None
[2026-06-16T01:10:39.248+0000] {processor.py:183} INFO - Processing /home/airflow/.local/lib/python3.8/site-packages/airflow/example_dags/example_kubernetes_executor.py took 0.725 seconds
[2026-06-16T01:11:09.645+0000] {processor.py:161} INFO - Started process (PID=384) to work on /home/airflow/.local/lib/python3.8/site-packages/airflow/example_dags/example_kubernetes_executor.py
[2026-06-16T01:11:09.648+0000] {processor.py:830} INFO - Processing file /home/airflow/.local/lib/python3.8/site-packages/airflow/example_dags/example_kubernetes_executor.py for tasks to queue
[2026-06-16T01:11:09.653+0000] {logging_mixin.py:188} INFO - [2026-06-16T01:11:09.652+0000] {dagbag.py:538} INFO - Filling up the DagBag from /home/airflow/.local/lib/python3.8/site-packages/airflow/example_dags/example_kubernetes_executor.py
[2026-06-16T01:11:09.703+0000] {processor.py:840} INFO - DAG(s) 'example_kubernetes_executor' retrieved from /home/airflow/.local/lib/python3.8/site-packages/airflow/example_dags/example_kubernetes_executor.py
[2026-06-16T01:11:09.881+0000] {logging_mixin.py:188} INFO - [2026-06-16T01:11:09.881+0000] {dag.py:3036} INFO - Sync 1 DAGs
[2026-06-16T01:11:10.038+0000] {logging_mixin.py:188} INFO - [2026-06-16T01:11:10.025+0000] {dag.py:3823} INFO - Setting next_dagrun for example_kubernetes_executor to None, run_after=None
[2026-06-16T01:11:10.218+0000] {processor.py:183} INFO - Processing /home/airflow/.local/lib/python3.8/site-packages/airflow/example_dags/example_kubernetes_executor.py took 0.580 seconds
[2026-06-16T01:11:40.331+0000] {processor.py:161} INFO - Started process (PID=440) to work on /home/airflow/.local/lib/python3.8/site-packages/airflow/example_dags/example_kubernetes_executor.py
[2026-06-16T01:11:40.359+0000] {processor.py:830} INFO - Processing file /home/airflow/.local/lib/python3.8/site-packages/airflow/example_dags/example_kubernetes_executor.py for tasks to queue
[2026-06-16T01:11:40.429+0000] {logging_mixin.py:188} INFO - [2026-06-16T01:11:40.427+0000] {dagbag.py:538} INFO - Filling up the DagBag from /home/airflow/.local/lib/python3.8/site-packages/airflow/example_dags/example_kubernetes_executor.py
[2026-06-16T01:11:40.712+0000] {processor.py:840} INFO - DAG(s) 'example_kubernetes_executor' retrieved from /home/airflow/.local/lib/python3.8/site-packages/airflow/example_dags/example_kubernetes_executor.py
[2026-06-16T01:11:41.393+0000] {logging_mixin.py:188} INFO - [2026-06-16T01:11:41.392+0000] {dag.py:3036} INFO - Sync 1 DAGs
[2026-06-16T01:11:41.511+0000] {logging_mixin.py:188} INFO - [2026-06-16T01:11:41.510+0000] {dag.py:3823} INFO - Setting next_dagrun for example_kubernetes_executor to None, run_after=None
[2026-06-16T01:11:41.671+0000] {processor.py:183} INFO - Processing /home/airflow/.local/lib/python3.8/site-packages/airflow/example_dags/example_kubernetes_executor.py took 1.367 seconds
[2026-06-16T01:12:12.295+0000] {processor.py:161} INFO - Started process (PID=496) to work on /home/airflow/.local/lib/python3.8/site-packages/airflow/example_dags/example_kubernetes_executor.py
[2026-06-16T01:12:12.298+0000] {processor.py:830} INFO - Processing file /home/airflow/.local/lib/python3.8/site-packages/airflow/example_dags/example_kubernetes_executor.py for tasks to queue
[2026-06-16T01:12:12.314+0000] {logging_mixin.py:188} INFO - [2026-06-16T01:12:12.313+0000] {dagbag.py:538} INFO - Filling up the DagBag from /home/airflow/.local/lib/python3.8/site-packages/airflow/example_dags/example_kubernetes_executor.py
[2026-06-16T01:12:12.397+0000] {processor.py:840} INFO - DAG(s) 'example_kubernetes_executor' retrieved from /home/airflow/.local/lib/python3.8/site-packages/airflow/example_dags/example_kubernetes_executor.py
[2026-06-16T01:12:12.573+0000] {logging_mixin.py:188} INFO - [2026-06-16T01:12:12.572+0000] {dag.py:3036} INFO - Sync 1 DAGs
[2026-06-16T01:12:12.646+0000] {logging_mixin.py:188} INFO - [2026-06-16T01:12:12.642+0000] {dag.py:3823} INFO - Setting next_dagrun for example_kubernetes_executor to None, run_after=None
[2026-06-16T01:12:12.732+0000] {processor.py:183} INFO - Processing /home/airflow/.local/lib/python3.8/site-packages/airflow/example_dags/example_kubernetes_executor.py took 0.494 seconds
[2026-06-16T01:12:43.825+0000] {processor.py:161} INFO - Started process (PID=552) to work on /home/airflow/.local/lib/python3.8/site-packages/airflow/example_dags/example_kubernetes_executor.py
[2026-06-16T01:12:43.829+0000] {processor.py:830} INFO - Processing file /home/airflow/.local/lib/python3.8/site-packages/airflow/example_dags/example_kubernetes_executor.py for tasks to queue
[2026-06-16T01:12:43.836+0000] {logging_mixin.py:188} INFO - [2026-06-16T01:12:43.835+0000] {dagbag.py:538} INFO - Filling up the DagBag from /home/airflow/.local/lib/python3.8/site-packages/airflow/example_dags/example_kubernetes_executor.py
[2026-06-16T01:12:43.964+0000] {processor.py:840} INFO - DAG(s) 'example_kubernetes_executor' retrieved from /home/airflow/.local/lib/python3.8/site-packages/airflow/example_dags/example_kubernetes_executor.py
[2026-06-16T01:12:44.236+0000] {logging_mixin.py:188} INFO - [2026-06-16T01:12:44.230+0000] {dag.py:3036} INFO - Sync 1 DAGs
[2026-06-16T01:12:44.315+0000] {logging_mixin.py:188} INFO - [2026-06-16T01:12:44.314+0000] {dag.py:3823} INFO - Setting next_dagrun for example_kubernetes_executor to None, run_after=None
[2026-06-16T01:12:44.496+0000] {processor.py:183} INFO - Processing /home/airflow/.local/lib/python3.8/site-packages/airflow/example_dags/example_kubernetes_executor.py took 0.683 seconds
[2026-06-16T01:13:14.876+0000] {processor.py:161} INFO - Started process (PID=608) to work on /home/airflow/.local/lib/python3.8/site-packages/airflow/example_dags/example_kubernetes_executor.py
[2026-06-16T01:13:14.881+0000] {processor.py:830} INFO - Processing file /home/airflow/.local/lib/python3.8/site-packages/airflow/example_dags/example_kubernetes_executor.py for tasks to queue
[2026-06-16T01:13:14.900+0000] {logging_mixin.py:188} INFO - [2026-06-16T01:13:14.898+0000] {dagbag.py:538} INFO - Filling up the DagBag from /home/airflow/.local/lib/python3.8/site-packages/airflow/example_dags/example_kubernetes_executor.py
[2026-06-16T01:13:14.986+0000] {processor.py:840} INFO - DAG(s) 'example_kubernetes_executor' retrieved from /home/airflow/.local/lib/python3.8/site-packages/airflow/example_dags/example_kubernetes_executor.py
[2026-06-16T01:13:15.216+0000] {logging_mixin.py:188} INFO - [2026-06-16T01:13:15.215+0000] {dag.py:3036} INFO - Sync 1 DAGs
[2026-06-16T01:13:15.424+0000] {logging_mixin.py:188} INFO - [2026-06-16T01:13:15.412+0000] {dag.py:3823} INFO - Setting next_dagrun for example_kubernetes_executor to None, run_after=None
[2026-06-16T01:13:15.600+0000] {processor.py:183} INFO - Processing /home/airflow/.local/lib/python3.8/site-packages/airflow/example_dags/example_kubernetes_executor.py took 0.743 seconds
[2026-06-16T01:13:46.162+0000] {processor.py:161} INFO - Started process (PID=663) to work on /home/airflow/.local/lib/python3.8/site-packages/airflow/example_dags/example_kubernetes_executor.py
[2026-06-16T01:13:46.164+0000] {processor.py:830} INFO - Processing file /home/airflow/.local/lib/python3.8/site-packages/airflow/example_dags/example_kubernetes_executor.py for tasks to queue
[2026-06-16T01:13:46.173+0000] {logging_mixin.py:188} INFO - [2026-06-16T01:13:46.172+0000] {dagbag.py:538} INFO - Filling up the DagBag from /home/airflow/.local/lib/python3.8/site-packages/airflow/example_dags/example_kubernetes_executor.py
[2026-06-16T01:13:46.219+0000] {processor.py:840} INFO - DAG(s) 'example_kubernetes_executor' retrieved from /home/airflow/.local/lib/python3.8/site-packages/airflow/example_dags/example_kubernetes_executor.py
[2026-06-16T01:13:46.379+0000] {logging_mixin.py:188} INFO - [2026-06-16T01:13:46.378+0000] {dag.py:3036} INFO - Sync 1 DAGs
[2026-06-16T01:13:46.450+0000] {logging_mixin.py:188} INFO - [2026-06-16T01:13:46.449+0000] {dag.py:3823} INFO - Setting next_dagrun for example_kubernetes_executor to None, run_after=None
[2026-06-16T01:13:46.529+0000] {processor.py:183} INFO - Processing /home/airflow/.local/lib/python3.8/site-packages/airflow/example_dags/example_kubernetes_executor.py took 0.375 seconds
[2026-06-16T01:14:17.019+0000] {processor.py:161} INFO - Started process (PID=718) to work on /home/airflow/.local/lib/python3.8/site-packages/airflow/example_dags/example_kubernetes_executor.py
[2026-06-16T01:14:17.024+0000] {processor.py:830} INFO - Processing file /home/airflow/.local/lib/python3.8/site-packages/airflow/example_dags/example_kubernetes_executor.py for tasks to queue
[2026-06-16T01:14:17.037+0000] {logging_mixin.py:188} INFO - [2026-06-16T01:14:17.035+0000] {dagbag.py:538} INFO - Filling up the DagBag from /home/airflow/.local/lib/python3.8/site-packages/airflow/example_dags/example_kubernetes_executor.py
[2026-06-16T01:14:17.121+0000] {processor.py:840} INFO - DAG(s) 'example_kubernetes_executor' retrieved from /home/airflow/.local/lib/python3.8/site-packages/airflow/example_dags/example_kubernetes_executor.py
[2026-06-16T01:14:17.310+0000] {logging_mixin.py:188} INFO - [2026-06-16T01:14:17.309+0000] {dag.py:3036} INFO - Sync 1 DAGs
[2026-06-16T01:14:17.370+0000] {logging_mixin.py:188} INFO - [2026-06-16T01:14:17.369+0000] {dag.py:3823} INFO - Setting next_dagrun for example_kubernetes_executor to None, run_after=None
[2026-06-16T01:14:17.454+0000] {processor.py:183} INFO - Processing /home/airflow/.local/lib/python3.8/site-packages/airflow/example_dags/example_kubernetes_executor.py took 0.450 seconds
[2026-06-16T01:14:47.552+0000] {processor.py:161} INFO - Started process (PID=774) to work on /home/airflow/.local/lib/python3.8/site-packages/airflow/example_dags/example_kubernetes_executor.py
[2026-06-16T01:14:47.556+0000] {processor.py:830} INFO - Processing file /home/airflow/.local/lib/python3.8/site-packages/airflow/example_dags/example_kubernetes_executor.py for tasks to queue
[2026-06-16T01:14:47.564+0000] {logging_mixin.py:188} INFO - [2026-06-16T01:14:47.563+0000] {dagbag.py:538} INFO - Filling up the DagBag from /home/airflow/.local/lib/python3.8/site-packages/airflow/example_dags/example_kubernetes_executor.py
[2026-06-16T01:14:47.628+0000] {processor.py:840} INFO - DAG(s) 'example_kubernetes_executor' retrieved from /home/airflow/.local/lib/python3.8/site-packages/airflow/example_dags/example_kubernetes_executor.py
[2026-06-16T01:14:47.908+0000] {logging_mixin.py:188} INFO - [2026-06-16T01:14:47.907+0000] {dag.py:3036} INFO - Sync 1 DAGs
[2026-06-16T01:14:47.984+0000] {logging_mixin.py:188} INFO - [2026-06-16T01:14:47.984+0000] {dag.py:3823} INFO - Setting next_dagrun for example_kubernetes_executor to None, run_after=None
[2026-06-16T01:14:48.059+0000] {processor.py:183} INFO - Processing /home/airflow/.local/lib/python3.8/site-packages/airflow/example_dags/example_kubernetes_executor.py took 0.518 seconds
[2026-06-16T01:15:18.544+0000] {processor.py:161} INFO - Started process (PID=830) to work on /home/airflow/.local/lib/python3.8/site-packages/airflow/example_dags/example_kubernetes_executor.py
[2026-06-16T01:15:18.546+0000] {processor.py:830} INFO - Processing file /home/airflow/.local/lib/python3.8/site-packages/airflow/example_dags/example_kubernetes_executor.py for tasks to queue
[2026-06-16T01:15:18.551+0000] {logging_mixin.py:188} INFO - [2026-06-16T01:15:18.550+0000] {dagbag.py:538} INFO - Filling up the DagBag from /home/airflow/.local/lib/python3.8/site-packages/airflow/example_dags/example_kubernetes_executor.py
[2026-06-16T01:15:18.613+0000] {processor.py:840} INFO - DAG(s) 'example_kubernetes_executor' retrieved from /home/airflow/.local/lib/python3.8/site-packages/airflow/example_dags/example_kubernetes_executor.py
[2026-06-16T01:15:18.764+0000] {logging_mixin.py:188} INFO - [2026-06-16T01:15:18.763+0000] {dag.py:3036} INFO - Sync 1 DAGs
[2026-06-16T01:15:18.820+0000] {logging_mixin.py:188} INFO - [2026-06-16T01:15:18.819+0000] {dag.py:3823} INFO - Setting next_dagrun for example_kubernetes_executor to None, run_after=None
[2026-06-16T01:15:18.935+0000] {processor.py:183} INFO - Processing /home/airflow/.local/lib/python3.8/site-packages/airflow/example_dags/example_kubernetes_executor.py took 0.405 seconds
[2026-06-16T01:15:51.709+0000] {processor.py:161} INFO - Started process (PID=886) to work on /home/airflow/.local/lib/python3.8/site-packages/airflow/example_dags/example_kubernetes_executor.py
[2026-06-16T01:15:51.713+0000] {processor.py:830} INFO - Processing file /home/airflow/.local/lib/python3.8/site-packages/airflow/example_dags/example_kubernetes_executor.py for tasks to queue
[2026-06-16T01:15:51.725+0000] {logging_mixin.py:188} INFO - [2026-06-16T01:15:51.725+0000] {dagbag.py:538} INFO - Filling up the DagBag from /home/airflow/.local/lib/python3.8/site-packages/airflow/example_dags/example_kubernetes_executor.py
[2026-06-16T01:15:51.856+0000] {processor.py:840} INFO - DAG(s) 'example_kubernetes_executor' retrieved from /home/airflow/.local/lib/python3.8/site-packages/airflow/example_dags/example_kubernetes_executor.py
[2026-06-16T01:15:52.124+0000] {logging_mixin.py:188} INFO - [2026-06-16T01:15:52.123+0000] {dag.py:3036} INFO - Sync 1 DAGs
[2026-06-16T01:15:52.177+0000] {logging_mixin.py:188} INFO - [2026-06-16T01:15:52.176+0000] {dag.py:3823} INFO - Setting next_dagrun for example_kubernetes_executor to None, run_after=None
[2026-06-16T01:15:52.266+0000] {processor.py:183} INFO - Processing /home/airflow/.local/lib/python3.8/site-packages/airflow/example_dags/example_kubernetes_executor.py took 0.578 seconds
[2026-06-16T01:16:23.086+0000] {processor.py:161} INFO - Started process (PID=941) to work on /home/airflow/.local/lib/python3.8/site-packages/airflow/example_dags/example_kubernetes_executor.py
[2026-06-16T01:16:23.095+0000] {processor.py:830} INFO - Processing file /home/airflow/.local/lib/python3.8/site-packages/airflow/example_dags/example_kubernetes_executor.py for tasks to queue
[2026-06-16T01:16:23.106+0000] {logging_mixin.py:188} INFO - [2026-06-16T01:16:23.105+0000] {dagbag.py:538} INFO - Filling up the DagBag from /home/airflow/.local/lib/python3.8/site-packages/airflow/example_dags/example_kubernetes_executor.py
[2026-06-16T01:16:23.297+0000] {processor.py:840} INFO - DAG(s) 'example_kubernetes_executor' retrieved from /home/airflow/.local/lib/python3.8/site-packages/airflow/example_dags/example_kubernetes_executor.py
[2026-06-16T01:16:23.773+0000] {logging_mixin.py:188} INFO - [2026-06-16T01:16:23.771+0000] {dag.py:3036} INFO - Sync 1 DAGs
[2026-06-16T01:16:23.867+0000] {logging_mixin.py:188} INFO - [2026-06-16T01:16:23.867+0000] {dag.py:3823} INFO - Setting next_dagrun for example_kubernetes_executor to None, run_after=None
[2026-06-16T01:16:23.935+0000] {processor.py:183} INFO - Processing /home/airflow/.local/lib/python3.8/site-packages/airflow/example_dags/example_kubernetes_executor.py took 0.860 seconds
[2026-06-16T01:16:55.449+0000] {processor.py:161} INFO - Started process (PID=995) to work on /home/airflow/.local/lib/python3.8/site-packages/airflow/example_dags/example_kubernetes_executor.py
[2026-06-16T01:16:55.456+0000] {processor.py:830} INFO - Processing file /home/airflow/.local/lib/python3.8/site-packages/airflow/example_dags/example_kubernetes_executor.py for tasks to queue
[2026-06-16T01:16:55.496+0000] {logging_mixin.py:188} INFO - [2026-06-16T01:16:55.495+0000] {dagbag.py:538} INFO - Filling up the DagBag from /home/airflow/.local/lib/python3.8/site-packages/airflow/example_dags/example_kubernetes_executor.py
[2026-06-16T01:16:55.737+0000] {processor.py:840} INFO - DAG(s) 'example_kubernetes_executor' retrieved from /home/airflow/.local/lib/python3.8/site-packages/airflow/example_dags/example_kubernetes_executor.py
[2026-06-16T01:16:56.454+0000] {logging_mixin.py:188} INFO - [2026-06-16T01:16:56.453+0000] {dag.py:3036} INFO - Sync 1 DAGs
[2026-06-16T01:16:56.776+0000] {logging_mixin.py:188} INFO - [2026-06-16T01:16:56.776+0000] {dag.py:3823} INFO - Setting next_dagrun for example_kubernetes_executor to None, run_after=None
[2026-06-16T01:16:56.953+0000] {processor.py:183} INFO - Processing /home/airflow/.local/lib/python3.8/site-packages/airflow/example_dags/example_kubernetes_executor.py took 1.523 seconds
[2026-06-16T01:17:28.162+0000] {processor.py:161} INFO - Started process (PID=1050) to work on /home/airflow/.local/lib/python3.8/site-packages/airflow/example_dags/example_kubernetes_executor.py
[2026-06-16T01:17:28.165+0000] {processor.py:830} INFO - Processing file /home/airflow/.local/lib/python3.8/site-packages/airflow/example_dags/example_kubernetes_executor.py for tasks to queue
[2026-06-16T01:17:28.171+0000] {logging_mixin.py:188} INFO - [2026-06-16T01:17:28.170+0000] {dagbag.py:538} INFO - Filling up the DagBag from /home/airflow/.local/lib/python3.8/site-packages/airflow/example_dags/example_kubernetes_executor.py
[2026-06-16T01:17:28.224+0000] {processor.py:840} INFO - DAG(s) 'example_kubernetes_executor' retrieved from /home/airflow/.local/lib/python3.8/site-packages/airflow/example_dags/example_kubernetes_executor.py
[2026-06-16T01:17:28.416+0000] {logging_mixin.py:188} INFO - [2026-06-16T01:17:28.415+0000] {dag.py:3036} INFO - Sync 1 DAGs
[2026-06-16T01:17:28.479+0000] {logging_mixin.py:188} INFO - [2026-06-16T01:17:28.478+0000] {dag.py:3823} INFO - Setting next_dagrun for example_kubernetes_executor to None, run_after=None
[2026-06-16T01:17:28.572+0000] {processor.py:183} INFO - Processing /home/airflow/.local/lib/python3.8/site-packages/airflow/example_dags/example_kubernetes_executor.py took 0.422 seconds
[2026-06-16T01:17:59.559+0000] {processor.py:161} INFO - Started process (PID=1106) to work on /home/airflow/.local/lib/python3.8/site-packages/airflow/example_dags/example_kubernetes_executor.py
[2026-06-16T01:17:59.564+0000] {processor.py:830} INFO - Processing file /home/airflow/.local/lib/python3.8/site-packages/airflow/example_dags/example_kubernetes_executor.py for tasks to queue
[2026-06-16T01:17:59.573+0000] {logging_mixin.py:188} INFO - [2026-06-16T01:17:59.571+0000] {dagbag.py:538} INFO - Filling up the DagBag from /home/airflow/.local/lib/python3.8/site-packages/airflow/example_dags/example_kubernetes_executor.py
[2026-06-16T01:17:59.651+0000] {processor.py:840} INFO - DAG(s) 'example_kubernetes_executor' retrieved from /home/airflow/.local/lib/python3.8/site-packages/airflow/example_dags/example_kubernetes_executor.py
[2026-06-16T01:17:59.835+0000] {logging_mixin.py:188} INFO - [2026-06-16T01:17:59.835+0000] {dag.py:3036} INFO - Sync 1 DAGs
[2026-06-16T01:17:59.903+0000] {logging_mixin.py:188} INFO - [2026-06-16T01:17:59.902+0000] {dag.py:3823} INFO - Setting next_dagrun for example_kubernetes_executor to None, run_after=None
[2026-06-16T01:18:00.217+0000] {processor.py:183} INFO - Processing /home/airflow/.local/lib/python3.8/site-packages/airflow/example_dags/example_kubernetes_executor.py took 0.670 seconds
[2026-06-16T01:18:30.809+0000] {processor.py:161} INFO - Started process (PID=1162) to work on /home/airflow/.local/lib/python3.8/site-packages/airflow/example_dags/example_kubernetes_executor.py
[2026-06-16T01:18:30.812+0000] {processor.py:830} INFO - Processing file /home/airflow/.local/lib/python3.8/site-packages/airflow/example_dags/example_kubernetes_executor.py for tasks to queue
[2026-06-16T01:18:30.819+0000] {logging_mixin.py:188} INFO - [2026-06-16T01:18:30.818+0000] {dagbag.py:538} INFO - Filling up the DagBag from /home/airflow/.local/lib/python3.8/site-packages/airflow/example_dags/example_kubernetes_executor.py
[2026-06-16T01:18:30.891+0000] {processor.py:840} INFO - DAG(s) 'example_kubernetes_executor' retrieved from /home/airflow/.local/lib/python3.8/site-packages/airflow/example_dags/example_kubernetes_executor.py
[2026-06-16T01:18:31.061+0000] {logging_mixin.py:188} INFO - [2026-06-16T01:18:31.060+0000] {dag.py:3036} INFO - Sync 1 DAGs
[2026-06-16T01:18:31.104+0000] {logging_mixin.py:188} INFO - [2026-06-16T01:18:31.099+0000] {dag.py:3823} INFO - Setting next_dagrun for example_kubernetes_executor to None, run_after=None
[2026-06-16T01:18:31.223+0000] {processor.py:183} INFO - Processing /home/airflow/.local/lib/python3.8/site-packages/airflow/example_dags/example_kubernetes_executor.py took 0.427 seconds
[2026-06-16T01:19:01.936+0000] {processor.py:161} INFO - Started process (PID=1219) to work on /home/airflow/.local/lib/python3.8/site-packages/airflow/example_dags/example_kubernetes_executor.py
[2026-06-16T01:19:01.939+0000] {processor.py:830} INFO - Processing file /home/airflow/.local/lib/python3.8/site-packages/airflow/example_dags/example_kubernetes_executor.py for tasks to queue
[2026-06-16T01:19:01.945+0000] {logging_mixin.py:188} INFO - [2026-06-16T01:19:01.944+0000] {dagbag.py:538} INFO - Filling up the DagBag from /home/airflow/.local/lib/python3.8/site-packages/airflow/example_dags/example_kubernetes_executor.py
[2026-06-16T01:19:02.019+0000] {processor.py:840} INFO - DAG(s) 'example_kubernetes_executor' retrieved from /home/airflow/.local/lib/python3.8/site-packages/airflow/example_dags/example_kubernetes_executor.py
[2026-06-16T01:19:02.364+0000] {logging_mixin.py:188} INFO - [2026-06-16T01:19:02.361+0000] {dag.py:3036} INFO - Sync 1 DAGs
[2026-06-16T01:19:02.434+0000] {logging_mixin.py:188} INFO - [2026-06-16T01:19:02.429+0000] {dag.py:3823} INFO - Setting next_dagrun for example_kubernetes_executor to None, run_after=None
[2026-06-16T01:19:02.561+0000] {processor.py:183} INFO - Processing /home/airflow/.local/lib/python3.8/site-packages/airflow/example_dags/example_kubernetes_executor.py took 0.643 seconds
[2026-06-16T01:19:32.656+0000] {processor.py:161} INFO - Started process (PID=1275) to work on /home/airflow/.local/lib/python3.8/site-packages/airflow/example_dags/example_kubernetes_executor.py
[2026-06-16T01:19:32.660+0000] {processor.py:830} INFO - Processing file /home/airflow/.local/lib/python3.8/site-packages/airflow/example_dags/example_kubernetes_executor.py for tasks to queue
[2026-06-16T01:19:32.669+0000] {logging_mixin.py:188} INFO - [2026-06-16T01:19:32.668+0000] {dagbag.py:538} INFO - Filling up the DagBag from /home/airflow/.local/lib/python3.8/site-packages/airflow/example_dags/example_kubernetes_executor.py
[2026-06-16T01:19:32.772+0000] {processor.py:840} INFO - DAG(s) 'example_kubernetes_executor' retrieved from /home/airflow/.local/lib/python3.8/site-packages/airflow/example_dags/example_kubernetes_executor.py
[2026-06-16T01:19:32.993+0000] {logging_mixin.py:188} INFO - [2026-06-16T01:19:32.992+0000] {dag.py:3036} INFO - Sync 1 DAGs
[2026-06-16T01:19:33.075+0000] {logging_mixin.py:188} INFO - [2026-06-16T01:19:33.075+0000] {dag.py:3823} INFO - Setting next_dagrun for example_kubernetes_executor to None, run_after=None
[2026-06-16T01:19:33.133+0000] {processor.py:183} INFO - Processing /home/airflow/.local/lib/python3.8/site-packages/airflow/example_dags/example_kubernetes_executor.py took 0.490 seconds
[2026-06-16T01:20:03.589+0000] {processor.py:161} INFO - Started process (PID=1332) to work on /home/airflow/.local/lib/python3.8/site-packages/airflow/example_dags/example_kubernetes_executor.py
[2026-06-16T01:20:03.592+0000] {processor.py:830} INFO - Processing file /home/airflow/.local/lib/python3.8/site-packages/airflow/example_dags/example_kubernetes_executor.py for tasks to queue
[2026-06-16T01:20:03.599+0000] {logging_mixin.py:188} INFO - [2026-06-16T01:20:03.597+0000] {dagbag.py:538} INFO - Filling up the DagBag from /home/airflow/.local/lib/python3.8/site-packages/airflow/example_dags/example_kubernetes_executor.py
[2026-06-16T01:20:03.658+0000] {processor.py:840} INFO - DAG(s) 'example_kubernetes_executor' retrieved from /home/airflow/.local/lib/python3.8/site-packages/airflow/example_dags/example_kubernetes_executor.py
[2026-06-16T01:20:03.817+0000] {logging_mixin.py:188} INFO - [2026-06-16T01:20:03.816+0000] {dag.py:3036} INFO - Sync 1 DAGs
[2026-06-16T01:20:03.868+0000] {logging_mixin.py:188} INFO - [2026-06-16T01:20:03.867+0000] {dag.py:3823} INFO - Setting next_dagrun for example_kubernetes_executor to None, run_after=None
[2026-06-16T01:20:03.958+0000] {processor.py:183} INFO - Processing /home/airflow/.local/lib/python3.8/site-packages/airflow/example_dags/example_kubernetes_executor.py took 0.380 seconds
[2026-06-16T01:20:34.219+0000] {processor.py:161} INFO - Started process (PID=1388) to work on /home/airflow/.local/lib/python3.8/site-packages/airflow/example_dags/example_kubernetes_executor.py
[2026-06-16T01:20:34.223+0000] {processor.py:830} INFO - Processing file /home/airflow/.local/lib/python3.8/site-packages/airflow/example_dags/example_kubernetes_executor.py for tasks to queue
[2026-06-16T01:20:34.236+0000] {logging_mixin.py:188} INFO - [2026-06-16T01:20:34.235+0000] {dagbag.py:538} INFO - Filling up the DagBag from /home/airflow/.local/lib/python3.8/site-packages/airflow/example_dags/example_kubernetes_executor.py
[2026-06-16T01:20:34.337+0000] {processor.py:840} INFO - DAG(s) 'example_kubernetes_executor' retrieved from /home/airflow/.local/lib/python3.8/site-packages/airflow/example_dags/example_kubernetes_executor.py
[2026-06-16T01:20:34.489+0000] {logging_mixin.py:188} INFO - [2026-06-16T01:20:34.488+0000] {dag.py:3036} INFO - Sync 1 DAGs
[2026-06-16T01:20:34.563+0000] {logging_mixin.py:188} INFO - [2026-06-16T01:20:34.563+0000] {dag.py:3823} INFO - Setting next_dagrun for example_kubernetes_executor to None, run_after=None
[2026-06-16T01:20:34.644+0000] {processor.py:183} INFO - Processing /home/airflow/.local/lib/python3.8/site-packages/airflow/example_dags/example_kubernetes_executor.py took 0.440 seconds
[2026-06-16T01:21:05.811+0000] {processor.py:161} INFO - Started process (PID=1443) to work on /home/airflow/.local/lib/python3.8/site-packages/airflow/example_dags/example_kubernetes_executor.py
[2026-06-16T01:21:05.815+0000] {processor.py:830} INFO - Processing file /home/airflow/.local/lib/python3.8/site-packages/airflow/example_dags/example_kubernetes_executor.py for tasks to queue
[2026-06-16T01:21:05.825+0000] {logging_mixin.py:188} INFO - [2026-06-16T01:21:05.824+0000] {dagbag.py:538} INFO - Filling up the DagBag from /home/airflow/.local/lib/python3.8/site-packages/airflow/example_dags/example_kubernetes_executor.py
[2026-06-16T01:21:05.991+0000] {processor.py:840} INFO - DAG(s) 'example_kubernetes_executor' retrieved from /home/airflow/.local/lib/python3.8/site-packages/airflow/example_dags/example_kubernetes_executor.py
[2026-06-16T01:21:06.272+0000] {logging_mixin.py:188} INFO - [2026-06-16T01:21:06.271+0000] {dag.py:3036} INFO - Sync 1 DAGs
[2026-06-16T01:21:06.324+0000] {logging_mixin.py:188} INFO - [2026-06-16T01:21:06.324+0000] {dag.py:3823} INFO - Setting next_dagrun for example_kubernetes_executor to None, run_after=None
[2026-06-16T01:21:06.582+0000] {processor.py:183} INFO - Processing /home/airflow/.local/lib/python3.8/site-packages/airflow/example_dags/example_kubernetes_executor.py took 0.780 seconds
[2026-06-16T01:21:37.478+0000] {processor.py:161} INFO - Started process (PID=1499) to work on /home/airflow/.local/lib/python3.8/site-packages/airflow/example_dags/example_kubernetes_executor.py
[2026-06-16T01:21:37.483+0000] {processor.py:830} INFO - Processing file /home/airflow/.local/lib/python3.8/site-packages/airflow/example_dags/example_kubernetes_executor.py for tasks to queue
[2026-06-16T01:21:37.492+0000] {logging_mixin.py:188} INFO - [2026-06-16T01:21:37.491+0000] {dagbag.py:538} INFO - Filling up the DagBag from /home/airflow/.local/lib/python3.8/site-packages/airflow/example_dags/example_kubernetes_executor.py
[2026-06-16T01:21:37.560+0000] {processor.py:840} INFO - DAG(s) 'example_kubernetes_executor' retrieved from /home/airflow/.local/lib/python3.8/site-packages/airflow/example_dags/example_kubernetes_executor.py
[2026-06-16T01:21:37.758+0000] {logging_mixin.py:188} INFO - [2026-06-16T01:21:37.756+0000] {dag.py:3036} INFO - Sync 1 DAGs
[2026-06-16T01:21:37.867+0000] {logging_mixin.py:188} INFO - [2026-06-16T01:21:37.866+0000] {dag.py:3823} INFO - Setting next_dagrun for example_kubernetes_executor to None, run_after=None
[2026-06-16T01:21:37.971+0000] {processor.py:183} INFO - Processing /home/airflow/.local/lib/python3.8/site-packages/airflow/example_dags/example_kubernetes_executor.py took 0.509 seconds
[2026-06-16T01:22:09.095+0000] {processor.py:161} INFO - Started process (PID=1553) to work on /home/airflow/.local/lib/python3.8/site-packages/airflow/example_dags/example_kubernetes_executor.py
[2026-06-16T01:22:09.100+0000] {processor.py:830} INFO - Processing file /home/airflow/.local/lib/python3.8/site-packages/airflow/example_dags/example_kubernetes_executor.py for tasks to queue
[2026-06-16T01:22:09.112+0000] {logging_mixin.py:188} INFO - [2026-06-16T01:22:09.111+0000] {dagbag.py:538} INFO - Filling up the DagBag from /home/airflow/.local/lib/python3.8/site-packages/airflow/example_dags/example_kubernetes_executor.py
[2026-06-16T01:22:09.196+0000] {processor.py:840} INFO - DAG(s) 'example_kubernetes_executor' retrieved from /home/airflow/.local/lib/python3.8/site-packages/airflow/example_dags/example_kubernetes_executor.py
[2026-06-16T01:22:09.409+0000] {logging_mixin.py:188} INFO - [2026-06-16T01:22:09.405+0000] {dag.py:3036} INFO - Sync 1 DAGs
[2026-06-16T01:22:09.472+0000] {logging_mixin.py:188} INFO - [2026-06-16T01:22:09.471+0000] {dag.py:3823} INFO - Setting next_dagrun for example_kubernetes_executor to None, run_after=None
[2026-06-16T01:22:09.556+0000] {processor.py:183} INFO - Processing /home/airflow/.local/lib/python3.8/site-packages/airflow/example_dags/example_kubernetes_executor.py took 0.476 seconds
[2026-06-16T01:22:41.678+0000] {processor.py:161} INFO - Started process (PID=1608) to work on /home/airflow/.local/lib/python3.8/site-packages/airflow/example_dags/example_kubernetes_executor.py
[2026-06-16T01:22:41.681+0000] {processor.py:830} INFO - Processing file /home/airflow/.local/lib/python3.8/site-packages/airflow/example_dags/example_kubernetes_executor.py for tasks to queue
[2026-06-16T01:22:41.688+0000] {logging_mixin.py:188} INFO - [2026-06-16T01:22:41.687+0000] {dagbag.py:538} INFO - Filling up the DagBag from /home/airflow/.local/lib/python3.8/site-packages/airflow/example_dags/example_kubernetes_executor.py
[2026-06-16T01:22:41.756+0000] {processor.py:840} INFO - DAG(s) 'example_kubernetes_executor' retrieved from /home/airflow/.local/lib/python3.8/site-packages/airflow/example_dags/example_kubernetes_executor.py
[2026-06-16T01:22:41.960+0000] {logging_mixin.py:188} INFO - [2026-06-16T01:22:41.951+0000] {dag.py:3036} INFO - Sync 1 DAGs
[2026-06-16T01:22:42.012+0000] {logging_mixin.py:188} INFO - [2026-06-16T01:22:42.011+0000] {dag.py:3823} INFO - Setting next_dagrun for example_kubernetes_executor to None, run_after=None
[2026-06-16T01:22:42.109+0000] {processor.py:183} INFO - Processing /home/airflow/.local/lib/python3.8/site-packages/airflow/example_dags/example_kubernetes_executor.py took 0.443 seconds
[2026-06-16T01:23:16.344+0000] {processor.py:161} INFO - Started process (PID=1664) to work on /home/airflow/.local/lib/python3.8/site-packages/airflow/example_dags/example_kubernetes_executor.py
[2026-06-16T01:23:16.348+0000] {processor.py:830} INFO - Processing file /home/airflow/.local/lib/python3.8/site-packages/airflow/example_dags/example_kubernetes_executor.py for tasks to queue
[2026-06-16T01:23:16.354+0000] {logging_mixin.py:188} INFO - [2026-06-16T01:23:16.352+0000] {dagbag.py:538} INFO - Filling up the DagBag from /home/airflow/.local/lib/python3.8/site-packages/airflow/example_dags/example_kubernetes_executor.py
[2026-06-16T01:23:16.541+0000] {processor.py:840} INFO - DAG(s) 'example_kubernetes_executor' retrieved from /home/airflow/.local/lib/python3.8/site-packages/airflow/example_dags/example_kubernetes_executor.py
[2026-06-16T01:23:16.825+0000] {logging_mixin.py:188} INFO - [2026-06-16T01:23:16.825+0000] {dag.py:3036} INFO - Sync 1 DAGs
[2026-06-16T01:23:16.907+0000] {logging_mixin.py:188} INFO - [2026-06-16T01:23:16.907+0000] {dag.py:3823} INFO - Setting next_dagrun for example_kubernetes_executor to None, run_after=None
[2026-06-16T01:23:17.007+0000] {processor.py:183} INFO - Processing /home/airflow/.local/lib/python3.8/site-packages/airflow/example_dags/example_kubernetes_executor.py took 0.676 seconds
[2026-06-16T01:23:52.288+0000] {processor.py:161} INFO - Started process (PID=1725) to work on /home/airflow/.local/lib/python3.8/site-packages/airflow/example_dags/example_kubernetes_executor.py
[2026-06-16T01:23:52.291+0000] {processor.py:830} INFO - Processing file /home/airflow/.local/lib/python3.8/site-packages/airflow/example_dags/example_kubernetes_executor.py for tasks to queue
[2026-06-16T01:23:52.297+0000] {logging_mixin.py:188} INFO - [2026-06-16T01:23:52.296+0000] {dagbag.py:538} INFO - Filling up the DagBag from /home/airflow/.local/lib/python3.8/site-packages/airflow/example_dags/example_kubernetes_executor.py
[2026-06-16T01:23:52.357+0000] {processor.py:840} INFO - DAG(s) 'example_kubernetes_executor' retrieved from /home/airflow/.local/lib/python3.8/site-packages/airflow/example_dags/example_kubernetes_executor.py
[2026-06-16T01:23:52.516+0000] {logging_mixin.py:188} INFO - [2026-06-16T01:23:52.515+0000] {dag.py:3036} INFO - Sync 1 DAGs
[2026-06-16T01:23:52.557+0000] {logging_mixin.py:188} INFO - [2026-06-16T01:23:52.557+0000] {dag.py:3823} INFO - Setting next_dagrun for example_kubernetes_executor to None, run_after=None
[2026-06-16T01:23:52.621+0000] {processor.py:183} INFO - Processing /home/airflow/.local/lib/python3.8/site-packages/airflow/example_dags/example_kubernetes_executor.py took 0.344 seconds
[2026-06-16T01:24:23.348+0000] {processor.py:161} INFO - Started process (PID=1781) to work on /home/airflow/.local/lib/python3.8/site-packages/airflow/example_dags/example_kubernetes_executor.py
[2026-06-16T01:24:23.351+0000] {processor.py:830} INFO - Processing file /home/airflow/.local/lib/python3.8/site-packages/airflow/example_dags/example_kubernetes_executor.py for tasks to queue
[2026-06-16T01:24:23.366+0000] {logging_mixin.py:188} INFO - [2026-06-16T01:24:23.365+0000] {dagbag.py:538} INFO - Filling up the DagBag from /home/airflow/.local/lib/python3.8/site-packages/airflow/example_dags/example_kubernetes_executor.py
[2026-06-16T01:24:23.460+0000] {processor.py:840} INFO - DAG(s) 'example_kubernetes_executor' retrieved from /home/airflow/.local/lib/python3.8/site-packages/airflow/example_dags/example_kubernetes_executor.py
[2026-06-16T01:24:23.627+0000] {logging_mixin.py:188} INFO - [2026-06-16T01:24:23.625+0000] {dag.py:3036} INFO - Sync 1 DAGs
[2026-06-16T01:24:23.679+0000] {logging_mixin.py:188} INFO - [2026-06-16T01:24:23.678+0000] {dag.py:3823} INFO - Setting next_dagrun for example_kubernetes_executor to None, run_after=None
[2026-06-16T01:24:23.753+0000] {processor.py:183} INFO - Processing /home/airflow/.local/lib/python3.8/site-packages/airflow/example_dags/example_kubernetes_executor.py took 0.419 seconds
[2026-06-16T01:24:54.141+0000] {processor.py:161} INFO - Started process (PID=1835) to work on /home/airflow/.local/lib/python3.8/site-packages/airflow/example_dags/example_kubernetes_executor.py
[2026-06-16T01:24:54.144+0000] {processor.py:830} INFO - Processing file /home/airflow/.local/lib/python3.8/site-packages/airflow/example_dags/example_kubernetes_executor.py for tasks to queue
[2026-06-16T01:24:54.149+0000] {logging_mixin.py:188} INFO - [2026-06-16T01:24:54.148+0000] {dagbag.py:538} INFO - Filling up the DagBag from /home/airflow/.local/lib/python3.8/site-packages/airflow/example_dags/example_kubernetes_executor.py
[2026-06-16T01:24:54.193+0000] {processor.py:840} INFO - DAG(s) 'example_kubernetes_executor' retrieved from /home/airflow/.local/lib/python3.8/site-packages/airflow/example_dags/example_kubernetes_executor.py
[2026-06-16T01:24:54.301+0000] {logging_mixin.py:188} INFO - [2026-06-16T01:24:54.301+0000] {dag.py:3036} INFO - Sync 1 DAGs
[2026-06-16T01:24:54.336+0000] {logging_mixin.py:188} INFO - [2026-06-16T01:24:54.335+0000] {dag.py:3823} INFO - Setting next_dagrun for example_kubernetes_executor to None, run_after=None
[2026-06-16T01:24:54.384+0000] {processor.py:183} INFO - Processing /home/airflow/.local/lib/python3.8/site-packages/airflow/example_dags/example_kubernetes_executor.py took 0.252 seconds
[2026-06-16T01:25:24.515+0000] {processor.py:161} INFO - Started process (PID=1891) to work on /home/airflow/.local/lib/python3.8/site-packages/airflow/example_dags/example_kubernetes_executor.py
[2026-06-16T01:25:24.518+0000] {processor.py:830} INFO - Processing file /home/airflow/.local/lib/python3.8/site-packages/airflow/example_dags/example_kubernetes_executor.py for tasks to queue
[2026-06-16T01:25:24.524+0000] {logging_mixin.py:188} INFO - [2026-06-16T01:25:24.523+0000] {dagbag.py:538} INFO - Filling up the DagBag from /home/airflow/.local/lib/python3.8/site-packages/airflow/example_dags/example_kubernetes_executor.py
[2026-06-16T01:25:24.575+0000] {processor.py:840} INFO - DAG(s) 'example_kubernetes_executor' retrieved from /home/airflow/.local/lib/python3.8/site-packages/airflow/example_dags/example_kubernetes_executor.py
[2026-06-16T01:25:24.679+0000] {logging_mixin.py:188} INFO - [2026-06-16T01:25:24.678+0000] {dag.py:3036} INFO - Sync 1 DAGs
[2026-06-16T01:25:24.714+0000] {logging_mixin.py:188} INFO - [2026-06-16T01:25:24.713+0000] {dag.py:3823} INFO - Setting next_dagrun for example_kubernetes_executor to None, run_after=None
[2026-06-16T01:25:24.771+0000] {processor.py:183} INFO - Processing /home/airflow/.local/lib/python3.8/site-packages/airflow/example_dags/example_kubernetes_executor.py took 0.266 seconds
[2026-06-16T01:25:55.025+0000] {processor.py:161} INFO - Started process (PID=1947) to work on /home/airflow/.local/lib/python3.8/site-packages/airflow/example_dags/example_kubernetes_executor.py
[2026-06-16T01:25:55.028+0000] {processor.py:830} INFO - Processing file /home/airflow/.local/lib/python3.8/site-packages/airflow/example_dags/example_kubernetes_executor.py for tasks to queue
[2026-06-16T01:25:55.034+0000] {logging_mixin.py:188} INFO - [2026-06-16T01:25:55.033+0000] {dagbag.py:538} INFO - Filling up the DagBag from /home/airflow/.local/lib/python3.8/site-packages/airflow/example_dags/example_kubernetes_executor.py
[2026-06-16T01:25:55.078+0000] {processor.py:840} INFO - DAG(s) 'example_kubernetes_executor' retrieved from /home/airflow/.local/lib/python3.8/site-packages/airflow/example_dags/example_kubernetes_executor.py
[2026-06-16T01:25:55.180+0000] {logging_mixin.py:188} INFO - [2026-06-16T01:25:55.180+0000] {dag.py:3036} INFO - Sync 1 DAGs
[2026-06-16T01:25:55.219+0000] {logging_mixin.py:188} INFO - [2026-06-16T01:25:55.218+0000] {dag.py:3823} INFO - Setting next_dagrun for example_kubernetes_executor to None, run_after=None
[2026-06-16T01:25:55.266+0000] {processor.py:183} INFO - Processing /home/airflow/.local/lib/python3.8/site-packages/airflow/example_dags/example_kubernetes_executor.py took 0.249 seconds
[2026-06-16T01:26:25.701+0000] {processor.py:161} INFO - Started process (PID=2003) to work on /home/airflow/.local/lib/python3.8/site-packages/airflow/example_dags/example_kubernetes_executor.py
[2026-06-16T01:26:25.705+0000] {processor.py:830} INFO - Processing file /home/airflow/.local/lib/python3.8/site-packages/airflow/example_dags/example_kubernetes_executor.py for tasks to queue
[2026-06-16T01:26:25.714+0000] {logging_mixin.py:188} INFO - [2026-06-16T01:26:25.712+0000] {dagbag.py:538} INFO - Filling up the DagBag from /home/airflow/.local/lib/python3.8/site-packages/airflow/example_dags/example_kubernetes_executor.py
[2026-06-16T01:26:25.796+0000] {processor.py:840} INFO - DAG(s) 'example_kubernetes_executor' retrieved from /home/airflow/.local/lib/python3.8/site-packages/airflow/example_dags/example_kubernetes_executor.py
[2026-06-16T01:26:25.927+0000] {logging_mixin.py:188} INFO - [2026-06-16T01:26:25.926+0000] {dag.py:3036} INFO - Sync 1 DAGs
[2026-06-16T01:26:25.972+0000] {logging_mixin.py:188} INFO - [2026-06-16T01:26:25.971+0000] {dag.py:3823} INFO - Setting next_dagrun for example_kubernetes_executor to None, run_after=None
[2026-06-16T01:26:26.038+0000] {processor.py:183} INFO - Processing /home/airflow/.local/lib/python3.8/site-packages/airflow/example_dags/example_kubernetes_executor.py took 0.348 seconds
[2026-06-16T01:26:56.769+0000] {processor.py:161} INFO - Started process (PID=2059) to work on /home/airflow/.local/lib/python3.8/site-packages/airflow/example_dags/example_kubernetes_executor.py
[2026-06-16T01:26:56.774+0000] {processor.py:830} INFO - Processing file /home/airflow/.local/lib/python3.8/site-packages/airflow/example_dags/example_kubernetes_executor.py for tasks to queue
[2026-06-16T01:26:56.780+0000] {logging_mixin.py:188} INFO - [2026-06-16T01:26:56.779+0000] {dagbag.py:538} INFO - Filling up the DagBag from /home/airflow/.local/lib/python3.8/site-packages/airflow/example_dags/example_kubernetes_executor.py
[2026-06-16T01:26:56.859+0000] {processor.py:840} INFO - DAG(s) 'example_kubernetes_executor' retrieved from /home/airflow/.local/lib/python3.8/site-packages/airflow/example_dags/example_kubernetes_executor.py
[2026-06-16T01:26:57.010+0000] {logging_mixin.py:188} INFO - [2026-06-16T01:26:57.010+0000] {dag.py:3036} INFO - Sync 1 DAGs
[2026-06-16T01:26:57.057+0000] {logging_mixin.py:188} INFO - [2026-06-16T01:26:57.056+0000] {dag.py:3823} INFO - Setting next_dagrun for example_kubernetes_executor to None, run_after=None
[2026-06-16T01:26:57.192+0000] {processor.py:183} INFO - Processing /home/airflow/.local/lib/python3.8/site-packages/airflow/example_dags/example_kubernetes_executor.py took 0.462 seconds
[2026-06-16T01:27:27.469+0000] {processor.py:161} INFO - Started process (PID=2116) to work on /home/airflow/.local/lib/python3.8/site-packages/airflow/example_dags/example_kubernetes_executor.py
[2026-06-16T01:27:27.471+0000] {processor.py:830} INFO - Processing file /home/airflow/.local/lib/python3.8/site-packages/airflow/example_dags/example_kubernetes_executor.py for tasks to queue
[2026-06-16T01:27:27.475+0000] {logging_mixin.py:188} INFO - [2026-06-16T01:27:27.474+0000] {dagbag.py:538} INFO - Filling up the DagBag from /home/airflow/.local/lib/python3.8/site-packages/airflow/example_dags/example_kubernetes_executor.py
[2026-06-16T01:27:27.511+0000] {processor.py:840} INFO - DAG(s) 'example_kubernetes_executor' retrieved from /home/airflow/.local/lib/python3.8/site-packages/airflow/example_dags/example_kubernetes_executor.py
[2026-06-16T01:27:27.594+0000] {logging_mixin.py:188} INFO - [2026-06-16T01:27:27.593+0000] {dag.py:3036} INFO - Sync 1 DAGs
[2026-06-16T01:27:27.632+0000] {logging_mixin.py:188} INFO - [2026-06-16T01:27:27.632+0000] {dag.py:3823} INFO - Setting next_dagrun for example_kubernetes_executor to None, run_after=None
[2026-06-16T01:27:27.674+0000] {processor.py:183} INFO - Processing /home/airflow/.local/lib/python3.8/site-packages/airflow/example_dags/example_kubernetes_executor.py took 0.213 seconds
[2026-06-16T01:27:57.928+0000] {processor.py:161} INFO - Started process (PID=2171) to work on /home/airflow/.local/lib/python3.8/site-packages/airflow/example_dags/example_kubernetes_executor.py
[2026-06-16T01:27:57.930+0000] {processor.py:830} INFO - Processing file /home/airflow/.local/lib/python3.8/site-packages/airflow/example_dags/example_kubernetes_executor.py for tasks to queue
[2026-06-16T01:27:57.934+0000] {logging_mixin.py:188} INFO - [2026-06-16T01:27:57.934+0000] {dagbag.py:538} INFO - Filling up the DagBag from /home/airflow/.local/lib/python3.8/site-packages/airflow/example_dags/example_kubernetes_executor.py
[2026-06-16T01:27:57.966+0000] {processor.py:840} INFO - DAG(s) 'example_kubernetes_executor' retrieved from /home/airflow/.local/lib/python3.8/site-packages/airflow/example_dags/example_kubernetes_executor.py
[2026-06-16T01:27:58.052+0000] {logging_mixin.py:188} INFO - [2026-06-16T01:27:58.051+0000] {dag.py:3036} INFO - Sync 1 DAGs
[2026-06-16T01:27:58.082+0000] {logging_mixin.py:188} INFO - [2026-06-16T01:27:58.081+0000] {dag.py:3823} INFO - Setting next_dagrun for example_kubernetes_executor to None, run_after=None
[2026-06-16T01:27:58.129+0000] {processor.py:183} INFO - Processing /home/airflow/.local/lib/python3.8/site-packages/airflow/example_dags/example_kubernetes_executor.py took 0.207 seconds
[2026-06-16T01:28:28.780+0000] {processor.py:161} INFO - Started process (PID=2227) to work on /home/airflow/.local/lib/python3.8/site-packages/airflow/example_dags/example_kubernetes_executor.py
[2026-06-16T01:28:28.783+0000] {processor.py:830} INFO - Processing file /home/airflow/.local/lib/python3.8/site-packages/airflow/example_dags/example_kubernetes_executor.py for tasks to queue
[2026-06-16T01:28:28.787+0000] {logging_mixin.py:188} INFO - [2026-06-16T01:28:28.786+0000] {dagbag.py:538} INFO - Filling up the DagBag from /home/airflow/.local/lib/python3.8/site-packages/airflow/example_dags/example_kubernetes_executor.py
[2026-06-16T01:28:28.822+0000] {processor.py:840} INFO - DAG(s) 'example_kubernetes_executor' retrieved from /home/airflow/.local/lib/python3.8/site-packages/airflow/example_dags/example_kubernetes_executor.py
[2026-06-16T01:28:28.905+0000] {logging_mixin.py:188} INFO - [2026-06-16T01:28:28.904+0000] {dag.py:3036} INFO - Sync 1 DAGs
[2026-06-16T01:28:28.935+0000] {logging_mixin.py:188} INFO - [2026-06-16T01:28:28.934+0000] {dag.py:3823} INFO - Setting next_dagrun for example_kubernetes_executor to None, run_after=None
[2026-06-16T01:28:28.981+0000] {processor.py:183} INFO - Processing /home/airflow/.local/lib/python3.8/site-packages/airflow/example_dags/example_kubernetes_executor.py took 0.208 seconds
[2026-06-16T01:28:59.935+0000] {processor.py:161} INFO - Started process (PID=2283) to work on /home/airflow/.local/lib/python3.8/site-packages/airflow/example_dags/example_kubernetes_executor.py
[2026-06-16T01:28:59.940+0000] {processor.py:830} INFO - Processing file /home/airflow/.local/lib/python3.8/site-packages/airflow/example_dags/example_kubernetes_executor.py for tasks to queue
[2026-06-16T01:28:59.945+0000] {logging_mixin.py:188} INFO - [2026-06-16T01:28:59.944+0000] {dagbag.py:538} INFO - Filling up the DagBag from /home/airflow/.local/lib/python3.8/site-packages/airflow/example_dags/example_kubernetes_executor.py
[2026-06-16T01:28:59.992+0000] {processor.py:840} INFO - DAG(s) 'example_kubernetes_executor' retrieved from /home/airflow/.local/lib/python3.8/site-packages/airflow/example_dags/example_kubernetes_executor.py
[2026-06-16T01:29:00.224+0000] {logging_mixin.py:188} INFO - [2026-06-16T01:29:00.223+0000] {dag.py:3036} INFO - Sync 1 DAGs
[2026-06-16T01:29:00.270+0000] {logging_mixin.py:188} INFO - [2026-06-16T01:29:00.269+0000] {dag.py:3823} INFO - Setting next_dagrun for example_kubernetes_executor to None, run_after=None
[2026-06-16T01:29:00.336+0000] {processor.py:183} INFO - Processing /home/airflow/.local/lib/python3.8/site-packages/airflow/example_dags/example_kubernetes_executor.py took 0.411 seconds
[2026-06-16T01:29:30.734+0000] {processor.py:161} INFO - Started process (PID=2337) to work on /home/airflow/.local/lib/python3.8/site-packages/airflow/example_dags/example_kubernetes_executor.py
[2026-06-16T01:29:30.736+0000] {processor.py:830} INFO - Processing file /home/airflow/.local/lib/python3.8/site-packages/airflow/example_dags/example_kubernetes_executor.py for tasks to queue
[2026-06-16T01:29:30.741+0000] {logging_mixin.py:188} INFO - [2026-06-16T01:29:30.740+0000] {dagbag.py:538} INFO - Filling up the DagBag from /home/airflow/.local/lib/python3.8/site-packages/airflow/example_dags/example_kubernetes_executor.py
[2026-06-16T01:29:30.795+0000] {processor.py:840} INFO - DAG(s) 'example_kubernetes_executor' retrieved from /home/airflow/.local/lib/python3.8/site-packages/airflow/example_dags/example_kubernetes_executor.py
[2026-06-16T01:29:30.908+0000] {logging_mixin.py:188} INFO - [2026-06-16T01:29:30.907+0000] {dag.py:3036} INFO - Sync 1 DAGs
[2026-06-16T01:29:30.946+0000] {logging_mixin.py:188} INFO - [2026-06-16T01:29:30.946+0000] {dag.py:3823} INFO - Setting next_dagrun for example_kubernetes_executor to None, run_after=None
[2026-06-16T01:29:31.003+0000] {processor.py:183} INFO - Processing /home/airflow/.local/lib/python3.8/site-packages/airflow/example_dags/example_kubernetes_executor.py took 0.279 seconds
[2026-06-16T01:30:01.150+0000] {processor.py:161} INFO - Started process (PID=2393) to work on /home/airflow/.local/lib/python3.8/site-packages/airflow/example_dags/example_kubernetes_executor.py
[2026-06-16T01:30:01.152+0000] {processor.py:830} INFO - Processing file /home/airflow/.local/lib/python3.8/site-packages/airflow/example_dags/example_kubernetes_executor.py for tasks to queue
[2026-06-16T01:30:01.158+0000] {logging_mixin.py:188} INFO - [2026-06-16T01:30:01.157+0000] {dagbag.py:538} INFO - Filling up the DagBag from /home/airflow/.local/lib/python3.8/site-packages/airflow/example_dags/example_kubernetes_executor.py
[2026-06-16T01:30:01.214+0000] {processor.py:840} INFO - DAG(s) 'example_kubernetes_executor' retrieved from /home/airflow/.local/lib/python3.8/site-packages/airflow/example_dags/example_kubernetes_executor.py
[2026-06-16T01:30:01.306+0000] {logging_mixin.py:188} INFO - [2026-06-16T01:30:01.306+0000] {dag.py:3036} INFO - Sync 1 DAGs
[2026-06-16T01:30:01.346+0000] {logging_mixin.py:188} INFO - [2026-06-16T01:30:01.346+0000] {dag.py:3823} INFO - Setting next_dagrun for example_kubernetes_executor to None, run_after=None
[2026-06-16T01:30:01.396+0000] {processor.py:183} INFO - Processing /home/airflow/.local/lib/python3.8/site-packages/airflow/example_dags/example_kubernetes_executor.py took 0.254 seconds
[2026-06-16T01:30:31.612+0000] {processor.py:161} INFO - Started process (PID=2450) to work on /home/airflow/.local/lib/python3.8/site-packages/airflow/example_dags/example_kubernetes_executor.py
[2026-06-16T01:30:31.613+0000] {processor.py:830} INFO - Processing file /home/airflow/.local/lib/python3.8/site-packages/airflow/example_dags/example_kubernetes_executor.py for tasks to queue
[2026-06-16T01:30:31.617+0000] {logging_mixin.py:188} INFO - [2026-06-16T01:30:31.617+0000] {dagbag.py:538} INFO - Filling up the DagBag from /home/airflow/.local/lib/python3.8/site-packages/airflow/example_dags/example_kubernetes_executor.py
[2026-06-16T01:30:31.653+0000] {processor.py:840} INFO - DAG(s) 'example_kubernetes_executor' retrieved from /home/airflow/.local/lib/python3.8/site-packages/airflow/example_dags/example_kubernetes_executor.py
[2026-06-16T01:30:31.766+0000] {logging_mixin.py:188} INFO - [2026-06-16T01:30:31.766+0000] {dag.py:3036} INFO - Sync 1 DAGs
[2026-06-16T01:30:31.798+0000] {logging_mixin.py:188} INFO - [2026-06-16T01:30:31.798+0000] {dag.py:3823} INFO - Setting next_dagrun for example_kubernetes_executor to None, run_after=None
[2026-06-16T01:30:31.860+0000] {processor.py:183} INFO - Processing /home/airflow/.local/lib/python3.8/site-packages/airflow/example_dags/example_kubernetes_executor.py took 0.255 seconds
[2026-06-16T01:31:02.362+0000] {processor.py:161} INFO - Started process (PID=2506) to work on /home/airflow/.local/lib/python3.8/site-packages/airflow/example_dags/example_kubernetes_executor.py
[2026-06-16T01:31:02.365+0000] {processor.py:830} INFO - Processing file /home/airflow/.local/lib/python3.8/site-packages/airflow/example_dags/example_kubernetes_executor.py for tasks to queue
[2026-06-16T01:31:02.380+0000] {logging_mixin.py:188} INFO - [2026-06-16T01:31:02.379+0000] {dagbag.py:538} INFO - Filling up the DagBag from /home/airflow/.local/lib/python3.8/site-packages/airflow/example_dags/example_kubernetes_executor.py
[2026-06-16T01:31:02.432+0000] {processor.py:840} INFO - DAG(s) 'example_kubernetes_executor' retrieved from /home/airflow/.local/lib/python3.8/site-packages/airflow/example_dags/example_kubernetes_executor.py
[2026-06-16T01:31:02.540+0000] {logging_mixin.py:188} INFO - [2026-06-16T01:31:02.539+0000] {dag.py:3036} INFO - Sync 1 DAGs
[2026-06-16T01:31:02.588+0000] {logging_mixin.py:188} INFO - [2026-06-16T01:31:02.587+0000] {dag.py:3823} INFO - Setting next_dagrun for example_kubernetes_executor to None, run_after=None
[2026-06-16T01:31:02.641+0000] {processor.py:183} INFO - Processing /home/airflow/.local/lib/python3.8/site-packages/airflow/example_dags/example_kubernetes_executor.py took 0.289 seconds
[2026-06-16T01:31:33.415+0000] {processor.py:161} INFO - Started process (PID=2562) to work on /home/airflow/.local/lib/python3.8/site-packages/airflow/example_dags/example_kubernetes_executor.py
[2026-06-16T01:31:33.417+0000] {processor.py:830} INFO - Processing file /home/airflow/.local/lib/python3.8/site-packages/airflow/example_dags/example_kubernetes_executor.py for tasks to queue
[2026-06-16T01:31:33.422+0000] {logging_mixin.py:188} INFO - [2026-06-16T01:31:33.422+0000] {dagbag.py:538} INFO - Filling up the DagBag from /home/airflow/.local/lib/python3.8/site-packages/airflow/example_dags/example_kubernetes_executor.py
[2026-06-16T01:31:33.462+0000] {processor.py:840} INFO - DAG(s) 'example_kubernetes_executor' retrieved from /home/airflow/.local/lib/python3.8/site-packages/airflow/example_dags/example_kubernetes_executor.py
[2026-06-16T01:31:33.545+0000] {logging_mixin.py:188} INFO - [2026-06-16T01:31:33.544+0000] {dag.py:3036} INFO - Sync 1 DAGs
[2026-06-16T01:31:33.790+0000] {logging_mixin.py:188} INFO - [2026-06-16T01:31:33.790+0000] {dag.py:3823} INFO - Setting next_dagrun for example_kubernetes_executor to None, run_after=None
[2026-06-16T01:31:33.835+0000] {processor.py:183} INFO - Processing /home/airflow/.local/lib/python3.8/site-packages/airflow/example_dags/example_kubernetes_executor.py took 0.428 seconds
[2026-06-16T01:32:04.206+0000] {processor.py:161} INFO - Started process (PID=2618) to work on /home/airflow/.local/lib/python3.8/site-packages/airflow/example_dags/example_kubernetes_executor.py
[2026-06-16T01:32:04.211+0000] {processor.py:830} INFO - Processing file /home/airflow/.local/lib/python3.8/site-packages/airflow/example_dags/example_kubernetes_executor.py for tasks to queue
[2026-06-16T01:32:04.218+0000] {logging_mixin.py:188} INFO - [2026-06-16T01:32:04.217+0000] {dagbag.py:538} INFO - Filling up the DagBag from /home/airflow/.local/lib/python3.8/site-packages/airflow/example_dags/example_kubernetes_executor.py
[2026-06-16T01:32:04.269+0000] {processor.py:840} INFO - DAG(s) 'example_kubernetes_executor' retrieved from /home/airflow/.local/lib/python3.8/site-packages/airflow/example_dags/example_kubernetes_executor.py
[2026-06-16T01:32:04.457+0000] {logging_mixin.py:188} INFO - [2026-06-16T01:32:04.456+0000] {dag.py:3036} INFO - Sync 1 DAGs
[2026-06-16T01:32:04.534+0000] {logging_mixin.py:188} INFO - [2026-06-16T01:32:04.532+0000] {dag.py:3823} INFO - Setting next_dagrun for example_kubernetes_executor to None, run_after=None
[2026-06-16T01:32:04.901+0000] {processor.py:183} INFO - Processing /home/airflow/.local/lib/python3.8/site-packages/airflow/example_dags/example_kubernetes_executor.py took 0.709 seconds
[2026-06-16T01:32:35.038+0000] {processor.py:161} INFO - Started process (PID=2678) to work on /home/airflow/.local/lib/python3.8/site-packages/airflow/example_dags/example_kubernetes_executor.py
[2026-06-16T01:32:35.040+0000] {processor.py:830} INFO - Processing file /home/airflow/.local/lib/python3.8/site-packages/airflow/example_dags/example_kubernetes_executor.py for tasks to queue
[2026-06-16T01:32:35.045+0000] {logging_mixin.py:188} INFO - [2026-06-16T01:32:35.043+0000] {dagbag.py:538} INFO - Filling up the DagBag from /home/airflow/.local/lib/python3.8/site-packages/airflow/example_dags/example_kubernetes_executor.py
[2026-06-16T01:32:35.089+0000] {processor.py:840} INFO - DAG(s) 'example_kubernetes_executor' retrieved from /home/airflow/.local/lib/python3.8/site-packages/airflow/example_dags/example_kubernetes_executor.py
[2026-06-16T01:32:35.183+0000] {logging_mixin.py:188} INFO - [2026-06-16T01:32:35.182+0000] {dag.py:3036} INFO - Sync 1 DAGs
[2026-06-16T01:32:35.213+0000] {logging_mixin.py:188} INFO - [2026-06-16T01:32:35.213+0000] {dag.py:3823} INFO - Setting next_dagrun for example_kubernetes_executor to None, run_after=None
[2026-06-16T01:32:35.256+0000] {processor.py:183} INFO - Processing /home/airflow/.local/lib/python3.8/site-packages/airflow/example_dags/example_kubernetes_executor.py took 0.226 seconds
[2026-06-16T01:33:05.932+0000] {processor.py:161} INFO - Started process (PID=2734) to work on /home/airflow/.local/lib/python3.8/site-packages/airflow/example_dags/example_kubernetes_executor.py
[2026-06-16T01:33:05.935+0000] {processor.py:830} INFO - Processing file /home/airflow/.local/lib/python3.8/site-packages/airflow/example_dags/example_kubernetes_executor.py for tasks to queue
[2026-06-16T01:33:05.939+0000] {logging_mixin.py:188} INFO - [2026-06-16T01:33:05.938+0000] {dagbag.py:538} INFO - Filling up the DagBag from /home/airflow/.local/lib/python3.8/site-packages/airflow/example_dags/example_kubernetes_executor.py
[2026-06-16T01:33:05.979+0000] {processor.py:840} INFO - DAG(s) 'example_kubernetes_executor' retrieved from /home/airflow/.local/lib/python3.8/site-packages/airflow/example_dags/example_kubernetes_executor.py
[2026-06-16T01:33:06.062+0000] {logging_mixin.py:188} INFO - [2026-06-16T01:33:06.061+0000] {dag.py:3036} INFO - Sync 1 DAGs
[2026-06-16T01:33:06.091+0000] {logging_mixin.py:188} INFO - [2026-06-16T01:33:06.090+0000] {dag.py:3823} INFO - Setting next_dagrun for example_kubernetes_executor to None, run_after=None
[2026-06-16T01:33:06.136+0000] {processor.py:183} INFO - Processing /home/airflow/.local/lib/python3.8/site-packages/airflow/example_dags/example_kubernetes_executor.py took 0.211 seconds
[2026-06-16T01:33:36.342+0000] {processor.py:161} INFO - Started process (PID=2790) to work on /home/airflow/.local/lib/python3.8/site-packages/airflow/example_dags/example_kubernetes_executor.py
[2026-06-16T01:33:36.344+0000] {processor.py:830} INFO - Processing file /home/airflow/.local/lib/python3.8/site-packages/airflow/example_dags/example_kubernetes_executor.py for tasks to queue
[2026-06-16T01:33:36.349+0000] {logging_mixin.py:188} INFO - [2026-06-16T01:33:36.348+0000] {dagbag.py:538} INFO - Filling up the DagBag from /home/airflow/.local/lib/python3.8/site-packages/airflow/example_dags/example_kubernetes_executor.py
[2026-06-16T01:33:36.378+0000] {processor.py:840} INFO - DAG(s) 'example_kubernetes_executor' retrieved from /home/airflow/.local/lib/python3.8/site-packages/airflow/example_dags/example_kubernetes_executor.py
[2026-06-16T01:33:36.471+0000] {logging_mixin.py:188} INFO - [2026-06-16T01:33:36.470+0000] {dag.py:3036} INFO - Sync 1 DAGs
[2026-06-16T01:33:36.497+0000] {logging_mixin.py:188} INFO - [2026-06-16T01:33:36.496+0000] {dag.py:3823} INFO - Setting next_dagrun for example_kubernetes_executor to None, run_after=None
[2026-06-16T01:33:36.536+0000] {processor.py:183} INFO - Processing /home/airflow/.local/lib/python3.8/site-packages/airflow/example_dags/example_kubernetes_executor.py took 0.200 seconds
[2026-06-16T01:34:07.046+0000] {processor.py:161} INFO - Started process (PID=2845) to work on /home/airflow/.local/lib/python3.8/site-packages/airflow/example_dags/example_kubernetes_executor.py
[2026-06-16T01:34:07.050+0000] {processor.py:830} INFO - Processing file /home/airflow/.local/lib/python3.8/site-packages/airflow/example_dags/example_kubernetes_executor.py for tasks to queue
[2026-06-16T01:34:07.055+0000] {logging_mixin.py:188} INFO - [2026-06-16T01:34:07.054+0000] {dagbag.py:538} INFO - Filling up the DagBag from /home/airflow/.local/lib/python3.8/site-packages/airflow/example_dags/example_kubernetes_executor.py
[2026-06-16T01:34:07.100+0000] {processor.py:840} INFO - DAG(s) 'example_kubernetes_executor' retrieved from /home/airflow/.local/lib/python3.8/site-packages/airflow/example_dags/example_kubernetes_executor.py
[2026-06-16T01:34:07.395+0000] {logging_mixin.py:188} INFO - [2026-06-16T01:34:07.394+0000] {dag.py:3036} INFO - Sync 1 DAGs
[2026-06-16T01:34:07.419+0000] {logging_mixin.py:188} INFO - [2026-06-16T01:34:07.419+0000] {dag.py:3823} INFO - Setting next_dagrun for example_kubernetes_executor to None, run_after=None
[2026-06-16T01:34:07.456+0000] {processor.py:183} INFO - Processing /home/airflow/.local/lib/python3.8/site-packages/airflow/example_dags/example_kubernetes_executor.py took 0.417 seconds
[2026-06-16T01:34:38.097+0000] {processor.py:161} INFO - Started process (PID=2900) to work on /home/airflow/.local/lib/python3.8/site-packages/airflow/example_dags/example_kubernetes_executor.py
[2026-06-16T01:34:38.099+0000] {processor.py:830} INFO - Processing file /home/airflow/.local/lib/python3.8/site-packages/airflow/example_dags/example_kubernetes_executor.py for tasks to queue
[2026-06-16T01:34:38.103+0000] {logging_mixin.py:188} INFO - [2026-06-16T01:34:38.103+0000] {dagbag.py:538} INFO - Filling up the DagBag from /home/airflow/.local/lib/python3.8/site-packages/airflow/example_dags/example_kubernetes_executor.py
[2026-06-16T01:34:38.149+0000] {processor.py:840} INFO - DAG(s) 'example_kubernetes_executor' retrieved from /home/airflow/.local/lib/python3.8/site-packages/airflow/example_dags/example_kubernetes_executor.py
[2026-06-16T01:34:38.282+0000] {logging_mixin.py:188} INFO - [2026-06-16T01:34:38.281+0000] {dag.py:3036} INFO - Sync 1 DAGs
[2026-06-16T01:34:38.327+0000] {logging_mixin.py:188} INFO - [2026-06-16T01:34:38.326+0000] {dag.py:3823} INFO - Setting next_dagrun for example_kubernetes_executor to None, run_after=None
[2026-06-16T01:34:38.651+0000] {processor.py:183} INFO - Processing /home/airflow/.local/lib/python3.8/site-packages/airflow/example_dags/example_kubernetes_executor.py took 0.560 seconds
[2026-06-16T01:35:09.294+0000] {processor.py:161} INFO - Started process (PID=2956) to work on /home/airflow/.local/lib/python3.8/site-packages/airflow/example_dags/example_kubernetes_executor.py
[2026-06-16T01:35:09.298+0000] {processor.py:830} INFO - Processing file /home/airflow/.local/lib/python3.8/site-packages/airflow/example_dags/example_kubernetes_executor.py for tasks to queue
[2026-06-16T01:35:09.304+0000] {logging_mixin.py:188} INFO - [2026-06-16T01:35:09.303+0000] {dagbag.py:538} INFO - Filling up the DagBag from /home/airflow/.local/lib/python3.8/site-packages/airflow/example_dags/example_kubernetes_executor.py
[2026-06-16T01:35:09.357+0000] {processor.py:840} INFO - DAG(s) 'example_kubernetes_executor' retrieved from /home/airflow/.local/lib/python3.8/site-packages/airflow/example_dags/example_kubernetes_executor.py
[2026-06-16T01:35:09.459+0000] {logging_mixin.py:188} INFO - [2026-06-16T01:35:09.459+0000] {dag.py:3036} INFO - Sync 1 DAGs
[2026-06-16T01:35:09.493+0000] {logging_mixin.py:188} INFO - [2026-06-16T01:35:09.492+0000] {dag.py:3823} INFO - Setting next_dagrun for example_kubernetes_executor to None, run_after=None
[2026-06-16T01:35:09.555+0000] {processor.py:183} INFO - Processing /home/airflow/.local/lib/python3.8/site-packages/airflow/example_dags/example_kubernetes_executor.py took 0.271 seconds
[2026-06-16T01:35:39.828+0000] {processor.py:161} INFO - Started process (PID=3012) to work on /home/airflow/.local/lib/python3.8/site-packages/airflow/example_dags/example_kubernetes_executor.py
[2026-06-16T01:35:39.832+0000] {processor.py:830} INFO - Processing file /home/airflow/.local/lib/python3.8/site-packages/airflow/example_dags/example_kubernetes_executor.py for tasks to queue
[2026-06-16T01:35:39.838+0000] {logging_mixin.py:188} INFO - [2026-06-16T01:35:39.837+0000] {dagbag.py:538} INFO - Filling up the DagBag from /home/airflow/.local/lib/python3.8/site-packages/airflow/example_dags/example_kubernetes_executor.py
[2026-06-16T01:35:39.889+0000] {processor.py:840} INFO - DAG(s) 'example_kubernetes_executor' retrieved from /home/airflow/.local/lib/python3.8/site-packages/airflow/example_dags/example_kubernetes_executor.py
[2026-06-16T01:35:40.186+0000] {logging_mixin.py:188} INFO - [2026-06-16T01:35:40.185+0000] {dag.py:3036} INFO - Sync 1 DAGs
[2026-06-16T01:35:40.239+0000] {logging_mixin.py:188} INFO - [2026-06-16T01:35:40.238+0000] {dag.py:3823} INFO - Setting next_dagrun for example_kubernetes_executor to None, run_after=None
[2026-06-16T01:35:40.318+0000] {processor.py:183} INFO - Processing /home/airflow/.local/lib/python3.8/site-packages/airflow/example_dags/example_kubernetes_executor.py took 0.522 seconds
[2026-06-16T01:36:10.511+0000] {processor.py:161} INFO - Started process (PID=3068) to work on /home/airflow/.local/lib/python3.8/site-packages/airflow/example_dags/example_kubernetes_executor.py
[2026-06-16T01:36:10.513+0000] {processor.py:830} INFO - Processing file /home/airflow/.local/lib/python3.8/site-packages/airflow/example_dags/example_kubernetes_executor.py for tasks to queue
[2026-06-16T01:36:10.518+0000] {logging_mixin.py:188} INFO - [2026-06-16T01:36:10.517+0000] {dagbag.py:538} INFO - Filling up the DagBag from /home/airflow/.local/lib/python3.8/site-packages/airflow/example_dags/example_kubernetes_executor.py
[2026-06-16T01:36:10.567+0000] {processor.py:840} INFO - DAG(s) 'example_kubernetes_executor' retrieved from /home/airflow/.local/lib/python3.8/site-packages/airflow/example_dags/example_kubernetes_executor.py
[2026-06-16T01:36:10.673+0000] {logging_mixin.py:188} INFO - [2026-06-16T01:36:10.672+0000] {dag.py:3036} INFO - Sync 1 DAGs
[2026-06-16T01:36:10.710+0000] {logging_mixin.py:188} INFO - [2026-06-16T01:36:10.709+0000] {dag.py:3823} INFO - Setting next_dagrun for example_kubernetes_executor to None, run_after=None
[2026-06-16T01:36:10.766+0000] {processor.py:183} INFO - Processing /home/airflow/.local/lib/python3.8/site-packages/airflow/example_dags/example_kubernetes_executor.py took 0.263 seconds
[2026-06-16T01:36:41.106+0000] {processor.py:161} INFO - Started process (PID=3124) to work on /home/airflow/.local/lib/python3.8/site-packages/airflow/example_dags/example_kubernetes_executor.py
[2026-06-16T01:36:41.108+0000] {processor.py:830} INFO - Processing file /home/airflow/.local/lib/python3.8/site-packages/airflow/example_dags/example_kubernetes_executor.py for tasks to queue
[2026-06-16T01:36:41.114+0000] {logging_mixin.py:188} INFO - [2026-06-16T01:36:41.113+0000] {dagbag.py:538} INFO - Filling up the DagBag from /home/airflow/.local/lib/python3.8/site-packages/airflow/example_dags/example_kubernetes_executor.py
[2026-06-16T01:36:41.176+0000] {processor.py:840} INFO - DAG(s) 'example_kubernetes_executor' retrieved from /home/airflow/.local/lib/python3.8/site-packages/airflow/example_dags/example_kubernetes_executor.py
[2026-06-16T01:36:41.326+0000] {logging_mixin.py:188} INFO - [2026-06-16T01:36:41.325+0000] {dag.py:3036} INFO - Sync 1 DAGs
[2026-06-16T01:36:41.358+0000] {logging_mixin.py:188} INFO - [2026-06-16T01:36:41.358+0000] {dag.py:3823} INFO - Setting next_dagrun for example_kubernetes_executor to None, run_after=None
[2026-06-16T01:36:41.430+0000] {processor.py:183} INFO - Processing /home/airflow/.local/lib/python3.8/site-packages/airflow/example_dags/example_kubernetes_executor.py took 0.340 seconds
[2026-06-16T01:37:11.895+0000] {processor.py:161} INFO - Started process (PID=3180) to work on /home/airflow/.local/lib/python3.8/site-packages/airflow/example_dags/example_kubernetes_executor.py
[2026-06-16T01:37:11.897+0000] {processor.py:830} INFO - Processing file /home/airflow/.local/lib/python3.8/site-packages/airflow/example_dags/example_kubernetes_executor.py for tasks to queue
[2026-06-16T01:37:11.902+0000] {logging_mixin.py:188} INFO - [2026-06-16T01:37:11.902+0000] {dagbag.py:538} INFO - Filling up the DagBag from /home/airflow/.local/lib/python3.8/site-packages/airflow/example_dags/example_kubernetes_executor.py
[2026-06-16T01:37:11.954+0000] {processor.py:840} INFO - DAG(s) 'example_kubernetes_executor' retrieved from /home/airflow/.local/lib/python3.8/site-packages/airflow/example_dags/example_kubernetes_executor.py
[2026-06-16T01:37:12.081+0000] {logging_mixin.py:188} INFO - [2026-06-16T01:37:12.080+0000] {dag.py:3036} INFO - Sync 1 DAGs
[2026-06-16T01:37:12.115+0000] {logging_mixin.py:188} INFO - [2026-06-16T01:37:12.115+0000] {dag.py:3823} INFO - Setting next_dagrun for example_kubernetes_executor to None, run_after=None
[2026-06-16T01:37:12.180+0000] {processor.py:183} INFO - Processing /home/airflow/.local/lib/python3.8/site-packages/airflow/example_dags/example_kubernetes_executor.py took 0.294 seconds
[2026-06-16T01:37:42.588+0000] {processor.py:161} INFO - Started process (PID=3235) to work on /home/airflow/.local/lib/python3.8/site-packages/airflow/example_dags/example_kubernetes_executor.py
[2026-06-16T01:37:42.591+0000] {processor.py:830} INFO - Processing file /home/airflow/.local/lib/python3.8/site-packages/airflow/example_dags/example_kubernetes_executor.py for tasks to queue
[2026-06-16T01:37:42.597+0000] {logging_mixin.py:188} INFO - [2026-06-16T01:37:42.596+0000] {dagbag.py:538} INFO - Filling up the DagBag from /home/airflow/.local/lib/python3.8/site-packages/airflow/example_dags/example_kubernetes_executor.py
[2026-06-16T01:37:42.643+0000] {processor.py:840} INFO - DAG(s) 'example_kubernetes_executor' retrieved from /home/airflow/.local/lib/python3.8/site-packages/airflow/example_dags/example_kubernetes_executor.py
[2026-06-16T01:37:42.739+0000] {logging_mixin.py:188} INFO - [2026-06-16T01:37:42.739+0000] {dag.py:3036} INFO - Sync 1 DAGs
[2026-06-16T01:37:42.778+0000] {logging_mixin.py:188} INFO - [2026-06-16T01:37:42.778+0000] {dag.py:3823} INFO - Setting next_dagrun for example_kubernetes_executor to None, run_after=None
[2026-06-16T01:37:42.837+0000] {processor.py:183} INFO - Processing /home/airflow/.local/lib/python3.8/site-packages/airflow/example_dags/example_kubernetes_executor.py took 0.258 seconds
[2026-06-16T01:38:13.160+0000] {processor.py:161} INFO - Started process (PID=3291) to work on /home/airflow/.local/lib/python3.8/site-packages/airflow/example_dags/example_kubernetes_executor.py
[2026-06-16T01:38:13.163+0000] {processor.py:830} INFO - Processing file /home/airflow/.local/lib/python3.8/site-packages/airflow/example_dags/example_kubernetes_executor.py for tasks to queue
[2026-06-16T01:38:13.167+0000] {logging_mixin.py:188} INFO - [2026-06-16T01:38:13.167+0000] {dagbag.py:538} INFO - Filling up the DagBag from /home/airflow/.local/lib/python3.8/site-packages/airflow/example_dags/example_kubernetes_executor.py
[2026-06-16T01:38:13.209+0000] {processor.py:840} INFO - DAG(s) 'example_kubernetes_executor' retrieved from /home/airflow/.local/lib/python3.8/site-packages/airflow/example_dags/example_kubernetes_executor.py
[2026-06-16T01:38:13.319+0000] {logging_mixin.py:188} INFO - [2026-06-16T01:38:13.319+0000] {dag.py:3036} INFO - Sync 1 DAGs
[2026-06-16T01:38:13.359+0000] {logging_mixin.py:188} INFO - [2026-06-16T01:38:13.359+0000] {dag.py:3823} INFO - Setting next_dagrun for example_kubernetes_executor to None, run_after=None
[2026-06-16T01:38:13.429+0000] {processor.py:183} INFO - Processing /home/airflow/.local/lib/python3.8/site-packages/airflow/example_dags/example_kubernetes_executor.py took 0.278 seconds
