[2026-06-16T01:08:44.351+0000] {processor.py:161} INFO - Started process (PID=130) to work on /home/airflow/.local/lib/python3.8/site-packages/airflow/example_dags/example_xcom.py
[2026-06-16T01:08:44.361+0000] {processor.py:830} INFO - Processing file /home/airflow/.local/lib/python3.8/site-packages/airflow/example_dags/example_xcom.py for tasks to queue
[2026-06-16T01:08:44.375+0000] {logging_mixin.py:188} INFO - [2026-06-16T01:08:44.374+0000] {dagbag.py:538} INFO - Filling up the DagBag from /home/airflow/.local/lib/python3.8/site-packages/airflow/example_dags/example_xcom.py
[2026-06-16T01:08:44.452+0000] {processor.py:840} INFO - DAG(s) 'example_xcom' retrieved from /home/airflow/.local/lib/python3.8/site-packages/airflow/example_dags/example_xcom.py
[2026-06-16T01:08:45.814+0000] {logging_mixin.py:188} INFO - [2026-06-16T01:08:45.812+0000] {dag.py:3036} INFO - Sync 1 DAGs
[2026-06-16T01:08:46.072+0000] {logging_mixin.py:188} INFO - [2026-06-16T01:08:46.071+0000] {dag.py:3823} INFO - Setting next_dagrun for example_xcom to 2021-01-01 00:00:00+00:00, run_after=2021-01-01 00:00:00+00:00
[2026-06-16T01:08:46.253+0000] {processor.py:183} INFO - Processing /home/airflow/.local/lib/python3.8/site-packages/airflow/example_dags/example_xcom.py took 1.945 seconds
[2026-06-16T01:09:16.880+0000] {processor.py:161} INFO - Started process (PID=186) to work on /home/airflow/.local/lib/python3.8/site-packages/airflow/example_dags/example_xcom.py
[2026-06-16T01:09:16.886+0000] {processor.py:830} INFO - Processing file /home/airflow/.local/lib/python3.8/site-packages/airflow/example_dags/example_xcom.py for tasks to queue
[2026-06-16T01:09:16.915+0000] {logging_mixin.py:188} INFO - [2026-06-16T01:09:16.913+0000] {dagbag.py:538} INFO - Filling up the DagBag from /home/airflow/.local/lib/python3.8/site-packages/airflow/example_dags/example_xcom.py
[2026-06-16T01:09:16.962+0000] {processor.py:840} INFO - DAG(s) 'example_xcom' retrieved from /home/airflow/.local/lib/python3.8/site-packages/airflow/example_dags/example_xcom.py
[2026-06-16T01:09:17.080+0000] {logging_mixin.py:188} INFO - [2026-06-16T01:09:17.079+0000] {dag.py:3036} INFO - Sync 1 DAGs
[2026-06-16T01:09:17.240+0000] {logging_mixin.py:188} INFO - [2026-06-16T01:09:17.239+0000] {dag.py:3823} INFO - Setting next_dagrun for example_xcom to 2021-01-01 00:00:00+00:00, run_after=2021-01-01 00:00:00+00:00
[2026-06-16T01:09:17.440+0000] {processor.py:183} INFO - Processing /home/airflow/.local/lib/python3.8/site-packages/airflow/example_dags/example_xcom.py took 0.576 seconds
[2026-06-16T01:09:48.453+0000] {processor.py:161} INFO - Started process (PID=242) to work on /home/airflow/.local/lib/python3.8/site-packages/airflow/example_dags/example_xcom.py
[2026-06-16T01:09:48.456+0000] {processor.py:830} INFO - Processing file /home/airflow/.local/lib/python3.8/site-packages/airflow/example_dags/example_xcom.py for tasks to queue
[2026-06-16T01:09:48.461+0000] {logging_mixin.py:188} INFO - [2026-06-16T01:09:48.460+0000] {dagbag.py:538} INFO - Filling up the DagBag from /home/airflow/.local/lib/python3.8/site-packages/airflow/example_dags/example_xcom.py
[2026-06-16T01:09:48.518+0000] {processor.py:840} INFO - DAG(s) 'example_xcom' retrieved from /home/airflow/.local/lib/python3.8/site-packages/airflow/example_dags/example_xcom.py
[2026-06-16T01:09:48.749+0000] {logging_mixin.py:188} INFO - [2026-06-16T01:09:48.748+0000] {dag.py:3036} INFO - Sync 1 DAGs
[2026-06-16T01:09:48.832+0000] {logging_mixin.py:188} INFO - [2026-06-16T01:09:48.831+0000] {dag.py:3823} INFO - Setting next_dagrun for example_xcom to 2021-01-01 00:00:00+00:00, run_after=2021-01-01 00:00:00+00:00
[2026-06-16T01:09:49.071+0000] {processor.py:183} INFO - Processing /home/airflow/.local/lib/python3.8/site-packages/airflow/example_dags/example_xcom.py took 0.626 seconds
[2026-06-16T01:10:20.310+0000] {processor.py:161} INFO - Started process (PID=298) to work on /home/airflow/.local/lib/python3.8/site-packages/airflow/example_dags/example_xcom.py
[2026-06-16T01:10:20.316+0000] {processor.py:830} INFO - Processing file /home/airflow/.local/lib/python3.8/site-packages/airflow/example_dags/example_xcom.py for tasks to queue
[2026-06-16T01:10:20.324+0000] {logging_mixin.py:188} INFO - [2026-06-16T01:10:20.323+0000] {dagbag.py:538} INFO - Filling up the DagBag from /home/airflow/.local/lib/python3.8/site-packages/airflow/example_dags/example_xcom.py
[2026-06-16T01:10:20.425+0000] {processor.py:840} INFO - DAG(s) 'example_xcom' retrieved from /home/airflow/.local/lib/python3.8/site-packages/airflow/example_dags/example_xcom.py
[2026-06-16T01:10:20.621+0000] {logging_mixin.py:188} INFO - [2026-06-16T01:10:20.620+0000] {dag.py:3036} INFO - Sync 1 DAGs
[2026-06-16T01:10:20.752+0000] {logging_mixin.py:188} INFO - [2026-06-16T01:10:20.752+0000] {dag.py:3823} INFO - Setting next_dagrun for example_xcom to 2021-01-01 00:00:00+00:00, run_after=2021-01-01 00:00:00+00:00
[2026-06-16T01:10:20.944+0000] {processor.py:183} INFO - Processing /home/airflow/.local/lib/python3.8/site-packages/airflow/example_dags/example_xcom.py took 0.664 seconds
[2026-06-16T01:10:51.285+0000] {processor.py:161} INFO - Started process (PID=355) to work on /home/airflow/.local/lib/python3.8/site-packages/airflow/example_dags/example_xcom.py
[2026-06-16T01:10:51.292+0000] {processor.py:830} INFO - Processing file /home/airflow/.local/lib/python3.8/site-packages/airflow/example_dags/example_xcom.py for tasks to queue
[2026-06-16T01:10:51.301+0000] {logging_mixin.py:188} INFO - [2026-06-16T01:10:51.300+0000] {dagbag.py:538} INFO - Filling up the DagBag from /home/airflow/.local/lib/python3.8/site-packages/airflow/example_dags/example_xcom.py
[2026-06-16T01:10:51.348+0000] {processor.py:840} INFO - DAG(s) 'example_xcom' retrieved from /home/airflow/.local/lib/python3.8/site-packages/airflow/example_dags/example_xcom.py
[2026-06-16T01:10:51.428+0000] {logging_mixin.py:188} INFO - [2026-06-16T01:10:51.428+0000] {dag.py:3036} INFO - Sync 1 DAGs
[2026-06-16T01:10:51.540+0000] {logging_mixin.py:188} INFO - [2026-06-16T01:10:51.539+0000] {dag.py:3823} INFO - Setting next_dagrun for example_xcom to 2021-01-01 00:00:00+00:00, run_after=2021-01-01 00:00:00+00:00
[2026-06-16T01:10:51.634+0000] {processor.py:183} INFO - Processing /home/airflow/.local/lib/python3.8/site-packages/airflow/example_dags/example_xcom.py took 0.359 seconds
[2026-06-16T01:11:22.629+0000] {processor.py:161} INFO - Started process (PID=411) to work on /home/airflow/.local/lib/python3.8/site-packages/airflow/example_dags/example_xcom.py
[2026-06-16T01:11:22.631+0000] {processor.py:830} INFO - Processing file /home/airflow/.local/lib/python3.8/site-packages/airflow/example_dags/example_xcom.py for tasks to queue
[2026-06-16T01:11:22.640+0000] {logging_mixin.py:188} INFO - [2026-06-16T01:11:22.638+0000] {dagbag.py:538} INFO - Filling up the DagBag from /home/airflow/.local/lib/python3.8/site-packages/airflow/example_dags/example_xcom.py
[2026-06-16T01:11:22.669+0000] {processor.py:840} INFO - DAG(s) 'example_xcom' retrieved from /home/airflow/.local/lib/python3.8/site-packages/airflow/example_dags/example_xcom.py
[2026-06-16T01:11:22.862+0000] {logging_mixin.py:188} INFO - [2026-06-16T01:11:22.858+0000] {dag.py:3036} INFO - Sync 1 DAGs
[2026-06-16T01:11:22.997+0000] {logging_mixin.py:188} INFO - [2026-06-16T01:11:22.992+0000] {dag.py:3823} INFO - Setting next_dagrun for example_xcom to 2021-01-01 00:00:00+00:00, run_after=2021-01-01 00:00:00+00:00
[2026-06-16T01:11:23.095+0000] {processor.py:183} INFO - Processing /home/airflow/.local/lib/python3.8/site-packages/airflow/example_dags/example_xcom.py took 0.480 seconds
[2026-06-16T01:11:56.408+0000] {processor.py:161} INFO - Started process (PID=467) to work on /home/airflow/.local/lib/python3.8/site-packages/airflow/example_dags/example_xcom.py
[2026-06-16T01:11:56.414+0000] {processor.py:830} INFO - Processing file /home/airflow/.local/lib/python3.8/site-packages/airflow/example_dags/example_xcom.py for tasks to queue
[2026-06-16T01:11:56.421+0000] {logging_mixin.py:188} INFO - [2026-06-16T01:11:56.420+0000] {dagbag.py:538} INFO - Filling up the DagBag from /home/airflow/.local/lib/python3.8/site-packages/airflow/example_dags/example_xcom.py
[2026-06-16T01:11:56.525+0000] {processor.py:840} INFO - DAG(s) 'example_xcom' retrieved from /home/airflow/.local/lib/python3.8/site-packages/airflow/example_dags/example_xcom.py
[2026-06-16T01:11:56.607+0000] {logging_mixin.py:188} INFO - [2026-06-16T01:11:56.606+0000] {dag.py:3036} INFO - Sync 1 DAGs
[2026-06-16T01:11:56.695+0000] {logging_mixin.py:188} INFO - [2026-06-16T01:11:56.695+0000] {dag.py:3823} INFO - Setting next_dagrun for example_xcom to 2021-01-01 00:00:00+00:00, run_after=2021-01-01 00:00:00+00:00
[2026-06-16T01:11:56.816+0000] {processor.py:183} INFO - Processing /home/airflow/.local/lib/python3.8/site-packages/airflow/example_dags/example_xcom.py took 0.493 seconds
[2026-06-16T01:12:27.464+0000] {processor.py:161} INFO - Started process (PID=523) to work on /home/airflow/.local/lib/python3.8/site-packages/airflow/example_dags/example_xcom.py
[2026-06-16T01:12:27.470+0000] {processor.py:830} INFO - Processing file /home/airflow/.local/lib/python3.8/site-packages/airflow/example_dags/example_xcom.py for tasks to queue
[2026-06-16T01:12:27.490+0000] {logging_mixin.py:188} INFO - [2026-06-16T01:12:27.487+0000] {dagbag.py:538} INFO - Filling up the DagBag from /home/airflow/.local/lib/python3.8/site-packages/airflow/example_dags/example_xcom.py
[2026-06-16T01:12:27.558+0000] {processor.py:840} INFO - DAG(s) 'example_xcom' retrieved from /home/airflow/.local/lib/python3.8/site-packages/airflow/example_dags/example_xcom.py
[2026-06-16T01:12:27.736+0000] {logging_mixin.py:188} INFO - [2026-06-16T01:12:27.735+0000] {dag.py:3036} INFO - Sync 1 DAGs
[2026-06-16T01:12:27.812+0000] {logging_mixin.py:188} INFO - [2026-06-16T01:12:27.811+0000] {dag.py:3823} INFO - Setting next_dagrun for example_xcom to 2021-01-01 00:00:00+00:00, run_after=2021-01-01 00:00:00+00:00
[2026-06-16T01:12:27.965+0000] {processor.py:183} INFO - Processing /home/airflow/.local/lib/python3.8/site-packages/airflow/example_dags/example_xcom.py took 0.509 seconds
[2026-06-16T01:12:59.734+0000] {processor.py:161} INFO - Started process (PID=580) to work on /home/airflow/.local/lib/python3.8/site-packages/airflow/example_dags/example_xcom.py
[2026-06-16T01:12:59.774+0000] {processor.py:830} INFO - Processing file /home/airflow/.local/lib/python3.8/site-packages/airflow/example_dags/example_xcom.py for tasks to queue
[2026-06-16T01:12:59.797+0000] {logging_mixin.py:188} INFO - [2026-06-16T01:12:59.785+0000] {dagbag.py:538} INFO - Filling up the DagBag from /home/airflow/.local/lib/python3.8/site-packages/airflow/example_dags/example_xcom.py
[2026-06-16T01:12:59.852+0000] {processor.py:840} INFO - DAG(s) 'example_xcom' retrieved from /home/airflow/.local/lib/python3.8/site-packages/airflow/example_dags/example_xcom.py
[2026-06-16T01:13:00.385+0000] {logging_mixin.py:188} INFO - [2026-06-16T01:13:00.384+0000] {dag.py:3036} INFO - Sync 1 DAGs
[2026-06-16T01:13:00.570+0000] {logging_mixin.py:188} INFO - [2026-06-16T01:13:00.568+0000] {dag.py:3823} INFO - Setting next_dagrun for example_xcom to 2021-01-01 00:00:00+00:00, run_after=2021-01-01 00:00:00+00:00
[2026-06-16T01:13:00.753+0000] {processor.py:183} INFO - Processing /home/airflow/.local/lib/python3.8/site-packages/airflow/example_dags/example_xcom.py took 1.039 seconds
[2026-06-16T01:13:31.282+0000] {processor.py:161} INFO - Started process (PID=636) to work on /home/airflow/.local/lib/python3.8/site-packages/airflow/example_dags/example_xcom.py
[2026-06-16T01:13:31.290+0000] {processor.py:830} INFO - Processing file /home/airflow/.local/lib/python3.8/site-packages/airflow/example_dags/example_xcom.py for tasks to queue
[2026-06-16T01:13:31.307+0000] {logging_mixin.py:188} INFO - [2026-06-16T01:13:31.304+0000] {dagbag.py:538} INFO - Filling up the DagBag from /home/airflow/.local/lib/python3.8/site-packages/airflow/example_dags/example_xcom.py
[2026-06-16T01:13:31.363+0000] {processor.py:840} INFO - DAG(s) 'example_xcom' retrieved from /home/airflow/.local/lib/python3.8/site-packages/airflow/example_dags/example_xcom.py
[2026-06-16T01:13:31.591+0000] {logging_mixin.py:188} INFO - [2026-06-16T01:13:31.590+0000] {dag.py:3036} INFO - Sync 1 DAGs
[2026-06-16T01:13:31.743+0000] {logging_mixin.py:188} INFO - [2026-06-16T01:13:31.742+0000] {dag.py:3823} INFO - Setting next_dagrun for example_xcom to 2021-01-01 00:00:00+00:00, run_after=2021-01-01 00:00:00+00:00
[2026-06-16T01:13:31.883+0000] {processor.py:183} INFO - Processing /home/airflow/.local/lib/python3.8/site-packages/airflow/example_dags/example_xcom.py took 0.625 seconds
[2026-06-16T01:14:02.329+0000] {processor.py:161} INFO - Started process (PID=692) to work on /home/airflow/.local/lib/python3.8/site-packages/airflow/example_dags/example_xcom.py
[2026-06-16T01:14:02.346+0000] {processor.py:830} INFO - Processing file /home/airflow/.local/lib/python3.8/site-packages/airflow/example_dags/example_xcom.py for tasks to queue
[2026-06-16T01:14:02.354+0000] {logging_mixin.py:188} INFO - [2026-06-16T01:14:02.353+0000] {dagbag.py:538} INFO - Filling up the DagBag from /home/airflow/.local/lib/python3.8/site-packages/airflow/example_dags/example_xcom.py
[2026-06-16T01:14:02.393+0000] {processor.py:840} INFO - DAG(s) 'example_xcom' retrieved from /home/airflow/.local/lib/python3.8/site-packages/airflow/example_dags/example_xcom.py
[2026-06-16T01:14:02.504+0000] {logging_mixin.py:188} INFO - [2026-06-16T01:14:02.503+0000] {dag.py:3036} INFO - Sync 1 DAGs
[2026-06-16T01:14:02.594+0000] {logging_mixin.py:188} INFO - [2026-06-16T01:14:02.593+0000] {dag.py:3823} INFO - Setting next_dagrun for example_xcom to 2021-01-01 00:00:00+00:00, run_after=2021-01-01 00:00:00+00:00
[2026-06-16T01:14:02.691+0000] {processor.py:183} INFO - Processing /home/airflow/.local/lib/python3.8/site-packages/airflow/example_dags/example_xcom.py took 0.419 seconds
[2026-06-16T01:14:32.898+0000] {processor.py:161} INFO - Started process (PID=745) to work on /home/airflow/.local/lib/python3.8/site-packages/airflow/example_dags/example_xcom.py
[2026-06-16T01:14:32.900+0000] {processor.py:830} INFO - Processing file /home/airflow/.local/lib/python3.8/site-packages/airflow/example_dags/example_xcom.py for tasks to queue
[2026-06-16T01:14:32.906+0000] {logging_mixin.py:188} INFO - [2026-06-16T01:14:32.904+0000] {dagbag.py:538} INFO - Filling up the DagBag from /home/airflow/.local/lib/python3.8/site-packages/airflow/example_dags/example_xcom.py
[2026-06-16T01:14:32.956+0000] {processor.py:840} INFO - DAG(s) 'example_xcom' retrieved from /home/airflow/.local/lib/python3.8/site-packages/airflow/example_dags/example_xcom.py
[2026-06-16T01:14:33.090+0000] {logging_mixin.py:188} INFO - [2026-06-16T01:14:33.084+0000] {dag.py:3036} INFO - Sync 1 DAGs
[2026-06-16T01:14:33.238+0000] {logging_mixin.py:188} INFO - [2026-06-16T01:14:33.237+0000] {dag.py:3823} INFO - Setting next_dagrun for example_xcom to 2021-01-01 00:00:00+00:00, run_after=2021-01-01 00:00:00+00:00
[2026-06-16T01:14:33.312+0000] {processor.py:183} INFO - Processing /home/airflow/.local/lib/python3.8/site-packages/airflow/example_dags/example_xcom.py took 0.426 seconds
[2026-06-16T01:15:04.007+0000] {processor.py:161} INFO - Started process (PID=801) to work on /home/airflow/.local/lib/python3.8/site-packages/airflow/example_dags/example_xcom.py
[2026-06-16T01:15:04.024+0000] {processor.py:830} INFO - Processing file /home/airflow/.local/lib/python3.8/site-packages/airflow/example_dags/example_xcom.py for tasks to queue
[2026-06-16T01:15:04.037+0000] {logging_mixin.py:188} INFO - [2026-06-16T01:15:04.036+0000] {dagbag.py:538} INFO - Filling up the DagBag from /home/airflow/.local/lib/python3.8/site-packages/airflow/example_dags/example_xcom.py
[2026-06-16T01:15:04.083+0000] {processor.py:840} INFO - DAG(s) 'example_xcom' retrieved from /home/airflow/.local/lib/python3.8/site-packages/airflow/example_dags/example_xcom.py
[2026-06-16T01:15:04.204+0000] {logging_mixin.py:188} INFO - [2026-06-16T01:15:04.203+0000] {dag.py:3036} INFO - Sync 1 DAGs
[2026-06-16T01:15:04.350+0000] {logging_mixin.py:188} INFO - [2026-06-16T01:15:04.349+0000] {dag.py:3823} INFO - Setting next_dagrun for example_xcom to 2021-01-01 00:00:00+00:00, run_after=2021-01-01 00:00:00+00:00
[2026-06-16T01:15:04.493+0000] {processor.py:183} INFO - Processing /home/airflow/.local/lib/python3.8/site-packages/airflow/example_dags/example_xcom.py took 0.510 seconds
[2026-06-16T01:15:36.134+0000] {processor.py:161} INFO - Started process (PID=857) to work on /home/airflow/.local/lib/python3.8/site-packages/airflow/example_dags/example_xcom.py
[2026-06-16T01:15:36.206+0000] {processor.py:830} INFO - Processing file /home/airflow/.local/lib/python3.8/site-packages/airflow/example_dags/example_xcom.py for tasks to queue
[2026-06-16T01:15:36.257+0000] {logging_mixin.py:188} INFO - [2026-06-16T01:15:36.256+0000] {dagbag.py:538} INFO - Filling up the DagBag from /home/airflow/.local/lib/python3.8/site-packages/airflow/example_dags/example_xcom.py
[2026-06-16T01:15:36.389+0000] {processor.py:840} INFO - DAG(s) 'example_xcom' retrieved from /home/airflow/.local/lib/python3.8/site-packages/airflow/example_dags/example_xcom.py
[2026-06-16T01:15:36.722+0000] {logging_mixin.py:188} INFO - [2026-06-16T01:15:36.720+0000] {dag.py:3036} INFO - Sync 1 DAGs
[2026-06-16T01:15:37.506+0000] {logging_mixin.py:188} INFO - [2026-06-16T01:15:37.502+0000] {dag.py:3823} INFO - Setting next_dagrun for example_xcom to 2021-01-01 00:00:00+00:00, run_after=2021-01-01 00:00:00+00:00
[2026-06-16T01:15:38.090+0000] {processor.py:183} INFO - Processing /home/airflow/.local/lib/python3.8/site-packages/airflow/example_dags/example_xcom.py took 2.428 seconds
[2026-06-16T01:16:10.505+0000] {processor.py:161} INFO - Started process (PID=913) to work on /home/airflow/.local/lib/python3.8/site-packages/airflow/example_dags/example_xcom.py
[2026-06-16T01:16:10.511+0000] {processor.py:830} INFO - Processing file /home/airflow/.local/lib/python3.8/site-packages/airflow/example_dags/example_xcom.py for tasks to queue
[2026-06-16T01:16:10.520+0000] {logging_mixin.py:188} INFO - [2026-06-16T01:16:10.519+0000] {dagbag.py:538} INFO - Filling up the DagBag from /home/airflow/.local/lib/python3.8/site-packages/airflow/example_dags/example_xcom.py
[2026-06-16T01:16:10.553+0000] {processor.py:840} INFO - DAG(s) 'example_xcom' retrieved from /home/airflow/.local/lib/python3.8/site-packages/airflow/example_dags/example_xcom.py
[2026-06-16T01:16:10.665+0000] {logging_mixin.py:188} INFO - [2026-06-16T01:16:10.665+0000] {dag.py:3036} INFO - Sync 1 DAGs
[2026-06-16T01:16:10.782+0000] {logging_mixin.py:188} INFO - [2026-06-16T01:16:10.781+0000] {dag.py:3823} INFO - Setting next_dagrun for example_xcom to 2021-01-01 00:00:00+00:00, run_after=2021-01-01 00:00:00+00:00
[2026-06-16T01:16:10.867+0000] {processor.py:183} INFO - Processing /home/airflow/.local/lib/python3.8/site-packages/airflow/example_dags/example_xcom.py took 0.402 seconds
[2026-06-16T01:16:47.076+0000] {processor.py:161} INFO - Started process (PID=977) to work on /home/airflow/.local/lib/python3.8/site-packages/airflow/example_dags/example_xcom.py
[2026-06-16T01:16:47.081+0000] {processor.py:830} INFO - Processing file /home/airflow/.local/lib/python3.8/site-packages/airflow/example_dags/example_xcom.py for tasks to queue
[2026-06-16T01:16:47.088+0000] {logging_mixin.py:188} INFO - [2026-06-16T01:16:47.087+0000] {dagbag.py:538} INFO - Filling up the DagBag from /home/airflow/.local/lib/python3.8/site-packages/airflow/example_dags/example_xcom.py
[2026-06-16T01:16:47.250+0000] {processor.py:840} INFO - DAG(s) 'example_xcom' retrieved from /home/airflow/.local/lib/python3.8/site-packages/airflow/example_dags/example_xcom.py
[2026-06-16T01:16:47.361+0000] {logging_mixin.py:188} INFO - [2026-06-16T01:16:47.361+0000] {dag.py:3036} INFO - Sync 1 DAGs
[2026-06-16T01:16:47.458+0000] {logging_mixin.py:188} INFO - [2026-06-16T01:16:47.458+0000] {dag.py:3823} INFO - Setting next_dagrun for example_xcom to 2021-01-01 00:00:00+00:00, run_after=2021-01-01 00:00:00+00:00
[2026-06-16T01:16:47.548+0000] {processor.py:183} INFO - Processing /home/airflow/.local/lib/python3.8/site-packages/airflow/example_dags/example_xcom.py took 0.484 seconds
[2026-06-16T01:17:21.224+0000] {processor.py:161} INFO - Started process (PID=1034) to work on /home/airflow/.local/lib/python3.8/site-packages/airflow/example_dags/example_xcom.py
[2026-06-16T01:17:21.247+0000] {processor.py:830} INFO - Processing file /home/airflow/.local/lib/python3.8/site-packages/airflow/example_dags/example_xcom.py for tasks to queue
[2026-06-16T01:17:21.281+0000] {logging_mixin.py:188} INFO - [2026-06-16T01:17:21.279+0000] {dagbag.py:538} INFO - Filling up the DagBag from /home/airflow/.local/lib/python3.8/site-packages/airflow/example_dags/example_xcom.py
[2026-06-16T01:17:21.313+0000] {processor.py:840} INFO - DAG(s) 'example_xcom' retrieved from /home/airflow/.local/lib/python3.8/site-packages/airflow/example_dags/example_xcom.py
[2026-06-16T01:17:21.424+0000] {logging_mixin.py:188} INFO - [2026-06-16T01:17:21.424+0000] {dag.py:3036} INFO - Sync 1 DAGs
[2026-06-16T01:17:21.682+0000] {logging_mixin.py:188} INFO - [2026-06-16T01:17:21.680+0000] {dag.py:3823} INFO - Setting next_dagrun for example_xcom to 2021-01-01 00:00:00+00:00, run_after=2021-01-01 00:00:00+00:00
[2026-06-16T01:17:21.826+0000] {processor.py:183} INFO - Processing /home/airflow/.local/lib/python3.8/site-packages/airflow/example_dags/example_xcom.py took 0.625 seconds
[2026-06-16T01:17:54.035+0000] {processor.py:161} INFO - Started process (PID=1090) to work on /home/airflow/.local/lib/python3.8/site-packages/airflow/example_dags/example_xcom.py
[2026-06-16T01:17:54.039+0000] {processor.py:830} INFO - Processing file /home/airflow/.local/lib/python3.8/site-packages/airflow/example_dags/example_xcom.py for tasks to queue
[2026-06-16T01:17:54.052+0000] {logging_mixin.py:188} INFO - [2026-06-16T01:17:54.051+0000] {dagbag.py:538} INFO - Filling up the DagBag from /home/airflow/.local/lib/python3.8/site-packages/airflow/example_dags/example_xcom.py
[2026-06-16T01:17:54.078+0000] {processor.py:840} INFO - DAG(s) 'example_xcom' retrieved from /home/airflow/.local/lib/python3.8/site-packages/airflow/example_dags/example_xcom.py
[2026-06-16T01:17:54.311+0000] {logging_mixin.py:188} INFO - [2026-06-16T01:17:54.310+0000] {dag.py:3036} INFO - Sync 1 DAGs
[2026-06-16T01:17:54.549+0000] {logging_mixin.py:188} INFO - [2026-06-16T01:17:54.548+0000] {dag.py:3823} INFO - Setting next_dagrun for example_xcom to 2021-01-01 00:00:00+00:00, run_after=2021-01-01 00:00:00+00:00
[2026-06-16T01:17:54.689+0000] {processor.py:183} INFO - Processing /home/airflow/.local/lib/python3.8/site-packages/airflow/example_dags/example_xcom.py took 0.674 seconds
[2026-06-16T01:18:25.283+0000] {processor.py:161} INFO - Started process (PID=1146) to work on /home/airflow/.local/lib/python3.8/site-packages/airflow/example_dags/example_xcom.py
[2026-06-16T01:18:25.286+0000] {processor.py:830} INFO - Processing file /home/airflow/.local/lib/python3.8/site-packages/airflow/example_dags/example_xcom.py for tasks to queue
[2026-06-16T01:18:25.296+0000] {logging_mixin.py:188} INFO - [2026-06-16T01:18:25.295+0000] {dagbag.py:538} INFO - Filling up the DagBag from /home/airflow/.local/lib/python3.8/site-packages/airflow/example_dags/example_xcom.py
[2026-06-16T01:18:25.335+0000] {processor.py:840} INFO - DAG(s) 'example_xcom' retrieved from /home/airflow/.local/lib/python3.8/site-packages/airflow/example_dags/example_xcom.py
[2026-06-16T01:18:25.438+0000] {logging_mixin.py:188} INFO - [2026-06-16T01:18:25.437+0000] {dag.py:3036} INFO - Sync 1 DAGs
[2026-06-16T01:18:25.534+0000] {logging_mixin.py:188} INFO - [2026-06-16T01:18:25.533+0000] {dag.py:3823} INFO - Setting next_dagrun for example_xcom to 2021-01-01 00:00:00+00:00, run_after=2021-01-01 00:00:00+00:00
[2026-06-16T01:18:25.636+0000] {processor.py:183} INFO - Processing /home/airflow/.local/lib/python3.8/site-packages/airflow/example_dags/example_xcom.py took 0.366 seconds
[2026-06-16T01:18:57.531+0000] {processor.py:161} INFO - Started process (PID=1205) to work on /home/airflow/.local/lib/python3.8/site-packages/airflow/example_dags/example_xcom.py
[2026-06-16T01:18:57.535+0000] {processor.py:830} INFO - Processing file /home/airflow/.local/lib/python3.8/site-packages/airflow/example_dags/example_xcom.py for tasks to queue
[2026-06-16T01:18:57.596+0000] {logging_mixin.py:188} INFO - [2026-06-16T01:18:57.584+0000] {dagbag.py:538} INFO - Filling up the DagBag from /home/airflow/.local/lib/python3.8/site-packages/airflow/example_dags/example_xcom.py
[2026-06-16T01:18:57.630+0000] {processor.py:840} INFO - DAG(s) 'example_xcom' retrieved from /home/airflow/.local/lib/python3.8/site-packages/airflow/example_dags/example_xcom.py
[2026-06-16T01:18:57.843+0000] {logging_mixin.py:188} INFO - [2026-06-16T01:18:57.843+0000] {dag.py:3036} INFO - Sync 1 DAGs
[2026-06-16T01:18:58.084+0000] {logging_mixin.py:188} INFO - [2026-06-16T01:18:58.082+0000] {dag.py:3823} INFO - Setting next_dagrun for example_xcom to 2021-01-01 00:00:00+00:00, run_after=2021-01-01 00:00:00+00:00
[2026-06-16T01:18:58.167+0000] {processor.py:183} INFO - Processing /home/airflow/.local/lib/python3.8/site-packages/airflow/example_dags/example_xcom.py took 0.654 seconds
[2026-06-16T01:19:28.316+0000] {processor.py:161} INFO - Started process (PID=1261) to work on /home/airflow/.local/lib/python3.8/site-packages/airflow/example_dags/example_xcom.py
[2026-06-16T01:19:28.321+0000] {processor.py:830} INFO - Processing file /home/airflow/.local/lib/python3.8/site-packages/airflow/example_dags/example_xcom.py for tasks to queue
[2026-06-16T01:19:28.329+0000] {logging_mixin.py:188} INFO - [2026-06-16T01:19:28.328+0000] {dagbag.py:538} INFO - Filling up the DagBag from /home/airflow/.local/lib/python3.8/site-packages/airflow/example_dags/example_xcom.py
[2026-06-16T01:19:28.358+0000] {processor.py:840} INFO - DAG(s) 'example_xcom' retrieved from /home/airflow/.local/lib/python3.8/site-packages/airflow/example_dags/example_xcom.py
[2026-06-16T01:19:28.449+0000] {logging_mixin.py:188} INFO - [2026-06-16T01:19:28.448+0000] {dag.py:3036} INFO - Sync 1 DAGs
[2026-06-16T01:19:28.544+0000] {logging_mixin.py:188} INFO - [2026-06-16T01:19:28.543+0000] {dag.py:3823} INFO - Setting next_dagrun for example_xcom to 2021-01-01 00:00:00+00:00, run_after=2021-01-01 00:00:00+00:00
[2026-06-16T01:19:28.736+0000] {processor.py:183} INFO - Processing /home/airflow/.local/lib/python3.8/site-packages/airflow/example_dags/example_xcom.py took 0.436 seconds
[2026-06-16T01:19:59.148+0000] {processor.py:161} INFO - Started process (PID=1317) to work on /home/airflow/.local/lib/python3.8/site-packages/airflow/example_dags/example_xcom.py
[2026-06-16T01:19:59.159+0000] {processor.py:830} INFO - Processing file /home/airflow/.local/lib/python3.8/site-packages/airflow/example_dags/example_xcom.py for tasks to queue
[2026-06-16T01:19:59.167+0000] {logging_mixin.py:188} INFO - [2026-06-16T01:19:59.165+0000] {dagbag.py:538} INFO - Filling up the DagBag from /home/airflow/.local/lib/python3.8/site-packages/airflow/example_dags/example_xcom.py
[2026-06-16T01:19:59.211+0000] {processor.py:840} INFO - DAG(s) 'example_xcom' retrieved from /home/airflow/.local/lib/python3.8/site-packages/airflow/example_dags/example_xcom.py
[2026-06-16T01:19:59.342+0000] {logging_mixin.py:188} INFO - [2026-06-16T01:19:59.334+0000] {dag.py:3036} INFO - Sync 1 DAGs
[2026-06-16T01:19:59.443+0000] {logging_mixin.py:188} INFO - [2026-06-16T01:19:59.442+0000] {dag.py:3823} INFO - Setting next_dagrun for example_xcom to 2021-01-01 00:00:00+00:00, run_after=2021-01-01 00:00:00+00:00
[2026-06-16T01:19:59.523+0000] {processor.py:183} INFO - Processing /home/airflow/.local/lib/python3.8/site-packages/airflow/example_dags/example_xcom.py took 0.383 seconds
[2026-06-16T01:20:30.367+0000] {processor.py:161} INFO - Started process (PID=1373) to work on /home/airflow/.local/lib/python3.8/site-packages/airflow/example_dags/example_xcom.py
[2026-06-16T01:20:30.372+0000] {processor.py:830} INFO - Processing file /home/airflow/.local/lib/python3.8/site-packages/airflow/example_dags/example_xcom.py for tasks to queue
[2026-06-16T01:20:30.378+0000] {logging_mixin.py:188} INFO - [2026-06-16T01:20:30.377+0000] {dagbag.py:538} INFO - Filling up the DagBag from /home/airflow/.local/lib/python3.8/site-packages/airflow/example_dags/example_xcom.py
[2026-06-16T01:20:30.431+0000] {processor.py:840} INFO - DAG(s) 'example_xcom' retrieved from /home/airflow/.local/lib/python3.8/site-packages/airflow/example_dags/example_xcom.py
[2026-06-16T01:20:30.533+0000] {logging_mixin.py:188} INFO - [2026-06-16T01:20:30.532+0000] {dag.py:3036} INFO - Sync 1 DAGs
[2026-06-16T01:20:30.601+0000] {logging_mixin.py:188} INFO - [2026-06-16T01:20:30.600+0000] {dag.py:3823} INFO - Setting next_dagrun for example_xcom to 2021-01-01 00:00:00+00:00, run_after=2021-01-01 00:00:00+00:00
[2026-06-16T01:20:30.661+0000] {processor.py:183} INFO - Processing /home/airflow/.local/lib/python3.8/site-packages/airflow/example_dags/example_xcom.py took 0.304 seconds
[2026-06-16T01:21:02.028+0000] {processor.py:161} INFO - Started process (PID=1430) to work on /home/airflow/.local/lib/python3.8/site-packages/airflow/example_dags/example_xcom.py
[2026-06-16T01:21:02.032+0000] {processor.py:830} INFO - Processing file /home/airflow/.local/lib/python3.8/site-packages/airflow/example_dags/example_xcom.py for tasks to queue
[2026-06-16T01:21:02.044+0000] {logging_mixin.py:188} INFO - [2026-06-16T01:21:02.042+0000] {dagbag.py:538} INFO - Filling up the DagBag from /home/airflow/.local/lib/python3.8/site-packages/airflow/example_dags/example_xcom.py
[2026-06-16T01:21:02.097+0000] {processor.py:840} INFO - DAG(s) 'example_xcom' retrieved from /home/airflow/.local/lib/python3.8/site-packages/airflow/example_dags/example_xcom.py
[2026-06-16T01:21:02.183+0000] {logging_mixin.py:188} INFO - [2026-06-16T01:21:02.182+0000] {dag.py:3036} INFO - Sync 1 DAGs
[2026-06-16T01:21:02.320+0000] {logging_mixin.py:188} INFO - [2026-06-16T01:21:02.319+0000] {dag.py:3823} INFO - Setting next_dagrun for example_xcom to 2021-01-01 00:00:00+00:00, run_after=2021-01-01 00:00:00+00:00
[2026-06-16T01:21:02.546+0000] {processor.py:183} INFO - Processing /home/airflow/.local/lib/python3.8/site-packages/airflow/example_dags/example_xcom.py took 0.535 seconds
[2026-06-16T01:21:33.033+0000] {processor.py:161} INFO - Started process (PID=1486) to work on /home/airflow/.local/lib/python3.8/site-packages/airflow/example_dags/example_xcom.py
[2026-06-16T01:21:33.040+0000] {processor.py:830} INFO - Processing file /home/airflow/.local/lib/python3.8/site-packages/airflow/example_dags/example_xcom.py for tasks to queue
[2026-06-16T01:21:33.046+0000] {logging_mixin.py:188} INFO - [2026-06-16T01:21:33.045+0000] {dagbag.py:538} INFO - Filling up the DagBag from /home/airflow/.local/lib/python3.8/site-packages/airflow/example_dags/example_xcom.py
[2026-06-16T01:21:33.092+0000] {processor.py:840} INFO - DAG(s) 'example_xcom' retrieved from /home/airflow/.local/lib/python3.8/site-packages/airflow/example_dags/example_xcom.py
[2026-06-16T01:21:33.200+0000] {logging_mixin.py:188} INFO - [2026-06-16T01:21:33.199+0000] {dag.py:3036} INFO - Sync 1 DAGs
[2026-06-16T01:21:33.312+0000] {logging_mixin.py:188} INFO - [2026-06-16T01:21:33.311+0000] {dag.py:3823} INFO - Setting next_dagrun for example_xcom to 2021-01-01 00:00:00+00:00, run_after=2021-01-01 00:00:00+00:00
[2026-06-16T01:21:33.398+0000] {processor.py:183} INFO - Processing /home/airflow/.local/lib/python3.8/site-packages/airflow/example_dags/example_xcom.py took 0.396 seconds
[2026-06-16T01:22:07.198+0000] {processor.py:161} INFO - Started process (PID=1544) to work on /home/airflow/.local/lib/python3.8/site-packages/airflow/example_dags/example_xcom.py
[2026-06-16T01:22:07.203+0000] {processor.py:830} INFO - Processing file /home/airflow/.local/lib/python3.8/site-packages/airflow/example_dags/example_xcom.py for tasks to queue
[2026-06-16T01:22:07.211+0000] {logging_mixin.py:188} INFO - [2026-06-16T01:22:07.210+0000] {dagbag.py:538} INFO - Filling up the DagBag from /home/airflow/.local/lib/python3.8/site-packages/airflow/example_dags/example_xcom.py
[2026-06-16T01:22:07.245+0000] {processor.py:840} INFO - DAG(s) 'example_xcom' retrieved from /home/airflow/.local/lib/python3.8/site-packages/airflow/example_dags/example_xcom.py
[2026-06-16T01:22:07.329+0000] {logging_mixin.py:188} INFO - [2026-06-16T01:22:07.328+0000] {dag.py:3036} INFO - Sync 1 DAGs
[2026-06-16T01:22:07.417+0000] {logging_mixin.py:188} INFO - [2026-06-16T01:22:07.416+0000] {dag.py:3823} INFO - Setting next_dagrun for example_xcom to 2021-01-01 00:00:00+00:00, run_after=2021-01-01 00:00:00+00:00
[2026-06-16T01:22:07.488+0000] {processor.py:183} INFO - Processing /home/airflow/.local/lib/python3.8/site-packages/airflow/example_dags/example_xcom.py took 0.303 seconds
[2026-06-16T01:22:39.783+0000] {processor.py:161} INFO - Started process (PID=1600) to work on /home/airflow/.local/lib/python3.8/site-packages/airflow/example_dags/example_xcom.py
[2026-06-16T01:22:39.787+0000] {processor.py:830} INFO - Processing file /home/airflow/.local/lib/python3.8/site-packages/airflow/example_dags/example_xcom.py for tasks to queue
[2026-06-16T01:22:39.798+0000] {logging_mixin.py:188} INFO - [2026-06-16T01:22:39.797+0000] {dagbag.py:538} INFO - Filling up the DagBag from /home/airflow/.local/lib/python3.8/site-packages/airflow/example_dags/example_xcom.py
[2026-06-16T01:22:39.864+0000] {processor.py:840} INFO - DAG(s) 'example_xcom' retrieved from /home/airflow/.local/lib/python3.8/site-packages/airflow/example_dags/example_xcom.py
[2026-06-16T01:22:39.974+0000] {logging_mixin.py:188} INFO - [2026-06-16T01:22:39.973+0000] {dag.py:3036} INFO - Sync 1 DAGs
[2026-06-16T01:22:40.148+0000] {logging_mixin.py:188} INFO - [2026-06-16T01:22:40.147+0000] {dag.py:3823} INFO - Setting next_dagrun for example_xcom to 2021-01-01 00:00:00+00:00, run_after=2021-01-01 00:00:00+00:00
[2026-06-16T01:22:40.204+0000] {processor.py:183} INFO - Processing /home/airflow/.local/lib/python3.8/site-packages/airflow/example_dags/example_xcom.py took 0.432 seconds
[2026-06-16T01:23:14.255+0000] {processor.py:161} INFO - Started process (PID=1656) to work on /home/airflow/.local/lib/python3.8/site-packages/airflow/example_dags/example_xcom.py
[2026-06-16T01:23:14.269+0000] {processor.py:830} INFO - Processing file /home/airflow/.local/lib/python3.8/site-packages/airflow/example_dags/example_xcom.py for tasks to queue
[2026-06-16T01:23:14.329+0000] {logging_mixin.py:188} INFO - [2026-06-16T01:23:14.328+0000] {dagbag.py:538} INFO - Filling up the DagBag from /home/airflow/.local/lib/python3.8/site-packages/airflow/example_dags/example_xcom.py
[2026-06-16T01:23:14.372+0000] {processor.py:840} INFO - DAG(s) 'example_xcom' retrieved from /home/airflow/.local/lib/python3.8/site-packages/airflow/example_dags/example_xcom.py
[2026-06-16T01:23:14.470+0000] {logging_mixin.py:188} INFO - [2026-06-16T01:23:14.470+0000] {dag.py:3036} INFO - Sync 1 DAGs
[2026-06-16T01:23:14.564+0000] {logging_mixin.py:188} INFO - [2026-06-16T01:23:14.560+0000] {dag.py:3823} INFO - Setting next_dagrun for example_xcom to 2021-01-01 00:00:00+00:00, run_after=2021-01-01 00:00:00+00:00
[2026-06-16T01:23:14.690+0000] {processor.py:183} INFO - Processing /home/airflow/.local/lib/python3.8/site-packages/airflow/example_dags/example_xcom.py took 0.488 seconds
[2026-06-16T01:23:45.840+0000] {processor.py:161} INFO - Started process (PID=1711) to work on /home/airflow/.local/lib/python3.8/site-packages/airflow/example_dags/example_xcom.py
[2026-06-16T01:23:45.845+0000] {processor.py:830} INFO - Processing file /home/airflow/.local/lib/python3.8/site-packages/airflow/example_dags/example_xcom.py for tasks to queue
[2026-06-16T01:23:45.858+0000] {logging_mixin.py:188} INFO - [2026-06-16T01:23:45.853+0000] {dagbag.py:538} INFO - Filling up the DagBag from /home/airflow/.local/lib/python3.8/site-packages/airflow/example_dags/example_xcom.py
[2026-06-16T01:23:45.899+0000] {processor.py:840} INFO - DAG(s) 'example_xcom' retrieved from /home/airflow/.local/lib/python3.8/site-packages/airflow/example_dags/example_xcom.py
[2026-06-16T01:23:46.094+0000] {logging_mixin.py:188} INFO - [2026-06-16T01:23:46.094+0000] {dag.py:3036} INFO - Sync 1 DAGs
[2026-06-16T01:23:46.292+0000] {logging_mixin.py:188} INFO - [2026-06-16T01:23:46.290+0000] {dag.py:3823} INFO - Setting next_dagrun for example_xcom to 2021-01-01 00:00:00+00:00, run_after=2021-01-01 00:00:00+00:00
[2026-06-16T01:23:46.717+0000] {processor.py:183} INFO - Processing /home/airflow/.local/lib/python3.8/site-packages/airflow/example_dags/example_xcom.py took 0.889 seconds
[2026-06-16T01:24:17.045+0000] {processor.py:161} INFO - Started process (PID=1765) to work on /home/airflow/.local/lib/python3.8/site-packages/airflow/example_dags/example_xcom.py
[2026-06-16T01:24:17.048+0000] {processor.py:830} INFO - Processing file /home/airflow/.local/lib/python3.8/site-packages/airflow/example_dags/example_xcom.py for tasks to queue
[2026-06-16T01:24:17.053+0000] {logging_mixin.py:188} INFO - [2026-06-16T01:24:17.052+0000] {dagbag.py:538} INFO - Filling up the DagBag from /home/airflow/.local/lib/python3.8/site-packages/airflow/example_dags/example_xcom.py
[2026-06-16T01:24:17.070+0000] {processor.py:840} INFO - DAG(s) 'example_xcom' retrieved from /home/airflow/.local/lib/python3.8/site-packages/airflow/example_dags/example_xcom.py
[2026-06-16T01:24:17.118+0000] {logging_mixin.py:188} INFO - [2026-06-16T01:24:17.118+0000] {dag.py:3036} INFO - Sync 1 DAGs
[2026-06-16T01:24:17.170+0000] {logging_mixin.py:188} INFO - [2026-06-16T01:24:17.169+0000] {dag.py:3823} INFO - Setting next_dagrun for example_xcom to 2021-01-01 00:00:00+00:00, run_after=2021-01-01 00:00:00+00:00
[2026-06-16T01:24:17.217+0000] {processor.py:183} INFO - Processing /home/airflow/.local/lib/python3.8/site-packages/airflow/example_dags/example_xcom.py took 0.183 seconds
[2026-06-16T01:24:47.733+0000] {processor.py:161} INFO - Started process (PID=1821) to work on /home/airflow/.local/lib/python3.8/site-packages/airflow/example_dags/example_xcom.py
[2026-06-16T01:24:47.736+0000] {processor.py:830} INFO - Processing file /home/airflow/.local/lib/python3.8/site-packages/airflow/example_dags/example_xcom.py for tasks to queue
[2026-06-16T01:24:47.744+0000] {logging_mixin.py:188} INFO - [2026-06-16T01:24:47.743+0000] {dagbag.py:538} INFO - Filling up the DagBag from /home/airflow/.local/lib/python3.8/site-packages/airflow/example_dags/example_xcom.py
[2026-06-16T01:24:47.765+0000] {processor.py:840} INFO - DAG(s) 'example_xcom' retrieved from /home/airflow/.local/lib/python3.8/site-packages/airflow/example_dags/example_xcom.py
[2026-06-16T01:24:47.854+0000] {logging_mixin.py:188} INFO - [2026-06-16T01:24:47.852+0000] {dag.py:3036} INFO - Sync 1 DAGs
[2026-06-16T01:24:47.997+0000] {logging_mixin.py:188} INFO - [2026-06-16T01:24:47.996+0000] {dag.py:3823} INFO - Setting next_dagrun for example_xcom to 2021-01-01 00:00:00+00:00, run_after=2021-01-01 00:00:00+00:00
[2026-06-16T01:24:48.069+0000] {processor.py:183} INFO - Processing /home/airflow/.local/lib/python3.8/site-packages/airflow/example_dags/example_xcom.py took 0.346 seconds
[2026-06-16T01:25:18.170+0000] {processor.py:161} INFO - Started process (PID=1877) to work on /home/airflow/.local/lib/python3.8/site-packages/airflow/example_dags/example_xcom.py
[2026-06-16T01:25:18.172+0000] {processor.py:830} INFO - Processing file /home/airflow/.local/lib/python3.8/site-packages/airflow/example_dags/example_xcom.py for tasks to queue
[2026-06-16T01:25:18.177+0000] {logging_mixin.py:188} INFO - [2026-06-16T01:25:18.176+0000] {dagbag.py:538} INFO - Filling up the DagBag from /home/airflow/.local/lib/python3.8/site-packages/airflow/example_dags/example_xcom.py
[2026-06-16T01:25:18.192+0000] {processor.py:840} INFO - DAG(s) 'example_xcom' retrieved from /home/airflow/.local/lib/python3.8/site-packages/airflow/example_dags/example_xcom.py
[2026-06-16T01:25:18.239+0000] {logging_mixin.py:188} INFO - [2026-06-16T01:25:18.239+0000] {dag.py:3036} INFO - Sync 1 DAGs
[2026-06-16T01:25:18.286+0000] {logging_mixin.py:188} INFO - [2026-06-16T01:25:18.285+0000] {dag.py:3823} INFO - Setting next_dagrun for example_xcom to 2021-01-01 00:00:00+00:00, run_after=2021-01-01 00:00:00+00:00
[2026-06-16T01:25:18.329+0000] {processor.py:183} INFO - Processing /home/airflow/.local/lib/python3.8/site-packages/airflow/example_dags/example_xcom.py took 0.168 seconds
[2026-06-16T01:25:48.975+0000] {processor.py:161} INFO - Started process (PID=1933) to work on /home/airflow/.local/lib/python3.8/site-packages/airflow/example_dags/example_xcom.py
[2026-06-16T01:25:48.977+0000] {processor.py:830} INFO - Processing file /home/airflow/.local/lib/python3.8/site-packages/airflow/example_dags/example_xcom.py for tasks to queue
[2026-06-16T01:25:48.981+0000] {logging_mixin.py:188} INFO - [2026-06-16T01:25:48.980+0000] {dagbag.py:538} INFO - Filling up the DagBag from /home/airflow/.local/lib/python3.8/site-packages/airflow/example_dags/example_xcom.py
[2026-06-16T01:25:49.001+0000] {processor.py:840} INFO - DAG(s) 'example_xcom' retrieved from /home/airflow/.local/lib/python3.8/site-packages/airflow/example_dags/example_xcom.py
[2026-06-16T01:25:49.047+0000] {logging_mixin.py:188} INFO - [2026-06-16T01:25:49.046+0000] {dag.py:3036} INFO - Sync 1 DAGs
[2026-06-16T01:25:49.119+0000] {logging_mixin.py:188} INFO - [2026-06-16T01:25:49.119+0000] {dag.py:3823} INFO - Setting next_dagrun for example_xcom to 2021-01-01 00:00:00+00:00, run_after=2021-01-01 00:00:00+00:00
[2026-06-16T01:25:49.178+0000] {processor.py:183} INFO - Processing /home/airflow/.local/lib/python3.8/site-packages/airflow/example_dags/example_xcom.py took 0.208 seconds
[2026-06-16T01:26:19.648+0000] {processor.py:161} INFO - Started process (PID=1989) to work on /home/airflow/.local/lib/python3.8/site-packages/airflow/example_dags/example_xcom.py
[2026-06-16T01:26:19.653+0000] {processor.py:830} INFO - Processing file /home/airflow/.local/lib/python3.8/site-packages/airflow/example_dags/example_xcom.py for tasks to queue
[2026-06-16T01:26:19.659+0000] {logging_mixin.py:188} INFO - [2026-06-16T01:26:19.658+0000] {dagbag.py:538} INFO - Filling up the DagBag from /home/airflow/.local/lib/python3.8/site-packages/airflow/example_dags/example_xcom.py
[2026-06-16T01:26:19.680+0000] {processor.py:840} INFO - DAG(s) 'example_xcom' retrieved from /home/airflow/.local/lib/python3.8/site-packages/airflow/example_dags/example_xcom.py
[2026-06-16T01:26:19.748+0000] {logging_mixin.py:188} INFO - [2026-06-16T01:26:19.747+0000] {dag.py:3036} INFO - Sync 1 DAGs
[2026-06-16T01:26:19.815+0000] {logging_mixin.py:188} INFO - [2026-06-16T01:26:19.814+0000] {dag.py:3823} INFO - Setting next_dagrun for example_xcom to 2021-01-01 00:00:00+00:00, run_after=2021-01-01 00:00:00+00:00
[2026-06-16T01:26:19.866+0000] {processor.py:183} INFO - Processing /home/airflow/.local/lib/python3.8/site-packages/airflow/example_dags/example_xcom.py took 0.231 seconds
[2026-06-16T01:26:50.224+0000] {processor.py:161} INFO - Started process (PID=2051) to work on /home/airflow/.local/lib/python3.8/site-packages/airflow/example_dags/example_xcom.py
[2026-06-16T01:26:50.229+0000] {processor.py:830} INFO - Processing file /home/airflow/.local/lib/python3.8/site-packages/airflow/example_dags/example_xcom.py for tasks to queue
[2026-06-16T01:26:50.234+0000] {logging_mixin.py:188} INFO - [2026-06-16T01:26:50.234+0000] {dagbag.py:538} INFO - Filling up the DagBag from /home/airflow/.local/lib/python3.8/site-packages/airflow/example_dags/example_xcom.py
[2026-06-16T01:26:50.323+0000] {processor.py:840} INFO - DAG(s) 'example_xcom' retrieved from /home/airflow/.local/lib/python3.8/site-packages/airflow/example_dags/example_xcom.py
[2026-06-16T01:26:50.523+0000] {logging_mixin.py:188} INFO - [2026-06-16T01:26:50.523+0000] {dag.py:3036} INFO - Sync 1 DAGs
[2026-06-16T01:26:50.714+0000] {logging_mixin.py:188} INFO - [2026-06-16T01:26:50.713+0000] {dag.py:3823} INFO - Setting next_dagrun for example_xcom to 2021-01-01 00:00:00+00:00, run_after=2021-01-01 00:00:00+00:00
[2026-06-16T01:26:50.862+0000] {processor.py:183} INFO - Processing /home/airflow/.local/lib/python3.8/site-packages/airflow/example_dags/example_xcom.py took 0.699 seconds
[2026-06-16T01:27:21.584+0000] {processor.py:161} INFO - Started process (PID=2107) to work on /home/airflow/.local/lib/python3.8/site-packages/airflow/example_dags/example_xcom.py
[2026-06-16T01:27:21.588+0000] {processor.py:830} INFO - Processing file /home/airflow/.local/lib/python3.8/site-packages/airflow/example_dags/example_xcom.py for tasks to queue
[2026-06-16T01:27:21.594+0000] {logging_mixin.py:188} INFO - [2026-06-16T01:27:21.593+0000] {dagbag.py:538} INFO - Filling up the DagBag from /home/airflow/.local/lib/python3.8/site-packages/airflow/example_dags/example_xcom.py
[2026-06-16T01:27:21.701+0000] {processor.py:840} INFO - DAG(s) 'example_xcom' retrieved from /home/airflow/.local/lib/python3.8/site-packages/airflow/example_dags/example_xcom.py
[2026-06-16T01:27:21.855+0000] {logging_mixin.py:188} INFO - [2026-06-16T01:27:21.854+0000] {dag.py:3036} INFO - Sync 1 DAGs
[2026-06-16T01:27:22.054+0000] {logging_mixin.py:188} INFO - [2026-06-16T01:27:22.053+0000] {dag.py:3823} INFO - Setting next_dagrun for example_xcom to 2021-01-01 00:00:00+00:00, run_after=2021-01-01 00:00:00+00:00
[2026-06-16T01:27:22.129+0000] {processor.py:183} INFO - Processing /home/airflow/.local/lib/python3.8/site-packages/airflow/example_dags/example_xcom.py took 0.562 seconds
[2026-06-16T01:27:52.703+0000] {processor.py:161} INFO - Started process (PID=2163) to work on /home/airflow/.local/lib/python3.8/site-packages/airflow/example_dags/example_xcom.py
[2026-06-16T01:27:52.706+0000] {processor.py:830} INFO - Processing file /home/airflow/.local/lib/python3.8/site-packages/airflow/example_dags/example_xcom.py for tasks to queue
[2026-06-16T01:27:52.710+0000] {logging_mixin.py:188} INFO - [2026-06-16T01:27:52.709+0000] {dagbag.py:538} INFO - Filling up the DagBag from /home/airflow/.local/lib/python3.8/site-packages/airflow/example_dags/example_xcom.py
[2026-06-16T01:27:52.729+0000] {processor.py:840} INFO - DAG(s) 'example_xcom' retrieved from /home/airflow/.local/lib/python3.8/site-packages/airflow/example_dags/example_xcom.py
[2026-06-16T01:27:52.794+0000] {logging_mixin.py:188} INFO - [2026-06-16T01:27:52.793+0000] {dag.py:3036} INFO - Sync 1 DAGs
[2026-06-16T01:27:52.855+0000] {logging_mixin.py:188} INFO - [2026-06-16T01:27:52.854+0000] {dag.py:3823} INFO - Setting next_dagrun for example_xcom to 2021-01-01 00:00:00+00:00, run_after=2021-01-01 00:00:00+00:00
[2026-06-16T01:27:52.908+0000] {processor.py:183} INFO - Processing /home/airflow/.local/lib/python3.8/site-packages/airflow/example_dags/example_xcom.py took 0.211 seconds
[2026-06-16T01:28:23.336+0000] {processor.py:161} INFO - Started process (PID=2219) to work on /home/airflow/.local/lib/python3.8/site-packages/airflow/example_dags/example_xcom.py
[2026-06-16T01:28:23.338+0000] {processor.py:830} INFO - Processing file /home/airflow/.local/lib/python3.8/site-packages/airflow/example_dags/example_xcom.py for tasks to queue
[2026-06-16T01:28:23.342+0000] {logging_mixin.py:188} INFO - [2026-06-16T01:28:23.341+0000] {dagbag.py:538} INFO - Filling up the DagBag from /home/airflow/.local/lib/python3.8/site-packages/airflow/example_dags/example_xcom.py
[2026-06-16T01:28:23.364+0000] {processor.py:840} INFO - DAG(s) 'example_xcom' retrieved from /home/airflow/.local/lib/python3.8/site-packages/airflow/example_dags/example_xcom.py
[2026-06-16T01:28:23.419+0000] {logging_mixin.py:188} INFO - [2026-06-16T01:28:23.418+0000] {dag.py:3036} INFO - Sync 1 DAGs
[2026-06-16T01:28:23.478+0000] {logging_mixin.py:188} INFO - [2026-06-16T01:28:23.478+0000] {dag.py:3823} INFO - Setting next_dagrun for example_xcom to 2021-01-01 00:00:00+00:00, run_after=2021-01-01 00:00:00+00:00
[2026-06-16T01:28:23.527+0000] {processor.py:183} INFO - Processing /home/airflow/.local/lib/python3.8/site-packages/airflow/example_dags/example_xcom.py took 0.200 seconds
[2026-06-16T01:28:54.036+0000] {processor.py:161} INFO - Started process (PID=2274) to work on /home/airflow/.local/lib/python3.8/site-packages/airflow/example_dags/example_xcom.py
[2026-06-16T01:28:54.038+0000] {processor.py:830} INFO - Processing file /home/airflow/.local/lib/python3.8/site-packages/airflow/example_dags/example_xcom.py for tasks to queue
[2026-06-16T01:28:54.043+0000] {logging_mixin.py:188} INFO - [2026-06-16T01:28:54.042+0000] {dagbag.py:538} INFO - Filling up the DagBag from /home/airflow/.local/lib/python3.8/site-packages/airflow/example_dags/example_xcom.py
[2026-06-16T01:28:54.066+0000] {processor.py:840} INFO - DAG(s) 'example_xcom' retrieved from /home/airflow/.local/lib/python3.8/site-packages/airflow/example_dags/example_xcom.py
[2026-06-16T01:28:54.145+0000] {logging_mixin.py:188} INFO - [2026-06-16T01:28:54.144+0000] {dag.py:3036} INFO - Sync 1 DAGs
[2026-06-16T01:28:54.251+0000] {logging_mixin.py:188} INFO - [2026-06-16T01:28:54.250+0000] {dag.py:3823} INFO - Setting next_dagrun for example_xcom to 2021-01-01 00:00:00+00:00, run_after=2021-01-01 00:00:00+00:00
[2026-06-16T01:28:54.350+0000] {processor.py:183} INFO - Processing /home/airflow/.local/lib/python3.8/site-packages/airflow/example_dags/example_xcom.py took 0.322 seconds
[2026-06-16T01:29:24.913+0000] {processor.py:161} INFO - Started process (PID=2330) to work on /home/airflow/.local/lib/python3.8/site-packages/airflow/example_dags/example_xcom.py
[2026-06-16T01:29:24.919+0000] {processor.py:830} INFO - Processing file /home/airflow/.local/lib/python3.8/site-packages/airflow/example_dags/example_xcom.py for tasks to queue
[2026-06-16T01:29:24.926+0000] {logging_mixin.py:188} INFO - [2026-06-16T01:29:24.925+0000] {dagbag.py:538} INFO - Filling up the DagBag from /home/airflow/.local/lib/python3.8/site-packages/airflow/example_dags/example_xcom.py
[2026-06-16T01:29:24.954+0000] {processor.py:840} INFO - DAG(s) 'example_xcom' retrieved from /home/airflow/.local/lib/python3.8/site-packages/airflow/example_dags/example_xcom.py
[2026-06-16T01:29:25.059+0000] {logging_mixin.py:188} INFO - [2026-06-16T01:29:25.059+0000] {dag.py:3036} INFO - Sync 1 DAGs
[2026-06-16T01:29:25.127+0000] {logging_mixin.py:188} INFO - [2026-06-16T01:29:25.126+0000] {dag.py:3823} INFO - Setting next_dagrun for example_xcom to 2021-01-01 00:00:00+00:00, run_after=2021-01-01 00:00:00+00:00
[2026-06-16T01:29:25.182+0000] {processor.py:183} INFO - Processing /home/airflow/.local/lib/python3.8/site-packages/airflow/example_dags/example_xcom.py took 0.288 seconds
[2026-06-16T01:29:55.291+0000] {processor.py:161} INFO - Started process (PID=2386) to work on /home/airflow/.local/lib/python3.8/site-packages/airflow/example_dags/example_xcom.py
[2026-06-16T01:29:55.293+0000] {processor.py:830} INFO - Processing file /home/airflow/.local/lib/python3.8/site-packages/airflow/example_dags/example_xcom.py for tasks to queue
[2026-06-16T01:29:55.301+0000] {logging_mixin.py:188} INFO - [2026-06-16T01:29:55.300+0000] {dagbag.py:538} INFO - Filling up the DagBag from /home/airflow/.local/lib/python3.8/site-packages/airflow/example_dags/example_xcom.py
[2026-06-16T01:29:55.319+0000] {processor.py:840} INFO - DAG(s) 'example_xcom' retrieved from /home/airflow/.local/lib/python3.8/site-packages/airflow/example_dags/example_xcom.py
[2026-06-16T01:29:55.372+0000] {logging_mixin.py:188} INFO - [2026-06-16T01:29:55.372+0000] {dag.py:3036} INFO - Sync 1 DAGs
[2026-06-16T01:29:55.422+0000] {logging_mixin.py:188} INFO - [2026-06-16T01:29:55.422+0000] {dag.py:3823} INFO - Setting next_dagrun for example_xcom to 2021-01-01 00:00:00+00:00, run_after=2021-01-01 00:00:00+00:00
[2026-06-16T01:29:55.464+0000] {processor.py:183} INFO - Processing /home/airflow/.local/lib/python3.8/site-packages/airflow/example_dags/example_xcom.py took 0.180 seconds
[2026-06-16T01:30:25.785+0000] {processor.py:161} INFO - Started process (PID=2443) to work on /home/airflow/.local/lib/python3.8/site-packages/airflow/example_dags/example_xcom.py
[2026-06-16T01:30:25.787+0000] {processor.py:830} INFO - Processing file /home/airflow/.local/lib/python3.8/site-packages/airflow/example_dags/example_xcom.py for tasks to queue
[2026-06-16T01:30:25.791+0000] {logging_mixin.py:188} INFO - [2026-06-16T01:30:25.791+0000] {dagbag.py:538} INFO - Filling up the DagBag from /home/airflow/.local/lib/python3.8/site-packages/airflow/example_dags/example_xcom.py
[2026-06-16T01:30:25.810+0000] {processor.py:840} INFO - DAG(s) 'example_xcom' retrieved from /home/airflow/.local/lib/python3.8/site-packages/airflow/example_dags/example_xcom.py
[2026-06-16T01:30:25.872+0000] {logging_mixin.py:188} INFO - [2026-06-16T01:30:25.871+0000] {dag.py:3036} INFO - Sync 1 DAGs
[2026-06-16T01:30:25.935+0000] {logging_mixin.py:188} INFO - [2026-06-16T01:30:25.934+0000] {dag.py:3823} INFO - Setting next_dagrun for example_xcom to 2021-01-01 00:00:00+00:00, run_after=2021-01-01 00:00:00+00:00
[2026-06-16T01:30:25.997+0000] {processor.py:183} INFO - Processing /home/airflow/.local/lib/python3.8/site-packages/airflow/example_dags/example_xcom.py took 0.221 seconds
[2026-06-16T01:30:56.151+0000] {processor.py:161} INFO - Started process (PID=2499) to work on /home/airflow/.local/lib/python3.8/site-packages/airflow/example_dags/example_xcom.py
[2026-06-16T01:30:56.153+0000] {processor.py:830} INFO - Processing file /home/airflow/.local/lib/python3.8/site-packages/airflow/example_dags/example_xcom.py for tasks to queue
[2026-06-16T01:30:56.158+0000] {logging_mixin.py:188} INFO - [2026-06-16T01:30:56.157+0000] {dagbag.py:538} INFO - Filling up the DagBag from /home/airflow/.local/lib/python3.8/site-packages/airflow/example_dags/example_xcom.py
[2026-06-16T01:30:56.176+0000] {processor.py:840} INFO - DAG(s) 'example_xcom' retrieved from /home/airflow/.local/lib/python3.8/site-packages/airflow/example_dags/example_xcom.py
[2026-06-16T01:30:56.232+0000] {logging_mixin.py:188} INFO - [2026-06-16T01:30:56.232+0000] {dag.py:3036} INFO - Sync 1 DAGs
[2026-06-16T01:30:56.301+0000] {logging_mixin.py:188} INFO - [2026-06-16T01:30:56.301+0000] {dag.py:3823} INFO - Setting next_dagrun for example_xcom to 2021-01-01 00:00:00+00:00, run_after=2021-01-01 00:00:00+00:00
[2026-06-16T01:30:56.660+0000] {processor.py:183} INFO - Processing /home/airflow/.local/lib/python3.8/site-packages/airflow/example_dags/example_xcom.py took 0.519 seconds
[2026-06-16T01:31:26.767+0000] {processor.py:161} INFO - Started process (PID=2555) to work on /home/airflow/.local/lib/python3.8/site-packages/airflow/example_dags/example_xcom.py
[2026-06-16T01:31:26.771+0000] {processor.py:830} INFO - Processing file /home/airflow/.local/lib/python3.8/site-packages/airflow/example_dags/example_xcom.py for tasks to queue
[2026-06-16T01:31:26.776+0000] {logging_mixin.py:188} INFO - [2026-06-16T01:31:26.775+0000] {dagbag.py:538} INFO - Filling up the DagBag from /home/airflow/.local/lib/python3.8/site-packages/airflow/example_dags/example_xcom.py
[2026-06-16T01:31:26.811+0000] {processor.py:840} INFO - DAG(s) 'example_xcom' retrieved from /home/airflow/.local/lib/python3.8/site-packages/airflow/example_dags/example_xcom.py
[2026-06-16T01:31:26.919+0000] {logging_mixin.py:188} INFO - [2026-06-16T01:31:26.918+0000] {dag.py:3036} INFO - Sync 1 DAGs
[2026-06-16T01:31:27.006+0000] {logging_mixin.py:188} INFO - [2026-06-16T01:31:27.006+0000] {dag.py:3823} INFO - Setting next_dagrun for example_xcom to 2021-01-01 00:00:00+00:00, run_after=2021-01-01 00:00:00+00:00
[2026-06-16T01:31:27.097+0000] {processor.py:183} INFO - Processing /home/airflow/.local/lib/python3.8/site-packages/airflow/example_dags/example_xcom.py took 0.351 seconds
[2026-06-16T01:31:57.171+0000] {processor.py:161} INFO - Started process (PID=2610) to work on /home/airflow/.local/lib/python3.8/site-packages/airflow/example_dags/example_xcom.py
[2026-06-16T01:31:57.174+0000] {processor.py:830} INFO - Processing file /home/airflow/.local/lib/python3.8/site-packages/airflow/example_dags/example_xcom.py for tasks to queue
[2026-06-16T01:31:57.179+0000] {logging_mixin.py:188} INFO - [2026-06-16T01:31:57.178+0000] {dagbag.py:538} INFO - Filling up the DagBag from /home/airflow/.local/lib/python3.8/site-packages/airflow/example_dags/example_xcom.py
[2026-06-16T01:31:57.218+0000] {processor.py:840} INFO - DAG(s) 'example_xcom' retrieved from /home/airflow/.local/lib/python3.8/site-packages/airflow/example_dags/example_xcom.py
[2026-06-16T01:31:57.279+0000] {logging_mixin.py:188} INFO - [2026-06-16T01:31:57.279+0000] {dag.py:3036} INFO - Sync 1 DAGs
[2026-06-16T01:31:57.356+0000] {logging_mixin.py:188} INFO - [2026-06-16T01:31:57.355+0000] {dag.py:3823} INFO - Setting next_dagrun for example_xcom to 2021-01-01 00:00:00+00:00, run_after=2021-01-01 00:00:00+00:00
[2026-06-16T01:31:57.459+0000] {processor.py:183} INFO - Processing /home/airflow/.local/lib/python3.8/site-packages/airflow/example_dags/example_xcom.py took 0.303 seconds
[2026-06-16T01:32:27.689+0000] {processor.py:161} INFO - Started process (PID=2671) to work on /home/airflow/.local/lib/python3.8/site-packages/airflow/example_dags/example_xcom.py
[2026-06-16T01:32:27.692+0000] {processor.py:830} INFO - Processing file /home/airflow/.local/lib/python3.8/site-packages/airflow/example_dags/example_xcom.py for tasks to queue
[2026-06-16T01:32:27.700+0000] {logging_mixin.py:188} INFO - [2026-06-16T01:32:27.699+0000] {dagbag.py:538} INFO - Filling up the DagBag from /home/airflow/.local/lib/python3.8/site-packages/airflow/example_dags/example_xcom.py
[2026-06-16T01:32:27.722+0000] {processor.py:840} INFO - DAG(s) 'example_xcom' retrieved from /home/airflow/.local/lib/python3.8/site-packages/airflow/example_dags/example_xcom.py
[2026-06-16T01:32:27.777+0000] {logging_mixin.py:188} INFO - [2026-06-16T01:32:27.777+0000] {dag.py:3036} INFO - Sync 1 DAGs
[2026-06-16T01:32:27.879+0000] {logging_mixin.py:188} INFO - [2026-06-16T01:32:27.876+0000] {dag.py:3823} INFO - Setting next_dagrun for example_xcom to 2021-01-01 00:00:00+00:00, run_after=2021-01-01 00:00:00+00:00
[2026-06-16T01:32:28.012+0000] {processor.py:183} INFO - Processing /home/airflow/.local/lib/python3.8/site-packages/airflow/example_dags/example_xcom.py took 0.329 seconds
[2026-06-16T01:32:58.920+0000] {processor.py:161} INFO - Started process (PID=2727) to work on /home/airflow/.local/lib/python3.8/site-packages/airflow/example_dags/example_xcom.py
[2026-06-16T01:32:58.922+0000] {processor.py:830} INFO - Processing file /home/airflow/.local/lib/python3.8/site-packages/airflow/example_dags/example_xcom.py for tasks to queue
[2026-06-16T01:32:58.940+0000] {logging_mixin.py:188} INFO - [2026-06-16T01:32:58.939+0000] {dagbag.py:538} INFO - Filling up the DagBag from /home/airflow/.local/lib/python3.8/site-packages/airflow/example_dags/example_xcom.py
[2026-06-16T01:32:58.969+0000] {processor.py:840} INFO - DAG(s) 'example_xcom' retrieved from /home/airflow/.local/lib/python3.8/site-packages/airflow/example_dags/example_xcom.py
[2026-06-16T01:32:59.127+0000] {logging_mixin.py:188} INFO - [2026-06-16T01:32:59.127+0000] {dag.py:3036} INFO - Sync 1 DAGs
[2026-06-16T01:32:59.285+0000] {logging_mixin.py:188} INFO - [2026-06-16T01:32:59.285+0000] {dag.py:3823} INFO - Setting next_dagrun for example_xcom to 2021-01-01 00:00:00+00:00, run_after=2021-01-01 00:00:00+00:00
[2026-06-16T01:32:59.399+0000] {processor.py:183} INFO - Processing /home/airflow/.local/lib/python3.8/site-packages/airflow/example_dags/example_xcom.py took 0.518 seconds
[2026-06-16T01:33:30.269+0000] {processor.py:161} INFO - Started process (PID=2783) to work on /home/airflow/.local/lib/python3.8/site-packages/airflow/example_dags/example_xcom.py
[2026-06-16T01:33:30.271+0000] {processor.py:830} INFO - Processing file /home/airflow/.local/lib/python3.8/site-packages/airflow/example_dags/example_xcom.py for tasks to queue
[2026-06-16T01:33:30.275+0000] {logging_mixin.py:188} INFO - [2026-06-16T01:33:30.275+0000] {dagbag.py:538} INFO - Filling up the DagBag from /home/airflow/.local/lib/python3.8/site-packages/airflow/example_dags/example_xcom.py
[2026-06-16T01:33:30.300+0000] {processor.py:840} INFO - DAG(s) 'example_xcom' retrieved from /home/airflow/.local/lib/python3.8/site-packages/airflow/example_dags/example_xcom.py
[2026-06-16T01:33:30.354+0000] {logging_mixin.py:188} INFO - [2026-06-16T01:33:30.353+0000] {dag.py:3036} INFO - Sync 1 DAGs
[2026-06-16T01:33:30.674+0000] {logging_mixin.py:188} INFO - [2026-06-16T01:33:30.674+0000] {dag.py:3823} INFO - Setting next_dagrun for example_xcom to 2021-01-01 00:00:00+00:00, run_after=2021-01-01 00:00:00+00:00
[2026-06-16T01:33:30.726+0000] {processor.py:183} INFO - Processing /home/airflow/.local/lib/python3.8/site-packages/airflow/example_dags/example_xcom.py took 0.466 seconds
[2026-06-16T01:34:01.775+0000] {processor.py:161} INFO - Started process (PID=2839) to work on /home/airflow/.local/lib/python3.8/site-packages/airflow/example_dags/example_xcom.py
[2026-06-16T01:34:01.779+0000] {processor.py:830} INFO - Processing file /home/airflow/.local/lib/python3.8/site-packages/airflow/example_dags/example_xcom.py for tasks to queue
[2026-06-16T01:34:01.787+0000] {logging_mixin.py:188} INFO - [2026-06-16T01:34:01.786+0000] {dagbag.py:538} INFO - Filling up the DagBag from /home/airflow/.local/lib/python3.8/site-packages/airflow/example_dags/example_xcom.py
[2026-06-16T01:34:01.816+0000] {processor.py:840} INFO - DAG(s) 'example_xcom' retrieved from /home/airflow/.local/lib/python3.8/site-packages/airflow/example_dags/example_xcom.py
[2026-06-16T01:34:01.903+0000] {logging_mixin.py:188} INFO - [2026-06-16T01:34:01.901+0000] {dag.py:3036} INFO - Sync 1 DAGs
[2026-06-16T01:34:02.014+0000] {logging_mixin.py:188} INFO - [2026-06-16T01:34:02.013+0000] {dag.py:3823} INFO - Setting next_dagrun for example_xcom to 2021-01-01 00:00:00+00:00, run_after=2021-01-01 00:00:00+00:00
[2026-06-16T01:34:02.320+0000] {processor.py:183} INFO - Processing /home/airflow/.local/lib/python3.8/site-packages/airflow/example_dags/example_xcom.py took 0.556 seconds
[2026-06-16T01:34:32.551+0000] {processor.py:161} INFO - Started process (PID=2892) to work on /home/airflow/.local/lib/python3.8/site-packages/airflow/example_dags/example_xcom.py
[2026-06-16T01:34:32.553+0000] {processor.py:830} INFO - Processing file /home/airflow/.local/lib/python3.8/site-packages/airflow/example_dags/example_xcom.py for tasks to queue
[2026-06-16T01:34:32.557+0000] {logging_mixin.py:188} INFO - [2026-06-16T01:34:32.557+0000] {dagbag.py:538} INFO - Filling up the DagBag from /home/airflow/.local/lib/python3.8/site-packages/airflow/example_dags/example_xcom.py
[2026-06-16T01:34:32.579+0000] {processor.py:840} INFO - DAG(s) 'example_xcom' retrieved from /home/airflow/.local/lib/python3.8/site-packages/airflow/example_dags/example_xcom.py
[2026-06-16T01:34:32.629+0000] {logging_mixin.py:188} INFO - [2026-06-16T01:34:32.629+0000] {dag.py:3036} INFO - Sync 1 DAGs
[2026-06-16T01:34:32.685+0000] {logging_mixin.py:188} INFO - [2026-06-16T01:34:32.684+0000] {dag.py:3823} INFO - Setting next_dagrun for example_xcom to 2021-01-01 00:00:00+00:00, run_after=2021-01-01 00:00:00+00:00
[2026-06-16T01:34:32.727+0000] {processor.py:183} INFO - Processing /home/airflow/.local/lib/python3.8/site-packages/airflow/example_dags/example_xcom.py took 0.186 seconds
[2026-06-16T01:35:03.288+0000] {processor.py:161} INFO - Started process (PID=2948) to work on /home/airflow/.local/lib/python3.8/site-packages/airflow/example_dags/example_xcom.py
[2026-06-16T01:35:03.291+0000] {processor.py:830} INFO - Processing file /home/airflow/.local/lib/python3.8/site-packages/airflow/example_dags/example_xcom.py for tasks to queue
[2026-06-16T01:35:03.300+0000] {logging_mixin.py:188} INFO - [2026-06-16T01:35:03.299+0000] {dagbag.py:538} INFO - Filling up the DagBag from /home/airflow/.local/lib/python3.8/site-packages/airflow/example_dags/example_xcom.py
[2026-06-16T01:35:03.328+0000] {processor.py:840} INFO - DAG(s) 'example_xcom' retrieved from /home/airflow/.local/lib/python3.8/site-packages/airflow/example_dags/example_xcom.py
[2026-06-16T01:35:03.667+0000] {logging_mixin.py:188} INFO - [2026-06-16T01:35:03.667+0000] {dag.py:3036} INFO - Sync 1 DAGs
[2026-06-16T01:35:03.728+0000] {logging_mixin.py:188} INFO - [2026-06-16T01:35:03.727+0000] {dag.py:3823} INFO - Setting next_dagrun for example_xcom to 2021-01-01 00:00:00+00:00, run_after=2021-01-01 00:00:00+00:00
[2026-06-16T01:35:03.770+0000] {processor.py:183} INFO - Processing /home/airflow/.local/lib/python3.8/site-packages/airflow/example_dags/example_xcom.py took 0.492 seconds
[2026-06-16T01:35:33.988+0000] {processor.py:161} INFO - Started process (PID=3004) to work on /home/airflow/.local/lib/python3.8/site-packages/airflow/example_dags/example_xcom.py
[2026-06-16T01:35:33.991+0000] {processor.py:830} INFO - Processing file /home/airflow/.local/lib/python3.8/site-packages/airflow/example_dags/example_xcom.py for tasks to queue
[2026-06-16T01:35:33.996+0000] {logging_mixin.py:188} INFO - [2026-06-16T01:35:33.995+0000] {dagbag.py:538} INFO - Filling up the DagBag from /home/airflow/.local/lib/python3.8/site-packages/airflow/example_dags/example_xcom.py
[2026-06-16T01:35:34.012+0000] {processor.py:840} INFO - DAG(s) 'example_xcom' retrieved from /home/airflow/.local/lib/python3.8/site-packages/airflow/example_dags/example_xcom.py
[2026-06-16T01:35:34.054+0000] {logging_mixin.py:188} INFO - [2026-06-16T01:35:34.054+0000] {dag.py:3036} INFO - Sync 1 DAGs
[2026-06-16T01:35:34.100+0000] {logging_mixin.py:188} INFO - [2026-06-16T01:35:34.100+0000] {dag.py:3823} INFO - Setting next_dagrun for example_xcom to 2021-01-01 00:00:00+00:00, run_after=2021-01-01 00:00:00+00:00
[2026-06-16T01:35:34.144+0000] {processor.py:183} INFO - Processing /home/airflow/.local/lib/python3.8/site-packages/airflow/example_dags/example_xcom.py took 0.163 seconds
[2026-06-16T01:36:04.309+0000] {processor.py:161} INFO - Started process (PID=3060) to work on /home/airflow/.local/lib/python3.8/site-packages/airflow/example_dags/example_xcom.py
[2026-06-16T01:36:04.312+0000] {processor.py:830} INFO - Processing file /home/airflow/.local/lib/python3.8/site-packages/airflow/example_dags/example_xcom.py for tasks to queue
[2026-06-16T01:36:04.316+0000] {logging_mixin.py:188} INFO - [2026-06-16T01:36:04.316+0000] {dagbag.py:538} INFO - Filling up the DagBag from /home/airflow/.local/lib/python3.8/site-packages/airflow/example_dags/example_xcom.py
[2026-06-16T01:36:04.343+0000] {processor.py:840} INFO - DAG(s) 'example_xcom' retrieved from /home/airflow/.local/lib/python3.8/site-packages/airflow/example_dags/example_xcom.py
[2026-06-16T01:36:04.415+0000] {logging_mixin.py:188} INFO - [2026-06-16T01:36:04.414+0000] {dag.py:3036} INFO - Sync 1 DAGs
[2026-06-16T01:36:04.469+0000] {logging_mixin.py:188} INFO - [2026-06-16T01:36:04.468+0000] {dag.py:3823} INFO - Setting next_dagrun for example_xcom to 2021-01-01 00:00:00+00:00, run_after=2021-01-01 00:00:00+00:00
[2026-06-16T01:36:04.531+0000] {processor.py:183} INFO - Processing /home/airflow/.local/lib/python3.8/site-packages/airflow/example_dags/example_xcom.py took 0.230 seconds
[2026-06-16T01:36:35.073+0000] {processor.py:161} INFO - Started process (PID=3116) to work on /home/airflow/.local/lib/python3.8/site-packages/airflow/example_dags/example_xcom.py
[2026-06-16T01:36:35.076+0000] {processor.py:830} INFO - Processing file /home/airflow/.local/lib/python3.8/site-packages/airflow/example_dags/example_xcom.py for tasks to queue
[2026-06-16T01:36:35.081+0000] {logging_mixin.py:188} INFO - [2026-06-16T01:36:35.080+0000] {dagbag.py:538} INFO - Filling up the DagBag from /home/airflow/.local/lib/python3.8/site-packages/airflow/example_dags/example_xcom.py
[2026-06-16T01:36:35.100+0000] {processor.py:840} INFO - DAG(s) 'example_xcom' retrieved from /home/airflow/.local/lib/python3.8/site-packages/airflow/example_dags/example_xcom.py
[2026-06-16T01:36:35.167+0000] {logging_mixin.py:188} INFO - [2026-06-16T01:36:35.166+0000] {dag.py:3036} INFO - Sync 1 DAGs
[2026-06-16T01:36:35.222+0000] {logging_mixin.py:188} INFO - [2026-06-16T01:36:35.221+0000] {dag.py:3823} INFO - Setting next_dagrun for example_xcom to 2021-01-01 00:00:00+00:00, run_after=2021-01-01 00:00:00+00:00
[2026-06-16T01:36:35.263+0000] {processor.py:183} INFO - Processing /home/airflow/.local/lib/python3.8/site-packages/airflow/example_dags/example_xcom.py took 0.200 seconds
[2026-06-16T01:37:05.814+0000] {processor.py:161} INFO - Started process (PID=3172) to work on /home/airflow/.local/lib/python3.8/site-packages/airflow/example_dags/example_xcom.py
[2026-06-16T01:37:05.824+0000] {processor.py:830} INFO - Processing file /home/airflow/.local/lib/python3.8/site-packages/airflow/example_dags/example_xcom.py for tasks to queue
[2026-06-16T01:37:05.832+0000] {logging_mixin.py:188} INFO - [2026-06-16T01:37:05.831+0000] {dagbag.py:538} INFO - Filling up the DagBag from /home/airflow/.local/lib/python3.8/site-packages/airflow/example_dags/example_xcom.py
[2026-06-16T01:37:05.860+0000] {processor.py:840} INFO - DAG(s) 'example_xcom' retrieved from /home/airflow/.local/lib/python3.8/site-packages/airflow/example_dags/example_xcom.py
[2026-06-16T01:37:05.936+0000] {logging_mixin.py:188} INFO - [2026-06-16T01:37:05.935+0000] {dag.py:3036} INFO - Sync 1 DAGs
[2026-06-16T01:37:06.047+0000] {logging_mixin.py:188} INFO - [2026-06-16T01:37:06.043+0000] {dag.py:3823} INFO - Setting next_dagrun for example_xcom to 2021-01-01 00:00:00+00:00, run_after=2021-01-01 00:00:00+00:00
[2026-06-16T01:37:06.147+0000] {processor.py:183} INFO - Processing /home/airflow/.local/lib/python3.8/site-packages/airflow/example_dags/example_xcom.py took 0.366 seconds
[2026-06-16T01:37:36.699+0000] {processor.py:161} INFO - Started process (PID=3227) to work on /home/airflow/.local/lib/python3.8/site-packages/airflow/example_dags/example_xcom.py
[2026-06-16T01:37:36.702+0000] {processor.py:830} INFO - Processing file /home/airflow/.local/lib/python3.8/site-packages/airflow/example_dags/example_xcom.py for tasks to queue
[2026-06-16T01:37:36.707+0000] {logging_mixin.py:188} INFO - [2026-06-16T01:37:36.706+0000] {dagbag.py:538} INFO - Filling up the DagBag from /home/airflow/.local/lib/python3.8/site-packages/airflow/example_dags/example_xcom.py
[2026-06-16T01:37:36.729+0000] {processor.py:840} INFO - DAG(s) 'example_xcom' retrieved from /home/airflow/.local/lib/python3.8/site-packages/airflow/example_dags/example_xcom.py
[2026-06-16T01:37:36.794+0000] {logging_mixin.py:188} INFO - [2026-06-16T01:37:36.793+0000] {dag.py:3036} INFO - Sync 1 DAGs
[2026-06-16T01:37:36.852+0000] {logging_mixin.py:188} INFO - [2026-06-16T01:37:36.851+0000] {dag.py:3823} INFO - Setting next_dagrun for example_xcom to 2021-01-01 00:00:00+00:00, run_after=2021-01-01 00:00:00+00:00
[2026-06-16T01:37:36.908+0000] {processor.py:183} INFO - Processing /home/airflow/.local/lib/python3.8/site-packages/airflow/example_dags/example_xcom.py took 0.216 seconds
[2026-06-16T01:38:07.284+0000] {processor.py:161} INFO - Started process (PID=3283) to work on /home/airflow/.local/lib/python3.8/site-packages/airflow/example_dags/example_xcom.py
[2026-06-16T01:38:07.286+0000] {processor.py:830} INFO - Processing file /home/airflow/.local/lib/python3.8/site-packages/airflow/example_dags/example_xcom.py for tasks to queue
[2026-06-16T01:38:07.290+0000] {logging_mixin.py:188} INFO - [2026-06-16T01:38:07.289+0000] {dagbag.py:538} INFO - Filling up the DagBag from /home/airflow/.local/lib/python3.8/site-packages/airflow/example_dags/example_xcom.py
[2026-06-16T01:38:07.310+0000] {processor.py:840} INFO - DAG(s) 'example_xcom' retrieved from /home/airflow/.local/lib/python3.8/site-packages/airflow/example_dags/example_xcom.py
[2026-06-16T01:38:07.377+0000] {logging_mixin.py:188} INFO - [2026-06-16T01:38:07.376+0000] {dag.py:3036} INFO - Sync 1 DAGs
[2026-06-16T01:38:07.441+0000] {logging_mixin.py:188} INFO - [2026-06-16T01:38:07.441+0000] {dag.py:3823} INFO - Setting next_dagrun for example_xcom to 2021-01-01 00:00:00+00:00, run_after=2021-01-01 00:00:00+00:00
[2026-06-16T01:38:07.521+0000] {processor.py:183} INFO - Processing /home/airflow/.local/lib/python3.8/site-packages/airflow/example_dags/example_xcom.py took 0.245 seconds
[2026-06-16T01:38:38.026+0000] {processor.py:161} INFO - Started process (PID=3338) to work on /home/airflow/.local/lib/python3.8/site-packages/airflow/example_dags/example_xcom.py
[2026-06-16T01:38:38.029+0000] {processor.py:830} INFO - Processing file /home/airflow/.local/lib/python3.8/site-packages/airflow/example_dags/example_xcom.py for tasks to queue
[2026-06-16T01:38:38.035+0000] {logging_mixin.py:188} INFO - [2026-06-16T01:38:38.034+0000] {dagbag.py:538} INFO - Filling up the DagBag from /home/airflow/.local/lib/python3.8/site-packages/airflow/example_dags/example_xcom.py
[2026-06-16T01:38:38.058+0000] {processor.py:840} INFO - DAG(s) 'example_xcom' retrieved from /home/airflow/.local/lib/python3.8/site-packages/airflow/example_dags/example_xcom.py
[2026-06-16T01:38:38.132+0000] {logging_mixin.py:188} INFO - [2026-06-16T01:38:38.131+0000] {dag.py:3036} INFO - Sync 1 DAGs
[2026-06-16T01:38:38.196+0000] {logging_mixin.py:188} INFO - [2026-06-16T01:38:38.195+0000] {dag.py:3823} INFO - Setting next_dagrun for example_xcom to 2021-01-01 00:00:00+00:00, run_after=2021-01-01 00:00:00+00:00
[2026-06-16T01:38:38.274+0000] {processor.py:183} INFO - Processing /home/airflow/.local/lib/python3.8/site-packages/airflow/example_dags/example_xcom.py took 0.259 seconds
[2026-06-16T01:39:08.979+0000] {processor.py:161} INFO - Started process (PID=3394) to work on /home/airflow/.local/lib/python3.8/site-packages/airflow/example_dags/example_xcom.py
[2026-06-16T01:39:08.983+0000] {processor.py:830} INFO - Processing file /home/airflow/.local/lib/python3.8/site-packages/airflow/example_dags/example_xcom.py for tasks to queue
[2026-06-16T01:39:08.992+0000] {logging_mixin.py:188} INFO - [2026-06-16T01:39:08.991+0000] {dagbag.py:538} INFO - Filling up the DagBag from /home/airflow/.local/lib/python3.8/site-packages/airflow/example_dags/example_xcom.py
[2026-06-16T01:39:09.013+0000] {processor.py:840} INFO - DAG(s) 'example_xcom' retrieved from /home/airflow/.local/lib/python3.8/site-packages/airflow/example_dags/example_xcom.py
[2026-06-16T01:39:09.076+0000] {logging_mixin.py:188} INFO - [2026-06-16T01:39:09.075+0000] {dag.py:3036} INFO - Sync 1 DAGs
[2026-06-16T01:39:09.147+0000] {logging_mixin.py:188} INFO - [2026-06-16T01:39:09.145+0000] {dag.py:3823} INFO - Setting next_dagrun for example_xcom to 2021-01-01 00:00:00+00:00, run_after=2021-01-01 00:00:00+00:00
[2026-06-16T01:39:09.268+0000] {processor.py:183} INFO - Processing /home/airflow/.local/lib/python3.8/site-packages/airflow/example_dags/example_xcom.py took 0.299 seconds
[2026-06-16T01:39:39.813+0000] {processor.py:161} INFO - Started process (PID=3450) to work on /home/airflow/.local/lib/python3.8/site-packages/airflow/example_dags/example_xcom.py
[2026-06-16T01:39:39.815+0000] {processor.py:830} INFO - Processing file /home/airflow/.local/lib/python3.8/site-packages/airflow/example_dags/example_xcom.py for tasks to queue
[2026-06-16T01:39:39.819+0000] {logging_mixin.py:188} INFO - [2026-06-16T01:39:39.819+0000] {dagbag.py:538} INFO - Filling up the DagBag from /home/airflow/.local/lib/python3.8/site-packages/airflow/example_dags/example_xcom.py
[2026-06-16T01:39:39.839+0000] {processor.py:840} INFO - DAG(s) 'example_xcom' retrieved from /home/airflow/.local/lib/python3.8/site-packages/airflow/example_dags/example_xcom.py
[2026-06-16T01:39:39.902+0000] {logging_mixin.py:188} INFO - [2026-06-16T01:39:39.902+0000] {dag.py:3036} INFO - Sync 1 DAGs
[2026-06-16T01:39:39.977+0000] {logging_mixin.py:188} INFO - [2026-06-16T01:39:39.976+0000] {dag.py:3823} INFO - Setting next_dagrun for example_xcom to 2021-01-01 00:00:00+00:00, run_after=2021-01-01 00:00:00+00:00
[2026-06-16T01:39:40.086+0000] {processor.py:183} INFO - Processing /home/airflow/.local/lib/python3.8/site-packages/airflow/example_dags/example_xcom.py took 0.281 seconds
[2026-06-16T01:40:10.452+0000] {processor.py:161} INFO - Started process (PID=3506) to work on /home/airflow/.local/lib/python3.8/site-packages/airflow/example_dags/example_xcom.py
[2026-06-16T01:40:10.455+0000] {processor.py:830} INFO - Processing file /home/airflow/.local/lib/python3.8/site-packages/airflow/example_dags/example_xcom.py for tasks to queue
[2026-06-16T01:40:10.459+0000] {logging_mixin.py:188} INFO - [2026-06-16T01:40:10.458+0000] {dagbag.py:538} INFO - Filling up the DagBag from /home/airflow/.local/lib/python3.8/site-packages/airflow/example_dags/example_xcom.py
[2026-06-16T01:40:10.479+0000] {processor.py:840} INFO - DAG(s) 'example_xcom' retrieved from /home/airflow/.local/lib/python3.8/site-packages/airflow/example_dags/example_xcom.py
[2026-06-16T01:40:10.552+0000] {logging_mixin.py:188} INFO - [2026-06-16T01:40:10.552+0000] {dag.py:3036} INFO - Sync 1 DAGs
[2026-06-16T01:40:10.624+0000] {logging_mixin.py:188} INFO - [2026-06-16T01:40:10.623+0000] {dag.py:3823} INFO - Setting next_dagrun for example_xcom to 2021-01-01 00:00:00+00:00, run_after=2021-01-01 00:00:00+00:00
[2026-06-16T01:40:10.691+0000] {processor.py:183} INFO - Processing /home/airflow/.local/lib/python3.8/site-packages/airflow/example_dags/example_xcom.py took 0.246 seconds
[2026-06-16T01:40:40.954+0000] {processor.py:161} INFO - Started process (PID=3563) to work on /home/airflow/.local/lib/python3.8/site-packages/airflow/example_dags/example_xcom.py
[2026-06-16T01:40:40.958+0000] {processor.py:830} INFO - Processing file /home/airflow/.local/lib/python3.8/site-packages/airflow/example_dags/example_xcom.py for tasks to queue
[2026-06-16T01:40:40.968+0000] {logging_mixin.py:188} INFO - [2026-06-16T01:40:40.967+0000] {dagbag.py:538} INFO - Filling up the DagBag from /home/airflow/.local/lib/python3.8/site-packages/airflow/example_dags/example_xcom.py
[2026-06-16T01:40:41.013+0000] {processor.py:840} INFO - DAG(s) 'example_xcom' retrieved from /home/airflow/.local/lib/python3.8/site-packages/airflow/example_dags/example_xcom.py
[2026-06-16T01:40:41.109+0000] {logging_mixin.py:188} INFO - [2026-06-16T01:40:41.109+0000] {dag.py:3036} INFO - Sync 1 DAGs
[2026-06-16T01:40:41.202+0000] {logging_mixin.py:188} INFO - [2026-06-16T01:40:41.200+0000] {dag.py:3823} INFO - Setting next_dagrun for example_xcom to 2021-01-01 00:00:00+00:00, run_after=2021-01-01 00:00:00+00:00
[2026-06-16T01:40:41.277+0000] {processor.py:183} INFO - Processing /home/airflow/.local/lib/python3.8/site-packages/airflow/example_dags/example_xcom.py took 0.334 seconds
[2026-06-16T01:41:11.464+0000] {processor.py:161} INFO - Started process (PID=3619) to work on /home/airflow/.local/lib/python3.8/site-packages/airflow/example_dags/example_xcom.py
[2026-06-16T01:41:11.466+0000] {processor.py:830} INFO - Processing file /home/airflow/.local/lib/python3.8/site-packages/airflow/example_dags/example_xcom.py for tasks to queue
[2026-06-16T01:41:11.472+0000] {logging_mixin.py:188} INFO - [2026-06-16T01:41:11.471+0000] {dagbag.py:538} INFO - Filling up the DagBag from /home/airflow/.local/lib/python3.8/site-packages/airflow/example_dags/example_xcom.py
[2026-06-16T01:41:11.498+0000] {processor.py:840} INFO - DAG(s) 'example_xcom' retrieved from /home/airflow/.local/lib/python3.8/site-packages/airflow/example_dags/example_xcom.py
[2026-06-16T01:41:11.574+0000] {logging_mixin.py:188} INFO - [2026-06-16T01:41:11.574+0000] {dag.py:3036} INFO - Sync 1 DAGs
[2026-06-16T01:41:11.652+0000] {logging_mixin.py:188} INFO - [2026-06-16T01:41:11.651+0000] {dag.py:3823} INFO - Setting next_dagrun for example_xcom to 2021-01-01 00:00:00+00:00, run_after=2021-01-01 00:00:00+00:00
[2026-06-16T01:41:11.718+0000] {processor.py:183} INFO - Processing /home/airflow/.local/lib/python3.8/site-packages/airflow/example_dags/example_xcom.py took 0.273 seconds
[2026-06-16T01:41:42.652+0000] {processor.py:161} INFO - Started process (PID=3675) to work on /home/airflow/.local/lib/python3.8/site-packages/airflow/example_dags/example_xcom.py
[2026-06-16T01:41:42.656+0000] {processor.py:830} INFO - Processing file /home/airflow/.local/lib/python3.8/site-packages/airflow/example_dags/example_xcom.py for tasks to queue
[2026-06-16T01:41:42.666+0000] {logging_mixin.py:188} INFO - [2026-06-16T01:41:42.664+0000] {dagbag.py:538} INFO - Filling up the DagBag from /home/airflow/.local/lib/python3.8/site-packages/airflow/example_dags/example_xcom.py
[2026-06-16T01:41:42.699+0000] {processor.py:840} INFO - DAG(s) 'example_xcom' retrieved from /home/airflow/.local/lib/python3.8/site-packages/airflow/example_dags/example_xcom.py
[2026-06-16T01:41:42.787+0000] {logging_mixin.py:188} INFO - [2026-06-16T01:41:42.786+0000] {dag.py:3036} INFO - Sync 1 DAGs
[2026-06-16T01:41:42.902+0000] {logging_mixin.py:188} INFO - [2026-06-16T01:41:42.901+0000] {dag.py:3823} INFO - Setting next_dagrun for example_xcom to 2021-01-01 00:00:00+00:00, run_after=2021-01-01 00:00:00+00:00
[2026-06-16T01:41:42.985+0000] {processor.py:183} INFO - Processing /home/airflow/.local/lib/python3.8/site-packages/airflow/example_dags/example_xcom.py took 0.346 seconds
[2026-06-16T01:42:13.065+0000] {processor.py:161} INFO - Started process (PID=3731) to work on /home/airflow/.local/lib/python3.8/site-packages/airflow/example_dags/example_xcom.py
[2026-06-16T01:42:13.067+0000] {processor.py:830} INFO - Processing file /home/airflow/.local/lib/python3.8/site-packages/airflow/example_dags/example_xcom.py for tasks to queue
[2026-06-16T01:42:13.071+0000] {logging_mixin.py:188} INFO - [2026-06-16T01:42:13.070+0000] {dagbag.py:538} INFO - Filling up the DagBag from /home/airflow/.local/lib/python3.8/site-packages/airflow/example_dags/example_xcom.py
[2026-06-16T01:42:13.089+0000] {processor.py:840} INFO - DAG(s) 'example_xcom' retrieved from /home/airflow/.local/lib/python3.8/site-packages/airflow/example_dags/example_xcom.py
[2026-06-16T01:42:13.133+0000] {logging_mixin.py:188} INFO - [2026-06-16T01:42:13.132+0000] {dag.py:3036} INFO - Sync 1 DAGs
[2026-06-16T01:42:13.177+0000] {logging_mixin.py:188} INFO - [2026-06-16T01:42:13.177+0000] {dag.py:3823} INFO - Setting next_dagrun for example_xcom to 2021-01-01 00:00:00+00:00, run_after=2021-01-01 00:00:00+00:00
[2026-06-16T01:42:13.227+0000] {processor.py:183} INFO - Processing /home/airflow/.local/lib/python3.8/site-packages/airflow/example_dags/example_xcom.py took 0.169 seconds
[2026-06-16T01:42:43.279+0000] {processor.py:161} INFO - Started process (PID=3787) to work on /home/airflow/.local/lib/python3.8/site-packages/airflow/example_dags/example_xcom.py
[2026-06-16T01:42:43.282+0000] {processor.py:830} INFO - Processing file /home/airflow/.local/lib/python3.8/site-packages/airflow/example_dags/example_xcom.py for tasks to queue
[2026-06-16T01:42:43.286+0000] {logging_mixin.py:188} INFO - [2026-06-16T01:42:43.286+0000] {dagbag.py:538} INFO - Filling up the DagBag from /home/airflow/.local/lib/python3.8/site-packages/airflow/example_dags/example_xcom.py
[2026-06-16T01:42:43.306+0000] {processor.py:840} INFO - DAG(s) 'example_xcom' retrieved from /home/airflow/.local/lib/python3.8/site-packages/airflow/example_dags/example_xcom.py
[2026-06-16T01:42:43.356+0000] {logging_mixin.py:188} INFO - [2026-06-16T01:42:43.355+0000] {dag.py:3036} INFO - Sync 1 DAGs
[2026-06-16T01:42:43.407+0000] {logging_mixin.py:188} INFO - [2026-06-16T01:42:43.407+0000] {dag.py:3823} INFO - Setting next_dagrun for example_xcom to 2021-01-01 00:00:00+00:00, run_after=2021-01-01 00:00:00+00:00
[2026-06-16T01:42:43.447+0000] {processor.py:183} INFO - Processing /home/airflow/.local/lib/python3.8/site-packages/airflow/example_dags/example_xcom.py took 0.175 seconds
[2026-06-16T01:43:13.501+0000] {processor.py:161} INFO - Started process (PID=3843) to work on /home/airflow/.local/lib/python3.8/site-packages/airflow/example_dags/example_xcom.py
[2026-06-16T01:43:13.504+0000] {processor.py:830} INFO - Processing file /home/airflow/.local/lib/python3.8/site-packages/airflow/example_dags/example_xcom.py for tasks to queue
[2026-06-16T01:43:13.508+0000] {logging_mixin.py:188} INFO - [2026-06-16T01:43:13.508+0000] {dagbag.py:538} INFO - Filling up the DagBag from /home/airflow/.local/lib/python3.8/site-packages/airflow/example_dags/example_xcom.py
[2026-06-16T01:43:13.530+0000] {processor.py:840} INFO - DAG(s) 'example_xcom' retrieved from /home/airflow/.local/lib/python3.8/site-packages/airflow/example_dags/example_xcom.py
[2026-06-16T01:43:13.583+0000] {logging_mixin.py:188} INFO - [2026-06-16T01:43:13.583+0000] {dag.py:3036} INFO - Sync 1 DAGs
[2026-06-16T01:43:13.636+0000] {logging_mixin.py:188} INFO - [2026-06-16T01:43:13.635+0000] {dag.py:3823} INFO - Setting next_dagrun for example_xcom to 2021-01-01 00:00:00+00:00, run_after=2021-01-01 00:00:00+00:00
[2026-06-16T01:43:13.678+0000] {processor.py:183} INFO - Processing /home/airflow/.local/lib/python3.8/site-packages/airflow/example_dags/example_xcom.py took 0.188 seconds
[2026-06-16T01:43:44.063+0000] {processor.py:161} INFO - Started process (PID=3899) to work on /home/airflow/.local/lib/python3.8/site-packages/airflow/example_dags/example_xcom.py
[2026-06-16T01:43:44.066+0000] {processor.py:830} INFO - Processing file /home/airflow/.local/lib/python3.8/site-packages/airflow/example_dags/example_xcom.py for tasks to queue
[2026-06-16T01:43:44.072+0000] {logging_mixin.py:188} INFO - [2026-06-16T01:43:44.071+0000] {dagbag.py:538} INFO - Filling up the DagBag from /home/airflow/.local/lib/python3.8/site-packages/airflow/example_dags/example_xcom.py
[2026-06-16T01:43:44.089+0000] {processor.py:840} INFO - DAG(s) 'example_xcom' retrieved from /home/airflow/.local/lib/python3.8/site-packages/airflow/example_dags/example_xcom.py
[2026-06-16T01:43:44.143+0000] {logging_mixin.py:188} INFO - [2026-06-16T01:43:44.142+0000] {dag.py:3036} INFO - Sync 1 DAGs
[2026-06-16T01:43:44.207+0000] {logging_mixin.py:188} INFO - [2026-06-16T01:43:44.206+0000] {dag.py:3823} INFO - Setting next_dagrun for example_xcom to 2021-01-01 00:00:00+00:00, run_after=2021-01-01 00:00:00+00:00
[2026-06-16T01:43:44.246+0000] {processor.py:183} INFO - Processing /home/airflow/.local/lib/python3.8/site-packages/airflow/example_dags/example_xcom.py took 0.191 seconds
[2026-06-16T01:44:14.329+0000] {processor.py:161} INFO - Started process (PID=3955) to work on /home/airflow/.local/lib/python3.8/site-packages/airflow/example_dags/example_xcom.py
[2026-06-16T01:44:14.331+0000] {processor.py:830} INFO - Processing file /home/airflow/.local/lib/python3.8/site-packages/airflow/example_dags/example_xcom.py for tasks to queue
[2026-06-16T01:44:14.335+0000] {logging_mixin.py:188} INFO - [2026-06-16T01:44:14.334+0000] {dagbag.py:538} INFO - Filling up the DagBag from /home/airflow/.local/lib/python3.8/site-packages/airflow/example_dags/example_xcom.py
[2026-06-16T01:44:14.349+0000] {processor.py:840} INFO - DAG(s) 'example_xcom' retrieved from /home/airflow/.local/lib/python3.8/site-packages/airflow/example_dags/example_xcom.py
[2026-06-16T01:44:14.393+0000] {logging_mixin.py:188} INFO - [2026-06-16T01:44:14.393+0000] {dag.py:3036} INFO - Sync 1 DAGs
[2026-06-16T01:44:14.440+0000] {logging_mixin.py:188} INFO - [2026-06-16T01:44:14.440+0000] {dag.py:3823} INFO - Setting next_dagrun for example_xcom to 2021-01-01 00:00:00+00:00, run_after=2021-01-01 00:00:00+00:00
[2026-06-16T01:44:14.478+0000] {processor.py:183} INFO - Processing /home/airflow/.local/lib/python3.8/site-packages/airflow/example_dags/example_xcom.py took 0.155 seconds
[2026-06-16T01:44:46.871+0000] {processor.py:161} INFO - Started process (PID=4012) to work on /home/airflow/.local/lib/python3.8/site-packages/airflow/example_dags/example_xcom.py
[2026-06-16T01:44:46.874+0000] {processor.py:830} INFO - Processing file /home/airflow/.local/lib/python3.8/site-packages/airflow/example_dags/example_xcom.py for tasks to queue
[2026-06-16T01:44:46.880+0000] {logging_mixin.py:188} INFO - [2026-06-16T01:44:46.879+0000] {dagbag.py:538} INFO - Filling up the DagBag from /home/airflow/.local/lib/python3.8/site-packages/airflow/example_dags/example_xcom.py
[2026-06-16T01:44:46.905+0000] {processor.py:840} INFO - DAG(s) 'example_xcom' retrieved from /home/airflow/.local/lib/python3.8/site-packages/airflow/example_dags/example_xcom.py
[2026-06-16T01:44:46.989+0000] {logging_mixin.py:188} INFO - [2026-06-16T01:44:46.989+0000] {dag.py:3036} INFO - Sync 1 DAGs
[2026-06-16T01:44:47.059+0000] {logging_mixin.py:188} INFO - [2026-06-16T01:44:47.058+0000] {dag.py:3823} INFO - Setting next_dagrun for example_xcom to 2021-01-01 00:00:00+00:00, run_after=2021-01-01 00:00:00+00:00
[2026-06-16T01:44:47.112+0000] {processor.py:183} INFO - Processing /home/airflow/.local/lib/python3.8/site-packages/airflow/example_dags/example_xcom.py took 0.252 seconds
[2026-06-16T01:45:17.877+0000] {processor.py:161} INFO - Started process (PID=4068) to work on /home/airflow/.local/lib/python3.8/site-packages/airflow/example_dags/example_xcom.py
[2026-06-16T01:45:17.880+0000] {processor.py:830} INFO - Processing file /home/airflow/.local/lib/python3.8/site-packages/airflow/example_dags/example_xcom.py for tasks to queue
[2026-06-16T01:45:17.883+0000] {logging_mixin.py:188} INFO - [2026-06-16T01:45:17.883+0000] {dagbag.py:538} INFO - Filling up the DagBag from /home/airflow/.local/lib/python3.8/site-packages/airflow/example_dags/example_xcom.py
[2026-06-16T01:45:17.901+0000] {processor.py:840} INFO - DAG(s) 'example_xcom' retrieved from /home/airflow/.local/lib/python3.8/site-packages/airflow/example_dags/example_xcom.py
[2026-06-16T01:45:17.962+0000] {logging_mixin.py:188} INFO - [2026-06-16T01:45:17.962+0000] {dag.py:3036} INFO - Sync 1 DAGs
[2026-06-16T01:45:18.009+0000] {logging_mixin.py:188} INFO - [2026-06-16T01:45:18.008+0000] {dag.py:3823} INFO - Setting next_dagrun for example_xcom to 2021-01-01 00:00:00+00:00, run_after=2021-01-01 00:00:00+00:00
[2026-06-16T01:45:18.054+0000] {processor.py:183} INFO - Processing /home/airflow/.local/lib/python3.8/site-packages/airflow/example_dags/example_xcom.py took 0.184 seconds
[2026-06-16T01:45:48.296+0000] {processor.py:161} INFO - Started process (PID=4124) to work on /home/airflow/.local/lib/python3.8/site-packages/airflow/example_dags/example_xcom.py
[2026-06-16T01:45:48.299+0000] {processor.py:830} INFO - Processing file /home/airflow/.local/lib/python3.8/site-packages/airflow/example_dags/example_xcom.py for tasks to queue
[2026-06-16T01:45:48.307+0000] {logging_mixin.py:188} INFO - [2026-06-16T01:45:48.306+0000] {dagbag.py:538} INFO - Filling up the DagBag from /home/airflow/.local/lib/python3.8/site-packages/airflow/example_dags/example_xcom.py
[2026-06-16T01:45:48.338+0000] {processor.py:840} INFO - DAG(s) 'example_xcom' retrieved from /home/airflow/.local/lib/python3.8/site-packages/airflow/example_dags/example_xcom.py
[2026-06-16T01:45:48.435+0000] {logging_mixin.py:188} INFO - [2026-06-16T01:45:48.434+0000] {dag.py:3036} INFO - Sync 1 DAGs
[2026-06-16T01:45:48.527+0000] {logging_mixin.py:188} INFO - [2026-06-16T01:45:48.527+0000] {dag.py:3823} INFO - Setting next_dagrun for example_xcom to 2021-01-01 00:00:00+00:00, run_after=2021-01-01 00:00:00+00:00
[2026-06-16T01:45:48.588+0000] {processor.py:183} INFO - Processing /home/airflow/.local/lib/python3.8/site-packages/airflow/example_dags/example_xcom.py took 0.302 seconds
[2026-06-16T01:46:18.860+0000] {processor.py:161} INFO - Started process (PID=4180) to work on /home/airflow/.local/lib/python3.8/site-packages/airflow/example_dags/example_xcom.py
[2026-06-16T01:46:18.862+0000] {processor.py:830} INFO - Processing file /home/airflow/.local/lib/python3.8/site-packages/airflow/example_dags/example_xcom.py for tasks to queue
[2026-06-16T01:46:18.866+0000] {logging_mixin.py:188} INFO - [2026-06-16T01:46:18.866+0000] {dagbag.py:538} INFO - Filling up the DagBag from /home/airflow/.local/lib/python3.8/site-packages/airflow/example_dags/example_xcom.py
[2026-06-16T01:46:18.884+0000] {processor.py:840} INFO - DAG(s) 'example_xcom' retrieved from /home/airflow/.local/lib/python3.8/site-packages/airflow/example_dags/example_xcom.py
[2026-06-16T01:46:18.950+0000] {logging_mixin.py:188} INFO - [2026-06-16T01:46:18.949+0000] {dag.py:3036} INFO - Sync 1 DAGs
[2026-06-16T01:46:19.005+0000] {logging_mixin.py:188} INFO - [2026-06-16T01:46:19.005+0000] {dag.py:3823} INFO - Setting next_dagrun for example_xcom to 2021-01-01 00:00:00+00:00, run_after=2021-01-01 00:00:00+00:00
[2026-06-16T01:46:19.056+0000] {processor.py:183} INFO - Processing /home/airflow/.local/lib/python3.8/site-packages/airflow/example_dags/example_xcom.py took 0.206 seconds
