[2026-06-16T01:08:38.980+0000] {processor.py:161} INFO - Started process (PID=126) to work on /home/airflow/.local/lib/python3.8/site-packages/airflow/example_dags/example_branch_operator.py
[2026-06-16T01:08:38.985+0000] {processor.py:830} INFO - Processing file /home/airflow/.local/lib/python3.8/site-packages/airflow/example_dags/example_branch_operator.py for tasks to queue
[2026-06-16T01:08:38.999+0000] {logging_mixin.py:188} INFO - [2026-06-16T01:08:38.997+0000] {dagbag.py:538} INFO - Filling up the DagBag from /home/airflow/.local/lib/python3.8/site-packages/airflow/example_dags/example_branch_operator.py
[2026-06-16T01:08:39.249+0000] {processor.py:840} INFO - DAG(s) 'example_branch_operator' retrieved from /home/airflow/.local/lib/python3.8/site-packages/airflow/example_dags/example_branch_operator.py
[2026-06-16T01:08:40.618+0000] {logging_mixin.py:188} INFO - [2026-06-16T01:08:40.613+0000] {dag.py:3036} INFO - Sync 1 DAGs
[2026-06-16T01:08:40.917+0000] {logging_mixin.py:188} INFO - [2026-06-16T01:08:40.915+0000] {dag.py:3823} INFO - Setting next_dagrun for example_branch_operator to 2026-06-15 00:00:00+00:00, run_after=2026-06-16 00:00:00+00:00
[2026-06-16T01:08:41.080+0000] {processor.py:183} INFO - Processing /home/airflow/.local/lib/python3.8/site-packages/airflow/example_dags/example_branch_operator.py took 2.166 seconds
[2026-06-16T01:09:11.740+0000] {processor.py:161} INFO - Started process (PID=182) to work on /home/airflow/.local/lib/python3.8/site-packages/airflow/example_dags/example_branch_operator.py
[2026-06-16T01:09:11.746+0000] {processor.py:830} INFO - Processing file /home/airflow/.local/lib/python3.8/site-packages/airflow/example_dags/example_branch_operator.py for tasks to queue
[2026-06-16T01:09:11.753+0000] {logging_mixin.py:188} INFO - [2026-06-16T01:09:11.752+0000] {dagbag.py:538} INFO - Filling up the DagBag from /home/airflow/.local/lib/python3.8/site-packages/airflow/example_dags/example_branch_operator.py
[2026-06-16T01:09:11.827+0000] {processor.py:840} INFO - DAG(s) 'example_branch_operator' retrieved from /home/airflow/.local/lib/python3.8/site-packages/airflow/example_dags/example_branch_operator.py
[2026-06-16T01:09:11.986+0000] {logging_mixin.py:188} INFO - [2026-06-16T01:09:11.985+0000] {dag.py:3036} INFO - Sync 1 DAGs
[2026-06-16T01:09:12.110+0000] {logging_mixin.py:188} INFO - [2026-06-16T01:09:12.109+0000] {dag.py:3823} INFO - Setting next_dagrun for example_branch_operator to 2026-06-15 00:00:00+00:00, run_after=2026-06-16 00:00:00+00:00
[2026-06-16T01:09:12.179+0000] {processor.py:183} INFO - Processing /home/airflow/.local/lib/python3.8/site-packages/airflow/example_dags/example_branch_operator.py took 0.453 seconds
[2026-06-16T01:09:46.630+0000] {processor.py:161} INFO - Started process (PID=238) to work on /home/airflow/.local/lib/python3.8/site-packages/airflow/example_dags/example_branch_operator.py
[2026-06-16T01:09:46.656+0000] {processor.py:830} INFO - Processing file /home/airflow/.local/lib/python3.8/site-packages/airflow/example_dags/example_branch_operator.py for tasks to queue
[2026-06-16T01:09:46.665+0000] {logging_mixin.py:188} INFO - [2026-06-16T01:09:46.664+0000] {dagbag.py:538} INFO - Filling up the DagBag from /home/airflow/.local/lib/python3.8/site-packages/airflow/example_dags/example_branch_operator.py
[2026-06-16T01:09:46.750+0000] {processor.py:840} INFO - DAG(s) 'example_branch_operator' retrieved from /home/airflow/.local/lib/python3.8/site-packages/airflow/example_dags/example_branch_operator.py
[2026-06-16T01:09:47.085+0000] {logging_mixin.py:188} INFO - [2026-06-16T01:09:47.084+0000] {dag.py:3036} INFO - Sync 1 DAGs
[2026-06-16T01:09:47.296+0000] {logging_mixin.py:188} INFO - [2026-06-16T01:09:47.296+0000] {dag.py:3823} INFO - Setting next_dagrun for example_branch_operator to 2026-06-15 00:00:00+00:00, run_after=2026-06-16 00:00:00+00:00
[2026-06-16T01:09:47.468+0000] {processor.py:183} INFO - Processing /home/airflow/.local/lib/python3.8/site-packages/airflow/example_dags/example_branch_operator.py took 0.855 seconds
[2026-06-16T01:10:17.869+0000] {processor.py:161} INFO - Started process (PID=294) to work on /home/airflow/.local/lib/python3.8/site-packages/airflow/example_dags/example_branch_operator.py
[2026-06-16T01:10:17.877+0000] {processor.py:830} INFO - Processing file /home/airflow/.local/lib/python3.8/site-packages/airflow/example_dags/example_branch_operator.py for tasks to queue
[2026-06-16T01:10:17.886+0000] {logging_mixin.py:188} INFO - [2026-06-16T01:10:17.885+0000] {dagbag.py:538} INFO - Filling up the DagBag from /home/airflow/.local/lib/python3.8/site-packages/airflow/example_dags/example_branch_operator.py
[2026-06-16T01:10:18.059+0000] {processor.py:840} INFO - DAG(s) 'example_branch_operator' retrieved from /home/airflow/.local/lib/python3.8/site-packages/airflow/example_dags/example_branch_operator.py
[2026-06-16T01:10:18.439+0000] {logging_mixin.py:188} INFO - [2026-06-16T01:10:18.437+0000] {dag.py:3036} INFO - Sync 1 DAGs
[2026-06-16T01:10:18.707+0000] {logging_mixin.py:188} INFO - [2026-06-16T01:10:18.707+0000] {dag.py:3823} INFO - Setting next_dagrun for example_branch_operator to 2026-06-15 00:00:00+00:00, run_after=2026-06-16 00:00:00+00:00
[2026-06-16T01:10:18.945+0000] {processor.py:183} INFO - Processing /home/airflow/.local/lib/python3.8/site-packages/airflow/example_dags/example_branch_operator.py took 1.088 seconds
[2026-06-16T01:10:49.095+0000] {processor.py:161} INFO - Started process (PID=351) to work on /home/airflow/.local/lib/python3.8/site-packages/airflow/example_dags/example_branch_operator.py
[2026-06-16T01:10:49.100+0000] {processor.py:830} INFO - Processing file /home/airflow/.local/lib/python3.8/site-packages/airflow/example_dags/example_branch_operator.py for tasks to queue
[2026-06-16T01:10:49.108+0000] {logging_mixin.py:188} INFO - [2026-06-16T01:10:49.107+0000] {dagbag.py:538} INFO - Filling up the DagBag from /home/airflow/.local/lib/python3.8/site-packages/airflow/example_dags/example_branch_operator.py
[2026-06-16T01:10:49.192+0000] {processor.py:840} INFO - DAG(s) 'example_branch_operator' retrieved from /home/airflow/.local/lib/python3.8/site-packages/airflow/example_dags/example_branch_operator.py
[2026-06-16T01:10:49.307+0000] {logging_mixin.py:188} INFO - [2026-06-16T01:10:49.307+0000] {dag.py:3036} INFO - Sync 1 DAGs
[2026-06-16T01:10:49.516+0000] {logging_mixin.py:188} INFO - [2026-06-16T01:10:49.515+0000] {dag.py:3823} INFO - Setting next_dagrun for example_branch_operator to 2026-06-15 00:00:00+00:00, run_after=2026-06-16 00:00:00+00:00
[2026-06-16T01:10:49.587+0000] {processor.py:183} INFO - Processing /home/airflow/.local/lib/python3.8/site-packages/airflow/example_dags/example_branch_operator.py took 0.507 seconds
[2026-06-16T01:11:21.681+0000] {processor.py:161} INFO - Started process (PID=407) to work on /home/airflow/.local/lib/python3.8/site-packages/airflow/example_dags/example_branch_operator.py
[2026-06-16T01:11:21.692+0000] {processor.py:830} INFO - Processing file /home/airflow/.local/lib/python3.8/site-packages/airflow/example_dags/example_branch_operator.py for tasks to queue
[2026-06-16T01:11:21.702+0000] {logging_mixin.py:188} INFO - [2026-06-16T01:11:21.702+0000] {dagbag.py:538} INFO - Filling up the DagBag from /home/airflow/.local/lib/python3.8/site-packages/airflow/example_dags/example_branch_operator.py
[2026-06-16T01:11:21.803+0000] {processor.py:840} INFO - DAG(s) 'example_branch_operator' retrieved from /home/airflow/.local/lib/python3.8/site-packages/airflow/example_dags/example_branch_operator.py
[2026-06-16T01:11:22.050+0000] {logging_mixin.py:188} INFO - [2026-06-16T01:11:22.049+0000] {dag.py:3036} INFO - Sync 1 DAGs
[2026-06-16T01:11:22.163+0000] {logging_mixin.py:188} INFO - [2026-06-16T01:11:22.161+0000] {dag.py:3823} INFO - Setting next_dagrun for example_branch_operator to 2026-06-15 00:00:00+00:00, run_after=2026-06-16 00:00:00+00:00
[2026-06-16T01:11:22.243+0000] {processor.py:183} INFO - Processing /home/airflow/.local/lib/python3.8/site-packages/airflow/example_dags/example_branch_operator.py took 0.573 seconds
[2026-06-16T01:11:53.525+0000] {processor.py:161} INFO - Started process (PID=463) to work on /home/airflow/.local/lib/python3.8/site-packages/airflow/example_dags/example_branch_operator.py
[2026-06-16T01:11:53.537+0000] {processor.py:830} INFO - Processing file /home/airflow/.local/lib/python3.8/site-packages/airflow/example_dags/example_branch_operator.py for tasks to queue
[2026-06-16T01:11:53.543+0000] {logging_mixin.py:188} INFO - [2026-06-16T01:11:53.542+0000] {dagbag.py:538} INFO - Filling up the DagBag from /home/airflow/.local/lib/python3.8/site-packages/airflow/example_dags/example_branch_operator.py
[2026-06-16T01:11:53.699+0000] {processor.py:840} INFO - DAG(s) 'example_branch_operator' retrieved from /home/airflow/.local/lib/python3.8/site-packages/airflow/example_dags/example_branch_operator.py
[2026-06-16T01:11:53.932+0000] {logging_mixin.py:188} INFO - [2026-06-16T01:11:53.930+0000] {dag.py:3036} INFO - Sync 1 DAGs
[2026-06-16T01:11:54.061+0000] {logging_mixin.py:188} INFO - [2026-06-16T01:11:54.060+0000] {dag.py:3823} INFO - Setting next_dagrun for example_branch_operator to 2026-06-15 00:00:00+00:00, run_after=2026-06-16 00:00:00+00:00
[2026-06-16T01:11:54.736+0000] {processor.py:183} INFO - Processing /home/airflow/.local/lib/python3.8/site-packages/airflow/example_dags/example_branch_operator.py took 1.223 seconds
[2026-06-16T01:12:25.299+0000] {processor.py:161} INFO - Started process (PID=519) to work on /home/airflow/.local/lib/python3.8/site-packages/airflow/example_dags/example_branch_operator.py
[2026-06-16T01:12:25.303+0000] {processor.py:830} INFO - Processing file /home/airflow/.local/lib/python3.8/site-packages/airflow/example_dags/example_branch_operator.py for tasks to queue
[2026-06-16T01:12:25.309+0000] {logging_mixin.py:188} INFO - [2026-06-16T01:12:25.308+0000] {dagbag.py:538} INFO - Filling up the DagBag from /home/airflow/.local/lib/python3.8/site-packages/airflow/example_dags/example_branch_operator.py
[2026-06-16T01:12:25.415+0000] {processor.py:840} INFO - DAG(s) 'example_branch_operator' retrieved from /home/airflow/.local/lib/python3.8/site-packages/airflow/example_dags/example_branch_operator.py
[2026-06-16T01:12:25.541+0000] {logging_mixin.py:188} INFO - [2026-06-16T01:12:25.540+0000] {dag.py:3036} INFO - Sync 1 DAGs
[2026-06-16T01:12:25.652+0000] {logging_mixin.py:188} INFO - [2026-06-16T01:12:25.651+0000] {dag.py:3823} INFO - Setting next_dagrun for example_branch_operator to 2026-06-15 00:00:00+00:00, run_after=2026-06-16 00:00:00+00:00
[2026-06-16T01:12:25.795+0000] {processor.py:183} INFO - Processing /home/airflow/.local/lib/python3.8/site-packages/airflow/example_dags/example_branch_operator.py took 0.507 seconds
[2026-06-16T01:12:56.695+0000] {processor.py:161} INFO - Started process (PID=575) to work on /home/airflow/.local/lib/python3.8/site-packages/airflow/example_dags/example_branch_operator.py
[2026-06-16T01:12:56.703+0000] {processor.py:830} INFO - Processing file /home/airflow/.local/lib/python3.8/site-packages/airflow/example_dags/example_branch_operator.py for tasks to queue
[2026-06-16T01:12:56.713+0000] {logging_mixin.py:188} INFO - [2026-06-16T01:12:56.711+0000] {dagbag.py:538} INFO - Filling up the DagBag from /home/airflow/.local/lib/python3.8/site-packages/airflow/example_dags/example_branch_operator.py
[2026-06-16T01:12:56.801+0000] {processor.py:840} INFO - DAG(s) 'example_branch_operator' retrieved from /home/airflow/.local/lib/python3.8/site-packages/airflow/example_dags/example_branch_operator.py
[2026-06-16T01:12:56.923+0000] {logging_mixin.py:188} INFO - [2026-06-16T01:12:56.922+0000] {dag.py:3036} INFO - Sync 1 DAGs
[2026-06-16T01:12:57.061+0000] {logging_mixin.py:188} INFO - [2026-06-16T01:12:57.060+0000] {dag.py:3823} INFO - Setting next_dagrun for example_branch_operator to 2026-06-15 00:00:00+00:00, run_after=2026-06-16 00:00:00+00:00
[2026-06-16T01:12:57.146+0000] {processor.py:183} INFO - Processing /home/airflow/.local/lib/python3.8/site-packages/airflow/example_dags/example_branch_operator.py took 0.467 seconds
[2026-06-16T01:13:27.614+0000] {processor.py:161} INFO - Started process (PID=629) to work on /home/airflow/.local/lib/python3.8/site-packages/airflow/example_dags/example_branch_operator.py
[2026-06-16T01:13:27.619+0000] {processor.py:830} INFO - Processing file /home/airflow/.local/lib/python3.8/site-packages/airflow/example_dags/example_branch_operator.py for tasks to queue
[2026-06-16T01:13:27.626+0000] {logging_mixin.py:188} INFO - [2026-06-16T01:13:27.624+0000] {dagbag.py:538} INFO - Filling up the DagBag from /home/airflow/.local/lib/python3.8/site-packages/airflow/example_dags/example_branch_operator.py
[2026-06-16T01:13:27.736+0000] {processor.py:840} INFO - DAG(s) 'example_branch_operator' retrieved from /home/airflow/.local/lib/python3.8/site-packages/airflow/example_dags/example_branch_operator.py
[2026-06-16T01:13:28.083+0000] {logging_mixin.py:188} INFO - [2026-06-16T01:13:28.083+0000] {dag.py:3036} INFO - Sync 1 DAGs
[2026-06-16T01:13:28.396+0000] {logging_mixin.py:188} INFO - [2026-06-16T01:13:28.393+0000] {dag.py:3823} INFO - Setting next_dagrun for example_branch_operator to 2026-06-15 00:00:00+00:00, run_after=2026-06-16 00:00:00+00:00
[2026-06-16T01:13:28.526+0000] {processor.py:183} INFO - Processing /home/airflow/.local/lib/python3.8/site-packages/airflow/example_dags/example_branch_operator.py took 0.924 seconds
[2026-06-16T01:13:59.382+0000] {processor.py:161} INFO - Started process (PID=685) to work on /home/airflow/.local/lib/python3.8/site-packages/airflow/example_dags/example_branch_operator.py
[2026-06-16T01:13:59.386+0000] {processor.py:830} INFO - Processing file /home/airflow/.local/lib/python3.8/site-packages/airflow/example_dags/example_branch_operator.py for tasks to queue
[2026-06-16T01:13:59.418+0000] {logging_mixin.py:188} INFO - [2026-06-16T01:13:59.408+0000] {dagbag.py:538} INFO - Filling up the DagBag from /home/airflow/.local/lib/python3.8/site-packages/airflow/example_dags/example_branch_operator.py
[2026-06-16T01:13:59.573+0000] {processor.py:840} INFO - DAG(s) 'example_branch_operator' retrieved from /home/airflow/.local/lib/python3.8/site-packages/airflow/example_dags/example_branch_operator.py
[2026-06-16T01:13:59.766+0000] {logging_mixin.py:188} INFO - [2026-06-16T01:13:59.765+0000] {dag.py:3036} INFO - Sync 1 DAGs
[2026-06-16T01:13:59.983+0000] {logging_mixin.py:188} INFO - [2026-06-16T01:13:59.981+0000] {dag.py:3823} INFO - Setting next_dagrun for example_branch_operator to 2026-06-15 00:00:00+00:00, run_after=2026-06-16 00:00:00+00:00
[2026-06-16T01:14:00.291+0000] {processor.py:183} INFO - Processing /home/airflow/.local/lib/python3.8/site-packages/airflow/example_dags/example_branch_operator.py took 0.919 seconds
[2026-06-16T01:14:30.493+0000] {processor.py:161} INFO - Started process (PID=740) to work on /home/airflow/.local/lib/python3.8/site-packages/airflow/example_dags/example_branch_operator.py
[2026-06-16T01:14:30.495+0000] {processor.py:830} INFO - Processing file /home/airflow/.local/lib/python3.8/site-packages/airflow/example_dags/example_branch_operator.py for tasks to queue
[2026-06-16T01:14:30.501+0000] {logging_mixin.py:188} INFO - [2026-06-16T01:14:30.500+0000] {dagbag.py:538} INFO - Filling up the DagBag from /home/airflow/.local/lib/python3.8/site-packages/airflow/example_dags/example_branch_operator.py
[2026-06-16T01:14:30.566+0000] {processor.py:840} INFO - DAG(s) 'example_branch_operator' retrieved from /home/airflow/.local/lib/python3.8/site-packages/airflow/example_dags/example_branch_operator.py
[2026-06-16T01:14:30.707+0000] {logging_mixin.py:188} INFO - [2026-06-16T01:14:30.707+0000] {dag.py:3036} INFO - Sync 1 DAGs
[2026-06-16T01:14:30.916+0000] {logging_mixin.py:188} INFO - [2026-06-16T01:14:30.915+0000] {dag.py:3823} INFO - Setting next_dagrun for example_branch_operator to 2026-06-15 00:00:00+00:00, run_after=2026-06-16 00:00:00+00:00
[2026-06-16T01:14:31.136+0000] {processor.py:183} INFO - Processing /home/airflow/.local/lib/python3.8/site-packages/airflow/example_dags/example_branch_operator.py took 0.652 seconds
[2026-06-16T01:15:01.622+0000] {processor.py:161} INFO - Started process (PID=796) to work on /home/airflow/.local/lib/python3.8/site-packages/airflow/example_dags/example_branch_operator.py
[2026-06-16T01:15:01.631+0000] {processor.py:830} INFO - Processing file /home/airflow/.local/lib/python3.8/site-packages/airflow/example_dags/example_branch_operator.py for tasks to queue
[2026-06-16T01:15:01.641+0000] {logging_mixin.py:188} INFO - [2026-06-16T01:15:01.640+0000] {dagbag.py:538} INFO - Filling up the DagBag from /home/airflow/.local/lib/python3.8/site-packages/airflow/example_dags/example_branch_operator.py
[2026-06-16T01:15:01.748+0000] {processor.py:840} INFO - DAG(s) 'example_branch_operator' retrieved from /home/airflow/.local/lib/python3.8/site-packages/airflow/example_dags/example_branch_operator.py
[2026-06-16T01:15:02.069+0000] {logging_mixin.py:188} INFO - [2026-06-16T01:15:02.068+0000] {dag.py:3036} INFO - Sync 1 DAGs
[2026-06-16T01:15:02.276+0000] {logging_mixin.py:188} INFO - [2026-06-16T01:15:02.276+0000] {dag.py:3823} INFO - Setting next_dagrun for example_branch_operator to 2026-06-15 00:00:00+00:00, run_after=2026-06-16 00:00:00+00:00
[2026-06-16T01:15:02.436+0000] {processor.py:183} INFO - Processing /home/airflow/.local/lib/python3.8/site-packages/airflow/example_dags/example_branch_operator.py took 0.827 seconds
[2026-06-16T01:15:33.052+0000] {processor.py:161} INFO - Started process (PID=852) to work on /home/airflow/.local/lib/python3.8/site-packages/airflow/example_dags/example_branch_operator.py
[2026-06-16T01:15:33.063+0000] {processor.py:830} INFO - Processing file /home/airflow/.local/lib/python3.8/site-packages/airflow/example_dags/example_branch_operator.py for tasks to queue
[2026-06-16T01:15:33.070+0000] {logging_mixin.py:188} INFO - [2026-06-16T01:15:33.069+0000] {dagbag.py:538} INFO - Filling up the DagBag from /home/airflow/.local/lib/python3.8/site-packages/airflow/example_dags/example_branch_operator.py
[2026-06-16T01:15:33.183+0000] {processor.py:840} INFO - DAG(s) 'example_branch_operator' retrieved from /home/airflow/.local/lib/python3.8/site-packages/airflow/example_dags/example_branch_operator.py
[2026-06-16T01:15:33.422+0000] {logging_mixin.py:188} INFO - [2026-06-16T01:15:33.419+0000] {dag.py:3036} INFO - Sync 1 DAGs
[2026-06-16T01:15:33.627+0000] {logging_mixin.py:188} INFO - [2026-06-16T01:15:33.626+0000] {dag.py:3823} INFO - Setting next_dagrun for example_branch_operator to 2026-06-15 00:00:00+00:00, run_after=2026-06-16 00:00:00+00:00
[2026-06-16T01:15:33.780+0000] {processor.py:183} INFO - Processing /home/airflow/.local/lib/python3.8/site-packages/airflow/example_dags/example_branch_operator.py took 0.858 seconds
[2026-06-16T01:16:08.643+0000] {processor.py:161} INFO - Started process (PID=908) to work on /home/airflow/.local/lib/python3.8/site-packages/airflow/example_dags/example_branch_operator.py
[2026-06-16T01:16:08.646+0000] {processor.py:830} INFO - Processing file /home/airflow/.local/lib/python3.8/site-packages/airflow/example_dags/example_branch_operator.py for tasks to queue
[2026-06-16T01:16:08.657+0000] {logging_mixin.py:188} INFO - [2026-06-16T01:16:08.656+0000] {dagbag.py:538} INFO - Filling up the DagBag from /home/airflow/.local/lib/python3.8/site-packages/airflow/example_dags/example_branch_operator.py
[2026-06-16T01:16:08.793+0000] {processor.py:840} INFO - DAG(s) 'example_branch_operator' retrieved from /home/airflow/.local/lib/python3.8/site-packages/airflow/example_dags/example_branch_operator.py
[2026-06-16T01:16:08.967+0000] {logging_mixin.py:188} INFO - [2026-06-16T01:16:08.967+0000] {dag.py:3036} INFO - Sync 1 DAGs
[2026-06-16T01:16:09.054+0000] {logging_mixin.py:188} INFO - [2026-06-16T01:16:09.052+0000] {dag.py:3823} INFO - Setting next_dagrun for example_branch_operator to 2026-06-15 00:00:00+00:00, run_after=2026-06-16 00:00:00+00:00
[2026-06-16T01:16:09.327+0000] {processor.py:183} INFO - Processing /home/airflow/.local/lib/python3.8/site-packages/airflow/example_dags/example_branch_operator.py took 0.689 seconds
[2026-06-16T01:16:42.022+0000] {processor.py:161} INFO - Started process (PID=969) to work on /home/airflow/.local/lib/python3.8/site-packages/airflow/example_dags/example_branch_operator.py
[2026-06-16T01:16:42.029+0000] {processor.py:830} INFO - Processing file /home/airflow/.local/lib/python3.8/site-packages/airflow/example_dags/example_branch_operator.py for tasks to queue
[2026-06-16T01:16:42.044+0000] {logging_mixin.py:188} INFO - [2026-06-16T01:16:42.043+0000] {dagbag.py:538} INFO - Filling up the DagBag from /home/airflow/.local/lib/python3.8/site-packages/airflow/example_dags/example_branch_operator.py
[2026-06-16T01:16:42.183+0000] {processor.py:840} INFO - DAG(s) 'example_branch_operator' retrieved from /home/airflow/.local/lib/python3.8/site-packages/airflow/example_dags/example_branch_operator.py
[2026-06-16T01:16:42.691+0000] {logging_mixin.py:188} INFO - [2026-06-16T01:16:42.679+0000] {dag.py:3036} INFO - Sync 1 DAGs
[2026-06-16T01:16:42.999+0000] {logging_mixin.py:188} INFO - [2026-06-16T01:16:42.999+0000] {dag.py:3823} INFO - Setting next_dagrun for example_branch_operator to 2026-06-15 00:00:00+00:00, run_after=2026-06-16 00:00:00+00:00
[2026-06-16T01:16:43.327+0000] {processor.py:183} INFO - Processing /home/airflow/.local/lib/python3.8/site-packages/airflow/example_dags/example_branch_operator.py took 1.397 seconds
[2026-06-16T01:17:15.808+0000] {processor.py:161} INFO - Started process (PID=1025) to work on /home/airflow/.local/lib/python3.8/site-packages/airflow/example_dags/example_branch_operator.py
[2026-06-16T01:17:15.811+0000] {processor.py:830} INFO - Processing file /home/airflow/.local/lib/python3.8/site-packages/airflow/example_dags/example_branch_operator.py for tasks to queue
[2026-06-16T01:17:15.821+0000] {logging_mixin.py:188} INFO - [2026-06-16T01:17:15.819+0000] {dagbag.py:538} INFO - Filling up the DagBag from /home/airflow/.local/lib/python3.8/site-packages/airflow/example_dags/example_branch_operator.py
[2026-06-16T01:17:15.972+0000] {processor.py:840} INFO - DAG(s) 'example_branch_operator' retrieved from /home/airflow/.local/lib/python3.8/site-packages/airflow/example_dags/example_branch_operator.py
[2026-06-16T01:17:17.339+0000] {logging_mixin.py:188} INFO - [2026-06-16T01:17:17.338+0000] {dag.py:3036} INFO - Sync 1 DAGs
[2026-06-16T01:17:18.286+0000] {logging_mixin.py:188} INFO - [2026-06-16T01:17:18.286+0000] {dag.py:3823} INFO - Setting next_dagrun for example_branch_operator to 2026-06-15 00:00:00+00:00, run_after=2026-06-16 00:00:00+00:00
[2026-06-16T01:17:18.547+0000] {processor.py:183} INFO - Processing /home/airflow/.local/lib/python3.8/site-packages/airflow/example_dags/example_branch_operator.py took 2.752 seconds
[2026-06-16T01:17:48.921+0000] {processor.py:161} INFO - Started process (PID=1081) to work on /home/airflow/.local/lib/python3.8/site-packages/airflow/example_dags/example_branch_operator.py
[2026-06-16T01:17:48.926+0000] {processor.py:830} INFO - Processing file /home/airflow/.local/lib/python3.8/site-packages/airflow/example_dags/example_branch_operator.py for tasks to queue
[2026-06-16T01:17:48.931+0000] {logging_mixin.py:188} INFO - [2026-06-16T01:17:48.930+0000] {dagbag.py:538} INFO - Filling up the DagBag from /home/airflow/.local/lib/python3.8/site-packages/airflow/example_dags/example_branch_operator.py
[2026-06-16T01:17:49.011+0000] {processor.py:840} INFO - DAG(s) 'example_branch_operator' retrieved from /home/airflow/.local/lib/python3.8/site-packages/airflow/example_dags/example_branch_operator.py
[2026-06-16T01:17:49.142+0000] {logging_mixin.py:188} INFO - [2026-06-16T01:17:49.139+0000] {dag.py:3036} INFO - Sync 1 DAGs
[2026-06-16T01:17:49.226+0000] {logging_mixin.py:188} INFO - [2026-06-16T01:17:49.226+0000] {dag.py:3823} INFO - Setting next_dagrun for example_branch_operator to 2026-06-15 00:00:00+00:00, run_after=2026-06-16 00:00:00+00:00
[2026-06-16T01:17:49.366+0000] {processor.py:183} INFO - Processing /home/airflow/.local/lib/python3.8/site-packages/airflow/example_dags/example_branch_operator.py took 0.455 seconds
[2026-06-16T01:18:19.910+0000] {processor.py:161} INFO - Started process (PID=1137) to work on /home/airflow/.local/lib/python3.8/site-packages/airflow/example_dags/example_branch_operator.py
[2026-06-16T01:18:19.914+0000] {processor.py:830} INFO - Processing file /home/airflow/.local/lib/python3.8/site-packages/airflow/example_dags/example_branch_operator.py for tasks to queue
[2026-06-16T01:18:19.920+0000] {logging_mixin.py:188} INFO - [2026-06-16T01:18:19.919+0000] {dagbag.py:538} INFO - Filling up the DagBag from /home/airflow/.local/lib/python3.8/site-packages/airflow/example_dags/example_branch_operator.py
[2026-06-16T01:18:19.996+0000] {processor.py:840} INFO - DAG(s) 'example_branch_operator' retrieved from /home/airflow/.local/lib/python3.8/site-packages/airflow/example_dags/example_branch_operator.py
[2026-06-16T01:18:20.104+0000] {logging_mixin.py:188} INFO - [2026-06-16T01:18:20.104+0000] {dag.py:3036} INFO - Sync 1 DAGs
[2026-06-16T01:18:20.199+0000] {logging_mixin.py:188} INFO - [2026-06-16T01:18:20.198+0000] {dag.py:3823} INFO - Setting next_dagrun for example_branch_operator to 2026-06-15 00:00:00+00:00, run_after=2026-06-16 00:00:00+00:00
[2026-06-16T01:18:20.268+0000] {processor.py:183} INFO - Processing /home/airflow/.local/lib/python3.8/site-packages/airflow/example_dags/example_branch_operator.py took 0.372 seconds
[2026-06-16T01:18:50.764+0000] {processor.py:161} INFO - Started process (PID=1194) to work on /home/airflow/.local/lib/python3.8/site-packages/airflow/example_dags/example_branch_operator.py
[2026-06-16T01:18:50.767+0000] {processor.py:830} INFO - Processing file /home/airflow/.local/lib/python3.8/site-packages/airflow/example_dags/example_branch_operator.py for tasks to queue
[2026-06-16T01:18:50.780+0000] {logging_mixin.py:188} INFO - [2026-06-16T01:18:50.778+0000] {dagbag.py:538} INFO - Filling up the DagBag from /home/airflow/.local/lib/python3.8/site-packages/airflow/example_dags/example_branch_operator.py
[2026-06-16T01:18:51.047+0000] {processor.py:840} INFO - DAG(s) 'example_branch_operator' retrieved from /home/airflow/.local/lib/python3.8/site-packages/airflow/example_dags/example_branch_operator.py
[2026-06-16T01:18:51.256+0000] {logging_mixin.py:188} INFO - [2026-06-16T01:18:51.255+0000] {dag.py:3036} INFO - Sync 1 DAGs
[2026-06-16T01:18:51.397+0000] {logging_mixin.py:188} INFO - [2026-06-16T01:18:51.396+0000] {dag.py:3823} INFO - Setting next_dagrun for example_branch_operator to 2026-06-15 00:00:00+00:00, run_after=2026-06-16 00:00:00+00:00
[2026-06-16T01:18:51.513+0000] {processor.py:183} INFO - Processing /home/airflow/.local/lib/python3.8/site-packages/airflow/example_dags/example_branch_operator.py took 0.767 seconds
[2026-06-16T01:19:21.632+0000] {processor.py:161} INFO - Started process (PID=1250) to work on /home/airflow/.local/lib/python3.8/site-packages/airflow/example_dags/example_branch_operator.py
[2026-06-16T01:19:21.636+0000] {processor.py:830} INFO - Processing file /home/airflow/.local/lib/python3.8/site-packages/airflow/example_dags/example_branch_operator.py for tasks to queue
[2026-06-16T01:19:21.646+0000] {logging_mixin.py:188} INFO - [2026-06-16T01:19:21.645+0000] {dagbag.py:538} INFO - Filling up the DagBag from /home/airflow/.local/lib/python3.8/site-packages/airflow/example_dags/example_branch_operator.py
[2026-06-16T01:19:21.768+0000] {processor.py:840} INFO - DAG(s) 'example_branch_operator' retrieved from /home/airflow/.local/lib/python3.8/site-packages/airflow/example_dags/example_branch_operator.py
[2026-06-16T01:19:21.882+0000] {logging_mixin.py:188} INFO - [2026-06-16T01:19:21.881+0000] {dag.py:3036} INFO - Sync 1 DAGs
[2026-06-16T01:19:21.968+0000] {logging_mixin.py:188} INFO - [2026-06-16T01:19:21.967+0000] {dag.py:3823} INFO - Setting next_dagrun for example_branch_operator to 2026-06-15 00:00:00+00:00, run_after=2026-06-16 00:00:00+00:00
[2026-06-16T01:19:22.053+0000] {processor.py:183} INFO - Processing /home/airflow/.local/lib/python3.8/site-packages/airflow/example_dags/example_branch_operator.py took 0.432 seconds
[2026-06-16T01:19:52.568+0000] {processor.py:161} INFO - Started process (PID=1306) to work on /home/airflow/.local/lib/python3.8/site-packages/airflow/example_dags/example_branch_operator.py
[2026-06-16T01:19:52.573+0000] {processor.py:830} INFO - Processing file /home/airflow/.local/lib/python3.8/site-packages/airflow/example_dags/example_branch_operator.py for tasks to queue
[2026-06-16T01:19:52.579+0000] {logging_mixin.py:188} INFO - [2026-06-16T01:19:52.578+0000] {dagbag.py:538} INFO - Filling up the DagBag from /home/airflow/.local/lib/python3.8/site-packages/airflow/example_dags/example_branch_operator.py
[2026-06-16T01:19:52.684+0000] {processor.py:840} INFO - DAG(s) 'example_branch_operator' retrieved from /home/airflow/.local/lib/python3.8/site-packages/airflow/example_dags/example_branch_operator.py
[2026-06-16T01:19:52.943+0000] {logging_mixin.py:188} INFO - [2026-06-16T01:19:52.942+0000] {dag.py:3036} INFO - Sync 1 DAGs
[2026-06-16T01:19:53.176+0000] {logging_mixin.py:188} INFO - [2026-06-16T01:19:53.175+0000] {dag.py:3823} INFO - Setting next_dagrun for example_branch_operator to 2026-06-15 00:00:00+00:00, run_after=2026-06-16 00:00:00+00:00
[2026-06-16T01:19:53.245+0000] {processor.py:183} INFO - Processing /home/airflow/.local/lib/python3.8/site-packages/airflow/example_dags/example_branch_operator.py took 0.694 seconds
[2026-06-16T01:20:23.665+0000] {processor.py:161} INFO - Started process (PID=1362) to work on /home/airflow/.local/lib/python3.8/site-packages/airflow/example_dags/example_branch_operator.py
[2026-06-16T01:20:23.668+0000] {processor.py:830} INFO - Processing file /home/airflow/.local/lib/python3.8/site-packages/airflow/example_dags/example_branch_operator.py for tasks to queue
[2026-06-16T01:20:23.675+0000] {logging_mixin.py:188} INFO - [2026-06-16T01:20:23.673+0000] {dagbag.py:538} INFO - Filling up the DagBag from /home/airflow/.local/lib/python3.8/site-packages/airflow/example_dags/example_branch_operator.py
[2026-06-16T01:20:23.743+0000] {processor.py:840} INFO - DAG(s) 'example_branch_operator' retrieved from /home/airflow/.local/lib/python3.8/site-packages/airflow/example_dags/example_branch_operator.py
[2026-06-16T01:20:23.864+0000] {logging_mixin.py:188} INFO - [2026-06-16T01:20:23.863+0000] {dag.py:3036} INFO - Sync 1 DAGs
[2026-06-16T01:20:23.965+0000] {logging_mixin.py:188} INFO - [2026-06-16T01:20:23.965+0000] {dag.py:3823} INFO - Setting next_dagrun for example_branch_operator to 2026-06-15 00:00:00+00:00, run_after=2026-06-16 00:00:00+00:00
[2026-06-16T01:20:24.056+0000] {processor.py:183} INFO - Processing /home/airflow/.local/lib/python3.8/site-packages/airflow/example_dags/example_branch_operator.py took 0.405 seconds
[2026-06-16T01:20:57.469+0000] {processor.py:161} INFO - Started process (PID=1418) to work on /home/airflow/.local/lib/python3.8/site-packages/airflow/example_dags/example_branch_operator.py
[2026-06-16T01:20:57.474+0000] {processor.py:830} INFO - Processing file /home/airflow/.local/lib/python3.8/site-packages/airflow/example_dags/example_branch_operator.py for tasks to queue
[2026-06-16T01:20:57.482+0000] {logging_mixin.py:188} INFO - [2026-06-16T01:20:57.481+0000] {dagbag.py:538} INFO - Filling up the DagBag from /home/airflow/.local/lib/python3.8/site-packages/airflow/example_dags/example_branch_operator.py
[2026-06-16T01:20:57.590+0000] {processor.py:840} INFO - DAG(s) 'example_branch_operator' retrieved from /home/airflow/.local/lib/python3.8/site-packages/airflow/example_dags/example_branch_operator.py
[2026-06-16T01:20:57.694+0000] {logging_mixin.py:188} INFO - [2026-06-16T01:20:57.692+0000] {dag.py:3036} INFO - Sync 1 DAGs
[2026-06-16T01:20:57.815+0000] {logging_mixin.py:188} INFO - [2026-06-16T01:20:57.814+0000] {dag.py:3823} INFO - Setting next_dagrun for example_branch_operator to 2026-06-15 00:00:00+00:00, run_after=2026-06-16 00:00:00+00:00
[2026-06-16T01:20:57.893+0000] {processor.py:183} INFO - Processing /home/airflow/.local/lib/python3.8/site-packages/airflow/example_dags/example_branch_operator.py took 0.441 seconds
[2026-06-16T01:21:30.593+0000] {processor.py:161} INFO - Started process (PID=1476) to work on /home/airflow/.local/lib/python3.8/site-packages/airflow/example_dags/example_branch_operator.py
[2026-06-16T01:21:30.597+0000] {processor.py:830} INFO - Processing file /home/airflow/.local/lib/python3.8/site-packages/airflow/example_dags/example_branch_operator.py for tasks to queue
[2026-06-16T01:21:30.604+0000] {logging_mixin.py:188} INFO - [2026-06-16T01:21:30.603+0000] {dagbag.py:538} INFO - Filling up the DagBag from /home/airflow/.local/lib/python3.8/site-packages/airflow/example_dags/example_branch_operator.py
[2026-06-16T01:21:30.693+0000] {processor.py:840} INFO - DAG(s) 'example_branch_operator' retrieved from /home/airflow/.local/lib/python3.8/site-packages/airflow/example_dags/example_branch_operator.py
[2026-06-16T01:21:30.808+0000] {logging_mixin.py:188} INFO - [2026-06-16T01:21:30.808+0000] {dag.py:3036} INFO - Sync 1 DAGs
[2026-06-16T01:21:30.907+0000] {logging_mixin.py:188} INFO - [2026-06-16T01:21:30.907+0000] {dag.py:3823} INFO - Setting next_dagrun for example_branch_operator to 2026-06-15 00:00:00+00:00, run_after=2026-06-16 00:00:00+00:00
[2026-06-16T01:21:31.011+0000] {processor.py:183} INFO - Processing /home/airflow/.local/lib/python3.8/site-packages/airflow/example_dags/example_branch_operator.py took 0.428 seconds
[2026-06-16T01:22:04.570+0000] {processor.py:161} INFO - Started process (PID=1535) to work on /home/airflow/.local/lib/python3.8/site-packages/airflow/example_dags/example_branch_operator.py
[2026-06-16T01:22:04.578+0000] {processor.py:830} INFO - Processing file /home/airflow/.local/lib/python3.8/site-packages/airflow/example_dags/example_branch_operator.py for tasks to queue
[2026-06-16T01:22:04.589+0000] {logging_mixin.py:188} INFO - [2026-06-16T01:22:04.587+0000] {dagbag.py:538} INFO - Filling up the DagBag from /home/airflow/.local/lib/python3.8/site-packages/airflow/example_dags/example_branch_operator.py
[2026-06-16T01:22:04.657+0000] {processor.py:840} INFO - DAG(s) 'example_branch_operator' retrieved from /home/airflow/.local/lib/python3.8/site-packages/airflow/example_dags/example_branch_operator.py
[2026-06-16T01:22:04.748+0000] {logging_mixin.py:188} INFO - [2026-06-16T01:22:04.747+0000] {dag.py:3036} INFO - Sync 1 DAGs
[2026-06-16T01:22:04.884+0000] {logging_mixin.py:188} INFO - [2026-06-16T01:22:04.883+0000] {dag.py:3823} INFO - Setting next_dagrun for example_branch_operator to 2026-06-15 00:00:00+00:00, run_after=2026-06-16 00:00:00+00:00
[2026-06-16T01:22:05.018+0000] {processor.py:183} INFO - Processing /home/airflow/.local/lib/python3.8/site-packages/airflow/example_dags/example_branch_operator.py took 0.459 seconds
[2026-06-16T01:22:36.477+0000] {processor.py:161} INFO - Started process (PID=1592) to work on /home/airflow/.local/lib/python3.8/site-packages/airflow/example_dags/example_branch_operator.py
[2026-06-16T01:22:36.481+0000] {processor.py:830} INFO - Processing file /home/airflow/.local/lib/python3.8/site-packages/airflow/example_dags/example_branch_operator.py for tasks to queue
[2026-06-16T01:22:36.493+0000] {logging_mixin.py:188} INFO - [2026-06-16T01:22:36.488+0000] {dagbag.py:538} INFO - Filling up the DagBag from /home/airflow/.local/lib/python3.8/site-packages/airflow/example_dags/example_branch_operator.py
[2026-06-16T01:22:36.722+0000] {processor.py:840} INFO - DAG(s) 'example_branch_operator' retrieved from /home/airflow/.local/lib/python3.8/site-packages/airflow/example_dags/example_branch_operator.py
[2026-06-16T01:22:37.130+0000] {logging_mixin.py:188} INFO - [2026-06-16T01:22:37.129+0000] {dag.py:3036} INFO - Sync 1 DAGs
[2026-06-16T01:22:37.275+0000] {logging_mixin.py:188} INFO - [2026-06-16T01:22:37.273+0000] {dag.py:3823} INFO - Setting next_dagrun for example_branch_operator to 2026-06-15 00:00:00+00:00, run_after=2026-06-16 00:00:00+00:00
[2026-06-16T01:22:37.345+0000] {processor.py:183} INFO - Processing /home/airflow/.local/lib/python3.8/site-packages/airflow/example_dags/example_branch_operator.py took 0.893 seconds
[2026-06-16T01:23:08.031+0000] {processor.py:161} INFO - Started process (PID=1646) to work on /home/airflow/.local/lib/python3.8/site-packages/airflow/example_dags/example_branch_operator.py
[2026-06-16T01:23:08.045+0000] {processor.py:830} INFO - Processing file /home/airflow/.local/lib/python3.8/site-packages/airflow/example_dags/example_branch_operator.py for tasks to queue
[2026-06-16T01:23:08.080+0000] {logging_mixin.py:188} INFO - [2026-06-16T01:23:08.079+0000] {dagbag.py:538} INFO - Filling up the DagBag from /home/airflow/.local/lib/python3.8/site-packages/airflow/example_dags/example_branch_operator.py
[2026-06-16T01:23:08.451+0000] {processor.py:840} INFO - DAG(s) 'example_branch_operator' retrieved from /home/airflow/.local/lib/python3.8/site-packages/airflow/example_dags/example_branch_operator.py
[2026-06-16T01:23:08.672+0000] {logging_mixin.py:188} INFO - [2026-06-16T01:23:08.671+0000] {dag.py:3036} INFO - Sync 1 DAGs
[2026-06-16T01:23:08.852+0000] {logging_mixin.py:188} INFO - [2026-06-16T01:23:08.851+0000] {dag.py:3823} INFO - Setting next_dagrun for example_branch_operator to 2026-06-15 00:00:00+00:00, run_after=2026-06-16 00:00:00+00:00
[2026-06-16T01:23:09.120+0000] {processor.py:183} INFO - Processing /home/airflow/.local/lib/python3.8/site-packages/airflow/example_dags/example_branch_operator.py took 1.105 seconds
[2026-06-16T01:23:40.035+0000] {processor.py:161} INFO - Started process (PID=1701) to work on /home/airflow/.local/lib/python3.8/site-packages/airflow/example_dags/example_branch_operator.py
[2026-06-16T01:23:40.045+0000] {processor.py:830} INFO - Processing file /home/airflow/.local/lib/python3.8/site-packages/airflow/example_dags/example_branch_operator.py for tasks to queue
[2026-06-16T01:23:40.055+0000] {logging_mixin.py:188} INFO - [2026-06-16T01:23:40.053+0000] {dagbag.py:538} INFO - Filling up the DagBag from /home/airflow/.local/lib/python3.8/site-packages/airflow/example_dags/example_branch_operator.py
[2026-06-16T01:23:40.125+0000] {processor.py:840} INFO - DAG(s) 'example_branch_operator' retrieved from /home/airflow/.local/lib/python3.8/site-packages/airflow/example_dags/example_branch_operator.py
[2026-06-16T01:23:40.269+0000] {logging_mixin.py:188} INFO - [2026-06-16T01:23:40.268+0000] {dag.py:3036} INFO - Sync 1 DAGs
[2026-06-16T01:23:40.368+0000] {logging_mixin.py:188} INFO - [2026-06-16T01:23:40.366+0000] {dag.py:3823} INFO - Setting next_dagrun for example_branch_operator to 2026-06-15 00:00:00+00:00, run_after=2026-06-16 00:00:00+00:00
[2026-06-16T01:23:40.436+0000] {processor.py:183} INFO - Processing /home/airflow/.local/lib/python3.8/site-packages/airflow/example_dags/example_branch_operator.py took 0.411 seconds
[2026-06-16T01:24:10.572+0000] {processor.py:161} INFO - Started process (PID=1756) to work on /home/airflow/.local/lib/python3.8/site-packages/airflow/example_dags/example_branch_operator.py
[2026-06-16T01:24:10.575+0000] {processor.py:830} INFO - Processing file /home/airflow/.local/lib/python3.8/site-packages/airflow/example_dags/example_branch_operator.py for tasks to queue
[2026-06-16T01:24:10.582+0000] {logging_mixin.py:188} INFO - [2026-06-16T01:24:10.581+0000] {dagbag.py:538} INFO - Filling up the DagBag from /home/airflow/.local/lib/python3.8/site-packages/airflow/example_dags/example_branch_operator.py
[2026-06-16T01:24:10.664+0000] {processor.py:840} INFO - DAG(s) 'example_branch_operator' retrieved from /home/airflow/.local/lib/python3.8/site-packages/airflow/example_dags/example_branch_operator.py
[2026-06-16T01:24:10.767+0000] {logging_mixin.py:188} INFO - [2026-06-16T01:24:10.766+0000] {dag.py:3036} INFO - Sync 1 DAGs
[2026-06-16T01:24:10.863+0000] {logging_mixin.py:188} INFO - [2026-06-16T01:24:10.862+0000] {dag.py:3823} INFO - Setting next_dagrun for example_branch_operator to 2026-06-15 00:00:00+00:00, run_after=2026-06-16 00:00:00+00:00
[2026-06-16T01:24:10.920+0000] {processor.py:183} INFO - Processing /home/airflow/.local/lib/python3.8/site-packages/airflow/example_dags/example_branch_operator.py took 0.358 seconds
[2026-06-16T01:24:41.404+0000] {processor.py:161} INFO - Started process (PID=1812) to work on /home/airflow/.local/lib/python3.8/site-packages/airflow/example_dags/example_branch_operator.py
[2026-06-16T01:24:41.405+0000] {processor.py:830} INFO - Processing file /home/airflow/.local/lib/python3.8/site-packages/airflow/example_dags/example_branch_operator.py for tasks to queue
[2026-06-16T01:24:41.410+0000] {logging_mixin.py:188} INFO - [2026-06-16T01:24:41.410+0000] {dagbag.py:538} INFO - Filling up the DagBag from /home/airflow/.local/lib/python3.8/site-packages/airflow/example_dags/example_branch_operator.py
[2026-06-16T01:24:41.450+0000] {processor.py:840} INFO - DAG(s) 'example_branch_operator' retrieved from /home/airflow/.local/lib/python3.8/site-packages/airflow/example_dags/example_branch_operator.py
[2026-06-16T01:24:41.534+0000] {logging_mixin.py:188} INFO - [2026-06-16T01:24:41.534+0000] {dag.py:3036} INFO - Sync 1 DAGs
[2026-06-16T01:24:41.618+0000] {logging_mixin.py:188} INFO - [2026-06-16T01:24:41.617+0000] {dag.py:3823} INFO - Setting next_dagrun for example_branch_operator to 2026-06-15 00:00:00+00:00, run_after=2026-06-16 00:00:00+00:00
[2026-06-16T01:24:41.664+0000] {processor.py:183} INFO - Processing /home/airflow/.local/lib/python3.8/site-packages/airflow/example_dags/example_branch_operator.py took 0.268 seconds
[2026-06-16T01:25:11.975+0000] {processor.py:161} INFO - Started process (PID=1868) to work on /home/airflow/.local/lib/python3.8/site-packages/airflow/example_dags/example_branch_operator.py
[2026-06-16T01:25:11.978+0000] {processor.py:830} INFO - Processing file /home/airflow/.local/lib/python3.8/site-packages/airflow/example_dags/example_branch_operator.py for tasks to queue
[2026-06-16T01:25:11.986+0000] {logging_mixin.py:188} INFO - [2026-06-16T01:25:11.984+0000] {dagbag.py:538} INFO - Filling up the DagBag from /home/airflow/.local/lib/python3.8/site-packages/airflow/example_dags/example_branch_operator.py
[2026-06-16T01:25:12.042+0000] {processor.py:840} INFO - DAG(s) 'example_branch_operator' retrieved from /home/airflow/.local/lib/python3.8/site-packages/airflow/example_dags/example_branch_operator.py
[2026-06-16T01:25:12.105+0000] {logging_mixin.py:188} INFO - [2026-06-16T01:25:12.104+0000] {dag.py:3036} INFO - Sync 1 DAGs
[2026-06-16T01:25:12.152+0000] {logging_mixin.py:188} INFO - [2026-06-16T01:25:12.152+0000] {dag.py:3823} INFO - Setting next_dagrun for example_branch_operator to 2026-06-15 00:00:00+00:00, run_after=2026-06-16 00:00:00+00:00
[2026-06-16T01:25:12.214+0000] {processor.py:183} INFO - Processing /home/airflow/.local/lib/python3.8/site-packages/airflow/example_dags/example_branch_operator.py took 0.255 seconds
[2026-06-16T01:25:42.294+0000] {processor.py:161} INFO - Started process (PID=1924) to work on /home/airflow/.local/lib/python3.8/site-packages/airflow/example_dags/example_branch_operator.py
[2026-06-16T01:25:42.296+0000] {processor.py:830} INFO - Processing file /home/airflow/.local/lib/python3.8/site-packages/airflow/example_dags/example_branch_operator.py for tasks to queue
[2026-06-16T01:25:42.301+0000] {logging_mixin.py:188} INFO - [2026-06-16T01:25:42.301+0000] {dagbag.py:538} INFO - Filling up the DagBag from /home/airflow/.local/lib/python3.8/site-packages/airflow/example_dags/example_branch_operator.py
[2026-06-16T01:25:42.344+0000] {processor.py:840} INFO - DAG(s) 'example_branch_operator' retrieved from /home/airflow/.local/lib/python3.8/site-packages/airflow/example_dags/example_branch_operator.py
[2026-06-16T01:25:42.412+0000] {logging_mixin.py:188} INFO - [2026-06-16T01:25:42.412+0000] {dag.py:3036} INFO - Sync 1 DAGs
[2026-06-16T01:25:42.471+0000] {logging_mixin.py:188} INFO - [2026-06-16T01:25:42.471+0000] {dag.py:3823} INFO - Setting next_dagrun for example_branch_operator to 2026-06-15 00:00:00+00:00, run_after=2026-06-16 00:00:00+00:00
[2026-06-16T01:25:42.517+0000] {processor.py:183} INFO - Processing /home/airflow/.local/lib/python3.8/site-packages/airflow/example_dags/example_branch_operator.py took 0.232 seconds
[2026-06-16T01:26:12.553+0000] {processor.py:161} INFO - Started process (PID=1980) to work on /home/airflow/.local/lib/python3.8/site-packages/airflow/example_dags/example_branch_operator.py
[2026-06-16T01:26:12.554+0000] {processor.py:830} INFO - Processing file /home/airflow/.local/lib/python3.8/site-packages/airflow/example_dags/example_branch_operator.py for tasks to queue
[2026-06-16T01:26:12.559+0000] {logging_mixin.py:188} INFO - [2026-06-16T01:26:12.558+0000] {dagbag.py:538} INFO - Filling up the DagBag from /home/airflow/.local/lib/python3.8/site-packages/airflow/example_dags/example_branch_operator.py
[2026-06-16T01:26:12.604+0000] {processor.py:840} INFO - DAG(s) 'example_branch_operator' retrieved from /home/airflow/.local/lib/python3.8/site-packages/airflow/example_dags/example_branch_operator.py
[2026-06-16T01:26:12.671+0000] {logging_mixin.py:188} INFO - [2026-06-16T01:26:12.671+0000] {dag.py:3036} INFO - Sync 1 DAGs
[2026-06-16T01:26:12.725+0000] {logging_mixin.py:188} INFO - [2026-06-16T01:26:12.725+0000] {dag.py:3823} INFO - Setting next_dagrun for example_branch_operator to 2026-06-15 00:00:00+00:00, run_after=2026-06-16 00:00:00+00:00
[2026-06-16T01:26:12.780+0000] {processor.py:183} INFO - Processing /home/airflow/.local/lib/python3.8/site-packages/airflow/example_dags/example_branch_operator.py took 0.233 seconds
[2026-06-16T01:26:43.042+0000] {processor.py:161} INFO - Started process (PID=2036) to work on /home/airflow/.local/lib/python3.8/site-packages/airflow/example_dags/example_branch_operator.py
[2026-06-16T01:26:43.046+0000] {processor.py:830} INFO - Processing file /home/airflow/.local/lib/python3.8/site-packages/airflow/example_dags/example_branch_operator.py for tasks to queue
[2026-06-16T01:26:43.052+0000] {logging_mixin.py:188} INFO - [2026-06-16T01:26:43.051+0000] {dagbag.py:538} INFO - Filling up the DagBag from /home/airflow/.local/lib/python3.8/site-packages/airflow/example_dags/example_branch_operator.py
[2026-06-16T01:26:43.114+0000] {processor.py:840} INFO - DAG(s) 'example_branch_operator' retrieved from /home/airflow/.local/lib/python3.8/site-packages/airflow/example_dags/example_branch_operator.py
[2026-06-16T01:26:43.213+0000] {logging_mixin.py:188} INFO - [2026-06-16T01:26:43.212+0000] {dag.py:3036} INFO - Sync 1 DAGs
[2026-06-16T01:26:43.293+0000] {logging_mixin.py:188} INFO - [2026-06-16T01:26:43.291+0000] {dag.py:3823} INFO - Setting next_dagrun for example_branch_operator to 2026-06-15 00:00:00+00:00, run_after=2026-06-16 00:00:00+00:00
[2026-06-16T01:26:43.364+0000] {processor.py:183} INFO - Processing /home/airflow/.local/lib/python3.8/site-packages/airflow/example_dags/example_branch_operator.py took 0.332 seconds
[2026-06-16T01:27:13.859+0000] {processor.py:161} INFO - Started process (PID=2092) to work on /home/airflow/.local/lib/python3.8/site-packages/airflow/example_dags/example_branch_operator.py
[2026-06-16T01:27:13.861+0000] {processor.py:830} INFO - Processing file /home/airflow/.local/lib/python3.8/site-packages/airflow/example_dags/example_branch_operator.py for tasks to queue
[2026-06-16T01:27:13.867+0000] {logging_mixin.py:188} INFO - [2026-06-16T01:27:13.866+0000] {dagbag.py:538} INFO - Filling up the DagBag from /home/airflow/.local/lib/python3.8/site-packages/airflow/example_dags/example_branch_operator.py
[2026-06-16T01:27:13.919+0000] {processor.py:840} INFO - DAG(s) 'example_branch_operator' retrieved from /home/airflow/.local/lib/python3.8/site-packages/airflow/example_dags/example_branch_operator.py
[2026-06-16T01:27:14.009+0000] {logging_mixin.py:188} INFO - [2026-06-16T01:27:14.009+0000] {dag.py:3036} INFO - Sync 1 DAGs
[2026-06-16T01:27:14.063+0000] {logging_mixin.py:188} INFO - [2026-06-16T01:27:14.063+0000] {dag.py:3823} INFO - Setting next_dagrun for example_branch_operator to 2026-06-15 00:00:00+00:00, run_after=2026-06-16 00:00:00+00:00
[2026-06-16T01:27:14.118+0000] {processor.py:183} INFO - Processing /home/airflow/.local/lib/python3.8/site-packages/airflow/example_dags/example_branch_operator.py took 0.265 seconds
[2026-06-16T01:27:44.797+0000] {processor.py:161} INFO - Started process (PID=2148) to work on /home/airflow/.local/lib/python3.8/site-packages/airflow/example_dags/example_branch_operator.py
[2026-06-16T01:27:44.799+0000] {processor.py:830} INFO - Processing file /home/airflow/.local/lib/python3.8/site-packages/airflow/example_dags/example_branch_operator.py for tasks to queue
[2026-06-16T01:27:44.803+0000] {logging_mixin.py:188} INFO - [2026-06-16T01:27:44.803+0000] {dagbag.py:538} INFO - Filling up the DagBag from /home/airflow/.local/lib/python3.8/site-packages/airflow/example_dags/example_branch_operator.py
[2026-06-16T01:27:44.849+0000] {processor.py:840} INFO - DAG(s) 'example_branch_operator' retrieved from /home/airflow/.local/lib/python3.8/site-packages/airflow/example_dags/example_branch_operator.py
[2026-06-16T01:27:44.917+0000] {logging_mixin.py:188} INFO - [2026-06-16T01:27:44.917+0000] {dag.py:3036} INFO - Sync 1 DAGs
[2026-06-16T01:27:44.964+0000] {logging_mixin.py:188} INFO - [2026-06-16T01:27:44.964+0000] {dag.py:3823} INFO - Setting next_dagrun for example_branch_operator to 2026-06-15 00:00:00+00:00, run_after=2026-06-16 00:00:00+00:00
[2026-06-16T01:27:45.002+0000] {processor.py:183} INFO - Processing /home/airflow/.local/lib/python3.8/site-packages/airflow/example_dags/example_branch_operator.py took 0.212 seconds
[2026-06-16T01:28:15.426+0000] {processor.py:161} INFO - Started process (PID=2204) to work on /home/airflow/.local/lib/python3.8/site-packages/airflow/example_dags/example_branch_operator.py
[2026-06-16T01:28:15.429+0000] {processor.py:830} INFO - Processing file /home/airflow/.local/lib/python3.8/site-packages/airflow/example_dags/example_branch_operator.py for tasks to queue
[2026-06-16T01:28:15.435+0000] {logging_mixin.py:188} INFO - [2026-06-16T01:28:15.434+0000] {dagbag.py:538} INFO - Filling up the DagBag from /home/airflow/.local/lib/python3.8/site-packages/airflow/example_dags/example_branch_operator.py
[2026-06-16T01:28:15.497+0000] {processor.py:840} INFO - DAG(s) 'example_branch_operator' retrieved from /home/airflow/.local/lib/python3.8/site-packages/airflow/example_dags/example_branch_operator.py
[2026-06-16T01:28:15.577+0000] {logging_mixin.py:188} INFO - [2026-06-16T01:28:15.576+0000] {dag.py:3036} INFO - Sync 1 DAGs
[2026-06-16T01:28:15.644+0000] {logging_mixin.py:188} INFO - [2026-06-16T01:28:15.643+0000] {dag.py:3823} INFO - Setting next_dagrun for example_branch_operator to 2026-06-15 00:00:00+00:00, run_after=2026-06-16 00:00:00+00:00
[2026-06-16T01:28:15.692+0000] {processor.py:183} INFO - Processing /home/airflow/.local/lib/python3.8/site-packages/airflow/example_dags/example_branch_operator.py took 0.276 seconds
[2026-06-16T01:28:46.725+0000] {processor.py:161} INFO - Started process (PID=2261) to work on /home/airflow/.local/lib/python3.8/site-packages/airflow/example_dags/example_branch_operator.py
[2026-06-16T01:28:46.728+0000] {processor.py:830} INFO - Processing file /home/airflow/.local/lib/python3.8/site-packages/airflow/example_dags/example_branch_operator.py for tasks to queue
[2026-06-16T01:28:46.738+0000] {logging_mixin.py:188} INFO - [2026-06-16T01:28:46.736+0000] {dagbag.py:538} INFO - Filling up the DagBag from /home/airflow/.local/lib/python3.8/site-packages/airflow/example_dags/example_branch_operator.py
[2026-06-16T01:28:46.809+0000] {processor.py:840} INFO - DAG(s) 'example_branch_operator' retrieved from /home/airflow/.local/lib/python3.8/site-packages/airflow/example_dags/example_branch_operator.py
[2026-06-16T01:28:46.883+0000] {logging_mixin.py:188} INFO - [2026-06-16T01:28:46.882+0000] {dag.py:3036} INFO - Sync 1 DAGs
[2026-06-16T01:28:46.939+0000] {logging_mixin.py:188} INFO - [2026-06-16T01:28:46.938+0000] {dag.py:3823} INFO - Setting next_dagrun for example_branch_operator to 2026-06-15 00:00:00+00:00, run_after=2026-06-16 00:00:00+00:00
[2026-06-16T01:28:46.981+0000] {processor.py:183} INFO - Processing /home/airflow/.local/lib/python3.8/site-packages/airflow/example_dags/example_branch_operator.py took 0.272 seconds
[2026-06-16T01:29:17.822+0000] {processor.py:161} INFO - Started process (PID=2317) to work on /home/airflow/.local/lib/python3.8/site-packages/airflow/example_dags/example_branch_operator.py
[2026-06-16T01:29:17.825+0000] {processor.py:830} INFO - Processing file /home/airflow/.local/lib/python3.8/site-packages/airflow/example_dags/example_branch_operator.py for tasks to queue
[2026-06-16T01:29:17.837+0000] {logging_mixin.py:188} INFO - [2026-06-16T01:29:17.834+0000] {dagbag.py:538} INFO - Filling up the DagBag from /home/airflow/.local/lib/python3.8/site-packages/airflow/example_dags/example_branch_operator.py
[2026-06-16T01:29:17.923+0000] {processor.py:840} INFO - DAG(s) 'example_branch_operator' retrieved from /home/airflow/.local/lib/python3.8/site-packages/airflow/example_dags/example_branch_operator.py
[2026-06-16T01:29:18.036+0000] {logging_mixin.py:188} INFO - [2026-06-16T01:29:18.035+0000] {dag.py:3036} INFO - Sync 1 DAGs
[2026-06-16T01:29:18.149+0000] {logging_mixin.py:188} INFO - [2026-06-16T01:29:18.149+0000] {dag.py:3823} INFO - Setting next_dagrun for example_branch_operator to 2026-06-15 00:00:00+00:00, run_after=2026-06-16 00:00:00+00:00
[2026-06-16T01:29:18.205+0000] {processor.py:183} INFO - Processing /home/airflow/.local/lib/python3.8/site-packages/airflow/example_dags/example_branch_operator.py took 0.397 seconds
[2026-06-16T01:29:48.275+0000] {processor.py:161} INFO - Started process (PID=2373) to work on /home/airflow/.local/lib/python3.8/site-packages/airflow/example_dags/example_branch_operator.py
[2026-06-16T01:29:48.277+0000] {processor.py:830} INFO - Processing file /home/airflow/.local/lib/python3.8/site-packages/airflow/example_dags/example_branch_operator.py for tasks to queue
[2026-06-16T01:29:48.281+0000] {logging_mixin.py:188} INFO - [2026-06-16T01:29:48.281+0000] {dagbag.py:538} INFO - Filling up the DagBag from /home/airflow/.local/lib/python3.8/site-packages/airflow/example_dags/example_branch_operator.py
[2026-06-16T01:29:48.335+0000] {processor.py:840} INFO - DAG(s) 'example_branch_operator' retrieved from /home/airflow/.local/lib/python3.8/site-packages/airflow/example_dags/example_branch_operator.py
[2026-06-16T01:29:48.412+0000] {logging_mixin.py:188} INFO - [2026-06-16T01:29:48.412+0000] {dag.py:3036} INFO - Sync 1 DAGs
[2026-06-16T01:29:48.473+0000] {logging_mixin.py:188} INFO - [2026-06-16T01:29:48.473+0000] {dag.py:3823} INFO - Setting next_dagrun for example_branch_operator to 2026-06-15 00:00:00+00:00, run_after=2026-06-16 00:00:00+00:00
[2026-06-16T01:29:48.516+0000] {processor.py:183} INFO - Processing /home/airflow/.local/lib/python3.8/site-packages/airflow/example_dags/example_branch_operator.py took 0.248 seconds
[2026-06-16T01:30:19.909+0000] {processor.py:161} INFO - Started process (PID=2430) to work on /home/airflow/.local/lib/python3.8/site-packages/airflow/example_dags/example_branch_operator.py
[2026-06-16T01:30:19.912+0000] {processor.py:830} INFO - Processing file /home/airflow/.local/lib/python3.8/site-packages/airflow/example_dags/example_branch_operator.py for tasks to queue
[2026-06-16T01:30:19.918+0000] {logging_mixin.py:188} INFO - [2026-06-16T01:30:19.917+0000] {dagbag.py:538} INFO - Filling up the DagBag from /home/airflow/.local/lib/python3.8/site-packages/airflow/example_dags/example_branch_operator.py
[2026-06-16T01:30:19.995+0000] {processor.py:840} INFO - DAG(s) 'example_branch_operator' retrieved from /home/airflow/.local/lib/python3.8/site-packages/airflow/example_dags/example_branch_operator.py
[2026-06-16T01:30:20.114+0000] {logging_mixin.py:188} INFO - [2026-06-16T01:30:20.114+0000] {dag.py:3036} INFO - Sync 1 DAGs
[2026-06-16T01:30:20.301+0000] {logging_mixin.py:188} INFO - [2026-06-16T01:30:20.300+0000] {dag.py:3823} INFO - Setting next_dagrun for example_branch_operator to 2026-06-15 00:00:00+00:00, run_after=2026-06-16 00:00:00+00:00
[2026-06-16T01:30:20.540+0000] {processor.py:183} INFO - Processing /home/airflow/.local/lib/python3.8/site-packages/airflow/example_dags/example_branch_operator.py took 0.646 seconds
[2026-06-16T01:30:51.485+0000] {processor.py:161} INFO - Started process (PID=2493) to work on /home/airflow/.local/lib/python3.8/site-packages/airflow/example_dags/example_branch_operator.py
[2026-06-16T01:30:51.488+0000] {processor.py:830} INFO - Processing file /home/airflow/.local/lib/python3.8/site-packages/airflow/example_dags/example_branch_operator.py for tasks to queue
[2026-06-16T01:30:51.493+0000] {logging_mixin.py:188} INFO - [2026-06-16T01:30:51.492+0000] {dagbag.py:538} INFO - Filling up the DagBag from /home/airflow/.local/lib/python3.8/site-packages/airflow/example_dags/example_branch_operator.py
[2026-06-16T01:30:51.538+0000] {processor.py:840} INFO - DAG(s) 'example_branch_operator' retrieved from /home/airflow/.local/lib/python3.8/site-packages/airflow/example_dags/example_branch_operator.py
[2026-06-16T01:30:51.822+0000] {logging_mixin.py:188} INFO - [2026-06-16T01:30:51.821+0000] {dag.py:3036} INFO - Sync 1 DAGs
[2026-06-16T01:30:52.353+0000] {logging_mixin.py:188} INFO - [2026-06-16T01:30:52.352+0000] {dag.py:3823} INFO - Setting next_dagrun for example_branch_operator to 2026-06-15 00:00:00+00:00, run_after=2026-06-16 00:00:00+00:00
[2026-06-16T01:30:52.420+0000] {processor.py:183} INFO - Processing /home/airflow/.local/lib/python3.8/site-packages/airflow/example_dags/example_branch_operator.py took 0.944 seconds
[2026-06-16T01:31:23.306+0000] {processor.py:161} INFO - Started process (PID=2550) to work on /home/airflow/.local/lib/python3.8/site-packages/airflow/example_dags/example_branch_operator.py
[2026-06-16T01:31:23.308+0000] {processor.py:830} INFO - Processing file /home/airflow/.local/lib/python3.8/site-packages/airflow/example_dags/example_branch_operator.py for tasks to queue
[2026-06-16T01:31:23.318+0000] {logging_mixin.py:188} INFO - [2026-06-16T01:31:23.318+0000] {dagbag.py:538} INFO - Filling up the DagBag from /home/airflow/.local/lib/python3.8/site-packages/airflow/example_dags/example_branch_operator.py
[2026-06-16T01:31:23.372+0000] {processor.py:840} INFO - DAG(s) 'example_branch_operator' retrieved from /home/airflow/.local/lib/python3.8/site-packages/airflow/example_dags/example_branch_operator.py
[2026-06-16T01:31:23.459+0000] {logging_mixin.py:188} INFO - [2026-06-16T01:31:23.458+0000] {dag.py:3036} INFO - Sync 1 DAGs
[2026-06-16T01:31:23.527+0000] {logging_mixin.py:188} INFO - [2026-06-16T01:31:23.526+0000] {dag.py:3823} INFO - Setting next_dagrun for example_branch_operator to 2026-06-15 00:00:00+00:00, run_after=2026-06-16 00:00:00+00:00
[2026-06-16T01:31:23.584+0000] {processor.py:183} INFO - Processing /home/airflow/.local/lib/python3.8/site-packages/airflow/example_dags/example_branch_operator.py took 0.286 seconds
[2026-06-16T01:31:54.697+0000] {processor.py:161} INFO - Started process (PID=2606) to work on /home/airflow/.local/lib/python3.8/site-packages/airflow/example_dags/example_branch_operator.py
[2026-06-16T01:31:54.700+0000] {processor.py:830} INFO - Processing file /home/airflow/.local/lib/python3.8/site-packages/airflow/example_dags/example_branch_operator.py for tasks to queue
[2026-06-16T01:31:54.708+0000] {logging_mixin.py:188} INFO - [2026-06-16T01:31:54.707+0000] {dagbag.py:538} INFO - Filling up the DagBag from /home/airflow/.local/lib/python3.8/site-packages/airflow/example_dags/example_branch_operator.py
[2026-06-16T01:31:54.774+0000] {processor.py:840} INFO - DAG(s) 'example_branch_operator' retrieved from /home/airflow/.local/lib/python3.8/site-packages/airflow/example_dags/example_branch_operator.py
[2026-06-16T01:31:55.002+0000] {logging_mixin.py:188} INFO - [2026-06-16T01:31:55.001+0000] {dag.py:3036} INFO - Sync 1 DAGs
[2026-06-16T01:31:55.212+0000] {logging_mixin.py:188} INFO - [2026-06-16T01:31:55.211+0000] {dag.py:3823} INFO - Setting next_dagrun for example_branch_operator to 2026-06-15 00:00:00+00:00, run_after=2026-06-16 00:00:00+00:00
[2026-06-16T01:31:55.345+0000] {processor.py:183} INFO - Processing /home/airflow/.local/lib/python3.8/site-packages/airflow/example_dags/example_branch_operator.py took 0.660 seconds
[2026-06-16T01:32:25.944+0000] {processor.py:161} INFO - Started process (PID=2665) to work on /home/airflow/.local/lib/python3.8/site-packages/airflow/example_dags/example_branch_operator.py
[2026-06-16T01:32:25.945+0000] {processor.py:830} INFO - Processing file /home/airflow/.local/lib/python3.8/site-packages/airflow/example_dags/example_branch_operator.py for tasks to queue
[2026-06-16T01:32:25.951+0000] {logging_mixin.py:188} INFO - [2026-06-16T01:32:25.950+0000] {dagbag.py:538} INFO - Filling up the DagBag from /home/airflow/.local/lib/python3.8/site-packages/airflow/example_dags/example_branch_operator.py
[2026-06-16T01:32:26.007+0000] {processor.py:840} INFO - DAG(s) 'example_branch_operator' retrieved from /home/airflow/.local/lib/python3.8/site-packages/airflow/example_dags/example_branch_operator.py
[2026-06-16T01:32:26.090+0000] {logging_mixin.py:188} INFO - [2026-06-16T01:32:26.090+0000] {dag.py:3036} INFO - Sync 1 DAGs
[2026-06-16T01:32:26.164+0000] {logging_mixin.py:188} INFO - [2026-06-16T01:32:26.163+0000] {dag.py:3823} INFO - Setting next_dagrun for example_branch_operator to 2026-06-15 00:00:00+00:00, run_after=2026-06-16 00:00:00+00:00
[2026-06-16T01:32:26.211+0000] {processor.py:183} INFO - Processing /home/airflow/.local/lib/python3.8/site-packages/airflow/example_dags/example_branch_operator.py took 0.274 seconds
[2026-06-16T01:32:56.271+0000] {processor.py:161} INFO - Started process (PID=2721) to work on /home/airflow/.local/lib/python3.8/site-packages/airflow/example_dags/example_branch_operator.py
[2026-06-16T01:32:56.274+0000] {processor.py:830} INFO - Processing file /home/airflow/.local/lib/python3.8/site-packages/airflow/example_dags/example_branch_operator.py for tasks to queue
[2026-06-16T01:32:56.282+0000] {logging_mixin.py:188} INFO - [2026-06-16T01:32:56.281+0000] {dagbag.py:538} INFO - Filling up the DagBag from /home/airflow/.local/lib/python3.8/site-packages/airflow/example_dags/example_branch_operator.py
[2026-06-16T01:32:56.373+0000] {processor.py:840} INFO - DAG(s) 'example_branch_operator' retrieved from /home/airflow/.local/lib/python3.8/site-packages/airflow/example_dags/example_branch_operator.py
[2026-06-16T01:32:56.490+0000] {logging_mixin.py:188} INFO - [2026-06-16T01:32:56.489+0000] {dag.py:3036} INFO - Sync 1 DAGs
[2026-06-16T01:32:56.569+0000] {logging_mixin.py:188} INFO - [2026-06-16T01:32:56.568+0000] {dag.py:3823} INFO - Setting next_dagrun for example_branch_operator to 2026-06-15 00:00:00+00:00, run_after=2026-06-16 00:00:00+00:00
[2026-06-16T01:32:56.626+0000] {processor.py:183} INFO - Processing /home/airflow/.local/lib/python3.8/site-packages/airflow/example_dags/example_branch_operator.py took 0.364 seconds
[2026-06-16T01:33:26.801+0000] {processor.py:161} INFO - Started process (PID=2777) to work on /home/airflow/.local/lib/python3.8/site-packages/airflow/example_dags/example_branch_operator.py
[2026-06-16T01:33:26.803+0000] {processor.py:830} INFO - Processing file /home/airflow/.local/lib/python3.8/site-packages/airflow/example_dags/example_branch_operator.py for tasks to queue
[2026-06-16T01:33:26.808+0000] {logging_mixin.py:188} INFO - [2026-06-16T01:33:26.807+0000] {dagbag.py:538} INFO - Filling up the DagBag from /home/airflow/.local/lib/python3.8/site-packages/airflow/example_dags/example_branch_operator.py
[2026-06-16T01:33:26.857+0000] {processor.py:840} INFO - DAG(s) 'example_branch_operator' retrieved from /home/airflow/.local/lib/python3.8/site-packages/airflow/example_dags/example_branch_operator.py
[2026-06-16T01:33:26.939+0000] {logging_mixin.py:188} INFO - [2026-06-16T01:33:26.938+0000] {dag.py:3036} INFO - Sync 1 DAGs
[2026-06-16T01:33:27.218+0000] {logging_mixin.py:188} INFO - [2026-06-16T01:33:27.217+0000] {dag.py:3823} INFO - Setting next_dagrun for example_branch_operator to 2026-06-15 00:00:00+00:00, run_after=2026-06-16 00:00:00+00:00
[2026-06-16T01:33:27.260+0000] {processor.py:183} INFO - Processing /home/airflow/.local/lib/python3.8/site-packages/airflow/example_dags/example_branch_operator.py took 0.470 seconds
[2026-06-16T01:33:57.710+0000] {processor.py:161} INFO - Started process (PID=2833) to work on /home/airflow/.local/lib/python3.8/site-packages/airflow/example_dags/example_branch_operator.py
[2026-06-16T01:33:57.712+0000] {processor.py:830} INFO - Processing file /home/airflow/.local/lib/python3.8/site-packages/airflow/example_dags/example_branch_operator.py for tasks to queue
[2026-06-16T01:33:57.717+0000] {logging_mixin.py:188} INFO - [2026-06-16T01:33:57.717+0000] {dagbag.py:538} INFO - Filling up the DagBag from /home/airflow/.local/lib/python3.8/site-packages/airflow/example_dags/example_branch_operator.py
[2026-06-16T01:33:57.763+0000] {processor.py:840} INFO - DAG(s) 'example_branch_operator' retrieved from /home/airflow/.local/lib/python3.8/site-packages/airflow/example_dags/example_branch_operator.py
[2026-06-16T01:33:57.839+0000] {logging_mixin.py:188} INFO - [2026-06-16T01:33:57.839+0000] {dag.py:3036} INFO - Sync 1 DAGs
[2026-06-16T01:33:58.119+0000] {logging_mixin.py:188} INFO - [2026-06-16T01:33:58.118+0000] {dag.py:3823} INFO - Setting next_dagrun for example_branch_operator to 2026-06-15 00:00:00+00:00, run_after=2026-06-16 00:00:00+00:00
[2026-06-16T01:33:58.172+0000] {processor.py:183} INFO - Processing /home/airflow/.local/lib/python3.8/site-packages/airflow/example_dags/example_branch_operator.py took 0.469 seconds
[2026-06-16T01:34:28.849+0000] {processor.py:161} INFO - Started process (PID=2888) to work on /home/airflow/.local/lib/python3.8/site-packages/airflow/example_dags/example_branch_operator.py
[2026-06-16T01:34:28.852+0000] {processor.py:830} INFO - Processing file /home/airflow/.local/lib/python3.8/site-packages/airflow/example_dags/example_branch_operator.py for tasks to queue
[2026-06-16T01:34:28.868+0000] {logging_mixin.py:188} INFO - [2026-06-16T01:34:28.867+0000] {dagbag.py:538} INFO - Filling up the DagBag from /home/airflow/.local/lib/python3.8/site-packages/airflow/example_dags/example_branch_operator.py
[2026-06-16T01:34:28.935+0000] {processor.py:840} INFO - DAG(s) 'example_branch_operator' retrieved from /home/airflow/.local/lib/python3.8/site-packages/airflow/example_dags/example_branch_operator.py
[2026-06-16T01:34:29.011+0000] {logging_mixin.py:188} INFO - [2026-06-16T01:34:29.011+0000] {dag.py:3036} INFO - Sync 1 DAGs
[2026-06-16T01:34:29.073+0000] {logging_mixin.py:188} INFO - [2026-06-16T01:34:29.072+0000] {dag.py:3823} INFO - Setting next_dagrun for example_branch_operator to 2026-06-15 00:00:00+00:00, run_after=2026-06-16 00:00:00+00:00
[2026-06-16T01:34:29.135+0000] {processor.py:183} INFO - Processing /home/airflow/.local/lib/python3.8/site-packages/airflow/example_dags/example_branch_operator.py took 0.298 seconds
[2026-06-16T01:34:59.746+0000] {processor.py:161} INFO - Started process (PID=2944) to work on /home/airflow/.local/lib/python3.8/site-packages/airflow/example_dags/example_branch_operator.py
[2026-06-16T01:34:59.749+0000] {processor.py:830} INFO - Processing file /home/airflow/.local/lib/python3.8/site-packages/airflow/example_dags/example_branch_operator.py for tasks to queue
[2026-06-16T01:34:59.754+0000] {logging_mixin.py:188} INFO - [2026-06-16T01:34:59.753+0000] {dagbag.py:538} INFO - Filling up the DagBag from /home/airflow/.local/lib/python3.8/site-packages/airflow/example_dags/example_branch_operator.py
[2026-06-16T01:35:00.780+0000] {processor.py:840} INFO - DAG(s) 'example_branch_operator' retrieved from /home/airflow/.local/lib/python3.8/site-packages/airflow/example_dags/example_branch_operator.py
[2026-06-16T01:35:00.888+0000] {logging_mixin.py:188} INFO - [2026-06-16T01:35:00.888+0000] {dag.py:3036} INFO - Sync 1 DAGs
[2026-06-16T01:35:01.212+0000] {logging_mixin.py:188} INFO - [2026-06-16T01:35:01.211+0000] {dag.py:3823} INFO - Setting next_dagrun for example_branch_operator to 2026-06-15 00:00:00+00:00, run_after=2026-06-16 00:00:00+00:00
[2026-06-16T01:35:01.302+0000] {processor.py:183} INFO - Processing /home/airflow/.local/lib/python3.8/site-packages/airflow/example_dags/example_branch_operator.py took 1.565 seconds
[2026-06-16T01:35:31.765+0000] {processor.py:161} INFO - Started process (PID=3001) to work on /home/airflow/.local/lib/python3.8/site-packages/airflow/example_dags/example_branch_operator.py
[2026-06-16T01:35:31.768+0000] {processor.py:830} INFO - Processing file /home/airflow/.local/lib/python3.8/site-packages/airflow/example_dags/example_branch_operator.py for tasks to queue
[2026-06-16T01:35:31.772+0000] {logging_mixin.py:188} INFO - [2026-06-16T01:35:31.771+0000] {dagbag.py:538} INFO - Filling up the DagBag from /home/airflow/.local/lib/python3.8/site-packages/airflow/example_dags/example_branch_operator.py
[2026-06-16T01:35:31.814+0000] {processor.py:840} INFO - DAG(s) 'example_branch_operator' retrieved from /home/airflow/.local/lib/python3.8/site-packages/airflow/example_dags/example_branch_operator.py
[2026-06-16T01:35:31.884+0000] {logging_mixin.py:188} INFO - [2026-06-16T01:35:31.884+0000] {dag.py:3036} INFO - Sync 1 DAGs
[2026-06-16T01:35:31.948+0000] {logging_mixin.py:188} INFO - [2026-06-16T01:35:31.948+0000] {dag.py:3823} INFO - Setting next_dagrun for example_branch_operator to 2026-06-15 00:00:00+00:00, run_after=2026-06-16 00:00:00+00:00
[2026-06-16T01:35:31.992+0000] {processor.py:183} INFO - Processing /home/airflow/.local/lib/python3.8/site-packages/airflow/example_dags/example_branch_operator.py took 0.235 seconds
[2026-06-16T01:36:02.080+0000] {processor.py:161} INFO - Started process (PID=3057) to work on /home/airflow/.local/lib/python3.8/site-packages/airflow/example_dags/example_branch_operator.py
[2026-06-16T01:36:02.081+0000] {processor.py:830} INFO - Processing file /home/airflow/.local/lib/python3.8/site-packages/airflow/example_dags/example_branch_operator.py for tasks to queue
[2026-06-16T01:36:02.085+0000] {logging_mixin.py:188} INFO - [2026-06-16T01:36:02.084+0000] {dagbag.py:538} INFO - Filling up the DagBag from /home/airflow/.local/lib/python3.8/site-packages/airflow/example_dags/example_branch_operator.py
[2026-06-16T01:36:02.126+0000] {processor.py:840} INFO - DAG(s) 'example_branch_operator' retrieved from /home/airflow/.local/lib/python3.8/site-packages/airflow/example_dags/example_branch_operator.py
[2026-06-16T01:36:02.184+0000] {logging_mixin.py:188} INFO - [2026-06-16T01:36:02.184+0000] {dag.py:3036} INFO - Sync 1 DAGs
[2026-06-16T01:36:02.238+0000] {logging_mixin.py:188} INFO - [2026-06-16T01:36:02.238+0000] {dag.py:3823} INFO - Setting next_dagrun for example_branch_operator to 2026-06-15 00:00:00+00:00, run_after=2026-06-16 00:00:00+00:00
[2026-06-16T01:36:02.285+0000] {processor.py:183} INFO - Processing /home/airflow/.local/lib/python3.8/site-packages/airflow/example_dags/example_branch_operator.py took 0.211 seconds
[2026-06-16T01:36:32.761+0000] {processor.py:161} INFO - Started process (PID=3112) to work on /home/airflow/.local/lib/python3.8/site-packages/airflow/example_dags/example_branch_operator.py
[2026-06-16T01:36:32.763+0000] {processor.py:830} INFO - Processing file /home/airflow/.local/lib/python3.8/site-packages/airflow/example_dags/example_branch_operator.py for tasks to queue
[2026-06-16T01:36:32.769+0000] {logging_mixin.py:188} INFO - [2026-06-16T01:36:32.768+0000] {dagbag.py:538} INFO - Filling up the DagBag from /home/airflow/.local/lib/python3.8/site-packages/airflow/example_dags/example_branch_operator.py
[2026-06-16T01:36:32.815+0000] {processor.py:840} INFO - DAG(s) 'example_branch_operator' retrieved from /home/airflow/.local/lib/python3.8/site-packages/airflow/example_dags/example_branch_operator.py
[2026-06-16T01:36:32.890+0000] {logging_mixin.py:188} INFO - [2026-06-16T01:36:32.890+0000] {dag.py:3036} INFO - Sync 1 DAGs
[2026-06-16T01:36:32.949+0000] {logging_mixin.py:188} INFO - [2026-06-16T01:36:32.949+0000] {dag.py:3823} INFO - Setting next_dagrun for example_branch_operator to 2026-06-15 00:00:00+00:00, run_after=2026-06-16 00:00:00+00:00
[2026-06-16T01:36:32.994+0000] {processor.py:183} INFO - Processing /home/airflow/.local/lib/python3.8/site-packages/airflow/example_dags/example_branch_operator.py took 0.241 seconds
[2026-06-16T01:37:03.240+0000] {processor.py:161} INFO - Started process (PID=3168) to work on /home/airflow/.local/lib/python3.8/site-packages/airflow/example_dags/example_branch_operator.py
[2026-06-16T01:37:03.242+0000] {processor.py:830} INFO - Processing file /home/airflow/.local/lib/python3.8/site-packages/airflow/example_dags/example_branch_operator.py for tasks to queue
[2026-06-16T01:37:03.248+0000] {logging_mixin.py:188} INFO - [2026-06-16T01:37:03.248+0000] {dagbag.py:538} INFO - Filling up the DagBag from /home/airflow/.local/lib/python3.8/site-packages/airflow/example_dags/example_branch_operator.py
[2026-06-16T01:37:03.303+0000] {processor.py:840} INFO - DAG(s) 'example_branch_operator' retrieved from /home/airflow/.local/lib/python3.8/site-packages/airflow/example_dags/example_branch_operator.py
[2026-06-16T01:37:03.397+0000] {logging_mixin.py:188} INFO - [2026-06-16T01:37:03.397+0000] {dag.py:3036} INFO - Sync 1 DAGs
[2026-06-16T01:37:03.519+0000] {logging_mixin.py:188} INFO - [2026-06-16T01:37:03.515+0000] {dag.py:3823} INFO - Setting next_dagrun for example_branch_operator to 2026-06-15 00:00:00+00:00, run_after=2026-06-16 00:00:00+00:00
[2026-06-16T01:37:03.635+0000] {processor.py:183} INFO - Processing /home/airflow/.local/lib/python3.8/site-packages/airflow/example_dags/example_branch_operator.py took 0.403 seconds
[2026-06-16T01:37:34.352+0000] {processor.py:161} INFO - Started process (PID=3223) to work on /home/airflow/.local/lib/python3.8/site-packages/airflow/example_dags/example_branch_operator.py
[2026-06-16T01:37:34.355+0000] {processor.py:830} INFO - Processing file /home/airflow/.local/lib/python3.8/site-packages/airflow/example_dags/example_branch_operator.py for tasks to queue
[2026-06-16T01:37:34.360+0000] {logging_mixin.py:188} INFO - [2026-06-16T01:37:34.359+0000] {dagbag.py:538} INFO - Filling up the DagBag from /home/airflow/.local/lib/python3.8/site-packages/airflow/example_dags/example_branch_operator.py
[2026-06-16T01:37:34.417+0000] {processor.py:840} INFO - DAG(s) 'example_branch_operator' retrieved from /home/airflow/.local/lib/python3.8/site-packages/airflow/example_dags/example_branch_operator.py
[2026-06-16T01:37:34.502+0000] {logging_mixin.py:188} INFO - [2026-06-16T01:37:34.502+0000] {dag.py:3036} INFO - Sync 1 DAGs
[2026-06-16T01:37:34.571+0000] {logging_mixin.py:188} INFO - [2026-06-16T01:37:34.571+0000] {dag.py:3823} INFO - Setting next_dagrun for example_branch_operator to 2026-06-15 00:00:00+00:00, run_after=2026-06-16 00:00:00+00:00
[2026-06-16T01:37:34.620+0000] {processor.py:183} INFO - Processing /home/airflow/.local/lib/python3.8/site-packages/airflow/example_dags/example_branch_operator.py took 0.277 seconds
[2026-06-16T01:38:04.780+0000] {processor.py:161} INFO - Started process (PID=3279) to work on /home/airflow/.local/lib/python3.8/site-packages/airflow/example_dags/example_branch_operator.py
[2026-06-16T01:38:04.783+0000] {processor.py:830} INFO - Processing file /home/airflow/.local/lib/python3.8/site-packages/airflow/example_dags/example_branch_operator.py for tasks to queue
[2026-06-16T01:38:04.788+0000] {logging_mixin.py:188} INFO - [2026-06-16T01:38:04.787+0000] {dagbag.py:538} INFO - Filling up the DagBag from /home/airflow/.local/lib/python3.8/site-packages/airflow/example_dags/example_branch_operator.py
[2026-06-16T01:38:04.841+0000] {processor.py:840} INFO - DAG(s) 'example_branch_operator' retrieved from /home/airflow/.local/lib/python3.8/site-packages/airflow/example_dags/example_branch_operator.py
[2026-06-16T01:38:04.932+0000] {logging_mixin.py:188} INFO - [2026-06-16T01:38:04.931+0000] {dag.py:3036} INFO - Sync 1 DAGs
[2026-06-16T01:38:05.023+0000] {logging_mixin.py:188} INFO - [2026-06-16T01:38:05.022+0000] {dag.py:3823} INFO - Setting next_dagrun for example_branch_operator to 2026-06-15 00:00:00+00:00, run_after=2026-06-16 00:00:00+00:00
[2026-06-16T01:38:05.106+0000] {processor.py:183} INFO - Processing /home/airflow/.local/lib/python3.8/site-packages/airflow/example_dags/example_branch_operator.py took 0.335 seconds
