[2026-06-16T01:08:46.605+0000] {processor.py:161} INFO - Started process (PID=133) to work on /home/airflow/.local/lib/python3.8/site-packages/airflow/example_dags/example_latest_only.py
[2026-06-16T01:08:46.614+0000] {processor.py:830} INFO - Processing file /home/airflow/.local/lib/python3.8/site-packages/airflow/example_dags/example_latest_only.py for tasks to queue
[2026-06-16T01:08:46.622+0000] {logging_mixin.py:188} INFO - [2026-06-16T01:08:46.621+0000] {dagbag.py:538} INFO - Filling up the DagBag from /home/airflow/.local/lib/python3.8/site-packages/airflow/example_dags/example_latest_only.py
[2026-06-16T01:08:46.640+0000] {processor.py:840} INFO - DAG(s) 'latest_only' retrieved from /home/airflow/.local/lib/python3.8/site-packages/airflow/example_dags/example_latest_only.py
[2026-06-16T01:08:47.363+0000] {logging_mixin.py:188} INFO - [2026-06-16T01:08:47.362+0000] {dag.py:3036} INFO - Sync 1 DAGs
[2026-06-16T01:08:47.489+0000] {logging_mixin.py:188} INFO - [2026-06-16T01:08:47.489+0000] {dag.py:3823} INFO - Setting next_dagrun for latest_only to 2026-06-15 20:00:00+00:00, run_after=2026-06-16 00:00:00+00:00
[2026-06-16T01:08:47.559+0000] {processor.py:183} INFO - Processing /home/airflow/.local/lib/python3.8/site-packages/airflow/example_dags/example_latest_only.py took 1.023 seconds
[2026-06-16T01:09:18.306+0000] {processor.py:161} INFO - Started process (PID=189) to work on /home/airflow/.local/lib/python3.8/site-packages/airflow/example_dags/example_latest_only.py
[2026-06-16T01:09:18.313+0000] {processor.py:830} INFO - Processing file /home/airflow/.local/lib/python3.8/site-packages/airflow/example_dags/example_latest_only.py for tasks to queue
[2026-06-16T01:09:18.319+0000] {logging_mixin.py:188} INFO - [2026-06-16T01:09:18.318+0000] {dagbag.py:538} INFO - Filling up the DagBag from /home/airflow/.local/lib/python3.8/site-packages/airflow/example_dags/example_latest_only.py
[2026-06-16T01:09:18.342+0000] {processor.py:840} INFO - DAG(s) 'latest_only' retrieved from /home/airflow/.local/lib/python3.8/site-packages/airflow/example_dags/example_latest_only.py
[2026-06-16T01:09:18.456+0000] {logging_mixin.py:188} INFO - [2026-06-16T01:09:18.454+0000] {dag.py:3036} INFO - Sync 1 DAGs
[2026-06-16T01:09:18.633+0000] {logging_mixin.py:188} INFO - [2026-06-16T01:09:18.632+0000] {dag.py:3823} INFO - Setting next_dagrun for latest_only to 2026-06-15 20:00:00+00:00, run_after=2026-06-16 00:00:00+00:00
[2026-06-16T01:09:19.132+0000] {processor.py:183} INFO - Processing /home/airflow/.local/lib/python3.8/site-packages/airflow/example_dags/example_latest_only.py took 0.842 seconds
[2026-06-16T01:09:49.212+0000] {processor.py:161} INFO - Started process (PID=245) to work on /home/airflow/.local/lib/python3.8/site-packages/airflow/example_dags/example_latest_only.py
[2026-06-16T01:09:49.215+0000] {processor.py:830} INFO - Processing file /home/airflow/.local/lib/python3.8/site-packages/airflow/example_dags/example_latest_only.py for tasks to queue
[2026-06-16T01:09:49.228+0000] {logging_mixin.py:188} INFO - [2026-06-16T01:09:49.227+0000] {dagbag.py:538} INFO - Filling up the DagBag from /home/airflow/.local/lib/python3.8/site-packages/airflow/example_dags/example_latest_only.py
[2026-06-16T01:09:49.248+0000] {processor.py:840} INFO - DAG(s) 'latest_only' retrieved from /home/airflow/.local/lib/python3.8/site-packages/airflow/example_dags/example_latest_only.py
[2026-06-16T01:09:49.310+0000] {logging_mixin.py:188} INFO - [2026-06-16T01:09:49.309+0000] {dag.py:3036} INFO - Sync 1 DAGs
[2026-06-16T01:09:49.377+0000] {logging_mixin.py:188} INFO - [2026-06-16T01:09:49.377+0000] {dag.py:3823} INFO - Setting next_dagrun for latest_only to 2026-06-15 20:00:00+00:00, run_after=2026-06-16 00:00:00+00:00
[2026-06-16T01:09:49.451+0000] {processor.py:183} INFO - Processing /home/airflow/.local/lib/python3.8/site-packages/airflow/example_dags/example_latest_only.py took 0.249 seconds
[2026-06-16T01:10:21.089+0000] {processor.py:161} INFO - Started process (PID=301) to work on /home/airflow/.local/lib/python3.8/site-packages/airflow/example_dags/example_latest_only.py
[2026-06-16T01:10:21.094+0000] {processor.py:830} INFO - Processing file /home/airflow/.local/lib/python3.8/site-packages/airflow/example_dags/example_latest_only.py for tasks to queue
[2026-06-16T01:10:21.105+0000] {logging_mixin.py:188} INFO - [2026-06-16T01:10:21.103+0000] {dagbag.py:538} INFO - Filling up the DagBag from /home/airflow/.local/lib/python3.8/site-packages/airflow/example_dags/example_latest_only.py
[2026-06-16T01:10:21.127+0000] {processor.py:840} INFO - DAG(s) 'latest_only' retrieved from /home/airflow/.local/lib/python3.8/site-packages/airflow/example_dags/example_latest_only.py
[2026-06-16T01:10:21.262+0000] {logging_mixin.py:188} INFO - [2026-06-16T01:10:21.262+0000] {dag.py:3036} INFO - Sync 1 DAGs
[2026-06-16T01:10:21.468+0000] {logging_mixin.py:188} INFO - [2026-06-16T01:10:21.467+0000] {dag.py:3823} INFO - Setting next_dagrun for latest_only to 2026-06-15 20:00:00+00:00, run_after=2026-06-16 00:00:00+00:00
[2026-06-16T01:10:21.561+0000] {processor.py:183} INFO - Processing /home/airflow/.local/lib/python3.8/site-packages/airflow/example_dags/example_latest_only.py took 0.484 seconds
[2026-06-16T01:10:51.877+0000] {processor.py:161} INFO - Started process (PID=358) to work on /home/airflow/.local/lib/python3.8/site-packages/airflow/example_dags/example_latest_only.py
[2026-06-16T01:10:51.880+0000] {processor.py:830} INFO - Processing file /home/airflow/.local/lib/python3.8/site-packages/airflow/example_dags/example_latest_only.py for tasks to queue
[2026-06-16T01:10:51.887+0000] {logging_mixin.py:188} INFO - [2026-06-16T01:10:51.886+0000] {dagbag.py:538} INFO - Filling up the DagBag from /home/airflow/.local/lib/python3.8/site-packages/airflow/example_dags/example_latest_only.py
[2026-06-16T01:10:51.914+0000] {processor.py:840} INFO - DAG(s) 'latest_only' retrieved from /home/airflow/.local/lib/python3.8/site-packages/airflow/example_dags/example_latest_only.py
[2026-06-16T01:10:52.252+0000] {logging_mixin.py:188} INFO - [2026-06-16T01:10:52.250+0000] {dag.py:3036} INFO - Sync 1 DAGs
[2026-06-16T01:10:53.453+0000] {logging_mixin.py:188} INFO - [2026-06-16T01:10:53.452+0000] {dag.py:3823} INFO - Setting next_dagrun for latest_only to 2026-06-15 20:00:00+00:00, run_after=2026-06-16 00:00:00+00:00
[2026-06-16T01:10:53.708+0000] {processor.py:183} INFO - Processing /home/airflow/.local/lib/python3.8/site-packages/airflow/example_dags/example_latest_only.py took 1.840 seconds
[2026-06-16T01:11:24.300+0000] {processor.py:161} INFO - Started process (PID=414) to work on /home/airflow/.local/lib/python3.8/site-packages/airflow/example_dags/example_latest_only.py
[2026-06-16T01:11:24.304+0000] {processor.py:830} INFO - Processing file /home/airflow/.local/lib/python3.8/site-packages/airflow/example_dags/example_latest_only.py for tasks to queue
[2026-06-16T01:11:24.314+0000] {logging_mixin.py:188} INFO - [2026-06-16T01:11:24.314+0000] {dagbag.py:538} INFO - Filling up the DagBag from /home/airflow/.local/lib/python3.8/site-packages/airflow/example_dags/example_latest_only.py
[2026-06-16T01:11:24.353+0000] {processor.py:840} INFO - DAG(s) 'latest_only' retrieved from /home/airflow/.local/lib/python3.8/site-packages/airflow/example_dags/example_latest_only.py
[2026-06-16T01:11:24.554+0000] {logging_mixin.py:188} INFO - [2026-06-16T01:11:24.553+0000] {dag.py:3036} INFO - Sync 1 DAGs
[2026-06-16T01:11:24.684+0000] {logging_mixin.py:188} INFO - [2026-06-16T01:11:24.683+0000] {dag.py:3823} INFO - Setting next_dagrun for latest_only to 2026-06-15 20:00:00+00:00, run_after=2026-06-16 00:00:00+00:00
[2026-06-16T01:11:24.799+0000] {processor.py:183} INFO - Processing /home/airflow/.local/lib/python3.8/site-packages/airflow/example_dags/example_latest_only.py took 0.516 seconds
[2026-06-16T01:11:57.554+0000] {processor.py:161} INFO - Started process (PID=472) to work on /home/airflow/.local/lib/python3.8/site-packages/airflow/example_dags/example_latest_only.py
[2026-06-16T01:11:57.557+0000] {processor.py:830} INFO - Processing file /home/airflow/.local/lib/python3.8/site-packages/airflow/example_dags/example_latest_only.py for tasks to queue
[2026-06-16T01:11:57.575+0000] {logging_mixin.py:188} INFO - [2026-06-16T01:11:57.570+0000] {dagbag.py:538} INFO - Filling up the DagBag from /home/airflow/.local/lib/python3.8/site-packages/airflow/example_dags/example_latest_only.py
[2026-06-16T01:11:57.599+0000] {processor.py:840} INFO - DAG(s) 'latest_only' retrieved from /home/airflow/.local/lib/python3.8/site-packages/airflow/example_dags/example_latest_only.py
[2026-06-16T01:11:57.720+0000] {logging_mixin.py:188} INFO - [2026-06-16T01:11:57.720+0000] {dag.py:3036} INFO - Sync 1 DAGs
[2026-06-16T01:11:57.804+0000] {logging_mixin.py:188} INFO - [2026-06-16T01:11:57.803+0000] {dag.py:3823} INFO - Setting next_dagrun for latest_only to 2026-06-15 20:00:00+00:00, run_after=2026-06-16 00:00:00+00:00
[2026-06-16T01:11:57.940+0000] {processor.py:183} INFO - Processing /home/airflow/.local/lib/python3.8/site-packages/airflow/example_dags/example_latest_only.py took 0.396 seconds
[2026-06-16T01:12:28.748+0000] {processor.py:161} INFO - Started process (PID=528) to work on /home/airflow/.local/lib/python3.8/site-packages/airflow/example_dags/example_latest_only.py
[2026-06-16T01:12:28.752+0000] {processor.py:830} INFO - Processing file /home/airflow/.local/lib/python3.8/site-packages/airflow/example_dags/example_latest_only.py for tasks to queue
[2026-06-16T01:12:28.762+0000] {logging_mixin.py:188} INFO - [2026-06-16T01:12:28.761+0000] {dagbag.py:538} INFO - Filling up the DagBag from /home/airflow/.local/lib/python3.8/site-packages/airflow/example_dags/example_latest_only.py
[2026-06-16T01:12:28.780+0000] {processor.py:840} INFO - DAG(s) 'latest_only' retrieved from /home/airflow/.local/lib/python3.8/site-packages/airflow/example_dags/example_latest_only.py
[2026-06-16T01:12:28.885+0000] {logging_mixin.py:188} INFO - [2026-06-16T01:12:28.883+0000] {dag.py:3036} INFO - Sync 1 DAGs
[2026-06-16T01:12:29.053+0000] {logging_mixin.py:188} INFO - [2026-06-16T01:12:29.052+0000] {dag.py:3823} INFO - Setting next_dagrun for latest_only to 2026-06-15 20:00:00+00:00, run_after=2026-06-16 00:00:00+00:00
[2026-06-16T01:12:29.142+0000] {processor.py:183} INFO - Processing /home/airflow/.local/lib/python3.8/site-packages/airflow/example_dags/example_latest_only.py took 0.406 seconds
[2026-06-16T01:13:02.584+0000] {processor.py:161} INFO - Started process (PID=586) to work on /home/airflow/.local/lib/python3.8/site-packages/airflow/example_dags/example_latest_only.py
[2026-06-16T01:13:02.620+0000] {processor.py:830} INFO - Processing file /home/airflow/.local/lib/python3.8/site-packages/airflow/example_dags/example_latest_only.py for tasks to queue
[2026-06-16T01:13:02.678+0000] {logging_mixin.py:188} INFO - [2026-06-16T01:13:02.677+0000] {dagbag.py:538} INFO - Filling up the DagBag from /home/airflow/.local/lib/python3.8/site-packages/airflow/example_dags/example_latest_only.py
[2026-06-16T01:13:02.774+0000] {processor.py:840} INFO - DAG(s) 'latest_only' retrieved from /home/airflow/.local/lib/python3.8/site-packages/airflow/example_dags/example_latest_only.py
[2026-06-16T01:13:02.868+0000] {logging_mixin.py:188} INFO - [2026-06-16T01:13:02.867+0000] {dag.py:3036} INFO - Sync 1 DAGs
[2026-06-16T01:13:03.014+0000] {logging_mixin.py:188} INFO - [2026-06-16T01:13:03.013+0000] {dag.py:3823} INFO - Setting next_dagrun for latest_only to 2026-06-15 20:00:00+00:00, run_after=2026-06-16 00:00:00+00:00
[2026-06-16T01:13:03.332+0000] {processor.py:183} INFO - Processing /home/airflow/.local/lib/python3.8/site-packages/airflow/example_dags/example_latest_only.py took 0.791 seconds
[2026-06-16T01:13:33.549+0000] {processor.py:161} INFO - Started process (PID=642) to work on /home/airflow/.local/lib/python3.8/site-packages/airflow/example_dags/example_latest_only.py
[2026-06-16T01:13:33.553+0000] {processor.py:830} INFO - Processing file /home/airflow/.local/lib/python3.8/site-packages/airflow/example_dags/example_latest_only.py for tasks to queue
[2026-06-16T01:13:33.560+0000] {logging_mixin.py:188} INFO - [2026-06-16T01:13:33.559+0000] {dagbag.py:538} INFO - Filling up the DagBag from /home/airflow/.local/lib/python3.8/site-packages/airflow/example_dags/example_latest_only.py
[2026-06-16T01:13:33.588+0000] {processor.py:840} INFO - DAG(s) 'latest_only' retrieved from /home/airflow/.local/lib/python3.8/site-packages/airflow/example_dags/example_latest_only.py
[2026-06-16T01:13:33.827+0000] {logging_mixin.py:188} INFO - [2026-06-16T01:13:33.826+0000] {dag.py:3036} INFO - Sync 1 DAGs
[2026-06-16T01:13:34.068+0000] {logging_mixin.py:188} INFO - [2026-06-16T01:13:34.067+0000] {dag.py:3823} INFO - Setting next_dagrun for latest_only to 2026-06-15 20:00:00+00:00, run_after=2026-06-16 00:00:00+00:00
[2026-06-16T01:13:34.342+0000] {processor.py:183} INFO - Processing /home/airflow/.local/lib/python3.8/site-packages/airflow/example_dags/example_latest_only.py took 0.805 seconds
[2026-06-16T01:14:04.499+0000] {processor.py:161} INFO - Started process (PID=697) to work on /home/airflow/.local/lib/python3.8/site-packages/airflow/example_dags/example_latest_only.py
[2026-06-16T01:14:04.503+0000] {processor.py:830} INFO - Processing file /home/airflow/.local/lib/python3.8/site-packages/airflow/example_dags/example_latest_only.py for tasks to queue
[2026-06-16T01:14:04.514+0000] {logging_mixin.py:188} INFO - [2026-06-16T01:14:04.513+0000] {dagbag.py:538} INFO - Filling up the DagBag from /home/airflow/.local/lib/python3.8/site-packages/airflow/example_dags/example_latest_only.py
[2026-06-16T01:14:04.537+0000] {processor.py:840} INFO - DAG(s) 'latest_only' retrieved from /home/airflow/.local/lib/python3.8/site-packages/airflow/example_dags/example_latest_only.py
[2026-06-16T01:14:04.634+0000] {logging_mixin.py:188} INFO - [2026-06-16T01:14:04.633+0000] {dag.py:3036} INFO - Sync 1 DAGs
[2026-06-16T01:14:04.782+0000] {logging_mixin.py:188} INFO - [2026-06-16T01:14:04.781+0000] {dag.py:3823} INFO - Setting next_dagrun for latest_only to 2026-06-15 20:00:00+00:00, run_after=2026-06-16 00:00:00+00:00
[2026-06-16T01:14:04.871+0000] {processor.py:183} INFO - Processing /home/airflow/.local/lib/python3.8/site-packages/airflow/example_dags/example_latest_only.py took 0.392 seconds
[2026-06-16T01:14:36.495+0000] {processor.py:161} INFO - Started process (PID=752) to work on /home/airflow/.local/lib/python3.8/site-packages/airflow/example_dags/example_latest_only.py
[2026-06-16T01:14:36.498+0000] {processor.py:830} INFO - Processing file /home/airflow/.local/lib/python3.8/site-packages/airflow/example_dags/example_latest_only.py for tasks to queue
[2026-06-16T01:14:36.503+0000] {logging_mixin.py:188} INFO - [2026-06-16T01:14:36.502+0000] {dagbag.py:538} INFO - Filling up the DagBag from /home/airflow/.local/lib/python3.8/site-packages/airflow/example_dags/example_latest_only.py
[2026-06-16T01:14:36.518+0000] {processor.py:840} INFO - DAG(s) 'latest_only' retrieved from /home/airflow/.local/lib/python3.8/site-packages/airflow/example_dags/example_latest_only.py
[2026-06-16T01:14:36.618+0000] {logging_mixin.py:188} INFO - [2026-06-16T01:14:36.618+0000] {dag.py:3036} INFO - Sync 1 DAGs
[2026-06-16T01:14:36.715+0000] {logging_mixin.py:188} INFO - [2026-06-16T01:14:36.715+0000] {dag.py:3823} INFO - Setting next_dagrun for latest_only to 2026-06-15 20:00:00+00:00, run_after=2026-06-16 00:00:00+00:00
[2026-06-16T01:14:36.826+0000] {processor.py:183} INFO - Processing /home/airflow/.local/lib/python3.8/site-packages/airflow/example_dags/example_latest_only.py took 0.341 seconds
[2026-06-16T01:15:07.233+0000] {processor.py:161} INFO - Started process (PID=806) to work on /home/airflow/.local/lib/python3.8/site-packages/airflow/example_dags/example_latest_only.py
[2026-06-16T01:15:07.237+0000] {processor.py:830} INFO - Processing file /home/airflow/.local/lib/python3.8/site-packages/airflow/example_dags/example_latest_only.py for tasks to queue
[2026-06-16T01:15:07.242+0000] {logging_mixin.py:188} INFO - [2026-06-16T01:15:07.242+0000] {dagbag.py:538} INFO - Filling up the DagBag from /home/airflow/.local/lib/python3.8/site-packages/airflow/example_dags/example_latest_only.py
[2026-06-16T01:15:07.258+0000] {processor.py:840} INFO - DAG(s) 'latest_only' retrieved from /home/airflow/.local/lib/python3.8/site-packages/airflow/example_dags/example_latest_only.py
[2026-06-16T01:15:07.438+0000] {logging_mixin.py:188} INFO - [2026-06-16T01:15:07.437+0000] {dag.py:3036} INFO - Sync 1 DAGs
[2026-06-16T01:15:07.574+0000] {logging_mixin.py:188} INFO - [2026-06-16T01:15:07.573+0000] {dag.py:3823} INFO - Setting next_dagrun for latest_only to 2026-06-15 20:00:00+00:00, run_after=2026-06-16 00:00:00+00:00
[2026-06-16T01:15:07.657+0000] {processor.py:183} INFO - Processing /home/airflow/.local/lib/python3.8/site-packages/airflow/example_dags/example_latest_only.py took 0.435 seconds
[2026-06-16T01:15:41.497+0000] {processor.py:161} INFO - Started process (PID=867) to work on /home/airflow/.local/lib/python3.8/site-packages/airflow/example_dags/example_latest_only.py
[2026-06-16T01:15:41.505+0000] {processor.py:830} INFO - Processing file /home/airflow/.local/lib/python3.8/site-packages/airflow/example_dags/example_latest_only.py for tasks to queue
[2026-06-16T01:15:41.512+0000] {logging_mixin.py:188} INFO - [2026-06-16T01:15:41.510+0000] {dagbag.py:538} INFO - Filling up the DagBag from /home/airflow/.local/lib/python3.8/site-packages/airflow/example_dags/example_latest_only.py
[2026-06-16T01:15:41.658+0000] {processor.py:840} INFO - DAG(s) 'latest_only' retrieved from /home/airflow/.local/lib/python3.8/site-packages/airflow/example_dags/example_latest_only.py
[2026-06-16T01:15:41.905+0000] {logging_mixin.py:188} INFO - [2026-06-16T01:15:41.904+0000] {dag.py:3036} INFO - Sync 1 DAGs
[2026-06-16T01:15:42.308+0000] {logging_mixin.py:188} INFO - [2026-06-16T01:15:42.307+0000] {dag.py:3823} INFO - Setting next_dagrun for latest_only to 2026-06-15 20:00:00+00:00, run_after=2026-06-16 00:00:00+00:00
[2026-06-16T01:15:42.797+0000] {processor.py:183} INFO - Processing /home/airflow/.local/lib/python3.8/site-packages/airflow/example_dags/example_latest_only.py took 1.314 seconds
[2026-06-16T01:16:13.535+0000] {processor.py:161} INFO - Started process (PID=923) to work on /home/airflow/.local/lib/python3.8/site-packages/airflow/example_dags/example_latest_only.py
[2026-06-16T01:16:13.543+0000] {processor.py:830} INFO - Processing file /home/airflow/.local/lib/python3.8/site-packages/airflow/example_dags/example_latest_only.py for tasks to queue
[2026-06-16T01:16:13.555+0000] {logging_mixin.py:188} INFO - [2026-06-16T01:16:13.553+0000] {dagbag.py:538} INFO - Filling up the DagBag from /home/airflow/.local/lib/python3.8/site-packages/airflow/example_dags/example_latest_only.py
[2026-06-16T01:16:13.604+0000] {processor.py:840} INFO - DAG(s) 'latest_only' retrieved from /home/airflow/.local/lib/python3.8/site-packages/airflow/example_dags/example_latest_only.py
[2026-06-16T01:16:13.714+0000] {logging_mixin.py:188} INFO - [2026-06-16T01:16:13.713+0000] {dag.py:3036} INFO - Sync 1 DAGs
[2026-06-16T01:16:13.878+0000] {logging_mixin.py:188} INFO - [2026-06-16T01:16:13.877+0000] {dag.py:3823} INFO - Setting next_dagrun for latest_only to 2026-06-15 20:00:00+00:00, run_after=2026-06-16 00:00:00+00:00
[2026-06-16T01:16:13.983+0000] {processor.py:183} INFO - Processing /home/airflow/.local/lib/python3.8/site-packages/airflow/example_dags/example_latest_only.py took 0.481 seconds
[2026-06-16T01:16:48.769+0000] {processor.py:161} INFO - Started process (PID=982) to work on /home/airflow/.local/lib/python3.8/site-packages/airflow/example_dags/example_latest_only.py
[2026-06-16T01:16:48.775+0000] {processor.py:830} INFO - Processing file /home/airflow/.local/lib/python3.8/site-packages/airflow/example_dags/example_latest_only.py for tasks to queue
[2026-06-16T01:16:48.788+0000] {logging_mixin.py:188} INFO - [2026-06-16T01:16:48.785+0000] {dagbag.py:538} INFO - Filling up the DagBag from /home/airflow/.local/lib/python3.8/site-packages/airflow/example_dags/example_latest_only.py
[2026-06-16T01:16:48.817+0000] {processor.py:840} INFO - DAG(s) 'latest_only' retrieved from /home/airflow/.local/lib/python3.8/site-packages/airflow/example_dags/example_latest_only.py
[2026-06-16T01:16:49.146+0000] {logging_mixin.py:188} INFO - [2026-06-16T01:16:49.145+0000] {dag.py:3036} INFO - Sync 1 DAGs
[2026-06-16T01:16:49.276+0000] {logging_mixin.py:188} INFO - [2026-06-16T01:16:49.276+0000] {dag.py:3823} INFO - Setting next_dagrun for latest_only to 2026-06-15 20:00:00+00:00, run_after=2026-06-16 00:00:00+00:00
[2026-06-16T01:16:49.430+0000] {processor.py:183} INFO - Processing /home/airflow/.local/lib/python3.8/site-packages/airflow/example_dags/example_latest_only.py took 0.672 seconds
[2026-06-16T01:17:25.181+0000] {processor.py:161} INFO - Started process (PID=1040) to work on /home/airflow/.local/lib/python3.8/site-packages/airflow/example_dags/example_latest_only.py
[2026-06-16T01:17:25.189+0000] {processor.py:830} INFO - Processing file /home/airflow/.local/lib/python3.8/site-packages/airflow/example_dags/example_latest_only.py for tasks to queue
[2026-06-16T01:17:25.204+0000] {logging_mixin.py:188} INFO - [2026-06-16T01:17:25.203+0000] {dagbag.py:538} INFO - Filling up the DagBag from /home/airflow/.local/lib/python3.8/site-packages/airflow/example_dags/example_latest_only.py
[2026-06-16T01:17:25.242+0000] {processor.py:840} INFO - DAG(s) 'latest_only' retrieved from /home/airflow/.local/lib/python3.8/site-packages/airflow/example_dags/example_latest_only.py
[2026-06-16T01:17:25.370+0000] {logging_mixin.py:188} INFO - [2026-06-16T01:17:25.354+0000] {dag.py:3036} INFO - Sync 1 DAGs
[2026-06-16T01:17:25.634+0000] {logging_mixin.py:188} INFO - [2026-06-16T01:17:25.630+0000] {dag.py:3823} INFO - Setting next_dagrun for latest_only to 2026-06-15 20:00:00+00:00, run_after=2026-06-16 00:00:00+00:00
[2026-06-16T01:17:25.715+0000] {processor.py:183} INFO - Processing /home/airflow/.local/lib/python3.8/site-packages/airflow/example_dags/example_latest_only.py took 0.646 seconds
[2026-06-16T01:17:56.008+0000] {processor.py:161} INFO - Started process (PID=1096) to work on /home/airflow/.local/lib/python3.8/site-packages/airflow/example_dags/example_latest_only.py
[2026-06-16T01:17:56.014+0000] {processor.py:830} INFO - Processing file /home/airflow/.local/lib/python3.8/site-packages/airflow/example_dags/example_latest_only.py for tasks to queue
[2026-06-16T01:17:56.019+0000] {logging_mixin.py:188} INFO - [2026-06-16T01:17:56.018+0000] {dagbag.py:538} INFO - Filling up the DagBag from /home/airflow/.local/lib/python3.8/site-packages/airflow/example_dags/example_latest_only.py
[2026-06-16T01:17:56.038+0000] {processor.py:840} INFO - DAG(s) 'latest_only' retrieved from /home/airflow/.local/lib/python3.8/site-packages/airflow/example_dags/example_latest_only.py
[2026-06-16T01:17:56.163+0000] {logging_mixin.py:188} INFO - [2026-06-16T01:17:56.162+0000] {dag.py:3036} INFO - Sync 1 DAGs
[2026-06-16T01:17:56.284+0000] {logging_mixin.py:188} INFO - [2026-06-16T01:17:56.283+0000] {dag.py:3823} INFO - Setting next_dagrun for latest_only to 2026-06-15 20:00:00+00:00, run_after=2026-06-16 00:00:00+00:00
[2026-06-16T01:17:56.377+0000] {processor.py:183} INFO - Processing /home/airflow/.local/lib/python3.8/site-packages/airflow/example_dags/example_latest_only.py took 0.380 seconds
[2026-06-16T01:18:26.717+0000] {processor.py:161} INFO - Started process (PID=1152) to work on /home/airflow/.local/lib/python3.8/site-packages/airflow/example_dags/example_latest_only.py
[2026-06-16T01:18:26.721+0000] {processor.py:830} INFO - Processing file /home/airflow/.local/lib/python3.8/site-packages/airflow/example_dags/example_latest_only.py for tasks to queue
[2026-06-16T01:18:26.734+0000] {logging_mixin.py:188} INFO - [2026-06-16T01:18:26.732+0000] {dagbag.py:538} INFO - Filling up the DagBag from /home/airflow/.local/lib/python3.8/site-packages/airflow/example_dags/example_latest_only.py
[2026-06-16T01:18:26.765+0000] {processor.py:840} INFO - DAG(s) 'latest_only' retrieved from /home/airflow/.local/lib/python3.8/site-packages/airflow/example_dags/example_latest_only.py
[2026-06-16T01:18:26.845+0000] {logging_mixin.py:188} INFO - [2026-06-16T01:18:26.844+0000] {dag.py:3036} INFO - Sync 1 DAGs
[2026-06-16T01:18:26.947+0000] {logging_mixin.py:188} INFO - [2026-06-16T01:18:26.947+0000] {dag.py:3823} INFO - Setting next_dagrun for latest_only to 2026-06-15 20:00:00+00:00, run_after=2026-06-16 00:00:00+00:00
[2026-06-16T01:18:27.036+0000] {processor.py:183} INFO - Processing /home/airflow/.local/lib/python3.8/site-packages/airflow/example_dags/example_latest_only.py took 0.332 seconds
[2026-06-16T01:18:58.792+0000] {processor.py:161} INFO - Started process (PID=1209) to work on /home/airflow/.local/lib/python3.8/site-packages/airflow/example_dags/example_latest_only.py
[2026-06-16T01:18:58.796+0000] {processor.py:830} INFO - Processing file /home/airflow/.local/lib/python3.8/site-packages/airflow/example_dags/example_latest_only.py for tasks to queue
[2026-06-16T01:18:58.835+0000] {logging_mixin.py:188} INFO - [2026-06-16T01:18:58.834+0000] {dagbag.py:538} INFO - Filling up the DagBag from /home/airflow/.local/lib/python3.8/site-packages/airflow/example_dags/example_latest_only.py
[2026-06-16T01:18:58.858+0000] {processor.py:840} INFO - DAG(s) 'latest_only' retrieved from /home/airflow/.local/lib/python3.8/site-packages/airflow/example_dags/example_latest_only.py
[2026-06-16T01:18:59.020+0000] {logging_mixin.py:188} INFO - [2026-06-16T01:18:59.019+0000] {dag.py:3036} INFO - Sync 1 DAGs
[2026-06-16T01:18:59.142+0000] {logging_mixin.py:188} INFO - [2026-06-16T01:18:59.138+0000] {dag.py:3823} INFO - Setting next_dagrun for latest_only to 2026-06-15 20:00:00+00:00, run_after=2026-06-16 00:00:00+00:00
[2026-06-16T01:18:59.228+0000] {processor.py:183} INFO - Processing /home/airflow/.local/lib/python3.8/site-packages/airflow/example_dags/example_latest_only.py took 0.450 seconds
[2026-06-16T01:19:29.635+0000] {processor.py:161} INFO - Started process (PID=1265) to work on /home/airflow/.local/lib/python3.8/site-packages/airflow/example_dags/example_latest_only.py
[2026-06-16T01:19:29.638+0000] {processor.py:830} INFO - Processing file /home/airflow/.local/lib/python3.8/site-packages/airflow/example_dags/example_latest_only.py for tasks to queue
[2026-06-16T01:19:29.643+0000] {logging_mixin.py:188} INFO - [2026-06-16T01:19:29.643+0000] {dagbag.py:538} INFO - Filling up the DagBag from /home/airflow/.local/lib/python3.8/site-packages/airflow/example_dags/example_latest_only.py
[2026-06-16T01:19:29.660+0000] {processor.py:840} INFO - DAG(s) 'latest_only' retrieved from /home/airflow/.local/lib/python3.8/site-packages/airflow/example_dags/example_latest_only.py
[2026-06-16T01:19:29.777+0000] {logging_mixin.py:188} INFO - [2026-06-16T01:19:29.776+0000] {dag.py:3036} INFO - Sync 1 DAGs
[2026-06-16T01:19:29.905+0000] {logging_mixin.py:188} INFO - [2026-06-16T01:19:29.896+0000] {dag.py:3823} INFO - Setting next_dagrun for latest_only to 2026-06-15 20:00:00+00:00, run_after=2026-06-16 00:00:00+00:00
[2026-06-16T01:19:30.015+0000] {processor.py:183} INFO - Processing /home/airflow/.local/lib/python3.8/site-packages/airflow/example_dags/example_latest_only.py took 0.390 seconds
[2026-06-16T01:20:00.687+0000] {processor.py:161} INFO - Started process (PID=1321) to work on /home/airflow/.local/lib/python3.8/site-packages/airflow/example_dags/example_latest_only.py
[2026-06-16T01:20:00.690+0000] {processor.py:830} INFO - Processing file /home/airflow/.local/lib/python3.8/site-packages/airflow/example_dags/example_latest_only.py for tasks to queue
[2026-06-16T01:20:00.697+0000] {logging_mixin.py:188} INFO - [2026-06-16T01:20:00.696+0000] {dagbag.py:538} INFO - Filling up the DagBag from /home/airflow/.local/lib/python3.8/site-packages/airflow/example_dags/example_latest_only.py
[2026-06-16T01:20:00.717+0000] {processor.py:840} INFO - DAG(s) 'latest_only' retrieved from /home/airflow/.local/lib/python3.8/site-packages/airflow/example_dags/example_latest_only.py
[2026-06-16T01:20:00.807+0000] {logging_mixin.py:188} INFO - [2026-06-16T01:20:00.806+0000] {dag.py:3036} INFO - Sync 1 DAGs
[2026-06-16T01:20:00.970+0000] {logging_mixin.py:188} INFO - [2026-06-16T01:20:00.969+0000] {dag.py:3823} INFO - Setting next_dagrun for latest_only to 2026-06-15 20:00:00+00:00, run_after=2026-06-16 00:00:00+00:00
[2026-06-16T01:20:01.081+0000] {processor.py:183} INFO - Processing /home/airflow/.local/lib/python3.8/site-packages/airflow/example_dags/example_latest_only.py took 0.407 seconds
[2026-06-16T01:20:31.573+0000] {processor.py:161} INFO - Started process (PID=1377) to work on /home/airflow/.local/lib/python3.8/site-packages/airflow/example_dags/example_latest_only.py
[2026-06-16T01:20:31.577+0000] {processor.py:830} INFO - Processing file /home/airflow/.local/lib/python3.8/site-packages/airflow/example_dags/example_latest_only.py for tasks to queue
[2026-06-16T01:20:31.584+0000] {logging_mixin.py:188} INFO - [2026-06-16T01:20:31.583+0000] {dagbag.py:538} INFO - Filling up the DagBag from /home/airflow/.local/lib/python3.8/site-packages/airflow/example_dags/example_latest_only.py
[2026-06-16T01:20:31.688+0000] {processor.py:840} INFO - DAG(s) 'latest_only' retrieved from /home/airflow/.local/lib/python3.8/site-packages/airflow/example_dags/example_latest_only.py
[2026-06-16T01:20:31.839+0000] {logging_mixin.py:188} INFO - [2026-06-16T01:20:31.838+0000] {dag.py:3036} INFO - Sync 1 DAGs
[2026-06-16T01:20:31.947+0000] {logging_mixin.py:188} INFO - [2026-06-16T01:20:31.946+0000] {dag.py:3823} INFO - Setting next_dagrun for latest_only to 2026-06-15 20:00:00+00:00, run_after=2026-06-16 00:00:00+00:00
[2026-06-16T01:20:32.046+0000] {processor.py:183} INFO - Processing /home/airflow/.local/lib/python3.8/site-packages/airflow/example_dags/example_latest_only.py took 0.486 seconds
[2026-06-16T01:21:03.458+0000] {processor.py:161} INFO - Started process (PID=1433) to work on /home/airflow/.local/lib/python3.8/site-packages/airflow/example_dags/example_latest_only.py
[2026-06-16T01:21:03.468+0000] {processor.py:830} INFO - Processing file /home/airflow/.local/lib/python3.8/site-packages/airflow/example_dags/example_latest_only.py for tasks to queue
[2026-06-16T01:21:03.506+0000] {logging_mixin.py:188} INFO - [2026-06-16T01:21:03.498+0000] {dagbag.py:538} INFO - Filling up the DagBag from /home/airflow/.local/lib/python3.8/site-packages/airflow/example_dags/example_latest_only.py
[2026-06-16T01:21:03.531+0000] {processor.py:840} INFO - DAG(s) 'latest_only' retrieved from /home/airflow/.local/lib/python3.8/site-packages/airflow/example_dags/example_latest_only.py
[2026-06-16T01:21:03.688+0000] {logging_mixin.py:188} INFO - [2026-06-16T01:21:03.687+0000] {dag.py:3036} INFO - Sync 1 DAGs
[2026-06-16T01:21:03.930+0000] {logging_mixin.py:188} INFO - [2026-06-16T01:21:03.926+0000] {dag.py:3823} INFO - Setting next_dagrun for latest_only to 2026-06-15 20:00:00+00:00, run_after=2026-06-16 00:00:00+00:00
[2026-06-16T01:21:04.038+0000] {processor.py:183} INFO - Processing /home/airflow/.local/lib/python3.8/site-packages/airflow/example_dags/example_latest_only.py took 0.600 seconds
[2026-06-16T01:21:34.507+0000] {processor.py:161} INFO - Started process (PID=1489) to work on /home/airflow/.local/lib/python3.8/site-packages/airflow/example_dags/example_latest_only.py
[2026-06-16T01:21:34.510+0000] {processor.py:830} INFO - Processing file /home/airflow/.local/lib/python3.8/site-packages/airflow/example_dags/example_latest_only.py for tasks to queue
[2026-06-16T01:21:34.516+0000] {logging_mixin.py:188} INFO - [2026-06-16T01:21:34.515+0000] {dagbag.py:538} INFO - Filling up the DagBag from /home/airflow/.local/lib/python3.8/site-packages/airflow/example_dags/example_latest_only.py
[2026-06-16T01:21:34.540+0000] {processor.py:840} INFO - DAG(s) 'latest_only' retrieved from /home/airflow/.local/lib/python3.8/site-packages/airflow/example_dags/example_latest_only.py
[2026-06-16T01:21:34.615+0000] {logging_mixin.py:188} INFO - [2026-06-16T01:21:34.614+0000] {dag.py:3036} INFO - Sync 1 DAGs
[2026-06-16T01:21:34.751+0000] {logging_mixin.py:188} INFO - [2026-06-16T01:21:34.750+0000] {dag.py:3823} INFO - Setting next_dagrun for latest_only to 2026-06-15 20:00:00+00:00, run_after=2026-06-16 00:00:00+00:00
[2026-06-16T01:21:34.843+0000] {processor.py:183} INFO - Processing /home/airflow/.local/lib/python3.8/site-packages/airflow/example_dags/example_latest_only.py took 0.348 seconds
[2026-06-16T01:22:07.803+0000] {processor.py:161} INFO - Started process (PID=1547) to work on /home/airflow/.local/lib/python3.8/site-packages/airflow/example_dags/example_latest_only.py
[2026-06-16T01:22:07.809+0000] {processor.py:830} INFO - Processing file /home/airflow/.local/lib/python3.8/site-packages/airflow/example_dags/example_latest_only.py for tasks to queue
[2026-06-16T01:22:07.814+0000] {logging_mixin.py:188} INFO - [2026-06-16T01:22:07.813+0000] {dagbag.py:538} INFO - Filling up the DagBag from /home/airflow/.local/lib/python3.8/site-packages/airflow/example_dags/example_latest_only.py
[2026-06-16T01:22:07.836+0000] {processor.py:840} INFO - DAG(s) 'latest_only' retrieved from /home/airflow/.local/lib/python3.8/site-packages/airflow/example_dags/example_latest_only.py
[2026-06-16T01:22:07.947+0000] {logging_mixin.py:188} INFO - [2026-06-16T01:22:07.946+0000] {dag.py:3036} INFO - Sync 1 DAGs
[2026-06-16T01:22:08.050+0000] {logging_mixin.py:188} INFO - [2026-06-16T01:22:08.050+0000] {dag.py:3823} INFO - Setting next_dagrun for latest_only to 2026-06-15 20:00:00+00:00, run_after=2026-06-16 00:00:00+00:00
[2026-06-16T01:22:08.149+0000] {processor.py:183} INFO - Processing /home/airflow/.local/lib/python3.8/site-packages/airflow/example_dags/example_latest_only.py took 0.362 seconds
[2026-06-16T01:22:40.390+0000] {processor.py:161} INFO - Started process (PID=1603) to work on /home/airflow/.local/lib/python3.8/site-packages/airflow/example_dags/example_latest_only.py
[2026-06-16T01:22:40.394+0000] {processor.py:830} INFO - Processing file /home/airflow/.local/lib/python3.8/site-packages/airflow/example_dags/example_latest_only.py for tasks to queue
[2026-06-16T01:22:40.407+0000] {logging_mixin.py:188} INFO - [2026-06-16T01:22:40.406+0000] {dagbag.py:538} INFO - Filling up the DagBag from /home/airflow/.local/lib/python3.8/site-packages/airflow/example_dags/example_latest_only.py
[2026-06-16T01:22:40.432+0000] {processor.py:840} INFO - DAG(s) 'latest_only' retrieved from /home/airflow/.local/lib/python3.8/site-packages/airflow/example_dags/example_latest_only.py
[2026-06-16T01:22:40.529+0000] {logging_mixin.py:188} INFO - [2026-06-16T01:22:40.528+0000] {dag.py:3036} INFO - Sync 1 DAGs
[2026-06-16T01:22:40.648+0000] {logging_mixin.py:188} INFO - [2026-06-16T01:22:40.646+0000] {dag.py:3823} INFO - Setting next_dagrun for latest_only to 2026-06-15 20:00:00+00:00, run_after=2026-06-16 00:00:00+00:00
[2026-06-16T01:22:40.792+0000] {processor.py:183} INFO - Processing /home/airflow/.local/lib/python3.8/site-packages/airflow/example_dags/example_latest_only.py took 0.415 seconds
[2026-06-16T01:23:14.978+0000] {processor.py:161} INFO - Started process (PID=1659) to work on /home/airflow/.local/lib/python3.8/site-packages/airflow/example_dags/example_latest_only.py
[2026-06-16T01:23:14.993+0000] {processor.py:830} INFO - Processing file /home/airflow/.local/lib/python3.8/site-packages/airflow/example_dags/example_latest_only.py for tasks to queue
[2026-06-16T01:23:15.008+0000] {logging_mixin.py:188} INFO - [2026-06-16T01:23:15.002+0000] {dagbag.py:538} INFO - Filling up the DagBag from /home/airflow/.local/lib/python3.8/site-packages/airflow/example_dags/example_latest_only.py
[2026-06-16T01:23:15.035+0000] {processor.py:840} INFO - DAG(s) 'latest_only' retrieved from /home/airflow/.local/lib/python3.8/site-packages/airflow/example_dags/example_latest_only.py
[2026-06-16T01:23:15.217+0000] {logging_mixin.py:188} INFO - [2026-06-16T01:23:15.216+0000] {dag.py:3036} INFO - Sync 1 DAGs
[2026-06-16T01:23:15.308+0000] {logging_mixin.py:188} INFO - [2026-06-16T01:23:15.307+0000] {dag.py:3823} INFO - Setting next_dagrun for latest_only to 2026-06-15 20:00:00+00:00, run_after=2026-06-16 00:00:00+00:00
[2026-06-16T01:23:15.410+0000] {processor.py:183} INFO - Processing /home/airflow/.local/lib/python3.8/site-packages/airflow/example_dags/example_latest_only.py took 0.441 seconds
[2026-06-16T01:23:51.203+0000] {processor.py:161} INFO - Started process (PID=1720) to work on /home/airflow/.local/lib/python3.8/site-packages/airflow/example_dags/example_latest_only.py
[2026-06-16T01:23:51.231+0000] {processor.py:830} INFO - Processing file /home/airflow/.local/lib/python3.8/site-packages/airflow/example_dags/example_latest_only.py for tasks to queue
[2026-06-16T01:23:51.244+0000] {logging_mixin.py:188} INFO - [2026-06-16T01:23:51.241+0000] {dagbag.py:538} INFO - Filling up the DagBag from /home/airflow/.local/lib/python3.8/site-packages/airflow/example_dags/example_latest_only.py
[2026-06-16T01:23:51.269+0000] {processor.py:840} INFO - DAG(s) 'latest_only' retrieved from /home/airflow/.local/lib/python3.8/site-packages/airflow/example_dags/example_latest_only.py
[2026-06-16T01:23:51.427+0000] {logging_mixin.py:188} INFO - [2026-06-16T01:23:51.414+0000] {dag.py:3036} INFO - Sync 1 DAGs
[2026-06-16T01:23:51.541+0000] {logging_mixin.py:188} INFO - [2026-06-16T01:23:51.541+0000] {dag.py:3823} INFO - Setting next_dagrun for latest_only to 2026-06-15 20:00:00+00:00, run_after=2026-06-16 00:00:00+00:00
[2026-06-16T01:23:51.760+0000] {processor.py:183} INFO - Processing /home/airflow/.local/lib/python3.8/site-packages/airflow/example_dags/example_latest_only.py took 0.630 seconds
[2026-06-16T01:24:21.881+0000] {processor.py:161} INFO - Started process (PID=1776) to work on /home/airflow/.local/lib/python3.8/site-packages/airflow/example_dags/example_latest_only.py
[2026-06-16T01:24:21.887+0000] {processor.py:830} INFO - Processing file /home/airflow/.local/lib/python3.8/site-packages/airflow/example_dags/example_latest_only.py for tasks to queue
[2026-06-16T01:24:21.893+0000] {logging_mixin.py:188} INFO - [2026-06-16T01:24:21.892+0000] {dagbag.py:538} INFO - Filling up the DagBag from /home/airflow/.local/lib/python3.8/site-packages/airflow/example_dags/example_latest_only.py
[2026-06-16T01:24:21.924+0000] {processor.py:840} INFO - DAG(s) 'latest_only' retrieved from /home/airflow/.local/lib/python3.8/site-packages/airflow/example_dags/example_latest_only.py
[2026-06-16T01:24:22.029+0000] {logging_mixin.py:188} INFO - [2026-06-16T01:24:22.028+0000] {dag.py:3036} INFO - Sync 1 DAGs
[2026-06-16T01:24:22.102+0000] {logging_mixin.py:188} INFO - [2026-06-16T01:24:22.101+0000] {dag.py:3823} INFO - Setting next_dagrun for latest_only to 2026-06-15 20:00:00+00:00, run_after=2026-06-16 00:00:00+00:00
[2026-06-16T01:24:22.160+0000] {processor.py:183} INFO - Processing /home/airflow/.local/lib/python3.8/site-packages/airflow/example_dags/example_latest_only.py took 0.292 seconds
[2026-06-16T01:24:52.371+0000] {processor.py:161} INFO - Started process (PID=1830) to work on /home/airflow/.local/lib/python3.8/site-packages/airflow/example_dags/example_latest_only.py
[2026-06-16T01:24:52.375+0000] {processor.py:830} INFO - Processing file /home/airflow/.local/lib/python3.8/site-packages/airflow/example_dags/example_latest_only.py for tasks to queue
[2026-06-16T01:24:52.381+0000] {logging_mixin.py:188} INFO - [2026-06-16T01:24:52.380+0000] {dagbag.py:538} INFO - Filling up the DagBag from /home/airflow/.local/lib/python3.8/site-packages/airflow/example_dags/example_latest_only.py
[2026-06-16T01:24:52.396+0000] {processor.py:840} INFO - DAG(s) 'latest_only' retrieved from /home/airflow/.local/lib/python3.8/site-packages/airflow/example_dags/example_latest_only.py
[2026-06-16T01:24:52.449+0000] {logging_mixin.py:188} INFO - [2026-06-16T01:24:52.448+0000] {dag.py:3036} INFO - Sync 1 DAGs
[2026-06-16T01:24:52.506+0000] {logging_mixin.py:188} INFO - [2026-06-16T01:24:52.506+0000] {dag.py:3823} INFO - Setting next_dagrun for latest_only to 2026-06-15 20:00:00+00:00, run_after=2026-06-16 00:00:00+00:00
[2026-06-16T01:24:52.552+0000] {processor.py:183} INFO - Processing /home/airflow/.local/lib/python3.8/site-packages/airflow/example_dags/example_latest_only.py took 0.188 seconds
[2026-06-16T01:25:22.666+0000] {processor.py:161} INFO - Started process (PID=1886) to work on /home/airflow/.local/lib/python3.8/site-packages/airflow/example_dags/example_latest_only.py
[2026-06-16T01:25:22.669+0000] {processor.py:830} INFO - Processing file /home/airflow/.local/lib/python3.8/site-packages/airflow/example_dags/example_latest_only.py for tasks to queue
[2026-06-16T01:25:22.677+0000] {logging_mixin.py:188} INFO - [2026-06-16T01:25:22.676+0000] {dagbag.py:538} INFO - Filling up the DagBag from /home/airflow/.local/lib/python3.8/site-packages/airflow/example_dags/example_latest_only.py
[2026-06-16T01:25:22.696+0000] {processor.py:840} INFO - DAG(s) 'latest_only' retrieved from /home/airflow/.local/lib/python3.8/site-packages/airflow/example_dags/example_latest_only.py
[2026-06-16T01:25:22.760+0000] {logging_mixin.py:188} INFO - [2026-06-16T01:25:22.760+0000] {dag.py:3036} INFO - Sync 1 DAGs
[2026-06-16T01:25:22.834+0000] {logging_mixin.py:188} INFO - [2026-06-16T01:25:22.832+0000] {dag.py:3823} INFO - Setting next_dagrun for latest_only to 2026-06-15 20:00:00+00:00, run_after=2026-06-16 00:00:00+00:00
[2026-06-16T01:25:22.899+0000] {processor.py:183} INFO - Processing /home/airflow/.local/lib/python3.8/site-packages/airflow/example_dags/example_latest_only.py took 0.241 seconds
[2026-06-16T01:25:53.521+0000] {processor.py:161} INFO - Started process (PID=1943) to work on /home/airflow/.local/lib/python3.8/site-packages/airflow/example_dags/example_latest_only.py
[2026-06-16T01:25:53.523+0000] {processor.py:830} INFO - Processing file /home/airflow/.local/lib/python3.8/site-packages/airflow/example_dags/example_latest_only.py for tasks to queue
[2026-06-16T01:25:53.527+0000] {logging_mixin.py:188} INFO - [2026-06-16T01:25:53.526+0000] {dagbag.py:538} INFO - Filling up the DagBag from /home/airflow/.local/lib/python3.8/site-packages/airflow/example_dags/example_latest_only.py
[2026-06-16T01:25:53.538+0000] {processor.py:840} INFO - DAG(s) 'latest_only' retrieved from /home/airflow/.local/lib/python3.8/site-packages/airflow/example_dags/example_latest_only.py
[2026-06-16T01:25:53.580+0000] {logging_mixin.py:188} INFO - [2026-06-16T01:25:53.580+0000] {dag.py:3036} INFO - Sync 1 DAGs
[2026-06-16T01:25:53.626+0000] {logging_mixin.py:188} INFO - [2026-06-16T01:25:53.625+0000] {dag.py:3823} INFO - Setting next_dagrun for latest_only to 2026-06-15 20:00:00+00:00, run_after=2026-06-16 00:00:00+00:00
[2026-06-16T01:25:53.665+0000] {processor.py:183} INFO - Processing /home/airflow/.local/lib/python3.8/site-packages/airflow/example_dags/example_latest_only.py took 0.151 seconds
[2026-06-16T01:26:24.448+0000] {processor.py:161} INFO - Started process (PID=2000) to work on /home/airflow/.local/lib/python3.8/site-packages/airflow/example_dags/example_latest_only.py
[2026-06-16T01:26:24.450+0000] {processor.py:830} INFO - Processing file /home/airflow/.local/lib/python3.8/site-packages/airflow/example_dags/example_latest_only.py for tasks to queue
[2026-06-16T01:26:24.454+0000] {logging_mixin.py:188} INFO - [2026-06-16T01:26:24.453+0000] {dagbag.py:538} INFO - Filling up the DagBag from /home/airflow/.local/lib/python3.8/site-packages/airflow/example_dags/example_latest_only.py
[2026-06-16T01:26:24.464+0000] {processor.py:840} INFO - DAG(s) 'latest_only' retrieved from /home/airflow/.local/lib/python3.8/site-packages/airflow/example_dags/example_latest_only.py
[2026-06-16T01:26:24.509+0000] {logging_mixin.py:188} INFO - [2026-06-16T01:26:24.509+0000] {dag.py:3036} INFO - Sync 1 DAGs
[2026-06-16T01:26:24.558+0000] {logging_mixin.py:188} INFO - [2026-06-16T01:26:24.558+0000] {dag.py:3823} INFO - Setting next_dagrun for latest_only to 2026-06-15 20:00:00+00:00, run_after=2026-06-16 00:00:00+00:00
[2026-06-16T01:26:24.601+0000] {processor.py:183} INFO - Processing /home/airflow/.local/lib/python3.8/site-packages/airflow/example_dags/example_latest_only.py took 0.162 seconds
[2026-06-16T01:26:55.468+0000] {processor.py:161} INFO - Started process (PID=2056) to work on /home/airflow/.local/lib/python3.8/site-packages/airflow/example_dags/example_latest_only.py
[2026-06-16T01:26:55.470+0000] {processor.py:830} INFO - Processing file /home/airflow/.local/lib/python3.8/site-packages/airflow/example_dags/example_latest_only.py for tasks to queue
[2026-06-16T01:26:55.475+0000] {logging_mixin.py:188} INFO - [2026-06-16T01:26:55.474+0000] {dagbag.py:538} INFO - Filling up the DagBag from /home/airflow/.local/lib/python3.8/site-packages/airflow/example_dags/example_latest_only.py
[2026-06-16T01:26:55.490+0000] {processor.py:840} INFO - DAG(s) 'latest_only' retrieved from /home/airflow/.local/lib/python3.8/site-packages/airflow/example_dags/example_latest_only.py
[2026-06-16T01:26:55.549+0000] {logging_mixin.py:188} INFO - [2026-06-16T01:26:55.549+0000] {dag.py:3036} INFO - Sync 1 DAGs
[2026-06-16T01:26:55.614+0000] {logging_mixin.py:188} INFO - [2026-06-16T01:26:55.613+0000] {dag.py:3823} INFO - Setting next_dagrun for latest_only to 2026-06-15 20:00:00+00:00, run_after=2026-06-16 00:00:00+00:00
[2026-06-16T01:26:55.671+0000] {processor.py:183} INFO - Processing /home/airflow/.local/lib/python3.8/site-packages/airflow/example_dags/example_latest_only.py took 0.212 seconds
[2026-06-16T01:27:25.949+0000] {processor.py:161} INFO - Started process (PID=2113) to work on /home/airflow/.local/lib/python3.8/site-packages/airflow/example_dags/example_latest_only.py
[2026-06-16T01:27:25.951+0000] {processor.py:830} INFO - Processing file /home/airflow/.local/lib/python3.8/site-packages/airflow/example_dags/example_latest_only.py for tasks to queue
[2026-06-16T01:27:25.959+0000] {logging_mixin.py:188} INFO - [2026-06-16T01:27:25.957+0000] {dagbag.py:538} INFO - Filling up the DagBag from /home/airflow/.local/lib/python3.8/site-packages/airflow/example_dags/example_latest_only.py
[2026-06-16T01:27:25.973+0000] {processor.py:840} INFO - DAG(s) 'latest_only' retrieved from /home/airflow/.local/lib/python3.8/site-packages/airflow/example_dags/example_latest_only.py
[2026-06-16T01:27:26.036+0000] {logging_mixin.py:188} INFO - [2026-06-16T01:27:26.035+0000] {dag.py:3036} INFO - Sync 1 DAGs
[2026-06-16T01:27:26.105+0000] {logging_mixin.py:188} INFO - [2026-06-16T01:27:26.105+0000] {dag.py:3823} INFO - Setting next_dagrun for latest_only to 2026-06-15 20:00:00+00:00, run_after=2026-06-16 00:00:00+00:00
[2026-06-16T01:27:26.158+0000] {processor.py:183} INFO - Processing /home/airflow/.local/lib/python3.8/site-packages/airflow/example_dags/example_latest_only.py took 0.216 seconds
[2026-06-16T01:27:56.726+0000] {processor.py:161} INFO - Started process (PID=2169) to work on /home/airflow/.local/lib/python3.8/site-packages/airflow/example_dags/example_latest_only.py
[2026-06-16T01:27:56.729+0000] {processor.py:830} INFO - Processing file /home/airflow/.local/lib/python3.8/site-packages/airflow/example_dags/example_latest_only.py for tasks to queue
[2026-06-16T01:27:56.734+0000] {logging_mixin.py:188} INFO - [2026-06-16T01:27:56.733+0000] {dagbag.py:538} INFO - Filling up the DagBag from /home/airflow/.local/lib/python3.8/site-packages/airflow/example_dags/example_latest_only.py
[2026-06-16T01:27:56.749+0000] {processor.py:840} INFO - DAG(s) 'latest_only' retrieved from /home/airflow/.local/lib/python3.8/site-packages/airflow/example_dags/example_latest_only.py
[2026-06-16T01:27:56.804+0000] {logging_mixin.py:188} INFO - [2026-06-16T01:27:56.804+0000] {dag.py:3036} INFO - Sync 1 DAGs
[2026-06-16T01:27:56.859+0000] {logging_mixin.py:188} INFO - [2026-06-16T01:27:56.857+0000] {dag.py:3823} INFO - Setting next_dagrun for latest_only to 2026-06-15 20:00:00+00:00, run_after=2026-06-16 00:00:00+00:00
[2026-06-16T01:27:56.898+0000] {processor.py:183} INFO - Processing /home/airflow/.local/lib/python3.8/site-packages/airflow/example_dags/example_latest_only.py took 0.181 seconds
[2026-06-16T01:28:27.754+0000] {processor.py:161} INFO - Started process (PID=2225) to work on /home/airflow/.local/lib/python3.8/site-packages/airflow/example_dags/example_latest_only.py
[2026-06-16T01:28:27.757+0000] {processor.py:830} INFO - Processing file /home/airflow/.local/lib/python3.8/site-packages/airflow/example_dags/example_latest_only.py for tasks to queue
[2026-06-16T01:28:27.762+0000] {logging_mixin.py:188} INFO - [2026-06-16T01:28:27.762+0000] {dagbag.py:538} INFO - Filling up the DagBag from /home/airflow/.local/lib/python3.8/site-packages/airflow/example_dags/example_latest_only.py
[2026-06-16T01:28:27.775+0000] {processor.py:840} INFO - DAG(s) 'latest_only' retrieved from /home/airflow/.local/lib/python3.8/site-packages/airflow/example_dags/example_latest_only.py
[2026-06-16T01:28:27.823+0000] {logging_mixin.py:188} INFO - [2026-06-16T01:28:27.822+0000] {dag.py:3036} INFO - Sync 1 DAGs
[2026-06-16T01:28:27.895+0000] {logging_mixin.py:188} INFO - [2026-06-16T01:28:27.894+0000] {dag.py:3823} INFO - Setting next_dagrun for latest_only to 2026-06-15 20:00:00+00:00, run_after=2026-06-16 00:00:00+00:00
[2026-06-16T01:28:27.956+0000] {processor.py:183} INFO - Processing /home/airflow/.local/lib/python3.8/site-packages/airflow/example_dags/example_latest_only.py took 0.212 seconds
[2026-06-16T01:28:59.595+0000] {processor.py:161} INFO - Started process (PID=2281) to work on /home/airflow/.local/lib/python3.8/site-packages/airflow/example_dags/example_latest_only.py
[2026-06-16T01:28:59.597+0000] {processor.py:830} INFO - Processing file /home/airflow/.local/lib/python3.8/site-packages/airflow/example_dags/example_latest_only.py for tasks to queue
[2026-06-16T01:28:59.603+0000] {logging_mixin.py:188} INFO - [2026-06-16T01:28:59.601+0000] {dagbag.py:538} INFO - Filling up the DagBag from /home/airflow/.local/lib/python3.8/site-packages/airflow/example_dags/example_latest_only.py
[2026-06-16T01:28:59.621+0000] {processor.py:840} INFO - DAG(s) 'latest_only' retrieved from /home/airflow/.local/lib/python3.8/site-packages/airflow/example_dags/example_latest_only.py
[2026-06-16T01:28:59.715+0000] {logging_mixin.py:188} INFO - [2026-06-16T01:28:59.715+0000] {dag.py:3036} INFO - Sync 1 DAGs
[2026-06-16T01:28:59.793+0000] {logging_mixin.py:188} INFO - [2026-06-16T01:28:59.792+0000] {dag.py:3823} INFO - Setting next_dagrun for latest_only to 2026-06-15 20:00:00+00:00, run_after=2026-06-16 00:00:00+00:00
[2026-06-16T01:28:59.866+0000] {processor.py:183} INFO - Processing /home/airflow/.local/lib/python3.8/site-packages/airflow/example_dags/example_latest_only.py took 0.280 seconds
[2026-06-16T01:29:31.052+0000] {processor.py:161} INFO - Started process (PID=2339) to work on /home/airflow/.local/lib/python3.8/site-packages/airflow/example_dags/example_latest_only.py
[2026-06-16T01:29:31.054+0000] {processor.py:830} INFO - Processing file /home/airflow/.local/lib/python3.8/site-packages/airflow/example_dags/example_latest_only.py for tasks to queue
[2026-06-16T01:29:31.059+0000] {logging_mixin.py:188} INFO - [2026-06-16T01:29:31.059+0000] {dagbag.py:538} INFO - Filling up the DagBag from /home/airflow/.local/lib/python3.8/site-packages/airflow/example_dags/example_latest_only.py
[2026-06-16T01:29:31.072+0000] {processor.py:840} INFO - DAG(s) 'latest_only' retrieved from /home/airflow/.local/lib/python3.8/site-packages/airflow/example_dags/example_latest_only.py
[2026-06-16T01:29:31.129+0000] {logging_mixin.py:188} INFO - [2026-06-16T01:29:31.128+0000] {dag.py:3036} INFO - Sync 1 DAGs
[2026-06-16T01:29:31.197+0000] {logging_mixin.py:188} INFO - [2026-06-16T01:29:31.195+0000] {dag.py:3823} INFO - Setting next_dagrun for latest_only to 2026-06-15 20:00:00+00:00, run_after=2026-06-16 00:00:00+00:00
[2026-06-16T01:29:31.552+0000] {processor.py:183} INFO - Processing /home/airflow/.local/lib/python3.8/site-packages/airflow/example_dags/example_latest_only.py took 0.509 seconds
[2026-06-16T01:30:02.457+0000] {processor.py:161} INFO - Started process (PID=2396) to work on /home/airflow/.local/lib/python3.8/site-packages/airflow/example_dags/example_latest_only.py
[2026-06-16T01:30:02.459+0000] {processor.py:830} INFO - Processing file /home/airflow/.local/lib/python3.8/site-packages/airflow/example_dags/example_latest_only.py for tasks to queue
[2026-06-16T01:30:02.464+0000] {logging_mixin.py:188} INFO - [2026-06-16T01:30:02.463+0000] {dagbag.py:538} INFO - Filling up the DagBag from /home/airflow/.local/lib/python3.8/site-packages/airflow/example_dags/example_latest_only.py
[2026-06-16T01:30:02.477+0000] {processor.py:840} INFO - DAG(s) 'latest_only' retrieved from /home/airflow/.local/lib/python3.8/site-packages/airflow/example_dags/example_latest_only.py
[2026-06-16T01:30:02.550+0000] {logging_mixin.py:188} INFO - [2026-06-16T01:30:02.550+0000] {dag.py:3036} INFO - Sync 1 DAGs
[2026-06-16T01:30:02.622+0000] {logging_mixin.py:188} INFO - [2026-06-16T01:30:02.622+0000] {dag.py:3823} INFO - Setting next_dagrun for latest_only to 2026-06-15 20:00:00+00:00, run_after=2026-06-16 00:00:00+00:00
[2026-06-16T01:30:02.691+0000] {processor.py:183} INFO - Processing /home/airflow/.local/lib/python3.8/site-packages/airflow/example_dags/example_latest_only.py took 0.241 seconds
[2026-06-16T01:30:32.926+0000] {processor.py:161} INFO - Started process (PID=2453) to work on /home/airflow/.local/lib/python3.8/site-packages/airflow/example_dags/example_latest_only.py
[2026-06-16T01:30:32.928+0000] {processor.py:830} INFO - Processing file /home/airflow/.local/lib/python3.8/site-packages/airflow/example_dags/example_latest_only.py for tasks to queue
[2026-06-16T01:30:32.932+0000] {logging_mixin.py:188} INFO - [2026-06-16T01:30:32.932+0000] {dagbag.py:538} INFO - Filling up the DagBag from /home/airflow/.local/lib/python3.8/site-packages/airflow/example_dags/example_latest_only.py
[2026-06-16T01:30:32.945+0000] {processor.py:840} INFO - DAG(s) 'latest_only' retrieved from /home/airflow/.local/lib/python3.8/site-packages/airflow/example_dags/example_latest_only.py
[2026-06-16T01:30:32.999+0000] {logging_mixin.py:188} INFO - [2026-06-16T01:30:32.999+0000] {dag.py:3036} INFO - Sync 1 DAGs
[2026-06-16T01:30:33.053+0000] {logging_mixin.py:188} INFO - [2026-06-16T01:30:33.052+0000] {dag.py:3823} INFO - Setting next_dagrun for latest_only to 2026-06-15 20:00:00+00:00, run_after=2026-06-16 00:00:00+00:00
[2026-06-16T01:30:33.106+0000] {processor.py:183} INFO - Processing /home/airflow/.local/lib/python3.8/site-packages/airflow/example_dags/example_latest_only.py took 0.187 seconds
[2026-06-16T01:31:03.748+0000] {processor.py:161} INFO - Started process (PID=2509) to work on /home/airflow/.local/lib/python3.8/site-packages/airflow/example_dags/example_latest_only.py
[2026-06-16T01:31:03.751+0000] {processor.py:830} INFO - Processing file /home/airflow/.local/lib/python3.8/site-packages/airflow/example_dags/example_latest_only.py for tasks to queue
[2026-06-16T01:31:03.756+0000] {logging_mixin.py:188} INFO - [2026-06-16T01:31:03.755+0000] {dagbag.py:538} INFO - Filling up the DagBag from /home/airflow/.local/lib/python3.8/site-packages/airflow/example_dags/example_latest_only.py
[2026-06-16T01:31:03.777+0000] {processor.py:840} INFO - DAG(s) 'latest_only' retrieved from /home/airflow/.local/lib/python3.8/site-packages/airflow/example_dags/example_latest_only.py
[2026-06-16T01:31:03.873+0000] {logging_mixin.py:188} INFO - [2026-06-16T01:31:03.872+0000] {dag.py:3036} INFO - Sync 1 DAGs
[2026-06-16T01:31:03.961+0000] {logging_mixin.py:188} INFO - [2026-06-16T01:31:03.960+0000] {dag.py:3823} INFO - Setting next_dagrun for latest_only to 2026-06-15 20:00:00+00:00, run_after=2026-06-16 00:00:00+00:00
[2026-06-16T01:31:04.018+0000] {processor.py:183} INFO - Processing /home/airflow/.local/lib/python3.8/site-packages/airflow/example_dags/example_latest_only.py took 0.279 seconds
[2026-06-16T01:31:34.918+0000] {processor.py:161} INFO - Started process (PID=2565) to work on /home/airflow/.local/lib/python3.8/site-packages/airflow/example_dags/example_latest_only.py
[2026-06-16T01:31:34.920+0000] {processor.py:830} INFO - Processing file /home/airflow/.local/lib/python3.8/site-packages/airflow/example_dags/example_latest_only.py for tasks to queue
[2026-06-16T01:31:34.927+0000] {logging_mixin.py:188} INFO - [2026-06-16T01:31:34.926+0000] {dagbag.py:538} INFO - Filling up the DagBag from /home/airflow/.local/lib/python3.8/site-packages/airflow/example_dags/example_latest_only.py
[2026-06-16T01:31:34.947+0000] {processor.py:840} INFO - DAG(s) 'latest_only' retrieved from /home/airflow/.local/lib/python3.8/site-packages/airflow/example_dags/example_latest_only.py
[2026-06-16T01:31:35.004+0000] {logging_mixin.py:188} INFO - [2026-06-16T01:31:35.004+0000] {dag.py:3036} INFO - Sync 1 DAGs
[2026-06-16T01:31:35.074+0000] {logging_mixin.py:188} INFO - [2026-06-16T01:31:35.073+0000] {dag.py:3823} INFO - Setting next_dagrun for latest_only to 2026-06-15 20:00:00+00:00, run_after=2026-06-16 00:00:00+00:00
[2026-06-16T01:31:35.392+0000] {processor.py:183} INFO - Processing /home/airflow/.local/lib/python3.8/site-packages/airflow/example_dags/example_latest_only.py took 0.487 seconds
[2026-06-16T01:32:05.992+0000] {processor.py:161} INFO - Started process (PID=2621) to work on /home/airflow/.local/lib/python3.8/site-packages/airflow/example_dags/example_latest_only.py
[2026-06-16T01:32:05.994+0000] {processor.py:830} INFO - Processing file /home/airflow/.local/lib/python3.8/site-packages/airflow/example_dags/example_latest_only.py for tasks to queue
[2026-06-16T01:32:05.999+0000] {logging_mixin.py:188} INFO - [2026-06-16T01:32:05.999+0000] {dagbag.py:538} INFO - Filling up the DagBag from /home/airflow/.local/lib/python3.8/site-packages/airflow/example_dags/example_latest_only.py
[2026-06-16T01:32:06.014+0000] {processor.py:840} INFO - DAG(s) 'latest_only' retrieved from /home/airflow/.local/lib/python3.8/site-packages/airflow/example_dags/example_latest_only.py
[2026-06-16T01:32:06.067+0000] {logging_mixin.py:188} INFO - [2026-06-16T01:32:06.066+0000] {dag.py:3036} INFO - Sync 1 DAGs
[2026-06-16T01:32:06.137+0000] {logging_mixin.py:188} INFO - [2026-06-16T01:32:06.136+0000] {dag.py:3823} INFO - Setting next_dagrun for latest_only to 2026-06-15 20:00:00+00:00, run_after=2026-06-16 00:00:00+00:00
[2026-06-16T01:32:06.444+0000] {processor.py:183} INFO - Processing /home/airflow/.local/lib/python3.8/site-packages/airflow/example_dags/example_latest_only.py took 0.465 seconds
[2026-06-16T01:32:36.591+0000] {processor.py:161} INFO - Started process (PID=2681) to work on /home/airflow/.local/lib/python3.8/site-packages/airflow/example_dags/example_latest_only.py
[2026-06-16T01:32:36.593+0000] {processor.py:830} INFO - Processing file /home/airflow/.local/lib/python3.8/site-packages/airflow/example_dags/example_latest_only.py for tasks to queue
[2026-06-16T01:32:36.597+0000] {logging_mixin.py:188} INFO - [2026-06-16T01:32:36.597+0000] {dagbag.py:538} INFO - Filling up the DagBag from /home/airflow/.local/lib/python3.8/site-packages/airflow/example_dags/example_latest_only.py
[2026-06-16T01:32:36.609+0000] {processor.py:840} INFO - DAG(s) 'latest_only' retrieved from /home/airflow/.local/lib/python3.8/site-packages/airflow/example_dags/example_latest_only.py
[2026-06-16T01:32:36.663+0000] {logging_mixin.py:188} INFO - [2026-06-16T01:32:36.662+0000] {dag.py:3036} INFO - Sync 1 DAGs
[2026-06-16T01:32:36.725+0000] {logging_mixin.py:188} INFO - [2026-06-16T01:32:36.723+0000] {dag.py:3823} INFO - Setting next_dagrun for latest_only to 2026-06-15 20:00:00+00:00, run_after=2026-06-16 00:00:00+00:00
[2026-06-16T01:32:36.791+0000] {processor.py:183} INFO - Processing /home/airflow/.local/lib/python3.8/site-packages/airflow/example_dags/example_latest_only.py took 0.216 seconds
[2026-06-16T01:33:07.195+0000] {processor.py:161} INFO - Started process (PID=2737) to work on /home/airflow/.local/lib/python3.8/site-packages/airflow/example_dags/example_latest_only.py
[2026-06-16T01:33:07.198+0000] {processor.py:830} INFO - Processing file /home/airflow/.local/lib/python3.8/site-packages/airflow/example_dags/example_latest_only.py for tasks to queue
[2026-06-16T01:33:07.202+0000] {logging_mixin.py:188} INFO - [2026-06-16T01:33:07.201+0000] {dagbag.py:538} INFO - Filling up the DagBag from /home/airflow/.local/lib/python3.8/site-packages/airflow/example_dags/example_latest_only.py
[2026-06-16T01:33:07.219+0000] {processor.py:840} INFO - DAG(s) 'latest_only' retrieved from /home/airflow/.local/lib/python3.8/site-packages/airflow/example_dags/example_latest_only.py
[2026-06-16T01:33:07.274+0000] {logging_mixin.py:188} INFO - [2026-06-16T01:33:07.274+0000] {dag.py:3036} INFO - Sync 1 DAGs
[2026-06-16T01:33:07.353+0000] {logging_mixin.py:188} INFO - [2026-06-16T01:33:07.353+0000] {dag.py:3823} INFO - Setting next_dagrun for latest_only to 2026-06-15 20:00:00+00:00, run_after=2026-06-16 00:00:00+00:00
[2026-06-16T01:33:07.418+0000] {processor.py:183} INFO - Processing /home/airflow/.local/lib/python3.8/site-packages/airflow/example_dags/example_latest_only.py took 0.230 seconds
[2026-06-16T01:33:37.742+0000] {processor.py:161} INFO - Started process (PID=2793) to work on /home/airflow/.local/lib/python3.8/site-packages/airflow/example_dags/example_latest_only.py
[2026-06-16T01:33:37.745+0000] {processor.py:830} INFO - Processing file /home/airflow/.local/lib/python3.8/site-packages/airflow/example_dags/example_latest_only.py for tasks to queue
[2026-06-16T01:33:37.754+0000] {logging_mixin.py:188} INFO - [2026-06-16T01:33:37.754+0000] {dagbag.py:538} INFO - Filling up the DagBag from /home/airflow/.local/lib/python3.8/site-packages/airflow/example_dags/example_latest_only.py
[2026-06-16T01:33:37.768+0000] {processor.py:840} INFO - DAG(s) 'latest_only' retrieved from /home/airflow/.local/lib/python3.8/site-packages/airflow/example_dags/example_latest_only.py
[2026-06-16T01:33:37.843+0000] {logging_mixin.py:188} INFO - [2026-06-16T01:33:37.842+0000] {dag.py:3036} INFO - Sync 1 DAGs
[2026-06-16T01:33:37.936+0000] {logging_mixin.py:188} INFO - [2026-06-16T01:33:37.936+0000] {dag.py:3823} INFO - Setting next_dagrun for latest_only to 2026-06-15 20:00:00+00:00, run_after=2026-06-16 00:00:00+00:00
[2026-06-16T01:33:37.995+0000] {processor.py:183} INFO - Processing /home/airflow/.local/lib/python3.8/site-packages/airflow/example_dags/example_latest_only.py took 0.262 seconds
[2026-06-16T01:34:08.339+0000] {processor.py:161} INFO - Started process (PID=2849) to work on /home/airflow/.local/lib/python3.8/site-packages/airflow/example_dags/example_latest_only.py
[2026-06-16T01:34:08.342+0000] {processor.py:830} INFO - Processing file /home/airflow/.local/lib/python3.8/site-packages/airflow/example_dags/example_latest_only.py for tasks to queue
[2026-06-16T01:34:08.347+0000] {logging_mixin.py:188} INFO - [2026-06-16T01:34:08.346+0000] {dagbag.py:538} INFO - Filling up the DagBag from /home/airflow/.local/lib/python3.8/site-packages/airflow/example_dags/example_latest_only.py
[2026-06-16T01:34:08.365+0000] {processor.py:840} INFO - DAG(s) 'latest_only' retrieved from /home/airflow/.local/lib/python3.8/site-packages/airflow/example_dags/example_latest_only.py
[2026-06-16T01:34:08.422+0000] {logging_mixin.py:188} INFO - [2026-06-16T01:34:08.421+0000] {dag.py:3036} INFO - Sync 1 DAGs
[2026-06-16T01:34:08.976+0000] {logging_mixin.py:188} INFO - [2026-06-16T01:34:08.973+0000] {dag.py:3823} INFO - Setting next_dagrun for latest_only to 2026-06-15 20:00:00+00:00, run_after=2026-06-16 00:00:00+00:00
[2026-06-16T01:34:09.074+0000] {processor.py:183} INFO - Processing /home/airflow/.local/lib/python3.8/site-packages/airflow/example_dags/example_latest_only.py took 0.743 seconds
[2026-06-16T01:34:39.718+0000] {processor.py:161} INFO - Started process (PID=2903) to work on /home/airflow/.local/lib/python3.8/site-packages/airflow/example_dags/example_latest_only.py
[2026-06-16T01:34:39.720+0000] {processor.py:830} INFO - Processing file /home/airflow/.local/lib/python3.8/site-packages/airflow/example_dags/example_latest_only.py for tasks to queue
[2026-06-16T01:34:39.726+0000] {logging_mixin.py:188} INFO - [2026-06-16T01:34:39.725+0000] {dagbag.py:538} INFO - Filling up the DagBag from /home/airflow/.local/lib/python3.8/site-packages/airflow/example_dags/example_latest_only.py
[2026-06-16T01:34:39.736+0000] {processor.py:840} INFO - DAG(s) 'latest_only' retrieved from /home/airflow/.local/lib/python3.8/site-packages/airflow/example_dags/example_latest_only.py
[2026-06-16T01:34:39.786+0000] {logging_mixin.py:188} INFO - [2026-06-16T01:34:39.785+0000] {dag.py:3036} INFO - Sync 1 DAGs
[2026-06-16T01:34:39.838+0000] {logging_mixin.py:188} INFO - [2026-06-16T01:34:39.838+0000] {dag.py:3823} INFO - Setting next_dagrun for latest_only to 2026-06-15 20:00:00+00:00, run_after=2026-06-16 00:00:00+00:00
[2026-06-16T01:34:40.086+0000] {processor.py:183} INFO - Processing /home/airflow/.local/lib/python3.8/site-packages/airflow/example_dags/example_latest_only.py took 0.373 seconds
[2026-06-16T01:35:10.151+0000] {processor.py:161} INFO - Started process (PID=2959) to work on /home/airflow/.local/lib/python3.8/site-packages/airflow/example_dags/example_latest_only.py
[2026-06-16T01:35:10.153+0000] {processor.py:830} INFO - Processing file /home/airflow/.local/lib/python3.8/site-packages/airflow/example_dags/example_latest_only.py for tasks to queue
[2026-06-16T01:35:10.157+0000] {logging_mixin.py:188} INFO - [2026-06-16T01:35:10.156+0000] {dagbag.py:538} INFO - Filling up the DagBag from /home/airflow/.local/lib/python3.8/site-packages/airflow/example_dags/example_latest_only.py
[2026-06-16T01:35:10.170+0000] {processor.py:840} INFO - DAG(s) 'latest_only' retrieved from /home/airflow/.local/lib/python3.8/site-packages/airflow/example_dags/example_latest_only.py
[2026-06-16T01:35:10.218+0000] {logging_mixin.py:188} INFO - [2026-06-16T01:35:10.218+0000] {dag.py:3036} INFO - Sync 1 DAGs
[2026-06-16T01:35:10.266+0000] {logging_mixin.py:188} INFO - [2026-06-16T01:35:10.266+0000] {dag.py:3823} INFO - Setting next_dagrun for latest_only to 2026-06-15 20:00:00+00:00, run_after=2026-06-16 00:00:00+00:00
[2026-06-16T01:35:10.308+0000] {processor.py:183} INFO - Processing /home/airflow/.local/lib/python3.8/site-packages/airflow/example_dags/example_latest_only.py took 0.164 seconds
[2026-06-16T01:35:40.395+0000] {processor.py:161} INFO - Started process (PID=3015) to work on /home/airflow/.local/lib/python3.8/site-packages/airflow/example_dags/example_latest_only.py
[2026-06-16T01:35:40.397+0000] {processor.py:830} INFO - Processing file /home/airflow/.local/lib/python3.8/site-packages/airflow/example_dags/example_latest_only.py for tasks to queue
[2026-06-16T01:35:40.403+0000] {logging_mixin.py:188} INFO - [2026-06-16T01:35:40.402+0000] {dagbag.py:538} INFO - Filling up the DagBag from /home/airflow/.local/lib/python3.8/site-packages/airflow/example_dags/example_latest_only.py
[2026-06-16T01:35:40.421+0000] {processor.py:840} INFO - DAG(s) 'latest_only' retrieved from /home/airflow/.local/lib/python3.8/site-packages/airflow/example_dags/example_latest_only.py
[2026-06-16T01:35:40.484+0000] {logging_mixin.py:188} INFO - [2026-06-16T01:35:40.484+0000] {dag.py:3036} INFO - Sync 1 DAGs
[2026-06-16T01:35:40.551+0000] {logging_mixin.py:188} INFO - [2026-06-16T01:35:40.550+0000] {dag.py:3823} INFO - Setting next_dagrun for latest_only to 2026-06-15 20:00:00+00:00, run_after=2026-06-16 00:00:00+00:00
[2026-06-16T01:35:40.599+0000] {processor.py:183} INFO - Processing /home/airflow/.local/lib/python3.8/site-packages/airflow/example_dags/example_latest_only.py took 0.215 seconds
[2026-06-16T01:36:10.828+0000] {processor.py:161} INFO - Started process (PID=3070) to work on /home/airflow/.local/lib/python3.8/site-packages/airflow/example_dags/example_latest_only.py
[2026-06-16T01:36:10.831+0000] {processor.py:830} INFO - Processing file /home/airflow/.local/lib/python3.8/site-packages/airflow/example_dags/example_latest_only.py for tasks to queue
[2026-06-16T01:36:10.836+0000] {logging_mixin.py:188} INFO - [2026-06-16T01:36:10.835+0000] {dagbag.py:538} INFO - Filling up the DagBag from /home/airflow/.local/lib/python3.8/site-packages/airflow/example_dags/example_latest_only.py
[2026-06-16T01:36:10.850+0000] {processor.py:840} INFO - DAG(s) 'latest_only' retrieved from /home/airflow/.local/lib/python3.8/site-packages/airflow/example_dags/example_latest_only.py
[2026-06-16T01:36:10.906+0000] {logging_mixin.py:188} INFO - [2026-06-16T01:36:10.906+0000] {dag.py:3036} INFO - Sync 1 DAGs
[2026-06-16T01:36:10.973+0000] {logging_mixin.py:188} INFO - [2026-06-16T01:36:10.973+0000] {dag.py:3823} INFO - Setting next_dagrun for latest_only to 2026-06-15 20:00:00+00:00, run_after=2026-06-16 00:00:00+00:00
[2026-06-16T01:36:11.026+0000] {processor.py:183} INFO - Processing /home/airflow/.local/lib/python3.8/site-packages/airflow/example_dags/example_latest_only.py took 0.208 seconds
[2026-06-16T01:36:41.480+0000] {processor.py:161} INFO - Started process (PID=3126) to work on /home/airflow/.local/lib/python3.8/site-packages/airflow/example_dags/example_latest_only.py
[2026-06-16T01:36:41.484+0000] {processor.py:830} INFO - Processing file /home/airflow/.local/lib/python3.8/site-packages/airflow/example_dags/example_latest_only.py for tasks to queue
[2026-06-16T01:36:41.489+0000] {logging_mixin.py:188} INFO - [2026-06-16T01:36:41.488+0000] {dagbag.py:538} INFO - Filling up the DagBag from /home/airflow/.local/lib/python3.8/site-packages/airflow/example_dags/example_latest_only.py
[2026-06-16T01:36:41.500+0000] {processor.py:840} INFO - DAG(s) 'latest_only' retrieved from /home/airflow/.local/lib/python3.8/site-packages/airflow/example_dags/example_latest_only.py
[2026-06-16T01:36:41.557+0000] {logging_mixin.py:188} INFO - [2026-06-16T01:36:41.556+0000] {dag.py:3036} INFO - Sync 1 DAGs
[2026-06-16T01:36:41.620+0000] {logging_mixin.py:188} INFO - [2026-06-16T01:36:41.620+0000] {dag.py:3823} INFO - Setting next_dagrun for latest_only to 2026-06-15 20:00:00+00:00, run_after=2026-06-16 00:00:00+00:00
[2026-06-16T01:36:41.670+0000] {processor.py:183} INFO - Processing /home/airflow/.local/lib/python3.8/site-packages/airflow/example_dags/example_latest_only.py took 0.196 seconds
[2026-06-16T01:37:12.238+0000] {processor.py:161} INFO - Started process (PID=3182) to work on /home/airflow/.local/lib/python3.8/site-packages/airflow/example_dags/example_latest_only.py
[2026-06-16T01:37:12.240+0000] {processor.py:830} INFO - Processing file /home/airflow/.local/lib/python3.8/site-packages/airflow/example_dags/example_latest_only.py for tasks to queue
[2026-06-16T01:37:12.247+0000] {logging_mixin.py:188} INFO - [2026-06-16T01:37:12.247+0000] {dagbag.py:538} INFO - Filling up the DagBag from /home/airflow/.local/lib/python3.8/site-packages/airflow/example_dags/example_latest_only.py
[2026-06-16T01:37:12.261+0000] {processor.py:840} INFO - DAG(s) 'latest_only' retrieved from /home/airflow/.local/lib/python3.8/site-packages/airflow/example_dags/example_latest_only.py
[2026-06-16T01:37:12.339+0000] {logging_mixin.py:188} INFO - [2026-06-16T01:37:12.338+0000] {dag.py:3036} INFO - Sync 1 DAGs
[2026-06-16T01:37:12.407+0000] {logging_mixin.py:188} INFO - [2026-06-16T01:37:12.406+0000] {dag.py:3823} INFO - Setting next_dagrun for latest_only to 2026-06-15 20:00:00+00:00, run_after=2026-06-16 00:00:00+00:00
[2026-06-16T01:37:12.458+0000] {processor.py:183} INFO - Processing /home/airflow/.local/lib/python3.8/site-packages/airflow/example_dags/example_latest_only.py took 0.228 seconds
[2026-06-16T01:37:42.906+0000] {processor.py:161} INFO - Started process (PID=3237) to work on /home/airflow/.local/lib/python3.8/site-packages/airflow/example_dags/example_latest_only.py
[2026-06-16T01:37:42.909+0000] {processor.py:830} INFO - Processing file /home/airflow/.local/lib/python3.8/site-packages/airflow/example_dags/example_latest_only.py for tasks to queue
[2026-06-16T01:37:42.915+0000] {logging_mixin.py:188} INFO - [2026-06-16T01:37:42.914+0000] {dagbag.py:538} INFO - Filling up the DagBag from /home/airflow/.local/lib/python3.8/site-packages/airflow/example_dags/example_latest_only.py
[2026-06-16T01:37:42.930+0000] {processor.py:840} INFO - DAG(s) 'latest_only' retrieved from /home/airflow/.local/lib/python3.8/site-packages/airflow/example_dags/example_latest_only.py
[2026-06-16T01:37:42.984+0000] {logging_mixin.py:188} INFO - [2026-06-16T01:37:42.983+0000] {dag.py:3036} INFO - Sync 1 DAGs
[2026-06-16T01:37:43.054+0000] {logging_mixin.py:188} INFO - [2026-06-16T01:37:43.053+0000] {dag.py:3823} INFO - Setting next_dagrun for latest_only to 2026-06-15 20:00:00+00:00, run_after=2026-06-16 00:00:00+00:00
[2026-06-16T01:37:43.101+0000] {processor.py:183} INFO - Processing /home/airflow/.local/lib/python3.8/site-packages/airflow/example_dags/example_latest_only.py took 0.204 seconds
[2026-06-16T01:38:13.464+0000] {processor.py:161} INFO - Started process (PID=3293) to work on /home/airflow/.local/lib/python3.8/site-packages/airflow/example_dags/example_latest_only.py
[2026-06-16T01:38:13.466+0000] {processor.py:830} INFO - Processing file /home/airflow/.local/lib/python3.8/site-packages/airflow/example_dags/example_latest_only.py for tasks to queue
[2026-06-16T01:38:13.471+0000] {logging_mixin.py:188} INFO - [2026-06-16T01:38:13.470+0000] {dagbag.py:538} INFO - Filling up the DagBag from /home/airflow/.local/lib/python3.8/site-packages/airflow/example_dags/example_latest_only.py
[2026-06-16T01:38:13.482+0000] {processor.py:840} INFO - DAG(s) 'latest_only' retrieved from /home/airflow/.local/lib/python3.8/site-packages/airflow/example_dags/example_latest_only.py
[2026-06-16T01:38:13.529+0000] {logging_mixin.py:188} INFO - [2026-06-16T01:38:13.529+0000] {dag.py:3036} INFO - Sync 1 DAGs
[2026-06-16T01:38:13.591+0000] {logging_mixin.py:188} INFO - [2026-06-16T01:38:13.590+0000] {dag.py:3823} INFO - Setting next_dagrun for latest_only to 2026-06-15 20:00:00+00:00, run_after=2026-06-16 00:00:00+00:00
[2026-06-16T01:38:13.636+0000] {processor.py:183} INFO - Processing /home/airflow/.local/lib/python3.8/site-packages/airflow/example_dags/example_latest_only.py took 0.181 seconds
[2026-06-16T01:38:43.832+0000] {processor.py:161} INFO - Started process (PID=3348) to work on /home/airflow/.local/lib/python3.8/site-packages/airflow/example_dags/example_latest_only.py
[2026-06-16T01:38:43.835+0000] {processor.py:830} INFO - Processing file /home/airflow/.local/lib/python3.8/site-packages/airflow/example_dags/example_latest_only.py for tasks to queue
[2026-06-16T01:38:43.840+0000] {logging_mixin.py:188} INFO - [2026-06-16T01:38:43.839+0000] {dagbag.py:538} INFO - Filling up the DagBag from /home/airflow/.local/lib/python3.8/site-packages/airflow/example_dags/example_latest_only.py
[2026-06-16T01:38:43.855+0000] {processor.py:840} INFO - DAG(s) 'latest_only' retrieved from /home/airflow/.local/lib/python3.8/site-packages/airflow/example_dags/example_latest_only.py
[2026-06-16T01:38:43.906+0000] {logging_mixin.py:188} INFO - [2026-06-16T01:38:43.905+0000] {dag.py:3036} INFO - Sync 1 DAGs
[2026-06-16T01:38:43.969+0000] {logging_mixin.py:188} INFO - [2026-06-16T01:38:43.969+0000] {dag.py:3823} INFO - Setting next_dagrun for latest_only to 2026-06-15 20:00:00+00:00, run_after=2026-06-16 00:00:00+00:00
[2026-06-16T01:38:44.011+0000] {processor.py:183} INFO - Processing /home/airflow/.local/lib/python3.8/site-packages/airflow/example_dags/example_latest_only.py took 0.189 seconds
[2026-06-16T01:39:14.358+0000] {processor.py:161} INFO - Started process (PID=3404) to work on /home/airflow/.local/lib/python3.8/site-packages/airflow/example_dags/example_latest_only.py
[2026-06-16T01:39:14.360+0000] {processor.py:830} INFO - Processing file /home/airflow/.local/lib/python3.8/site-packages/airflow/example_dags/example_latest_only.py for tasks to queue
[2026-06-16T01:39:14.364+0000] {logging_mixin.py:188} INFO - [2026-06-16T01:39:14.364+0000] {dagbag.py:538} INFO - Filling up the DagBag from /home/airflow/.local/lib/python3.8/site-packages/airflow/example_dags/example_latest_only.py
[2026-06-16T01:39:14.376+0000] {processor.py:840} INFO - DAG(s) 'latest_only' retrieved from /home/airflow/.local/lib/python3.8/site-packages/airflow/example_dags/example_latest_only.py
[2026-06-16T01:39:14.424+0000] {logging_mixin.py:188} INFO - [2026-06-16T01:39:14.423+0000] {dag.py:3036} INFO - Sync 1 DAGs
[2026-06-16T01:39:14.480+0000] {logging_mixin.py:188} INFO - [2026-06-16T01:39:14.479+0000] {dag.py:3823} INFO - Setting next_dagrun for latest_only to 2026-06-15 20:00:00+00:00, run_after=2026-06-16 00:00:00+00:00
[2026-06-16T01:39:14.520+0000] {processor.py:183} INFO - Processing /home/airflow/.local/lib/python3.8/site-packages/airflow/example_dags/example_latest_only.py took 0.170 seconds
[2026-06-16T01:39:44.648+0000] {processor.py:161} INFO - Started process (PID=3460) to work on /home/airflow/.local/lib/python3.8/site-packages/airflow/example_dags/example_latest_only.py
[2026-06-16T01:39:44.649+0000] {processor.py:830} INFO - Processing file /home/airflow/.local/lib/python3.8/site-packages/airflow/example_dags/example_latest_only.py for tasks to queue
[2026-06-16T01:39:44.653+0000] {logging_mixin.py:188} INFO - [2026-06-16T01:39:44.653+0000] {dagbag.py:538} INFO - Filling up the DagBag from /home/airflow/.local/lib/python3.8/site-packages/airflow/example_dags/example_latest_only.py
[2026-06-16T01:39:44.666+0000] {processor.py:840} INFO - DAG(s) 'latest_only' retrieved from /home/airflow/.local/lib/python3.8/site-packages/airflow/example_dags/example_latest_only.py
[2026-06-16T01:39:44.723+0000] {logging_mixin.py:188} INFO - [2026-06-16T01:39:44.722+0000] {dag.py:3036} INFO - Sync 1 DAGs
[2026-06-16T01:39:44.780+0000] {logging_mixin.py:188} INFO - [2026-06-16T01:39:44.780+0000] {dag.py:3823} INFO - Setting next_dagrun for latest_only to 2026-06-15 20:00:00+00:00, run_after=2026-06-16 00:00:00+00:00
[2026-06-16T01:39:44.831+0000] {processor.py:183} INFO - Processing /home/airflow/.local/lib/python3.8/site-packages/airflow/example_dags/example_latest_only.py took 0.192 seconds
[2026-06-16T01:40:15.968+0000] {processor.py:161} INFO - Started process (PID=3516) to work on /home/airflow/.local/lib/python3.8/site-packages/airflow/example_dags/example_latest_only.py
[2026-06-16T01:40:15.971+0000] {processor.py:830} INFO - Processing file /home/airflow/.local/lib/python3.8/site-packages/airflow/example_dags/example_latest_only.py for tasks to queue
[2026-06-16T01:40:15.976+0000] {logging_mixin.py:188} INFO - [2026-06-16T01:40:15.975+0000] {dagbag.py:538} INFO - Filling up the DagBag from /home/airflow/.local/lib/python3.8/site-packages/airflow/example_dags/example_latest_only.py
[2026-06-16T01:40:15.989+0000] {processor.py:840} INFO - DAG(s) 'latest_only' retrieved from /home/airflow/.local/lib/python3.8/site-packages/airflow/example_dags/example_latest_only.py
[2026-06-16T01:40:16.050+0000] {logging_mixin.py:188} INFO - [2026-06-16T01:40:16.050+0000] {dag.py:3036} INFO - Sync 1 DAGs
[2026-06-16T01:40:16.104+0000] {logging_mixin.py:188} INFO - [2026-06-16T01:40:16.104+0000] {dag.py:3823} INFO - Setting next_dagrun for latest_only to 2026-06-15 20:00:00+00:00, run_after=2026-06-16 00:00:00+00:00
[2026-06-16T01:40:16.154+0000] {processor.py:183} INFO - Processing /home/airflow/.local/lib/python3.8/site-packages/airflow/example_dags/example_latest_only.py took 0.194 seconds
[2026-06-16T01:40:46.663+0000] {processor.py:161} INFO - Started process (PID=3571) to work on /home/airflow/.local/lib/python3.8/site-packages/airflow/example_dags/example_latest_only.py
[2026-06-16T01:40:46.666+0000] {processor.py:830} INFO - Processing file /home/airflow/.local/lib/python3.8/site-packages/airflow/example_dags/example_latest_only.py for tasks to queue
[2026-06-16T01:40:46.672+0000] {logging_mixin.py:188} INFO - [2026-06-16T01:40:46.671+0000] {dagbag.py:538} INFO - Filling up the DagBag from /home/airflow/.local/lib/python3.8/site-packages/airflow/example_dags/example_latest_only.py
[2026-06-16T01:40:46.685+0000] {processor.py:840} INFO - DAG(s) 'latest_only' retrieved from /home/airflow/.local/lib/python3.8/site-packages/airflow/example_dags/example_latest_only.py
[2026-06-16T01:40:46.756+0000] {logging_mixin.py:188} INFO - [2026-06-16T01:40:46.755+0000] {dag.py:3036} INFO - Sync 1 DAGs
[2026-06-16T01:40:46.842+0000] {logging_mixin.py:188} INFO - [2026-06-16T01:40:46.842+0000] {dag.py:3823} INFO - Setting next_dagrun for latest_only to 2026-06-15 20:00:00+00:00, run_after=2026-06-16 00:00:00+00:00
[2026-06-16T01:40:46.925+0000] {processor.py:183} INFO - Processing /home/airflow/.local/lib/python3.8/site-packages/airflow/example_dags/example_latest_only.py took 0.270 seconds
[2026-06-16T01:41:17.361+0000] {processor.py:161} INFO - Started process (PID=3627) to work on /home/airflow/.local/lib/python3.8/site-packages/airflow/example_dags/example_latest_only.py
[2026-06-16T01:41:17.363+0000] {processor.py:830} INFO - Processing file /home/airflow/.local/lib/python3.8/site-packages/airflow/example_dags/example_latest_only.py for tasks to queue
[2026-06-16T01:41:17.368+0000] {logging_mixin.py:188} INFO - [2026-06-16T01:41:17.367+0000] {dagbag.py:538} INFO - Filling up the DagBag from /home/airflow/.local/lib/python3.8/site-packages/airflow/example_dags/example_latest_only.py
[2026-06-16T01:41:17.382+0000] {processor.py:840} INFO - DAG(s) 'latest_only' retrieved from /home/airflow/.local/lib/python3.8/site-packages/airflow/example_dags/example_latest_only.py
[2026-06-16T01:41:17.441+0000] {logging_mixin.py:188} INFO - [2026-06-16T01:41:17.440+0000] {dag.py:3036} INFO - Sync 1 DAGs
[2026-06-16T01:41:17.509+0000] {logging_mixin.py:188} INFO - [2026-06-16T01:41:17.508+0000] {dag.py:3823} INFO - Setting next_dagrun for latest_only to 2026-06-15 20:00:00+00:00, run_after=2026-06-16 00:00:00+00:00
[2026-06-16T01:41:17.566+0000] {processor.py:183} INFO - Processing /home/airflow/.local/lib/python3.8/site-packages/airflow/example_dags/example_latest_only.py took 0.213 seconds
[2026-06-16T01:41:48.051+0000] {processor.py:161} INFO - Started process (PID=3684) to work on /home/airflow/.local/lib/python3.8/site-packages/airflow/example_dags/example_latest_only.py
[2026-06-16T01:41:48.053+0000] {processor.py:830} INFO - Processing file /home/airflow/.local/lib/python3.8/site-packages/airflow/example_dags/example_latest_only.py for tasks to queue
[2026-06-16T01:41:48.058+0000] {logging_mixin.py:188} INFO - [2026-06-16T01:41:48.057+0000] {dagbag.py:538} INFO - Filling up the DagBag from /home/airflow/.local/lib/python3.8/site-packages/airflow/example_dags/example_latest_only.py
[2026-06-16T01:41:48.070+0000] {processor.py:840} INFO - DAG(s) 'latest_only' retrieved from /home/airflow/.local/lib/python3.8/site-packages/airflow/example_dags/example_latest_only.py
[2026-06-16T01:41:48.118+0000] {logging_mixin.py:188} INFO - [2026-06-16T01:41:48.118+0000] {dag.py:3036} INFO - Sync 1 DAGs
[2026-06-16T01:41:48.170+0000] {logging_mixin.py:188} INFO - [2026-06-16T01:41:48.169+0000] {dag.py:3823} INFO - Setting next_dagrun for latest_only to 2026-06-15 20:00:00+00:00, run_after=2026-06-16 00:00:00+00:00
[2026-06-16T01:41:48.210+0000] {processor.py:183} INFO - Processing /home/airflow/.local/lib/python3.8/site-packages/airflow/example_dags/example_latest_only.py took 0.169 seconds
[2026-06-16T01:42:18.745+0000] {processor.py:161} INFO - Started process (PID=3741) to work on /home/airflow/.local/lib/python3.8/site-packages/airflow/example_dags/example_latest_only.py
[2026-06-16T01:42:18.768+0000] {processor.py:830} INFO - Processing file /home/airflow/.local/lib/python3.8/site-packages/airflow/example_dags/example_latest_only.py for tasks to queue
[2026-06-16T01:42:18.774+0000] {logging_mixin.py:188} INFO - [2026-06-16T01:42:18.773+0000] {dagbag.py:538} INFO - Filling up the DagBag from /home/airflow/.local/lib/python3.8/site-packages/airflow/example_dags/example_latest_only.py
[2026-06-16T01:42:18.952+0000] {processor.py:840} INFO - DAG(s) 'latest_only' retrieved from /home/airflow/.local/lib/python3.8/site-packages/airflow/example_dags/example_latest_only.py
[2026-06-16T01:42:19.321+0000] {logging_mixin.py:188} INFO - [2026-06-16T01:42:19.320+0000] {dag.py:3036} INFO - Sync 1 DAGs
[2026-06-16T01:42:19.527+0000] {logging_mixin.py:188} INFO - [2026-06-16T01:42:19.525+0000] {dag.py:3823} INFO - Setting next_dagrun for latest_only to 2026-06-15 20:00:00+00:00, run_after=2026-06-16 00:00:00+00:00
[2026-06-16T01:42:19.639+0000] {processor.py:183} INFO - Processing /home/airflow/.local/lib/python3.8/site-packages/airflow/example_dags/example_latest_only.py took 0.903 seconds
[2026-06-16T01:42:50.829+0000] {processor.py:161} INFO - Started process (PID=3798) to work on /home/airflow/.local/lib/python3.8/site-packages/airflow/example_dags/example_latest_only.py
[2026-06-16T01:42:50.831+0000] {processor.py:830} INFO - Processing file /home/airflow/.local/lib/python3.8/site-packages/airflow/example_dags/example_latest_only.py for tasks to queue
[2026-06-16T01:42:50.837+0000] {logging_mixin.py:188} INFO - [2026-06-16T01:42:50.835+0000] {dagbag.py:538} INFO - Filling up the DagBag from /home/airflow/.local/lib/python3.8/site-packages/airflow/example_dags/example_latest_only.py
[2026-06-16T01:42:50.850+0000] {processor.py:840} INFO - DAG(s) 'latest_only' retrieved from /home/airflow/.local/lib/python3.8/site-packages/airflow/example_dags/example_latest_only.py
[2026-06-16T01:42:50.915+0000] {logging_mixin.py:188} INFO - [2026-06-16T01:42:50.914+0000] {dag.py:3036} INFO - Sync 1 DAGs
[2026-06-16T01:42:50.982+0000] {logging_mixin.py:188} INFO - [2026-06-16T01:42:50.982+0000] {dag.py:3823} INFO - Setting next_dagrun for latest_only to 2026-06-15 20:00:00+00:00, run_after=2026-06-16 00:00:00+00:00
[2026-06-16T01:42:51.046+0000] {processor.py:183} INFO - Processing /home/airflow/.local/lib/python3.8/site-packages/airflow/example_dags/example_latest_only.py took 0.230 seconds
[2026-06-16T01:43:21.800+0000] {processor.py:161} INFO - Started process (PID=3854) to work on /home/airflow/.local/lib/python3.8/site-packages/airflow/example_dags/example_latest_only.py
[2026-06-16T01:43:21.802+0000] {processor.py:830} INFO - Processing file /home/airflow/.local/lib/python3.8/site-packages/airflow/example_dags/example_latest_only.py for tasks to queue
[2026-06-16T01:43:21.806+0000] {logging_mixin.py:188} INFO - [2026-06-16T01:43:21.805+0000] {dagbag.py:538} INFO - Filling up the DagBag from /home/airflow/.local/lib/python3.8/site-packages/airflow/example_dags/example_latest_only.py
[2026-06-16T01:43:21.821+0000] {processor.py:840} INFO - DAG(s) 'latest_only' retrieved from /home/airflow/.local/lib/python3.8/site-packages/airflow/example_dags/example_latest_only.py
[2026-06-16T01:43:21.901+0000] {logging_mixin.py:188} INFO - [2026-06-16T01:43:21.900+0000] {dag.py:3036} INFO - Sync 1 DAGs
[2026-06-16T01:43:21.955+0000] {logging_mixin.py:188} INFO - [2026-06-16T01:43:21.954+0000] {dag.py:3823} INFO - Setting next_dagrun for latest_only to 2026-06-15 20:00:00+00:00, run_after=2026-06-16 00:00:00+00:00
[2026-06-16T01:43:22.000+0000] {processor.py:183} INFO - Processing /home/airflow/.local/lib/python3.8/site-packages/airflow/example_dags/example_latest_only.py took 0.210 seconds
[2026-06-16T01:43:52.404+0000] {processor.py:161} INFO - Started process (PID=3910) to work on /home/airflow/.local/lib/python3.8/site-packages/airflow/example_dags/example_latest_only.py
[2026-06-16T01:43:52.407+0000] {processor.py:830} INFO - Processing file /home/airflow/.local/lib/python3.8/site-packages/airflow/example_dags/example_latest_only.py for tasks to queue
[2026-06-16T01:43:52.413+0000] {logging_mixin.py:188} INFO - [2026-06-16T01:43:52.413+0000] {dagbag.py:538} INFO - Filling up the DagBag from /home/airflow/.local/lib/python3.8/site-packages/airflow/example_dags/example_latest_only.py
[2026-06-16T01:43:52.427+0000] {processor.py:840} INFO - DAG(s) 'latest_only' retrieved from /home/airflow/.local/lib/python3.8/site-packages/airflow/example_dags/example_latest_only.py
[2026-06-16T01:43:52.490+0000] {logging_mixin.py:188} INFO - [2026-06-16T01:43:52.489+0000] {dag.py:3036} INFO - Sync 1 DAGs
[2026-06-16T01:43:52.543+0000] {logging_mixin.py:188} INFO - [2026-06-16T01:43:52.543+0000] {dag.py:3823} INFO - Setting next_dagrun for latest_only to 2026-06-15 20:00:00+00:00, run_after=2026-06-16 00:00:00+00:00
[2026-06-16T01:43:52.590+0000] {processor.py:183} INFO - Processing /home/airflow/.local/lib/python3.8/site-packages/airflow/example_dags/example_latest_only.py took 0.195 seconds
[2026-06-16T01:44:22.675+0000] {processor.py:161} INFO - Started process (PID=3966) to work on /home/airflow/.local/lib/python3.8/site-packages/airflow/example_dags/example_latest_only.py
[2026-06-16T01:44:22.680+0000] {processor.py:830} INFO - Processing file /home/airflow/.local/lib/python3.8/site-packages/airflow/example_dags/example_latest_only.py for tasks to queue
[2026-06-16T01:44:22.686+0000] {logging_mixin.py:188} INFO - [2026-06-16T01:44:22.685+0000] {dagbag.py:538} INFO - Filling up the DagBag from /home/airflow/.local/lib/python3.8/site-packages/airflow/example_dags/example_latest_only.py
[2026-06-16T01:44:22.703+0000] {processor.py:840} INFO - DAG(s) 'latest_only' retrieved from /home/airflow/.local/lib/python3.8/site-packages/airflow/example_dags/example_latest_only.py
[2026-06-16T01:44:22.760+0000] {logging_mixin.py:188} INFO - [2026-06-16T01:44:22.759+0000] {dag.py:3036} INFO - Sync 1 DAGs
[2026-06-16T01:44:22.847+0000] {logging_mixin.py:188} INFO - [2026-06-16T01:44:22.847+0000] {dag.py:3823} INFO - Setting next_dagrun for latest_only to 2026-06-15 20:00:00+00:00, run_after=2026-06-16 00:00:00+00:00
[2026-06-16T01:44:22.910+0000] {processor.py:183} INFO - Processing /home/airflow/.local/lib/python3.8/site-packages/airflow/example_dags/example_latest_only.py took 0.244 seconds
[2026-06-16T01:44:53.408+0000] {processor.py:161} INFO - Started process (PID=4022) to work on /home/airflow/.local/lib/python3.8/site-packages/airflow/example_dags/example_latest_only.py
[2026-06-16T01:44:53.412+0000] {processor.py:830} INFO - Processing file /home/airflow/.local/lib/python3.8/site-packages/airflow/example_dags/example_latest_only.py for tasks to queue
[2026-06-16T01:44:53.416+0000] {logging_mixin.py:188} INFO - [2026-06-16T01:44:53.416+0000] {dagbag.py:538} INFO - Filling up the DagBag from /home/airflow/.local/lib/python3.8/site-packages/airflow/example_dags/example_latest_only.py
[2026-06-16T01:44:53.427+0000] {processor.py:840} INFO - DAG(s) 'latest_only' retrieved from /home/airflow/.local/lib/python3.8/site-packages/airflow/example_dags/example_latest_only.py
[2026-06-16T01:44:53.476+0000] {logging_mixin.py:188} INFO - [2026-06-16T01:44:53.476+0000] {dag.py:3036} INFO - Sync 1 DAGs
[2026-06-16T01:44:53.528+0000] {logging_mixin.py:188} INFO - [2026-06-16T01:44:53.528+0000] {dag.py:3823} INFO - Setting next_dagrun for latest_only to 2026-06-15 20:00:00+00:00, run_after=2026-06-16 00:00:00+00:00
[2026-06-16T01:44:53.572+0000] {processor.py:183} INFO - Processing /home/airflow/.local/lib/python3.8/site-packages/airflow/example_dags/example_latest_only.py took 0.173 seconds
[2026-06-16T01:45:23.895+0000] {processor.py:161} INFO - Started process (PID=4078) to work on /home/airflow/.local/lib/python3.8/site-packages/airflow/example_dags/example_latest_only.py
[2026-06-16T01:45:23.898+0000] {processor.py:830} INFO - Processing file /home/airflow/.local/lib/python3.8/site-packages/airflow/example_dags/example_latest_only.py for tasks to queue
[2026-06-16T01:45:23.902+0000] {logging_mixin.py:188} INFO - [2026-06-16T01:45:23.901+0000] {dagbag.py:538} INFO - Filling up the DagBag from /home/airflow/.local/lib/python3.8/site-packages/airflow/example_dags/example_latest_only.py
[2026-06-16T01:45:23.916+0000] {processor.py:840} INFO - DAG(s) 'latest_only' retrieved from /home/airflow/.local/lib/python3.8/site-packages/airflow/example_dags/example_latest_only.py
[2026-06-16T01:45:23.969+0000] {logging_mixin.py:188} INFO - [2026-06-16T01:45:23.969+0000] {dag.py:3036} INFO - Sync 1 DAGs
[2026-06-16T01:45:24.038+0000] {logging_mixin.py:188} INFO - [2026-06-16T01:45:24.037+0000] {dag.py:3823} INFO - Setting next_dagrun for latest_only to 2026-06-15 20:00:00+00:00, run_after=2026-06-16 00:00:00+00:00
[2026-06-16T01:45:24.099+0000] {processor.py:183} INFO - Processing /home/airflow/.local/lib/python3.8/site-packages/airflow/example_dags/example_latest_only.py took 0.213 seconds
[2026-06-16T01:45:54.560+0000] {processor.py:161} INFO - Started process (PID=4134) to work on /home/airflow/.local/lib/python3.8/site-packages/airflow/example_dags/example_latest_only.py
[2026-06-16T01:45:54.562+0000] {processor.py:830} INFO - Processing file /home/airflow/.local/lib/python3.8/site-packages/airflow/example_dags/example_latest_only.py for tasks to queue
[2026-06-16T01:45:54.568+0000] {logging_mixin.py:188} INFO - [2026-06-16T01:45:54.567+0000] {dagbag.py:538} INFO - Filling up the DagBag from /home/airflow/.local/lib/python3.8/site-packages/airflow/example_dags/example_latest_only.py
[2026-06-16T01:45:54.585+0000] {processor.py:840} INFO - DAG(s) 'latest_only' retrieved from /home/airflow/.local/lib/python3.8/site-packages/airflow/example_dags/example_latest_only.py
[2026-06-16T01:45:54.637+0000] {logging_mixin.py:188} INFO - [2026-06-16T01:45:54.637+0000] {dag.py:3036} INFO - Sync 1 DAGs
[2026-06-16T01:45:54.696+0000] {logging_mixin.py:188} INFO - [2026-06-16T01:45:54.695+0000] {dag.py:3823} INFO - Setting next_dagrun for latest_only to 2026-06-15 20:00:00+00:00, run_after=2026-06-16 00:00:00+00:00
[2026-06-16T01:45:54.748+0000] {processor.py:183} INFO - Processing /home/airflow/.local/lib/python3.8/site-packages/airflow/example_dags/example_latest_only.py took 0.195 seconds
[2026-06-16T01:46:25.715+0000] {processor.py:161} INFO - Started process (PID=4190) to work on /home/airflow/.local/lib/python3.8/site-packages/airflow/example_dags/example_latest_only.py
[2026-06-16T01:46:25.717+0000] {processor.py:830} INFO - Processing file /home/airflow/.local/lib/python3.8/site-packages/airflow/example_dags/example_latest_only.py for tasks to queue
[2026-06-16T01:46:25.722+0000] {logging_mixin.py:188} INFO - [2026-06-16T01:46:25.721+0000] {dagbag.py:538} INFO - Filling up the DagBag from /home/airflow/.local/lib/python3.8/site-packages/airflow/example_dags/example_latest_only.py
[2026-06-16T01:46:25.737+0000] {processor.py:840} INFO - DAG(s) 'latest_only' retrieved from /home/airflow/.local/lib/python3.8/site-packages/airflow/example_dags/example_latest_only.py
[2026-06-16T01:46:25.797+0000] {logging_mixin.py:188} INFO - [2026-06-16T01:46:25.797+0000] {dag.py:3036} INFO - Sync 1 DAGs
[2026-06-16T01:46:25.855+0000] {logging_mixin.py:188} INFO - [2026-06-16T01:46:25.855+0000] {dag.py:3823} INFO - Setting next_dagrun for latest_only to 2026-06-15 20:00:00+00:00, run_after=2026-06-16 00:00:00+00:00
[2026-06-16T01:46:25.916+0000] {processor.py:183} INFO - Processing /home/airflow/.local/lib/python3.8/site-packages/airflow/example_dags/example_latest_only.py took 0.210 seconds
