[2026-06-16T01:08:19.320+0000] {processor.py:161} INFO - Started process (PID=108) to work on /home/airflow/.local/lib/python3.8/site-packages/airflow/example_dags/example_python_operator.py
[2026-06-16T01:08:19.322+0000] {processor.py:830} INFO - Processing file /home/airflow/.local/lib/python3.8/site-packages/airflow/example_dags/example_python_operator.py for tasks to queue
[2026-06-16T01:08:19.329+0000] {logging_mixin.py:188} INFO - [2026-06-16T01:08:19.328+0000] {dagbag.py:538} INFO - Filling up the DagBag from /home/airflow/.local/lib/python3.8/site-packages/airflow/example_dags/example_python_operator.py
[2026-06-16T01:08:19.417+0000] {processor.py:840} INFO - DAG(s) 'example_python_operator' retrieved from /home/airflow/.local/lib/python3.8/site-packages/airflow/example_dags/example_python_operator.py
[2026-06-16T01:08:20.251+0000] {logging_mixin.py:188} INFO - [2026-06-16T01:08:20.250+0000] {dag.py:3036} INFO - Sync 1 DAGs
[2026-06-16T01:08:20.422+0000] {logging_mixin.py:188} INFO - [2026-06-16T01:08:20.421+0000] {dag.py:3823} INFO - Setting next_dagrun for example_python_operator to None, run_after=None
[2026-06-16T01:08:20.989+0000] {processor.py:183} INFO - Processing /home/airflow/.local/lib/python3.8/site-packages/airflow/example_dags/example_python_operator.py took 1.680 seconds
[2026-06-16T01:09:06.919+0000] {processor.py:161} INFO - Started process (PID=170) to work on /home/airflow/.local/lib/python3.8/site-packages/airflow/example_dags/example_python_operator.py
[2026-06-16T01:09:06.924+0000] {processor.py:830} INFO - Processing file /home/airflow/.local/lib/python3.8/site-packages/airflow/example_dags/example_python_operator.py for tasks to queue
[2026-06-16T01:09:06.939+0000] {logging_mixin.py:188} INFO - [2026-06-16T01:09:06.938+0000] {dagbag.py:538} INFO - Filling up the DagBag from /home/airflow/.local/lib/python3.8/site-packages/airflow/example_dags/example_python_operator.py
[2026-06-16T01:09:06.993+0000] {processor.py:840} INFO - DAG(s) 'example_python_operator' retrieved from /home/airflow/.local/lib/python3.8/site-packages/airflow/example_dags/example_python_operator.py
[2026-06-16T01:09:07.108+0000] {logging_mixin.py:188} INFO - [2026-06-16T01:09:07.107+0000] {dag.py:3036} INFO - Sync 1 DAGs
[2026-06-16T01:09:07.179+0000] {logging_mixin.py:188} INFO - [2026-06-16T01:09:07.178+0000] {dag.py:3823} INFO - Setting next_dagrun for example_python_operator to None, run_after=None
[2026-06-16T01:09:07.265+0000] {processor.py:183} INFO - Processing /home/airflow/.local/lib/python3.8/site-packages/airflow/example_dags/example_python_operator.py took 0.366 seconds
[2026-06-16T01:09:40.047+0000] {processor.py:161} INFO - Started process (PID=226) to work on /home/airflow/.local/lib/python3.8/site-packages/airflow/example_dags/example_python_operator.py
[2026-06-16T01:09:40.052+0000] {processor.py:830} INFO - Processing file /home/airflow/.local/lib/python3.8/site-packages/airflow/example_dags/example_python_operator.py for tasks to queue
[2026-06-16T01:09:40.071+0000] {logging_mixin.py:188} INFO - [2026-06-16T01:09:40.069+0000] {dagbag.py:538} INFO - Filling up the DagBag from /home/airflow/.local/lib/python3.8/site-packages/airflow/example_dags/example_python_operator.py
[2026-06-16T01:09:40.134+0000] {processor.py:840} INFO - DAG(s) 'example_python_operator' retrieved from /home/airflow/.local/lib/python3.8/site-packages/airflow/example_dags/example_python_operator.py
[2026-06-16T01:09:40.288+0000] {logging_mixin.py:188} INFO - [2026-06-16T01:09:40.287+0000] {dag.py:3036} INFO - Sync 1 DAGs
[2026-06-16T01:09:40.354+0000] {logging_mixin.py:188} INFO - [2026-06-16T01:09:40.353+0000] {dag.py:3823} INFO - Setting next_dagrun for example_python_operator to None, run_after=None
[2026-06-16T01:09:40.488+0000] {processor.py:183} INFO - Processing /home/airflow/.local/lib/python3.8/site-packages/airflow/example_dags/example_python_operator.py took 0.458 seconds
[2026-06-16T01:10:11.345+0000] {processor.py:161} INFO - Started process (PID=282) to work on /home/airflow/.local/lib/python3.8/site-packages/airflow/example_dags/example_python_operator.py
[2026-06-16T01:10:11.349+0000] {processor.py:830} INFO - Processing file /home/airflow/.local/lib/python3.8/site-packages/airflow/example_dags/example_python_operator.py for tasks to queue
[2026-06-16T01:10:11.356+0000] {logging_mixin.py:188} INFO - [2026-06-16T01:10:11.354+0000] {dagbag.py:538} INFO - Filling up the DagBag from /home/airflow/.local/lib/python3.8/site-packages/airflow/example_dags/example_python_operator.py
[2026-06-16T01:10:11.404+0000] {processor.py:840} INFO - DAG(s) 'example_python_operator' retrieved from /home/airflow/.local/lib/python3.8/site-packages/airflow/example_dags/example_python_operator.py
[2026-06-16T01:10:11.553+0000] {logging_mixin.py:188} INFO - [2026-06-16T01:10:11.553+0000] {dag.py:3036} INFO - Sync 1 DAGs
[2026-06-16T01:10:11.601+0000] {logging_mixin.py:188} INFO - [2026-06-16T01:10:11.601+0000] {dag.py:3823} INFO - Setting next_dagrun for example_python_operator to None, run_after=None
[2026-06-16T01:10:11.688+0000] {processor.py:183} INFO - Processing /home/airflow/.local/lib/python3.8/site-packages/airflow/example_dags/example_python_operator.py took 0.359 seconds
[2026-06-16T01:10:44.583+0000] {processor.py:161} INFO - Started process (PID=339) to work on /home/airflow/.local/lib/python3.8/site-packages/airflow/example_dags/example_python_operator.py
[2026-06-16T01:10:44.586+0000] {processor.py:830} INFO - Processing file /home/airflow/.local/lib/python3.8/site-packages/airflow/example_dags/example_python_operator.py for tasks to queue
[2026-06-16T01:10:44.595+0000] {logging_mixin.py:188} INFO - [2026-06-16T01:10:44.594+0000] {dagbag.py:538} INFO - Filling up the DagBag from /home/airflow/.local/lib/python3.8/site-packages/airflow/example_dags/example_python_operator.py
[2026-06-16T01:10:44.639+0000] {processor.py:840} INFO - DAG(s) 'example_python_operator' retrieved from /home/airflow/.local/lib/python3.8/site-packages/airflow/example_dags/example_python_operator.py
[2026-06-16T01:10:44.741+0000] {logging_mixin.py:188} INFO - [2026-06-16T01:10:44.741+0000] {dag.py:3036} INFO - Sync 1 DAGs
[2026-06-16T01:10:44.795+0000] {logging_mixin.py:188} INFO - [2026-06-16T01:10:44.790+0000] {dag.py:3823} INFO - Setting next_dagrun for example_python_operator to None, run_after=None
[2026-06-16T01:10:44.890+0000] {processor.py:183} INFO - Processing /home/airflow/.local/lib/python3.8/site-packages/airflow/example_dags/example_python_operator.py took 0.322 seconds
[2026-06-16T01:11:15.160+0000] {processor.py:161} INFO - Started process (PID=393) to work on /home/airflow/.local/lib/python3.8/site-packages/airflow/example_dags/example_python_operator.py
[2026-06-16T01:11:15.164+0000] {processor.py:830} INFO - Processing file /home/airflow/.local/lib/python3.8/site-packages/airflow/example_dags/example_python_operator.py for tasks to queue
[2026-06-16T01:11:15.170+0000] {logging_mixin.py:188} INFO - [2026-06-16T01:11:15.169+0000] {dagbag.py:538} INFO - Filling up the DagBag from /home/airflow/.local/lib/python3.8/site-packages/airflow/example_dags/example_python_operator.py
[2026-06-16T01:11:15.303+0000] {processor.py:840} INFO - DAG(s) 'example_python_operator' retrieved from /home/airflow/.local/lib/python3.8/site-packages/airflow/example_dags/example_python_operator.py
[2026-06-16T01:11:15.400+0000] {logging_mixin.py:188} INFO - [2026-06-16T01:11:15.399+0000] {dag.py:3036} INFO - Sync 1 DAGs
[2026-06-16T01:11:15.462+0000] {logging_mixin.py:188} INFO - [2026-06-16T01:11:15.459+0000] {dag.py:3823} INFO - Setting next_dagrun for example_python_operator to None, run_after=None
[2026-06-16T01:11:15.548+0000] {processor.py:183} INFO - Processing /home/airflow/.local/lib/python3.8/site-packages/airflow/example_dags/example_python_operator.py took 0.400 seconds
[2026-06-16T01:11:46.138+0000] {processor.py:161} INFO - Started process (PID=449) to work on /home/airflow/.local/lib/python3.8/site-packages/airflow/example_dags/example_python_operator.py
[2026-06-16T01:11:46.142+0000] {processor.py:830} INFO - Processing file /home/airflow/.local/lib/python3.8/site-packages/airflow/example_dags/example_python_operator.py for tasks to queue
[2026-06-16T01:11:46.149+0000] {logging_mixin.py:188} INFO - [2026-06-16T01:11:46.148+0000] {dagbag.py:538} INFO - Filling up the DagBag from /home/airflow/.local/lib/python3.8/site-packages/airflow/example_dags/example_python_operator.py
[2026-06-16T01:11:46.192+0000] {processor.py:840} INFO - DAG(s) 'example_python_operator' retrieved from /home/airflow/.local/lib/python3.8/site-packages/airflow/example_dags/example_python_operator.py
[2026-06-16T01:11:46.293+0000] {logging_mixin.py:188} INFO - [2026-06-16T01:11:46.293+0000] {dag.py:3036} INFO - Sync 1 DAGs
[2026-06-16T01:11:46.378+0000] {logging_mixin.py:188} INFO - [2026-06-16T01:11:46.377+0000] {dag.py:3823} INFO - Setting next_dagrun for example_python_operator to None, run_after=None
[2026-06-16T01:11:46.442+0000] {processor.py:183} INFO - Processing /home/airflow/.local/lib/python3.8/site-packages/airflow/example_dags/example_python_operator.py took 0.318 seconds
[2026-06-16T01:12:17.013+0000] {processor.py:161} INFO - Started process (PID=505) to work on /home/airflow/.local/lib/python3.8/site-packages/airflow/example_dags/example_python_operator.py
[2026-06-16T01:12:17.016+0000] {processor.py:830} INFO - Processing file /home/airflow/.local/lib/python3.8/site-packages/airflow/example_dags/example_python_operator.py for tasks to queue
[2026-06-16T01:12:17.022+0000] {logging_mixin.py:188} INFO - [2026-06-16T01:12:17.021+0000] {dagbag.py:538} INFO - Filling up the DagBag from /home/airflow/.local/lib/python3.8/site-packages/airflow/example_dags/example_python_operator.py
[2026-06-16T01:12:17.059+0000] {processor.py:840} INFO - DAG(s) 'example_python_operator' retrieved from /home/airflow/.local/lib/python3.8/site-packages/airflow/example_dags/example_python_operator.py
[2026-06-16T01:12:17.175+0000] {logging_mixin.py:188} INFO - [2026-06-16T01:12:17.174+0000] {dag.py:3036} INFO - Sync 1 DAGs
[2026-06-16T01:12:17.230+0000] {logging_mixin.py:188} INFO - [2026-06-16T01:12:17.229+0000] {dag.py:3823} INFO - Setting next_dagrun for example_python_operator to None, run_after=None
[2026-06-16T01:12:17.302+0000] {processor.py:183} INFO - Processing /home/airflow/.local/lib/python3.8/site-packages/airflow/example_dags/example_python_operator.py took 0.303 seconds
[2026-06-16T01:12:48.097+0000] {processor.py:161} INFO - Started process (PID=561) to work on /home/airflow/.local/lib/python3.8/site-packages/airflow/example_dags/example_python_operator.py
[2026-06-16T01:12:48.102+0000] {processor.py:830} INFO - Processing file /home/airflow/.local/lib/python3.8/site-packages/airflow/example_dags/example_python_operator.py for tasks to queue
[2026-06-16T01:12:48.128+0000] {logging_mixin.py:188} INFO - [2026-06-16T01:12:48.127+0000] {dagbag.py:538} INFO - Filling up the DagBag from /home/airflow/.local/lib/python3.8/site-packages/airflow/example_dags/example_python_operator.py
[2026-06-16T01:12:48.316+0000] {processor.py:840} INFO - DAG(s) 'example_python_operator' retrieved from /home/airflow/.local/lib/python3.8/site-packages/airflow/example_dags/example_python_operator.py
[2026-06-16T01:12:48.539+0000] {logging_mixin.py:188} INFO - [2026-06-16T01:12:48.538+0000] {dag.py:3036} INFO - Sync 1 DAGs
[2026-06-16T01:12:48.596+0000] {logging_mixin.py:188} INFO - [2026-06-16T01:12:48.596+0000] {dag.py:3823} INFO - Setting next_dagrun for example_python_operator to None, run_after=None
[2026-06-16T01:12:48.707+0000] {processor.py:183} INFO - Processing /home/airflow/.local/lib/python3.8/site-packages/airflow/example_dags/example_python_operator.py took 0.635 seconds
[2026-06-16T01:13:18.860+0000] {processor.py:161} INFO - Started process (PID=617) to work on /home/airflow/.local/lib/python3.8/site-packages/airflow/example_dags/example_python_operator.py
[2026-06-16T01:13:18.864+0000] {processor.py:830} INFO - Processing file /home/airflow/.local/lib/python3.8/site-packages/airflow/example_dags/example_python_operator.py for tasks to queue
[2026-06-16T01:13:18.872+0000] {logging_mixin.py:188} INFO - [2026-06-16T01:13:18.871+0000] {dagbag.py:538} INFO - Filling up the DagBag from /home/airflow/.local/lib/python3.8/site-packages/airflow/example_dags/example_python_operator.py
[2026-06-16T01:13:18.933+0000] {processor.py:840} INFO - DAG(s) 'example_python_operator' retrieved from /home/airflow/.local/lib/python3.8/site-packages/airflow/example_dags/example_python_operator.py
[2026-06-16T01:13:19.068+0000] {logging_mixin.py:188} INFO - [2026-06-16T01:13:19.067+0000] {dag.py:3036} INFO - Sync 1 DAGs
[2026-06-16T01:13:19.132+0000] {logging_mixin.py:188} INFO - [2026-06-16T01:13:19.131+0000] {dag.py:3823} INFO - Setting next_dagrun for example_python_operator to None, run_after=None
[2026-06-16T01:13:19.237+0000] {processor.py:183} INFO - Processing /home/airflow/.local/lib/python3.8/site-packages/airflow/example_dags/example_python_operator.py took 0.384 seconds
[2026-06-16T01:13:49.714+0000] {processor.py:161} INFO - Started process (PID=673) to work on /home/airflow/.local/lib/python3.8/site-packages/airflow/example_dags/example_python_operator.py
[2026-06-16T01:13:49.717+0000] {processor.py:830} INFO - Processing file /home/airflow/.local/lib/python3.8/site-packages/airflow/example_dags/example_python_operator.py for tasks to queue
[2026-06-16T01:13:49.724+0000] {logging_mixin.py:188} INFO - [2026-06-16T01:13:49.724+0000] {dagbag.py:538} INFO - Filling up the DagBag from /home/airflow/.local/lib/python3.8/site-packages/airflow/example_dags/example_python_operator.py
[2026-06-16T01:13:49.776+0000] {processor.py:840} INFO - DAG(s) 'example_python_operator' retrieved from /home/airflow/.local/lib/python3.8/site-packages/airflow/example_dags/example_python_operator.py
[2026-06-16T01:13:49.918+0000] {logging_mixin.py:188} INFO - [2026-06-16T01:13:49.918+0000] {dag.py:3036} INFO - Sync 1 DAGs
[2026-06-16T01:13:49.984+0000] {logging_mixin.py:188} INFO - [2026-06-16T01:13:49.983+0000] {dag.py:3823} INFO - Setting next_dagrun for example_python_operator to None, run_after=None
[2026-06-16T01:13:50.131+0000] {processor.py:183} INFO - Processing /home/airflow/.local/lib/python3.8/site-packages/airflow/example_dags/example_python_operator.py took 0.430 seconds
[2026-06-16T01:14:22.741+0000] {processor.py:161} INFO - Started process (PID=728) to work on /home/airflow/.local/lib/python3.8/site-packages/airflow/example_dags/example_python_operator.py
[2026-06-16T01:14:22.745+0000] {processor.py:830} INFO - Processing file /home/airflow/.local/lib/python3.8/site-packages/airflow/example_dags/example_python_operator.py for tasks to queue
[2026-06-16T01:14:22.761+0000] {logging_mixin.py:188} INFO - [2026-06-16T01:14:22.759+0000] {dagbag.py:538} INFO - Filling up the DagBag from /home/airflow/.local/lib/python3.8/site-packages/airflow/example_dags/example_python_operator.py
[2026-06-16T01:14:23.030+0000] {processor.py:840} INFO - DAG(s) 'example_python_operator' retrieved from /home/airflow/.local/lib/python3.8/site-packages/airflow/example_dags/example_python_operator.py
[2026-06-16T01:14:23.396+0000] {logging_mixin.py:188} INFO - [2026-06-16T01:14:23.388+0000] {dag.py:3036} INFO - Sync 1 DAGs
[2026-06-16T01:14:24.079+0000] {logging_mixin.py:188} INFO - [2026-06-16T01:14:24.078+0000] {dag.py:3823} INFO - Setting next_dagrun for example_python_operator to None, run_after=None
[2026-06-16T01:14:24.984+0000] {processor.py:183} INFO - Processing /home/airflow/.local/lib/python3.8/site-packages/airflow/example_dags/example_python_operator.py took 2.253 seconds
[2026-06-16T01:14:55.136+0000] {processor.py:161} INFO - Started process (PID=784) to work on /home/airflow/.local/lib/python3.8/site-packages/airflow/example_dags/example_python_operator.py
[2026-06-16T01:14:55.142+0000] {processor.py:830} INFO - Processing file /home/airflow/.local/lib/python3.8/site-packages/airflow/example_dags/example_python_operator.py for tasks to queue
[2026-06-16T01:14:55.148+0000] {logging_mixin.py:188} INFO - [2026-06-16T01:14:55.147+0000] {dagbag.py:538} INFO - Filling up the DagBag from /home/airflow/.local/lib/python3.8/site-packages/airflow/example_dags/example_python_operator.py
[2026-06-16T01:14:55.282+0000] {processor.py:840} INFO - DAG(s) 'example_python_operator' retrieved from /home/airflow/.local/lib/python3.8/site-packages/airflow/example_dags/example_python_operator.py
[2026-06-16T01:14:55.416+0000] {logging_mixin.py:188} INFO - [2026-06-16T01:14:55.415+0000] {dag.py:3036} INFO - Sync 1 DAGs
[2026-06-16T01:14:55.489+0000] {logging_mixin.py:188} INFO - [2026-06-16T01:14:55.489+0000] {dag.py:3823} INFO - Setting next_dagrun for example_python_operator to None, run_after=None
[2026-06-16T01:14:55.606+0000] {processor.py:183} INFO - Processing /home/airflow/.local/lib/python3.8/site-packages/airflow/example_dags/example_python_operator.py took 0.488 seconds
[2026-06-16T01:15:26.613+0000] {processor.py:161} INFO - Started process (PID=840) to work on /home/airflow/.local/lib/python3.8/site-packages/airflow/example_dags/example_python_operator.py
[2026-06-16T01:15:26.617+0000] {processor.py:830} INFO - Processing file /home/airflow/.local/lib/python3.8/site-packages/airflow/example_dags/example_python_operator.py for tasks to queue
[2026-06-16T01:15:26.622+0000] {logging_mixin.py:188} INFO - [2026-06-16T01:15:26.622+0000] {dagbag.py:538} INFO - Filling up the DagBag from /home/airflow/.local/lib/python3.8/site-packages/airflow/example_dags/example_python_operator.py
[2026-06-16T01:15:26.662+0000] {processor.py:840} INFO - DAG(s) 'example_python_operator' retrieved from /home/airflow/.local/lib/python3.8/site-packages/airflow/example_dags/example_python_operator.py
[2026-06-16T01:15:26.741+0000] {logging_mixin.py:188} INFO - [2026-06-16T01:15:26.740+0000] {dag.py:3036} INFO - Sync 1 DAGs
[2026-06-16T01:15:26.784+0000] {logging_mixin.py:188} INFO - [2026-06-16T01:15:26.783+0000] {dag.py:3823} INFO - Setting next_dagrun for example_python_operator to None, run_after=None
[2026-06-16T01:15:26.853+0000] {processor.py:183} INFO - Processing /home/airflow/.local/lib/python3.8/site-packages/airflow/example_dags/example_python_operator.py took 0.251 seconds
[2026-06-16T01:16:03.179+0000] {processor.py:161} INFO - Started process (PID=896) to work on /home/airflow/.local/lib/python3.8/site-packages/airflow/example_dags/example_python_operator.py
[2026-06-16T01:16:03.183+0000] {processor.py:830} INFO - Processing file /home/airflow/.local/lib/python3.8/site-packages/airflow/example_dags/example_python_operator.py for tasks to queue
[2026-06-16T01:16:03.203+0000] {logging_mixin.py:188} INFO - [2026-06-16T01:16:03.198+0000] {dagbag.py:538} INFO - Filling up the DagBag from /home/airflow/.local/lib/python3.8/site-packages/airflow/example_dags/example_python_operator.py
[2026-06-16T01:16:03.252+0000] {processor.py:840} INFO - DAG(s) 'example_python_operator' retrieved from /home/airflow/.local/lib/python3.8/site-packages/airflow/example_dags/example_python_operator.py
[2026-06-16T01:16:03.567+0000] {logging_mixin.py:188} INFO - [2026-06-16T01:16:03.566+0000] {dag.py:3036} INFO - Sync 1 DAGs
[2026-06-16T01:16:03.820+0000] {logging_mixin.py:188} INFO - [2026-06-16T01:16:03.819+0000] {dag.py:3823} INFO - Setting next_dagrun for example_python_operator to None, run_after=None
[2026-06-16T01:16:04.010+0000] {processor.py:183} INFO - Processing /home/airflow/.local/lib/python3.8/site-packages/airflow/example_dags/example_python_operator.py took 0.946 seconds
[2026-06-16T01:16:37.485+0000] {processor.py:161} INFO - Started process (PID=951) to work on /home/airflow/.local/lib/python3.8/site-packages/airflow/example_dags/example_python_operator.py
[2026-06-16T01:16:37.489+0000] {processor.py:830} INFO - Processing file /home/airflow/.local/lib/python3.8/site-packages/airflow/example_dags/example_python_operator.py for tasks to queue
[2026-06-16T01:16:37.500+0000] {logging_mixin.py:188} INFO - [2026-06-16T01:16:37.497+0000] {dagbag.py:538} INFO - Filling up the DagBag from /home/airflow/.local/lib/python3.8/site-packages/airflow/example_dags/example_python_operator.py
[2026-06-16T01:16:37.714+0000] {processor.py:840} INFO - DAG(s) 'example_python_operator' retrieved from /home/airflow/.local/lib/python3.8/site-packages/airflow/example_dags/example_python_operator.py
[2026-06-16T01:16:37.907+0000] {logging_mixin.py:188} INFO - [2026-06-16T01:16:37.906+0000] {dag.py:3036} INFO - Sync 1 DAGs
[2026-06-16T01:16:37.995+0000] {logging_mixin.py:188} INFO - [2026-06-16T01:16:37.993+0000] {dag.py:3823} INFO - Setting next_dagrun for example_python_operator to None, run_after=None
[2026-06-16T01:16:38.077+0000] {processor.py:183} INFO - Processing /home/airflow/.local/lib/python3.8/site-packages/airflow/example_dags/example_python_operator.py took 0.605 seconds
[2026-06-16T01:17:08.632+0000] {processor.py:161} INFO - Started process (PID=1007) to work on /home/airflow/.local/lib/python3.8/site-packages/airflow/example_dags/example_python_operator.py
[2026-06-16T01:17:08.638+0000] {processor.py:830} INFO - Processing file /home/airflow/.local/lib/python3.8/site-packages/airflow/example_dags/example_python_operator.py for tasks to queue
[2026-06-16T01:17:08.654+0000] {logging_mixin.py:188} INFO - [2026-06-16T01:17:08.653+0000] {dagbag.py:538} INFO - Filling up the DagBag from /home/airflow/.local/lib/python3.8/site-packages/airflow/example_dags/example_python_operator.py
[2026-06-16T01:17:08.762+0000] {processor.py:840} INFO - DAG(s) 'example_python_operator' retrieved from /home/airflow/.local/lib/python3.8/site-packages/airflow/example_dags/example_python_operator.py
[2026-06-16T01:17:08.929+0000] {logging_mixin.py:188} INFO - [2026-06-16T01:17:08.928+0000] {dag.py:3036} INFO - Sync 1 DAGs
[2026-06-16T01:17:09.036+0000] {logging_mixin.py:188} INFO - [2026-06-16T01:17:09.023+0000] {dag.py:3823} INFO - Setting next_dagrun for example_python_operator to None, run_after=None
[2026-06-16T01:17:09.322+0000] {processor.py:183} INFO - Processing /home/airflow/.local/lib/python3.8/site-packages/airflow/example_dags/example_python_operator.py took 0.711 seconds
[2026-06-16T01:17:39.513+0000] {processor.py:161} INFO - Started process (PID=1061) to work on /home/airflow/.local/lib/python3.8/site-packages/airflow/example_dags/example_python_operator.py
[2026-06-16T01:17:39.516+0000] {processor.py:830} INFO - Processing file /home/airflow/.local/lib/python3.8/site-packages/airflow/example_dags/example_python_operator.py for tasks to queue
[2026-06-16T01:17:39.526+0000] {logging_mixin.py:188} INFO - [2026-06-16T01:17:39.524+0000] {dagbag.py:538} INFO - Filling up the DagBag from /home/airflow/.local/lib/python3.8/site-packages/airflow/example_dags/example_python_operator.py
[2026-06-16T01:17:39.576+0000] {processor.py:840} INFO - DAG(s) 'example_python_operator' retrieved from /home/airflow/.local/lib/python3.8/site-packages/airflow/example_dags/example_python_operator.py
[2026-06-16T01:17:39.680+0000] {logging_mixin.py:188} INFO - [2026-06-16T01:17:39.679+0000] {dag.py:3036} INFO - Sync 1 DAGs
[2026-06-16T01:17:39.758+0000] {logging_mixin.py:188} INFO - [2026-06-16T01:17:39.757+0000] {dag.py:3823} INFO - Setting next_dagrun for example_python_operator to None, run_after=None
[2026-06-16T01:17:39.869+0000] {processor.py:183} INFO - Processing /home/airflow/.local/lib/python3.8/site-packages/airflow/example_dags/example_python_operator.py took 0.373 seconds
[2026-06-16T01:18:10.153+0000] {processor.py:161} INFO - Started process (PID=1117) to work on /home/airflow/.local/lib/python3.8/site-packages/airflow/example_dags/example_python_operator.py
[2026-06-16T01:18:10.164+0000] {processor.py:830} INFO - Processing file /home/airflow/.local/lib/python3.8/site-packages/airflow/example_dags/example_python_operator.py for tasks to queue
[2026-06-16T01:18:10.177+0000] {logging_mixin.py:188} INFO - [2026-06-16T01:18:10.176+0000] {dagbag.py:538} INFO - Filling up the DagBag from /home/airflow/.local/lib/python3.8/site-packages/airflow/example_dags/example_python_operator.py
[2026-06-16T01:18:10.235+0000] {processor.py:840} INFO - DAG(s) 'example_python_operator' retrieved from /home/airflow/.local/lib/python3.8/site-packages/airflow/example_dags/example_python_operator.py
[2026-06-16T01:18:10.333+0000] {logging_mixin.py:188} INFO - [2026-06-16T01:18:10.332+0000] {dag.py:3036} INFO - Sync 1 DAGs
[2026-06-16T01:18:10.379+0000] {logging_mixin.py:188} INFO - [2026-06-16T01:18:10.378+0000] {dag.py:3823} INFO - Setting next_dagrun for example_python_operator to None, run_after=None
[2026-06-16T01:18:10.451+0000] {processor.py:183} INFO - Processing /home/airflow/.local/lib/python3.8/site-packages/airflow/example_dags/example_python_operator.py took 0.319 seconds
[2026-06-16T01:18:40.793+0000] {processor.py:161} INFO - Started process (PID=1173) to work on /home/airflow/.local/lib/python3.8/site-packages/airflow/example_dags/example_python_operator.py
[2026-06-16T01:18:40.796+0000] {processor.py:830} INFO - Processing file /home/airflow/.local/lib/python3.8/site-packages/airflow/example_dags/example_python_operator.py for tasks to queue
[2026-06-16T01:18:40.803+0000] {logging_mixin.py:188} INFO - [2026-06-16T01:18:40.802+0000] {dagbag.py:538} INFO - Filling up the DagBag from /home/airflow/.local/lib/python3.8/site-packages/airflow/example_dags/example_python_operator.py
[2026-06-16T01:18:40.850+0000] {processor.py:840} INFO - DAG(s) 'example_python_operator' retrieved from /home/airflow/.local/lib/python3.8/site-packages/airflow/example_dags/example_python_operator.py
[2026-06-16T01:18:40.944+0000] {logging_mixin.py:188} INFO - [2026-06-16T01:18:40.944+0000] {dag.py:3036} INFO - Sync 1 DAGs
[2026-06-16T01:18:41.000+0000] {logging_mixin.py:188} INFO - [2026-06-16T01:18:40.999+0000] {dag.py:3823} INFO - Setting next_dagrun for example_python_operator to None, run_after=None
[2026-06-16T01:18:41.095+0000] {processor.py:183} INFO - Processing /home/airflow/.local/lib/python3.8/site-packages/airflow/example_dags/example_python_operator.py took 0.317 seconds
[2026-06-16T01:19:12.452+0000] {processor.py:161} INFO - Started process (PID=1230) to work on /home/airflow/.local/lib/python3.8/site-packages/airflow/example_dags/example_python_operator.py
[2026-06-16T01:19:12.458+0000] {processor.py:830} INFO - Processing file /home/airflow/.local/lib/python3.8/site-packages/airflow/example_dags/example_python_operator.py for tasks to queue
[2026-06-16T01:19:12.467+0000] {logging_mixin.py:188} INFO - [2026-06-16T01:19:12.465+0000] {dagbag.py:538} INFO - Filling up the DagBag from /home/airflow/.local/lib/python3.8/site-packages/airflow/example_dags/example_python_operator.py
[2026-06-16T01:19:12.559+0000] {processor.py:840} INFO - DAG(s) 'example_python_operator' retrieved from /home/airflow/.local/lib/python3.8/site-packages/airflow/example_dags/example_python_operator.py
[2026-06-16T01:19:12.985+0000] {logging_mixin.py:188} INFO - [2026-06-16T01:19:12.985+0000] {dag.py:3036} INFO - Sync 1 DAGs
[2026-06-16T01:19:13.107+0000] {logging_mixin.py:188} INFO - [2026-06-16T01:19:13.106+0000] {dag.py:3823} INFO - Setting next_dagrun for example_python_operator to None, run_after=None
[2026-06-16T01:19:13.344+0000] {processor.py:183} INFO - Processing /home/airflow/.local/lib/python3.8/site-packages/airflow/example_dags/example_python_operator.py took 0.903 seconds
[2026-06-16T01:19:43.661+0000] {processor.py:161} INFO - Started process (PID=1284) to work on /home/airflow/.local/lib/python3.8/site-packages/airflow/example_dags/example_python_operator.py
[2026-06-16T01:19:43.663+0000] {processor.py:830} INFO - Processing file /home/airflow/.local/lib/python3.8/site-packages/airflow/example_dags/example_python_operator.py for tasks to queue
[2026-06-16T01:19:43.670+0000] {logging_mixin.py:188} INFO - [2026-06-16T01:19:43.669+0000] {dagbag.py:538} INFO - Filling up the DagBag from /home/airflow/.local/lib/python3.8/site-packages/airflow/example_dags/example_python_operator.py
[2026-06-16T01:19:44.061+0000] {processor.py:840} INFO - DAG(s) 'example_python_operator' retrieved from /home/airflow/.local/lib/python3.8/site-packages/airflow/example_dags/example_python_operator.py
[2026-06-16T01:19:44.170+0000] {logging_mixin.py:188} INFO - [2026-06-16T01:19:44.169+0000] {dag.py:3036} INFO - Sync 1 DAGs
[2026-06-16T01:19:44.321+0000] {logging_mixin.py:188} INFO - [2026-06-16T01:19:44.320+0000] {dag.py:3823} INFO - Setting next_dagrun for example_python_operator to None, run_after=None
[2026-06-16T01:19:44.476+0000] {processor.py:183} INFO - Processing /home/airflow/.local/lib/python3.8/site-packages/airflow/example_dags/example_python_operator.py took 0.825 seconds
[2026-06-16T01:20:14.837+0000] {processor.py:161} INFO - Started process (PID=1346) to work on /home/airflow/.local/lib/python3.8/site-packages/airflow/example_dags/example_python_operator.py
[2026-06-16T01:20:14.885+0000] {processor.py:830} INFO - Processing file /home/airflow/.local/lib/python3.8/site-packages/airflow/example_dags/example_python_operator.py for tasks to queue
[2026-06-16T01:20:14.916+0000] {logging_mixin.py:188} INFO - [2026-06-16T01:20:14.914+0000] {dagbag.py:538} INFO - Filling up the DagBag from /home/airflow/.local/lib/python3.8/site-packages/airflow/example_dags/example_python_operator.py
[2026-06-16T01:20:15.064+0000] {processor.py:840} INFO - DAG(s) 'example_python_operator' retrieved from /home/airflow/.local/lib/python3.8/site-packages/airflow/example_dags/example_python_operator.py
[2026-06-16T01:20:15.158+0000] {logging_mixin.py:188} INFO - [2026-06-16T01:20:15.156+0000] {dag.py:3036} INFO - Sync 1 DAGs
[2026-06-16T01:20:15.248+0000] {logging_mixin.py:188} INFO - [2026-06-16T01:20:15.246+0000] {dag.py:3823} INFO - Setting next_dagrun for example_python_operator to None, run_after=None
[2026-06-16T01:20:15.381+0000] {processor.py:183} INFO - Processing /home/airflow/.local/lib/python3.8/site-packages/airflow/example_dags/example_python_operator.py took 0.622 seconds
[2026-06-16T01:20:45.693+0000] {processor.py:161} INFO - Started process (PID=1402) to work on /home/airflow/.local/lib/python3.8/site-packages/airflow/example_dags/example_python_operator.py
[2026-06-16T01:20:45.697+0000] {processor.py:830} INFO - Processing file /home/airflow/.local/lib/python3.8/site-packages/airflow/example_dags/example_python_operator.py for tasks to queue
[2026-06-16T01:20:45.719+0000] {logging_mixin.py:188} INFO - [2026-06-16T01:20:45.706+0000] {dagbag.py:538} INFO - Filling up the DagBag from /home/airflow/.local/lib/python3.8/site-packages/airflow/example_dags/example_python_operator.py
[2026-06-16T01:20:46.060+0000] {processor.py:840} INFO - DAG(s) 'example_python_operator' retrieved from /home/airflow/.local/lib/python3.8/site-packages/airflow/example_dags/example_python_operator.py
[2026-06-16T01:20:46.373+0000] {logging_mixin.py:188} INFO - [2026-06-16T01:20:46.372+0000] {dag.py:3036} INFO - Sync 1 DAGs
[2026-06-16T01:20:46.447+0000] {logging_mixin.py:188} INFO - [2026-06-16T01:20:46.445+0000] {dag.py:3823} INFO - Setting next_dagrun for example_python_operator to None, run_after=None
[2026-06-16T01:20:46.664+0000] {processor.py:183} INFO - Processing /home/airflow/.local/lib/python3.8/site-packages/airflow/example_dags/example_python_operator.py took 0.982 seconds
[2026-06-16T01:21:16.954+0000] {processor.py:161} INFO - Started process (PID=1458) to work on /home/airflow/.local/lib/python3.8/site-packages/airflow/example_dags/example_python_operator.py
[2026-06-16T01:21:16.957+0000] {processor.py:830} INFO - Processing file /home/airflow/.local/lib/python3.8/site-packages/airflow/example_dags/example_python_operator.py for tasks to queue
[2026-06-16T01:21:16.966+0000] {logging_mixin.py:188} INFO - [2026-06-16T01:21:16.964+0000] {dagbag.py:538} INFO - Filling up the DagBag from /home/airflow/.local/lib/python3.8/site-packages/airflow/example_dags/example_python_operator.py
[2026-06-16T01:21:17.005+0000] {processor.py:840} INFO - DAG(s) 'example_python_operator' retrieved from /home/airflow/.local/lib/python3.8/site-packages/airflow/example_dags/example_python_operator.py
[2026-06-16T01:21:17.077+0000] {logging_mixin.py:188} INFO - [2026-06-16T01:21:17.077+0000] {dag.py:3036} INFO - Sync 1 DAGs
[2026-06-16T01:21:17.117+0000] {logging_mixin.py:188} INFO - [2026-06-16T01:21:17.117+0000] {dag.py:3823} INFO - Setting next_dagrun for example_python_operator to None, run_after=None
[2026-06-16T01:21:17.185+0000] {processor.py:183} INFO - Processing /home/airflow/.local/lib/python3.8/site-packages/airflow/example_dags/example_python_operator.py took 0.240 seconds
[2026-06-16T01:21:48.866+0000] {processor.py:161} INFO - Started process (PID=1515) to work on /home/airflow/.local/lib/python3.8/site-packages/airflow/example_dags/example_python_operator.py
[2026-06-16T01:21:48.880+0000] {processor.py:830} INFO - Processing file /home/airflow/.local/lib/python3.8/site-packages/airflow/example_dags/example_python_operator.py for tasks to queue
[2026-06-16T01:21:48.942+0000] {logging_mixin.py:188} INFO - [2026-06-16T01:21:48.940+0000] {dagbag.py:538} INFO - Filling up the DagBag from /home/airflow/.local/lib/python3.8/site-packages/airflow/example_dags/example_python_operator.py
[2026-06-16T01:21:49.088+0000] {processor.py:840} INFO - DAG(s) 'example_python_operator' retrieved from /home/airflow/.local/lib/python3.8/site-packages/airflow/example_dags/example_python_operator.py
[2026-06-16T01:21:49.387+0000] {logging_mixin.py:188} INFO - [2026-06-16T01:21:49.386+0000] {dag.py:3036} INFO - Sync 1 DAGs
[2026-06-16T01:21:49.505+0000] {logging_mixin.py:188} INFO - [2026-06-16T01:21:49.504+0000] {dag.py:3823} INFO - Setting next_dagrun for example_python_operator to None, run_after=None
[2026-06-16T01:21:49.682+0000] {processor.py:183} INFO - Processing /home/airflow/.local/lib/python3.8/site-packages/airflow/example_dags/example_python_operator.py took 0.833 seconds
[2026-06-16T01:22:20.461+0000] {processor.py:161} INFO - Started process (PID=1571) to work on /home/airflow/.local/lib/python3.8/site-packages/airflow/example_dags/example_python_operator.py
[2026-06-16T01:22:20.465+0000] {processor.py:830} INFO - Processing file /home/airflow/.local/lib/python3.8/site-packages/airflow/example_dags/example_python_operator.py for tasks to queue
[2026-06-16T01:22:20.476+0000] {logging_mixin.py:188} INFO - [2026-06-16T01:22:20.473+0000] {dagbag.py:538} INFO - Filling up the DagBag from /home/airflow/.local/lib/python3.8/site-packages/airflow/example_dags/example_python_operator.py
[2026-06-16T01:22:20.550+0000] {processor.py:840} INFO - DAG(s) 'example_python_operator' retrieved from /home/airflow/.local/lib/python3.8/site-packages/airflow/example_dags/example_python_operator.py
[2026-06-16T01:22:20.815+0000] {logging_mixin.py:188} INFO - [2026-06-16T01:22:20.814+0000] {dag.py:3036} INFO - Sync 1 DAGs
[2026-06-16T01:22:20.895+0000] {logging_mixin.py:188} INFO - [2026-06-16T01:22:20.894+0000] {dag.py:3823} INFO - Setting next_dagrun for example_python_operator to None, run_after=None
[2026-06-16T01:22:21.061+0000] {processor.py:183} INFO - Processing /home/airflow/.local/lib/python3.8/site-packages/airflow/example_dags/example_python_operator.py took 0.622 seconds
[2026-06-16T01:22:51.438+0000] {processor.py:161} INFO - Started process (PID=1627) to work on /home/airflow/.local/lib/python3.8/site-packages/airflow/example_dags/example_python_operator.py
[2026-06-16T01:22:51.443+0000] {processor.py:830} INFO - Processing file /home/airflow/.local/lib/python3.8/site-packages/airflow/example_dags/example_python_operator.py for tasks to queue
[2026-06-16T01:22:51.455+0000] {logging_mixin.py:188} INFO - [2026-06-16T01:22:51.453+0000] {dagbag.py:538} INFO - Filling up the DagBag from /home/airflow/.local/lib/python3.8/site-packages/airflow/example_dags/example_python_operator.py
[2026-06-16T01:22:51.509+0000] {processor.py:840} INFO - DAG(s) 'example_python_operator' retrieved from /home/airflow/.local/lib/python3.8/site-packages/airflow/example_dags/example_python_operator.py
[2026-06-16T01:22:51.647+0000] {logging_mixin.py:188} INFO - [2026-06-16T01:22:51.646+0000] {dag.py:3036} INFO - Sync 1 DAGs
[2026-06-16T01:22:51.707+0000] {logging_mixin.py:188} INFO - [2026-06-16T01:22:51.706+0000] {dag.py:3823} INFO - Setting next_dagrun for example_python_operator to None, run_after=None
[2026-06-16T01:22:51.805+0000] {processor.py:183} INFO - Processing /home/airflow/.local/lib/python3.8/site-packages/airflow/example_dags/example_python_operator.py took 0.384 seconds
[2026-06-16T01:23:21.977+0000] {processor.py:161} INFO - Started process (PID=1682) to work on /home/airflow/.local/lib/python3.8/site-packages/airflow/example_dags/example_python_operator.py
[2026-06-16T01:23:21.980+0000] {processor.py:830} INFO - Processing file /home/airflow/.local/lib/python3.8/site-packages/airflow/example_dags/example_python_operator.py for tasks to queue
[2026-06-16T01:23:21.985+0000] {logging_mixin.py:188} INFO - [2026-06-16T01:23:21.984+0000] {dagbag.py:538} INFO - Filling up the DagBag from /home/airflow/.local/lib/python3.8/site-packages/airflow/example_dags/example_python_operator.py
[2026-06-16T01:23:22.019+0000] {processor.py:840} INFO - DAG(s) 'example_python_operator' retrieved from /home/airflow/.local/lib/python3.8/site-packages/airflow/example_dags/example_python_operator.py
[2026-06-16T01:23:22.172+0000] {logging_mixin.py:188} INFO - [2026-06-16T01:23:22.171+0000] {dag.py:3036} INFO - Sync 1 DAGs
[2026-06-16T01:23:22.209+0000] {logging_mixin.py:188} INFO - [2026-06-16T01:23:22.209+0000] {dag.py:3823} INFO - Setting next_dagrun for example_python_operator to None, run_after=None
[2026-06-16T01:23:22.420+0000] {processor.py:183} INFO - Processing /home/airflow/.local/lib/python3.8/site-packages/airflow/example_dags/example_python_operator.py took 0.451 seconds
[2026-06-16T01:23:54.801+0000] {processor.py:161} INFO - Started process (PID=1738) to work on /home/airflow/.local/lib/python3.8/site-packages/airflow/example_dags/example_python_operator.py
[2026-06-16T01:23:54.805+0000] {processor.py:830} INFO - Processing file /home/airflow/.local/lib/python3.8/site-packages/airflow/example_dags/example_python_operator.py for tasks to queue
[2026-06-16T01:23:54.813+0000] {logging_mixin.py:188} INFO - [2026-06-16T01:23:54.812+0000] {dagbag.py:538} INFO - Filling up the DagBag from /home/airflow/.local/lib/python3.8/site-packages/airflow/example_dags/example_python_operator.py
[2026-06-16T01:23:54.851+0000] {processor.py:840} INFO - DAG(s) 'example_python_operator' retrieved from /home/airflow/.local/lib/python3.8/site-packages/airflow/example_dags/example_python_operator.py
[2026-06-16T01:23:54.948+0000] {logging_mixin.py:188} INFO - [2026-06-16T01:23:54.947+0000] {dag.py:3036} INFO - Sync 1 DAGs
[2026-06-16T01:23:55.002+0000] {logging_mixin.py:188} INFO - [2026-06-16T01:23:55.001+0000] {dag.py:3823} INFO - Setting next_dagrun for example_python_operator to None, run_after=None
[2026-06-16T01:23:55.091+0000] {processor.py:183} INFO - Processing /home/airflow/.local/lib/python3.8/site-packages/airflow/example_dags/example_python_operator.py took 0.307 seconds
[2026-06-16T01:24:25.621+0000] {processor.py:161} INFO - Started process (PID=1794) to work on /home/airflow/.local/lib/python3.8/site-packages/airflow/example_dags/example_python_operator.py
[2026-06-16T01:24:25.625+0000] {processor.py:830} INFO - Processing file /home/airflow/.local/lib/python3.8/site-packages/airflow/example_dags/example_python_operator.py for tasks to queue
[2026-06-16T01:24:25.632+0000] {logging_mixin.py:188} INFO - [2026-06-16T01:24:25.631+0000] {dagbag.py:538} INFO - Filling up the DagBag from /home/airflow/.local/lib/python3.8/site-packages/airflow/example_dags/example_python_operator.py
[2026-06-16T01:24:25.677+0000] {processor.py:840} INFO - DAG(s) 'example_python_operator' retrieved from /home/airflow/.local/lib/python3.8/site-packages/airflow/example_dags/example_python_operator.py
[2026-06-16T01:24:25.747+0000] {logging_mixin.py:188} INFO - [2026-06-16T01:24:25.747+0000] {dag.py:3036} INFO - Sync 1 DAGs
[2026-06-16T01:24:25.788+0000] {logging_mixin.py:188} INFO - [2026-06-16T01:24:25.788+0000] {dag.py:3823} INFO - Setting next_dagrun for example_python_operator to None, run_after=None
[2026-06-16T01:24:25.846+0000] {processor.py:183} INFO - Processing /home/airflow/.local/lib/python3.8/site-packages/airflow/example_dags/example_python_operator.py took 0.236 seconds
[2026-06-16T01:24:56.159+0000] {processor.py:161} INFO - Started process (PID=1850) to work on /home/airflow/.local/lib/python3.8/site-packages/airflow/example_dags/example_python_operator.py
[2026-06-16T01:24:56.161+0000] {processor.py:830} INFO - Processing file /home/airflow/.local/lib/python3.8/site-packages/airflow/example_dags/example_python_operator.py for tasks to queue
[2026-06-16T01:24:56.165+0000] {logging_mixin.py:188} INFO - [2026-06-16T01:24:56.164+0000] {dagbag.py:538} INFO - Filling up the DagBag from /home/airflow/.local/lib/python3.8/site-packages/airflow/example_dags/example_python_operator.py
[2026-06-16T01:24:56.186+0000] {processor.py:840} INFO - DAG(s) 'example_python_operator' retrieved from /home/airflow/.local/lib/python3.8/site-packages/airflow/example_dags/example_python_operator.py
[2026-06-16T01:24:56.231+0000] {logging_mixin.py:188} INFO - [2026-06-16T01:24:56.231+0000] {dag.py:3036} INFO - Sync 1 DAGs
[2026-06-16T01:24:56.261+0000] {logging_mixin.py:188} INFO - [2026-06-16T01:24:56.260+0000] {dag.py:3823} INFO - Setting next_dagrun for example_python_operator to None, run_after=None
[2026-06-16T01:24:56.303+0000] {processor.py:183} INFO - Processing /home/airflow/.local/lib/python3.8/site-packages/airflow/example_dags/example_python_operator.py took 0.151 seconds
[2026-06-16T01:25:26.870+0000] {processor.py:161} INFO - Started process (PID=1906) to work on /home/airflow/.local/lib/python3.8/site-packages/airflow/example_dags/example_python_operator.py
[2026-06-16T01:25:26.872+0000] {processor.py:830} INFO - Processing file /home/airflow/.local/lib/python3.8/site-packages/airflow/example_dags/example_python_operator.py for tasks to queue
[2026-06-16T01:25:26.877+0000] {logging_mixin.py:188} INFO - [2026-06-16T01:25:26.877+0000] {dagbag.py:538} INFO - Filling up the DagBag from /home/airflow/.local/lib/python3.8/site-packages/airflow/example_dags/example_python_operator.py
[2026-06-16T01:25:26.900+0000] {processor.py:840} INFO - DAG(s) 'example_python_operator' retrieved from /home/airflow/.local/lib/python3.8/site-packages/airflow/example_dags/example_python_operator.py
[2026-06-16T01:25:26.954+0000] {logging_mixin.py:188} INFO - [2026-06-16T01:25:26.953+0000] {dag.py:3036} INFO - Sync 1 DAGs
[2026-06-16T01:25:26.991+0000] {logging_mixin.py:188} INFO - [2026-06-16T01:25:26.991+0000] {dag.py:3823} INFO - Setting next_dagrun for example_python_operator to None, run_after=None
[2026-06-16T01:25:27.036+0000] {processor.py:183} INFO - Processing /home/airflow/.local/lib/python3.8/site-packages/airflow/example_dags/example_python_operator.py took 0.178 seconds
[2026-06-16T01:25:57.383+0000] {processor.py:161} INFO - Started process (PID=1961) to work on /home/airflow/.local/lib/python3.8/site-packages/airflow/example_dags/example_python_operator.py
[2026-06-16T01:25:57.385+0000] {processor.py:830} INFO - Processing file /home/airflow/.local/lib/python3.8/site-packages/airflow/example_dags/example_python_operator.py for tasks to queue
[2026-06-16T01:25:57.390+0000] {logging_mixin.py:188} INFO - [2026-06-16T01:25:57.389+0000] {dagbag.py:538} INFO - Filling up the DagBag from /home/airflow/.local/lib/python3.8/site-packages/airflow/example_dags/example_python_operator.py
[2026-06-16T01:25:57.415+0000] {processor.py:840} INFO - DAG(s) 'example_python_operator' retrieved from /home/airflow/.local/lib/python3.8/site-packages/airflow/example_dags/example_python_operator.py
[2026-06-16T01:25:57.464+0000] {logging_mixin.py:188} INFO - [2026-06-16T01:25:57.463+0000] {dag.py:3036} INFO - Sync 1 DAGs
[2026-06-16T01:25:57.487+0000] {logging_mixin.py:188} INFO - [2026-06-16T01:25:57.487+0000] {dag.py:3823} INFO - Setting next_dagrun for example_python_operator to None, run_after=None
[2026-06-16T01:25:57.526+0000] {processor.py:183} INFO - Processing /home/airflow/.local/lib/python3.8/site-packages/airflow/example_dags/example_python_operator.py took 0.150 seconds
[2026-06-16T01:26:33.113+0000] {processor.py:161} INFO - Started process (PID=2012) to work on /home/airflow/.local/lib/python3.8/site-packages/airflow/example_dags/example_python_operator.py
[2026-06-16T01:26:33.120+0000] {processor.py:830} INFO - Processing file /home/airflow/.local/lib/python3.8/site-packages/airflow/example_dags/example_python_operator.py for tasks to queue
[2026-06-16T01:26:33.135+0000] {logging_mixin.py:188} INFO - [2026-06-16T01:26:33.131+0000] {dagbag.py:538} INFO - Filling up the DagBag from /home/airflow/.local/lib/python3.8/site-packages/airflow/example_dags/example_python_operator.py
[2026-06-16T01:26:33.230+0000] {processor.py:840} INFO - DAG(s) 'example_python_operator' retrieved from /home/airflow/.local/lib/python3.8/site-packages/airflow/example_dags/example_python_operator.py
[2026-06-16T01:26:33.417+0000] {logging_mixin.py:188} INFO - [2026-06-16T01:26:33.417+0000] {dag.py:3036} INFO - Sync 1 DAGs
[2026-06-16T01:26:33.456+0000] {logging_mixin.py:188} INFO - [2026-06-16T01:26:33.453+0000] {dag.py:3823} INFO - Setting next_dagrun for example_python_operator to None, run_after=None
[2026-06-16T01:26:33.528+0000] {processor.py:183} INFO - Processing /home/airflow/.local/lib/python3.8/site-packages/airflow/example_dags/example_python_operator.py took 0.427 seconds
[2026-06-16T01:27:04.525+0000] {processor.py:161} INFO - Started process (PID=2068) to work on /home/airflow/.local/lib/python3.8/site-packages/airflow/example_dags/example_python_operator.py
[2026-06-16T01:27:04.531+0000] {processor.py:830} INFO - Processing file /home/airflow/.local/lib/python3.8/site-packages/airflow/example_dags/example_python_operator.py for tasks to queue
[2026-06-16T01:27:04.539+0000] {logging_mixin.py:188} INFO - [2026-06-16T01:27:04.538+0000] {dagbag.py:538} INFO - Filling up the DagBag from /home/airflow/.local/lib/python3.8/site-packages/airflow/example_dags/example_python_operator.py
[2026-06-16T01:27:04.674+0000] {processor.py:840} INFO - DAG(s) 'example_python_operator' retrieved from /home/airflow/.local/lib/python3.8/site-packages/airflow/example_dags/example_python_operator.py
[2026-06-16T01:27:04.810+0000] {logging_mixin.py:188} INFO - [2026-06-16T01:27:04.805+0000] {dag.py:3036} INFO - Sync 1 DAGs
[2026-06-16T01:27:04.915+0000] {logging_mixin.py:188} INFO - [2026-06-16T01:27:04.914+0000] {dag.py:3823} INFO - Setting next_dagrun for example_python_operator to None, run_after=None
[2026-06-16T01:27:05.137+0000] {processor.py:183} INFO - Processing /home/airflow/.local/lib/python3.8/site-packages/airflow/example_dags/example_python_operator.py took 0.629 seconds
[2026-06-16T01:27:35.393+0000] {processor.py:161} INFO - Started process (PID=2124) to work on /home/airflow/.local/lib/python3.8/site-packages/airflow/example_dags/example_python_operator.py
[2026-06-16T01:27:35.395+0000] {processor.py:830} INFO - Processing file /home/airflow/.local/lib/python3.8/site-packages/airflow/example_dags/example_python_operator.py for tasks to queue
[2026-06-16T01:27:35.401+0000] {logging_mixin.py:188} INFO - [2026-06-16T01:27:35.400+0000] {dagbag.py:538} INFO - Filling up the DagBag from /home/airflow/.local/lib/python3.8/site-packages/airflow/example_dags/example_python_operator.py
[2026-06-16T01:27:35.434+0000] {processor.py:840} INFO - DAG(s) 'example_python_operator' retrieved from /home/airflow/.local/lib/python3.8/site-packages/airflow/example_dags/example_python_operator.py
[2026-06-16T01:27:35.501+0000] {logging_mixin.py:188} INFO - [2026-06-16T01:27:35.501+0000] {dag.py:3036} INFO - Sync 1 DAGs
[2026-06-16T01:27:35.539+0000] {logging_mixin.py:188} INFO - [2026-06-16T01:27:35.539+0000] {dag.py:3823} INFO - Setting next_dagrun for example_python_operator to None, run_after=None
[2026-06-16T01:27:35.597+0000] {processor.py:183} INFO - Processing /home/airflow/.local/lib/python3.8/site-packages/airflow/example_dags/example_python_operator.py took 0.217 seconds
[2026-06-16T01:28:06.184+0000] {processor.py:161} INFO - Started process (PID=2180) to work on /home/airflow/.local/lib/python3.8/site-packages/airflow/example_dags/example_python_operator.py
[2026-06-16T01:28:06.186+0000] {processor.py:830} INFO - Processing file /home/airflow/.local/lib/python3.8/site-packages/airflow/example_dags/example_python_operator.py for tasks to queue
[2026-06-16T01:28:06.190+0000] {logging_mixin.py:188} INFO - [2026-06-16T01:28:06.190+0000] {dagbag.py:538} INFO - Filling up the DagBag from /home/airflow/.local/lib/python3.8/site-packages/airflow/example_dags/example_python_operator.py
[2026-06-16T01:28:06.216+0000] {processor.py:840} INFO - DAG(s) 'example_python_operator' retrieved from /home/airflow/.local/lib/python3.8/site-packages/airflow/example_dags/example_python_operator.py
[2026-06-16T01:28:06.263+0000] {logging_mixin.py:188} INFO - [2026-06-16T01:28:06.263+0000] {dag.py:3036} INFO - Sync 1 DAGs
[2026-06-16T01:28:06.292+0000] {logging_mixin.py:188} INFO - [2026-06-16T01:28:06.292+0000] {dag.py:3823} INFO - Setting next_dagrun for example_python_operator to None, run_after=None
[2026-06-16T01:28:06.330+0000] {processor.py:183} INFO - Processing /home/airflow/.local/lib/python3.8/site-packages/airflow/example_dags/example_python_operator.py took 0.154 seconds
[2026-06-16T01:28:37.737+0000] {processor.py:161} INFO - Started process (PID=2236) to work on /home/airflow/.local/lib/python3.8/site-packages/airflow/example_dags/example_python_operator.py
[2026-06-16T01:28:37.739+0000] {processor.py:830} INFO - Processing file /home/airflow/.local/lib/python3.8/site-packages/airflow/example_dags/example_python_operator.py for tasks to queue
[2026-06-16T01:28:37.751+0000] {logging_mixin.py:188} INFO - [2026-06-16T01:28:37.750+0000] {dagbag.py:538} INFO - Filling up the DagBag from /home/airflow/.local/lib/python3.8/site-packages/airflow/example_dags/example_python_operator.py
[2026-06-16T01:28:37.823+0000] {processor.py:840} INFO - DAG(s) 'example_python_operator' retrieved from /home/airflow/.local/lib/python3.8/site-packages/airflow/example_dags/example_python_operator.py
[2026-06-16T01:28:37.924+0000] {logging_mixin.py:188} INFO - [2026-06-16T01:28:37.923+0000] {dag.py:3036} INFO - Sync 1 DAGs
[2026-06-16T01:28:37.971+0000] {logging_mixin.py:188} INFO - [2026-06-16T01:28:37.970+0000] {dag.py:3823} INFO - Setting next_dagrun for example_python_operator to None, run_after=None
[2026-06-16T01:28:38.035+0000] {processor.py:183} INFO - Processing /home/airflow/.local/lib/python3.8/site-packages/airflow/example_dags/example_python_operator.py took 0.308 seconds
[2026-06-16T01:29:08.226+0000] {processor.py:161} INFO - Started process (PID=2292) to work on /home/airflow/.local/lib/python3.8/site-packages/airflow/example_dags/example_python_operator.py
[2026-06-16T01:29:08.228+0000] {processor.py:830} INFO - Processing file /home/airflow/.local/lib/python3.8/site-packages/airflow/example_dags/example_python_operator.py for tasks to queue
[2026-06-16T01:29:08.232+0000] {logging_mixin.py:188} INFO - [2026-06-16T01:29:08.231+0000] {dagbag.py:538} INFO - Filling up the DagBag from /home/airflow/.local/lib/python3.8/site-packages/airflow/example_dags/example_python_operator.py
[2026-06-16T01:29:08.251+0000] {processor.py:840} INFO - DAG(s) 'example_python_operator' retrieved from /home/airflow/.local/lib/python3.8/site-packages/airflow/example_dags/example_python_operator.py
[2026-06-16T01:29:08.295+0000] {logging_mixin.py:188} INFO - [2026-06-16T01:29:08.294+0000] {dag.py:3036} INFO - Sync 1 DAGs
[2026-06-16T01:29:08.317+0000] {logging_mixin.py:188} INFO - [2026-06-16T01:29:08.317+0000] {dag.py:3823} INFO - Setting next_dagrun for example_python_operator to None, run_after=None
[2026-06-16T01:29:08.357+0000] {processor.py:183} INFO - Processing /home/airflow/.local/lib/python3.8/site-packages/airflow/example_dags/example_python_operator.py took 0.137 seconds
[2026-06-16T01:29:38.712+0000] {processor.py:161} INFO - Started process (PID=2348) to work on /home/airflow/.local/lib/python3.8/site-packages/airflow/example_dags/example_python_operator.py
[2026-06-16T01:29:38.715+0000] {processor.py:830} INFO - Processing file /home/airflow/.local/lib/python3.8/site-packages/airflow/example_dags/example_python_operator.py for tasks to queue
[2026-06-16T01:29:38.721+0000] {logging_mixin.py:188} INFO - [2026-06-16T01:29:38.720+0000] {dagbag.py:538} INFO - Filling up the DagBag from /home/airflow/.local/lib/python3.8/site-packages/airflow/example_dags/example_python_operator.py
[2026-06-16T01:29:38.753+0000] {processor.py:840} INFO - DAG(s) 'example_python_operator' retrieved from /home/airflow/.local/lib/python3.8/site-packages/airflow/example_dags/example_python_operator.py
[2026-06-16T01:29:38.845+0000] {logging_mixin.py:188} INFO - [2026-06-16T01:29:38.844+0000] {dag.py:3036} INFO - Sync 1 DAGs
[2026-06-16T01:29:38.895+0000] {logging_mixin.py:188} INFO - [2026-06-16T01:29:38.894+0000] {dag.py:3823} INFO - Setting next_dagrun for example_python_operator to None, run_after=None
[2026-06-16T01:29:38.952+0000] {processor.py:183} INFO - Processing /home/airflow/.local/lib/python3.8/site-packages/airflow/example_dags/example_python_operator.py took 0.250 seconds
[2026-06-16T01:30:10.035+0000] {processor.py:161} INFO - Started process (PID=2404) to work on /home/airflow/.local/lib/python3.8/site-packages/airflow/example_dags/example_python_operator.py
[2026-06-16T01:30:10.038+0000] {processor.py:830} INFO - Processing file /home/airflow/.local/lib/python3.8/site-packages/airflow/example_dags/example_python_operator.py for tasks to queue
[2026-06-16T01:30:10.048+0000] {logging_mixin.py:188} INFO - [2026-06-16T01:30:10.047+0000] {dagbag.py:538} INFO - Filling up the DagBag from /home/airflow/.local/lib/python3.8/site-packages/airflow/example_dags/example_python_operator.py
[2026-06-16T01:30:10.108+0000] {processor.py:840} INFO - DAG(s) 'example_python_operator' retrieved from /home/airflow/.local/lib/python3.8/site-packages/airflow/example_dags/example_python_operator.py
[2026-06-16T01:30:10.290+0000] {logging_mixin.py:188} INFO - [2026-06-16T01:30:10.289+0000] {dag.py:3036} INFO - Sync 1 DAGs
[2026-06-16T01:30:10.412+0000] {logging_mixin.py:188} INFO - [2026-06-16T01:30:10.411+0000] {dag.py:3823} INFO - Setting next_dagrun for example_python_operator to None, run_after=None
[2026-06-16T01:30:10.611+0000] {processor.py:183} INFO - Processing /home/airflow/.local/lib/python3.8/site-packages/airflow/example_dags/example_python_operator.py took 0.598 seconds
[2026-06-16T01:30:40.754+0000] {processor.py:161} INFO - Started process (PID=2461) to work on /home/airflow/.local/lib/python3.8/site-packages/airflow/example_dags/example_python_operator.py
[2026-06-16T01:30:40.756+0000] {processor.py:830} INFO - Processing file /home/airflow/.local/lib/python3.8/site-packages/airflow/example_dags/example_python_operator.py for tasks to queue
[2026-06-16T01:30:40.760+0000] {logging_mixin.py:188} INFO - [2026-06-16T01:30:40.759+0000] {dagbag.py:538} INFO - Filling up the DagBag from /home/airflow/.local/lib/python3.8/site-packages/airflow/example_dags/example_python_operator.py
[2026-06-16T01:30:40.790+0000] {processor.py:840} INFO - DAG(s) 'example_python_operator' retrieved from /home/airflow/.local/lib/python3.8/site-packages/airflow/example_dags/example_python_operator.py
[2026-06-16T01:30:40.867+0000] {logging_mixin.py:188} INFO - [2026-06-16T01:30:40.866+0000] {dag.py:3036} INFO - Sync 1 DAGs
[2026-06-16T01:30:40.907+0000] {logging_mixin.py:188} INFO - [2026-06-16T01:30:40.906+0000] {dag.py:3823} INFO - Setting next_dagrun for example_python_operator to None, run_after=None
[2026-06-16T01:30:40.961+0000] {processor.py:183} INFO - Processing /home/airflow/.local/lib/python3.8/site-packages/airflow/example_dags/example_python_operator.py took 0.217 seconds
[2026-06-16T01:31:11.126+0000] {processor.py:161} INFO - Started process (PID=2517) to work on /home/airflow/.local/lib/python3.8/site-packages/airflow/example_dags/example_python_operator.py
[2026-06-16T01:31:11.128+0000] {processor.py:830} INFO - Processing file /home/airflow/.local/lib/python3.8/site-packages/airflow/example_dags/example_python_operator.py for tasks to queue
[2026-06-16T01:31:11.133+0000] {logging_mixin.py:188} INFO - [2026-06-16T01:31:11.132+0000] {dagbag.py:538} INFO - Filling up the DagBag from /home/airflow/.local/lib/python3.8/site-packages/airflow/example_dags/example_python_operator.py
[2026-06-16T01:31:11.156+0000] {processor.py:840} INFO - DAG(s) 'example_python_operator' retrieved from /home/airflow/.local/lib/python3.8/site-packages/airflow/example_dags/example_python_operator.py
[2026-06-16T01:31:11.200+0000] {logging_mixin.py:188} INFO - [2026-06-16T01:31:11.199+0000] {dag.py:3036} INFO - Sync 1 DAGs
[2026-06-16T01:31:11.224+0000] {logging_mixin.py:188} INFO - [2026-06-16T01:31:11.223+0000] {dag.py:3823} INFO - Setting next_dagrun for example_python_operator to None, run_after=None
[2026-06-16T01:31:11.266+0000] {processor.py:183} INFO - Processing /home/airflow/.local/lib/python3.8/site-packages/airflow/example_dags/example_python_operator.py took 0.147 seconds
[2026-06-16T01:31:42.422+0000] {processor.py:161} INFO - Started process (PID=2573) to work on /home/airflow/.local/lib/python3.8/site-packages/airflow/example_dags/example_python_operator.py
[2026-06-16T01:31:42.424+0000] {processor.py:830} INFO - Processing file /home/airflow/.local/lib/python3.8/site-packages/airflow/example_dags/example_python_operator.py for tasks to queue
[2026-06-16T01:31:42.428+0000] {logging_mixin.py:188} INFO - [2026-06-16T01:31:42.427+0000] {dagbag.py:538} INFO - Filling up the DagBag from /home/airflow/.local/lib/python3.8/site-packages/airflow/example_dags/example_python_operator.py
[2026-06-16T01:31:42.450+0000] {processor.py:840} INFO - DAG(s) 'example_python_operator' retrieved from /home/airflow/.local/lib/python3.8/site-packages/airflow/example_dags/example_python_operator.py
[2026-06-16T01:31:42.499+0000] {logging_mixin.py:188} INFO - [2026-06-16T01:31:42.499+0000] {dag.py:3036} INFO - Sync 1 DAGs
[2026-06-16T01:31:42.524+0000] {logging_mixin.py:188} INFO - [2026-06-16T01:31:42.523+0000] {dag.py:3823} INFO - Setting next_dagrun for example_python_operator to None, run_after=None
[2026-06-16T01:31:42.559+0000] {processor.py:183} INFO - Processing /home/airflow/.local/lib/python3.8/site-packages/airflow/example_dags/example_python_operator.py took 0.143 seconds
[2026-06-16T01:32:13.395+0000] {processor.py:161} INFO - Started process (PID=2633) to work on /home/airflow/.local/lib/python3.8/site-packages/airflow/example_dags/example_python_operator.py
[2026-06-16T01:32:13.398+0000] {processor.py:830} INFO - Processing file /home/airflow/.local/lib/python3.8/site-packages/airflow/example_dags/example_python_operator.py for tasks to queue
[2026-06-16T01:32:13.402+0000] {logging_mixin.py:188} INFO - [2026-06-16T01:32:13.402+0000] {dagbag.py:538} INFO - Filling up the DagBag from /home/airflow/.local/lib/python3.8/site-packages/airflow/example_dags/example_python_operator.py
[2026-06-16T01:32:13.437+0000] {processor.py:840} INFO - DAG(s) 'example_python_operator' retrieved from /home/airflow/.local/lib/python3.8/site-packages/airflow/example_dags/example_python_operator.py
[2026-06-16T01:32:13.494+0000] {logging_mixin.py:188} INFO - [2026-06-16T01:32:13.494+0000] {dag.py:3036} INFO - Sync 1 DAGs
[2026-06-16T01:32:14.065+0000] {logging_mixin.py:188} INFO - [2026-06-16T01:32:14.064+0000] {dag.py:3823} INFO - Setting next_dagrun for example_python_operator to None, run_after=None
[2026-06-16T01:32:14.131+0000] {processor.py:183} INFO - Processing /home/airflow/.local/lib/python3.8/site-packages/airflow/example_dags/example_python_operator.py took 0.744 seconds
[2026-06-16T01:32:44.759+0000] {processor.py:161} INFO - Started process (PID=2689) to work on /home/airflow/.local/lib/python3.8/site-packages/airflow/example_dags/example_python_operator.py
[2026-06-16T01:32:44.762+0000] {processor.py:830} INFO - Processing file /home/airflow/.local/lib/python3.8/site-packages/airflow/example_dags/example_python_operator.py for tasks to queue
[2026-06-16T01:32:44.766+0000] {logging_mixin.py:188} INFO - [2026-06-16T01:32:44.766+0000] {dagbag.py:538} INFO - Filling up the DagBag from /home/airflow/.local/lib/python3.8/site-packages/airflow/example_dags/example_python_operator.py
[2026-06-16T01:32:44.791+0000] {processor.py:840} INFO - DAG(s) 'example_python_operator' retrieved from /home/airflow/.local/lib/python3.8/site-packages/airflow/example_dags/example_python_operator.py
[2026-06-16T01:32:44.849+0000] {logging_mixin.py:188} INFO - [2026-06-16T01:32:44.849+0000] {dag.py:3036} INFO - Sync 1 DAGs
[2026-06-16T01:32:44.883+0000] {logging_mixin.py:188} INFO - [2026-06-16T01:32:44.882+0000] {dag.py:3823} INFO - Setting next_dagrun for example_python_operator to None, run_after=None
[2026-06-16T01:32:44.940+0000] {processor.py:183} INFO - Processing /home/airflow/.local/lib/python3.8/site-packages/airflow/example_dags/example_python_operator.py took 0.188 seconds
[2026-06-16T01:33:15.129+0000] {processor.py:161} INFO - Started process (PID=2745) to work on /home/airflow/.local/lib/python3.8/site-packages/airflow/example_dags/example_python_operator.py
[2026-06-16T01:33:15.132+0000] {processor.py:830} INFO - Processing file /home/airflow/.local/lib/python3.8/site-packages/airflow/example_dags/example_python_operator.py for tasks to queue
[2026-06-16T01:33:15.138+0000] {logging_mixin.py:188} INFO - [2026-06-16T01:33:15.137+0000] {dagbag.py:538} INFO - Filling up the DagBag from /home/airflow/.local/lib/python3.8/site-packages/airflow/example_dags/example_python_operator.py
[2026-06-16T01:33:15.168+0000] {processor.py:840} INFO - DAG(s) 'example_python_operator' retrieved from /home/airflow/.local/lib/python3.8/site-packages/airflow/example_dags/example_python_operator.py
[2026-06-16T01:33:15.236+0000] {logging_mixin.py:188} INFO - [2026-06-16T01:33:15.236+0000] {dag.py:3036} INFO - Sync 1 DAGs
[2026-06-16T01:33:15.269+0000] {logging_mixin.py:188} INFO - [2026-06-16T01:33:15.269+0000] {dag.py:3823} INFO - Setting next_dagrun for example_python_operator to None, run_after=None
[2026-06-16T01:33:15.336+0000] {processor.py:183} INFO - Processing /home/airflow/.local/lib/python3.8/site-packages/airflow/example_dags/example_python_operator.py took 0.213 seconds
[2026-06-16T01:33:45.799+0000] {processor.py:161} INFO - Started process (PID=2801) to work on /home/airflow/.local/lib/python3.8/site-packages/airflow/example_dags/example_python_operator.py
[2026-06-16T01:33:45.802+0000] {processor.py:830} INFO - Processing file /home/airflow/.local/lib/python3.8/site-packages/airflow/example_dags/example_python_operator.py for tasks to queue
[2026-06-16T01:33:45.809+0000] {logging_mixin.py:188} INFO - [2026-06-16T01:33:45.808+0000] {dagbag.py:538} INFO - Filling up the DagBag from /home/airflow/.local/lib/python3.8/site-packages/airflow/example_dags/example_python_operator.py
[2026-06-16T01:33:45.846+0000] {processor.py:840} INFO - DAG(s) 'example_python_operator' retrieved from /home/airflow/.local/lib/python3.8/site-packages/airflow/example_dags/example_python_operator.py
[2026-06-16T01:33:45.943+0000] {logging_mixin.py:188} INFO - [2026-06-16T01:33:45.943+0000] {dag.py:3036} INFO - Sync 1 DAGs
[2026-06-16T01:33:45.992+0000] {logging_mixin.py:188} INFO - [2026-06-16T01:33:45.991+0000] {dag.py:3823} INFO - Setting next_dagrun for example_python_operator to None, run_after=None
[2026-06-16T01:33:46.053+0000] {processor.py:183} INFO - Processing /home/airflow/.local/lib/python3.8/site-packages/airflow/example_dags/example_python_operator.py took 0.264 seconds
[2026-06-16T01:34:16.609+0000] {processor.py:161} INFO - Started process (PID=2857) to work on /home/airflow/.local/lib/python3.8/site-packages/airflow/example_dags/example_python_operator.py
[2026-06-16T01:34:16.611+0000] {processor.py:830} INFO - Processing file /home/airflow/.local/lib/python3.8/site-packages/airflow/example_dags/example_python_operator.py for tasks to queue
[2026-06-16T01:34:16.617+0000] {logging_mixin.py:188} INFO - [2026-06-16T01:34:16.616+0000] {dagbag.py:538} INFO - Filling up the DagBag from /home/airflow/.local/lib/python3.8/site-packages/airflow/example_dags/example_python_operator.py
[2026-06-16T01:34:16.647+0000] {processor.py:840} INFO - DAG(s) 'example_python_operator' retrieved from /home/airflow/.local/lib/python3.8/site-packages/airflow/example_dags/example_python_operator.py
[2026-06-16T01:34:16.921+0000] {logging_mixin.py:188} INFO - [2026-06-16T01:34:16.920+0000] {dag.py:3036} INFO - Sync 1 DAGs
[2026-06-16T01:34:16.947+0000] {logging_mixin.py:188} INFO - [2026-06-16T01:34:16.946+0000] {dag.py:3823} INFO - Setting next_dagrun for example_python_operator to None, run_after=None
[2026-06-16T01:34:16.990+0000] {processor.py:183} INFO - Processing /home/airflow/.local/lib/python3.8/site-packages/airflow/example_dags/example_python_operator.py took 0.388 seconds
[2026-06-16T01:34:47.817+0000] {processor.py:161} INFO - Started process (PID=2912) to work on /home/airflow/.local/lib/python3.8/site-packages/airflow/example_dags/example_python_operator.py
[2026-06-16T01:34:47.819+0000] {processor.py:830} INFO - Processing file /home/airflow/.local/lib/python3.8/site-packages/airflow/example_dags/example_python_operator.py for tasks to queue
[2026-06-16T01:34:47.823+0000] {logging_mixin.py:188} INFO - [2026-06-16T01:34:47.822+0000] {dagbag.py:538} INFO - Filling up the DagBag from /home/airflow/.local/lib/python3.8/site-packages/airflow/example_dags/example_python_operator.py
[2026-06-16T01:34:47.851+0000] {processor.py:840} INFO - DAG(s) 'example_python_operator' retrieved from /home/airflow/.local/lib/python3.8/site-packages/airflow/example_dags/example_python_operator.py
[2026-06-16T01:34:47.906+0000] {logging_mixin.py:188} INFO - [2026-06-16T01:34:47.905+0000] {dag.py:3036} INFO - Sync 1 DAGs
[2026-06-16T01:34:48.131+0000] {logging_mixin.py:188} INFO - [2026-06-16T01:34:48.130+0000] {dag.py:3823} INFO - Setting next_dagrun for example_python_operator to None, run_after=None
[2026-06-16T01:34:48.177+0000] {processor.py:183} INFO - Processing /home/airflow/.local/lib/python3.8/site-packages/airflow/example_dags/example_python_operator.py took 0.369 seconds
[2026-06-16T01:35:18.236+0000] {processor.py:161} INFO - Started process (PID=2968) to work on /home/airflow/.local/lib/python3.8/site-packages/airflow/example_dags/example_python_operator.py
[2026-06-16T01:35:18.238+0000] {processor.py:830} INFO - Processing file /home/airflow/.local/lib/python3.8/site-packages/airflow/example_dags/example_python_operator.py for tasks to queue
[2026-06-16T01:35:18.242+0000] {logging_mixin.py:188} INFO - [2026-06-16T01:35:18.241+0000] {dagbag.py:538} INFO - Filling up the DagBag from /home/airflow/.local/lib/python3.8/site-packages/airflow/example_dags/example_python_operator.py
[2026-06-16T01:35:18.267+0000] {processor.py:840} INFO - DAG(s) 'example_python_operator' retrieved from /home/airflow/.local/lib/python3.8/site-packages/airflow/example_dags/example_python_operator.py
[2026-06-16T01:35:18.320+0000] {logging_mixin.py:188} INFO - [2026-06-16T01:35:18.319+0000] {dag.py:3036} INFO - Sync 1 DAGs
[2026-06-16T01:35:18.354+0000] {logging_mixin.py:188} INFO - [2026-06-16T01:35:18.354+0000] {dag.py:3823} INFO - Setting next_dagrun for example_python_operator to None, run_after=None
[2026-06-16T01:35:18.404+0000] {processor.py:183} INFO - Processing /home/airflow/.local/lib/python3.8/site-packages/airflow/example_dags/example_python_operator.py took 0.177 seconds
[2026-06-16T01:35:48.494+0000] {processor.py:161} INFO - Started process (PID=3024) to work on /home/airflow/.local/lib/python3.8/site-packages/airflow/example_dags/example_python_operator.py
[2026-06-16T01:35:48.496+0000] {processor.py:830} INFO - Processing file /home/airflow/.local/lib/python3.8/site-packages/airflow/example_dags/example_python_operator.py for tasks to queue
[2026-06-16T01:35:48.501+0000] {logging_mixin.py:188} INFO - [2026-06-16T01:35:48.500+0000] {dagbag.py:538} INFO - Filling up the DagBag from /home/airflow/.local/lib/python3.8/site-packages/airflow/example_dags/example_python_operator.py
[2026-06-16T01:35:48.526+0000] {processor.py:840} INFO - DAG(s) 'example_python_operator' retrieved from /home/airflow/.local/lib/python3.8/site-packages/airflow/example_dags/example_python_operator.py
[2026-06-16T01:35:48.587+0000] {logging_mixin.py:188} INFO - [2026-06-16T01:35:48.586+0000] {dag.py:3036} INFO - Sync 1 DAGs
[2026-06-16T01:35:48.621+0000] {logging_mixin.py:188} INFO - [2026-06-16T01:35:48.621+0000] {dag.py:3823} INFO - Setting next_dagrun for example_python_operator to None, run_after=None
[2026-06-16T01:35:48.673+0000] {processor.py:183} INFO - Processing /home/airflow/.local/lib/python3.8/site-packages/airflow/example_dags/example_python_operator.py took 0.189 seconds
[2026-06-16T01:36:19.010+0000] {processor.py:161} INFO - Started process (PID=3080) to work on /home/airflow/.local/lib/python3.8/site-packages/airflow/example_dags/example_python_operator.py
[2026-06-16T01:36:19.012+0000] {processor.py:830} INFO - Processing file /home/airflow/.local/lib/python3.8/site-packages/airflow/example_dags/example_python_operator.py for tasks to queue
[2026-06-16T01:36:19.018+0000] {logging_mixin.py:188} INFO - [2026-06-16T01:36:19.017+0000] {dagbag.py:538} INFO - Filling up the DagBag from /home/airflow/.local/lib/python3.8/site-packages/airflow/example_dags/example_python_operator.py
[2026-06-16T01:36:19.064+0000] {processor.py:840} INFO - DAG(s) 'example_python_operator' retrieved from /home/airflow/.local/lib/python3.8/site-packages/airflow/example_dags/example_python_operator.py
[2026-06-16T01:36:19.388+0000] {logging_mixin.py:188} INFO - [2026-06-16T01:36:19.387+0000] {dag.py:3036} INFO - Sync 1 DAGs
[2026-06-16T01:36:19.571+0000] {logging_mixin.py:188} INFO - [2026-06-16T01:36:19.568+0000] {dag.py:3823} INFO - Setting next_dagrun for example_python_operator to None, run_after=None
[2026-06-16T01:36:19.762+0000] {processor.py:183} INFO - Processing /home/airflow/.local/lib/python3.8/site-packages/airflow/example_dags/example_python_operator.py took 0.765 seconds
[2026-06-16T01:36:50.081+0000] {processor.py:161} INFO - Started process (PID=3136) to work on /home/airflow/.local/lib/python3.8/site-packages/airflow/example_dags/example_python_operator.py
[2026-06-16T01:36:50.085+0000] {processor.py:830} INFO - Processing file /home/airflow/.local/lib/python3.8/site-packages/airflow/example_dags/example_python_operator.py for tasks to queue
[2026-06-16T01:36:50.094+0000] {logging_mixin.py:188} INFO - [2026-06-16T01:36:50.093+0000] {dagbag.py:538} INFO - Filling up the DagBag from /home/airflow/.local/lib/python3.8/site-packages/airflow/example_dags/example_python_operator.py
[2026-06-16T01:36:50.203+0000] {processor.py:840} INFO - DAG(s) 'example_python_operator' retrieved from /home/airflow/.local/lib/python3.8/site-packages/airflow/example_dags/example_python_operator.py
[2026-06-16T01:36:50.326+0000] {logging_mixin.py:188} INFO - [2026-06-16T01:36:50.324+0000] {dag.py:3036} INFO - Sync 1 DAGs
[2026-06-16T01:36:50.372+0000] {logging_mixin.py:188} INFO - [2026-06-16T01:36:50.371+0000] {dag.py:3823} INFO - Setting next_dagrun for example_python_operator to None, run_after=None
[2026-06-16T01:36:50.483+0000] {processor.py:183} INFO - Processing /home/airflow/.local/lib/python3.8/site-packages/airflow/example_dags/example_python_operator.py took 0.410 seconds
[2026-06-16T01:37:20.818+0000] {processor.py:161} INFO - Started process (PID=3192) to work on /home/airflow/.local/lib/python3.8/site-packages/airflow/example_dags/example_python_operator.py
[2026-06-16T01:37:20.824+0000] {processor.py:830} INFO - Processing file /home/airflow/.local/lib/python3.8/site-packages/airflow/example_dags/example_python_operator.py for tasks to queue
[2026-06-16T01:37:20.833+0000] {logging_mixin.py:188} INFO - [2026-06-16T01:37:20.832+0000] {dagbag.py:538} INFO - Filling up the DagBag from /home/airflow/.local/lib/python3.8/site-packages/airflow/example_dags/example_python_operator.py
[2026-06-16T01:37:20.955+0000] {processor.py:840} INFO - DAG(s) 'example_python_operator' retrieved from /home/airflow/.local/lib/python3.8/site-packages/airflow/example_dags/example_python_operator.py
[2026-06-16T01:37:21.199+0000] {logging_mixin.py:188} INFO - [2026-06-16T01:37:21.199+0000] {dag.py:3036} INFO - Sync 1 DAGs
[2026-06-16T01:37:21.604+0000] {logging_mixin.py:188} INFO - [2026-06-16T01:37:21.603+0000] {dag.py:3823} INFO - Setting next_dagrun for example_python_operator to None, run_after=None
[2026-06-16T01:37:21.721+0000] {processor.py:183} INFO - Processing /home/airflow/.local/lib/python3.8/site-packages/airflow/example_dags/example_python_operator.py took 0.915 seconds
[2026-06-16T01:37:52.724+0000] {processor.py:161} INFO - Started process (PID=3247) to work on /home/airflow/.local/lib/python3.8/site-packages/airflow/example_dags/example_python_operator.py
[2026-06-16T01:37:52.727+0000] {processor.py:830} INFO - Processing file /home/airflow/.local/lib/python3.8/site-packages/airflow/example_dags/example_python_operator.py for tasks to queue
[2026-06-16T01:37:52.732+0000] {logging_mixin.py:188} INFO - [2026-06-16T01:37:52.732+0000] {dagbag.py:538} INFO - Filling up the DagBag from /home/airflow/.local/lib/python3.8/site-packages/airflow/example_dags/example_python_operator.py
[2026-06-16T01:37:52.769+0000] {processor.py:840} INFO - DAG(s) 'example_python_operator' retrieved from /home/airflow/.local/lib/python3.8/site-packages/airflow/example_dags/example_python_operator.py
[2026-06-16T01:37:52.864+0000] {logging_mixin.py:188} INFO - [2026-06-16T01:37:52.861+0000] {dag.py:3036} INFO - Sync 1 DAGs
[2026-06-16T01:37:52.919+0000] {logging_mixin.py:188} INFO - [2026-06-16T01:37:52.918+0000] {dag.py:3823} INFO - Setting next_dagrun for example_python_operator to None, run_after=None
[2026-06-16T01:37:53.020+0000] {processor.py:183} INFO - Processing /home/airflow/.local/lib/python3.8/site-packages/airflow/example_dags/example_python_operator.py took 0.306 seconds
[2026-06-16T01:38:23.817+0000] {processor.py:161} INFO - Started process (PID=3303) to work on /home/airflow/.local/lib/python3.8/site-packages/airflow/example_dags/example_python_operator.py
[2026-06-16T01:38:23.820+0000] {processor.py:830} INFO - Processing file /home/airflow/.local/lib/python3.8/site-packages/airflow/example_dags/example_python_operator.py for tasks to queue
[2026-06-16T01:38:23.824+0000] {logging_mixin.py:188} INFO - [2026-06-16T01:38:23.824+0000] {dagbag.py:538} INFO - Filling up the DagBag from /home/airflow/.local/lib/python3.8/site-packages/airflow/example_dags/example_python_operator.py
[2026-06-16T01:38:23.857+0000] {processor.py:840} INFO - DAG(s) 'example_python_operator' retrieved from /home/airflow/.local/lib/python3.8/site-packages/airflow/example_dags/example_python_operator.py
[2026-06-16T01:38:23.924+0000] {logging_mixin.py:188} INFO - [2026-06-16T01:38:23.924+0000] {dag.py:3036} INFO - Sync 1 DAGs
[2026-06-16T01:38:23.964+0000] {logging_mixin.py:188} INFO - [2026-06-16T01:38:23.963+0000] {dag.py:3823} INFO - Setting next_dagrun for example_python_operator to None, run_after=None
[2026-06-16T01:38:24.332+0000] {processor.py:183} INFO - Processing /home/airflow/.local/lib/python3.8/site-packages/airflow/example_dags/example_python_operator.py took 0.522 seconds
[2026-06-16T01:38:54.519+0000] {processor.py:161} INFO - Started process (PID=3364) to work on /home/airflow/.local/lib/python3.8/site-packages/airflow/example_dags/example_python_operator.py
[2026-06-16T01:38:54.522+0000] {processor.py:830} INFO - Processing file /home/airflow/.local/lib/python3.8/site-packages/airflow/example_dags/example_python_operator.py for tasks to queue
[2026-06-16T01:38:54.529+0000] {logging_mixin.py:188} INFO - [2026-06-16T01:38:54.528+0000] {dagbag.py:538} INFO - Filling up the DagBag from /home/airflow/.local/lib/python3.8/site-packages/airflow/example_dags/example_python_operator.py
[2026-06-16T01:38:54.563+0000] {processor.py:840} INFO - DAG(s) 'example_python_operator' retrieved from /home/airflow/.local/lib/python3.8/site-packages/airflow/example_dags/example_python_operator.py
[2026-06-16T01:38:54.644+0000] {logging_mixin.py:188} INFO - [2026-06-16T01:38:54.643+0000] {dag.py:3036} INFO - Sync 1 DAGs
[2026-06-16T01:38:54.682+0000] {logging_mixin.py:188} INFO - [2026-06-16T01:38:54.681+0000] {dag.py:3823} INFO - Setting next_dagrun for example_python_operator to None, run_after=None
[2026-06-16T01:38:54.767+0000] {processor.py:183} INFO - Processing /home/airflow/.local/lib/python3.8/site-packages/airflow/example_dags/example_python_operator.py took 0.258 seconds
[2026-06-16T01:39:25.554+0000] {processor.py:161} INFO - Started process (PID=3421) to work on /home/airflow/.local/lib/python3.8/site-packages/airflow/example_dags/example_python_operator.py
[2026-06-16T01:39:25.556+0000] {processor.py:830} INFO - Processing file /home/airflow/.local/lib/python3.8/site-packages/airflow/example_dags/example_python_operator.py for tasks to queue
[2026-06-16T01:39:25.564+0000] {logging_mixin.py:188} INFO - [2026-06-16T01:39:25.562+0000] {dagbag.py:538} INFO - Filling up the DagBag from /home/airflow/.local/lib/python3.8/site-packages/airflow/example_dags/example_python_operator.py
[2026-06-16T01:39:25.596+0000] {processor.py:840} INFO - DAG(s) 'example_python_operator' retrieved from /home/airflow/.local/lib/python3.8/site-packages/airflow/example_dags/example_python_operator.py
[2026-06-16T01:39:25.664+0000] {logging_mixin.py:188} INFO - [2026-06-16T01:39:25.664+0000] {dag.py:3036} INFO - Sync 1 DAGs
[2026-06-16T01:39:25.701+0000] {logging_mixin.py:188} INFO - [2026-06-16T01:39:25.700+0000] {dag.py:3823} INFO - Setting next_dagrun for example_python_operator to None, run_after=None
[2026-06-16T01:39:25.755+0000] {processor.py:183} INFO - Processing /home/airflow/.local/lib/python3.8/site-packages/airflow/example_dags/example_python_operator.py took 0.208 seconds
[2026-06-16T01:39:55.841+0000] {processor.py:161} INFO - Started process (PID=3477) to work on /home/airflow/.local/lib/python3.8/site-packages/airflow/example_dags/example_python_operator.py
[2026-06-16T01:39:55.844+0000] {processor.py:830} INFO - Processing file /home/airflow/.local/lib/python3.8/site-packages/airflow/example_dags/example_python_operator.py for tasks to queue
[2026-06-16T01:39:55.852+0000] {logging_mixin.py:188} INFO - [2026-06-16T01:39:55.851+0000] {dagbag.py:538} INFO - Filling up the DagBag from /home/airflow/.local/lib/python3.8/site-packages/airflow/example_dags/example_python_operator.py
[2026-06-16T01:39:55.892+0000] {processor.py:840} INFO - DAG(s) 'example_python_operator' retrieved from /home/airflow/.local/lib/python3.8/site-packages/airflow/example_dags/example_python_operator.py
[2026-06-16T01:39:55.976+0000] {logging_mixin.py:188} INFO - [2026-06-16T01:39:55.975+0000] {dag.py:3036} INFO - Sync 1 DAGs
[2026-06-16T01:39:56.025+0000] {logging_mixin.py:188} INFO - [2026-06-16T01:39:56.025+0000] {dag.py:3823} INFO - Setting next_dagrun for example_python_operator to None, run_after=None
[2026-06-16T01:39:56.089+0000] {processor.py:183} INFO - Processing /home/airflow/.local/lib/python3.8/site-packages/airflow/example_dags/example_python_operator.py took 0.258 seconds
[2026-06-16T01:40:26.264+0000] {processor.py:161} INFO - Started process (PID=3534) to work on /home/airflow/.local/lib/python3.8/site-packages/airflow/example_dags/example_python_operator.py
[2026-06-16T01:40:26.266+0000] {processor.py:830} INFO - Processing file /home/airflow/.local/lib/python3.8/site-packages/airflow/example_dags/example_python_operator.py for tasks to queue
[2026-06-16T01:40:26.270+0000] {logging_mixin.py:188} INFO - [2026-06-16T01:40:26.269+0000] {dagbag.py:538} INFO - Filling up the DagBag from /home/airflow/.local/lib/python3.8/site-packages/airflow/example_dags/example_python_operator.py
[2026-06-16T01:40:26.298+0000] {processor.py:840} INFO - DAG(s) 'example_python_operator' retrieved from /home/airflow/.local/lib/python3.8/site-packages/airflow/example_dags/example_python_operator.py
[2026-06-16T01:40:26.346+0000] {logging_mixin.py:188} INFO - [2026-06-16T01:40:26.345+0000] {dag.py:3036} INFO - Sync 1 DAGs
[2026-06-16T01:40:26.375+0000] {logging_mixin.py:188} INFO - [2026-06-16T01:40:26.375+0000] {dag.py:3823} INFO - Setting next_dagrun for example_python_operator to None, run_after=None
[2026-06-16T01:40:26.427+0000] {processor.py:183} INFO - Processing /home/airflow/.local/lib/python3.8/site-packages/airflow/example_dags/example_python_operator.py took 0.171 seconds
[2026-06-16T01:40:56.565+0000] {processor.py:161} INFO - Started process (PID=3590) to work on /home/airflow/.local/lib/python3.8/site-packages/airflow/example_dags/example_python_operator.py
[2026-06-16T01:40:56.568+0000] {processor.py:830} INFO - Processing file /home/airflow/.local/lib/python3.8/site-packages/airflow/example_dags/example_python_operator.py for tasks to queue
[2026-06-16T01:40:56.577+0000] {logging_mixin.py:188} INFO - [2026-06-16T01:40:56.576+0000] {dagbag.py:538} INFO - Filling up the DagBag from /home/airflow/.local/lib/python3.8/site-packages/airflow/example_dags/example_python_operator.py
[2026-06-16T01:40:56.617+0000] {processor.py:840} INFO - DAG(s) 'example_python_operator' retrieved from /home/airflow/.local/lib/python3.8/site-packages/airflow/example_dags/example_python_operator.py
[2026-06-16T01:40:56.692+0000] {logging_mixin.py:188} INFO - [2026-06-16T01:40:56.691+0000] {dag.py:3036} INFO - Sync 1 DAGs
[2026-06-16T01:40:56.730+0000] {logging_mixin.py:188} INFO - [2026-06-16T01:40:56.729+0000] {dag.py:3823} INFO - Setting next_dagrun for example_python_operator to None, run_after=None
[2026-06-16T01:40:56.792+0000] {processor.py:183} INFO - Processing /home/airflow/.local/lib/python3.8/site-packages/airflow/example_dags/example_python_operator.py took 0.237 seconds
[2026-06-16T01:41:27.285+0000] {processor.py:161} INFO - Started process (PID=3646) to work on /home/airflow/.local/lib/python3.8/site-packages/airflow/example_dags/example_python_operator.py
[2026-06-16T01:41:27.287+0000] {processor.py:830} INFO - Processing file /home/airflow/.local/lib/python3.8/site-packages/airflow/example_dags/example_python_operator.py for tasks to queue
[2026-06-16T01:41:27.294+0000] {logging_mixin.py:188} INFO - [2026-06-16T01:41:27.291+0000] {dagbag.py:538} INFO - Filling up the DagBag from /home/airflow/.local/lib/python3.8/site-packages/airflow/example_dags/example_python_operator.py
[2026-06-16T01:41:27.320+0000] {processor.py:840} INFO - DAG(s) 'example_python_operator' retrieved from /home/airflow/.local/lib/python3.8/site-packages/airflow/example_dags/example_python_operator.py
[2026-06-16T01:41:27.382+0000] {logging_mixin.py:188} INFO - [2026-06-16T01:41:27.382+0000] {dag.py:3036} INFO - Sync 1 DAGs
[2026-06-16T01:41:27.409+0000] {logging_mixin.py:188} INFO - [2026-06-16T01:41:27.408+0000] {dag.py:3823} INFO - Setting next_dagrun for example_python_operator to None, run_after=None
[2026-06-16T01:41:27.459+0000] {processor.py:183} INFO - Processing /home/airflow/.local/lib/python3.8/site-packages/airflow/example_dags/example_python_operator.py took 0.181 seconds
[2026-06-16T01:41:57.874+0000] {processor.py:161} INFO - Started process (PID=3703) to work on /home/airflow/.local/lib/python3.8/site-packages/airflow/example_dags/example_python_operator.py
[2026-06-16T01:41:57.882+0000] {processor.py:830} INFO - Processing file /home/airflow/.local/lib/python3.8/site-packages/airflow/example_dags/example_python_operator.py for tasks to queue
[2026-06-16T01:41:57.887+0000] {logging_mixin.py:188} INFO - [2026-06-16T01:41:57.887+0000] {dagbag.py:538} INFO - Filling up the DagBag from /home/airflow/.local/lib/python3.8/site-packages/airflow/example_dags/example_python_operator.py
[2026-06-16T01:41:57.941+0000] {processor.py:840} INFO - DAG(s) 'example_python_operator' retrieved from /home/airflow/.local/lib/python3.8/site-packages/airflow/example_dags/example_python_operator.py
[2026-06-16T01:41:58.037+0000] {logging_mixin.py:188} INFO - [2026-06-16T01:41:58.037+0000] {dag.py:3036} INFO - Sync 1 DAGs
[2026-06-16T01:41:58.073+0000] {logging_mixin.py:188} INFO - [2026-06-16T01:41:58.072+0000] {dag.py:3823} INFO - Setting next_dagrun for example_python_operator to None, run_after=None
[2026-06-16T01:41:58.182+0000] {processor.py:183} INFO - Processing /home/airflow/.local/lib/python3.8/site-packages/airflow/example_dags/example_python_operator.py took 0.325 seconds
[2026-06-16T01:42:28.791+0000] {processor.py:161} INFO - Started process (PID=3759) to work on /home/airflow/.local/lib/python3.8/site-packages/airflow/example_dags/example_python_operator.py
[2026-06-16T01:42:28.793+0000] {processor.py:830} INFO - Processing file /home/airflow/.local/lib/python3.8/site-packages/airflow/example_dags/example_python_operator.py for tasks to queue
[2026-06-16T01:42:28.798+0000] {logging_mixin.py:188} INFO - [2026-06-16T01:42:28.797+0000] {dagbag.py:538} INFO - Filling up the DagBag from /home/airflow/.local/lib/python3.8/site-packages/airflow/example_dags/example_python_operator.py
[2026-06-16T01:42:28.826+0000] {processor.py:840} INFO - DAG(s) 'example_python_operator' retrieved from /home/airflow/.local/lib/python3.8/site-packages/airflow/example_dags/example_python_operator.py
[2026-06-16T01:42:28.892+0000] {logging_mixin.py:188} INFO - [2026-06-16T01:42:28.892+0000] {dag.py:3036} INFO - Sync 1 DAGs
[2026-06-16T01:42:28.937+0000] {logging_mixin.py:188} INFO - [2026-06-16T01:42:28.936+0000] {dag.py:3823} INFO - Setting next_dagrun for example_python_operator to None, run_after=None
[2026-06-16T01:42:29.001+0000] {processor.py:183} INFO - Processing /home/airflow/.local/lib/python3.8/site-packages/airflow/example_dags/example_python_operator.py took 0.216 seconds
[2026-06-16T01:42:59.774+0000] {processor.py:161} INFO - Started process (PID=3815) to work on /home/airflow/.local/lib/python3.8/site-packages/airflow/example_dags/example_python_operator.py
[2026-06-16T01:42:59.779+0000] {processor.py:830} INFO - Processing file /home/airflow/.local/lib/python3.8/site-packages/airflow/example_dags/example_python_operator.py for tasks to queue
[2026-06-16T01:42:59.787+0000] {logging_mixin.py:188} INFO - [2026-06-16T01:42:59.787+0000] {dagbag.py:538} INFO - Filling up the DagBag from /home/airflow/.local/lib/python3.8/site-packages/airflow/example_dags/example_python_operator.py
[2026-06-16T01:42:59.927+0000] {processor.py:840} INFO - DAG(s) 'example_python_operator' retrieved from /home/airflow/.local/lib/python3.8/site-packages/airflow/example_dags/example_python_operator.py
[2026-06-16T01:43:00.084+0000] {logging_mixin.py:188} INFO - [2026-06-16T01:43:00.084+0000] {dag.py:3036} INFO - Sync 1 DAGs
[2026-06-16T01:43:00.148+0000] {logging_mixin.py:188} INFO - [2026-06-16T01:43:00.147+0000] {dag.py:3823} INFO - Setting next_dagrun for example_python_operator to None, run_after=None
[2026-06-16T01:43:00.223+0000] {processor.py:183} INFO - Processing /home/airflow/.local/lib/python3.8/site-packages/airflow/example_dags/example_python_operator.py took 0.462 seconds
[2026-06-16T01:43:30.469+0000] {processor.py:161} INFO - Started process (PID=3871) to work on /home/airflow/.local/lib/python3.8/site-packages/airflow/example_dags/example_python_operator.py
[2026-06-16T01:43:30.471+0000] {processor.py:830} INFO - Processing file /home/airflow/.local/lib/python3.8/site-packages/airflow/example_dags/example_python_operator.py for tasks to queue
[2026-06-16T01:43:30.476+0000] {logging_mixin.py:188} INFO - [2026-06-16T01:43:30.475+0000] {dagbag.py:538} INFO - Filling up the DagBag from /home/airflow/.local/lib/python3.8/site-packages/airflow/example_dags/example_python_operator.py
[2026-06-16T01:43:30.509+0000] {processor.py:840} INFO - DAG(s) 'example_python_operator' retrieved from /home/airflow/.local/lib/python3.8/site-packages/airflow/example_dags/example_python_operator.py
[2026-06-16T01:43:30.592+0000] {logging_mixin.py:188} INFO - [2026-06-16T01:43:30.592+0000] {dag.py:3036} INFO - Sync 1 DAGs
[2026-06-16T01:43:30.637+0000] {logging_mixin.py:188} INFO - [2026-06-16T01:43:30.636+0000] {dag.py:3823} INFO - Setting next_dagrun for example_python_operator to None, run_after=None
[2026-06-16T01:43:30.693+0000] {processor.py:183} INFO - Processing /home/airflow/.local/lib/python3.8/site-packages/airflow/example_dags/example_python_operator.py took 0.233 seconds
[2026-06-16T01:44:00.932+0000] {processor.py:161} INFO - Started process (PID=3927) to work on /home/airflow/.local/lib/python3.8/site-packages/airflow/example_dags/example_python_operator.py
[2026-06-16T01:44:00.935+0000] {processor.py:830} INFO - Processing file /home/airflow/.local/lib/python3.8/site-packages/airflow/example_dags/example_python_operator.py for tasks to queue
[2026-06-16T01:44:00.943+0000] {logging_mixin.py:188} INFO - [2026-06-16T01:44:00.942+0000] {dagbag.py:538} INFO - Filling up the DagBag from /home/airflow/.local/lib/python3.8/site-packages/airflow/example_dags/example_python_operator.py
[2026-06-16T01:44:00.972+0000] {processor.py:840} INFO - DAG(s) 'example_python_operator' retrieved from /home/airflow/.local/lib/python3.8/site-packages/airflow/example_dags/example_python_operator.py
[2026-06-16T01:44:01.030+0000] {logging_mixin.py:188} INFO - [2026-06-16T01:44:01.029+0000] {dag.py:3036} INFO - Sync 1 DAGs
[2026-06-16T01:44:01.074+0000] {logging_mixin.py:188} INFO - [2026-06-16T01:44:01.073+0000] {dag.py:3823} INFO - Setting next_dagrun for example_python_operator to None, run_after=None
[2026-06-16T01:44:01.131+0000] {processor.py:183} INFO - Processing /home/airflow/.local/lib/python3.8/site-packages/airflow/example_dags/example_python_operator.py took 0.207 seconds
[2026-06-16T01:44:31.434+0000] {processor.py:161} INFO - Started process (PID=3983) to work on /home/airflow/.local/lib/python3.8/site-packages/airflow/example_dags/example_python_operator.py
[2026-06-16T01:44:31.437+0000] {processor.py:830} INFO - Processing file /home/airflow/.local/lib/python3.8/site-packages/airflow/example_dags/example_python_operator.py for tasks to queue
[2026-06-16T01:44:31.443+0000] {logging_mixin.py:188} INFO - [2026-06-16T01:44:31.442+0000] {dagbag.py:538} INFO - Filling up the DagBag from /home/airflow/.local/lib/python3.8/site-packages/airflow/example_dags/example_python_operator.py
[2026-06-16T01:44:31.475+0000] {processor.py:840} INFO - DAG(s) 'example_python_operator' retrieved from /home/airflow/.local/lib/python3.8/site-packages/airflow/example_dags/example_python_operator.py
[2026-06-16T01:44:31.543+0000] {logging_mixin.py:188} INFO - [2026-06-16T01:44:31.543+0000] {dag.py:3036} INFO - Sync 1 DAGs
[2026-06-16T01:44:31.570+0000] {logging_mixin.py:188} INFO - [2026-06-16T01:44:31.570+0000] {dag.py:3823} INFO - Setting next_dagrun for example_python_operator to None, run_after=None
[2026-06-16T01:44:31.621+0000] {processor.py:183} INFO - Processing /home/airflow/.local/lib/python3.8/site-packages/airflow/example_dags/example_python_operator.py took 0.197 seconds
[2026-06-16T01:45:01.957+0000] {processor.py:161} INFO - Started process (PID=4039) to work on /home/airflow/.local/lib/python3.8/site-packages/airflow/example_dags/example_python_operator.py
[2026-06-16T01:45:01.959+0000] {processor.py:830} INFO - Processing file /home/airflow/.local/lib/python3.8/site-packages/airflow/example_dags/example_python_operator.py for tasks to queue
[2026-06-16T01:45:01.963+0000] {logging_mixin.py:188} INFO - [2026-06-16T01:45:01.962+0000] {dagbag.py:538} INFO - Filling up the DagBag from /home/airflow/.local/lib/python3.8/site-packages/airflow/example_dags/example_python_operator.py
[2026-06-16T01:45:01.995+0000] {processor.py:840} INFO - DAG(s) 'example_python_operator' retrieved from /home/airflow/.local/lib/python3.8/site-packages/airflow/example_dags/example_python_operator.py
[2026-06-16T01:45:02.052+0000] {logging_mixin.py:188} INFO - [2026-06-16T01:45:02.052+0000] {dag.py:3036} INFO - Sync 1 DAGs
[2026-06-16T01:45:02.096+0000] {logging_mixin.py:188} INFO - [2026-06-16T01:45:02.095+0000] {dag.py:3823} INFO - Setting next_dagrun for example_python_operator to None, run_after=None
[2026-06-16T01:45:02.154+0000] {processor.py:183} INFO - Processing /home/airflow/.local/lib/python3.8/site-packages/airflow/example_dags/example_python_operator.py took 0.203 seconds
[2026-06-16T01:45:32.483+0000] {processor.py:161} INFO - Started process (PID=4095) to work on /home/airflow/.local/lib/python3.8/site-packages/airflow/example_dags/example_python_operator.py
[2026-06-16T01:45:32.486+0000] {processor.py:830} INFO - Processing file /home/airflow/.local/lib/python3.8/site-packages/airflow/example_dags/example_python_operator.py for tasks to queue
[2026-06-16T01:45:32.493+0000] {logging_mixin.py:188} INFO - [2026-06-16T01:45:32.492+0000] {dagbag.py:538} INFO - Filling up the DagBag from /home/airflow/.local/lib/python3.8/site-packages/airflow/example_dags/example_python_operator.py
[2026-06-16T01:45:32.521+0000] {processor.py:840} INFO - DAG(s) 'example_python_operator' retrieved from /home/airflow/.local/lib/python3.8/site-packages/airflow/example_dags/example_python_operator.py
[2026-06-16T01:45:32.574+0000] {logging_mixin.py:188} INFO - [2026-06-16T01:45:32.574+0000] {dag.py:3036} INFO - Sync 1 DAGs
[2026-06-16T01:45:32.602+0000] {logging_mixin.py:188} INFO - [2026-06-16T01:45:32.601+0000] {dag.py:3823} INFO - Setting next_dagrun for example_python_operator to None, run_after=None
[2026-06-16T01:45:32.652+0000] {processor.py:183} INFO - Processing /home/airflow/.local/lib/python3.8/site-packages/airflow/example_dags/example_python_operator.py took 0.176 seconds
[2026-06-16T01:46:03.338+0000] {processor.py:161} INFO - Started process (PID=4151) to work on /home/airflow/.local/lib/python3.8/site-packages/airflow/example_dags/example_python_operator.py
[2026-06-16T01:46:03.341+0000] {processor.py:830} INFO - Processing file /home/airflow/.local/lib/python3.8/site-packages/airflow/example_dags/example_python_operator.py for tasks to queue
[2026-06-16T01:46:03.349+0000] {logging_mixin.py:188} INFO - [2026-06-16T01:46:03.348+0000] {dagbag.py:538} INFO - Filling up the DagBag from /home/airflow/.local/lib/python3.8/site-packages/airflow/example_dags/example_python_operator.py
[2026-06-16T01:46:03.397+0000] {processor.py:840} INFO - DAG(s) 'example_python_operator' retrieved from /home/airflow/.local/lib/python3.8/site-packages/airflow/example_dags/example_python_operator.py
[2026-06-16T01:46:03.522+0000] {logging_mixin.py:188} INFO - [2026-06-16T01:46:03.520+0000] {dag.py:3036} INFO - Sync 1 DAGs
[2026-06-16T01:46:03.581+0000] {logging_mixin.py:188} INFO - [2026-06-16T01:46:03.580+0000] {dag.py:3823} INFO - Setting next_dagrun for example_python_operator to None, run_after=None
[2026-06-16T01:46:03.655+0000] {processor.py:183} INFO - Processing /home/airflow/.local/lib/python3.8/site-packages/airflow/example_dags/example_python_operator.py took 0.330 seconds
[2026-06-16T01:46:33.846+0000] {processor.py:161} INFO - Started process (PID=4206) to work on /home/airflow/.local/lib/python3.8/site-packages/airflow/example_dags/example_python_operator.py
[2026-06-16T01:46:33.849+0000] {processor.py:830} INFO - Processing file /home/airflow/.local/lib/python3.8/site-packages/airflow/example_dags/example_python_operator.py for tasks to queue
[2026-06-16T01:46:33.854+0000] {logging_mixin.py:188} INFO - [2026-06-16T01:46:33.853+0000] {dagbag.py:538} INFO - Filling up the DagBag from /home/airflow/.local/lib/python3.8/site-packages/airflow/example_dags/example_python_operator.py
[2026-06-16T01:46:33.889+0000] {processor.py:840} INFO - DAG(s) 'example_python_operator' retrieved from /home/airflow/.local/lib/python3.8/site-packages/airflow/example_dags/example_python_operator.py
[2026-06-16T01:46:33.946+0000] {logging_mixin.py:188} INFO - [2026-06-16T01:46:33.946+0000] {dag.py:3036} INFO - Sync 1 DAGs
[2026-06-16T01:46:33.982+0000] {logging_mixin.py:188} INFO - [2026-06-16T01:46:33.981+0000] {dag.py:3823} INFO - Setting next_dagrun for example_python_operator to None, run_after=None
[2026-06-16T01:46:34.033+0000] {processor.py:183} INFO - Processing /home/airflow/.local/lib/python3.8/site-packages/airflow/example_dags/example_python_operator.py took 0.196 seconds
