[2026-06-16T01:08:06.781+0000] {processor.py:161} INFO - Started process (PID=87) to work on /home/airflow/.local/lib/python3.8/site-packages/airflow/example_dags/example_complex.py
[2026-06-16T01:08:06.784+0000] {processor.py:830} INFO - Processing file /home/airflow/.local/lib/python3.8/site-packages/airflow/example_dags/example_complex.py for tasks to queue
[2026-06-16T01:08:06.795+0000] {logging_mixin.py:188} INFO - [2026-06-16T01:08:06.794+0000] {dagbag.py:538} INFO - Filling up the DagBag from /home/airflow/.local/lib/python3.8/site-packages/airflow/example_dags/example_complex.py
[2026-06-16T01:08:06.873+0000] {processor.py:840} INFO - DAG(s) 'example_complex' retrieved from /home/airflow/.local/lib/python3.8/site-packages/airflow/example_dags/example_complex.py
[2026-06-16T01:08:07.529+0000] {logging_mixin.py:188} INFO - [2026-06-16T01:08:07.528+0000] {dag.py:3036} INFO - Sync 1 DAGs
[2026-06-16T01:08:07.570+0000] {logging_mixin.py:188} INFO - [2026-06-16T01:08:07.569+0000] {dag.py:3823} INFO - Setting next_dagrun for example_complex to None, run_after=None
[2026-06-16T01:08:07.673+0000] {processor.py:183} INFO - Processing /home/airflow/.local/lib/python3.8/site-packages/airflow/example_dags/example_complex.py took 0.918 seconds
[2026-06-16T01:08:51.773+0000] {processor.py:161} INFO - Started process (PID=143) to work on /home/airflow/.local/lib/python3.8/site-packages/airflow/example_dags/example_complex.py
[2026-06-16T01:08:51.782+0000] {processor.py:830} INFO - Processing file /home/airflow/.local/lib/python3.8/site-packages/airflow/example_dags/example_complex.py for tasks to queue
[2026-06-16T01:08:51.790+0000] {logging_mixin.py:188} INFO - [2026-06-16T01:08:51.789+0000] {dagbag.py:538} INFO - Filling up the DagBag from /home/airflow/.local/lib/python3.8/site-packages/airflow/example_dags/example_complex.py
[2026-06-16T01:08:51.916+0000] {processor.py:840} INFO - DAG(s) 'example_complex' retrieved from /home/airflow/.local/lib/python3.8/site-packages/airflow/example_dags/example_complex.py
[2026-06-16T01:08:52.230+0000] {logging_mixin.py:188} INFO - [2026-06-16T01:08:52.229+0000] {dag.py:3036} INFO - Sync 1 DAGs
[2026-06-16T01:08:52.287+0000] {logging_mixin.py:188} INFO - [2026-06-16T01:08:52.287+0000] {dag.py:3823} INFO - Setting next_dagrun for example_complex to None, run_after=None
[2026-06-16T01:08:52.616+0000] {processor.py:183} INFO - Processing /home/airflow/.local/lib/python3.8/site-packages/airflow/example_dags/example_complex.py took 0.874 seconds
[2026-06-16T01:09:22.839+0000] {processor.py:161} INFO - Started process (PID=197) to work on /home/airflow/.local/lib/python3.8/site-packages/airflow/example_dags/example_complex.py
[2026-06-16T01:09:22.844+0000] {processor.py:830} INFO - Processing file /home/airflow/.local/lib/python3.8/site-packages/airflow/example_dags/example_complex.py for tasks to queue
[2026-06-16T01:09:22.854+0000] {logging_mixin.py:188} INFO - [2026-06-16T01:09:22.853+0000] {dagbag.py:538} INFO - Filling up the DagBag from /home/airflow/.local/lib/python3.8/site-packages/airflow/example_dags/example_complex.py
[2026-06-16T01:09:23.212+0000] {processor.py:840} INFO - DAG(s) 'example_complex' retrieved from /home/airflow/.local/lib/python3.8/site-packages/airflow/example_dags/example_complex.py
[2026-06-16T01:09:23.916+0000] {logging_mixin.py:188} INFO - [2026-06-16T01:09:23.904+0000] {dag.py:3036} INFO - Sync 1 DAGs
[2026-06-16T01:09:24.035+0000] {logging_mixin.py:188} INFO - [2026-06-16T01:09:24.034+0000] {dag.py:3823} INFO - Setting next_dagrun for example_complex to None, run_after=None
[2026-06-16T01:09:24.304+0000] {processor.py:183} INFO - Processing /home/airflow/.local/lib/python3.8/site-packages/airflow/example_dags/example_complex.py took 1.478 seconds
[2026-06-16T01:09:54.740+0000] {processor.py:161} INFO - Started process (PID=253) to work on /home/airflow/.local/lib/python3.8/site-packages/airflow/example_dags/example_complex.py
[2026-06-16T01:09:54.748+0000] {processor.py:830} INFO - Processing file /home/airflow/.local/lib/python3.8/site-packages/airflow/example_dags/example_complex.py for tasks to queue
[2026-06-16T01:09:54.756+0000] {logging_mixin.py:188} INFO - [2026-06-16T01:09:54.755+0000] {dagbag.py:538} INFO - Filling up the DagBag from /home/airflow/.local/lib/python3.8/site-packages/airflow/example_dags/example_complex.py
[2026-06-16T01:09:54.838+0000] {processor.py:840} INFO - DAG(s) 'example_complex' retrieved from /home/airflow/.local/lib/python3.8/site-packages/airflow/example_dags/example_complex.py
[2026-06-16T01:09:55.046+0000] {logging_mixin.py:188} INFO - [2026-06-16T01:09:55.046+0000] {dag.py:3036} INFO - Sync 1 DAGs
[2026-06-16T01:09:55.091+0000] {logging_mixin.py:188} INFO - [2026-06-16T01:09:55.090+0000] {dag.py:3823} INFO - Setting next_dagrun for example_complex to None, run_after=None
[2026-06-16T01:09:55.196+0000] {processor.py:183} INFO - Processing /home/airflow/.local/lib/python3.8/site-packages/airflow/example_dags/example_complex.py took 0.467 seconds
[2026-06-16T01:10:26.073+0000] {processor.py:161} INFO - Started process (PID=309) to work on /home/airflow/.local/lib/python3.8/site-packages/airflow/example_dags/example_complex.py
[2026-06-16T01:10:26.079+0000] {processor.py:830} INFO - Processing file /home/airflow/.local/lib/python3.8/site-packages/airflow/example_dags/example_complex.py for tasks to queue
[2026-06-16T01:10:26.086+0000] {logging_mixin.py:188} INFO - [2026-06-16T01:10:26.085+0000] {dagbag.py:538} INFO - Filling up the DagBag from /home/airflow/.local/lib/python3.8/site-packages/airflow/example_dags/example_complex.py
[2026-06-16T01:10:26.180+0000] {processor.py:840} INFO - DAG(s) 'example_complex' retrieved from /home/airflow/.local/lib/python3.8/site-packages/airflow/example_dags/example_complex.py
[2026-06-16T01:10:26.398+0000] {logging_mixin.py:188} INFO - [2026-06-16T01:10:26.397+0000] {dag.py:3036} INFO - Sync 1 DAGs
[2026-06-16T01:10:26.514+0000] {logging_mixin.py:188} INFO - [2026-06-16T01:10:26.513+0000] {dag.py:3823} INFO - Setting next_dagrun for example_complex to None, run_after=None
[2026-06-16T01:10:26.647+0000] {processor.py:183} INFO - Processing /home/airflow/.local/lib/python3.8/site-packages/airflow/example_dags/example_complex.py took 0.601 seconds
[2026-06-16T01:10:57.328+0000] {processor.py:161} INFO - Started process (PID=366) to work on /home/airflow/.local/lib/python3.8/site-packages/airflow/example_dags/example_complex.py
[2026-06-16T01:10:57.333+0000] {processor.py:830} INFO - Processing file /home/airflow/.local/lib/python3.8/site-packages/airflow/example_dags/example_complex.py for tasks to queue
[2026-06-16T01:10:57.339+0000] {logging_mixin.py:188} INFO - [2026-06-16T01:10:57.338+0000] {dagbag.py:538} INFO - Filling up the DagBag from /home/airflow/.local/lib/python3.8/site-packages/airflow/example_dags/example_complex.py
[2026-06-16T01:10:57.386+0000] {processor.py:840} INFO - DAG(s) 'example_complex' retrieved from /home/airflow/.local/lib/python3.8/site-packages/airflow/example_dags/example_complex.py
[2026-06-16T01:10:57.565+0000] {logging_mixin.py:188} INFO - [2026-06-16T01:10:57.564+0000] {dag.py:3036} INFO - Sync 1 DAGs
[2026-06-16T01:10:57.603+0000] {logging_mixin.py:188} INFO - [2026-06-16T01:10:57.603+0000] {dag.py:3823} INFO - Setting next_dagrun for example_complex to None, run_after=None
[2026-06-16T01:10:57.720+0000] {processor.py:183} INFO - Processing /home/airflow/.local/lib/python3.8/site-packages/airflow/example_dags/example_complex.py took 0.381 seconds
[2026-06-16T01:11:28.096+0000] {processor.py:161} INFO - Started process (PID=422) to work on /home/airflow/.local/lib/python3.8/site-packages/airflow/example_dags/example_complex.py
[2026-06-16T01:11:28.099+0000] {processor.py:830} INFO - Processing file /home/airflow/.local/lib/python3.8/site-packages/airflow/example_dags/example_complex.py for tasks to queue
[2026-06-16T01:11:28.105+0000] {logging_mixin.py:188} INFO - [2026-06-16T01:11:28.104+0000] {dagbag.py:538} INFO - Filling up the DagBag from /home/airflow/.local/lib/python3.8/site-packages/airflow/example_dags/example_complex.py
[2026-06-16T01:11:28.149+0000] {processor.py:840} INFO - DAG(s) 'example_complex' retrieved from /home/airflow/.local/lib/python3.8/site-packages/airflow/example_dags/example_complex.py
[2026-06-16T01:11:28.452+0000] {logging_mixin.py:188} INFO - [2026-06-16T01:11:28.448+0000] {dag.py:3036} INFO - Sync 1 DAGs
[2026-06-16T01:11:28.570+0000] {logging_mixin.py:188} INFO - [2026-06-16T01:11:28.569+0000] {dag.py:3823} INFO - Setting next_dagrun for example_complex to None, run_after=None
[2026-06-16T01:11:28.780+0000] {processor.py:183} INFO - Processing /home/airflow/.local/lib/python3.8/site-packages/airflow/example_dags/example_complex.py took 0.693 seconds
[2026-06-16T01:11:59.092+0000] {processor.py:161} INFO - Started process (PID=478) to work on /home/airflow/.local/lib/python3.8/site-packages/airflow/example_dags/example_complex.py
[2026-06-16T01:11:59.096+0000] {processor.py:830} INFO - Processing file /home/airflow/.local/lib/python3.8/site-packages/airflow/example_dags/example_complex.py for tasks to queue
[2026-06-16T01:11:59.105+0000] {logging_mixin.py:188} INFO - [2026-06-16T01:11:59.104+0000] {dagbag.py:538} INFO - Filling up the DagBag from /home/airflow/.local/lib/python3.8/site-packages/airflow/example_dags/example_complex.py
[2026-06-16T01:11:59.166+0000] {processor.py:840} INFO - DAG(s) 'example_complex' retrieved from /home/airflow/.local/lib/python3.8/site-packages/airflow/example_dags/example_complex.py
[2026-06-16T01:11:59.336+0000] {logging_mixin.py:188} INFO - [2026-06-16T01:11:59.335+0000] {dag.py:3036} INFO - Sync 1 DAGs
[2026-06-16T01:11:59.418+0000] {logging_mixin.py:188} INFO - [2026-06-16T01:11:59.417+0000] {dag.py:3823} INFO - Setting next_dagrun for example_complex to None, run_after=None
[2026-06-16T01:11:59.512+0000] {processor.py:183} INFO - Processing /home/airflow/.local/lib/python3.8/site-packages/airflow/example_dags/example_complex.py took 0.438 seconds
[2026-06-16T01:12:30.258+0000] {processor.py:161} INFO - Started process (PID=534) to work on /home/airflow/.local/lib/python3.8/site-packages/airflow/example_dags/example_complex.py
[2026-06-16T01:12:30.265+0000] {processor.py:830} INFO - Processing file /home/airflow/.local/lib/python3.8/site-packages/airflow/example_dags/example_complex.py for tasks to queue
[2026-06-16T01:12:30.273+0000] {logging_mixin.py:188} INFO - [2026-06-16T01:12:30.272+0000] {dagbag.py:538} INFO - Filling up the DagBag from /home/airflow/.local/lib/python3.8/site-packages/airflow/example_dags/example_complex.py
[2026-06-16T01:12:30.348+0000] {processor.py:840} INFO - DAG(s) 'example_complex' retrieved from /home/airflow/.local/lib/python3.8/site-packages/airflow/example_dags/example_complex.py
[2026-06-16T01:12:30.501+0000] {logging_mixin.py:188} INFO - [2026-06-16T01:12:30.498+0000] {dag.py:3036} INFO - Sync 1 DAGs
[2026-06-16T01:12:30.579+0000] {logging_mixin.py:188} INFO - [2026-06-16T01:12:30.574+0000] {dag.py:3823} INFO - Setting next_dagrun for example_complex to None, run_after=None
[2026-06-16T01:12:30.656+0000] {processor.py:183} INFO - Processing /home/airflow/.local/lib/python3.8/site-packages/airflow/example_dags/example_complex.py took 0.407 seconds
[2026-06-16T01:13:01.828+0000] {processor.py:161} INFO - Started process (PID=585) to work on /home/airflow/.local/lib/python3.8/site-packages/airflow/example_dags/example_complex.py
[2026-06-16T01:13:01.832+0000] {processor.py:830} INFO - Processing file /home/airflow/.local/lib/python3.8/site-packages/airflow/example_dags/example_complex.py for tasks to queue
[2026-06-16T01:13:01.842+0000] {logging_mixin.py:188} INFO - [2026-06-16T01:13:01.841+0000] {dagbag.py:538} INFO - Filling up the DagBag from /home/airflow/.local/lib/python3.8/site-packages/airflow/example_dags/example_complex.py
[2026-06-16T01:13:01.938+0000] {processor.py:840} INFO - DAG(s) 'example_complex' retrieved from /home/airflow/.local/lib/python3.8/site-packages/airflow/example_dags/example_complex.py
[2026-06-16T01:13:02.212+0000] {logging_mixin.py:188} INFO - [2026-06-16T01:13:02.211+0000] {dag.py:3036} INFO - Sync 1 DAGs
[2026-06-16T01:13:02.525+0000] {logging_mixin.py:188} INFO - [2026-06-16T01:13:02.524+0000] {dag.py:3823} INFO - Setting next_dagrun for example_complex to None, run_after=None
[2026-06-16T01:13:02.800+0000] {processor.py:183} INFO - Processing /home/airflow/.local/lib/python3.8/site-packages/airflow/example_dags/example_complex.py took 0.988 seconds
[2026-06-16T01:13:33.550+0000] {processor.py:161} INFO - Started process (PID=641) to work on /home/airflow/.local/lib/python3.8/site-packages/airflow/example_dags/example_complex.py
[2026-06-16T01:13:33.557+0000] {processor.py:830} INFO - Processing file /home/airflow/.local/lib/python3.8/site-packages/airflow/example_dags/example_complex.py for tasks to queue
[2026-06-16T01:13:33.563+0000] {logging_mixin.py:188} INFO - [2026-06-16T01:13:33.562+0000] {dagbag.py:538} INFO - Filling up the DagBag from /home/airflow/.local/lib/python3.8/site-packages/airflow/example_dags/example_complex.py
[2026-06-16T01:13:33.697+0000] {processor.py:840} INFO - DAG(s) 'example_complex' retrieved from /home/airflow/.local/lib/python3.8/site-packages/airflow/example_dags/example_complex.py
[2026-06-16T01:13:34.130+0000] {logging_mixin.py:188} INFO - [2026-06-16T01:13:34.124+0000] {dag.py:3036} INFO - Sync 1 DAGs
[2026-06-16T01:13:34.330+0000] {logging_mixin.py:188} INFO - [2026-06-16T01:13:34.324+0000] {dag.py:3823} INFO - Setting next_dagrun for example_complex to None, run_after=None
[2026-06-16T01:13:34.484+0000] {processor.py:183} INFO - Processing /home/airflow/.local/lib/python3.8/site-packages/airflow/example_dags/example_complex.py took 0.948 seconds
[2026-06-16T01:14:04.564+0000] {processor.py:161} INFO - Started process (PID=698) to work on /home/airflow/.local/lib/python3.8/site-packages/airflow/example_dags/example_complex.py
[2026-06-16T01:14:04.569+0000] {processor.py:830} INFO - Processing file /home/airflow/.local/lib/python3.8/site-packages/airflow/example_dags/example_complex.py for tasks to queue
[2026-06-16T01:14:04.581+0000] {logging_mixin.py:188} INFO - [2026-06-16T01:14:04.580+0000] {dagbag.py:538} INFO - Filling up the DagBag from /home/airflow/.local/lib/python3.8/site-packages/airflow/example_dags/example_complex.py
[2026-06-16T01:14:04.648+0000] {processor.py:840} INFO - DAG(s) 'example_complex' retrieved from /home/airflow/.local/lib/python3.8/site-packages/airflow/example_dags/example_complex.py
[2026-06-16T01:14:04.838+0000] {logging_mixin.py:188} INFO - [2026-06-16T01:14:04.837+0000] {dag.py:3036} INFO - Sync 1 DAGs
[2026-06-16T01:14:04.906+0000] {logging_mixin.py:188} INFO - [2026-06-16T01:14:04.905+0000] {dag.py:3823} INFO - Setting next_dagrun for example_complex to None, run_after=None
[2026-06-16T01:14:04.988+0000] {processor.py:183} INFO - Processing /home/airflow/.local/lib/python3.8/site-packages/airflow/example_dags/example_complex.py took 0.438 seconds
[2026-06-16T01:14:36.688+0000] {processor.py:161} INFO - Started process (PID=753) to work on /home/airflow/.local/lib/python3.8/site-packages/airflow/example_dags/example_complex.py
[2026-06-16T01:14:36.691+0000] {processor.py:830} INFO - Processing file /home/airflow/.local/lib/python3.8/site-packages/airflow/example_dags/example_complex.py for tasks to queue
[2026-06-16T01:14:36.706+0000] {logging_mixin.py:188} INFO - [2026-06-16T01:14:36.705+0000] {dagbag.py:538} INFO - Filling up the DagBag from /home/airflow/.local/lib/python3.8/site-packages/airflow/example_dags/example_complex.py
[2026-06-16T01:14:36.832+0000] {processor.py:840} INFO - DAG(s) 'example_complex' retrieved from /home/airflow/.local/lib/python3.8/site-packages/airflow/example_dags/example_complex.py
[2026-06-16T01:14:37.050+0000] {logging_mixin.py:188} INFO - [2026-06-16T01:14:37.048+0000] {dag.py:3036} INFO - Sync 1 DAGs
[2026-06-16T01:14:37.122+0000] {logging_mixin.py:188} INFO - [2026-06-16T01:14:37.121+0000] {dag.py:3823} INFO - Setting next_dagrun for example_complex to None, run_after=None
[2026-06-16T01:14:37.241+0000] {processor.py:183} INFO - Processing /home/airflow/.local/lib/python3.8/site-packages/airflow/example_dags/example_complex.py took 0.567 seconds
[2026-06-16T01:15:07.912+0000] {processor.py:161} INFO - Started process (PID=809) to work on /home/airflow/.local/lib/python3.8/site-packages/airflow/example_dags/example_complex.py
[2026-06-16T01:15:07.916+0000] {processor.py:830} INFO - Processing file /home/airflow/.local/lib/python3.8/site-packages/airflow/example_dags/example_complex.py for tasks to queue
[2026-06-16T01:15:07.953+0000] {logging_mixin.py:188} INFO - [2026-06-16T01:15:07.947+0000] {dagbag.py:538} INFO - Filling up the DagBag from /home/airflow/.local/lib/python3.8/site-packages/airflow/example_dags/example_complex.py
[2026-06-16T01:15:08.068+0000] {processor.py:840} INFO - DAG(s) 'example_complex' retrieved from /home/airflow/.local/lib/python3.8/site-packages/airflow/example_dags/example_complex.py
[2026-06-16T01:15:08.199+0000] {logging_mixin.py:188} INFO - [2026-06-16T01:15:08.199+0000] {dag.py:3036} INFO - Sync 1 DAGs
[2026-06-16T01:15:08.241+0000] {logging_mixin.py:188} INFO - [2026-06-16T01:15:08.240+0000] {dag.py:3823} INFO - Setting next_dagrun for example_complex to None, run_after=None
[2026-06-16T01:15:08.365+0000] {processor.py:183} INFO - Processing /home/airflow/.local/lib/python3.8/site-packages/airflow/example_dags/example_complex.py took 0.463 seconds
[2026-06-16T01:15:41.777+0000] {processor.py:161} INFO - Started process (PID=868) to work on /home/airflow/.local/lib/python3.8/site-packages/airflow/example_dags/example_complex.py
[2026-06-16T01:15:41.782+0000] {processor.py:830} INFO - Processing file /home/airflow/.local/lib/python3.8/site-packages/airflow/example_dags/example_complex.py for tasks to queue
[2026-06-16T01:15:41.793+0000] {logging_mixin.py:188} INFO - [2026-06-16T01:15:41.792+0000] {dagbag.py:538} INFO - Filling up the DagBag from /home/airflow/.local/lib/python3.8/site-packages/airflow/example_dags/example_complex.py
[2026-06-16T01:15:41.896+0000] {processor.py:840} INFO - DAG(s) 'example_complex' retrieved from /home/airflow/.local/lib/python3.8/site-packages/airflow/example_dags/example_complex.py
[2026-06-16T01:15:42.293+0000] {logging_mixin.py:188} INFO - [2026-06-16T01:15:42.293+0000] {dag.py:3036} INFO - Sync 1 DAGs
[2026-06-16T01:15:42.549+0000] {logging_mixin.py:188} INFO - [2026-06-16T01:15:42.427+0000] {dag.py:3823} INFO - Setting next_dagrun for example_complex to None, run_after=None
[2026-06-16T01:15:42.831+0000] {processor.py:183} INFO - Processing /home/airflow/.local/lib/python3.8/site-packages/airflow/example_dags/example_complex.py took 1.071 seconds
[2026-06-16T01:16:13.473+0000] {processor.py:161} INFO - Started process (PID=922) to work on /home/airflow/.local/lib/python3.8/site-packages/airflow/example_dags/example_complex.py
[2026-06-16T01:16:13.483+0000] {processor.py:830} INFO - Processing file /home/airflow/.local/lib/python3.8/site-packages/airflow/example_dags/example_complex.py for tasks to queue
[2026-06-16T01:16:13.498+0000] {logging_mixin.py:188} INFO - [2026-06-16T01:16:13.496+0000] {dagbag.py:538} INFO - Filling up the DagBag from /home/airflow/.local/lib/python3.8/site-packages/airflow/example_dags/example_complex.py
[2026-06-16T01:16:13.576+0000] {processor.py:840} INFO - DAG(s) 'example_complex' retrieved from /home/airflow/.local/lib/python3.8/site-packages/airflow/example_dags/example_complex.py
[2026-06-16T01:16:13.766+0000] {logging_mixin.py:188} INFO - [2026-06-16T01:16:13.765+0000] {dag.py:3036} INFO - Sync 1 DAGs
[2026-06-16T01:16:13.876+0000] {logging_mixin.py:188} INFO - [2026-06-16T01:16:13.875+0000] {dag.py:3823} INFO - Setting next_dagrun for example_complex to None, run_after=None
[2026-06-16T01:16:13.971+0000] {processor.py:183} INFO - Processing /home/airflow/.local/lib/python3.8/site-packages/airflow/example_dags/example_complex.py took 0.519 seconds
[2026-06-16T01:16:46.198+0000] {processor.py:161} INFO - Started process (PID=975) to work on /home/airflow/.local/lib/python3.8/site-packages/airflow/example_dags/example_complex.py
[2026-06-16T01:16:46.202+0000] {processor.py:830} INFO - Processing file /home/airflow/.local/lib/python3.8/site-packages/airflow/example_dags/example_complex.py for tasks to queue
[2026-06-16T01:16:46.214+0000] {logging_mixin.py:188} INFO - [2026-06-16T01:16:46.214+0000] {dagbag.py:538} INFO - Filling up the DagBag from /home/airflow/.local/lib/python3.8/site-packages/airflow/example_dags/example_complex.py
[2026-06-16T01:16:46.428+0000] {processor.py:840} INFO - DAG(s) 'example_complex' retrieved from /home/airflow/.local/lib/python3.8/site-packages/airflow/example_dags/example_complex.py
[2026-06-16T01:16:46.735+0000] {logging_mixin.py:188} INFO - [2026-06-16T01:16:46.735+0000] {dag.py:3036} INFO - Sync 1 DAGs
[2026-06-16T01:16:46.860+0000] {logging_mixin.py:188} INFO - [2026-06-16T01:16:46.858+0000] {dag.py:3823} INFO - Setting next_dagrun for example_complex to None, run_after=None
[2026-06-16T01:16:46.989+0000] {processor.py:183} INFO - Processing /home/airflow/.local/lib/python3.8/site-packages/airflow/example_dags/example_complex.py took 0.807 seconds
[2026-06-16T01:17:20.086+0000] {processor.py:161} INFO - Started process (PID=1030) to work on /home/airflow/.local/lib/python3.8/site-packages/airflow/example_dags/example_complex.py
[2026-06-16T01:17:20.093+0000] {processor.py:830} INFO - Processing file /home/airflow/.local/lib/python3.8/site-packages/airflow/example_dags/example_complex.py for tasks to queue
[2026-06-16T01:17:20.101+0000] {logging_mixin.py:188} INFO - [2026-06-16T01:17:20.100+0000] {dagbag.py:538} INFO - Filling up the DagBag from /home/airflow/.local/lib/python3.8/site-packages/airflow/example_dags/example_complex.py
[2026-06-16T01:17:20.162+0000] {processor.py:840} INFO - DAG(s) 'example_complex' retrieved from /home/airflow/.local/lib/python3.8/site-packages/airflow/example_dags/example_complex.py
[2026-06-16T01:17:20.375+0000] {logging_mixin.py:188} INFO - [2026-06-16T01:17:20.374+0000] {dag.py:3036} INFO - Sync 1 DAGs
[2026-06-16T01:17:20.420+0000] {logging_mixin.py:188} INFO - [2026-06-16T01:17:20.419+0000] {dag.py:3823} INFO - Setting next_dagrun for example_complex to None, run_after=None
[2026-06-16T01:17:20.480+0000] {processor.py:183} INFO - Processing /home/airflow/.local/lib/python3.8/site-packages/airflow/example_dags/example_complex.py took 0.407 seconds
[2026-06-16T01:17:51.111+0000] {processor.py:161} INFO - Started process (PID=1086) to work on /home/airflow/.local/lib/python3.8/site-packages/airflow/example_dags/example_complex.py
[2026-06-16T01:17:51.116+0000] {processor.py:830} INFO - Processing file /home/airflow/.local/lib/python3.8/site-packages/airflow/example_dags/example_complex.py for tasks to queue
[2026-06-16T01:17:51.196+0000] {logging_mixin.py:188} INFO - [2026-06-16T01:17:51.195+0000] {dagbag.py:538} INFO - Filling up the DagBag from /home/airflow/.local/lib/python3.8/site-packages/airflow/example_dags/example_complex.py
[2026-06-16T01:17:51.563+0000] {processor.py:840} INFO - DAG(s) 'example_complex' retrieved from /home/airflow/.local/lib/python3.8/site-packages/airflow/example_dags/example_complex.py
[2026-06-16T01:17:52.164+0000] {logging_mixin.py:188} INFO - [2026-06-16T01:17:52.164+0000] {dag.py:3036} INFO - Sync 1 DAGs
[2026-06-16T01:17:52.473+0000] {logging_mixin.py:188} INFO - [2026-06-16T01:17:52.471+0000] {dag.py:3823} INFO - Setting next_dagrun for example_complex to None, run_after=None
[2026-06-16T01:17:52.697+0000] {processor.py:183} INFO - Processing /home/airflow/.local/lib/python3.8/site-packages/airflow/example_dags/example_complex.py took 1.596 seconds
[2026-06-16T01:18:23.310+0000] {processor.py:161} INFO - Started process (PID=1142) to work on /home/airflow/.local/lib/python3.8/site-packages/airflow/example_dags/example_complex.py
[2026-06-16T01:18:23.313+0000] {processor.py:830} INFO - Processing file /home/airflow/.local/lib/python3.8/site-packages/airflow/example_dags/example_complex.py for tasks to queue
[2026-06-16T01:18:23.319+0000] {logging_mixin.py:188} INFO - [2026-06-16T01:18:23.318+0000] {dagbag.py:538} INFO - Filling up the DagBag from /home/airflow/.local/lib/python3.8/site-packages/airflow/example_dags/example_complex.py
[2026-06-16T01:18:23.377+0000] {processor.py:840} INFO - DAG(s) 'example_complex' retrieved from /home/airflow/.local/lib/python3.8/site-packages/airflow/example_dags/example_complex.py
[2026-06-16T01:18:23.568+0000] {logging_mixin.py:188} INFO - [2026-06-16T01:18:23.565+0000] {dag.py:3036} INFO - Sync 1 DAGs
[2026-06-16T01:18:23.646+0000] {logging_mixin.py:188} INFO - [2026-06-16T01:18:23.645+0000] {dag.py:3823} INFO - Setting next_dagrun for example_complex to None, run_after=None
[2026-06-16T01:18:23.810+0000] {processor.py:183} INFO - Processing /home/airflow/.local/lib/python3.8/site-packages/airflow/example_dags/example_complex.py took 0.514 seconds
[2026-06-16T01:18:54.394+0000] {processor.py:161} INFO - Started process (PID=1199) to work on /home/airflow/.local/lib/python3.8/site-packages/airflow/example_dags/example_complex.py
[2026-06-16T01:18:54.399+0000] {processor.py:830} INFO - Processing file /home/airflow/.local/lib/python3.8/site-packages/airflow/example_dags/example_complex.py for tasks to queue
[2026-06-16T01:18:54.537+0000] {logging_mixin.py:188} INFO - [2026-06-16T01:18:54.529+0000] {dagbag.py:538} INFO - Filling up the DagBag from /home/airflow/.local/lib/python3.8/site-packages/airflow/example_dags/example_complex.py
[2026-06-16T01:18:54.672+0000] {processor.py:840} INFO - DAG(s) 'example_complex' retrieved from /home/airflow/.local/lib/python3.8/site-packages/airflow/example_dags/example_complex.py
[2026-06-16T01:18:55.156+0000] {logging_mixin.py:188} INFO - [2026-06-16T01:18:55.155+0000] {dag.py:3036} INFO - Sync 1 DAGs
[2026-06-16T01:18:55.215+0000] {logging_mixin.py:188} INFO - [2026-06-16T01:18:55.214+0000] {dag.py:3823} INFO - Setting next_dagrun for example_complex to None, run_after=None
[2026-06-16T01:18:55.359+0000] {processor.py:183} INFO - Processing /home/airflow/.local/lib/python3.8/site-packages/airflow/example_dags/example_complex.py took 0.982 seconds
[2026-06-16T01:19:26.272+0000] {processor.py:161} INFO - Started process (PID=1255) to work on /home/airflow/.local/lib/python3.8/site-packages/airflow/example_dags/example_complex.py
[2026-06-16T01:19:26.275+0000] {processor.py:830} INFO - Processing file /home/airflow/.local/lib/python3.8/site-packages/airflow/example_dags/example_complex.py for tasks to queue
[2026-06-16T01:19:26.283+0000] {logging_mixin.py:188} INFO - [2026-06-16T01:19:26.282+0000] {dagbag.py:538} INFO - Filling up the DagBag from /home/airflow/.local/lib/python3.8/site-packages/airflow/example_dags/example_complex.py
[2026-06-16T01:19:26.346+0000] {processor.py:840} INFO - DAG(s) 'example_complex' retrieved from /home/airflow/.local/lib/python3.8/site-packages/airflow/example_dags/example_complex.py
[2026-06-16T01:19:26.589+0000] {logging_mixin.py:188} INFO - [2026-06-16T01:19:26.588+0000] {dag.py:3036} INFO - Sync 1 DAGs
[2026-06-16T01:19:26.648+0000] {logging_mixin.py:188} INFO - [2026-06-16T01:19:26.643+0000] {dag.py:3823} INFO - Setting next_dagrun for example_complex to None, run_after=None
[2026-06-16T01:19:26.773+0000] {processor.py:183} INFO - Processing /home/airflow/.local/lib/python3.8/site-packages/airflow/example_dags/example_complex.py took 0.515 seconds
[2026-06-16T01:19:56.865+0000] {processor.py:161} INFO - Started process (PID=1311) to work on /home/airflow/.local/lib/python3.8/site-packages/airflow/example_dags/example_complex.py
[2026-06-16T01:19:56.868+0000] {processor.py:830} INFO - Processing file /home/airflow/.local/lib/python3.8/site-packages/airflow/example_dags/example_complex.py for tasks to queue
[2026-06-16T01:19:56.876+0000] {logging_mixin.py:188} INFO - [2026-06-16T01:19:56.876+0000] {dagbag.py:538} INFO - Filling up the DagBag from /home/airflow/.local/lib/python3.8/site-packages/airflow/example_dags/example_complex.py
[2026-06-16T01:19:56.946+0000] {processor.py:840} INFO - DAG(s) 'example_complex' retrieved from /home/airflow/.local/lib/python3.8/site-packages/airflow/example_dags/example_complex.py
[2026-06-16T01:19:57.116+0000] {logging_mixin.py:188} INFO - [2026-06-16T01:19:57.116+0000] {dag.py:3036} INFO - Sync 1 DAGs
[2026-06-16T01:19:57.178+0000] {logging_mixin.py:188} INFO - [2026-06-16T01:19:57.177+0000] {dag.py:3823} INFO - Setting next_dagrun for example_complex to None, run_after=None
[2026-06-16T01:19:57.336+0000] {processor.py:183} INFO - Processing /home/airflow/.local/lib/python3.8/site-packages/airflow/example_dags/example_complex.py took 0.502 seconds
[2026-06-16T01:20:27.616+0000] {processor.py:161} INFO - Started process (PID=1367) to work on /home/airflow/.local/lib/python3.8/site-packages/airflow/example_dags/example_complex.py
[2026-06-16T01:20:27.622+0000] {processor.py:830} INFO - Processing file /home/airflow/.local/lib/python3.8/site-packages/airflow/example_dags/example_complex.py for tasks to queue
[2026-06-16T01:20:27.630+0000] {logging_mixin.py:188} INFO - [2026-06-16T01:20:27.630+0000] {dagbag.py:538} INFO - Filling up the DagBag from /home/airflow/.local/lib/python3.8/site-packages/airflow/example_dags/example_complex.py
[2026-06-16T01:20:27.726+0000] {processor.py:840} INFO - DAG(s) 'example_complex' retrieved from /home/airflow/.local/lib/python3.8/site-packages/airflow/example_dags/example_complex.py
[2026-06-16T01:20:27.895+0000] {logging_mixin.py:188} INFO - [2026-06-16T01:20:27.889+0000] {dag.py:3036} INFO - Sync 1 DAGs
[2026-06-16T01:20:27.963+0000] {logging_mixin.py:188} INFO - [2026-06-16T01:20:27.962+0000] {dag.py:3823} INFO - Setting next_dagrun for example_complex to None, run_after=None
[2026-06-16T01:20:28.089+0000] {processor.py:183} INFO - Processing /home/airflow/.local/lib/python3.8/site-packages/airflow/example_dags/example_complex.py took 0.490 seconds
[2026-06-16T01:20:59.653+0000] {processor.py:161} INFO - Started process (PID=1423) to work on /home/airflow/.local/lib/python3.8/site-packages/airflow/example_dags/example_complex.py
[2026-06-16T01:20:59.655+0000] {processor.py:830} INFO - Processing file /home/airflow/.local/lib/python3.8/site-packages/airflow/example_dags/example_complex.py for tasks to queue
[2026-06-16T01:20:59.660+0000] {logging_mixin.py:188} INFO - [2026-06-16T01:20:59.660+0000] {dagbag.py:538} INFO - Filling up the DagBag from /home/airflow/.local/lib/python3.8/site-packages/airflow/example_dags/example_complex.py
[2026-06-16T01:20:59.812+0000] {processor.py:840} INFO - DAG(s) 'example_complex' retrieved from /home/airflow/.local/lib/python3.8/site-packages/airflow/example_dags/example_complex.py
[2026-06-16T01:20:59.948+0000] {logging_mixin.py:188} INFO - [2026-06-16T01:20:59.947+0000] {dag.py:3036} INFO - Sync 1 DAGs
[2026-06-16T01:21:00.156+0000] {logging_mixin.py:188} INFO - [2026-06-16T01:21:00.150+0000] {dag.py:3823} INFO - Setting next_dagrun for example_complex to None, run_after=None
[2026-06-16T01:21:00.348+0000] {processor.py:183} INFO - Processing /home/airflow/.local/lib/python3.8/site-packages/airflow/example_dags/example_complex.py took 0.705 seconds
[2026-06-16T01:21:31.172+0000] {processor.py:161} INFO - Started process (PID=1479) to work on /home/airflow/.local/lib/python3.8/site-packages/airflow/example_dags/example_complex.py
[2026-06-16T01:21:31.176+0000] {processor.py:830} INFO - Processing file /home/airflow/.local/lib/python3.8/site-packages/airflow/example_dags/example_complex.py for tasks to queue
[2026-06-16T01:21:31.185+0000] {logging_mixin.py:188} INFO - [2026-06-16T01:21:31.183+0000] {dagbag.py:538} INFO - Filling up the DagBag from /home/airflow/.local/lib/python3.8/site-packages/airflow/example_dags/example_complex.py
[2026-06-16T01:21:31.244+0000] {processor.py:840} INFO - DAG(s) 'example_complex' retrieved from /home/airflow/.local/lib/python3.8/site-packages/airflow/example_dags/example_complex.py
[2026-06-16T01:21:31.390+0000] {logging_mixin.py:188} INFO - [2026-06-16T01:21:31.386+0000] {dag.py:3036} INFO - Sync 1 DAGs
[2026-06-16T01:21:31.450+0000] {logging_mixin.py:188} INFO - [2026-06-16T01:21:31.449+0000] {dag.py:3823} INFO - Setting next_dagrun for example_complex to None, run_after=None
[2026-06-16T01:21:31.585+0000] {processor.py:183} INFO - Processing /home/airflow/.local/lib/python3.8/site-packages/airflow/example_dags/example_complex.py took 0.423 seconds
[2026-06-16T01:22:03.521+0000] {processor.py:161} INFO - Started process (PID=1533) to work on /home/airflow/.local/lib/python3.8/site-packages/airflow/example_dags/example_complex.py
[2026-06-16T01:22:03.525+0000] {processor.py:830} INFO - Processing file /home/airflow/.local/lib/python3.8/site-packages/airflow/example_dags/example_complex.py for tasks to queue
[2026-06-16T01:22:03.532+0000] {logging_mixin.py:188} INFO - [2026-06-16T01:22:03.532+0000] {dagbag.py:538} INFO - Filling up the DagBag from /home/airflow/.local/lib/python3.8/site-packages/airflow/example_dags/example_complex.py
[2026-06-16T01:22:03.607+0000] {processor.py:840} INFO - DAG(s) 'example_complex' retrieved from /home/airflow/.local/lib/python3.8/site-packages/airflow/example_dags/example_complex.py
[2026-06-16T01:22:03.822+0000] {logging_mixin.py:188} INFO - [2026-06-16T01:22:03.821+0000] {dag.py:3036} INFO - Sync 1 DAGs
[2026-06-16T01:22:03.896+0000] {logging_mixin.py:188} INFO - [2026-06-16T01:22:03.895+0000] {dag.py:3823} INFO - Setting next_dagrun for example_complex to None, run_after=None
[2026-06-16T01:22:03.953+0000] {processor.py:183} INFO - Processing /home/airflow/.local/lib/python3.8/site-packages/airflow/example_dags/example_complex.py took 0.443 seconds
[2026-06-16T01:22:34.463+0000] {processor.py:161} INFO - Started process (PID=1587) to work on /home/airflow/.local/lib/python3.8/site-packages/airflow/example_dags/example_complex.py
[2026-06-16T01:22:34.467+0000] {processor.py:830} INFO - Processing file /home/airflow/.local/lib/python3.8/site-packages/airflow/example_dags/example_complex.py for tasks to queue
[2026-06-16T01:22:34.477+0000] {logging_mixin.py:188} INFO - [2026-06-16T01:22:34.476+0000] {dagbag.py:538} INFO - Filling up the DagBag from /home/airflow/.local/lib/python3.8/site-packages/airflow/example_dags/example_complex.py
[2026-06-16T01:22:34.524+0000] {processor.py:840} INFO - DAG(s) 'example_complex' retrieved from /home/airflow/.local/lib/python3.8/site-packages/airflow/example_dags/example_complex.py
[2026-06-16T01:22:34.975+0000] {logging_mixin.py:188} INFO - [2026-06-16T01:22:34.974+0000] {dag.py:3036} INFO - Sync 1 DAGs
[2026-06-16T01:22:35.087+0000] {logging_mixin.py:188} INFO - [2026-06-16T01:22:35.087+0000] {dag.py:3823} INFO - Setting next_dagrun for example_complex to None, run_after=None
[2026-06-16T01:22:35.204+0000] {processor.py:183} INFO - Processing /home/airflow/.local/lib/python3.8/site-packages/airflow/example_dags/example_complex.py took 0.750 seconds
[2026-06-16T01:23:05.765+0000] {processor.py:161} INFO - Started process (PID=1643) to work on /home/airflow/.local/lib/python3.8/site-packages/airflow/example_dags/example_complex.py
[2026-06-16T01:23:05.770+0000] {processor.py:830} INFO - Processing file /home/airflow/.local/lib/python3.8/site-packages/airflow/example_dags/example_complex.py for tasks to queue
[2026-06-16T01:23:05.782+0000] {logging_mixin.py:188} INFO - [2026-06-16T01:23:05.781+0000] {dagbag.py:538} INFO - Filling up the DagBag from /home/airflow/.local/lib/python3.8/site-packages/airflow/example_dags/example_complex.py
[2026-06-16T01:23:05.879+0000] {processor.py:840} INFO - DAG(s) 'example_complex' retrieved from /home/airflow/.local/lib/python3.8/site-packages/airflow/example_dags/example_complex.py
[2026-06-16T01:23:06.137+0000] {logging_mixin.py:188} INFO - [2026-06-16T01:23:06.132+0000] {dag.py:3036} INFO - Sync 1 DAGs
[2026-06-16T01:23:06.226+0000] {logging_mixin.py:188} INFO - [2026-06-16T01:23:06.225+0000] {dag.py:3823} INFO - Setting next_dagrun for example_complex to None, run_after=None
[2026-06-16T01:23:06.390+0000] {processor.py:183} INFO - Processing /home/airflow/.local/lib/python3.8/site-packages/airflow/example_dags/example_complex.py took 0.637 seconds
[2026-06-16T01:23:36.654+0000] {processor.py:161} INFO - Started process (PID=1697) to work on /home/airflow/.local/lib/python3.8/site-packages/airflow/example_dags/example_complex.py
[2026-06-16T01:23:36.659+0000] {processor.py:830} INFO - Processing file /home/airflow/.local/lib/python3.8/site-packages/airflow/example_dags/example_complex.py for tasks to queue
[2026-06-16T01:23:36.670+0000] {logging_mixin.py:188} INFO - [2026-06-16T01:23:36.669+0000] {dagbag.py:538} INFO - Filling up the DagBag from /home/airflow/.local/lib/python3.8/site-packages/airflow/example_dags/example_complex.py
[2026-06-16T01:23:36.741+0000] {processor.py:840} INFO - DAG(s) 'example_complex' retrieved from /home/airflow/.local/lib/python3.8/site-packages/airflow/example_dags/example_complex.py
[2026-06-16T01:23:36.915+0000] {logging_mixin.py:188} INFO - [2026-06-16T01:23:36.915+0000] {dag.py:3036} INFO - Sync 1 DAGs
[2026-06-16T01:23:37.042+0000] {logging_mixin.py:188} INFO - [2026-06-16T01:23:37.040+0000] {dag.py:3823} INFO - Setting next_dagrun for example_complex to None, run_after=None
[2026-06-16T01:23:37.204+0000] {processor.py:183} INFO - Processing /home/airflow/.local/lib/python3.8/site-packages/airflow/example_dags/example_complex.py took 0.564 seconds
[2026-06-16T01:24:07.666+0000] {processor.py:161} INFO - Started process (PID=1753) to work on /home/airflow/.local/lib/python3.8/site-packages/airflow/example_dags/example_complex.py
[2026-06-16T01:24:07.667+0000] {processor.py:830} INFO - Processing file /home/airflow/.local/lib/python3.8/site-packages/airflow/example_dags/example_complex.py for tasks to queue
[2026-06-16T01:24:07.671+0000] {logging_mixin.py:188} INFO - [2026-06-16T01:24:07.671+0000] {dagbag.py:538} INFO - Filling up the DagBag from /home/airflow/.local/lib/python3.8/site-packages/airflow/example_dags/example_complex.py
[2026-06-16T01:24:07.748+0000] {processor.py:840} INFO - DAG(s) 'example_complex' retrieved from /home/airflow/.local/lib/python3.8/site-packages/airflow/example_dags/example_complex.py
[2026-06-16T01:24:08.081+0000] {logging_mixin.py:188} INFO - [2026-06-16T01:24:08.080+0000] {dag.py:3036} INFO - Sync 1 DAGs
[2026-06-16T01:24:08.388+0000] {logging_mixin.py:188} INFO - [2026-06-16T01:24:08.387+0000] {dag.py:3823} INFO - Setting next_dagrun for example_complex to None, run_after=None
[2026-06-16T01:24:08.465+0000] {processor.py:183} INFO - Processing /home/airflow/.local/lib/python3.8/site-packages/airflow/example_dags/example_complex.py took 0.806 seconds
[2026-06-16T01:24:39.074+0000] {processor.py:161} INFO - Started process (PID=1809) to work on /home/airflow/.local/lib/python3.8/site-packages/airflow/example_dags/example_complex.py
[2026-06-16T01:24:39.078+0000] {processor.py:830} INFO - Processing file /home/airflow/.local/lib/python3.8/site-packages/airflow/example_dags/example_complex.py for tasks to queue
[2026-06-16T01:24:39.084+0000] {logging_mixin.py:188} INFO - [2026-06-16T01:24:39.083+0000] {dagbag.py:538} INFO - Filling up the DagBag from /home/airflow/.local/lib/python3.8/site-packages/airflow/example_dags/example_complex.py
[2026-06-16T01:24:39.137+0000] {processor.py:840} INFO - DAG(s) 'example_complex' retrieved from /home/airflow/.local/lib/python3.8/site-packages/airflow/example_dags/example_complex.py
[2026-06-16T01:24:39.257+0000] {logging_mixin.py:188} INFO - [2026-06-16T01:24:39.257+0000] {dag.py:3036} INFO - Sync 1 DAGs
[2026-06-16T01:24:39.289+0000] {logging_mixin.py:188} INFO - [2026-06-16T01:24:39.289+0000] {dag.py:3823} INFO - Setting next_dagrun for example_complex to None, run_after=None
[2026-06-16T01:24:39.340+0000] {processor.py:183} INFO - Processing /home/airflow/.local/lib/python3.8/site-packages/airflow/example_dags/example_complex.py took 0.277 seconds
[2026-06-16T01:25:09.644+0000] {processor.py:161} INFO - Started process (PID=1865) to work on /home/airflow/.local/lib/python3.8/site-packages/airflow/example_dags/example_complex.py
[2026-06-16T01:25:09.646+0000] {processor.py:830} INFO - Processing file /home/airflow/.local/lib/python3.8/site-packages/airflow/example_dags/example_complex.py for tasks to queue
[2026-06-16T01:25:09.651+0000] {logging_mixin.py:188} INFO - [2026-06-16T01:25:09.650+0000] {dagbag.py:538} INFO - Filling up the DagBag from /home/airflow/.local/lib/python3.8/site-packages/airflow/example_dags/example_complex.py
[2026-06-16T01:25:09.676+0000] {processor.py:840} INFO - DAG(s) 'example_complex' retrieved from /home/airflow/.local/lib/python3.8/site-packages/airflow/example_dags/example_complex.py
[2026-06-16T01:25:09.756+0000] {logging_mixin.py:188} INFO - [2026-06-16T01:25:09.755+0000] {dag.py:3036} INFO - Sync 1 DAGs
[2026-06-16T01:25:09.783+0000] {logging_mixin.py:188} INFO - [2026-06-16T01:25:09.782+0000] {dag.py:3823} INFO - Setting next_dagrun for example_complex to None, run_after=None
[2026-06-16T01:25:09.866+0000] {processor.py:183} INFO - Processing /home/airflow/.local/lib/python3.8/site-packages/airflow/example_dags/example_complex.py took 0.257 seconds
[2026-06-16T01:25:39.984+0000] {processor.py:161} INFO - Started process (PID=1921) to work on /home/airflow/.local/lib/python3.8/site-packages/airflow/example_dags/example_complex.py
[2026-06-16T01:25:39.986+0000] {processor.py:830} INFO - Processing file /home/airflow/.local/lib/python3.8/site-packages/airflow/example_dags/example_complex.py for tasks to queue
[2026-06-16T01:25:39.993+0000] {logging_mixin.py:188} INFO - [2026-06-16T01:25:39.992+0000] {dagbag.py:538} INFO - Filling up the DagBag from /home/airflow/.local/lib/python3.8/site-packages/airflow/example_dags/example_complex.py
[2026-06-16T01:25:40.029+0000] {processor.py:840} INFO - DAG(s) 'example_complex' retrieved from /home/airflow/.local/lib/python3.8/site-packages/airflow/example_dags/example_complex.py
[2026-06-16T01:25:40.107+0000] {logging_mixin.py:188} INFO - [2026-06-16T01:25:40.106+0000] {dag.py:3036} INFO - Sync 1 DAGs
[2026-06-16T01:25:40.148+0000] {logging_mixin.py:188} INFO - [2026-06-16T01:25:40.148+0000] {dag.py:3823} INFO - Setting next_dagrun for example_complex to None, run_after=None
[2026-06-16T01:25:40.205+0000] {processor.py:183} INFO - Processing /home/airflow/.local/lib/python3.8/site-packages/airflow/example_dags/example_complex.py took 0.231 seconds
[2026-06-16T01:26:10.494+0000] {processor.py:161} INFO - Started process (PID=1977) to work on /home/airflow/.local/lib/python3.8/site-packages/airflow/example_dags/example_complex.py
[2026-06-16T01:26:10.496+0000] {processor.py:830} INFO - Processing file /home/airflow/.local/lib/python3.8/site-packages/airflow/example_dags/example_complex.py for tasks to queue
[2026-06-16T01:26:10.502+0000] {logging_mixin.py:188} INFO - [2026-06-16T01:26:10.500+0000] {dagbag.py:538} INFO - Filling up the DagBag from /home/airflow/.local/lib/python3.8/site-packages/airflow/example_dags/example_complex.py
[2026-06-16T01:26:10.540+0000] {processor.py:840} INFO - DAG(s) 'example_complex' retrieved from /home/airflow/.local/lib/python3.8/site-packages/airflow/example_dags/example_complex.py
[2026-06-16T01:26:10.640+0000] {logging_mixin.py:188} INFO - [2026-06-16T01:26:10.639+0000] {dag.py:3036} INFO - Sync 1 DAGs
[2026-06-16T01:26:10.681+0000] {logging_mixin.py:188} INFO - [2026-06-16T01:26:10.680+0000] {dag.py:3823} INFO - Setting next_dagrun for example_complex to None, run_after=None
[2026-06-16T01:26:10.742+0000] {processor.py:183} INFO - Processing /home/airflow/.local/lib/python3.8/site-packages/airflow/example_dags/example_complex.py took 0.257 seconds
[2026-06-16T01:26:40.974+0000] {processor.py:161} INFO - Started process (PID=2033) to work on /home/airflow/.local/lib/python3.8/site-packages/airflow/example_dags/example_complex.py
[2026-06-16T01:26:40.977+0000] {processor.py:830} INFO - Processing file /home/airflow/.local/lib/python3.8/site-packages/airflow/example_dags/example_complex.py for tasks to queue
[2026-06-16T01:26:40.983+0000] {logging_mixin.py:188} INFO - [2026-06-16T01:26:40.982+0000] {dagbag.py:538} INFO - Filling up the DagBag from /home/airflow/.local/lib/python3.8/site-packages/airflow/example_dags/example_complex.py
[2026-06-16T01:26:41.043+0000] {processor.py:840} INFO - DAG(s) 'example_complex' retrieved from /home/airflow/.local/lib/python3.8/site-packages/airflow/example_dags/example_complex.py
[2026-06-16T01:26:41.180+0000] {logging_mixin.py:188} INFO - [2026-06-16T01:26:41.179+0000] {dag.py:3036} INFO - Sync 1 DAGs
[2026-06-16T01:26:41.259+0000] {logging_mixin.py:188} INFO - [2026-06-16T01:26:41.258+0000] {dag.py:3823} INFO - Setting next_dagrun for example_complex to None, run_after=None
[2026-06-16T01:26:41.330+0000] {processor.py:183} INFO - Processing /home/airflow/.local/lib/python3.8/site-packages/airflow/example_dags/example_complex.py took 0.371 seconds
[2026-06-16T01:27:11.781+0000] {processor.py:161} INFO - Started process (PID=2089) to work on /home/airflow/.local/lib/python3.8/site-packages/airflow/example_dags/example_complex.py
[2026-06-16T01:27:11.787+0000] {processor.py:830} INFO - Processing file /home/airflow/.local/lib/python3.8/site-packages/airflow/example_dags/example_complex.py for tasks to queue
[2026-06-16T01:27:11.791+0000] {logging_mixin.py:188} INFO - [2026-06-16T01:27:11.791+0000] {dagbag.py:538} INFO - Filling up the DagBag from /home/airflow/.local/lib/python3.8/site-packages/airflow/example_dags/example_complex.py
[2026-06-16T01:27:11.873+0000] {processor.py:840} INFO - DAG(s) 'example_complex' retrieved from /home/airflow/.local/lib/python3.8/site-packages/airflow/example_dags/example_complex.py
[2026-06-16T01:27:12.004+0000] {logging_mixin.py:188} INFO - [2026-06-16T01:27:12.003+0000] {dag.py:3036} INFO - Sync 1 DAGs
[2026-06-16T01:27:12.099+0000] {logging_mixin.py:188} INFO - [2026-06-16T01:27:12.098+0000] {dag.py:3823} INFO - Setting next_dagrun for example_complex to None, run_after=None
[2026-06-16T01:27:12.210+0000] {processor.py:183} INFO - Processing /home/airflow/.local/lib/python3.8/site-packages/airflow/example_dags/example_complex.py took 0.439 seconds
[2026-06-16T01:27:42.536+0000] {processor.py:161} INFO - Started process (PID=2145) to work on /home/airflow/.local/lib/python3.8/site-packages/airflow/example_dags/example_complex.py
[2026-06-16T01:27:42.539+0000] {processor.py:830} INFO - Processing file /home/airflow/.local/lib/python3.8/site-packages/airflow/example_dags/example_complex.py for tasks to queue
[2026-06-16T01:27:42.543+0000] {logging_mixin.py:188} INFO - [2026-06-16T01:27:42.543+0000] {dagbag.py:538} INFO - Filling up the DagBag from /home/airflow/.local/lib/python3.8/site-packages/airflow/example_dags/example_complex.py
[2026-06-16T01:27:42.577+0000] {processor.py:840} INFO - DAG(s) 'example_complex' retrieved from /home/airflow/.local/lib/python3.8/site-packages/airflow/example_dags/example_complex.py
[2026-06-16T01:27:42.657+0000] {logging_mixin.py:188} INFO - [2026-06-16T01:27:42.656+0000] {dag.py:3036} INFO - Sync 1 DAGs
[2026-06-16T01:27:42.687+0000] {logging_mixin.py:188} INFO - [2026-06-16T01:27:42.687+0000] {dag.py:3823} INFO - Setting next_dagrun for example_complex to None, run_after=None
[2026-06-16T01:27:42.734+0000] {processor.py:183} INFO - Processing /home/airflow/.local/lib/python3.8/site-packages/airflow/example_dags/example_complex.py took 0.207 seconds
[2026-06-16T01:28:12.918+0000] {processor.py:161} INFO - Started process (PID=2201) to work on /home/airflow/.local/lib/python3.8/site-packages/airflow/example_dags/example_complex.py
[2026-06-16T01:28:12.921+0000] {processor.py:830} INFO - Processing file /home/airflow/.local/lib/python3.8/site-packages/airflow/example_dags/example_complex.py for tasks to queue
[2026-06-16T01:28:12.926+0000] {logging_mixin.py:188} INFO - [2026-06-16T01:28:12.926+0000] {dagbag.py:538} INFO - Filling up the DagBag from /home/airflow/.local/lib/python3.8/site-packages/airflow/example_dags/example_complex.py
[2026-06-16T01:28:12.958+0000] {processor.py:840} INFO - DAG(s) 'example_complex' retrieved from /home/airflow/.local/lib/python3.8/site-packages/airflow/example_dags/example_complex.py
[2026-06-16T01:28:13.079+0000] {logging_mixin.py:188} INFO - [2026-06-16T01:28:13.079+0000] {dag.py:3036} INFO - Sync 1 DAGs
[2026-06-16T01:28:13.115+0000] {logging_mixin.py:188} INFO - [2026-06-16T01:28:13.115+0000] {dag.py:3823} INFO - Setting next_dagrun for example_complex to None, run_after=None
[2026-06-16T01:28:13.160+0000] {processor.py:183} INFO - Processing /home/airflow/.local/lib/python3.8/site-packages/airflow/example_dags/example_complex.py took 0.249 seconds
[2026-06-16T01:28:43.404+0000] {processor.py:161} INFO - Started process (PID=2255) to work on /home/airflow/.local/lib/python3.8/site-packages/airflow/example_dags/example_complex.py
[2026-06-16T01:28:43.407+0000] {processor.py:830} INFO - Processing file /home/airflow/.local/lib/python3.8/site-packages/airflow/example_dags/example_complex.py for tasks to queue
[2026-06-16T01:28:43.411+0000] {logging_mixin.py:188} INFO - [2026-06-16T01:28:43.411+0000] {dagbag.py:538} INFO - Filling up the DagBag from /home/airflow/.local/lib/python3.8/site-packages/airflow/example_dags/example_complex.py
[2026-06-16T01:28:43.444+0000] {processor.py:840} INFO - DAG(s) 'example_complex' retrieved from /home/airflow/.local/lib/python3.8/site-packages/airflow/example_dags/example_complex.py
[2026-06-16T01:28:43.519+0000] {logging_mixin.py:188} INFO - [2026-06-16T01:28:43.519+0000] {dag.py:3036} INFO - Sync 1 DAGs
[2026-06-16T01:28:43.546+0000] {logging_mixin.py:188} INFO - [2026-06-16T01:28:43.545+0000] {dag.py:3823} INFO - Setting next_dagrun for example_complex to None, run_after=None
[2026-06-16T01:28:43.592+0000] {processor.py:183} INFO - Processing /home/airflow/.local/lib/python3.8/site-packages/airflow/example_dags/example_complex.py took 0.197 seconds
[2026-06-16T01:29:14.468+0000] {processor.py:161} INFO - Started process (PID=2311) to work on /home/airflow/.local/lib/python3.8/site-packages/airflow/example_dags/example_complex.py
[2026-06-16T01:29:14.470+0000] {processor.py:830} INFO - Processing file /home/airflow/.local/lib/python3.8/site-packages/airflow/example_dags/example_complex.py for tasks to queue
[2026-06-16T01:29:14.474+0000] {logging_mixin.py:188} INFO - [2026-06-16T01:29:14.473+0000] {dagbag.py:538} INFO - Filling up the DagBag from /home/airflow/.local/lib/python3.8/site-packages/airflow/example_dags/example_complex.py
[2026-06-16T01:29:14.500+0000] {processor.py:840} INFO - DAG(s) 'example_complex' retrieved from /home/airflow/.local/lib/python3.8/site-packages/airflow/example_dags/example_complex.py
[2026-06-16T01:29:14.599+0000] {logging_mixin.py:188} INFO - [2026-06-16T01:29:14.598+0000] {dag.py:3036} INFO - Sync 1 DAGs
[2026-06-16T01:29:14.659+0000] {logging_mixin.py:188} INFO - [2026-06-16T01:29:14.658+0000] {dag.py:3823} INFO - Setting next_dagrun for example_complex to None, run_after=None
[2026-06-16T01:29:14.746+0000] {processor.py:183} INFO - Processing /home/airflow/.local/lib/python3.8/site-packages/airflow/example_dags/example_complex.py took 0.285 seconds
[2026-06-16T01:29:44.998+0000] {processor.py:161} INFO - Started process (PID=2367) to work on /home/airflow/.local/lib/python3.8/site-packages/airflow/example_dags/example_complex.py
[2026-06-16T01:29:45.000+0000] {processor.py:830} INFO - Processing file /home/airflow/.local/lib/python3.8/site-packages/airflow/example_dags/example_complex.py for tasks to queue
[2026-06-16T01:29:45.004+0000] {logging_mixin.py:188} INFO - [2026-06-16T01:29:45.003+0000] {dagbag.py:538} INFO - Filling up the DagBag from /home/airflow/.local/lib/python3.8/site-packages/airflow/example_dags/example_complex.py
[2026-06-16T01:29:45.035+0000] {processor.py:840} INFO - DAG(s) 'example_complex' retrieved from /home/airflow/.local/lib/python3.8/site-packages/airflow/example_dags/example_complex.py
[2026-06-16T01:29:45.111+0000] {logging_mixin.py:188} INFO - [2026-06-16T01:29:45.110+0000] {dag.py:3036} INFO - Sync 1 DAGs
[2026-06-16T01:29:45.150+0000] {logging_mixin.py:188} INFO - [2026-06-16T01:29:45.149+0000] {dag.py:3823} INFO - Setting next_dagrun for example_complex to None, run_after=None
[2026-06-16T01:29:45.211+0000] {processor.py:183} INFO - Processing /home/airflow/.local/lib/python3.8/site-packages/airflow/example_dags/example_complex.py took 0.220 seconds
[2026-06-16T01:30:15.643+0000] {processor.py:161} INFO - Started process (PID=2423) to work on /home/airflow/.local/lib/python3.8/site-packages/airflow/example_dags/example_complex.py
[2026-06-16T01:30:15.645+0000] {processor.py:830} INFO - Processing file /home/airflow/.local/lib/python3.8/site-packages/airflow/example_dags/example_complex.py for tasks to queue
[2026-06-16T01:30:15.652+0000] {logging_mixin.py:188} INFO - [2026-06-16T01:30:15.651+0000] {dagbag.py:538} INFO - Filling up the DagBag from /home/airflow/.local/lib/python3.8/site-packages/airflow/example_dags/example_complex.py
[2026-06-16T01:30:15.680+0000] {processor.py:840} INFO - DAG(s) 'example_complex' retrieved from /home/airflow/.local/lib/python3.8/site-packages/airflow/example_dags/example_complex.py
[2026-06-16T01:30:15.771+0000] {logging_mixin.py:188} INFO - [2026-06-16T01:30:15.770+0000] {dag.py:3036} INFO - Sync 1 DAGs
[2026-06-16T01:30:15.800+0000] {logging_mixin.py:188} INFO - [2026-06-16T01:30:15.800+0000] {dag.py:3823} INFO - Setting next_dagrun for example_complex to None, run_after=None
[2026-06-16T01:30:15.861+0000] {processor.py:183} INFO - Processing /home/airflow/.local/lib/python3.8/site-packages/airflow/example_dags/example_complex.py took 0.234 seconds
[2026-06-16T01:30:46.604+0000] {processor.py:161} INFO - Started process (PID=2479) to work on /home/airflow/.local/lib/python3.8/site-packages/airflow/example_dags/example_complex.py
[2026-06-16T01:30:46.608+0000] {processor.py:830} INFO - Processing file /home/airflow/.local/lib/python3.8/site-packages/airflow/example_dags/example_complex.py for tasks to queue
[2026-06-16T01:30:46.614+0000] {logging_mixin.py:188} INFO - [2026-06-16T01:30:46.613+0000] {dagbag.py:538} INFO - Filling up the DagBag from /home/airflow/.local/lib/python3.8/site-packages/airflow/example_dags/example_complex.py
[2026-06-16T01:30:46.644+0000] {processor.py:840} INFO - DAG(s) 'example_complex' retrieved from /home/airflow/.local/lib/python3.8/site-packages/airflow/example_dags/example_complex.py
[2026-06-16T01:30:46.726+0000] {logging_mixin.py:188} INFO - [2026-06-16T01:30:46.725+0000] {dag.py:3036} INFO - Sync 1 DAGs
[2026-06-16T01:30:46.763+0000] {logging_mixin.py:188} INFO - [2026-06-16T01:30:46.762+0000] {dag.py:3823} INFO - Setting next_dagrun for example_complex to None, run_after=None
[2026-06-16T01:30:46.826+0000] {processor.py:183} INFO - Processing /home/airflow/.local/lib/python3.8/site-packages/airflow/example_dags/example_complex.py took 0.228 seconds
[2026-06-16T01:31:17.391+0000] {processor.py:161} INFO - Started process (PID=2535) to work on /home/airflow/.local/lib/python3.8/site-packages/airflow/example_dags/example_complex.py
[2026-06-16T01:31:17.395+0000] {processor.py:830} INFO - Processing file /home/airflow/.local/lib/python3.8/site-packages/airflow/example_dags/example_complex.py for tasks to queue
[2026-06-16T01:31:17.402+0000] {logging_mixin.py:188} INFO - [2026-06-16T01:31:17.401+0000] {dagbag.py:538} INFO - Filling up the DagBag from /home/airflow/.local/lib/python3.8/site-packages/airflow/example_dags/example_complex.py
[2026-06-16T01:31:17.544+0000] {processor.py:840} INFO - DAG(s) 'example_complex' retrieved from /home/airflow/.local/lib/python3.8/site-packages/airflow/example_dags/example_complex.py
[2026-06-16T01:31:17.678+0000] {logging_mixin.py:188} INFO - [2026-06-16T01:31:17.677+0000] {dag.py:3036} INFO - Sync 1 DAGs
[2026-06-16T01:31:17.715+0000] {logging_mixin.py:188} INFO - [2026-06-16T01:31:17.715+0000] {dag.py:3823} INFO - Setting next_dagrun for example_complex to None, run_after=None
[2026-06-16T01:31:17.788+0000] {processor.py:183} INFO - Processing /home/airflow/.local/lib/python3.8/site-packages/airflow/example_dags/example_complex.py took 0.408 seconds
[2026-06-16T01:31:48.197+0000] {processor.py:161} INFO - Started process (PID=2591) to work on /home/airflow/.local/lib/python3.8/site-packages/airflow/example_dags/example_complex.py
[2026-06-16T01:31:48.200+0000] {processor.py:830} INFO - Processing file /home/airflow/.local/lib/python3.8/site-packages/airflow/example_dags/example_complex.py for tasks to queue
[2026-06-16T01:31:48.205+0000] {logging_mixin.py:188} INFO - [2026-06-16T01:31:48.205+0000] {dagbag.py:538} INFO - Filling up the DagBag from /home/airflow/.local/lib/python3.8/site-packages/airflow/example_dags/example_complex.py
[2026-06-16T01:31:48.233+0000] {processor.py:840} INFO - DAG(s) 'example_complex' retrieved from /home/airflow/.local/lib/python3.8/site-packages/airflow/example_dags/example_complex.py
[2026-06-16T01:31:48.313+0000] {logging_mixin.py:188} INFO - [2026-06-16T01:31:48.312+0000] {dag.py:3036} INFO - Sync 1 DAGs
[2026-06-16T01:31:48.341+0000] {logging_mixin.py:188} INFO - [2026-06-16T01:31:48.341+0000] {dag.py:3823} INFO - Setting next_dagrun for example_complex to None, run_after=None
[2026-06-16T01:31:48.393+0000] {processor.py:183} INFO - Processing /home/airflow/.local/lib/python3.8/site-packages/airflow/example_dags/example_complex.py took 0.203 seconds
[2026-06-16T01:32:19.999+0000] {processor.py:161} INFO - Started process (PID=2651) to work on /home/airflow/.local/lib/python3.8/site-packages/airflow/example_dags/example_complex.py
[2026-06-16T01:32:20.004+0000] {processor.py:830} INFO - Processing file /home/airflow/.local/lib/python3.8/site-packages/airflow/example_dags/example_complex.py for tasks to queue
[2026-06-16T01:32:20.011+0000] {logging_mixin.py:188} INFO - [2026-06-16T01:32:20.010+0000] {dagbag.py:538} INFO - Filling up the DagBag from /home/airflow/.local/lib/python3.8/site-packages/airflow/example_dags/example_complex.py
[2026-06-16T01:32:20.054+0000] {processor.py:840} INFO - DAG(s) 'example_complex' retrieved from /home/airflow/.local/lib/python3.8/site-packages/airflow/example_dags/example_complex.py
[2026-06-16T01:32:20.153+0000] {logging_mixin.py:188} INFO - [2026-06-16T01:32:20.152+0000] {dag.py:3036} INFO - Sync 1 DAGs
[2026-06-16T01:32:20.191+0000] {logging_mixin.py:188} INFO - [2026-06-16T01:32:20.190+0000] {dag.py:3823} INFO - Setting next_dagrun for example_complex to None, run_after=None
[2026-06-16T01:32:20.246+0000] {processor.py:183} INFO - Processing /home/airflow/.local/lib/python3.8/site-packages/airflow/example_dags/example_complex.py took 0.274 seconds
[2026-06-16T01:32:50.362+0000] {processor.py:161} INFO - Started process (PID=2707) to work on /home/airflow/.local/lib/python3.8/site-packages/airflow/example_dags/example_complex.py
[2026-06-16T01:32:50.365+0000] {processor.py:830} INFO - Processing file /home/airflow/.local/lib/python3.8/site-packages/airflow/example_dags/example_complex.py for tasks to queue
[2026-06-16T01:32:50.370+0000] {logging_mixin.py:188} INFO - [2026-06-16T01:32:50.369+0000] {dagbag.py:538} INFO - Filling up the DagBag from /home/airflow/.local/lib/python3.8/site-packages/airflow/example_dags/example_complex.py
[2026-06-16T01:32:50.404+0000] {processor.py:840} INFO - DAG(s) 'example_complex' retrieved from /home/airflow/.local/lib/python3.8/site-packages/airflow/example_dags/example_complex.py
[2026-06-16T01:32:50.683+0000] {logging_mixin.py:188} INFO - [2026-06-16T01:32:50.683+0000] {dag.py:3036} INFO - Sync 1 DAGs
[2026-06-16T01:32:50.702+0000] {logging_mixin.py:188} INFO - [2026-06-16T01:32:50.702+0000] {dag.py:3823} INFO - Setting next_dagrun for example_complex to None, run_after=None
[2026-06-16T01:32:50.735+0000] {processor.py:183} INFO - Processing /home/airflow/.local/lib/python3.8/site-packages/airflow/example_dags/example_complex.py took 0.382 seconds
[2026-06-16T01:33:20.775+0000] {processor.py:161} INFO - Started process (PID=2760) to work on /home/airflow/.local/lib/python3.8/site-packages/airflow/example_dags/example_complex.py
[2026-06-16T01:33:20.777+0000] {processor.py:830} INFO - Processing file /home/airflow/.local/lib/python3.8/site-packages/airflow/example_dags/example_complex.py for tasks to queue
[2026-06-16T01:33:20.781+0000] {logging_mixin.py:188} INFO - [2026-06-16T01:33:20.780+0000] {dagbag.py:538} INFO - Filling up the DagBag from /home/airflow/.local/lib/python3.8/site-packages/airflow/example_dags/example_complex.py
[2026-06-16T01:33:20.806+0000] {processor.py:840} INFO - DAG(s) 'example_complex' retrieved from /home/airflow/.local/lib/python3.8/site-packages/airflow/example_dags/example_complex.py
[2026-06-16T01:33:20.880+0000] {logging_mixin.py:188} INFO - [2026-06-16T01:33:20.879+0000] {dag.py:3036} INFO - Sync 1 DAGs
[2026-06-16T01:33:21.093+0000] {logging_mixin.py:188} INFO - [2026-06-16T01:33:21.093+0000] {dag.py:3823} INFO - Setting next_dagrun for example_complex to None, run_after=None
[2026-06-16T01:33:21.128+0000] {processor.py:183} INFO - Processing /home/airflow/.local/lib/python3.8/site-packages/airflow/example_dags/example_complex.py took 0.359 seconds
[2026-06-16T01:33:51.592+0000] {processor.py:161} INFO - Started process (PID=2816) to work on /home/airflow/.local/lib/python3.8/site-packages/airflow/example_dags/example_complex.py
[2026-06-16T01:33:51.595+0000] {processor.py:830} INFO - Processing file /home/airflow/.local/lib/python3.8/site-packages/airflow/example_dags/example_complex.py for tasks to queue
[2026-06-16T01:33:51.599+0000] {logging_mixin.py:188} INFO - [2026-06-16T01:33:51.599+0000] {dagbag.py:538} INFO - Filling up the DagBag from /home/airflow/.local/lib/python3.8/site-packages/airflow/example_dags/example_complex.py
[2026-06-16T01:33:51.638+0000] {processor.py:840} INFO - DAG(s) 'example_complex' retrieved from /home/airflow/.local/lib/python3.8/site-packages/airflow/example_dags/example_complex.py
[2026-06-16T01:33:51.747+0000] {logging_mixin.py:188} INFO - [2026-06-16T01:33:51.746+0000] {dag.py:3036} INFO - Sync 1 DAGs
[2026-06-16T01:33:51.787+0000] {logging_mixin.py:188} INFO - [2026-06-16T01:33:51.785+0000] {dag.py:3823} INFO - Setting next_dagrun for example_complex to None, run_after=None
[2026-06-16T01:33:51.851+0000] {processor.py:183} INFO - Processing /home/airflow/.local/lib/python3.8/site-packages/airflow/example_dags/example_complex.py took 0.266 seconds
[2026-06-16T01:34:23.121+0000] {processor.py:161} INFO - Started process (PID=2878) to work on /home/airflow/.local/lib/python3.8/site-packages/airflow/example_dags/example_complex.py
[2026-06-16T01:34:23.124+0000] {processor.py:830} INFO - Processing file /home/airflow/.local/lib/python3.8/site-packages/airflow/example_dags/example_complex.py for tasks to queue
[2026-06-16T01:34:23.130+0000] {logging_mixin.py:188} INFO - [2026-06-16T01:34:23.129+0000] {dagbag.py:538} INFO - Filling up the DagBag from /home/airflow/.local/lib/python3.8/site-packages/airflow/example_dags/example_complex.py
[2026-06-16T01:34:23.182+0000] {processor.py:840} INFO - DAG(s) 'example_complex' retrieved from /home/airflow/.local/lib/python3.8/site-packages/airflow/example_dags/example_complex.py
[2026-06-16T01:34:23.483+0000] {logging_mixin.py:188} INFO - [2026-06-16T01:34:23.482+0000] {dag.py:3036} INFO - Sync 1 DAGs
[2026-06-16T01:34:23.525+0000] {logging_mixin.py:188} INFO - [2026-06-16T01:34:23.524+0000] {dag.py:3823} INFO - Setting next_dagrun for example_complex to None, run_after=None
[2026-06-16T01:34:23.611+0000] {processor.py:183} INFO - Processing /home/airflow/.local/lib/python3.8/site-packages/airflow/example_dags/example_complex.py took 0.504 seconds
[2026-06-16T01:34:54.283+0000] {processor.py:161} INFO - Started process (PID=2934) to work on /home/airflow/.local/lib/python3.8/site-packages/airflow/example_dags/example_complex.py
[2026-06-16T01:34:54.286+0000] {processor.py:830} INFO - Processing file /home/airflow/.local/lib/python3.8/site-packages/airflow/example_dags/example_complex.py for tasks to queue
[2026-06-16T01:34:54.290+0000] {logging_mixin.py:188} INFO - [2026-06-16T01:34:54.289+0000] {dagbag.py:538} INFO - Filling up the DagBag from /home/airflow/.local/lib/python3.8/site-packages/airflow/example_dags/example_complex.py
[2026-06-16T01:34:54.337+0000] {processor.py:840} INFO - DAG(s) 'example_complex' retrieved from /home/airflow/.local/lib/python3.8/site-packages/airflow/example_dags/example_complex.py
[2026-06-16T01:34:54.711+0000] {logging_mixin.py:188} INFO - [2026-06-16T01:34:54.710+0000] {dag.py:3036} INFO - Sync 1 DAGs
[2026-06-16T01:34:54.740+0000] {logging_mixin.py:188} INFO - [2026-06-16T01:34:54.740+0000] {dag.py:3823} INFO - Setting next_dagrun for example_complex to None, run_after=None
[2026-06-16T01:34:54.786+0000] {processor.py:183} INFO - Processing /home/airflow/.local/lib/python3.8/site-packages/airflow/example_dags/example_complex.py took 0.513 seconds
[2026-06-16T01:35:24.842+0000] {processor.py:161} INFO - Started process (PID=2990) to work on /home/airflow/.local/lib/python3.8/site-packages/airflow/example_dags/example_complex.py
[2026-06-16T01:35:24.844+0000] {processor.py:830} INFO - Processing file /home/airflow/.local/lib/python3.8/site-packages/airflow/example_dags/example_complex.py for tasks to queue
[2026-06-16T01:35:24.849+0000] {logging_mixin.py:188} INFO - [2026-06-16T01:35:24.848+0000] {dagbag.py:538} INFO - Filling up the DagBag from /home/airflow/.local/lib/python3.8/site-packages/airflow/example_dags/example_complex.py
[2026-06-16T01:35:24.878+0000] {processor.py:840} INFO - DAG(s) 'example_complex' retrieved from /home/airflow/.local/lib/python3.8/site-packages/airflow/example_dags/example_complex.py
[2026-06-16T01:35:24.959+0000] {logging_mixin.py:188} INFO - [2026-06-16T01:35:24.958+0000] {dag.py:3036} INFO - Sync 1 DAGs
[2026-06-16T01:35:24.991+0000] {logging_mixin.py:188} INFO - [2026-06-16T01:35:24.990+0000] {dag.py:3823} INFO - Setting next_dagrun for example_complex to None, run_after=None
[2026-06-16T01:35:25.046+0000] {processor.py:183} INFO - Processing /home/airflow/.local/lib/python3.8/site-packages/airflow/example_dags/example_complex.py took 0.211 seconds
[2026-06-16T01:35:55.449+0000] {processor.py:161} INFO - Started process (PID=3046) to work on /home/airflow/.local/lib/python3.8/site-packages/airflow/example_dags/example_complex.py
[2026-06-16T01:35:55.451+0000] {processor.py:830} INFO - Processing file /home/airflow/.local/lib/python3.8/site-packages/airflow/example_dags/example_complex.py for tasks to queue
[2026-06-16T01:35:55.456+0000] {logging_mixin.py:188} INFO - [2026-06-16T01:35:55.455+0000] {dagbag.py:538} INFO - Filling up the DagBag from /home/airflow/.local/lib/python3.8/site-packages/airflow/example_dags/example_complex.py
[2026-06-16T01:35:55.488+0000] {processor.py:840} INFO - DAG(s) 'example_complex' retrieved from /home/airflow/.local/lib/python3.8/site-packages/airflow/example_dags/example_complex.py
[2026-06-16T01:35:55.568+0000] {logging_mixin.py:188} INFO - [2026-06-16T01:35:55.568+0000] {dag.py:3036} INFO - Sync 1 DAGs
[2026-06-16T01:35:55.602+0000] {logging_mixin.py:188} INFO - [2026-06-16T01:35:55.602+0000] {dag.py:3823} INFO - Setting next_dagrun for example_complex to None, run_after=None
[2026-06-16T01:35:55.661+0000] {processor.py:183} INFO - Processing /home/airflow/.local/lib/python3.8/site-packages/airflow/example_dags/example_complex.py took 0.223 seconds
[2026-06-16T01:36:25.935+0000] {processor.py:161} INFO - Started process (PID=3102) to work on /home/airflow/.local/lib/python3.8/site-packages/airflow/example_dags/example_complex.py
[2026-06-16T01:36:25.938+0000] {processor.py:830} INFO - Processing file /home/airflow/.local/lib/python3.8/site-packages/airflow/example_dags/example_complex.py for tasks to queue
[2026-06-16T01:36:25.944+0000] {logging_mixin.py:188} INFO - [2026-06-16T01:36:25.943+0000] {dagbag.py:538} INFO - Filling up the DagBag from /home/airflow/.local/lib/python3.8/site-packages/airflow/example_dags/example_complex.py
[2026-06-16T01:36:25.978+0000] {processor.py:840} INFO - DAG(s) 'example_complex' retrieved from /home/airflow/.local/lib/python3.8/site-packages/airflow/example_dags/example_complex.py
[2026-06-16T01:36:26.068+0000] {logging_mixin.py:188} INFO - [2026-06-16T01:36:26.068+0000] {dag.py:3036} INFO - Sync 1 DAGs
[2026-06-16T01:36:26.104+0000] {logging_mixin.py:188} INFO - [2026-06-16T01:36:26.103+0000] {dag.py:3823} INFO - Setting next_dagrun for example_complex to None, run_after=None
[2026-06-16T01:36:26.170+0000] {processor.py:183} INFO - Processing /home/airflow/.local/lib/python3.8/site-packages/airflow/example_dags/example_complex.py took 0.243 seconds
[2026-06-16T01:36:56.813+0000] {processor.py:161} INFO - Started process (PID=3158) to work on /home/airflow/.local/lib/python3.8/site-packages/airflow/example_dags/example_complex.py
[2026-06-16T01:36:56.815+0000] {processor.py:830} INFO - Processing file /home/airflow/.local/lib/python3.8/site-packages/airflow/example_dags/example_complex.py for tasks to queue
[2026-06-16T01:36:57.067+0000] {logging_mixin.py:188} INFO - [2026-06-16T01:36:57.067+0000] {dagbag.py:538} INFO - Filling up the DagBag from /home/airflow/.local/lib/python3.8/site-packages/airflow/example_dags/example_complex.py
[2026-06-16T01:36:57.169+0000] {processor.py:840} INFO - DAG(s) 'example_complex' retrieved from /home/airflow/.local/lib/python3.8/site-packages/airflow/example_dags/example_complex.py
[2026-06-16T01:36:57.704+0000] {logging_mixin.py:188} INFO - [2026-06-16T01:36:57.703+0000] {dag.py:3036} INFO - Sync 1 DAGs
[2026-06-16T01:36:57.755+0000] {logging_mixin.py:188} INFO - [2026-06-16T01:36:57.755+0000] {dag.py:3823} INFO - Setting next_dagrun for example_complex to None, run_after=None
[2026-06-16T01:36:58.128+0000] {processor.py:183} INFO - Processing /home/airflow/.local/lib/python3.8/site-packages/airflow/example_dags/example_complex.py took 1.327 seconds
[2026-06-16T01:37:28.496+0000] {processor.py:161} INFO - Started process (PID=3213) to work on /home/airflow/.local/lib/python3.8/site-packages/airflow/example_dags/example_complex.py
[2026-06-16T01:37:28.498+0000] {processor.py:830} INFO - Processing file /home/airflow/.local/lib/python3.8/site-packages/airflow/example_dags/example_complex.py for tasks to queue
[2026-06-16T01:37:28.501+0000] {logging_mixin.py:188} INFO - [2026-06-16T01:37:28.501+0000] {dagbag.py:538} INFO - Filling up the DagBag from /home/airflow/.local/lib/python3.8/site-packages/airflow/example_dags/example_complex.py
[2026-06-16T01:37:28.531+0000] {processor.py:840} INFO - DAG(s) 'example_complex' retrieved from /home/airflow/.local/lib/python3.8/site-packages/airflow/example_dags/example_complex.py
[2026-06-16T01:37:29.457+0000] {logging_mixin.py:188} INFO - [2026-06-16T01:37:29.440+0000] {dag.py:3036} INFO - Sync 1 DAGs
[2026-06-16T01:37:29.612+0000] {logging_mixin.py:188} INFO - [2026-06-16T01:37:29.611+0000] {dag.py:3823} INFO - Setting next_dagrun for example_complex to None, run_after=None
[2026-06-16T01:37:29.687+0000] {processor.py:183} INFO - Processing /home/airflow/.local/lib/python3.8/site-packages/airflow/example_dags/example_complex.py took 1.198 seconds
[2026-06-16T01:38:00.385+0000] {processor.py:161} INFO - Started process (PID=3269) to work on /home/airflow/.local/lib/python3.8/site-packages/airflow/example_dags/example_complex.py
[2026-06-16T01:38:00.389+0000] {processor.py:830} INFO - Processing file /home/airflow/.local/lib/python3.8/site-packages/airflow/example_dags/example_complex.py for tasks to queue
[2026-06-16T01:38:00.395+0000] {logging_mixin.py:188} INFO - [2026-06-16T01:38:00.393+0000] {dagbag.py:538} INFO - Filling up the DagBag from /home/airflow/.local/lib/python3.8/site-packages/airflow/example_dags/example_complex.py
[2026-06-16T01:38:00.434+0000] {processor.py:840} INFO - DAG(s) 'example_complex' retrieved from /home/airflow/.local/lib/python3.8/site-packages/airflow/example_dags/example_complex.py
[2026-06-16T01:38:00.556+0000] {logging_mixin.py:188} INFO - [2026-06-16T01:38:00.553+0000] {dag.py:3036} INFO - Sync 1 DAGs
[2026-06-16T01:38:00.599+0000] {logging_mixin.py:188} INFO - [2026-06-16T01:38:00.598+0000] {dag.py:3823} INFO - Setting next_dagrun for example_complex to None, run_after=None
[2026-06-16T01:38:00.661+0000] {processor.py:183} INFO - Processing /home/airflow/.local/lib/python3.8/site-packages/airflow/example_dags/example_complex.py took 0.284 seconds
[2026-06-16T01:38:31.089+0000] {processor.py:161} INFO - Started process (PID=3324) to work on /home/airflow/.local/lib/python3.8/site-packages/airflow/example_dags/example_complex.py
[2026-06-16T01:38:31.104+0000] {processor.py:830} INFO - Processing file /home/airflow/.local/lib/python3.8/site-packages/airflow/example_dags/example_complex.py for tasks to queue
[2026-06-16T01:38:31.110+0000] {logging_mixin.py:188} INFO - [2026-06-16T01:38:31.109+0000] {dagbag.py:538} INFO - Filling up the DagBag from /home/airflow/.local/lib/python3.8/site-packages/airflow/example_dags/example_complex.py
[2026-06-16T01:38:31.167+0000] {processor.py:840} INFO - DAG(s) 'example_complex' retrieved from /home/airflow/.local/lib/python3.8/site-packages/airflow/example_dags/example_complex.py
[2026-06-16T01:38:31.337+0000] {logging_mixin.py:188} INFO - [2026-06-16T01:38:31.337+0000] {dag.py:3036} INFO - Sync 1 DAGs
[2026-06-16T01:38:31.522+0000] {logging_mixin.py:188} INFO - [2026-06-16T01:38:31.522+0000] {dag.py:3823} INFO - Setting next_dagrun for example_complex to None, run_after=None
[2026-06-16T01:38:31.584+0000] {processor.py:183} INFO - Processing /home/airflow/.local/lib/python3.8/site-packages/airflow/example_dags/example_complex.py took 0.521 seconds
[2026-06-16T01:39:02.183+0000] {processor.py:161} INFO - Started process (PID=3381) to work on /home/airflow/.local/lib/python3.8/site-packages/airflow/example_dags/example_complex.py
[2026-06-16T01:39:02.187+0000] {processor.py:830} INFO - Processing file /home/airflow/.local/lib/python3.8/site-packages/airflow/example_dags/example_complex.py for tasks to queue
[2026-06-16T01:39:02.194+0000] {logging_mixin.py:188} INFO - [2026-06-16T01:39:02.192+0000] {dagbag.py:538} INFO - Filling up the DagBag from /home/airflow/.local/lib/python3.8/site-packages/airflow/example_dags/example_complex.py
[2026-06-16T01:39:02.280+0000] {processor.py:840} INFO - DAG(s) 'example_complex' retrieved from /home/airflow/.local/lib/python3.8/site-packages/airflow/example_dags/example_complex.py
[2026-06-16T01:39:02.385+0000] {logging_mixin.py:188} INFO - [2026-06-16T01:39:02.385+0000] {dag.py:3036} INFO - Sync 1 DAGs
[2026-06-16T01:39:02.424+0000] {logging_mixin.py:188} INFO - [2026-06-16T01:39:02.424+0000] {dag.py:3823} INFO - Setting next_dagrun for example_complex to None, run_after=None
[2026-06-16T01:39:02.486+0000] {processor.py:183} INFO - Processing /home/airflow/.local/lib/python3.8/site-packages/airflow/example_dags/example_complex.py took 0.315 seconds
[2026-06-16T01:39:32.681+0000] {processor.py:161} INFO - Started process (PID=3437) to work on /home/airflow/.local/lib/python3.8/site-packages/airflow/example_dags/example_complex.py
[2026-06-16T01:39:32.692+0000] {processor.py:830} INFO - Processing file /home/airflow/.local/lib/python3.8/site-packages/airflow/example_dags/example_complex.py for tasks to queue
[2026-06-16T01:39:32.699+0000] {logging_mixin.py:188} INFO - [2026-06-16T01:39:32.698+0000] {dagbag.py:538} INFO - Filling up the DagBag from /home/airflow/.local/lib/python3.8/site-packages/airflow/example_dags/example_complex.py
[2026-06-16T01:39:32.753+0000] {processor.py:840} INFO - DAG(s) 'example_complex' retrieved from /home/airflow/.local/lib/python3.8/site-packages/airflow/example_dags/example_complex.py
[2026-06-16T01:39:32.902+0000] {logging_mixin.py:188} INFO - [2026-06-16T01:39:32.901+0000] {dag.py:3036} INFO - Sync 1 DAGs
[2026-06-16T01:39:32.965+0000] {logging_mixin.py:188} INFO - [2026-06-16T01:39:32.965+0000] {dag.py:3823} INFO - Setting next_dagrun for example_complex to None, run_after=None
[2026-06-16T01:39:33.028+0000] {processor.py:183} INFO - Processing /home/airflow/.local/lib/python3.8/site-packages/airflow/example_dags/example_complex.py took 0.362 seconds
[2026-06-16T01:40:03.563+0000] {processor.py:161} INFO - Started process (PID=3493) to work on /home/airflow/.local/lib/python3.8/site-packages/airflow/example_dags/example_complex.py
[2026-06-16T01:40:03.566+0000] {processor.py:830} INFO - Processing file /home/airflow/.local/lib/python3.8/site-packages/airflow/example_dags/example_complex.py for tasks to queue
[2026-06-16T01:40:03.570+0000] {logging_mixin.py:188} INFO - [2026-06-16T01:40:03.569+0000] {dagbag.py:538} INFO - Filling up the DagBag from /home/airflow/.local/lib/python3.8/site-packages/airflow/example_dags/example_complex.py
[2026-06-16T01:40:03.603+0000] {processor.py:840} INFO - DAG(s) 'example_complex' retrieved from /home/airflow/.local/lib/python3.8/site-packages/airflow/example_dags/example_complex.py
[2026-06-16T01:40:03.674+0000] {logging_mixin.py:188} INFO - [2026-06-16T01:40:03.673+0000] {dag.py:3036} INFO - Sync 1 DAGs
[2026-06-16T01:40:03.707+0000] {logging_mixin.py:188} INFO - [2026-06-16T01:40:03.707+0000] {dag.py:3823} INFO - Setting next_dagrun for example_complex to None, run_after=None
[2026-06-16T01:40:03.755+0000] {processor.py:183} INFO - Processing /home/airflow/.local/lib/python3.8/site-packages/airflow/example_dags/example_complex.py took 0.200 seconds
[2026-06-16T01:40:34.266+0000] {processor.py:161} INFO - Started process (PID=3550) to work on /home/airflow/.local/lib/python3.8/site-packages/airflow/example_dags/example_complex.py
[2026-06-16T01:40:34.334+0000] {processor.py:830} INFO - Processing file /home/airflow/.local/lib/python3.8/site-packages/airflow/example_dags/example_complex.py for tasks to queue
[2026-06-16T01:40:34.340+0000] {logging_mixin.py:188} INFO - [2026-06-16T01:40:34.339+0000] {dagbag.py:538} INFO - Filling up the DagBag from /home/airflow/.local/lib/python3.8/site-packages/airflow/example_dags/example_complex.py
[2026-06-16T01:40:34.476+0000] {processor.py:840} INFO - DAG(s) 'example_complex' retrieved from /home/airflow/.local/lib/python3.8/site-packages/airflow/example_dags/example_complex.py
[2026-06-16T01:40:34.630+0000] {logging_mixin.py:188} INFO - [2026-06-16T01:40:34.630+0000] {dag.py:3036} INFO - Sync 1 DAGs
[2026-06-16T01:40:34.681+0000] {logging_mixin.py:188} INFO - [2026-06-16T01:40:34.680+0000] {dag.py:3823} INFO - Setting next_dagrun for example_complex to None, run_after=None
[2026-06-16T01:40:34.741+0000] {processor.py:183} INFO - Processing /home/airflow/.local/lib/python3.8/site-packages/airflow/example_dags/example_complex.py took 0.505 seconds
[2026-06-16T01:41:05.415+0000] {processor.py:161} INFO - Started process (PID=3606) to work on /home/airflow/.local/lib/python3.8/site-packages/airflow/example_dags/example_complex.py
[2026-06-16T01:41:05.418+0000] {processor.py:830} INFO - Processing file /home/airflow/.local/lib/python3.8/site-packages/airflow/example_dags/example_complex.py for tasks to queue
[2026-06-16T01:41:05.422+0000] {logging_mixin.py:188} INFO - [2026-06-16T01:41:05.422+0000] {dagbag.py:538} INFO - Filling up the DagBag from /home/airflow/.local/lib/python3.8/site-packages/airflow/example_dags/example_complex.py
[2026-06-16T01:41:05.456+0000] {processor.py:840} INFO - DAG(s) 'example_complex' retrieved from /home/airflow/.local/lib/python3.8/site-packages/airflow/example_dags/example_complex.py
[2026-06-16T01:41:05.536+0000] {logging_mixin.py:188} INFO - [2026-06-16T01:41:05.535+0000] {dag.py:3036} INFO - Sync 1 DAGs
[2026-06-16T01:41:05.565+0000] {logging_mixin.py:188} INFO - [2026-06-16T01:41:05.564+0000] {dag.py:3823} INFO - Setting next_dagrun for example_complex to None, run_after=None
[2026-06-16T01:41:05.629+0000] {processor.py:183} INFO - Processing /home/airflow/.local/lib/python3.8/site-packages/airflow/example_dags/example_complex.py took 0.220 seconds
[2026-06-16T01:41:35.689+0000] {processor.py:161} INFO - Started process (PID=3662) to work on /home/airflow/.local/lib/python3.8/site-packages/airflow/example_dags/example_complex.py
[2026-06-16T01:41:35.691+0000] {processor.py:830} INFO - Processing file /home/airflow/.local/lib/python3.8/site-packages/airflow/example_dags/example_complex.py for tasks to queue
[2026-06-16T01:41:35.697+0000] {logging_mixin.py:188} INFO - [2026-06-16T01:41:35.697+0000] {dagbag.py:538} INFO - Filling up the DagBag from /home/airflow/.local/lib/python3.8/site-packages/airflow/example_dags/example_complex.py
[2026-06-16T01:41:35.733+0000] {processor.py:840} INFO - DAG(s) 'example_complex' retrieved from /home/airflow/.local/lib/python3.8/site-packages/airflow/example_dags/example_complex.py
[2026-06-16T01:41:35.835+0000] {logging_mixin.py:188} INFO - [2026-06-16T01:41:35.834+0000] {dag.py:3036} INFO - Sync 1 DAGs
[2026-06-16T01:41:35.868+0000] {logging_mixin.py:188} INFO - [2026-06-16T01:41:35.867+0000] {dag.py:3823} INFO - Setting next_dagrun for example_complex to None, run_after=None
[2026-06-16T01:41:35.917+0000] {processor.py:183} INFO - Processing /home/airflow/.local/lib/python3.8/site-packages/airflow/example_dags/example_complex.py took 0.238 seconds
[2026-06-16T01:42:06.456+0000] {processor.py:161} INFO - Started process (PID=3719) to work on /home/airflow/.local/lib/python3.8/site-packages/airflow/example_dags/example_complex.py
[2026-06-16T01:42:06.459+0000] {processor.py:830} INFO - Processing file /home/airflow/.local/lib/python3.8/site-packages/airflow/example_dags/example_complex.py for tasks to queue
[2026-06-16T01:42:06.464+0000] {logging_mixin.py:188} INFO - [2026-06-16T01:42:06.463+0000] {dagbag.py:538} INFO - Filling up the DagBag from /home/airflow/.local/lib/python3.8/site-packages/airflow/example_dags/example_complex.py
[2026-06-16T01:42:06.490+0000] {processor.py:840} INFO - DAG(s) 'example_complex' retrieved from /home/airflow/.local/lib/python3.8/site-packages/airflow/example_dags/example_complex.py
[2026-06-16T01:42:06.569+0000] {logging_mixin.py:188} INFO - [2026-06-16T01:42:06.569+0000] {dag.py:3036} INFO - Sync 1 DAGs
[2026-06-16T01:42:06.607+0000] {logging_mixin.py:188} INFO - [2026-06-16T01:42:06.606+0000] {dag.py:3823} INFO - Setting next_dagrun for example_complex to None, run_after=None
[2026-06-16T01:42:06.662+0000] {processor.py:183} INFO - Processing /home/airflow/.local/lib/python3.8/site-packages/airflow/example_dags/example_complex.py took 0.212 seconds
[2026-06-16T01:42:37.045+0000] {processor.py:161} INFO - Started process (PID=3775) to work on /home/airflow/.local/lib/python3.8/site-packages/airflow/example_dags/example_complex.py
[2026-06-16T01:42:37.047+0000] {processor.py:830} INFO - Processing file /home/airflow/.local/lib/python3.8/site-packages/airflow/example_dags/example_complex.py for tasks to queue
[2026-06-16T01:42:37.052+0000] {logging_mixin.py:188} INFO - [2026-06-16T01:42:37.052+0000] {dagbag.py:538} INFO - Filling up the DagBag from /home/airflow/.local/lib/python3.8/site-packages/airflow/example_dags/example_complex.py
[2026-06-16T01:42:37.088+0000] {processor.py:840} INFO - DAG(s) 'example_complex' retrieved from /home/airflow/.local/lib/python3.8/site-packages/airflow/example_dags/example_complex.py
[2026-06-16T01:42:37.172+0000] {logging_mixin.py:188} INFO - [2026-06-16T01:42:37.171+0000] {dag.py:3036} INFO - Sync 1 DAGs
[2026-06-16T01:42:37.209+0000] {logging_mixin.py:188} INFO - [2026-06-16T01:42:37.208+0000] {dag.py:3823} INFO - Setting next_dagrun for example_complex to None, run_after=None
[2026-06-16T01:42:37.266+0000] {processor.py:183} INFO - Processing /home/airflow/.local/lib/python3.8/site-packages/airflow/example_dags/example_complex.py took 0.228 seconds
[2026-06-16T01:43:07.332+0000] {processor.py:161} INFO - Started process (PID=3831) to work on /home/airflow/.local/lib/python3.8/site-packages/airflow/example_dags/example_complex.py
[2026-06-16T01:43:07.337+0000] {processor.py:830} INFO - Processing file /home/airflow/.local/lib/python3.8/site-packages/airflow/example_dags/example_complex.py for tasks to queue
[2026-06-16T01:43:07.342+0000] {logging_mixin.py:188} INFO - [2026-06-16T01:43:07.341+0000] {dagbag.py:538} INFO - Filling up the DagBag from /home/airflow/.local/lib/python3.8/site-packages/airflow/example_dags/example_complex.py
[2026-06-16T01:43:07.373+0000] {processor.py:840} INFO - DAG(s) 'example_complex' retrieved from /home/airflow/.local/lib/python3.8/site-packages/airflow/example_dags/example_complex.py
[2026-06-16T01:43:07.458+0000] {logging_mixin.py:188} INFO - [2026-06-16T01:43:07.457+0000] {dag.py:3036} INFO - Sync 1 DAGs
[2026-06-16T01:43:07.489+0000] {logging_mixin.py:188} INFO - [2026-06-16T01:43:07.488+0000] {dag.py:3823} INFO - Setting next_dagrun for example_complex to None, run_after=None
[2026-06-16T01:43:07.540+0000] {processor.py:183} INFO - Processing /home/airflow/.local/lib/python3.8/site-packages/airflow/example_dags/example_complex.py took 0.215 seconds
[2026-06-16T01:43:37.604+0000] {processor.py:161} INFO - Started process (PID=3887) to work on /home/airflow/.local/lib/python3.8/site-packages/airflow/example_dags/example_complex.py
[2026-06-16T01:43:37.607+0000] {processor.py:830} INFO - Processing file /home/airflow/.local/lib/python3.8/site-packages/airflow/example_dags/example_complex.py for tasks to queue
[2026-06-16T01:43:37.613+0000] {logging_mixin.py:188} INFO - [2026-06-16T01:43:37.613+0000] {dagbag.py:538} INFO - Filling up the DagBag from /home/airflow/.local/lib/python3.8/site-packages/airflow/example_dags/example_complex.py
[2026-06-16T01:43:37.643+0000] {processor.py:840} INFO - DAG(s) 'example_complex' retrieved from /home/airflow/.local/lib/python3.8/site-packages/airflow/example_dags/example_complex.py
[2026-06-16T01:43:37.714+0000] {logging_mixin.py:188} INFO - [2026-06-16T01:43:37.713+0000] {dag.py:3036} INFO - Sync 1 DAGs
[2026-06-16T01:43:37.740+0000] {logging_mixin.py:188} INFO - [2026-06-16T01:43:37.740+0000] {dag.py:3823} INFO - Setting next_dagrun for example_complex to None, run_after=None
[2026-06-16T01:43:37.784+0000] {processor.py:183} INFO - Processing /home/airflow/.local/lib/python3.8/site-packages/airflow/example_dags/example_complex.py took 0.188 seconds
[2026-06-16T01:44:07.887+0000] {processor.py:161} INFO - Started process (PID=3943) to work on /home/airflow/.local/lib/python3.8/site-packages/airflow/example_dags/example_complex.py
[2026-06-16T01:44:07.890+0000] {processor.py:830} INFO - Processing file /home/airflow/.local/lib/python3.8/site-packages/airflow/example_dags/example_complex.py for tasks to queue
[2026-06-16T01:44:07.894+0000] {logging_mixin.py:188} INFO - [2026-06-16T01:44:07.894+0000] {dagbag.py:538} INFO - Filling up the DagBag from /home/airflow/.local/lib/python3.8/site-packages/airflow/example_dags/example_complex.py
[2026-06-16T01:44:07.920+0000] {processor.py:840} INFO - DAG(s) 'example_complex' retrieved from /home/airflow/.local/lib/python3.8/site-packages/airflow/example_dags/example_complex.py
[2026-06-16T01:44:07.992+0000] {logging_mixin.py:188} INFO - [2026-06-16T01:44:07.992+0000] {dag.py:3036} INFO - Sync 1 DAGs
[2026-06-16T01:44:08.026+0000] {logging_mixin.py:188} INFO - [2026-06-16T01:44:08.025+0000] {dag.py:3823} INFO - Setting next_dagrun for example_complex to None, run_after=None
[2026-06-16T01:44:08.076+0000] {processor.py:183} INFO - Processing /home/airflow/.local/lib/python3.8/site-packages/airflow/example_dags/example_complex.py took 0.197 seconds
[2026-06-16T01:44:38.199+0000] {processor.py:161} INFO - Started process (PID=3999) to work on /home/airflow/.local/lib/python3.8/site-packages/airflow/example_dags/example_complex.py
[2026-06-16T01:44:38.202+0000] {processor.py:830} INFO - Processing file /home/airflow/.local/lib/python3.8/site-packages/airflow/example_dags/example_complex.py for tasks to queue
[2026-06-16T01:44:38.207+0000] {logging_mixin.py:188} INFO - [2026-06-16T01:44:38.206+0000] {dagbag.py:538} INFO - Filling up the DagBag from /home/airflow/.local/lib/python3.8/site-packages/airflow/example_dags/example_complex.py
[2026-06-16T01:44:38.244+0000] {processor.py:840} INFO - DAG(s) 'example_complex' retrieved from /home/airflow/.local/lib/python3.8/site-packages/airflow/example_dags/example_complex.py
[2026-06-16T01:44:38.341+0000] {logging_mixin.py:188} INFO - [2026-06-16T01:44:38.340+0000] {dag.py:3036} INFO - Sync 1 DAGs
[2026-06-16T01:44:38.378+0000] {logging_mixin.py:188} INFO - [2026-06-16T01:44:38.378+0000] {dag.py:3823} INFO - Setting next_dagrun for example_complex to None, run_after=None
[2026-06-16T01:44:38.430+0000] {processor.py:183} INFO - Processing /home/airflow/.local/lib/python3.8/site-packages/airflow/example_dags/example_complex.py took 0.241 seconds
[2026-06-16T01:45:08.601+0000] {processor.py:161} INFO - Started process (PID=4055) to work on /home/airflow/.local/lib/python3.8/site-packages/airflow/example_dags/example_complex.py
[2026-06-16T01:45:08.604+0000] {processor.py:830} INFO - Processing file /home/airflow/.local/lib/python3.8/site-packages/airflow/example_dags/example_complex.py for tasks to queue
[2026-06-16T01:45:08.609+0000] {logging_mixin.py:188} INFO - [2026-06-16T01:45:08.608+0000] {dagbag.py:538} INFO - Filling up the DagBag from /home/airflow/.local/lib/python3.8/site-packages/airflow/example_dags/example_complex.py
[2026-06-16T01:45:08.645+0000] {processor.py:840} INFO - DAG(s) 'example_complex' retrieved from /home/airflow/.local/lib/python3.8/site-packages/airflow/example_dags/example_complex.py
[2026-06-16T01:45:08.749+0000] {logging_mixin.py:188} INFO - [2026-06-16T01:45:08.748+0000] {dag.py:3036} INFO - Sync 1 DAGs
[2026-06-16T01:45:08.788+0000] {logging_mixin.py:188} INFO - [2026-06-16T01:45:08.788+0000] {dag.py:3823} INFO - Setting next_dagrun for example_complex to None, run_after=None
[2026-06-16T01:45:08.838+0000] {processor.py:183} INFO - Processing /home/airflow/.local/lib/python3.8/site-packages/airflow/example_dags/example_complex.py took 0.245 seconds
[2026-06-16T01:45:39.041+0000] {processor.py:161} INFO - Started process (PID=4111) to work on /home/airflow/.local/lib/python3.8/site-packages/airflow/example_dags/example_complex.py
[2026-06-16T01:45:39.044+0000] {processor.py:830} INFO - Processing file /home/airflow/.local/lib/python3.8/site-packages/airflow/example_dags/example_complex.py for tasks to queue
[2026-06-16T01:45:39.051+0000] {logging_mixin.py:188} INFO - [2026-06-16T01:45:39.050+0000] {dagbag.py:538} INFO - Filling up the DagBag from /home/airflow/.local/lib/python3.8/site-packages/airflow/example_dags/example_complex.py
[2026-06-16T01:45:39.099+0000] {processor.py:840} INFO - DAG(s) 'example_complex' retrieved from /home/airflow/.local/lib/python3.8/site-packages/airflow/example_dags/example_complex.py
[2026-06-16T01:45:39.191+0000] {logging_mixin.py:188} INFO - [2026-06-16T01:45:39.190+0000] {dag.py:3036} INFO - Sync 1 DAGs
[2026-06-16T01:45:39.247+0000] {logging_mixin.py:188} INFO - [2026-06-16T01:45:39.241+0000] {dag.py:3823} INFO - Setting next_dagrun for example_complex to None, run_after=None
[2026-06-16T01:45:39.317+0000] {processor.py:183} INFO - Processing /home/airflow/.local/lib/python3.8/site-packages/airflow/example_dags/example_complex.py took 0.285 seconds
[2026-06-16T01:46:09.767+0000] {processor.py:161} INFO - Started process (PID=4163) to work on /home/airflow/.local/lib/python3.8/site-packages/airflow/example_dags/example_complex.py
[2026-06-16T01:46:09.769+0000] {processor.py:830} INFO - Processing file /home/airflow/.local/lib/python3.8/site-packages/airflow/example_dags/example_complex.py for tasks to queue
[2026-06-16T01:46:09.773+0000] {logging_mixin.py:188} INFO - [2026-06-16T01:46:09.772+0000] {dagbag.py:538} INFO - Filling up the DagBag from /home/airflow/.local/lib/python3.8/site-packages/airflow/example_dags/example_complex.py
[2026-06-16T01:46:09.799+0000] {processor.py:840} INFO - DAG(s) 'example_complex' retrieved from /home/airflow/.local/lib/python3.8/site-packages/airflow/example_dags/example_complex.py
[2026-06-16T01:46:09.889+0000] {logging_mixin.py:188} INFO - [2026-06-16T01:46:09.888+0000] {dag.py:3036} INFO - Sync 1 DAGs
[2026-06-16T01:46:09.919+0000] {logging_mixin.py:188} INFO - [2026-06-16T01:46:09.918+0000] {dag.py:3823} INFO - Setting next_dagrun for example_complex to None, run_after=None
[2026-06-16T01:46:09.956+0000] {processor.py:183} INFO - Processing /home/airflow/.local/lib/python3.8/site-packages/airflow/example_dags/example_complex.py took 0.196 seconds
[2026-06-16T01:46:40.775+0000] {processor.py:161} INFO - Started process (PID=4219) to work on /home/airflow/.local/lib/python3.8/site-packages/airflow/example_dags/example_complex.py
[2026-06-16T01:46:40.777+0000] {processor.py:830} INFO - Processing file /home/airflow/.local/lib/python3.8/site-packages/airflow/example_dags/example_complex.py for tasks to queue
[2026-06-16T01:46:40.782+0000] {logging_mixin.py:188} INFO - [2026-06-16T01:46:40.781+0000] {dagbag.py:538} INFO - Filling up the DagBag from /home/airflow/.local/lib/python3.8/site-packages/airflow/example_dags/example_complex.py
[2026-06-16T01:46:40.808+0000] {processor.py:840} INFO - DAG(s) 'example_complex' retrieved from /home/airflow/.local/lib/python3.8/site-packages/airflow/example_dags/example_complex.py
[2026-06-16T01:46:40.892+0000] {logging_mixin.py:188} INFO - [2026-06-16T01:46:40.891+0000] {dag.py:3036} INFO - Sync 1 DAGs
[2026-06-16T01:46:40.918+0000] {logging_mixin.py:188} INFO - [2026-06-16T01:46:40.917+0000] {dag.py:3823} INFO - Setting next_dagrun for example_complex to None, run_after=None
[2026-06-16T01:46:40.961+0000] {processor.py:183} INFO - Processing /home/airflow/.local/lib/python3.8/site-packages/airflow/example_dags/example_complex.py took 0.194 seconds
