[2026-06-16T01:08:21.260+0000] {processor.py:161} INFO - Started process (PID=110) to work on /home/airflow/.local/lib/python3.8/site-packages/airflow/example_dags/example_bash_operator.py
[2026-06-16T01:08:21.264+0000] {processor.py:830} INFO - Processing file /home/airflow/.local/lib/python3.8/site-packages/airflow/example_dags/example_bash_operator.py for tasks to queue
[2026-06-16T01:08:21.282+0000] {logging_mixin.py:188} INFO - [2026-06-16T01:08:21.281+0000] {dagbag.py:538} INFO - Filling up the DagBag from /home/airflow/.local/lib/python3.8/site-packages/airflow/example_dags/example_bash_operator.py
[2026-06-16T01:08:21.366+0000] {processor.py:840} INFO - DAG(s) 'example_bash_operator' retrieved from /home/airflow/.local/lib/python3.8/site-packages/airflow/example_dags/example_bash_operator.py
[2026-06-16T01:08:22.267+0000] {logging_mixin.py:188} INFO - [2026-06-16T01:08:22.263+0000] {dag.py:3036} INFO - Sync 1 DAGs
[2026-06-16T01:08:22.411+0000] {logging_mixin.py:188} INFO - [2026-06-16T01:08:22.409+0000] {dag.py:3823} INFO - Setting next_dagrun for example_bash_operator to 2026-06-15 00:00:00+00:00, run_after=2026-06-16 00:00:00+00:00
[2026-06-16T01:08:22.539+0000] {processor.py:183} INFO - Processing /home/airflow/.local/lib/python3.8/site-packages/airflow/example_dags/example_bash_operator.py took 1.302 seconds
[2026-06-16T01:09:07.323+0000] {processor.py:161} INFO - Started process (PID=172) to work on /home/airflow/.local/lib/python3.8/site-packages/airflow/example_dags/example_bash_operator.py
[2026-06-16T01:09:07.325+0000] {processor.py:830} INFO - Processing file /home/airflow/.local/lib/python3.8/site-packages/airflow/example_dags/example_bash_operator.py for tasks to queue
[2026-06-16T01:09:07.332+0000] {logging_mixin.py:188} INFO - [2026-06-16T01:09:07.331+0000] {dagbag.py:538} INFO - Filling up the DagBag from /home/airflow/.local/lib/python3.8/site-packages/airflow/example_dags/example_bash_operator.py
[2026-06-16T01:09:07.472+0000] {processor.py:840} INFO - DAG(s) 'example_bash_operator' retrieved from /home/airflow/.local/lib/python3.8/site-packages/airflow/example_dags/example_bash_operator.py
[2026-06-16T01:09:07.642+0000] {logging_mixin.py:188} INFO - [2026-06-16T01:09:07.641+0000] {dag.py:3036} INFO - Sync 1 DAGs
[2026-06-16T01:09:07.730+0000] {logging_mixin.py:188} INFO - [2026-06-16T01:09:07.729+0000] {dag.py:3823} INFO - Setting next_dagrun for example_bash_operator to 2026-06-15 00:00:00+00:00, run_after=2026-06-16 00:00:00+00:00
[2026-06-16T01:09:07.814+0000] {processor.py:183} INFO - Processing /home/airflow/.local/lib/python3.8/site-packages/airflow/example_dags/example_bash_operator.py took 0.500 seconds
[2026-06-16T01:09:40.571+0000] {processor.py:161} INFO - Started process (PID=228) to work on /home/airflow/.local/lib/python3.8/site-packages/airflow/example_dags/example_bash_operator.py
[2026-06-16T01:09:40.576+0000] {processor.py:830} INFO - Processing file /home/airflow/.local/lib/python3.8/site-packages/airflow/example_dags/example_bash_operator.py for tasks to queue
[2026-06-16T01:09:40.589+0000] {logging_mixin.py:188} INFO - [2026-06-16T01:09:40.588+0000] {dagbag.py:538} INFO - Filling up the DagBag from /home/airflow/.local/lib/python3.8/site-packages/airflow/example_dags/example_bash_operator.py
[2026-06-16T01:09:40.644+0000] {processor.py:840} INFO - DAG(s) 'example_bash_operator' retrieved from /home/airflow/.local/lib/python3.8/site-packages/airflow/example_dags/example_bash_operator.py
[2026-06-16T01:09:40.816+0000] {logging_mixin.py:188} INFO - [2026-06-16T01:09:40.816+0000] {dag.py:3036} INFO - Sync 1 DAGs
[2026-06-16T01:09:41.047+0000] {logging_mixin.py:188} INFO - [2026-06-16T01:09:41.045+0000] {dag.py:3823} INFO - Setting next_dagrun for example_bash_operator to 2026-06-15 00:00:00+00:00, run_after=2026-06-16 00:00:00+00:00
[2026-06-16T01:09:41.136+0000] {processor.py:183} INFO - Processing /home/airflow/.local/lib/python3.8/site-packages/airflow/example_dags/example_bash_operator.py took 0.580 seconds
[2026-06-16T01:10:11.779+0000] {processor.py:161} INFO - Started process (PID=284) to work on /home/airflow/.local/lib/python3.8/site-packages/airflow/example_dags/example_bash_operator.py
[2026-06-16T01:10:11.785+0000] {processor.py:830} INFO - Processing file /home/airflow/.local/lib/python3.8/site-packages/airflow/example_dags/example_bash_operator.py for tasks to queue
[2026-06-16T01:10:11.794+0000] {logging_mixin.py:188} INFO - [2026-06-16T01:10:11.793+0000] {dagbag.py:538} INFO - Filling up the DagBag from /home/airflow/.local/lib/python3.8/site-packages/airflow/example_dags/example_bash_operator.py
[2026-06-16T01:10:11.884+0000] {processor.py:840} INFO - DAG(s) 'example_bash_operator' retrieved from /home/airflow/.local/lib/python3.8/site-packages/airflow/example_dags/example_bash_operator.py
[2026-06-16T01:10:12.111+0000] {logging_mixin.py:188} INFO - [2026-06-16T01:10:12.110+0000] {dag.py:3036} INFO - Sync 1 DAGs
[2026-06-16T01:10:12.256+0000] {logging_mixin.py:188} INFO - [2026-06-16T01:10:12.249+0000] {dag.py:3823} INFO - Setting next_dagrun for example_bash_operator to 2026-06-15 00:00:00+00:00, run_after=2026-06-16 00:00:00+00:00
[2026-06-16T01:10:12.345+0000] {processor.py:183} INFO - Processing /home/airflow/.local/lib/python3.8/site-packages/airflow/example_dags/example_bash_operator.py took 0.577 seconds
[2026-06-16T01:10:45.417+0000] {processor.py:161} INFO - Started process (PID=341) to work on /home/airflow/.local/lib/python3.8/site-packages/airflow/example_dags/example_bash_operator.py
[2026-06-16T01:10:45.421+0000] {processor.py:830} INFO - Processing file /home/airflow/.local/lib/python3.8/site-packages/airflow/example_dags/example_bash_operator.py for tasks to queue
[2026-06-16T01:10:45.429+0000] {logging_mixin.py:188} INFO - [2026-06-16T01:10:45.429+0000] {dagbag.py:538} INFO - Filling up the DagBag from /home/airflow/.local/lib/python3.8/site-packages/airflow/example_dags/example_bash_operator.py
[2026-06-16T01:10:45.483+0000] {processor.py:840} INFO - DAG(s) 'example_bash_operator' retrieved from /home/airflow/.local/lib/python3.8/site-packages/airflow/example_dags/example_bash_operator.py
[2026-06-16T01:10:45.722+0000] {logging_mixin.py:188} INFO - [2026-06-16T01:10:45.721+0000] {dag.py:3036} INFO - Sync 1 DAGs
[2026-06-16T01:10:45.865+0000] {logging_mixin.py:188} INFO - [2026-06-16T01:10:45.864+0000] {dag.py:3823} INFO - Setting next_dagrun for example_bash_operator to 2026-06-15 00:00:00+00:00, run_after=2026-06-16 00:00:00+00:00
[2026-06-16T01:10:46.042+0000] {processor.py:183} INFO - Processing /home/airflow/.local/lib/python3.8/site-packages/airflow/example_dags/example_bash_operator.py took 0.639 seconds
[2026-06-16T01:11:16.244+0000] {processor.py:161} INFO - Started process (PID=395) to work on /home/airflow/.local/lib/python3.8/site-packages/airflow/example_dags/example_bash_operator.py
[2026-06-16T01:11:16.250+0000] {processor.py:830} INFO - Processing file /home/airflow/.local/lib/python3.8/site-packages/airflow/example_dags/example_bash_operator.py for tasks to queue
[2026-06-16T01:11:16.261+0000] {logging_mixin.py:188} INFO - [2026-06-16T01:11:16.256+0000] {dagbag.py:538} INFO - Filling up the DagBag from /home/airflow/.local/lib/python3.8/site-packages/airflow/example_dags/example_bash_operator.py
[2026-06-16T01:11:16.366+0000] {processor.py:840} INFO - DAG(s) 'example_bash_operator' retrieved from /home/airflow/.local/lib/python3.8/site-packages/airflow/example_dags/example_bash_operator.py
[2026-06-16T01:11:16.550+0000] {logging_mixin.py:188} INFO - [2026-06-16T01:11:16.549+0000] {dag.py:3036} INFO - Sync 1 DAGs
[2026-06-16T01:11:16.720+0000] {logging_mixin.py:188} INFO - [2026-06-16T01:11:16.719+0000] {dag.py:3823} INFO - Setting next_dagrun for example_bash_operator to 2026-06-15 00:00:00+00:00, run_after=2026-06-16 00:00:00+00:00
[2026-06-16T01:11:16.842+0000] {processor.py:183} INFO - Processing /home/airflow/.local/lib/python3.8/site-packages/airflow/example_dags/example_bash_operator.py took 0.610 seconds
[2026-06-16T01:11:47.129+0000] {processor.py:161} INFO - Started process (PID=451) to work on /home/airflow/.local/lib/python3.8/site-packages/airflow/example_dags/example_bash_operator.py
[2026-06-16T01:11:47.134+0000] {processor.py:830} INFO - Processing file /home/airflow/.local/lib/python3.8/site-packages/airflow/example_dags/example_bash_operator.py for tasks to queue
[2026-06-16T01:11:47.141+0000] {logging_mixin.py:188} INFO - [2026-06-16T01:11:47.140+0000] {dagbag.py:538} INFO - Filling up the DagBag from /home/airflow/.local/lib/python3.8/site-packages/airflow/example_dags/example_bash_operator.py
[2026-06-16T01:11:47.190+0000] {processor.py:840} INFO - DAG(s) 'example_bash_operator' retrieved from /home/airflow/.local/lib/python3.8/site-packages/airflow/example_dags/example_bash_operator.py
[2026-06-16T01:11:47.427+0000] {logging_mixin.py:188} INFO - [2026-06-16T01:11:47.427+0000] {dag.py:3036} INFO - Sync 1 DAGs
[2026-06-16T01:11:47.561+0000] {logging_mixin.py:188} INFO - [2026-06-16T01:11:47.559+0000] {dag.py:3823} INFO - Setting next_dagrun for example_bash_operator to 2026-06-15 00:00:00+00:00, run_after=2026-06-16 00:00:00+00:00
[2026-06-16T01:11:47.665+0000] {processor.py:183} INFO - Processing /home/airflow/.local/lib/python3.8/site-packages/airflow/example_dags/example_bash_operator.py took 0.549 seconds
[2026-06-16T01:12:17.952+0000] {processor.py:161} INFO - Started process (PID=507) to work on /home/airflow/.local/lib/python3.8/site-packages/airflow/example_dags/example_bash_operator.py
[2026-06-16T01:12:17.957+0000] {processor.py:830} INFO - Processing file /home/airflow/.local/lib/python3.8/site-packages/airflow/example_dags/example_bash_operator.py for tasks to queue
[2026-06-16T01:12:17.980+0000] {logging_mixin.py:188} INFO - [2026-06-16T01:12:17.980+0000] {dagbag.py:538} INFO - Filling up the DagBag from /home/airflow/.local/lib/python3.8/site-packages/airflow/example_dags/example_bash_operator.py
[2026-06-16T01:12:18.049+0000] {processor.py:840} INFO - DAG(s) 'example_bash_operator' retrieved from /home/airflow/.local/lib/python3.8/site-packages/airflow/example_dags/example_bash_operator.py
[2026-06-16T01:12:18.349+0000] {logging_mixin.py:188} INFO - [2026-06-16T01:12:18.348+0000] {dag.py:3036} INFO - Sync 1 DAGs
[2026-06-16T01:12:18.774+0000] {logging_mixin.py:188} INFO - [2026-06-16T01:12:18.773+0000] {dag.py:3823} INFO - Setting next_dagrun for example_bash_operator to 2026-06-15 00:00:00+00:00, run_after=2026-06-16 00:00:00+00:00
[2026-06-16T01:12:18.925+0000] {processor.py:183} INFO - Processing /home/airflow/.local/lib/python3.8/site-packages/airflow/example_dags/example_bash_operator.py took 0.985 seconds
[2026-06-16T01:12:49.420+0000] {processor.py:161} INFO - Started process (PID=563) to work on /home/airflow/.local/lib/python3.8/site-packages/airflow/example_dags/example_bash_operator.py
[2026-06-16T01:12:49.424+0000] {processor.py:830} INFO - Processing file /home/airflow/.local/lib/python3.8/site-packages/airflow/example_dags/example_bash_operator.py for tasks to queue
[2026-06-16T01:12:49.434+0000] {logging_mixin.py:188} INFO - [2026-06-16T01:12:49.433+0000] {dagbag.py:538} INFO - Filling up the DagBag from /home/airflow/.local/lib/python3.8/site-packages/airflow/example_dags/example_bash_operator.py
[2026-06-16T01:12:49.489+0000] {processor.py:840} INFO - DAG(s) 'example_bash_operator' retrieved from /home/airflow/.local/lib/python3.8/site-packages/airflow/example_dags/example_bash_operator.py
[2026-06-16T01:12:49.646+0000] {logging_mixin.py:188} INFO - [2026-06-16T01:12:49.645+0000] {dag.py:3036} INFO - Sync 1 DAGs
[2026-06-16T01:12:49.763+0000] {logging_mixin.py:188} INFO - [2026-06-16T01:12:49.757+0000] {dag.py:3823} INFO - Setting next_dagrun for example_bash_operator to 2026-06-15 00:00:00+00:00, run_after=2026-06-16 00:00:00+00:00
[2026-06-16T01:12:49.868+0000] {processor.py:183} INFO - Processing /home/airflow/.local/lib/python3.8/site-packages/airflow/example_dags/example_bash_operator.py took 0.465 seconds
[2026-06-16T01:13:20.354+0000] {processor.py:161} INFO - Started process (PID=619) to work on /home/airflow/.local/lib/python3.8/site-packages/airflow/example_dags/example_bash_operator.py
[2026-06-16T01:13:20.357+0000] {processor.py:830} INFO - Processing file /home/airflow/.local/lib/python3.8/site-packages/airflow/example_dags/example_bash_operator.py for tasks to queue
[2026-06-16T01:13:20.363+0000] {logging_mixin.py:188} INFO - [2026-06-16T01:13:20.362+0000] {dagbag.py:538} INFO - Filling up the DagBag from /home/airflow/.local/lib/python3.8/site-packages/airflow/example_dags/example_bash_operator.py
[2026-06-16T01:13:20.446+0000] {processor.py:840} INFO - DAG(s) 'example_bash_operator' retrieved from /home/airflow/.local/lib/python3.8/site-packages/airflow/example_dags/example_bash_operator.py
[2026-06-16T01:13:20.571+0000] {logging_mixin.py:188} INFO - [2026-06-16T01:13:20.570+0000] {dag.py:3036} INFO - Sync 1 DAGs
[2026-06-16T01:13:20.684+0000] {logging_mixin.py:188} INFO - [2026-06-16T01:13:20.683+0000] {dag.py:3823} INFO - Setting next_dagrun for example_bash_operator to 2026-06-15 00:00:00+00:00, run_after=2026-06-16 00:00:00+00:00
[2026-06-16T01:13:20.757+0000] {processor.py:183} INFO - Processing /home/airflow/.local/lib/python3.8/site-packages/airflow/example_dags/example_bash_operator.py took 0.412 seconds
[2026-06-16T01:13:51.380+0000] {processor.py:161} INFO - Started process (PID=675) to work on /home/airflow/.local/lib/python3.8/site-packages/airflow/example_dags/example_bash_operator.py
[2026-06-16T01:13:51.384+0000] {processor.py:830} INFO - Processing file /home/airflow/.local/lib/python3.8/site-packages/airflow/example_dags/example_bash_operator.py for tasks to queue
[2026-06-16T01:13:51.389+0000] {logging_mixin.py:188} INFO - [2026-06-16T01:13:51.388+0000] {dagbag.py:538} INFO - Filling up the DagBag from /home/airflow/.local/lib/python3.8/site-packages/airflow/example_dags/example_bash_operator.py
[2026-06-16T01:13:51.697+0000] {processor.py:840} INFO - DAG(s) 'example_bash_operator' retrieved from /home/airflow/.local/lib/python3.8/site-packages/airflow/example_dags/example_bash_operator.py
[2026-06-16T01:13:51.876+0000] {logging_mixin.py:188} INFO - [2026-06-16T01:13:51.876+0000] {dag.py:3036} INFO - Sync 1 DAGs
[2026-06-16T01:13:52.116+0000] {logging_mixin.py:188} INFO - [2026-06-16T01:13:52.116+0000] {dag.py:3823} INFO - Setting next_dagrun for example_bash_operator to 2026-06-15 00:00:00+00:00, run_after=2026-06-16 00:00:00+00:00
[2026-06-16T01:13:52.199+0000] {processor.py:183} INFO - Processing /home/airflow/.local/lib/python3.8/site-packages/airflow/example_dags/example_bash_operator.py took 0.841 seconds
[2026-06-16T01:14:25.202+0000] {processor.py:161} INFO - Started process (PID=730) to work on /home/airflow/.local/lib/python3.8/site-packages/airflow/example_dags/example_bash_operator.py
[2026-06-16T01:14:25.208+0000] {processor.py:830} INFO - Processing file /home/airflow/.local/lib/python3.8/site-packages/airflow/example_dags/example_bash_operator.py for tasks to queue
[2026-06-16T01:14:25.217+0000] {logging_mixin.py:188} INFO - [2026-06-16T01:14:25.215+0000] {dagbag.py:538} INFO - Filling up the DagBag from /home/airflow/.local/lib/python3.8/site-packages/airflow/example_dags/example_bash_operator.py
[2026-06-16T01:14:25.482+0000] {processor.py:840} INFO - DAG(s) 'example_bash_operator' retrieved from /home/airflow/.local/lib/python3.8/site-packages/airflow/example_dags/example_bash_operator.py
[2026-06-16T01:14:25.862+0000] {logging_mixin.py:188} INFO - [2026-06-16T01:14:25.861+0000] {dag.py:3036} INFO - Sync 1 DAGs
[2026-06-16T01:14:26.035+0000] {logging_mixin.py:188} INFO - [2026-06-16T01:14:26.029+0000] {dag.py:3823} INFO - Setting next_dagrun for example_bash_operator to 2026-06-15 00:00:00+00:00, run_after=2026-06-16 00:00:00+00:00
[2026-06-16T01:14:26.220+0000] {processor.py:183} INFO - Processing /home/airflow/.local/lib/python3.8/site-packages/airflow/example_dags/example_bash_operator.py took 1.031 seconds
[2026-06-16T01:14:56.360+0000] {processor.py:161} INFO - Started process (PID=786) to work on /home/airflow/.local/lib/python3.8/site-packages/airflow/example_dags/example_bash_operator.py
[2026-06-16T01:14:56.364+0000] {processor.py:830} INFO - Processing file /home/airflow/.local/lib/python3.8/site-packages/airflow/example_dags/example_bash_operator.py for tasks to queue
[2026-06-16T01:14:56.373+0000] {logging_mixin.py:188} INFO - [2026-06-16T01:14:56.372+0000] {dagbag.py:538} INFO - Filling up the DagBag from /home/airflow/.local/lib/python3.8/site-packages/airflow/example_dags/example_bash_operator.py
[2026-06-16T01:14:56.537+0000] {processor.py:840} INFO - DAG(s) 'example_bash_operator' retrieved from /home/airflow/.local/lib/python3.8/site-packages/airflow/example_dags/example_bash_operator.py
[2026-06-16T01:14:56.716+0000] {logging_mixin.py:188} INFO - [2026-06-16T01:14:56.715+0000] {dag.py:3036} INFO - Sync 1 DAGs
[2026-06-16T01:14:56.816+0000] {logging_mixin.py:188} INFO - [2026-06-16T01:14:56.815+0000] {dag.py:3823} INFO - Setting next_dagrun for example_bash_operator to 2026-06-15 00:00:00+00:00, run_after=2026-06-16 00:00:00+00:00
[2026-06-16T01:14:56.936+0000] {processor.py:183} INFO - Processing /home/airflow/.local/lib/python3.8/site-packages/airflow/example_dags/example_bash_operator.py took 0.588 seconds
[2026-06-16T01:15:27.511+0000] {processor.py:161} INFO - Started process (PID=842) to work on /home/airflow/.local/lib/python3.8/site-packages/airflow/example_dags/example_bash_operator.py
[2026-06-16T01:15:27.516+0000] {processor.py:830} INFO - Processing file /home/airflow/.local/lib/python3.8/site-packages/airflow/example_dags/example_bash_operator.py for tasks to queue
[2026-06-16T01:15:27.524+0000] {logging_mixin.py:188} INFO - [2026-06-16T01:15:27.523+0000] {dagbag.py:538} INFO - Filling up the DagBag from /home/airflow/.local/lib/python3.8/site-packages/airflow/example_dags/example_bash_operator.py
[2026-06-16T01:15:27.619+0000] {processor.py:840} INFO - DAG(s) 'example_bash_operator' retrieved from /home/airflow/.local/lib/python3.8/site-packages/airflow/example_dags/example_bash_operator.py
[2026-06-16T01:15:27.763+0000] {logging_mixin.py:188} INFO - [2026-06-16T01:15:27.762+0000] {dag.py:3036} INFO - Sync 1 DAGs
[2026-06-16T01:15:27.956+0000] {logging_mixin.py:188} INFO - [2026-06-16T01:15:27.955+0000] {dag.py:3823} INFO - Setting next_dagrun for example_bash_operator to 2026-06-15 00:00:00+00:00, run_after=2026-06-16 00:00:00+00:00
[2026-06-16T01:15:28.099+0000] {processor.py:183} INFO - Processing /home/airflow/.local/lib/python3.8/site-packages/airflow/example_dags/example_bash_operator.py took 0.607 seconds
[2026-06-16T01:16:04.094+0000] {processor.py:161} INFO - Started process (PID=898) to work on /home/airflow/.local/lib/python3.8/site-packages/airflow/example_dags/example_bash_operator.py
[2026-06-16T01:16:04.097+0000] {processor.py:830} INFO - Processing file /home/airflow/.local/lib/python3.8/site-packages/airflow/example_dags/example_bash_operator.py for tasks to queue
[2026-06-16T01:16:04.103+0000] {logging_mixin.py:188} INFO - [2026-06-16T01:16:04.102+0000] {dagbag.py:538} INFO - Filling up the DagBag from /home/airflow/.local/lib/python3.8/site-packages/airflow/example_dags/example_bash_operator.py
[2026-06-16T01:16:04.217+0000] {processor.py:840} INFO - DAG(s) 'example_bash_operator' retrieved from /home/airflow/.local/lib/python3.8/site-packages/airflow/example_dags/example_bash_operator.py
[2026-06-16T01:16:04.366+0000] {logging_mixin.py:188} INFO - [2026-06-16T01:16:04.365+0000] {dag.py:3036} INFO - Sync 1 DAGs
[2026-06-16T01:16:04.512+0000] {logging_mixin.py:188} INFO - [2026-06-16T01:16:04.511+0000] {dag.py:3823} INFO - Setting next_dagrun for example_bash_operator to 2026-06-15 00:00:00+00:00, run_after=2026-06-16 00:00:00+00:00
[2026-06-16T01:16:04.613+0000] {processor.py:183} INFO - Processing /home/airflow/.local/lib/python3.8/site-packages/airflow/example_dags/example_bash_operator.py took 0.533 seconds
[2026-06-16T01:16:38.155+0000] {processor.py:161} INFO - Started process (PID=953) to work on /home/airflow/.local/lib/python3.8/site-packages/airflow/example_dags/example_bash_operator.py
[2026-06-16T01:16:38.159+0000] {processor.py:830} INFO - Processing file /home/airflow/.local/lib/python3.8/site-packages/airflow/example_dags/example_bash_operator.py for tasks to queue
[2026-06-16T01:16:38.168+0000] {logging_mixin.py:188} INFO - [2026-06-16T01:16:38.168+0000] {dagbag.py:538} INFO - Filling up the DagBag from /home/airflow/.local/lib/python3.8/site-packages/airflow/example_dags/example_bash_operator.py
[2026-06-16T01:16:38.216+0000] {processor.py:840} INFO - DAG(s) 'example_bash_operator' retrieved from /home/airflow/.local/lib/python3.8/site-packages/airflow/example_dags/example_bash_operator.py
[2026-06-16T01:16:38.416+0000] {logging_mixin.py:188} INFO - [2026-06-16T01:16:38.416+0000] {dag.py:3036} INFO - Sync 1 DAGs
[2026-06-16T01:16:38.779+0000] {logging_mixin.py:188} INFO - [2026-06-16T01:16:38.778+0000] {dag.py:3823} INFO - Setting next_dagrun for example_bash_operator to 2026-06-15 00:00:00+00:00, run_after=2026-06-16 00:00:00+00:00
[2026-06-16T01:16:38.830+0000] {processor.py:183} INFO - Processing /home/airflow/.local/lib/python3.8/site-packages/airflow/example_dags/example_bash_operator.py took 0.685 seconds
[2026-06-16T01:17:10.252+0000] {processor.py:161} INFO - Started process (PID=1009) to work on /home/airflow/.local/lib/python3.8/site-packages/airflow/example_dags/example_bash_operator.py
[2026-06-16T01:17:10.334+0000] {processor.py:830} INFO - Processing file /home/airflow/.local/lib/python3.8/site-packages/airflow/example_dags/example_bash_operator.py for tasks to queue
[2026-06-16T01:17:10.351+0000] {logging_mixin.py:188} INFO - [2026-06-16T01:17:10.349+0000] {dagbag.py:538} INFO - Filling up the DagBag from /home/airflow/.local/lib/python3.8/site-packages/airflow/example_dags/example_bash_operator.py
[2026-06-16T01:17:10.613+0000] {processor.py:840} INFO - DAG(s) 'example_bash_operator' retrieved from /home/airflow/.local/lib/python3.8/site-packages/airflow/example_dags/example_bash_operator.py
[2026-06-16T01:17:10.935+0000] {logging_mixin.py:188} INFO - [2026-06-16T01:17:10.925+0000] {dag.py:3036} INFO - Sync 1 DAGs
[2026-06-16T01:17:11.361+0000] {logging_mixin.py:188} INFO - [2026-06-16T01:17:11.360+0000] {dag.py:3823} INFO - Setting next_dagrun for example_bash_operator to 2026-06-15 00:00:00+00:00, run_after=2026-06-16 00:00:00+00:00
[2026-06-16T01:17:11.678+0000] {processor.py:183} INFO - Processing /home/airflow/.local/lib/python3.8/site-packages/airflow/example_dags/example_bash_operator.py took 1.444 seconds
[2026-06-16T01:17:42.032+0000] {processor.py:161} INFO - Started process (PID=1070) to work on /home/airflow/.local/lib/python3.8/site-packages/airflow/example_dags/example_bash_operator.py
[2026-06-16T01:17:42.040+0000] {processor.py:830} INFO - Processing file /home/airflow/.local/lib/python3.8/site-packages/airflow/example_dags/example_bash_operator.py for tasks to queue
[2026-06-16T01:17:42.050+0000] {logging_mixin.py:188} INFO - [2026-06-16T01:17:42.049+0000] {dagbag.py:538} INFO - Filling up the DagBag from /home/airflow/.local/lib/python3.8/site-packages/airflow/example_dags/example_bash_operator.py
[2026-06-16T01:17:42.140+0000] {processor.py:840} INFO - DAG(s) 'example_bash_operator' retrieved from /home/airflow/.local/lib/python3.8/site-packages/airflow/example_dags/example_bash_operator.py
[2026-06-16T01:17:42.260+0000] {logging_mixin.py:188} INFO - [2026-06-16T01:17:42.258+0000] {dag.py:3036} INFO - Sync 1 DAGs
[2026-06-16T01:17:42.365+0000] {logging_mixin.py:188} INFO - [2026-06-16T01:17:42.365+0000] {dag.py:3823} INFO - Setting next_dagrun for example_bash_operator to 2026-06-15 00:00:00+00:00, run_after=2026-06-16 00:00:00+00:00
[2026-06-16T01:17:42.475+0000] {processor.py:183} INFO - Processing /home/airflow/.local/lib/python3.8/site-packages/airflow/example_dags/example_bash_operator.py took 0.465 seconds
[2026-06-16T01:18:12.808+0000] {processor.py:161} INFO - Started process (PID=1126) to work on /home/airflow/.local/lib/python3.8/site-packages/airflow/example_dags/example_bash_operator.py
[2026-06-16T01:18:12.810+0000] {processor.py:830} INFO - Processing file /home/airflow/.local/lib/python3.8/site-packages/airflow/example_dags/example_bash_operator.py for tasks to queue
[2026-06-16T01:18:12.818+0000] {logging_mixin.py:188} INFO - [2026-06-16T01:18:12.817+0000] {dagbag.py:538} INFO - Filling up the DagBag from /home/airflow/.local/lib/python3.8/site-packages/airflow/example_dags/example_bash_operator.py
[2026-06-16T01:18:12.905+0000] {processor.py:840} INFO - DAG(s) 'example_bash_operator' retrieved from /home/airflow/.local/lib/python3.8/site-packages/airflow/example_dags/example_bash_operator.py
[2026-06-16T01:18:13.021+0000] {logging_mixin.py:188} INFO - [2026-06-16T01:18:13.020+0000] {dag.py:3036} INFO - Sync 1 DAGs
[2026-06-16T01:18:13.154+0000] {logging_mixin.py:188} INFO - [2026-06-16T01:18:13.153+0000] {dag.py:3823} INFO - Setting next_dagrun for example_bash_operator to 2026-06-15 00:00:00+00:00, run_after=2026-06-16 00:00:00+00:00
[2026-06-16T01:18:13.223+0000] {processor.py:183} INFO - Processing /home/airflow/.local/lib/python3.8/site-packages/airflow/example_dags/example_bash_operator.py took 0.429 seconds
[2026-06-16T01:18:43.811+0000] {processor.py:161} INFO - Started process (PID=1182) to work on /home/airflow/.local/lib/python3.8/site-packages/airflow/example_dags/example_bash_operator.py
[2026-06-16T01:18:43.999+0000] {processor.py:830} INFO - Processing file /home/airflow/.local/lib/python3.8/site-packages/airflow/example_dags/example_bash_operator.py for tasks to queue
[2026-06-16T01:18:44.012+0000] {logging_mixin.py:188} INFO - [2026-06-16T01:18:44.011+0000] {dagbag.py:538} INFO - Filling up the DagBag from /home/airflow/.local/lib/python3.8/site-packages/airflow/example_dags/example_bash_operator.py
[2026-06-16T01:18:44.559+0000] {processor.py:840} INFO - DAG(s) 'example_bash_operator' retrieved from /home/airflow/.local/lib/python3.8/site-packages/airflow/example_dags/example_bash_operator.py
[2026-06-16T01:18:44.887+0000] {logging_mixin.py:188} INFO - [2026-06-16T01:18:44.885+0000] {dag.py:3036} INFO - Sync 1 DAGs
[2026-06-16T01:18:45.034+0000] {logging_mixin.py:188} INFO - [2026-06-16T01:18:45.034+0000] {dag.py:3823} INFO - Setting next_dagrun for example_bash_operator to 2026-06-15 00:00:00+00:00, run_after=2026-06-16 00:00:00+00:00
[2026-06-16T01:18:45.328+0000] {processor.py:183} INFO - Processing /home/airflow/.local/lib/python3.8/site-packages/airflow/example_dags/example_bash_operator.py took 1.601 seconds
[2026-06-16T01:19:15.535+0000] {processor.py:161} INFO - Started process (PID=1238) to work on /home/airflow/.local/lib/python3.8/site-packages/airflow/example_dags/example_bash_operator.py
[2026-06-16T01:19:15.539+0000] {processor.py:830} INFO - Processing file /home/airflow/.local/lib/python3.8/site-packages/airflow/example_dags/example_bash_operator.py for tasks to queue
[2026-06-16T01:19:15.545+0000] {logging_mixin.py:188} INFO - [2026-06-16T01:19:15.544+0000] {dagbag.py:538} INFO - Filling up the DagBag from /home/airflow/.local/lib/python3.8/site-packages/airflow/example_dags/example_bash_operator.py
[2026-06-16T01:19:15.587+0000] {processor.py:840} INFO - DAG(s) 'example_bash_operator' retrieved from /home/airflow/.local/lib/python3.8/site-packages/airflow/example_dags/example_bash_operator.py
[2026-06-16T01:19:15.743+0000] {logging_mixin.py:188} INFO - [2026-06-16T01:19:15.742+0000] {dag.py:3036} INFO - Sync 1 DAGs
[2026-06-16T01:19:16.023+0000] {logging_mixin.py:188} INFO - [2026-06-16T01:19:16.022+0000] {dag.py:3823} INFO - Setting next_dagrun for example_bash_operator to 2026-06-15 00:00:00+00:00, run_after=2026-06-16 00:00:00+00:00
[2026-06-16T01:19:16.130+0000] {processor.py:183} INFO - Processing /home/airflow/.local/lib/python3.8/site-packages/airflow/example_dags/example_bash_operator.py took 0.607 seconds
[2026-06-16T01:19:46.648+0000] {processor.py:161} INFO - Started process (PID=1294) to work on /home/airflow/.local/lib/python3.8/site-packages/airflow/example_dags/example_bash_operator.py
[2026-06-16T01:19:46.653+0000] {processor.py:830} INFO - Processing file /home/airflow/.local/lib/python3.8/site-packages/airflow/example_dags/example_bash_operator.py for tasks to queue
[2026-06-16T01:19:46.660+0000] {logging_mixin.py:188} INFO - [2026-06-16T01:19:46.659+0000] {dagbag.py:538} INFO - Filling up the DagBag from /home/airflow/.local/lib/python3.8/site-packages/airflow/example_dags/example_bash_operator.py
[2026-06-16T01:19:46.731+0000] {processor.py:840} INFO - DAG(s) 'example_bash_operator' retrieved from /home/airflow/.local/lib/python3.8/site-packages/airflow/example_dags/example_bash_operator.py
[2026-06-16T01:19:46.879+0000] {logging_mixin.py:188} INFO - [2026-06-16T01:19:46.878+0000] {dag.py:3036} INFO - Sync 1 DAGs
[2026-06-16T01:19:47.018+0000] {logging_mixin.py:188} INFO - [2026-06-16T01:19:47.018+0000] {dag.py:3823} INFO - Setting next_dagrun for example_bash_operator to 2026-06-15 00:00:00+00:00, run_after=2026-06-16 00:00:00+00:00
[2026-06-16T01:19:47.100+0000] {processor.py:183} INFO - Processing /home/airflow/.local/lib/python3.8/site-packages/airflow/example_dags/example_bash_operator.py took 0.463 seconds
[2026-06-16T01:20:17.676+0000] {processor.py:161} INFO - Started process (PID=1348) to work on /home/airflow/.local/lib/python3.8/site-packages/airflow/example_dags/example_bash_operator.py
[2026-06-16T01:20:17.680+0000] {processor.py:830} INFO - Processing file /home/airflow/.local/lib/python3.8/site-packages/airflow/example_dags/example_bash_operator.py for tasks to queue
[2026-06-16T01:20:17.695+0000] {logging_mixin.py:188} INFO - [2026-06-16T01:20:17.692+0000] {dagbag.py:538} INFO - Filling up the DagBag from /home/airflow/.local/lib/python3.8/site-packages/airflow/example_dags/example_bash_operator.py
[2026-06-16T01:20:17.772+0000] {processor.py:840} INFO - DAG(s) 'example_bash_operator' retrieved from /home/airflow/.local/lib/python3.8/site-packages/airflow/example_dags/example_bash_operator.py
[2026-06-16T01:20:18.204+0000] {logging_mixin.py:188} INFO - [2026-06-16T01:20:18.203+0000] {dag.py:3036} INFO - Sync 1 DAGs
[2026-06-16T01:20:18.348+0000] {logging_mixin.py:188} INFO - [2026-06-16T01:20:18.347+0000] {dag.py:3823} INFO - Setting next_dagrun for example_bash_operator to 2026-06-15 00:00:00+00:00, run_after=2026-06-16 00:00:00+00:00
[2026-06-16T01:20:18.436+0000] {processor.py:183} INFO - Processing /home/airflow/.local/lib/python3.8/site-packages/airflow/example_dags/example_bash_operator.py took 0.801 seconds
[2026-06-16T01:20:48.548+0000] {processor.py:161} INFO - Started process (PID=1404) to work on /home/airflow/.local/lib/python3.8/site-packages/airflow/example_dags/example_bash_operator.py
[2026-06-16T01:20:48.550+0000] {processor.py:830} INFO - Processing file /home/airflow/.local/lib/python3.8/site-packages/airflow/example_dags/example_bash_operator.py for tasks to queue
[2026-06-16T01:20:48.556+0000] {logging_mixin.py:188} INFO - [2026-06-16T01:20:48.555+0000] {dagbag.py:538} INFO - Filling up the DagBag from /home/airflow/.local/lib/python3.8/site-packages/airflow/example_dags/example_bash_operator.py
[2026-06-16T01:20:48.631+0000] {processor.py:840} INFO - DAG(s) 'example_bash_operator' retrieved from /home/airflow/.local/lib/python3.8/site-packages/airflow/example_dags/example_bash_operator.py
[2026-06-16T01:20:48.786+0000] {logging_mixin.py:188} INFO - [2026-06-16T01:20:48.785+0000] {dag.py:3036} INFO - Sync 1 DAGs
[2026-06-16T01:20:48.960+0000] {logging_mixin.py:188} INFO - [2026-06-16T01:20:48.959+0000] {dag.py:3823} INFO - Setting next_dagrun for example_bash_operator to 2026-06-15 00:00:00+00:00, run_after=2026-06-16 00:00:00+00:00
[2026-06-16T01:20:49.120+0000] {processor.py:183} INFO - Processing /home/airflow/.local/lib/python3.8/site-packages/airflow/example_dags/example_bash_operator.py took 0.581 seconds
[2026-06-16T01:21:19.364+0000] {processor.py:161} INFO - Started process (PID=1460) to work on /home/airflow/.local/lib/python3.8/site-packages/airflow/example_dags/example_bash_operator.py
[2026-06-16T01:21:19.367+0000] {processor.py:830} INFO - Processing file /home/airflow/.local/lib/python3.8/site-packages/airflow/example_dags/example_bash_operator.py for tasks to queue
[2026-06-16T01:21:19.386+0000] {logging_mixin.py:188} INFO - [2026-06-16T01:21:19.385+0000] {dagbag.py:538} INFO - Filling up the DagBag from /home/airflow/.local/lib/python3.8/site-packages/airflow/example_dags/example_bash_operator.py
[2026-06-16T01:21:19.426+0000] {processor.py:840} INFO - DAG(s) 'example_bash_operator' retrieved from /home/airflow/.local/lib/python3.8/site-packages/airflow/example_dags/example_bash_operator.py
[2026-06-16T01:21:19.628+0000] {logging_mixin.py:188} INFO - [2026-06-16T01:21:19.628+0000] {dag.py:3036} INFO - Sync 1 DAGs
[2026-06-16T01:21:19.845+0000] {logging_mixin.py:188} INFO - [2026-06-16T01:21:19.844+0000] {dag.py:3823} INFO - Setting next_dagrun for example_bash_operator to 2026-06-15 00:00:00+00:00, run_after=2026-06-16 00:00:00+00:00
[2026-06-16T01:21:20.008+0000] {processor.py:183} INFO - Processing /home/airflow/.local/lib/python3.8/site-packages/airflow/example_dags/example_bash_operator.py took 0.654 seconds
[2026-06-16T01:21:50.900+0000] {processor.py:161} INFO - Started process (PID=1517) to work on /home/airflow/.local/lib/python3.8/site-packages/airflow/example_dags/example_bash_operator.py
[2026-06-16T01:21:50.905+0000] {processor.py:830} INFO - Processing file /home/airflow/.local/lib/python3.8/site-packages/airflow/example_dags/example_bash_operator.py for tasks to queue
[2026-06-16T01:21:50.913+0000] {logging_mixin.py:188} INFO - [2026-06-16T01:21:50.912+0000] {dagbag.py:538} INFO - Filling up the DagBag from /home/airflow/.local/lib/python3.8/site-packages/airflow/example_dags/example_bash_operator.py
[2026-06-16T01:21:50.961+0000] {processor.py:840} INFO - DAG(s) 'example_bash_operator' retrieved from /home/airflow/.local/lib/python3.8/site-packages/airflow/example_dags/example_bash_operator.py
[2026-06-16T01:21:51.146+0000] {logging_mixin.py:188} INFO - [2026-06-16T01:21:51.144+0000] {dag.py:3036} INFO - Sync 1 DAGs
[2026-06-16T01:21:51.321+0000] {logging_mixin.py:188} INFO - [2026-06-16T01:21:51.319+0000] {dag.py:3823} INFO - Setting next_dagrun for example_bash_operator to 2026-06-15 00:00:00+00:00, run_after=2026-06-16 00:00:00+00:00
[2026-06-16T01:21:51.427+0000] {processor.py:183} INFO - Processing /home/airflow/.local/lib/python3.8/site-packages/airflow/example_dags/example_bash_operator.py took 0.536 seconds
[2026-06-16T01:22:22.160+0000] {processor.py:161} INFO - Started process (PID=1573) to work on /home/airflow/.local/lib/python3.8/site-packages/airflow/example_dags/example_bash_operator.py
[2026-06-16T01:22:22.163+0000] {processor.py:830} INFO - Processing file /home/airflow/.local/lib/python3.8/site-packages/airflow/example_dags/example_bash_operator.py for tasks to queue
[2026-06-16T01:22:22.169+0000] {logging_mixin.py:188} INFO - [2026-06-16T01:22:22.168+0000] {dagbag.py:538} INFO - Filling up the DagBag from /home/airflow/.local/lib/python3.8/site-packages/airflow/example_dags/example_bash_operator.py
[2026-06-16T01:22:22.273+0000] {processor.py:840} INFO - DAG(s) 'example_bash_operator' retrieved from /home/airflow/.local/lib/python3.8/site-packages/airflow/example_dags/example_bash_operator.py
[2026-06-16T01:22:22.410+0000] {logging_mixin.py:188} INFO - [2026-06-16T01:22:22.409+0000] {dag.py:3036} INFO - Sync 1 DAGs
[2026-06-16T01:22:22.519+0000] {logging_mixin.py:188} INFO - [2026-06-16T01:22:22.516+0000] {dag.py:3823} INFO - Setting next_dagrun for example_bash_operator to 2026-06-15 00:00:00+00:00, run_after=2026-06-16 00:00:00+00:00
[2026-06-16T01:22:22.618+0000] {processor.py:183} INFO - Processing /home/airflow/.local/lib/python3.8/site-packages/airflow/example_dags/example_bash_operator.py took 0.472 seconds
[2026-06-16T01:22:53.005+0000] {processor.py:161} INFO - Started process (PID=1629) to work on /home/airflow/.local/lib/python3.8/site-packages/airflow/example_dags/example_bash_operator.py
[2026-06-16T01:22:53.008+0000] {processor.py:830} INFO - Processing file /home/airflow/.local/lib/python3.8/site-packages/airflow/example_dags/example_bash_operator.py for tasks to queue
[2026-06-16T01:22:53.016+0000] {logging_mixin.py:188} INFO - [2026-06-16T01:22:53.015+0000] {dagbag.py:538} INFO - Filling up the DagBag from /home/airflow/.local/lib/python3.8/site-packages/airflow/example_dags/example_bash_operator.py
[2026-06-16T01:22:53.081+0000] {processor.py:840} INFO - DAG(s) 'example_bash_operator' retrieved from /home/airflow/.local/lib/python3.8/site-packages/airflow/example_dags/example_bash_operator.py
[2026-06-16T01:22:53.206+0000] {logging_mixin.py:188} INFO - [2026-06-16T01:22:53.206+0000] {dag.py:3036} INFO - Sync 1 DAGs
[2026-06-16T01:22:53.308+0000] {logging_mixin.py:188} INFO - [2026-06-16T01:22:53.307+0000] {dag.py:3823} INFO - Setting next_dagrun for example_bash_operator to 2026-06-15 00:00:00+00:00, run_after=2026-06-16 00:00:00+00:00
[2026-06-16T01:22:53.396+0000] {processor.py:183} INFO - Processing /home/airflow/.local/lib/python3.8/site-packages/airflow/example_dags/example_bash_operator.py took 0.408 seconds
[2026-06-16T01:23:23.524+0000] {processor.py:161} INFO - Started process (PID=1684) to work on /home/airflow/.local/lib/python3.8/site-packages/airflow/example_dags/example_bash_operator.py
[2026-06-16T01:23:23.527+0000] {processor.py:830} INFO - Processing file /home/airflow/.local/lib/python3.8/site-packages/airflow/example_dags/example_bash_operator.py for tasks to queue
[2026-06-16T01:23:23.537+0000] {logging_mixin.py:188} INFO - [2026-06-16T01:23:23.537+0000] {dagbag.py:538} INFO - Filling up the DagBag from /home/airflow/.local/lib/python3.8/site-packages/airflow/example_dags/example_bash_operator.py
[2026-06-16T01:23:23.582+0000] {processor.py:840} INFO - DAG(s) 'example_bash_operator' retrieved from /home/airflow/.local/lib/python3.8/site-packages/airflow/example_dags/example_bash_operator.py
[2026-06-16T01:23:23.709+0000] {logging_mixin.py:188} INFO - [2026-06-16T01:23:23.706+0000] {dag.py:3036} INFO - Sync 1 DAGs
[2026-06-16T01:23:23.871+0000] {logging_mixin.py:188} INFO - [2026-06-16T01:23:23.871+0000] {dag.py:3823} INFO - Setting next_dagrun for example_bash_operator to 2026-06-15 00:00:00+00:00, run_after=2026-06-16 00:00:00+00:00
[2026-06-16T01:23:23.979+0000] {processor.py:183} INFO - Processing /home/airflow/.local/lib/python3.8/site-packages/airflow/example_dags/example_bash_operator.py took 0.470 seconds
[2026-06-16T01:23:55.159+0000] {processor.py:161} INFO - Started process (PID=1740) to work on /home/airflow/.local/lib/python3.8/site-packages/airflow/example_dags/example_bash_operator.py
[2026-06-16T01:23:55.163+0000] {processor.py:830} INFO - Processing file /home/airflow/.local/lib/python3.8/site-packages/airflow/example_dags/example_bash_operator.py for tasks to queue
[2026-06-16T01:23:55.172+0000] {logging_mixin.py:188} INFO - [2026-06-16T01:23:55.171+0000] {dagbag.py:538} INFO - Filling up the DagBag from /home/airflow/.local/lib/python3.8/site-packages/airflow/example_dags/example_bash_operator.py
[2026-06-16T01:23:55.238+0000] {processor.py:840} INFO - DAG(s) 'example_bash_operator' retrieved from /home/airflow/.local/lib/python3.8/site-packages/airflow/example_dags/example_bash_operator.py
[2026-06-16T01:23:55.352+0000] {logging_mixin.py:188} INFO - [2026-06-16T01:23:55.351+0000] {dag.py:3036} INFO - Sync 1 DAGs
[2026-06-16T01:23:55.429+0000] {logging_mixin.py:188} INFO - [2026-06-16T01:23:55.428+0000] {dag.py:3823} INFO - Setting next_dagrun for example_bash_operator to 2026-06-15 00:00:00+00:00, run_after=2026-06-16 00:00:00+00:00
[2026-06-16T01:23:55.493+0000] {processor.py:183} INFO - Processing /home/airflow/.local/lib/python3.8/site-packages/airflow/example_dags/example_bash_operator.py took 0.345 seconds
[2026-06-16T01:24:25.904+0000] {processor.py:161} INFO - Started process (PID=1796) to work on /home/airflow/.local/lib/python3.8/site-packages/airflow/example_dags/example_bash_operator.py
[2026-06-16T01:24:25.907+0000] {processor.py:830} INFO - Processing file /home/airflow/.local/lib/python3.8/site-packages/airflow/example_dags/example_bash_operator.py for tasks to queue
[2026-06-16T01:24:25.914+0000] {logging_mixin.py:188} INFO - [2026-06-16T01:24:25.914+0000] {dagbag.py:538} INFO - Filling up the DagBag from /home/airflow/.local/lib/python3.8/site-packages/airflow/example_dags/example_bash_operator.py
[2026-06-16T01:24:25.950+0000] {processor.py:840} INFO - DAG(s) 'example_bash_operator' retrieved from /home/airflow/.local/lib/python3.8/site-packages/airflow/example_dags/example_bash_operator.py
[2026-06-16T01:24:26.033+0000] {logging_mixin.py:188} INFO - [2026-06-16T01:24:26.033+0000] {dag.py:3036} INFO - Sync 1 DAGs
[2026-06-16T01:24:26.101+0000] {logging_mixin.py:188} INFO - [2026-06-16T01:24:26.100+0000] {dag.py:3823} INFO - Setting next_dagrun for example_bash_operator to 2026-06-15 00:00:00+00:00, run_after=2026-06-16 00:00:00+00:00
[2026-06-16T01:24:26.159+0000] {processor.py:183} INFO - Processing /home/airflow/.local/lib/python3.8/site-packages/airflow/example_dags/example_bash_operator.py took 0.264 seconds
[2026-06-16T01:24:56.563+0000] {processor.py:161} INFO - Started process (PID=1852) to work on /home/airflow/.local/lib/python3.8/site-packages/airflow/example_dags/example_bash_operator.py
[2026-06-16T01:24:56.565+0000] {processor.py:830} INFO - Processing file /home/airflow/.local/lib/python3.8/site-packages/airflow/example_dags/example_bash_operator.py for tasks to queue
[2026-06-16T01:24:56.568+0000] {logging_mixin.py:188} INFO - [2026-06-16T01:24:56.568+0000] {dagbag.py:538} INFO - Filling up the DagBag from /home/airflow/.local/lib/python3.8/site-packages/airflow/example_dags/example_bash_operator.py
[2026-06-16T01:24:56.597+0000] {processor.py:840} INFO - DAG(s) 'example_bash_operator' retrieved from /home/airflow/.local/lib/python3.8/site-packages/airflow/example_dags/example_bash_operator.py
[2026-06-16T01:24:56.669+0000] {logging_mixin.py:188} INFO - [2026-06-16T01:24:56.668+0000] {dag.py:3036} INFO - Sync 1 DAGs
[2026-06-16T01:24:56.724+0000] {logging_mixin.py:188} INFO - [2026-06-16T01:24:56.724+0000] {dag.py:3823} INFO - Setting next_dagrun for example_bash_operator to 2026-06-15 00:00:00+00:00, run_after=2026-06-16 00:00:00+00:00
[2026-06-16T01:24:56.772+0000] {processor.py:183} INFO - Processing /home/airflow/.local/lib/python3.8/site-packages/airflow/example_dags/example_bash_operator.py took 0.218 seconds
[2026-06-16T01:25:27.076+0000] {processor.py:161} INFO - Started process (PID=1908) to work on /home/airflow/.local/lib/python3.8/site-packages/airflow/example_dags/example_bash_operator.py
[2026-06-16T01:25:27.079+0000] {processor.py:830} INFO - Processing file /home/airflow/.local/lib/python3.8/site-packages/airflow/example_dags/example_bash_operator.py for tasks to queue
[2026-06-16T01:25:27.083+0000] {logging_mixin.py:188} INFO - [2026-06-16T01:25:27.083+0000] {dagbag.py:538} INFO - Filling up the DagBag from /home/airflow/.local/lib/python3.8/site-packages/airflow/example_dags/example_bash_operator.py
[2026-06-16T01:25:27.115+0000] {processor.py:840} INFO - DAG(s) 'example_bash_operator' retrieved from /home/airflow/.local/lib/python3.8/site-packages/airflow/example_dags/example_bash_operator.py
[2026-06-16T01:25:27.192+0000] {logging_mixin.py:188} INFO - [2026-06-16T01:25:27.192+0000] {dag.py:3036} INFO - Sync 1 DAGs
[2026-06-16T01:25:27.257+0000] {logging_mixin.py:188} INFO - [2026-06-16T01:25:27.257+0000] {dag.py:3823} INFO - Setting next_dagrun for example_bash_operator to 2026-06-15 00:00:00+00:00, run_after=2026-06-16 00:00:00+00:00
[2026-06-16T01:25:27.305+0000] {processor.py:183} INFO - Processing /home/airflow/.local/lib/python3.8/site-packages/airflow/example_dags/example_bash_operator.py took 0.237 seconds
[2026-06-16T01:25:57.754+0000] {processor.py:161} INFO - Started process (PID=1964) to work on /home/airflow/.local/lib/python3.8/site-packages/airflow/example_dags/example_bash_operator.py
[2026-06-16T01:25:57.756+0000] {processor.py:830} INFO - Processing file /home/airflow/.local/lib/python3.8/site-packages/airflow/example_dags/example_bash_operator.py for tasks to queue
[2026-06-16T01:25:57.760+0000] {logging_mixin.py:188} INFO - [2026-06-16T01:25:57.760+0000] {dagbag.py:538} INFO - Filling up the DagBag from /home/airflow/.local/lib/python3.8/site-packages/airflow/example_dags/example_bash_operator.py
[2026-06-16T01:25:57.784+0000] {processor.py:840} INFO - DAG(s) 'example_bash_operator' retrieved from /home/airflow/.local/lib/python3.8/site-packages/airflow/example_dags/example_bash_operator.py
[2026-06-16T01:25:57.842+0000] {logging_mixin.py:188} INFO - [2026-06-16T01:25:57.842+0000] {dag.py:3036} INFO - Sync 1 DAGs
[2026-06-16T01:25:57.891+0000] {logging_mixin.py:188} INFO - [2026-06-16T01:25:57.890+0000] {dag.py:3823} INFO - Setting next_dagrun for example_bash_operator to 2026-06-15 00:00:00+00:00, run_after=2026-06-16 00:00:00+00:00
[2026-06-16T01:25:57.925+0000] {processor.py:183} INFO - Processing /home/airflow/.local/lib/python3.8/site-packages/airflow/example_dags/example_bash_operator.py took 0.177 seconds
[2026-06-16T01:26:33.598+0000] {processor.py:161} INFO - Started process (PID=2014) to work on /home/airflow/.local/lib/python3.8/site-packages/airflow/example_dags/example_bash_operator.py
[2026-06-16T01:26:33.601+0000] {processor.py:830} INFO - Processing file /home/airflow/.local/lib/python3.8/site-packages/airflow/example_dags/example_bash_operator.py for tasks to queue
[2026-06-16T01:26:33.614+0000] {logging_mixin.py:188} INFO - [2026-06-16T01:26:33.610+0000] {dagbag.py:538} INFO - Filling up the DagBag from /home/airflow/.local/lib/python3.8/site-packages/airflow/example_dags/example_bash_operator.py
[2026-06-16T01:26:33.655+0000] {processor.py:840} INFO - DAG(s) 'example_bash_operator' retrieved from /home/airflow/.local/lib/python3.8/site-packages/airflow/example_dags/example_bash_operator.py
[2026-06-16T01:26:33.751+0000] {logging_mixin.py:188} INFO - [2026-06-16T01:26:33.751+0000] {dag.py:3036} INFO - Sync 1 DAGs
[2026-06-16T01:26:33.820+0000] {logging_mixin.py:188} INFO - [2026-06-16T01:26:33.819+0000] {dag.py:3823} INFO - Setting next_dagrun for example_bash_operator to 2026-06-15 00:00:00+00:00, run_after=2026-06-16 00:00:00+00:00
[2026-06-16T01:26:33.866+0000] {processor.py:183} INFO - Processing /home/airflow/.local/lib/python3.8/site-packages/airflow/example_dags/example_bash_operator.py took 0.277 seconds
[2026-06-16T01:27:05.218+0000] {processor.py:161} INFO - Started process (PID=2070) to work on /home/airflow/.local/lib/python3.8/site-packages/airflow/example_dags/example_bash_operator.py
[2026-06-16T01:27:05.223+0000] {processor.py:830} INFO - Processing file /home/airflow/.local/lib/python3.8/site-packages/airflow/example_dags/example_bash_operator.py for tasks to queue
[2026-06-16T01:27:05.229+0000] {logging_mixin.py:188} INFO - [2026-06-16T01:27:05.228+0000] {dagbag.py:538} INFO - Filling up the DagBag from /home/airflow/.local/lib/python3.8/site-packages/airflow/example_dags/example_bash_operator.py
[2026-06-16T01:27:05.295+0000] {processor.py:840} INFO - DAG(s) 'example_bash_operator' retrieved from /home/airflow/.local/lib/python3.8/site-packages/airflow/example_dags/example_bash_operator.py
[2026-06-16T01:27:05.416+0000] {logging_mixin.py:188} INFO - [2026-06-16T01:27:05.415+0000] {dag.py:3036} INFO - Sync 1 DAGs
[2026-06-16T01:27:05.518+0000] {logging_mixin.py:188} INFO - [2026-06-16T01:27:05.517+0000] {dag.py:3823} INFO - Setting next_dagrun for example_bash_operator to 2026-06-15 00:00:00+00:00, run_after=2026-06-16 00:00:00+00:00
[2026-06-16T01:27:05.588+0000] {processor.py:183} INFO - Processing /home/airflow/.local/lib/python3.8/site-packages/airflow/example_dags/example_bash_operator.py took 0.382 seconds
[2026-06-16T01:27:36.084+0000] {processor.py:161} INFO - Started process (PID=2126) to work on /home/airflow/.local/lib/python3.8/site-packages/airflow/example_dags/example_bash_operator.py
[2026-06-16T01:27:36.086+0000] {processor.py:830} INFO - Processing file /home/airflow/.local/lib/python3.8/site-packages/airflow/example_dags/example_bash_operator.py for tasks to queue
[2026-06-16T01:27:36.094+0000] {logging_mixin.py:188} INFO - [2026-06-16T01:27:36.093+0000] {dagbag.py:538} INFO - Filling up the DagBag from /home/airflow/.local/lib/python3.8/site-packages/airflow/example_dags/example_bash_operator.py
[2026-06-16T01:27:36.161+0000] {processor.py:840} INFO - DAG(s) 'example_bash_operator' retrieved from /home/airflow/.local/lib/python3.8/site-packages/airflow/example_dags/example_bash_operator.py
[2026-06-16T01:27:36.313+0000] {logging_mixin.py:188} INFO - [2026-06-16T01:27:36.312+0000] {dag.py:3036} INFO - Sync 1 DAGs
[2026-06-16T01:27:36.400+0000] {logging_mixin.py:188} INFO - [2026-06-16T01:27:36.399+0000] {dag.py:3823} INFO - Setting next_dagrun for example_bash_operator to 2026-06-15 00:00:00+00:00, run_after=2026-06-16 00:00:00+00:00
[2026-06-16T01:27:36.477+0000] {processor.py:183} INFO - Processing /home/airflow/.local/lib/python3.8/site-packages/airflow/example_dags/example_bash_operator.py took 0.404 seconds
[2026-06-16T01:28:06.592+0000] {processor.py:161} INFO - Started process (PID=2182) to work on /home/airflow/.local/lib/python3.8/site-packages/airflow/example_dags/example_bash_operator.py
[2026-06-16T01:28:06.594+0000] {processor.py:830} INFO - Processing file /home/airflow/.local/lib/python3.8/site-packages/airflow/example_dags/example_bash_operator.py for tasks to queue
[2026-06-16T01:28:06.597+0000] {logging_mixin.py:188} INFO - [2026-06-16T01:28:06.597+0000] {dagbag.py:538} INFO - Filling up the DagBag from /home/airflow/.local/lib/python3.8/site-packages/airflow/example_dags/example_bash_operator.py
[2026-06-16T01:28:06.630+0000] {processor.py:840} INFO - DAG(s) 'example_bash_operator' retrieved from /home/airflow/.local/lib/python3.8/site-packages/airflow/example_dags/example_bash_operator.py
[2026-06-16T01:28:06.706+0000] {logging_mixin.py:188} INFO - [2026-06-16T01:28:06.706+0000] {dag.py:3036} INFO - Sync 1 DAGs
[2026-06-16T01:28:06.770+0000] {logging_mixin.py:188} INFO - [2026-06-16T01:28:06.769+0000] {dag.py:3823} INFO - Setting next_dagrun for example_bash_operator to 2026-06-15 00:00:00+00:00, run_after=2026-06-16 00:00:00+00:00
[2026-06-16T01:28:06.812+0000] {processor.py:183} INFO - Processing /home/airflow/.local/lib/python3.8/site-packages/airflow/example_dags/example_bash_operator.py took 0.228 seconds
[2026-06-16T01:28:38.076+0000] {processor.py:161} INFO - Started process (PID=2238) to work on /home/airflow/.local/lib/python3.8/site-packages/airflow/example_dags/example_bash_operator.py
[2026-06-16T01:28:38.078+0000] {processor.py:830} INFO - Processing file /home/airflow/.local/lib/python3.8/site-packages/airflow/example_dags/example_bash_operator.py for tasks to queue
[2026-06-16T01:28:38.083+0000] {logging_mixin.py:188} INFO - [2026-06-16T01:28:38.082+0000] {dagbag.py:538} INFO - Filling up the DagBag from /home/airflow/.local/lib/python3.8/site-packages/airflow/example_dags/example_bash_operator.py
[2026-06-16T01:28:38.113+0000] {processor.py:840} INFO - DAG(s) 'example_bash_operator' retrieved from /home/airflow/.local/lib/python3.8/site-packages/airflow/example_dags/example_bash_operator.py
[2026-06-16T01:28:38.187+0000] {logging_mixin.py:188} INFO - [2026-06-16T01:28:38.187+0000] {dag.py:3036} INFO - Sync 1 DAGs
[2026-06-16T01:28:38.255+0000] {logging_mixin.py:188} INFO - [2026-06-16T01:28:38.254+0000] {dag.py:3823} INFO - Setting next_dagrun for example_bash_operator to 2026-06-15 00:00:00+00:00, run_after=2026-06-16 00:00:00+00:00
[2026-06-16T01:28:38.298+0000] {processor.py:183} INFO - Processing /home/airflow/.local/lib/python3.8/site-packages/airflow/example_dags/example_bash_operator.py took 0.230 seconds
[2026-06-16T01:29:08.596+0000] {processor.py:161} INFO - Started process (PID=2294) to work on /home/airflow/.local/lib/python3.8/site-packages/airflow/example_dags/example_bash_operator.py
[2026-06-16T01:29:08.598+0000] {processor.py:830} INFO - Processing file /home/airflow/.local/lib/python3.8/site-packages/airflow/example_dags/example_bash_operator.py for tasks to queue
[2026-06-16T01:29:08.602+0000] {logging_mixin.py:188} INFO - [2026-06-16T01:29:08.601+0000] {dagbag.py:538} INFO - Filling up the DagBag from /home/airflow/.local/lib/python3.8/site-packages/airflow/example_dags/example_bash_operator.py
[2026-06-16T01:29:08.629+0000] {processor.py:840} INFO - DAG(s) 'example_bash_operator' retrieved from /home/airflow/.local/lib/python3.8/site-packages/airflow/example_dags/example_bash_operator.py
[2026-06-16T01:29:08.710+0000] {logging_mixin.py:188} INFO - [2026-06-16T01:29:08.709+0000] {dag.py:3036} INFO - Sync 1 DAGs
[2026-06-16T01:29:08.773+0000] {logging_mixin.py:188} INFO - [2026-06-16T01:29:08.772+0000] {dag.py:3823} INFO - Setting next_dagrun for example_bash_operator to 2026-06-15 00:00:00+00:00, run_after=2026-06-16 00:00:00+00:00
[2026-06-16T01:29:08.876+0000] {processor.py:183} INFO - Processing /home/airflow/.local/lib/python3.8/site-packages/airflow/example_dags/example_bash_operator.py took 0.287 seconds
[2026-06-16T01:29:39.273+0000] {processor.py:161} INFO - Started process (PID=2350) to work on /home/airflow/.local/lib/python3.8/site-packages/airflow/example_dags/example_bash_operator.py
[2026-06-16T01:29:39.277+0000] {processor.py:830} INFO - Processing file /home/airflow/.local/lib/python3.8/site-packages/airflow/example_dags/example_bash_operator.py for tasks to queue
[2026-06-16T01:29:39.285+0000] {logging_mixin.py:188} INFO - [2026-06-16T01:29:39.284+0000] {dagbag.py:538} INFO - Filling up the DagBag from /home/airflow/.local/lib/python3.8/site-packages/airflow/example_dags/example_bash_operator.py
[2026-06-16T01:29:39.315+0000] {processor.py:840} INFO - DAG(s) 'example_bash_operator' retrieved from /home/airflow/.local/lib/python3.8/site-packages/airflow/example_dags/example_bash_operator.py
[2026-06-16T01:29:39.387+0000] {logging_mixin.py:188} INFO - [2026-06-16T01:29:39.387+0000] {dag.py:3036} INFO - Sync 1 DAGs
[2026-06-16T01:29:39.446+0000] {logging_mixin.py:188} INFO - [2026-06-16T01:29:39.446+0000] {dag.py:3823} INFO - Setting next_dagrun for example_bash_operator to 2026-06-15 00:00:00+00:00, run_after=2026-06-16 00:00:00+00:00
[2026-06-16T01:29:39.495+0000] {processor.py:183} INFO - Processing /home/airflow/.local/lib/python3.8/site-packages/airflow/example_dags/example_bash_operator.py took 0.230 seconds
[2026-06-16T01:30:10.742+0000] {processor.py:161} INFO - Started process (PID=2406) to work on /home/airflow/.local/lib/python3.8/site-packages/airflow/example_dags/example_bash_operator.py
[2026-06-16T01:30:10.746+0000] {processor.py:830} INFO - Processing file /home/airflow/.local/lib/python3.8/site-packages/airflow/example_dags/example_bash_operator.py for tasks to queue
[2026-06-16T01:30:10.856+0000] {logging_mixin.py:188} INFO - [2026-06-16T01:30:10.851+0000] {dagbag.py:538} INFO - Filling up the DagBag from /home/airflow/.local/lib/python3.8/site-packages/airflow/example_dags/example_bash_operator.py
[2026-06-16T01:30:10.963+0000] {processor.py:840} INFO - DAG(s) 'example_bash_operator' retrieved from /home/airflow/.local/lib/python3.8/site-packages/airflow/example_dags/example_bash_operator.py
[2026-06-16T01:30:11.133+0000] {logging_mixin.py:188} INFO - [2026-06-16T01:30:11.132+0000] {dag.py:3036} INFO - Sync 1 DAGs
[2026-06-16T01:30:11.302+0000] {logging_mixin.py:188} INFO - [2026-06-16T01:30:11.301+0000] {dag.py:3823} INFO - Setting next_dagrun for example_bash_operator to 2026-06-15 00:00:00+00:00, run_after=2026-06-16 00:00:00+00:00
[2026-06-16T01:30:11.434+0000] {processor.py:183} INFO - Processing /home/airflow/.local/lib/python3.8/site-packages/airflow/example_dags/example_bash_operator.py took 0.701 seconds
[2026-06-16T01:30:41.783+0000] {processor.py:161} INFO - Started process (PID=2463) to work on /home/airflow/.local/lib/python3.8/site-packages/airflow/example_dags/example_bash_operator.py
[2026-06-16T01:30:41.785+0000] {processor.py:830} INFO - Processing file /home/airflow/.local/lib/python3.8/site-packages/airflow/example_dags/example_bash_operator.py for tasks to queue
[2026-06-16T01:30:41.790+0000] {logging_mixin.py:188} INFO - [2026-06-16T01:30:41.789+0000] {dagbag.py:538} INFO - Filling up the DagBag from /home/airflow/.local/lib/python3.8/site-packages/airflow/example_dags/example_bash_operator.py
[2026-06-16T01:30:41.832+0000] {processor.py:840} INFO - DAG(s) 'example_bash_operator' retrieved from /home/airflow/.local/lib/python3.8/site-packages/airflow/example_dags/example_bash_operator.py
[2026-06-16T01:30:42.011+0000] {logging_mixin.py:188} INFO - [2026-06-16T01:30:42.010+0000] {dag.py:3036} INFO - Sync 1 DAGs
[2026-06-16T01:30:42.078+0000] {logging_mixin.py:188} INFO - [2026-06-16T01:30:42.077+0000] {dag.py:3823} INFO - Setting next_dagrun for example_bash_operator to 2026-06-15 00:00:00+00:00, run_after=2026-06-16 00:00:00+00:00
[2026-06-16T01:30:42.135+0000] {processor.py:183} INFO - Processing /home/airflow/.local/lib/python3.8/site-packages/airflow/example_dags/example_bash_operator.py took 0.361 seconds
[2026-06-16T01:31:12.342+0000] {processor.py:161} INFO - Started process (PID=2519) to work on /home/airflow/.local/lib/python3.8/site-packages/airflow/example_dags/example_bash_operator.py
[2026-06-16T01:31:12.346+0000] {processor.py:830} INFO - Processing file /home/airflow/.local/lib/python3.8/site-packages/airflow/example_dags/example_bash_operator.py for tasks to queue
[2026-06-16T01:31:12.351+0000] {logging_mixin.py:188} INFO - [2026-06-16T01:31:12.350+0000] {dagbag.py:538} INFO - Filling up the DagBag from /home/airflow/.local/lib/python3.8/site-packages/airflow/example_dags/example_bash_operator.py
[2026-06-16T01:31:12.389+0000] {processor.py:840} INFO - DAG(s) 'example_bash_operator' retrieved from /home/airflow/.local/lib/python3.8/site-packages/airflow/example_dags/example_bash_operator.py
[2026-06-16T01:31:12.487+0000] {logging_mixin.py:188} INFO - [2026-06-16T01:31:12.487+0000] {dag.py:3036} INFO - Sync 1 DAGs
[2026-06-16T01:31:12.538+0000] {logging_mixin.py:188} INFO - [2026-06-16T01:31:12.538+0000] {dag.py:3823} INFO - Setting next_dagrun for example_bash_operator to 2026-06-15 00:00:00+00:00, run_after=2026-06-16 00:00:00+00:00
[2026-06-16T01:31:12.579+0000] {processor.py:183} INFO - Processing /home/airflow/.local/lib/python3.8/site-packages/airflow/example_dags/example_bash_operator.py took 0.247 seconds
[2026-06-16T01:31:42.784+0000] {processor.py:161} INFO - Started process (PID=2575) to work on /home/airflow/.local/lib/python3.8/site-packages/airflow/example_dags/example_bash_operator.py
[2026-06-16T01:31:42.786+0000] {processor.py:830} INFO - Processing file /home/airflow/.local/lib/python3.8/site-packages/airflow/example_dags/example_bash_operator.py for tasks to queue
[2026-06-16T01:31:42.790+0000] {logging_mixin.py:188} INFO - [2026-06-16T01:31:42.789+0000] {dagbag.py:538} INFO - Filling up the DagBag from /home/airflow/.local/lib/python3.8/site-packages/airflow/example_dags/example_bash_operator.py
[2026-06-16T01:31:42.818+0000] {processor.py:840} INFO - DAG(s) 'example_bash_operator' retrieved from /home/airflow/.local/lib/python3.8/site-packages/airflow/example_dags/example_bash_operator.py
[2026-06-16T01:31:42.903+0000] {logging_mixin.py:188} INFO - [2026-06-16T01:31:42.903+0000] {dag.py:3036} INFO - Sync 1 DAGs
[2026-06-16T01:31:42.956+0000] {logging_mixin.py:188} INFO - [2026-06-16T01:31:42.956+0000] {dag.py:3823} INFO - Setting next_dagrun for example_bash_operator to 2026-06-15 00:00:00+00:00, run_after=2026-06-16 00:00:00+00:00
[2026-06-16T01:31:42.994+0000] {processor.py:183} INFO - Processing /home/airflow/.local/lib/python3.8/site-packages/airflow/example_dags/example_bash_operator.py took 0.216 seconds
[2026-06-16T01:32:14.192+0000] {processor.py:161} INFO - Started process (PID=2635) to work on /home/airflow/.local/lib/python3.8/site-packages/airflow/example_dags/example_bash_operator.py
[2026-06-16T01:32:14.196+0000] {processor.py:830} INFO - Processing file /home/airflow/.local/lib/python3.8/site-packages/airflow/example_dags/example_bash_operator.py for tasks to queue
[2026-06-16T01:32:14.201+0000] {logging_mixin.py:188} INFO - [2026-06-16T01:32:14.201+0000] {dagbag.py:538} INFO - Filling up the DagBag from /home/airflow/.local/lib/python3.8/site-packages/airflow/example_dags/example_bash_operator.py
[2026-06-16T01:32:14.236+0000] {processor.py:840} INFO - DAG(s) 'example_bash_operator' retrieved from /home/airflow/.local/lib/python3.8/site-packages/airflow/example_dags/example_bash_operator.py
[2026-06-16T01:32:14.337+0000] {logging_mixin.py:188} INFO - [2026-06-16T01:32:14.336+0000] {dag.py:3036} INFO - Sync 1 DAGs
[2026-06-16T01:32:14.692+0000] {logging_mixin.py:188} INFO - [2026-06-16T01:32:14.692+0000] {dag.py:3823} INFO - Setting next_dagrun for example_bash_operator to 2026-06-15 00:00:00+00:00, run_after=2026-06-16 00:00:00+00:00
[2026-06-16T01:32:14.753+0000] {processor.py:183} INFO - Processing /home/airflow/.local/lib/python3.8/site-packages/airflow/example_dags/example_bash_operator.py took 0.569 seconds
[2026-06-16T01:32:44.984+0000] {processor.py:161} INFO - Started process (PID=2691) to work on /home/airflow/.local/lib/python3.8/site-packages/airflow/example_dags/example_bash_operator.py
[2026-06-16T01:32:44.988+0000] {processor.py:830} INFO - Processing file /home/airflow/.local/lib/python3.8/site-packages/airflow/example_dags/example_bash_operator.py for tasks to queue
[2026-06-16T01:32:44.995+0000] {logging_mixin.py:188} INFO - [2026-06-16T01:32:44.994+0000] {dagbag.py:538} INFO - Filling up the DagBag from /home/airflow/.local/lib/python3.8/site-packages/airflow/example_dags/example_bash_operator.py
[2026-06-16T01:32:45.021+0000] {processor.py:840} INFO - DAG(s) 'example_bash_operator' retrieved from /home/airflow/.local/lib/python3.8/site-packages/airflow/example_dags/example_bash_operator.py
[2026-06-16T01:32:45.077+0000] {logging_mixin.py:188} INFO - [2026-06-16T01:32:45.077+0000] {dag.py:3036} INFO - Sync 1 DAGs
[2026-06-16T01:32:45.120+0000] {logging_mixin.py:188} INFO - [2026-06-16T01:32:45.120+0000] {dag.py:3823} INFO - Setting next_dagrun for example_bash_operator to 2026-06-15 00:00:00+00:00, run_after=2026-06-16 00:00:00+00:00
[2026-06-16T01:32:45.156+0000] {processor.py:183} INFO - Processing /home/airflow/.local/lib/python3.8/site-packages/airflow/example_dags/example_bash_operator.py took 0.181 seconds
[2026-06-16T01:33:15.374+0000] {processor.py:161} INFO - Started process (PID=2747) to work on /home/airflow/.local/lib/python3.8/site-packages/airflow/example_dags/example_bash_operator.py
[2026-06-16T01:33:15.377+0000] {processor.py:830} INFO - Processing file /home/airflow/.local/lib/python3.8/site-packages/airflow/example_dags/example_bash_operator.py for tasks to queue
[2026-06-16T01:33:15.381+0000] {logging_mixin.py:188} INFO - [2026-06-16T01:33:15.381+0000] {dagbag.py:538} INFO - Filling up the DagBag from /home/airflow/.local/lib/python3.8/site-packages/airflow/example_dags/example_bash_operator.py
[2026-06-16T01:33:15.405+0000] {processor.py:840} INFO - DAG(s) 'example_bash_operator' retrieved from /home/airflow/.local/lib/python3.8/site-packages/airflow/example_dags/example_bash_operator.py
[2026-06-16T01:33:15.471+0000] {logging_mixin.py:188} INFO - [2026-06-16T01:33:15.471+0000] {dag.py:3036} INFO - Sync 1 DAGs
[2026-06-16T01:33:15.522+0000] {logging_mixin.py:188} INFO - [2026-06-16T01:33:15.521+0000] {dag.py:3823} INFO - Setting next_dagrun for example_bash_operator to 2026-06-15 00:00:00+00:00, run_after=2026-06-16 00:00:00+00:00
[2026-06-16T01:33:15.565+0000] {processor.py:183} INFO - Processing /home/airflow/.local/lib/python3.8/site-packages/airflow/example_dags/example_bash_operator.py took 0.197 seconds
[2026-06-16T01:33:46.098+0000] {processor.py:161} INFO - Started process (PID=2803) to work on /home/airflow/.local/lib/python3.8/site-packages/airflow/example_dags/example_bash_operator.py
[2026-06-16T01:33:46.102+0000] {processor.py:830} INFO - Processing file /home/airflow/.local/lib/python3.8/site-packages/airflow/example_dags/example_bash_operator.py for tasks to queue
[2026-06-16T01:33:46.106+0000] {logging_mixin.py:188} INFO - [2026-06-16T01:33:46.105+0000] {dagbag.py:538} INFO - Filling up the DagBag from /home/airflow/.local/lib/python3.8/site-packages/airflow/example_dags/example_bash_operator.py
[2026-06-16T01:33:46.143+0000] {processor.py:840} INFO - DAG(s) 'example_bash_operator' retrieved from /home/airflow/.local/lib/python3.8/site-packages/airflow/example_dags/example_bash_operator.py
[2026-06-16T01:33:46.228+0000] {logging_mixin.py:188} INFO - [2026-06-16T01:33:46.228+0000] {dag.py:3036} INFO - Sync 1 DAGs
[2026-06-16T01:33:46.302+0000] {logging_mixin.py:188} INFO - [2026-06-16T01:33:46.302+0000] {dag.py:3823} INFO - Setting next_dagrun for example_bash_operator to 2026-06-15 00:00:00+00:00, run_after=2026-06-16 00:00:00+00:00
[2026-06-16T01:33:46.351+0000] {processor.py:183} INFO - Processing /home/airflow/.local/lib/python3.8/site-packages/airflow/example_dags/example_bash_operator.py took 0.261 seconds
[2026-06-16T01:34:17.039+0000] {processor.py:161} INFO - Started process (PID=2859) to work on /home/airflow/.local/lib/python3.8/site-packages/airflow/example_dags/example_bash_operator.py
[2026-06-16T01:34:17.041+0000] {processor.py:830} INFO - Processing file /home/airflow/.local/lib/python3.8/site-packages/airflow/example_dags/example_bash_operator.py for tasks to queue
[2026-06-16T01:34:17.045+0000] {logging_mixin.py:188} INFO - [2026-06-16T01:34:17.045+0000] {dagbag.py:538} INFO - Filling up the DagBag from /home/airflow/.local/lib/python3.8/site-packages/airflow/example_dags/example_bash_operator.py
[2026-06-16T01:34:17.075+0000] {processor.py:840} INFO - DAG(s) 'example_bash_operator' retrieved from /home/airflow/.local/lib/python3.8/site-packages/airflow/example_dags/example_bash_operator.py
[2026-06-16T01:34:17.356+0000] {logging_mixin.py:188} INFO - [2026-06-16T01:34:17.355+0000] {dag.py:3036} INFO - Sync 1 DAGs
[2026-06-16T01:34:17.399+0000] {logging_mixin.py:188} INFO - [2026-06-16T01:34:17.399+0000] {dag.py:3823} INFO - Setting next_dagrun for example_bash_operator to 2026-06-15 00:00:00+00:00, run_after=2026-06-16 00:00:00+00:00
[2026-06-16T01:34:17.436+0000] {processor.py:183} INFO - Processing /home/airflow/.local/lib/python3.8/site-packages/airflow/example_dags/example_bash_operator.py took 0.404 seconds
[2026-06-16T01:34:48.248+0000] {processor.py:161} INFO - Started process (PID=2914) to work on /home/airflow/.local/lib/python3.8/site-packages/airflow/example_dags/example_bash_operator.py
[2026-06-16T01:34:48.260+0000] {processor.py:830} INFO - Processing file /home/airflow/.local/lib/python3.8/site-packages/airflow/example_dags/example_bash_operator.py for tasks to queue
[2026-06-16T01:34:48.282+0000] {logging_mixin.py:188} INFO - [2026-06-16T01:34:48.281+0000] {dagbag.py:538} INFO - Filling up the DagBag from /home/airflow/.local/lib/python3.8/site-packages/airflow/example_dags/example_bash_operator.py
[2026-06-16T01:34:48.327+0000] {processor.py:840} INFO - DAG(s) 'example_bash_operator' retrieved from /home/airflow/.local/lib/python3.8/site-packages/airflow/example_dags/example_bash_operator.py
[2026-06-16T01:34:48.401+0000] {logging_mixin.py:188} INFO - [2026-06-16T01:34:48.400+0000] {dag.py:3036} INFO - Sync 1 DAGs
[2026-06-16T01:34:48.671+0000] {logging_mixin.py:188} INFO - [2026-06-16T01:34:48.670+0000] {dag.py:3823} INFO - Setting next_dagrun for example_bash_operator to 2026-06-15 00:00:00+00:00, run_after=2026-06-16 00:00:00+00:00
[2026-06-16T01:34:48.718+0000] {processor.py:183} INFO - Processing /home/airflow/.local/lib/python3.8/site-packages/airflow/example_dags/example_bash_operator.py took 0.479 seconds
[2026-06-16T01:35:19.473+0000] {processor.py:161} INFO - Started process (PID=2970) to work on /home/airflow/.local/lib/python3.8/site-packages/airflow/example_dags/example_bash_operator.py
[2026-06-16T01:35:19.474+0000] {processor.py:830} INFO - Processing file /home/airflow/.local/lib/python3.8/site-packages/airflow/example_dags/example_bash_operator.py for tasks to queue
[2026-06-16T01:35:19.479+0000] {logging_mixin.py:188} INFO - [2026-06-16T01:35:19.478+0000] {dagbag.py:538} INFO - Filling up the DagBag from /home/airflow/.local/lib/python3.8/site-packages/airflow/example_dags/example_bash_operator.py
[2026-06-16T01:35:19.509+0000] {processor.py:840} INFO - DAG(s) 'example_bash_operator' retrieved from /home/airflow/.local/lib/python3.8/site-packages/airflow/example_dags/example_bash_operator.py
[2026-06-16T01:35:19.579+0000] {logging_mixin.py:188} INFO - [2026-06-16T01:35:19.578+0000] {dag.py:3036} INFO - Sync 1 DAGs
[2026-06-16T01:35:19.638+0000] {logging_mixin.py:188} INFO - [2026-06-16T01:35:19.638+0000] {dag.py:3823} INFO - Setting next_dagrun for example_bash_operator to 2026-06-15 00:00:00+00:00, run_after=2026-06-16 00:00:00+00:00
[2026-06-16T01:35:19.685+0000] {processor.py:183} INFO - Processing /home/airflow/.local/lib/python3.8/site-packages/airflow/example_dags/example_bash_operator.py took 0.220 seconds
[2026-06-16T01:35:49.741+0000] {processor.py:161} INFO - Started process (PID=3026) to work on /home/airflow/.local/lib/python3.8/site-packages/airflow/example_dags/example_bash_operator.py
[2026-06-16T01:35:49.744+0000] {processor.py:830} INFO - Processing file /home/airflow/.local/lib/python3.8/site-packages/airflow/example_dags/example_bash_operator.py for tasks to queue
[2026-06-16T01:35:49.750+0000] {logging_mixin.py:188} INFO - [2026-06-16T01:35:49.749+0000] {dagbag.py:538} INFO - Filling up the DagBag from /home/airflow/.local/lib/python3.8/site-packages/airflow/example_dags/example_bash_operator.py
[2026-06-16T01:35:49.777+0000] {processor.py:840} INFO - DAG(s) 'example_bash_operator' retrieved from /home/airflow/.local/lib/python3.8/site-packages/airflow/example_dags/example_bash_operator.py
[2026-06-16T01:35:49.852+0000] {logging_mixin.py:188} INFO - [2026-06-16T01:35:49.851+0000] {dag.py:3036} INFO - Sync 1 DAGs
[2026-06-16T01:35:49.916+0000] {logging_mixin.py:188} INFO - [2026-06-16T01:35:49.916+0000] {dag.py:3823} INFO - Setting next_dagrun for example_bash_operator to 2026-06-15 00:00:00+00:00, run_after=2026-06-16 00:00:00+00:00
[2026-06-16T01:35:49.983+0000] {processor.py:183} INFO - Processing /home/airflow/.local/lib/python3.8/site-packages/airflow/example_dags/example_bash_operator.py took 0.252 seconds
[2026-06-16T01:36:20.854+0000] {processor.py:161} INFO - Started process (PID=3082) to work on /home/airflow/.local/lib/python3.8/site-packages/airflow/example_dags/example_bash_operator.py
[2026-06-16T01:36:20.857+0000] {processor.py:830} INFO - Processing file /home/airflow/.local/lib/python3.8/site-packages/airflow/example_dags/example_bash_operator.py for tasks to queue
[2026-06-16T01:36:20.862+0000] {logging_mixin.py:188} INFO - [2026-06-16T01:36:20.861+0000] {dagbag.py:538} INFO - Filling up the DagBag from /home/airflow/.local/lib/python3.8/site-packages/airflow/example_dags/example_bash_operator.py
[2026-06-16T01:36:20.896+0000] {processor.py:840} INFO - DAG(s) 'example_bash_operator' retrieved from /home/airflow/.local/lib/python3.8/site-packages/airflow/example_dags/example_bash_operator.py
[2026-06-16T01:36:20.981+0000] {logging_mixin.py:188} INFO - [2026-06-16T01:36:20.980+0000] {dag.py:3036} INFO - Sync 1 DAGs
[2026-06-16T01:36:21.034+0000] {logging_mixin.py:188} INFO - [2026-06-16T01:36:21.034+0000] {dag.py:3823} INFO - Setting next_dagrun for example_bash_operator to 2026-06-15 00:00:00+00:00, run_after=2026-06-16 00:00:00+00:00
[2026-06-16T01:36:21.088+0000] {processor.py:183} INFO - Processing /home/airflow/.local/lib/python3.8/site-packages/airflow/example_dags/example_bash_operator.py took 0.241 seconds
[2026-06-16T01:36:51.408+0000] {processor.py:161} INFO - Started process (PID=3138) to work on /home/airflow/.local/lib/python3.8/site-packages/airflow/example_dags/example_bash_operator.py
[2026-06-16T01:36:51.443+0000] {processor.py:830} INFO - Processing file /home/airflow/.local/lib/python3.8/site-packages/airflow/example_dags/example_bash_operator.py for tasks to queue
[2026-06-16T01:36:51.544+0000] {logging_mixin.py:188} INFO - [2026-06-16T01:36:51.543+0000] {dagbag.py:538} INFO - Filling up the DagBag from /home/airflow/.local/lib/python3.8/site-packages/airflow/example_dags/example_bash_operator.py
[2026-06-16T01:36:51.628+0000] {processor.py:840} INFO - DAG(s) 'example_bash_operator' retrieved from /home/airflow/.local/lib/python3.8/site-packages/airflow/example_dags/example_bash_operator.py
[2026-06-16T01:36:52.111+0000] {logging_mixin.py:188} INFO - [2026-06-16T01:36:52.108+0000] {dag.py:3036} INFO - Sync 1 DAGs
[2026-06-16T01:36:52.552+0000] {logging_mixin.py:188} INFO - [2026-06-16T01:36:52.434+0000] {dag.py:3823} INFO - Setting next_dagrun for example_bash_operator to 2026-06-15 00:00:00+00:00, run_after=2026-06-16 00:00:00+00:00
[2026-06-16T01:36:52.748+0000] {processor.py:183} INFO - Processing /home/airflow/.local/lib/python3.8/site-packages/airflow/example_dags/example_bash_operator.py took 1.354 seconds
[2026-06-16T01:37:22.861+0000] {processor.py:161} INFO - Started process (PID=3195) to work on /home/airflow/.local/lib/python3.8/site-packages/airflow/example_dags/example_bash_operator.py
[2026-06-16T01:37:22.865+0000] {processor.py:830} INFO - Processing file /home/airflow/.local/lib/python3.8/site-packages/airflow/example_dags/example_bash_operator.py for tasks to queue
[2026-06-16T01:37:22.870+0000] {logging_mixin.py:188} INFO - [2026-06-16T01:37:22.869+0000] {dagbag.py:538} INFO - Filling up the DagBag from /home/airflow/.local/lib/python3.8/site-packages/airflow/example_dags/example_bash_operator.py
[2026-06-16T01:37:22.905+0000] {processor.py:840} INFO - DAG(s) 'example_bash_operator' retrieved from /home/airflow/.local/lib/python3.8/site-packages/airflow/example_dags/example_bash_operator.py
[2026-06-16T01:37:22.992+0000] {logging_mixin.py:188} INFO - [2026-06-16T01:37:22.992+0000] {dag.py:3036} INFO - Sync 1 DAGs
[2026-06-16T01:37:23.059+0000] {logging_mixin.py:188} INFO - [2026-06-16T01:37:23.059+0000] {dag.py:3823} INFO - Setting next_dagrun for example_bash_operator to 2026-06-15 00:00:00+00:00, run_after=2026-06-16 00:00:00+00:00
[2026-06-16T01:37:23.106+0000] {processor.py:183} INFO - Processing /home/airflow/.local/lib/python3.8/site-packages/airflow/example_dags/example_bash_operator.py took 0.254 seconds
[2026-06-16T01:37:53.383+0000] {processor.py:161} INFO - Started process (PID=3250) to work on /home/airflow/.local/lib/python3.8/site-packages/airflow/example_dags/example_bash_operator.py
[2026-06-16T01:37:53.386+0000] {processor.py:830} INFO - Processing file /home/airflow/.local/lib/python3.8/site-packages/airflow/example_dags/example_bash_operator.py for tasks to queue
[2026-06-16T01:37:53.390+0000] {logging_mixin.py:188} INFO - [2026-06-16T01:37:53.390+0000] {dagbag.py:538} INFO - Filling up the DagBag from /home/airflow/.local/lib/python3.8/site-packages/airflow/example_dags/example_bash_operator.py
[2026-06-16T01:37:53.423+0000] {processor.py:840} INFO - DAG(s) 'example_bash_operator' retrieved from /home/airflow/.local/lib/python3.8/site-packages/airflow/example_dags/example_bash_operator.py
[2026-06-16T01:37:53.509+0000] {logging_mixin.py:188} INFO - [2026-06-16T01:37:53.508+0000] {dag.py:3036} INFO - Sync 1 DAGs
[2026-06-16T01:37:53.567+0000] {logging_mixin.py:188} INFO - [2026-06-16T01:37:53.566+0000] {dag.py:3823} INFO - Setting next_dagrun for example_bash_operator to 2026-06-15 00:00:00+00:00, run_after=2026-06-16 00:00:00+00:00
[2026-06-16T01:37:53.615+0000] {processor.py:183} INFO - Processing /home/airflow/.local/lib/python3.8/site-packages/airflow/example_dags/example_bash_operator.py took 0.240 seconds
[2026-06-16T01:38:24.401+0000] {processor.py:161} INFO - Started process (PID=3310) to work on /home/airflow/.local/lib/python3.8/site-packages/airflow/example_dags/example_bash_operator.py
[2026-06-16T01:38:24.404+0000] {processor.py:830} INFO - Processing file /home/airflow/.local/lib/python3.8/site-packages/airflow/example_dags/example_bash_operator.py for tasks to queue
[2026-06-16T01:38:24.412+0000] {logging_mixin.py:188} INFO - [2026-06-16T01:38:24.411+0000] {dagbag.py:538} INFO - Filling up the DagBag from /home/airflow/.local/lib/python3.8/site-packages/airflow/example_dags/example_bash_operator.py
[2026-06-16T01:38:24.475+0000] {processor.py:840} INFO - DAG(s) 'example_bash_operator' retrieved from /home/airflow/.local/lib/python3.8/site-packages/airflow/example_dags/example_bash_operator.py
[2026-06-16T01:38:24.605+0000] {logging_mixin.py:188} INFO - [2026-06-16T01:38:24.604+0000] {dag.py:3036} INFO - Sync 1 DAGs
[2026-06-16T01:38:24.693+0000] {logging_mixin.py:188} INFO - [2026-06-16T01:38:24.692+0000] {dag.py:3823} INFO - Setting next_dagrun for example_bash_operator to 2026-06-15 00:00:00+00:00, run_after=2026-06-16 00:00:00+00:00
[2026-06-16T01:38:24.757+0000] {processor.py:183} INFO - Processing /home/airflow/.local/lib/python3.8/site-packages/airflow/example_dags/example_bash_operator.py took 0.365 seconds
[2026-06-16T01:38:54.823+0000] {processor.py:161} INFO - Started process (PID=3366) to work on /home/airflow/.local/lib/python3.8/site-packages/airflow/example_dags/example_bash_operator.py
[2026-06-16T01:38:54.827+0000] {processor.py:830} INFO - Processing file /home/airflow/.local/lib/python3.8/site-packages/airflow/example_dags/example_bash_operator.py for tasks to queue
[2026-06-16T01:38:54.833+0000] {logging_mixin.py:188} INFO - [2026-06-16T01:38:54.833+0000] {dagbag.py:538} INFO - Filling up the DagBag from /home/airflow/.local/lib/python3.8/site-packages/airflow/example_dags/example_bash_operator.py
[2026-06-16T01:38:54.870+0000] {processor.py:840} INFO - DAG(s) 'example_bash_operator' retrieved from /home/airflow/.local/lib/python3.8/site-packages/airflow/example_dags/example_bash_operator.py
[2026-06-16T01:38:54.962+0000] {logging_mixin.py:188} INFO - [2026-06-16T01:38:54.961+0000] {dag.py:3036} INFO - Sync 1 DAGs
[2026-06-16T01:38:55.033+0000] {logging_mixin.py:188} INFO - [2026-06-16T01:38:55.033+0000] {dag.py:3823} INFO - Setting next_dagrun for example_bash_operator to 2026-06-15 00:00:00+00:00, run_after=2026-06-16 00:00:00+00:00
[2026-06-16T01:38:55.088+0000] {processor.py:183} INFO - Processing /home/airflow/.local/lib/python3.8/site-packages/airflow/example_dags/example_bash_operator.py took 0.273 seconds
[2026-06-16T01:39:25.812+0000] {processor.py:161} INFO - Started process (PID=3423) to work on /home/airflow/.local/lib/python3.8/site-packages/airflow/example_dags/example_bash_operator.py
[2026-06-16T01:39:25.814+0000] {processor.py:830} INFO - Processing file /home/airflow/.local/lib/python3.8/site-packages/airflow/example_dags/example_bash_operator.py for tasks to queue
[2026-06-16T01:39:25.819+0000] {logging_mixin.py:188} INFO - [2026-06-16T01:39:25.818+0000] {dagbag.py:538} INFO - Filling up the DagBag from /home/airflow/.local/lib/python3.8/site-packages/airflow/example_dags/example_bash_operator.py
[2026-06-16T01:39:25.855+0000] {processor.py:840} INFO - DAG(s) 'example_bash_operator' retrieved from /home/airflow/.local/lib/python3.8/site-packages/airflow/example_dags/example_bash_operator.py
[2026-06-16T01:39:25.943+0000] {logging_mixin.py:188} INFO - [2026-06-16T01:39:25.942+0000] {dag.py:3036} INFO - Sync 1 DAGs
[2026-06-16T01:39:26.015+0000] {logging_mixin.py:188} INFO - [2026-06-16T01:39:26.014+0000] {dag.py:3823} INFO - Setting next_dagrun for example_bash_operator to 2026-06-15 00:00:00+00:00, run_after=2026-06-16 00:00:00+00:00
[2026-06-16T01:39:26.083+0000] {processor.py:183} INFO - Processing /home/airflow/.local/lib/python3.8/site-packages/airflow/example_dags/example_bash_operator.py took 0.280 seconds
[2026-06-16T01:39:56.139+0000] {processor.py:161} INFO - Started process (PID=3479) to work on /home/airflow/.local/lib/python3.8/site-packages/airflow/example_dags/example_bash_operator.py
[2026-06-16T01:39:56.141+0000] {processor.py:830} INFO - Processing file /home/airflow/.local/lib/python3.8/site-packages/airflow/example_dags/example_bash_operator.py for tasks to queue
[2026-06-16T01:39:56.145+0000] {logging_mixin.py:188} INFO - [2026-06-16T01:39:56.144+0000] {dagbag.py:538} INFO - Filling up the DagBag from /home/airflow/.local/lib/python3.8/site-packages/airflow/example_dags/example_bash_operator.py
[2026-06-16T01:39:56.188+0000] {processor.py:840} INFO - DAG(s) 'example_bash_operator' retrieved from /home/airflow/.local/lib/python3.8/site-packages/airflow/example_dags/example_bash_operator.py
[2026-06-16T01:39:56.365+0000] {logging_mixin.py:188} INFO - [2026-06-16T01:39:56.364+0000] {dag.py:3036} INFO - Sync 1 DAGs
[2026-06-16T01:39:56.454+0000] {logging_mixin.py:188} INFO - [2026-06-16T01:39:56.452+0000] {dag.py:3823} INFO - Setting next_dagrun for example_bash_operator to 2026-06-15 00:00:00+00:00, run_after=2026-06-16 00:00:00+00:00
[2026-06-16T01:39:56.551+0000] {processor.py:183} INFO - Processing /home/airflow/.local/lib/python3.8/site-packages/airflow/example_dags/example_bash_operator.py took 0.419 seconds
[2026-06-16T01:40:27.520+0000] {processor.py:161} INFO - Started process (PID=3536) to work on /home/airflow/.local/lib/python3.8/site-packages/airflow/example_dags/example_bash_operator.py
[2026-06-16T01:40:27.523+0000] {processor.py:830} INFO - Processing file /home/airflow/.local/lib/python3.8/site-packages/airflow/example_dags/example_bash_operator.py for tasks to queue
[2026-06-16T01:40:27.534+0000] {logging_mixin.py:188} INFO - [2026-06-16T01:40:27.533+0000] {dagbag.py:538} INFO - Filling up the DagBag from /home/airflow/.local/lib/python3.8/site-packages/airflow/example_dags/example_bash_operator.py
[2026-06-16T01:40:27.589+0000] {processor.py:840} INFO - DAG(s) 'example_bash_operator' retrieved from /home/airflow/.local/lib/python3.8/site-packages/airflow/example_dags/example_bash_operator.py
[2026-06-16T01:40:27.690+0000] {logging_mixin.py:188} INFO - [2026-06-16T01:40:27.689+0000] {dag.py:3036} INFO - Sync 1 DAGs
[2026-06-16T01:40:27.763+0000] {logging_mixin.py:188} INFO - [2026-06-16T01:40:27.763+0000] {dag.py:3823} INFO - Setting next_dagrun for example_bash_operator to 2026-06-15 00:00:00+00:00, run_after=2026-06-16 00:00:00+00:00
[2026-06-16T01:40:27.814+0000] {processor.py:183} INFO - Processing /home/airflow/.local/lib/python3.8/site-packages/airflow/example_dags/example_bash_operator.py took 0.307 seconds
[2026-06-16T01:40:58.077+0000] {processor.py:161} INFO - Started process (PID=3592) to work on /home/airflow/.local/lib/python3.8/site-packages/airflow/example_dags/example_bash_operator.py
[2026-06-16T01:40:58.079+0000] {processor.py:830} INFO - Processing file /home/airflow/.local/lib/python3.8/site-packages/airflow/example_dags/example_bash_operator.py for tasks to queue
[2026-06-16T01:40:58.085+0000] {logging_mixin.py:188} INFO - [2026-06-16T01:40:58.084+0000] {dagbag.py:538} INFO - Filling up the DagBag from /home/airflow/.local/lib/python3.8/site-packages/airflow/example_dags/example_bash_operator.py
[2026-06-16T01:40:58.113+0000] {processor.py:840} INFO - DAG(s) 'example_bash_operator' retrieved from /home/airflow/.local/lib/python3.8/site-packages/airflow/example_dags/example_bash_operator.py
[2026-06-16T01:40:58.200+0000] {logging_mixin.py:188} INFO - [2026-06-16T01:40:58.199+0000] {dag.py:3036} INFO - Sync 1 DAGs
[2026-06-16T01:40:58.263+0000] {logging_mixin.py:188} INFO - [2026-06-16T01:40:58.262+0000] {dag.py:3823} INFO - Setting next_dagrun for example_bash_operator to 2026-06-15 00:00:00+00:00, run_after=2026-06-16 00:00:00+00:00
[2026-06-16T01:40:58.330+0000] {processor.py:183} INFO - Processing /home/airflow/.local/lib/python3.8/site-packages/airflow/example_dags/example_bash_operator.py took 0.263 seconds
[2026-06-16T01:41:28.517+0000] {processor.py:161} INFO - Started process (PID=3648) to work on /home/airflow/.local/lib/python3.8/site-packages/airflow/example_dags/example_bash_operator.py
[2026-06-16T01:41:28.520+0000] {processor.py:830} INFO - Processing file /home/airflow/.local/lib/python3.8/site-packages/airflow/example_dags/example_bash_operator.py for tasks to queue
[2026-06-16T01:41:28.528+0000] {logging_mixin.py:188} INFO - [2026-06-16T01:41:28.527+0000] {dagbag.py:538} INFO - Filling up the DagBag from /home/airflow/.local/lib/python3.8/site-packages/airflow/example_dags/example_bash_operator.py
[2026-06-16T01:41:28.563+0000] {processor.py:840} INFO - DAG(s) 'example_bash_operator' retrieved from /home/airflow/.local/lib/python3.8/site-packages/airflow/example_dags/example_bash_operator.py
[2026-06-16T01:41:28.665+0000] {logging_mixin.py:188} INFO - [2026-06-16T01:41:28.664+0000] {dag.py:3036} INFO - Sync 1 DAGs
[2026-06-16T01:41:28.779+0000] {logging_mixin.py:188} INFO - [2026-06-16T01:41:28.775+0000] {dag.py:3823} INFO - Setting next_dagrun for example_bash_operator to 2026-06-15 00:00:00+00:00, run_after=2026-06-16 00:00:00+00:00
[2026-06-16T01:41:28.848+0000] {processor.py:183} INFO - Processing /home/airflow/.local/lib/python3.8/site-packages/airflow/example_dags/example_bash_operator.py took 0.341 seconds
[2026-06-16T01:41:59.300+0000] {processor.py:161} INFO - Started process (PID=3705) to work on /home/airflow/.local/lib/python3.8/site-packages/airflow/example_dags/example_bash_operator.py
[2026-06-16T01:41:59.324+0000] {processor.py:830} INFO - Processing file /home/airflow/.local/lib/python3.8/site-packages/airflow/example_dags/example_bash_operator.py for tasks to queue
[2026-06-16T01:41:59.385+0000] {logging_mixin.py:188} INFO - [2026-06-16T01:41:59.384+0000] {dagbag.py:538} INFO - Filling up the DagBag from /home/airflow/.local/lib/python3.8/site-packages/airflow/example_dags/example_bash_operator.py
[2026-06-16T01:41:59.535+0000] {processor.py:840} INFO - DAG(s) 'example_bash_operator' retrieved from /home/airflow/.local/lib/python3.8/site-packages/airflow/example_dags/example_bash_operator.py
[2026-06-16T01:41:59.776+0000] {logging_mixin.py:188} INFO - [2026-06-16T01:41:59.775+0000] {dag.py:3036} INFO - Sync 1 DAGs
[2026-06-16T01:41:59.898+0000] {logging_mixin.py:188} INFO - [2026-06-16T01:41:59.897+0000] {dag.py:3823} INFO - Setting next_dagrun for example_bash_operator to 2026-06-15 00:00:00+00:00, run_after=2026-06-16 00:00:00+00:00
[2026-06-16T01:42:00.005+0000] {processor.py:183} INFO - Processing /home/airflow/.local/lib/python3.8/site-packages/airflow/example_dags/example_bash_operator.py took 0.767 seconds
[2026-06-16T01:42:30.211+0000] {processor.py:161} INFO - Started process (PID=3761) to work on /home/airflow/.local/lib/python3.8/site-packages/airflow/example_dags/example_bash_operator.py
[2026-06-16T01:42:30.213+0000] {processor.py:830} INFO - Processing file /home/airflow/.local/lib/python3.8/site-packages/airflow/example_dags/example_bash_operator.py for tasks to queue
[2026-06-16T01:42:30.217+0000] {logging_mixin.py:188} INFO - [2026-06-16T01:42:30.216+0000] {dagbag.py:538} INFO - Filling up the DagBag from /home/airflow/.local/lib/python3.8/site-packages/airflow/example_dags/example_bash_operator.py
[2026-06-16T01:42:30.239+0000] {processor.py:840} INFO - DAG(s) 'example_bash_operator' retrieved from /home/airflow/.local/lib/python3.8/site-packages/airflow/example_dags/example_bash_operator.py
[2026-06-16T01:42:30.304+0000] {logging_mixin.py:188} INFO - [2026-06-16T01:42:30.303+0000] {dag.py:3036} INFO - Sync 1 DAGs
[2026-06-16T01:42:30.354+0000] {logging_mixin.py:188} INFO - [2026-06-16T01:42:30.354+0000] {dag.py:3823} INFO - Setting next_dagrun for example_bash_operator to 2026-06-15 00:00:00+00:00, run_after=2026-06-16 00:00:00+00:00
[2026-06-16T01:42:30.404+0000] {processor.py:183} INFO - Processing /home/airflow/.local/lib/python3.8/site-packages/airflow/example_dags/example_bash_operator.py took 0.199 seconds
[2026-06-16T01:43:00.689+0000] {processor.py:161} INFO - Started process (PID=3817) to work on /home/airflow/.local/lib/python3.8/site-packages/airflow/example_dags/example_bash_operator.py
[2026-06-16T01:43:00.693+0000] {processor.py:830} INFO - Processing file /home/airflow/.local/lib/python3.8/site-packages/airflow/example_dags/example_bash_operator.py for tasks to queue
[2026-06-16T01:43:00.699+0000] {logging_mixin.py:188} INFO - [2026-06-16T01:43:00.697+0000] {dagbag.py:538} INFO - Filling up the DagBag from /home/airflow/.local/lib/python3.8/site-packages/airflow/example_dags/example_bash_operator.py
[2026-06-16T01:43:00.762+0000] {processor.py:840} INFO - DAG(s) 'example_bash_operator' retrieved from /home/airflow/.local/lib/python3.8/site-packages/airflow/example_dags/example_bash_operator.py
[2026-06-16T01:43:01.079+0000] {logging_mixin.py:188} INFO - [2026-06-16T01:43:01.077+0000] {dag.py:3036} INFO - Sync 1 DAGs
[2026-06-16T01:43:01.373+0000] {logging_mixin.py:188} INFO - [2026-06-16T01:43:01.371+0000] {dag.py:3823} INFO - Setting next_dagrun for example_bash_operator to 2026-06-15 00:00:00+00:00, run_after=2026-06-16 00:00:00+00:00
[2026-06-16T01:43:01.514+0000] {processor.py:183} INFO - Processing /home/airflow/.local/lib/python3.8/site-packages/airflow/example_dags/example_bash_operator.py took 0.834 seconds
[2026-06-16T01:43:31.754+0000] {processor.py:161} INFO - Started process (PID=3873) to work on /home/airflow/.local/lib/python3.8/site-packages/airflow/example_dags/example_bash_operator.py
[2026-06-16T01:43:31.757+0000] {processor.py:830} INFO - Processing file /home/airflow/.local/lib/python3.8/site-packages/airflow/example_dags/example_bash_operator.py for tasks to queue
[2026-06-16T01:43:31.763+0000] {logging_mixin.py:188} INFO - [2026-06-16T01:43:31.762+0000] {dagbag.py:538} INFO - Filling up the DagBag from /home/airflow/.local/lib/python3.8/site-packages/airflow/example_dags/example_bash_operator.py
[2026-06-16T01:43:31.810+0000] {processor.py:840} INFO - DAG(s) 'example_bash_operator' retrieved from /home/airflow/.local/lib/python3.8/site-packages/airflow/example_dags/example_bash_operator.py
[2026-06-16T01:43:31.925+0000] {logging_mixin.py:188} INFO - [2026-06-16T01:43:31.924+0000] {dag.py:3036} INFO - Sync 1 DAGs
[2026-06-16T01:43:32.015+0000] {logging_mixin.py:188} INFO - [2026-06-16T01:43:32.014+0000] {dag.py:3823} INFO - Setting next_dagrun for example_bash_operator to 2026-06-15 00:00:00+00:00, run_after=2026-06-16 00:00:00+00:00
[2026-06-16T01:43:32.086+0000] {processor.py:183} INFO - Processing /home/airflow/.local/lib/python3.8/site-packages/airflow/example_dags/example_bash_operator.py took 0.342 seconds
[2026-06-16T01:44:02.196+0000] {processor.py:161} INFO - Started process (PID=3929) to work on /home/airflow/.local/lib/python3.8/site-packages/airflow/example_dags/example_bash_operator.py
[2026-06-16T01:44:02.198+0000] {processor.py:830} INFO - Processing file /home/airflow/.local/lib/python3.8/site-packages/airflow/example_dags/example_bash_operator.py for tasks to queue
[2026-06-16T01:44:02.203+0000] {logging_mixin.py:188} INFO - [2026-06-16T01:44:02.203+0000] {dagbag.py:538} INFO - Filling up the DagBag from /home/airflow/.local/lib/python3.8/site-packages/airflow/example_dags/example_bash_operator.py
[2026-06-16T01:44:02.243+0000] {processor.py:840} INFO - DAG(s) 'example_bash_operator' retrieved from /home/airflow/.local/lib/python3.8/site-packages/airflow/example_dags/example_bash_operator.py
[2026-06-16T01:44:02.346+0000] {logging_mixin.py:188} INFO - [2026-06-16T01:44:02.345+0000] {dag.py:3036} INFO - Sync 1 DAGs
[2026-06-16T01:44:02.424+0000] {logging_mixin.py:188} INFO - [2026-06-16T01:44:02.423+0000] {dag.py:3823} INFO - Setting next_dagrun for example_bash_operator to 2026-06-15 00:00:00+00:00, run_after=2026-06-16 00:00:00+00:00
[2026-06-16T01:44:02.501+0000] {processor.py:183} INFO - Processing /home/airflow/.local/lib/python3.8/site-packages/airflow/example_dags/example_bash_operator.py took 0.315 seconds
[2026-06-16T01:44:32.700+0000] {processor.py:161} INFO - Started process (PID=3985) to work on /home/airflow/.local/lib/python3.8/site-packages/airflow/example_dags/example_bash_operator.py
[2026-06-16T01:44:32.702+0000] {processor.py:830} INFO - Processing file /home/airflow/.local/lib/python3.8/site-packages/airflow/example_dags/example_bash_operator.py for tasks to queue
[2026-06-16T01:44:32.707+0000] {logging_mixin.py:188} INFO - [2026-06-16T01:44:32.706+0000] {dagbag.py:538} INFO - Filling up the DagBag from /home/airflow/.local/lib/python3.8/site-packages/airflow/example_dags/example_bash_operator.py
[2026-06-16T01:44:32.737+0000] {processor.py:840} INFO - DAG(s) 'example_bash_operator' retrieved from /home/airflow/.local/lib/python3.8/site-packages/airflow/example_dags/example_bash_operator.py
[2026-06-16T01:44:32.852+0000] {logging_mixin.py:188} INFO - [2026-06-16T01:44:32.852+0000] {dag.py:3036} INFO - Sync 1 DAGs
[2026-06-16T01:44:32.919+0000] {logging_mixin.py:188} INFO - [2026-06-16T01:44:32.919+0000] {dag.py:3823} INFO - Setting next_dagrun for example_bash_operator to 2026-06-15 00:00:00+00:00, run_after=2026-06-16 00:00:00+00:00
[2026-06-16T01:44:32.971+0000] {processor.py:183} INFO - Processing /home/airflow/.local/lib/python3.8/site-packages/airflow/example_dags/example_bash_operator.py took 0.279 seconds
[2026-06-16T01:45:03.219+0000] {processor.py:161} INFO - Started process (PID=4041) to work on /home/airflow/.local/lib/python3.8/site-packages/airflow/example_dags/example_bash_operator.py
[2026-06-16T01:45:03.222+0000] {processor.py:830} INFO - Processing file /home/airflow/.local/lib/python3.8/site-packages/airflow/example_dags/example_bash_operator.py for tasks to queue
[2026-06-16T01:45:03.228+0000] {logging_mixin.py:188} INFO - [2026-06-16T01:45:03.227+0000] {dagbag.py:538} INFO - Filling up the DagBag from /home/airflow/.local/lib/python3.8/site-packages/airflow/example_dags/example_bash_operator.py
[2026-06-16T01:45:03.320+0000] {processor.py:840} INFO - DAG(s) 'example_bash_operator' retrieved from /home/airflow/.local/lib/python3.8/site-packages/airflow/example_dags/example_bash_operator.py
[2026-06-16T01:45:03.571+0000] {logging_mixin.py:188} INFO - [2026-06-16T01:45:03.570+0000] {dag.py:3036} INFO - Sync 1 DAGs
[2026-06-16T01:45:03.697+0000] {logging_mixin.py:188} INFO - [2026-06-16T01:45:03.696+0000] {dag.py:3823} INFO - Setting next_dagrun for example_bash_operator to 2026-06-15 00:00:00+00:00, run_after=2026-06-16 00:00:00+00:00
[2026-06-16T01:45:03.792+0000] {processor.py:183} INFO - Processing /home/airflow/.local/lib/python3.8/site-packages/airflow/example_dags/example_bash_operator.py took 0.584 seconds
[2026-06-16T01:45:33.878+0000] {processor.py:161} INFO - Started process (PID=4097) to work on /home/airflow/.local/lib/python3.8/site-packages/airflow/example_dags/example_bash_operator.py
[2026-06-16T01:45:33.880+0000] {processor.py:830} INFO - Processing file /home/airflow/.local/lib/python3.8/site-packages/airflow/example_dags/example_bash_operator.py for tasks to queue
[2026-06-16T01:45:33.884+0000] {logging_mixin.py:188} INFO - [2026-06-16T01:45:33.883+0000] {dagbag.py:538} INFO - Filling up the DagBag from /home/airflow/.local/lib/python3.8/site-packages/airflow/example_dags/example_bash_operator.py
[2026-06-16T01:45:33.907+0000] {processor.py:840} INFO - DAG(s) 'example_bash_operator' retrieved from /home/airflow/.local/lib/python3.8/site-packages/airflow/example_dags/example_bash_operator.py
[2026-06-16T01:45:33.963+0000] {logging_mixin.py:188} INFO - [2026-06-16T01:45:33.962+0000] {dag.py:3036} INFO - Sync 1 DAGs
[2026-06-16T01:45:34.024+0000] {logging_mixin.py:188} INFO - [2026-06-16T01:45:34.024+0000] {dag.py:3823} INFO - Setting next_dagrun for example_bash_operator to 2026-06-15 00:00:00+00:00, run_after=2026-06-16 00:00:00+00:00
[2026-06-16T01:45:34.063+0000] {processor.py:183} INFO - Processing /home/airflow/.local/lib/python3.8/site-packages/airflow/example_dags/example_bash_operator.py took 0.191 seconds
[2026-06-16T01:46:05.097+0000] {processor.py:161} INFO - Started process (PID=4153) to work on /home/airflow/.local/lib/python3.8/site-packages/airflow/example_dags/example_bash_operator.py
[2026-06-16T01:46:05.109+0000] {processor.py:830} INFO - Processing file /home/airflow/.local/lib/python3.8/site-packages/airflow/example_dags/example_bash_operator.py for tasks to queue
[2026-06-16T01:46:05.117+0000] {logging_mixin.py:188} INFO - [2026-06-16T01:46:05.117+0000] {dagbag.py:538} INFO - Filling up the DagBag from /home/airflow/.local/lib/python3.8/site-packages/airflow/example_dags/example_bash_operator.py
[2026-06-16T01:46:05.167+0000] {processor.py:840} INFO - DAG(s) 'example_bash_operator' retrieved from /home/airflow/.local/lib/python3.8/site-packages/airflow/example_dags/example_bash_operator.py
[2026-06-16T01:46:05.288+0000] {logging_mixin.py:188} INFO - [2026-06-16T01:46:05.288+0000] {dag.py:3036} INFO - Sync 1 DAGs
[2026-06-16T01:46:05.384+0000] {logging_mixin.py:188} INFO - [2026-06-16T01:46:05.384+0000] {dag.py:3823} INFO - Setting next_dagrun for example_bash_operator to 2026-06-15 00:00:00+00:00, run_after=2026-06-16 00:00:00+00:00
[2026-06-16T01:46:05.461+0000] {processor.py:183} INFO - Processing /home/airflow/.local/lib/python3.8/site-packages/airflow/example_dags/example_bash_operator.py took 0.374 seconds
[2026-06-16T01:46:35.852+0000] {processor.py:161} INFO - Started process (PID=4210) to work on /home/airflow/.local/lib/python3.8/site-packages/airflow/example_dags/example_bash_operator.py
[2026-06-16T01:46:35.855+0000] {processor.py:830} INFO - Processing file /home/airflow/.local/lib/python3.8/site-packages/airflow/example_dags/example_bash_operator.py for tasks to queue
[2026-06-16T01:46:35.859+0000] {logging_mixin.py:188} INFO - [2026-06-16T01:46:35.858+0000] {dagbag.py:538} INFO - Filling up the DagBag from /home/airflow/.local/lib/python3.8/site-packages/airflow/example_dags/example_bash_operator.py
[2026-06-16T01:46:35.885+0000] {processor.py:840} INFO - DAG(s) 'example_bash_operator' retrieved from /home/airflow/.local/lib/python3.8/site-packages/airflow/example_dags/example_bash_operator.py
[2026-06-16T01:46:35.956+0000] {logging_mixin.py:188} INFO - [2026-06-16T01:46:35.956+0000] {dag.py:3036} INFO - Sync 1 DAGs
[2026-06-16T01:46:36.014+0000] {logging_mixin.py:188} INFO - [2026-06-16T01:46:36.014+0000] {dag.py:3823} INFO - Setting next_dagrun for example_bash_operator to 2026-06-15 00:00:00+00:00, run_after=2026-06-16 00:00:00+00:00
[2026-06-16T01:46:36.065+0000] {processor.py:183} INFO - Processing /home/airflow/.local/lib/python3.8/site-packages/airflow/example_dags/example_bash_operator.py took 0.221 seconds
