[2026-06-16T01:08:13.331+0000] {processor.py:161} INFO - Started process (PID=97) to work on /home/airflow/.local/lib/python3.8/site-packages/airflow/example_dags/example_trigger_target_dag.py
[2026-06-16T01:08:13.346+0000] {processor.py:830} INFO - Processing file /home/airflow/.local/lib/python3.8/site-packages/airflow/example_dags/example_trigger_target_dag.py for tasks to queue
[2026-06-16T01:08:13.352+0000] {logging_mixin.py:188} INFO - [2026-06-16T01:08:13.351+0000] {dagbag.py:538} INFO - Filling up the DagBag from /home/airflow/.local/lib/python3.8/site-packages/airflow/example_dags/example_trigger_target_dag.py
[2026-06-16T01:08:13.388+0000] {processor.py:840} INFO - DAG(s) 'example_trigger_target_dag' retrieved from /home/airflow/.local/lib/python3.8/site-packages/airflow/example_dags/example_trigger_target_dag.py
[2026-06-16T01:08:13.872+0000] {logging_mixin.py:188} INFO - [2026-06-16T01:08:13.871+0000] {dag.py:3036} INFO - Sync 1 DAGs
[2026-06-16T01:08:13.918+0000] {logging_mixin.py:188} INFO - [2026-06-16T01:08:13.917+0000] {dag.py:3823} INFO - Setting next_dagrun for example_trigger_target_dag to None, run_after=None
[2026-06-16T01:08:13.989+0000] {processor.py:183} INFO - Processing /home/airflow/.local/lib/python3.8/site-packages/airflow/example_dags/example_trigger_target_dag.py took 0.674 seconds
[2026-06-16T01:09:02.326+0000] {processor.py:161} INFO - Started process (PID=153) to work on /home/airflow/.local/lib/python3.8/site-packages/airflow/example_dags/example_trigger_target_dag.py
[2026-06-16T01:09:02.330+0000] {processor.py:830} INFO - Processing file /home/airflow/.local/lib/python3.8/site-packages/airflow/example_dags/example_trigger_target_dag.py for tasks to queue
[2026-06-16T01:09:02.344+0000] {logging_mixin.py:188} INFO - [2026-06-16T01:09:02.341+0000] {dagbag.py:538} INFO - Filling up the DagBag from /home/airflow/.local/lib/python3.8/site-packages/airflow/example_dags/example_trigger_target_dag.py
[2026-06-16T01:09:02.394+0000] {processor.py:840} INFO - DAG(s) 'example_trigger_target_dag' retrieved from /home/airflow/.local/lib/python3.8/site-packages/airflow/example_dags/example_trigger_target_dag.py
[2026-06-16T01:09:02.829+0000] {logging_mixin.py:188} INFO - [2026-06-16T01:09:02.828+0000] {dag.py:3036} INFO - Sync 1 DAGs
[2026-06-16T01:09:03.036+0000] {logging_mixin.py:188} INFO - [2026-06-16T01:09:03.031+0000] {dag.py:3823} INFO - Setting next_dagrun for example_trigger_target_dag to None, run_after=None
[2026-06-16T01:09:03.189+0000] {processor.py:183} INFO - Processing /home/airflow/.local/lib/python3.8/site-packages/airflow/example_dags/example_trigger_target_dag.py took 0.880 seconds
[2026-06-16T01:09:35.418+0000] {processor.py:161} INFO - Started process (PID=215) to work on /home/airflow/.local/lib/python3.8/site-packages/airflow/example_dags/example_trigger_target_dag.py
[2026-06-16T01:09:35.421+0000] {processor.py:830} INFO - Processing file /home/airflow/.local/lib/python3.8/site-packages/airflow/example_dags/example_trigger_target_dag.py for tasks to queue
[2026-06-16T01:09:35.429+0000] {logging_mixin.py:188} INFO - [2026-06-16T01:09:35.428+0000] {dagbag.py:538} INFO - Filling up the DagBag from /home/airflow/.local/lib/python3.8/site-packages/airflow/example_dags/example_trigger_target_dag.py
[2026-06-16T01:09:35.470+0000] {processor.py:840} INFO - DAG(s) 'example_trigger_target_dag' retrieved from /home/airflow/.local/lib/python3.8/site-packages/airflow/example_dags/example_trigger_target_dag.py
[2026-06-16T01:09:35.563+0000] {logging_mixin.py:188} INFO - [2026-06-16T01:09:35.562+0000] {dag.py:3036} INFO - Sync 1 DAGs
[2026-06-16T01:09:35.625+0000] {logging_mixin.py:188} INFO - [2026-06-16T01:09:35.624+0000] {dag.py:3823} INFO - Setting next_dagrun for example_trigger_target_dag to None, run_after=None
[2026-06-16T01:09:35.734+0000] {processor.py:183} INFO - Processing /home/airflow/.local/lib/python3.8/site-packages/airflow/example_dags/example_trigger_target_dag.py took 0.328 seconds
[2026-06-16T01:10:06.079+0000] {processor.py:161} INFO - Started process (PID=269) to work on /home/airflow/.local/lib/python3.8/site-packages/airflow/example_dags/example_trigger_target_dag.py
[2026-06-16T01:10:06.095+0000] {processor.py:830} INFO - Processing file /home/airflow/.local/lib/python3.8/site-packages/airflow/example_dags/example_trigger_target_dag.py for tasks to queue
[2026-06-16T01:10:06.101+0000] {logging_mixin.py:188} INFO - [2026-06-16T01:10:06.100+0000] {dagbag.py:538} INFO - Filling up the DagBag from /home/airflow/.local/lib/python3.8/site-packages/airflow/example_dags/example_trigger_target_dag.py
[2026-06-16T01:10:06.202+0000] {processor.py:840} INFO - DAG(s) 'example_trigger_target_dag' retrieved from /home/airflow/.local/lib/python3.8/site-packages/airflow/example_dags/example_trigger_target_dag.py
[2026-06-16T01:10:06.430+0000] {logging_mixin.py:188} INFO - [2026-06-16T01:10:06.429+0000] {dag.py:3036} INFO - Sync 1 DAGs
[2026-06-16T01:10:06.500+0000] {logging_mixin.py:188} INFO - [2026-06-16T01:10:06.500+0000] {dag.py:3823} INFO - Setting next_dagrun for example_trigger_target_dag to None, run_after=None
[2026-06-16T01:10:06.622+0000] {processor.py:183} INFO - Processing /home/airflow/.local/lib/python3.8/site-packages/airflow/example_dags/example_trigger_target_dag.py took 0.558 seconds
[2026-06-16T01:10:37.008+0000] {processor.py:161} INFO - Started process (PID=326) to work on /home/airflow/.local/lib/python3.8/site-packages/airflow/example_dags/example_trigger_target_dag.py
[2026-06-16T01:10:37.010+0000] {processor.py:830} INFO - Processing file /home/airflow/.local/lib/python3.8/site-packages/airflow/example_dags/example_trigger_target_dag.py for tasks to queue
[2026-06-16T01:10:37.019+0000] {logging_mixin.py:188} INFO - [2026-06-16T01:10:37.018+0000] {dagbag.py:538} INFO - Filling up the DagBag from /home/airflow/.local/lib/python3.8/site-packages/airflow/example_dags/example_trigger_target_dag.py
[2026-06-16T01:10:37.043+0000] {processor.py:840} INFO - DAG(s) 'example_trigger_target_dag' retrieved from /home/airflow/.local/lib/python3.8/site-packages/airflow/example_dags/example_trigger_target_dag.py
[2026-06-16T01:10:37.164+0000] {logging_mixin.py:188} INFO - [2026-06-16T01:10:37.163+0000] {dag.py:3036} INFO - Sync 1 DAGs
[2026-06-16T01:10:37.303+0000] {logging_mixin.py:188} INFO - [2026-06-16T01:10:37.303+0000] {dag.py:3823} INFO - Setting next_dagrun for example_trigger_target_dag to None, run_after=None
[2026-06-16T01:10:37.376+0000] {processor.py:183} INFO - Processing /home/airflow/.local/lib/python3.8/site-packages/airflow/example_dags/example_trigger_target_dag.py took 0.379 seconds
[2026-06-16T01:11:07.687+0000] {processor.py:161} INFO - Started process (PID=382) to work on /home/airflow/.local/lib/python3.8/site-packages/airflow/example_dags/example_trigger_target_dag.py
[2026-06-16T01:11:07.705+0000] {processor.py:830} INFO - Processing file /home/airflow/.local/lib/python3.8/site-packages/airflow/example_dags/example_trigger_target_dag.py for tasks to queue
[2026-06-16T01:11:07.733+0000] {logging_mixin.py:188} INFO - [2026-06-16T01:11:07.731+0000] {dagbag.py:538} INFO - Filling up the DagBag from /home/airflow/.local/lib/python3.8/site-packages/airflow/example_dags/example_trigger_target_dag.py
[2026-06-16T01:11:07.798+0000] {processor.py:840} INFO - DAG(s) 'example_trigger_target_dag' retrieved from /home/airflow/.local/lib/python3.8/site-packages/airflow/example_dags/example_trigger_target_dag.py
[2026-06-16T01:11:07.966+0000] {logging_mixin.py:188} INFO - [2026-06-16T01:11:07.965+0000] {dag.py:3036} INFO - Sync 1 DAGs
[2026-06-16T01:11:08.029+0000] {logging_mixin.py:188} INFO - [2026-06-16T01:11:08.029+0000] {dag.py:3823} INFO - Setting next_dagrun for example_trigger_target_dag to None, run_after=None
[2026-06-16T01:11:08.140+0000] {processor.py:183} INFO - Processing /home/airflow/.local/lib/python3.8/site-packages/airflow/example_dags/example_trigger_target_dag.py took 0.487 seconds
[2026-06-16T01:11:39.397+0000] {processor.py:161} INFO - Started process (PID=438) to work on /home/airflow/.local/lib/python3.8/site-packages/airflow/example_dags/example_trigger_target_dag.py
[2026-06-16T01:11:39.407+0000] {processor.py:830} INFO - Processing file /home/airflow/.local/lib/python3.8/site-packages/airflow/example_dags/example_trigger_target_dag.py for tasks to queue
[2026-06-16T01:11:39.417+0000] {logging_mixin.py:188} INFO - [2026-06-16T01:11:39.416+0000] {dagbag.py:538} INFO - Filling up the DagBag from /home/airflow/.local/lib/python3.8/site-packages/airflow/example_dags/example_trigger_target_dag.py
[2026-06-16T01:11:39.512+0000] {processor.py:840} INFO - DAG(s) 'example_trigger_target_dag' retrieved from /home/airflow/.local/lib/python3.8/site-packages/airflow/example_dags/example_trigger_target_dag.py
[2026-06-16T01:11:39.630+0000] {logging_mixin.py:188} INFO - [2026-06-16T01:11:39.625+0000] {dag.py:3036} INFO - Sync 1 DAGs
[2026-06-16T01:11:39.689+0000] {logging_mixin.py:188} INFO - [2026-06-16T01:11:39.688+0000] {dag.py:3823} INFO - Setting next_dagrun for example_trigger_target_dag to None, run_after=None
[2026-06-16T01:11:39.885+0000] {processor.py:183} INFO - Processing /home/airflow/.local/lib/python3.8/site-packages/airflow/example_dags/example_trigger_target_dag.py took 0.572 seconds
[2026-06-16T01:12:11.181+0000] {processor.py:161} INFO - Started process (PID=494) to work on /home/airflow/.local/lib/python3.8/site-packages/airflow/example_dags/example_trigger_target_dag.py
[2026-06-16T01:12:11.183+0000] {processor.py:830} INFO - Processing file /home/airflow/.local/lib/python3.8/site-packages/airflow/example_dags/example_trigger_target_dag.py for tasks to queue
[2026-06-16T01:12:11.190+0000] {logging_mixin.py:188} INFO - [2026-06-16T01:12:11.189+0000] {dagbag.py:538} INFO - Filling up the DagBag from /home/airflow/.local/lib/python3.8/site-packages/airflow/example_dags/example_trigger_target_dag.py
[2026-06-16T01:12:11.234+0000] {processor.py:840} INFO - DAG(s) 'example_trigger_target_dag' retrieved from /home/airflow/.local/lib/python3.8/site-packages/airflow/example_dags/example_trigger_target_dag.py
[2026-06-16T01:12:11.372+0000] {logging_mixin.py:188} INFO - [2026-06-16T01:12:11.365+0000] {dag.py:3036} INFO - Sync 1 DAGs
[2026-06-16T01:12:11.528+0000] {logging_mixin.py:188} INFO - [2026-06-16T01:12:11.527+0000] {dag.py:3823} INFO - Setting next_dagrun for example_trigger_target_dag to None, run_after=None
[2026-06-16T01:12:11.623+0000] {processor.py:183} INFO - Processing /home/airflow/.local/lib/python3.8/site-packages/airflow/example_dags/example_trigger_target_dag.py took 0.457 seconds
[2026-06-16T01:12:41.775+0000] {processor.py:161} INFO - Started process (PID=549) to work on /home/airflow/.local/lib/python3.8/site-packages/airflow/example_dags/example_trigger_target_dag.py
[2026-06-16T01:12:41.785+0000] {processor.py:830} INFO - Processing file /home/airflow/.local/lib/python3.8/site-packages/airflow/example_dags/example_trigger_target_dag.py for tasks to queue
[2026-06-16T01:12:41.793+0000] {logging_mixin.py:188} INFO - [2026-06-16T01:12:41.791+0000] {dagbag.py:538} INFO - Filling up the DagBag from /home/airflow/.local/lib/python3.8/site-packages/airflow/example_dags/example_trigger_target_dag.py
[2026-06-16T01:12:41.824+0000] {processor.py:840} INFO - DAG(s) 'example_trigger_target_dag' retrieved from /home/airflow/.local/lib/python3.8/site-packages/airflow/example_dags/example_trigger_target_dag.py
[2026-06-16T01:12:42.032+0000] {logging_mixin.py:188} INFO - [2026-06-16T01:12:42.025+0000] {dag.py:3036} INFO - Sync 1 DAGs
[2026-06-16T01:12:42.328+0000] {logging_mixin.py:188} INFO - [2026-06-16T01:12:42.327+0000] {dag.py:3823} INFO - Setting next_dagrun for example_trigger_target_dag to None, run_after=None
[2026-06-16T01:12:42.688+0000] {processor.py:183} INFO - Processing /home/airflow/.local/lib/python3.8/site-packages/airflow/example_dags/example_trigger_target_dag.py took 0.926 seconds
[2026-06-16T01:13:13.401+0000] {processor.py:161} INFO - Started process (PID=605) to work on /home/airflow/.local/lib/python3.8/site-packages/airflow/example_dags/example_trigger_target_dag.py
[2026-06-16T01:13:13.405+0000] {processor.py:830} INFO - Processing file /home/airflow/.local/lib/python3.8/site-packages/airflow/example_dags/example_trigger_target_dag.py for tasks to queue
[2026-06-16T01:13:13.413+0000] {logging_mixin.py:188} INFO - [2026-06-16T01:13:13.412+0000] {dagbag.py:538} INFO - Filling up the DagBag from /home/airflow/.local/lib/python3.8/site-packages/airflow/example_dags/example_trigger_target_dag.py
[2026-06-16T01:13:13.435+0000] {processor.py:840} INFO - DAG(s) 'example_trigger_target_dag' retrieved from /home/airflow/.local/lib/python3.8/site-packages/airflow/example_dags/example_trigger_target_dag.py
[2026-06-16T01:13:13.524+0000] {logging_mixin.py:188} INFO - [2026-06-16T01:13:13.523+0000] {dag.py:3036} INFO - Sync 1 DAGs
[2026-06-16T01:13:13.621+0000] {logging_mixin.py:188} INFO - [2026-06-16T01:13:13.620+0000] {dag.py:3823} INFO - Setting next_dagrun for example_trigger_target_dag to None, run_after=None
[2026-06-16T01:13:13.752+0000] {processor.py:183} INFO - Processing /home/airflow/.local/lib/python3.8/site-packages/airflow/example_dags/example_trigger_target_dag.py took 0.364 seconds
[2026-06-16T01:13:44.491+0000] {processor.py:161} INFO - Started process (PID=661) to work on /home/airflow/.local/lib/python3.8/site-packages/airflow/example_dags/example_trigger_target_dag.py
[2026-06-16T01:13:44.495+0000] {processor.py:830} INFO - Processing file /home/airflow/.local/lib/python3.8/site-packages/airflow/example_dags/example_trigger_target_dag.py for tasks to queue
[2026-06-16T01:13:44.507+0000] {logging_mixin.py:188} INFO - [2026-06-16T01:13:44.506+0000] {dagbag.py:538} INFO - Filling up the DagBag from /home/airflow/.local/lib/python3.8/site-packages/airflow/example_dags/example_trigger_target_dag.py
[2026-06-16T01:13:44.556+0000] {processor.py:840} INFO - DAG(s) 'example_trigger_target_dag' retrieved from /home/airflow/.local/lib/python3.8/site-packages/airflow/example_dags/example_trigger_target_dag.py
[2026-06-16T01:13:44.651+0000] {logging_mixin.py:188} INFO - [2026-06-16T01:13:44.650+0000] {dag.py:3036} INFO - Sync 1 DAGs
[2026-06-16T01:13:44.707+0000] {logging_mixin.py:188} INFO - [2026-06-16T01:13:44.706+0000] {dag.py:3823} INFO - Setting next_dagrun for example_trigger_target_dag to None, run_after=None
[2026-06-16T01:13:45.036+0000] {processor.py:183} INFO - Processing /home/airflow/.local/lib/python3.8/site-packages/airflow/example_dags/example_trigger_target_dag.py took 0.558 seconds
[2026-06-16T01:14:15.489+0000] {processor.py:161} INFO - Started process (PID=716) to work on /home/airflow/.local/lib/python3.8/site-packages/airflow/example_dags/example_trigger_target_dag.py
[2026-06-16T01:14:15.500+0000] {processor.py:830} INFO - Processing file /home/airflow/.local/lib/python3.8/site-packages/airflow/example_dags/example_trigger_target_dag.py for tasks to queue
[2026-06-16T01:14:15.506+0000] {logging_mixin.py:188} INFO - [2026-06-16T01:14:15.505+0000] {dagbag.py:538} INFO - Filling up the DagBag from /home/airflow/.local/lib/python3.8/site-packages/airflow/example_dags/example_trigger_target_dag.py
[2026-06-16T01:14:15.530+0000] {processor.py:840} INFO - DAG(s) 'example_trigger_target_dag' retrieved from /home/airflow/.local/lib/python3.8/site-packages/airflow/example_dags/example_trigger_target_dag.py
[2026-06-16T01:14:15.638+0000] {logging_mixin.py:188} INFO - [2026-06-16T01:14:15.637+0000] {dag.py:3036} INFO - Sync 1 DAGs
[2026-06-16T01:14:15.720+0000] {logging_mixin.py:188} INFO - [2026-06-16T01:14:15.719+0000] {dag.py:3823} INFO - Setting next_dagrun for example_trigger_target_dag to None, run_after=None
[2026-06-16T01:14:15.884+0000] {processor.py:183} INFO - Processing /home/airflow/.local/lib/python3.8/site-packages/airflow/example_dags/example_trigger_target_dag.py took 0.410 seconds
[2026-06-16T01:14:46.142+0000] {processor.py:161} INFO - Started process (PID=772) to work on /home/airflow/.local/lib/python3.8/site-packages/airflow/example_dags/example_trigger_target_dag.py
[2026-06-16T01:14:46.146+0000] {processor.py:830} INFO - Processing file /home/airflow/.local/lib/python3.8/site-packages/airflow/example_dags/example_trigger_target_dag.py for tasks to queue
[2026-06-16T01:14:46.152+0000] {logging_mixin.py:188} INFO - [2026-06-16T01:14:46.151+0000] {dagbag.py:538} INFO - Filling up the DagBag from /home/airflow/.local/lib/python3.8/site-packages/airflow/example_dags/example_trigger_target_dag.py
[2026-06-16T01:14:46.180+0000] {processor.py:840} INFO - DAG(s) 'example_trigger_target_dag' retrieved from /home/airflow/.local/lib/python3.8/site-packages/airflow/example_dags/example_trigger_target_dag.py
[2026-06-16T01:14:46.297+0000] {logging_mixin.py:188} INFO - [2026-06-16T01:14:46.296+0000] {dag.py:3036} INFO - Sync 1 DAGs
[2026-06-16T01:14:46.367+0000] {logging_mixin.py:188} INFO - [2026-06-16T01:14:46.363+0000] {dag.py:3823} INFO - Setting next_dagrun for example_trigger_target_dag to None, run_after=None
[2026-06-16T01:14:46.469+0000] {processor.py:183} INFO - Processing /home/airflow/.local/lib/python3.8/site-packages/airflow/example_dags/example_trigger_target_dag.py took 0.341 seconds
[2026-06-16T01:15:16.590+0000] {processor.py:161} INFO - Started process (PID=828) to work on /home/airflow/.local/lib/python3.8/site-packages/airflow/example_dags/example_trigger_target_dag.py
[2026-06-16T01:15:16.593+0000] {processor.py:830} INFO - Processing file /home/airflow/.local/lib/python3.8/site-packages/airflow/example_dags/example_trigger_target_dag.py for tasks to queue
[2026-06-16T01:15:16.598+0000] {logging_mixin.py:188} INFO - [2026-06-16T01:15:16.597+0000] {dagbag.py:538} INFO - Filling up the DagBag from /home/airflow/.local/lib/python3.8/site-packages/airflow/example_dags/example_trigger_target_dag.py
[2026-06-16T01:15:16.660+0000] {processor.py:840} INFO - DAG(s) 'example_trigger_target_dag' retrieved from /home/airflow/.local/lib/python3.8/site-packages/airflow/example_dags/example_trigger_target_dag.py
[2026-06-16T01:15:16.781+0000] {logging_mixin.py:188} INFO - [2026-06-16T01:15:16.780+0000] {dag.py:3036} INFO - Sync 1 DAGs
[2026-06-16T01:15:16.855+0000] {logging_mixin.py:188} INFO - [2026-06-16T01:15:16.854+0000] {dag.py:3823} INFO - Setting next_dagrun for example_trigger_target_dag to None, run_after=None
[2026-06-16T01:15:16.923+0000] {processor.py:183} INFO - Processing /home/airflow/.local/lib/python3.8/site-packages/airflow/example_dags/example_trigger_target_dag.py took 0.344 seconds
[2026-06-16T01:15:50.603+0000] {processor.py:161} INFO - Started process (PID=884) to work on /home/airflow/.local/lib/python3.8/site-packages/airflow/example_dags/example_trigger_target_dag.py
[2026-06-16T01:15:50.609+0000] {processor.py:830} INFO - Processing file /home/airflow/.local/lib/python3.8/site-packages/airflow/example_dags/example_trigger_target_dag.py for tasks to queue
[2026-06-16T01:15:50.619+0000] {logging_mixin.py:188} INFO - [2026-06-16T01:15:50.619+0000] {dagbag.py:538} INFO - Filling up the DagBag from /home/airflow/.local/lib/python3.8/site-packages/airflow/example_dags/example_trigger_target_dag.py
[2026-06-16T01:15:50.653+0000] {processor.py:840} INFO - DAG(s) 'example_trigger_target_dag' retrieved from /home/airflow/.local/lib/python3.8/site-packages/airflow/example_dags/example_trigger_target_dag.py
[2026-06-16T01:15:50.762+0000] {logging_mixin.py:188} INFO - [2026-06-16T01:15:50.761+0000] {dag.py:3036} INFO - Sync 1 DAGs
[2026-06-16T01:15:50.821+0000] {logging_mixin.py:188} INFO - [2026-06-16T01:15:50.819+0000] {dag.py:3823} INFO - Setting next_dagrun for example_trigger_target_dag to None, run_after=None
[2026-06-16T01:15:50.899+0000] {processor.py:183} INFO - Processing /home/airflow/.local/lib/python3.8/site-packages/airflow/example_dags/example_trigger_target_dag.py took 0.307 seconds
[2026-06-16T01:16:22.017+0000] {processor.py:161} INFO - Started process (PID=937) to work on /home/airflow/.local/lib/python3.8/site-packages/airflow/example_dags/example_trigger_target_dag.py
[2026-06-16T01:16:22.023+0000] {processor.py:830} INFO - Processing file /home/airflow/.local/lib/python3.8/site-packages/airflow/example_dags/example_trigger_target_dag.py for tasks to queue
[2026-06-16T01:16:22.034+0000] {logging_mixin.py:188} INFO - [2026-06-16T01:16:22.033+0000] {dagbag.py:538} INFO - Filling up the DagBag from /home/airflow/.local/lib/python3.8/site-packages/airflow/example_dags/example_trigger_target_dag.py
[2026-06-16T01:16:22.076+0000] {processor.py:840} INFO - DAG(s) 'example_trigger_target_dag' retrieved from /home/airflow/.local/lib/python3.8/site-packages/airflow/example_dags/example_trigger_target_dag.py
[2026-06-16T01:16:22.253+0000] {logging_mixin.py:188} INFO - [2026-06-16T01:16:22.252+0000] {dag.py:3036} INFO - Sync 1 DAGs
[2026-06-16T01:16:22.351+0000] {logging_mixin.py:188} INFO - [2026-06-16T01:16:22.351+0000] {dag.py:3823} INFO - Setting next_dagrun for example_trigger_target_dag to None, run_after=None
[2026-06-16T01:16:22.482+0000] {processor.py:183} INFO - Processing /home/airflow/.local/lib/python3.8/site-packages/airflow/example_dags/example_trigger_target_dag.py took 0.481 seconds
[2026-06-16T01:16:53.206+0000] {processor.py:161} INFO - Started process (PID=993) to work on /home/airflow/.local/lib/python3.8/site-packages/airflow/example_dags/example_trigger_target_dag.py
[2026-06-16T01:16:53.209+0000] {processor.py:830} INFO - Processing file /home/airflow/.local/lib/python3.8/site-packages/airflow/example_dags/example_trigger_target_dag.py for tasks to queue
[2026-06-16T01:16:53.224+0000] {logging_mixin.py:188} INFO - [2026-06-16T01:16:53.220+0000] {dagbag.py:538} INFO - Filling up the DagBag from /home/airflow/.local/lib/python3.8/site-packages/airflow/example_dags/example_trigger_target_dag.py
[2026-06-16T01:16:53.379+0000] {processor.py:840} INFO - DAG(s) 'example_trigger_target_dag' retrieved from /home/airflow/.local/lib/python3.8/site-packages/airflow/example_dags/example_trigger_target_dag.py
[2026-06-16T01:16:53.786+0000] {logging_mixin.py:188} INFO - [2026-06-16T01:16:53.786+0000] {dag.py:3036} INFO - Sync 1 DAGs
[2026-06-16T01:16:54.483+0000] {logging_mixin.py:188} INFO - [2026-06-16T01:16:54.482+0000] {dag.py:3823} INFO - Setting next_dagrun for example_trigger_target_dag to None, run_after=None
[2026-06-16T01:16:54.914+0000] {processor.py:183} INFO - Processing /home/airflow/.local/lib/python3.8/site-packages/airflow/example_dags/example_trigger_target_dag.py took 1.718 seconds
[2026-06-16T01:17:27.478+0000] {processor.py:161} INFO - Started process (PID=1048) to work on /home/airflow/.local/lib/python3.8/site-packages/airflow/example_dags/example_trigger_target_dag.py
[2026-06-16T01:17:27.482+0000] {processor.py:830} INFO - Processing file /home/airflow/.local/lib/python3.8/site-packages/airflow/example_dags/example_trigger_target_dag.py for tasks to queue
[2026-06-16T01:17:27.520+0000] {logging_mixin.py:188} INFO - [2026-06-16T01:17:27.496+0000] {dagbag.py:538} INFO - Filling up the DagBag from /home/airflow/.local/lib/python3.8/site-packages/airflow/example_dags/example_trigger_target_dag.py
[2026-06-16T01:17:27.649+0000] {processor.py:840} INFO - DAG(s) 'example_trigger_target_dag' retrieved from /home/airflow/.local/lib/python3.8/site-packages/airflow/example_dags/example_trigger_target_dag.py
[2026-06-16T01:17:27.808+0000] {logging_mixin.py:188} INFO - [2026-06-16T01:17:27.807+0000] {dag.py:3036} INFO - Sync 1 DAGs
[2026-06-16T01:17:27.968+0000] {logging_mixin.py:188} INFO - [2026-06-16T01:17:27.967+0000] {dag.py:3823} INFO - Setting next_dagrun for example_trigger_target_dag to None, run_after=None
[2026-06-16T01:17:28.095+0000] {processor.py:183} INFO - Processing /home/airflow/.local/lib/python3.8/site-packages/airflow/example_dags/example_trigger_target_dag.py took 0.628 seconds
[2026-06-16T01:17:58.514+0000] {processor.py:161} INFO - Started process (PID=1104) to work on /home/airflow/.local/lib/python3.8/site-packages/airflow/example_dags/example_trigger_target_dag.py
[2026-06-16T01:17:58.524+0000] {processor.py:830} INFO - Processing file /home/airflow/.local/lib/python3.8/site-packages/airflow/example_dags/example_trigger_target_dag.py for tasks to queue
[2026-06-16T01:17:58.533+0000] {logging_mixin.py:188} INFO - [2026-06-16T01:17:58.531+0000] {dagbag.py:538} INFO - Filling up the DagBag from /home/airflow/.local/lib/python3.8/site-packages/airflow/example_dags/example_trigger_target_dag.py
[2026-06-16T01:17:58.564+0000] {processor.py:840} INFO - DAG(s) 'example_trigger_target_dag' retrieved from /home/airflow/.local/lib/python3.8/site-packages/airflow/example_dags/example_trigger_target_dag.py
[2026-06-16T01:17:58.669+0000] {logging_mixin.py:188} INFO - [2026-06-16T01:17:58.668+0000] {dag.py:3036} INFO - Sync 1 DAGs
[2026-06-16T01:17:58.722+0000] {logging_mixin.py:188} INFO - [2026-06-16T01:17:58.722+0000] {dag.py:3823} INFO - Setting next_dagrun for example_trigger_target_dag to None, run_after=None
[2026-06-16T01:17:58.842+0000] {processor.py:183} INFO - Processing /home/airflow/.local/lib/python3.8/site-packages/airflow/example_dags/example_trigger_target_dag.py took 0.359 seconds
[2026-06-16T01:18:28.958+0000] {processor.py:161} INFO - Started process (PID=1159) to work on /home/airflow/.local/lib/python3.8/site-packages/airflow/example_dags/example_trigger_target_dag.py
[2026-06-16T01:18:28.962+0000] {processor.py:830} INFO - Processing file /home/airflow/.local/lib/python3.8/site-packages/airflow/example_dags/example_trigger_target_dag.py for tasks to queue
[2026-06-16T01:18:28.969+0000] {logging_mixin.py:188} INFO - [2026-06-16T01:18:28.968+0000] {dagbag.py:538} INFO - Filling up the DagBag from /home/airflow/.local/lib/python3.8/site-packages/airflow/example_dags/example_trigger_target_dag.py
[2026-06-16T01:18:29.000+0000] {processor.py:840} INFO - DAG(s) 'example_trigger_target_dag' retrieved from /home/airflow/.local/lib/python3.8/site-packages/airflow/example_dags/example_trigger_target_dag.py
[2026-06-16T01:18:29.104+0000] {logging_mixin.py:188} INFO - [2026-06-16T01:18:29.103+0000] {dag.py:3036} INFO - Sync 1 DAGs
[2026-06-16T01:18:29.161+0000] {logging_mixin.py:188} INFO - [2026-06-16T01:18:29.161+0000] {dag.py:3823} INFO - Setting next_dagrun for example_trigger_target_dag to None, run_after=None
[2026-06-16T01:18:29.289+0000] {processor.py:183} INFO - Processing /home/airflow/.local/lib/python3.8/site-packages/airflow/example_dags/example_trigger_target_dag.py took 0.347 seconds
[2026-06-16T01:19:00.363+0000] {processor.py:161} INFO - Started process (PID=1216) to work on /home/airflow/.local/lib/python3.8/site-packages/airflow/example_dags/example_trigger_target_dag.py
[2026-06-16T01:19:00.366+0000] {processor.py:830} INFO - Processing file /home/airflow/.local/lib/python3.8/site-packages/airflow/example_dags/example_trigger_target_dag.py for tasks to queue
[2026-06-16T01:19:00.374+0000] {logging_mixin.py:188} INFO - [2026-06-16T01:19:00.373+0000] {dagbag.py:538} INFO - Filling up the DagBag from /home/airflow/.local/lib/python3.8/site-packages/airflow/example_dags/example_trigger_target_dag.py
[2026-06-16T01:19:00.397+0000] {processor.py:840} INFO - DAG(s) 'example_trigger_target_dag' retrieved from /home/airflow/.local/lib/python3.8/site-packages/airflow/example_dags/example_trigger_target_dag.py
[2026-06-16T01:19:00.492+0000] {logging_mixin.py:188} INFO - [2026-06-16T01:19:00.489+0000] {dag.py:3036} INFO - Sync 1 DAGs
[2026-06-16T01:19:00.562+0000] {logging_mixin.py:188} INFO - [2026-06-16T01:19:00.561+0000] {dag.py:3823} INFO - Setting next_dagrun for example_trigger_target_dag to None, run_after=None
[2026-06-16T01:19:00.675+0000] {processor.py:183} INFO - Processing /home/airflow/.local/lib/python3.8/site-packages/airflow/example_dags/example_trigger_target_dag.py took 0.327 seconds
[2026-06-16T01:19:31.062+0000] {processor.py:161} INFO - Started process (PID=1273) to work on /home/airflow/.local/lib/python3.8/site-packages/airflow/example_dags/example_trigger_target_dag.py
[2026-06-16T01:19:31.064+0000] {processor.py:830} INFO - Processing file /home/airflow/.local/lib/python3.8/site-packages/airflow/example_dags/example_trigger_target_dag.py for tasks to queue
[2026-06-16T01:19:31.082+0000] {logging_mixin.py:188} INFO - [2026-06-16T01:19:31.081+0000] {dagbag.py:538} INFO - Filling up the DagBag from /home/airflow/.local/lib/python3.8/site-packages/airflow/example_dags/example_trigger_target_dag.py
[2026-06-16T01:19:31.122+0000] {processor.py:840} INFO - DAG(s) 'example_trigger_target_dag' retrieved from /home/airflow/.local/lib/python3.8/site-packages/airflow/example_dags/example_trigger_target_dag.py
[2026-06-16T01:19:31.344+0000] {logging_mixin.py:188} INFO - [2026-06-16T01:19:31.341+0000] {dag.py:3036} INFO - Sync 1 DAGs
[2026-06-16T01:19:31.472+0000] {logging_mixin.py:188} INFO - [2026-06-16T01:19:31.471+0000] {dag.py:3823} INFO - Setting next_dagrun for example_trigger_target_dag to None, run_after=None
[2026-06-16T01:19:31.559+0000] {processor.py:183} INFO - Processing /home/airflow/.local/lib/python3.8/site-packages/airflow/example_dags/example_trigger_target_dag.py took 0.522 seconds
[2026-06-16T01:20:02.242+0000] {processor.py:161} INFO - Started process (PID=1329) to work on /home/airflow/.local/lib/python3.8/site-packages/airflow/example_dags/example_trigger_target_dag.py
[2026-06-16T01:20:02.245+0000] {processor.py:830} INFO - Processing file /home/airflow/.local/lib/python3.8/site-packages/airflow/example_dags/example_trigger_target_dag.py for tasks to queue
[2026-06-16T01:20:02.258+0000] {logging_mixin.py:188} INFO - [2026-06-16T01:20:02.256+0000] {dagbag.py:538} INFO - Filling up the DagBag from /home/airflow/.local/lib/python3.8/site-packages/airflow/example_dags/example_trigger_target_dag.py
[2026-06-16T01:20:02.279+0000] {processor.py:840} INFO - DAG(s) 'example_trigger_target_dag' retrieved from /home/airflow/.local/lib/python3.8/site-packages/airflow/example_dags/example_trigger_target_dag.py
[2026-06-16T01:20:02.396+0000] {logging_mixin.py:188} INFO - [2026-06-16T01:20:02.396+0000] {dag.py:3036} INFO - Sync 1 DAGs
[2026-06-16T01:20:02.473+0000] {logging_mixin.py:188} INFO - [2026-06-16T01:20:02.472+0000] {dag.py:3823} INFO - Setting next_dagrun for example_trigger_target_dag to None, run_after=None
[2026-06-16T01:20:02.565+0000] {processor.py:183} INFO - Processing /home/airflow/.local/lib/python3.8/site-packages/airflow/example_dags/example_trigger_target_dag.py took 0.338 seconds
[2026-06-16T01:20:33.367+0000] {processor.py:161} INFO - Started process (PID=1385) to work on /home/airflow/.local/lib/python3.8/site-packages/airflow/example_dags/example_trigger_target_dag.py
[2026-06-16T01:20:33.370+0000] {processor.py:830} INFO - Processing file /home/airflow/.local/lib/python3.8/site-packages/airflow/example_dags/example_trigger_target_dag.py for tasks to queue
[2026-06-16T01:20:33.380+0000] {logging_mixin.py:188} INFO - [2026-06-16T01:20:33.379+0000] {dagbag.py:538} INFO - Filling up the DagBag from /home/airflow/.local/lib/python3.8/site-packages/airflow/example_dags/example_trigger_target_dag.py
[2026-06-16T01:20:33.415+0000] {processor.py:840} INFO - DAG(s) 'example_trigger_target_dag' retrieved from /home/airflow/.local/lib/python3.8/site-packages/airflow/example_dags/example_trigger_target_dag.py
[2026-06-16T01:20:33.597+0000] {logging_mixin.py:188} INFO - [2026-06-16T01:20:33.597+0000] {dag.py:3036} INFO - Sync 1 DAGs
[2026-06-16T01:20:33.649+0000] {logging_mixin.py:188} INFO - [2026-06-16T01:20:33.649+0000] {dag.py:3823} INFO - Setting next_dagrun for example_trigger_target_dag to None, run_after=None
[2026-06-16T01:20:33.738+0000] {processor.py:183} INFO - Processing /home/airflow/.local/lib/python3.8/site-packages/airflow/example_dags/example_trigger_target_dag.py took 0.386 seconds
[2026-06-16T01:21:04.991+0000] {processor.py:161} INFO - Started process (PID=1438) to work on /home/airflow/.local/lib/python3.8/site-packages/airflow/example_dags/example_trigger_target_dag.py
[2026-06-16T01:21:04.995+0000] {processor.py:830} INFO - Processing file /home/airflow/.local/lib/python3.8/site-packages/airflow/example_dags/example_trigger_target_dag.py for tasks to queue
[2026-06-16T01:21:05.005+0000] {logging_mixin.py:188} INFO - [2026-06-16T01:21:05.003+0000] {dagbag.py:538} INFO - Filling up the DagBag from /home/airflow/.local/lib/python3.8/site-packages/airflow/example_dags/example_trigger_target_dag.py
[2026-06-16T01:21:05.025+0000] {processor.py:840} INFO - DAG(s) 'example_trigger_target_dag' retrieved from /home/airflow/.local/lib/python3.8/site-packages/airflow/example_dags/example_trigger_target_dag.py
[2026-06-16T01:21:05.113+0000] {logging_mixin.py:188} INFO - [2026-06-16T01:21:05.112+0000] {dag.py:3036} INFO - Sync 1 DAGs
[2026-06-16T01:21:05.194+0000] {logging_mixin.py:188} INFO - [2026-06-16T01:21:05.193+0000] {dag.py:3823} INFO - Setting next_dagrun for example_trigger_target_dag to None, run_after=None
[2026-06-16T01:21:05.327+0000] {processor.py:183} INFO - Processing /home/airflow/.local/lib/python3.8/site-packages/airflow/example_dags/example_trigger_target_dag.py took 0.346 seconds
[2026-06-16T01:21:35.834+0000] {processor.py:161} INFO - Started process (PID=1494) to work on /home/airflow/.local/lib/python3.8/site-packages/airflow/example_dags/example_trigger_target_dag.py
[2026-06-16T01:21:35.838+0000] {processor.py:830} INFO - Processing file /home/airflow/.local/lib/python3.8/site-packages/airflow/example_dags/example_trigger_target_dag.py for tasks to queue
[2026-06-16T01:21:35.848+0000] {logging_mixin.py:188} INFO - [2026-06-16T01:21:35.846+0000] {dagbag.py:538} INFO - Filling up the DagBag from /home/airflow/.local/lib/python3.8/site-packages/airflow/example_dags/example_trigger_target_dag.py
[2026-06-16T01:21:35.869+0000] {processor.py:840} INFO - DAG(s) 'example_trigger_target_dag' retrieved from /home/airflow/.local/lib/python3.8/site-packages/airflow/example_dags/example_trigger_target_dag.py
[2026-06-16T01:21:35.952+0000] {logging_mixin.py:188} INFO - [2026-06-16T01:21:35.952+0000] {dag.py:3036} INFO - Sync 1 DAGs
[2026-06-16T01:21:36.013+0000] {logging_mixin.py:188} INFO - [2026-06-16T01:21:36.012+0000] {dag.py:3823} INFO - Setting next_dagrun for example_trigger_target_dag to None, run_after=None
[2026-06-16T01:21:36.147+0000] {processor.py:183} INFO - Processing /home/airflow/.local/lib/python3.8/site-packages/airflow/example_dags/example_trigger_target_dag.py took 0.327 seconds
[2026-06-16T01:22:08.693+0000] {processor.py:161} INFO - Started process (PID=1551) to work on /home/airflow/.local/lib/python3.8/site-packages/airflow/example_dags/example_trigger_target_dag.py
[2026-06-16T01:22:08.696+0000] {processor.py:830} INFO - Processing file /home/airflow/.local/lib/python3.8/site-packages/airflow/example_dags/example_trigger_target_dag.py for tasks to queue
[2026-06-16T01:22:08.705+0000] {logging_mixin.py:188} INFO - [2026-06-16T01:22:08.704+0000] {dagbag.py:538} INFO - Filling up the DagBag from /home/airflow/.local/lib/python3.8/site-packages/airflow/example_dags/example_trigger_target_dag.py
[2026-06-16T01:22:08.723+0000] {processor.py:840} INFO - DAG(s) 'example_trigger_target_dag' retrieved from /home/airflow/.local/lib/python3.8/site-packages/airflow/example_dags/example_trigger_target_dag.py
[2026-06-16T01:22:08.805+0000] {logging_mixin.py:188} INFO - [2026-06-16T01:22:08.805+0000] {dag.py:3036} INFO - Sync 1 DAGs
[2026-06-16T01:22:08.870+0000] {logging_mixin.py:188} INFO - [2026-06-16T01:22:08.870+0000] {dag.py:3823} INFO - Setting next_dagrun for example_trigger_target_dag to None, run_after=None
[2026-06-16T01:22:08.992+0000] {processor.py:183} INFO - Processing /home/airflow/.local/lib/python3.8/site-packages/airflow/example_dags/example_trigger_target_dag.py took 0.309 seconds
[2026-06-16T01:22:41.313+0000] {processor.py:161} INFO - Started process (PID=1606) to work on /home/airflow/.local/lib/python3.8/site-packages/airflow/example_dags/example_trigger_target_dag.py
[2026-06-16T01:22:41.319+0000] {processor.py:830} INFO - Processing file /home/airflow/.local/lib/python3.8/site-packages/airflow/example_dags/example_trigger_target_dag.py for tasks to queue
[2026-06-16T01:22:41.334+0000] {logging_mixin.py:188} INFO - [2026-06-16T01:22:41.332+0000] {dagbag.py:538} INFO - Filling up the DagBag from /home/airflow/.local/lib/python3.8/site-packages/airflow/example_dags/example_trigger_target_dag.py
[2026-06-16T01:22:41.371+0000] {processor.py:840} INFO - DAG(s) 'example_trigger_target_dag' retrieved from /home/airflow/.local/lib/python3.8/site-packages/airflow/example_dags/example_trigger_target_dag.py
[2026-06-16T01:22:41.454+0000] {logging_mixin.py:188} INFO - [2026-06-16T01:22:41.453+0000] {dag.py:3036} INFO - Sync 1 DAGs
[2026-06-16T01:22:41.525+0000] {logging_mixin.py:188} INFO - [2026-06-16T01:22:41.524+0000] {dag.py:3823} INFO - Setting next_dagrun for example_trigger_target_dag to None, run_after=None
[2026-06-16T01:22:41.602+0000] {processor.py:183} INFO - Processing /home/airflow/.local/lib/python3.8/site-packages/airflow/example_dags/example_trigger_target_dag.py took 0.302 seconds
[2026-06-16T01:23:15.821+0000] {processor.py:161} INFO - Started process (PID=1662) to work on /home/airflow/.local/lib/python3.8/site-packages/airflow/example_dags/example_trigger_target_dag.py
[2026-06-16T01:23:15.829+0000] {processor.py:830} INFO - Processing file /home/airflow/.local/lib/python3.8/site-packages/airflow/example_dags/example_trigger_target_dag.py for tasks to queue
[2026-06-16T01:23:15.837+0000] {logging_mixin.py:188} INFO - [2026-06-16T01:23:15.837+0000] {dagbag.py:538} INFO - Filling up the DagBag from /home/airflow/.local/lib/python3.8/site-packages/airflow/example_dags/example_trigger_target_dag.py
[2026-06-16T01:23:15.854+0000] {processor.py:840} INFO - DAG(s) 'example_trigger_target_dag' retrieved from /home/airflow/.local/lib/python3.8/site-packages/airflow/example_dags/example_trigger_target_dag.py
[2026-06-16T01:23:15.962+0000] {logging_mixin.py:188} INFO - [2026-06-16T01:23:15.961+0000] {dag.py:3036} INFO - Sync 1 DAGs
[2026-06-16T01:23:16.018+0000] {logging_mixin.py:188} INFO - [2026-06-16T01:23:16.017+0000] {dag.py:3823} INFO - Setting next_dagrun for example_trigger_target_dag to None, run_after=None
[2026-06-16T01:23:16.270+0000] {processor.py:183} INFO - Processing /home/airflow/.local/lib/python3.8/site-packages/airflow/example_dags/example_trigger_target_dag.py took 0.461 seconds
[2026-06-16T01:23:51.981+0000] {processor.py:161} INFO - Started process (PID=1723) to work on /home/airflow/.local/lib/python3.8/site-packages/airflow/example_dags/example_trigger_target_dag.py
[2026-06-16T01:23:51.987+0000] {processor.py:830} INFO - Processing file /home/airflow/.local/lib/python3.8/site-packages/airflow/example_dags/example_trigger_target_dag.py for tasks to queue
[2026-06-16T01:23:51.995+0000] {logging_mixin.py:188} INFO - [2026-06-16T01:23:51.994+0000] {dagbag.py:538} INFO - Filling up the DagBag from /home/airflow/.local/lib/python3.8/site-packages/airflow/example_dags/example_trigger_target_dag.py
[2026-06-16T01:23:52.012+0000] {processor.py:840} INFO - DAG(s) 'example_trigger_target_dag' retrieved from /home/airflow/.local/lib/python3.8/site-packages/airflow/example_dags/example_trigger_target_dag.py
[2026-06-16T01:23:52.083+0000] {logging_mixin.py:188} INFO - [2026-06-16T01:23:52.082+0000] {dag.py:3036} INFO - Sync 1 DAGs
[2026-06-16T01:23:52.138+0000] {logging_mixin.py:188} INFO - [2026-06-16T01:23:52.137+0000] {dag.py:3823} INFO - Setting next_dagrun for example_trigger_target_dag to None, run_after=None
[2026-06-16T01:23:52.203+0000] {processor.py:183} INFO - Processing /home/airflow/.local/lib/python3.8/site-packages/airflow/example_dags/example_trigger_target_dag.py took 0.231 seconds
[2026-06-16T01:24:22.812+0000] {processor.py:161} INFO - Started process (PID=1779) to work on /home/airflow/.local/lib/python3.8/site-packages/airflow/example_dags/example_trigger_target_dag.py
[2026-06-16T01:24:22.815+0000] {processor.py:830} INFO - Processing file /home/airflow/.local/lib/python3.8/site-packages/airflow/example_dags/example_trigger_target_dag.py for tasks to queue
[2026-06-16T01:24:22.822+0000] {logging_mixin.py:188} INFO - [2026-06-16T01:24:22.822+0000] {dagbag.py:538} INFO - Filling up the DagBag from /home/airflow/.local/lib/python3.8/site-packages/airflow/example_dags/example_trigger_target_dag.py
[2026-06-16T01:24:22.840+0000] {processor.py:840} INFO - DAG(s) 'example_trigger_target_dag' retrieved from /home/airflow/.local/lib/python3.8/site-packages/airflow/example_dags/example_trigger_target_dag.py
[2026-06-16T01:24:23.037+0000] {logging_mixin.py:188} INFO - [2026-06-16T01:24:23.036+0000] {dag.py:3036} INFO - Sync 1 DAGs
[2026-06-16T01:24:23.116+0000] {logging_mixin.py:188} INFO - [2026-06-16T01:24:23.116+0000] {dag.py:3823} INFO - Setting next_dagrun for example_trigger_target_dag to None, run_after=None
[2026-06-16T01:24:23.220+0000] {processor.py:183} INFO - Processing /home/airflow/.local/lib/python3.8/site-packages/airflow/example_dags/example_trigger_target_dag.py took 0.442 seconds
[2026-06-16T01:24:53.868+0000] {processor.py:161} INFO - Started process (PID=1833) to work on /home/airflow/.local/lib/python3.8/site-packages/airflow/example_dags/example_trigger_target_dag.py
[2026-06-16T01:24:53.870+0000] {processor.py:830} INFO - Processing file /home/airflow/.local/lib/python3.8/site-packages/airflow/example_dags/example_trigger_target_dag.py for tasks to queue
[2026-06-16T01:24:53.875+0000] {logging_mixin.py:188} INFO - [2026-06-16T01:24:53.874+0000] {dagbag.py:538} INFO - Filling up the DagBag from /home/airflow/.local/lib/python3.8/site-packages/airflow/example_dags/example_trigger_target_dag.py
[2026-06-16T01:24:53.887+0000] {processor.py:840} INFO - DAG(s) 'example_trigger_target_dag' retrieved from /home/airflow/.local/lib/python3.8/site-packages/airflow/example_dags/example_trigger_target_dag.py
[2026-06-16T01:24:53.939+0000] {logging_mixin.py:188} INFO - [2026-06-16T01:24:53.938+0000] {dag.py:3036} INFO - Sync 1 DAGs
[2026-06-16T01:24:53.978+0000] {logging_mixin.py:188} INFO - [2026-06-16T01:24:53.978+0000] {dag.py:3823} INFO - Setting next_dagrun for example_trigger_target_dag to None, run_after=None
[2026-06-16T01:24:54.037+0000] {processor.py:183} INFO - Processing /home/airflow/.local/lib/python3.8/site-packages/airflow/example_dags/example_trigger_target_dag.py took 0.176 seconds
[2026-06-16T01:25:24.277+0000] {processor.py:161} INFO - Started process (PID=1889) to work on /home/airflow/.local/lib/python3.8/site-packages/airflow/example_dags/example_trigger_target_dag.py
[2026-06-16T01:25:24.280+0000] {processor.py:830} INFO - Processing file /home/airflow/.local/lib/python3.8/site-packages/airflow/example_dags/example_trigger_target_dag.py for tasks to queue
[2026-06-16T01:25:24.288+0000] {logging_mixin.py:188} INFO - [2026-06-16T01:25:24.288+0000] {dagbag.py:538} INFO - Filling up the DagBag from /home/airflow/.local/lib/python3.8/site-packages/airflow/example_dags/example_trigger_target_dag.py
[2026-06-16T01:25:24.305+0000] {processor.py:840} INFO - DAG(s) 'example_trigger_target_dag' retrieved from /home/airflow/.local/lib/python3.8/site-packages/airflow/example_dags/example_trigger_target_dag.py
[2026-06-16T01:25:24.365+0000] {logging_mixin.py:188} INFO - [2026-06-16T01:25:24.365+0000] {dag.py:3036} INFO - Sync 1 DAGs
[2026-06-16T01:25:24.408+0000] {logging_mixin.py:188} INFO - [2026-06-16T01:25:24.408+0000] {dag.py:3823} INFO - Setting next_dagrun for example_trigger_target_dag to None, run_after=None
[2026-06-16T01:25:24.458+0000] {processor.py:183} INFO - Processing /home/airflow/.local/lib/python3.8/site-packages/airflow/example_dags/example_trigger_target_dag.py took 0.193 seconds
[2026-06-16T01:25:54.734+0000] {processor.py:161} INFO - Started process (PID=1945) to work on /home/airflow/.local/lib/python3.8/site-packages/airflow/example_dags/example_trigger_target_dag.py
[2026-06-16T01:25:54.737+0000] {processor.py:830} INFO - Processing file /home/airflow/.local/lib/python3.8/site-packages/airflow/example_dags/example_trigger_target_dag.py for tasks to queue
[2026-06-16T01:25:54.747+0000] {logging_mixin.py:188} INFO - [2026-06-16T01:25:54.746+0000] {dagbag.py:538} INFO - Filling up the DagBag from /home/airflow/.local/lib/python3.8/site-packages/airflow/example_dags/example_trigger_target_dag.py
[2026-06-16T01:25:54.766+0000] {processor.py:840} INFO - DAG(s) 'example_trigger_target_dag' retrieved from /home/airflow/.local/lib/python3.8/site-packages/airflow/example_dags/example_trigger_target_dag.py
[2026-06-16T01:25:54.847+0000] {logging_mixin.py:188} INFO - [2026-06-16T01:25:54.847+0000] {dag.py:3036} INFO - Sync 1 DAGs
[2026-06-16T01:25:54.903+0000] {logging_mixin.py:188} INFO - [2026-06-16T01:25:54.903+0000] {dag.py:3823} INFO - Setting next_dagrun for example_trigger_target_dag to None, run_after=None
[2026-06-16T01:25:54.973+0000] {processor.py:183} INFO - Processing /home/airflow/.local/lib/python3.8/site-packages/airflow/example_dags/example_trigger_target_dag.py took 0.254 seconds
[2026-06-16T01:26:25.464+0000] {processor.py:161} INFO - Started process (PID=2001) to work on /home/airflow/.local/lib/python3.8/site-packages/airflow/example_dags/example_trigger_target_dag.py
[2026-06-16T01:26:25.466+0000] {processor.py:830} INFO - Processing file /home/airflow/.local/lib/python3.8/site-packages/airflow/example_dags/example_trigger_target_dag.py for tasks to queue
[2026-06-16T01:26:25.471+0000] {logging_mixin.py:188} INFO - [2026-06-16T01:26:25.470+0000] {dagbag.py:538} INFO - Filling up the DagBag from /home/airflow/.local/lib/python3.8/site-packages/airflow/example_dags/example_trigger_target_dag.py
[2026-06-16T01:26:25.485+0000] {processor.py:840} INFO - DAG(s) 'example_trigger_target_dag' retrieved from /home/airflow/.local/lib/python3.8/site-packages/airflow/example_dags/example_trigger_target_dag.py
[2026-06-16T01:26:25.534+0000] {logging_mixin.py:188} INFO - [2026-06-16T01:26:25.533+0000] {dag.py:3036} INFO - Sync 1 DAGs
[2026-06-16T01:26:25.571+0000] {logging_mixin.py:188} INFO - [2026-06-16T01:26:25.571+0000] {dag.py:3823} INFO - Setting next_dagrun for example_trigger_target_dag to None, run_after=None
[2026-06-16T01:26:25.641+0000] {processor.py:183} INFO - Processing /home/airflow/.local/lib/python3.8/site-packages/airflow/example_dags/example_trigger_target_dag.py took 0.185 seconds
[2026-06-16T01:26:55.701+0000] {processor.py:161} INFO - Started process (PID=2057) to work on /home/airflow/.local/lib/python3.8/site-packages/airflow/example_dags/example_trigger_target_dag.py
[2026-06-16T01:26:55.703+0000] {processor.py:830} INFO - Processing file /home/airflow/.local/lib/python3.8/site-packages/airflow/example_dags/example_trigger_target_dag.py for tasks to queue
[2026-06-16T01:26:55.707+0000] {logging_mixin.py:188} INFO - [2026-06-16T01:26:55.707+0000] {dagbag.py:538} INFO - Filling up the DagBag from /home/airflow/.local/lib/python3.8/site-packages/airflow/example_dags/example_trigger_target_dag.py
[2026-06-16T01:26:55.723+0000] {processor.py:840} INFO - DAG(s) 'example_trigger_target_dag' retrieved from /home/airflow/.local/lib/python3.8/site-packages/airflow/example_dags/example_trigger_target_dag.py
[2026-06-16T01:26:55.778+0000] {logging_mixin.py:188} INFO - [2026-06-16T01:26:55.778+0000] {dag.py:3036} INFO - Sync 1 DAGs
[2026-06-16T01:26:55.816+0000] {logging_mixin.py:188} INFO - [2026-06-16T01:26:55.816+0000] {dag.py:3823} INFO - Setting next_dagrun for example_trigger_target_dag to None, run_after=None
[2026-06-16T01:26:55.870+0000] {processor.py:183} INFO - Processing /home/airflow/.local/lib/python3.8/site-packages/airflow/example_dags/example_trigger_target_dag.py took 0.177 seconds
[2026-06-16T01:27:25.939+0000] {processor.py:161} INFO - Started process (PID=2112) to work on /home/airflow/.local/lib/python3.8/site-packages/airflow/example_dags/example_trigger_target_dag.py
[2026-06-16T01:27:25.941+0000] {processor.py:830} INFO - Processing file /home/airflow/.local/lib/python3.8/site-packages/airflow/example_dags/example_trigger_target_dag.py for tasks to queue
[2026-06-16T01:27:25.945+0000] {logging_mixin.py:188} INFO - [2026-06-16T01:27:25.944+0000] {dagbag.py:538} INFO - Filling up the DagBag from /home/airflow/.local/lib/python3.8/site-packages/airflow/example_dags/example_trigger_target_dag.py
[2026-06-16T01:27:25.961+0000] {processor.py:840} INFO - DAG(s) 'example_trigger_target_dag' retrieved from /home/airflow/.local/lib/python3.8/site-packages/airflow/example_dags/example_trigger_target_dag.py
[2026-06-16T01:27:26.021+0000] {logging_mixin.py:188} INFO - [2026-06-16T01:27:26.021+0000] {dag.py:3036} INFO - Sync 1 DAGs
[2026-06-16T01:27:26.068+0000] {logging_mixin.py:188} INFO - [2026-06-16T01:27:26.067+0000] {dag.py:3823} INFO - Setting next_dagrun for example_trigger_target_dag to None, run_after=None
[2026-06-16T01:27:26.127+0000] {processor.py:183} INFO - Processing /home/airflow/.local/lib/python3.8/site-packages/airflow/example_dags/example_trigger_target_dag.py took 0.195 seconds
[2026-06-16T01:27:56.712+0000] {processor.py:161} INFO - Started process (PID=2168) to work on /home/airflow/.local/lib/python3.8/site-packages/airflow/example_dags/example_trigger_target_dag.py
[2026-06-16T01:27:56.715+0000] {processor.py:830} INFO - Processing file /home/airflow/.local/lib/python3.8/site-packages/airflow/example_dags/example_trigger_target_dag.py for tasks to queue
[2026-06-16T01:27:56.718+0000] {logging_mixin.py:188} INFO - [2026-06-16T01:27:56.718+0000] {dagbag.py:538} INFO - Filling up the DagBag from /home/airflow/.local/lib/python3.8/site-packages/airflow/example_dags/example_trigger_target_dag.py
[2026-06-16T01:27:56.735+0000] {processor.py:840} INFO - DAG(s) 'example_trigger_target_dag' retrieved from /home/airflow/.local/lib/python3.8/site-packages/airflow/example_dags/example_trigger_target_dag.py
[2026-06-16T01:27:56.789+0000] {logging_mixin.py:188} INFO - [2026-06-16T01:27:56.788+0000] {dag.py:3036} INFO - Sync 1 DAGs
[2026-06-16T01:27:56.821+0000] {logging_mixin.py:188} INFO - [2026-06-16T01:27:56.821+0000] {dag.py:3823} INFO - Setting next_dagrun for example_trigger_target_dag to None, run_after=None
[2026-06-16T01:27:56.868+0000] {processor.py:183} INFO - Processing /home/airflow/.local/lib/python3.8/site-packages/airflow/example_dags/example_trigger_target_dag.py took 0.166 seconds
[2026-06-16T01:28:27.570+0000] {processor.py:161} INFO - Started process (PID=2223) to work on /home/airflow/.local/lib/python3.8/site-packages/airflow/example_dags/example_trigger_target_dag.py
[2026-06-16T01:28:27.572+0000] {processor.py:830} INFO - Processing file /home/airflow/.local/lib/python3.8/site-packages/airflow/example_dags/example_trigger_target_dag.py for tasks to queue
[2026-06-16T01:28:27.576+0000] {logging_mixin.py:188} INFO - [2026-06-16T01:28:27.576+0000] {dagbag.py:538} INFO - Filling up the DagBag from /home/airflow/.local/lib/python3.8/site-packages/airflow/example_dags/example_trigger_target_dag.py
[2026-06-16T01:28:27.590+0000] {processor.py:840} INFO - DAG(s) 'example_trigger_target_dag' retrieved from /home/airflow/.local/lib/python3.8/site-packages/airflow/example_dags/example_trigger_target_dag.py
[2026-06-16T01:28:27.638+0000] {logging_mixin.py:188} INFO - [2026-06-16T01:28:27.638+0000] {dag.py:3036} INFO - Sync 1 DAGs
[2026-06-16T01:28:27.665+0000] {logging_mixin.py:188} INFO - [2026-06-16T01:28:27.664+0000] {dag.py:3823} INFO - Setting next_dagrun for example_trigger_target_dag to None, run_after=None
[2026-06-16T01:28:27.703+0000] {processor.py:183} INFO - Processing /home/airflow/.local/lib/python3.8/site-packages/airflow/example_dags/example_trigger_target_dag.py took 0.141 seconds
[2026-06-16T01:28:59.013+0000] {processor.py:161} INFO - Started process (PID=2279) to work on /home/airflow/.local/lib/python3.8/site-packages/airflow/example_dags/example_trigger_target_dag.py
[2026-06-16T01:28:59.019+0000] {processor.py:830} INFO - Processing file /home/airflow/.local/lib/python3.8/site-packages/airflow/example_dags/example_trigger_target_dag.py for tasks to queue
[2026-06-16T01:28:59.028+0000] {logging_mixin.py:188} INFO - [2026-06-16T01:28:59.027+0000] {dagbag.py:538} INFO - Filling up the DagBag from /home/airflow/.local/lib/python3.8/site-packages/airflow/example_dags/example_trigger_target_dag.py
[2026-06-16T01:28:59.196+0000] {processor.py:840} INFO - DAG(s) 'example_trigger_target_dag' retrieved from /home/airflow/.local/lib/python3.8/site-packages/airflow/example_dags/example_trigger_target_dag.py
[2026-06-16T01:28:59.372+0000] {logging_mixin.py:188} INFO - [2026-06-16T01:28:59.372+0000] {dag.py:3036} INFO - Sync 1 DAGs
[2026-06-16T01:28:59.464+0000] {logging_mixin.py:188} INFO - [2026-06-16T01:28:59.463+0000] {dag.py:3823} INFO - Setting next_dagrun for example_trigger_target_dag to None, run_after=None
[2026-06-16T01:28:59.531+0000] {processor.py:183} INFO - Processing /home/airflow/.local/lib/python3.8/site-packages/airflow/example_dags/example_trigger_target_dag.py took 0.535 seconds
[2026-06-16T01:29:30.468+0000] {processor.py:161} INFO - Started process (PID=2335) to work on /home/airflow/.local/lib/python3.8/site-packages/airflow/example_dags/example_trigger_target_dag.py
[2026-06-16T01:29:30.470+0000] {processor.py:830} INFO - Processing file /home/airflow/.local/lib/python3.8/site-packages/airflow/example_dags/example_trigger_target_dag.py for tasks to queue
[2026-06-16T01:29:30.475+0000] {logging_mixin.py:188} INFO - [2026-06-16T01:29:30.475+0000] {dagbag.py:538} INFO - Filling up the DagBag from /home/airflow/.local/lib/python3.8/site-packages/airflow/example_dags/example_trigger_target_dag.py
[2026-06-16T01:29:30.492+0000] {processor.py:840} INFO - DAG(s) 'example_trigger_target_dag' retrieved from /home/airflow/.local/lib/python3.8/site-packages/airflow/example_dags/example_trigger_target_dag.py
[2026-06-16T01:29:30.565+0000] {logging_mixin.py:188} INFO - [2026-06-16T01:29:30.563+0000] {dag.py:3036} INFO - Sync 1 DAGs
[2026-06-16T01:29:30.607+0000] {logging_mixin.py:188} INFO - [2026-06-16T01:29:30.606+0000] {dag.py:3823} INFO - Setting next_dagrun for example_trigger_target_dag to None, run_after=None
[2026-06-16T01:29:30.679+0000] {processor.py:183} INFO - Processing /home/airflow/.local/lib/python3.8/site-packages/airflow/example_dags/example_trigger_target_dag.py took 0.221 seconds
[2026-06-16T01:30:00.913+0000] {processor.py:161} INFO - Started process (PID=2391) to work on /home/airflow/.local/lib/python3.8/site-packages/airflow/example_dags/example_trigger_target_dag.py
[2026-06-16T01:30:00.915+0000] {processor.py:830} INFO - Processing file /home/airflow/.local/lib/python3.8/site-packages/airflow/example_dags/example_trigger_target_dag.py for tasks to queue
[2026-06-16T01:30:00.919+0000] {logging_mixin.py:188} INFO - [2026-06-16T01:30:00.919+0000] {dagbag.py:538} INFO - Filling up the DagBag from /home/airflow/.local/lib/python3.8/site-packages/airflow/example_dags/example_trigger_target_dag.py
[2026-06-16T01:30:00.934+0000] {processor.py:840} INFO - DAG(s) 'example_trigger_target_dag' retrieved from /home/airflow/.local/lib/python3.8/site-packages/airflow/example_dags/example_trigger_target_dag.py
[2026-06-16T01:30:00.991+0000] {logging_mixin.py:188} INFO - [2026-06-16T01:30:00.991+0000] {dag.py:3036} INFO - Sync 1 DAGs
[2026-06-16T01:30:01.023+0000] {logging_mixin.py:188} INFO - [2026-06-16T01:30:01.023+0000] {dag.py:3823} INFO - Setting next_dagrun for example_trigger_target_dag to None, run_after=None
[2026-06-16T01:30:01.091+0000] {processor.py:183} INFO - Processing /home/airflow/.local/lib/python3.8/site-packages/airflow/example_dags/example_trigger_target_dag.py took 0.187 seconds
[2026-06-16T01:30:31.398+0000] {processor.py:161} INFO - Started process (PID=2448) to work on /home/airflow/.local/lib/python3.8/site-packages/airflow/example_dags/example_trigger_target_dag.py
[2026-06-16T01:30:31.403+0000] {processor.py:830} INFO - Processing file /home/airflow/.local/lib/python3.8/site-packages/airflow/example_dags/example_trigger_target_dag.py for tasks to queue
[2026-06-16T01:30:31.407+0000] {logging_mixin.py:188} INFO - [2026-06-16T01:30:31.407+0000] {dagbag.py:538} INFO - Filling up the DagBag from /home/airflow/.local/lib/python3.8/site-packages/airflow/example_dags/example_trigger_target_dag.py
[2026-06-16T01:30:31.427+0000] {processor.py:840} INFO - DAG(s) 'example_trigger_target_dag' retrieved from /home/airflow/.local/lib/python3.8/site-packages/airflow/example_dags/example_trigger_target_dag.py
[2026-06-16T01:30:31.486+0000] {logging_mixin.py:188} INFO - [2026-06-16T01:30:31.485+0000] {dag.py:3036} INFO - Sync 1 DAGs
[2026-06-16T01:30:31.515+0000] {logging_mixin.py:188} INFO - [2026-06-16T01:30:31.515+0000] {dag.py:3823} INFO - Setting next_dagrun for example_trigger_target_dag to None, run_after=None
[2026-06-16T01:30:31.564+0000] {processor.py:183} INFO - Processing /home/airflow/.local/lib/python3.8/site-packages/airflow/example_dags/example_trigger_target_dag.py took 0.176 seconds
[2026-06-16T01:31:02.049+0000] {processor.py:161} INFO - Started process (PID=2504) to work on /home/airflow/.local/lib/python3.8/site-packages/airflow/example_dags/example_trigger_target_dag.py
[2026-06-16T01:31:02.054+0000] {processor.py:830} INFO - Processing file /home/airflow/.local/lib/python3.8/site-packages/airflow/example_dags/example_trigger_target_dag.py for tasks to queue
[2026-06-16T01:31:02.067+0000] {logging_mixin.py:188} INFO - [2026-06-16T01:31:02.065+0000] {dagbag.py:538} INFO - Filling up the DagBag from /home/airflow/.local/lib/python3.8/site-packages/airflow/example_dags/example_trigger_target_dag.py
[2026-06-16T01:31:02.091+0000] {processor.py:840} INFO - DAG(s) 'example_trigger_target_dag' retrieved from /home/airflow/.local/lib/python3.8/site-packages/airflow/example_dags/example_trigger_target_dag.py
[2026-06-16T01:31:02.165+0000] {logging_mixin.py:188} INFO - [2026-06-16T01:31:02.164+0000] {dag.py:3036} INFO - Sync 1 DAGs
[2026-06-16T01:31:02.207+0000] {logging_mixin.py:188} INFO - [2026-06-16T01:31:02.206+0000] {dag.py:3823} INFO - Setting next_dagrun for example_trigger_target_dag to None, run_after=None
[2026-06-16T01:31:02.301+0000] {processor.py:183} INFO - Processing /home/airflow/.local/lib/python3.8/site-packages/airflow/example_dags/example_trigger_target_dag.py took 0.267 seconds
[2026-06-16T01:31:32.381+0000] {processor.py:161} INFO - Started process (PID=2560) to work on /home/airflow/.local/lib/python3.8/site-packages/airflow/example_dags/example_trigger_target_dag.py
[2026-06-16T01:31:32.384+0000] {processor.py:830} INFO - Processing file /home/airflow/.local/lib/python3.8/site-packages/airflow/example_dags/example_trigger_target_dag.py for tasks to queue
[2026-06-16T01:31:32.388+0000] {logging_mixin.py:188} INFO - [2026-06-16T01:31:32.388+0000] {dagbag.py:538} INFO - Filling up the DagBag from /home/airflow/.local/lib/python3.8/site-packages/airflow/example_dags/example_trigger_target_dag.py
[2026-06-16T01:31:32.401+0000] {processor.py:840} INFO - DAG(s) 'example_trigger_target_dag' retrieved from /home/airflow/.local/lib/python3.8/site-packages/airflow/example_dags/example_trigger_target_dag.py
[2026-06-16T01:31:32.442+0000] {logging_mixin.py:188} INFO - [2026-06-16T01:31:32.441+0000] {dag.py:3036} INFO - Sync 1 DAGs
[2026-06-16T01:31:32.470+0000] {logging_mixin.py:188} INFO - [2026-06-16T01:31:32.470+0000] {dag.py:3823} INFO - Setting next_dagrun for example_trigger_target_dag to None, run_after=None
[2026-06-16T01:31:32.516+0000] {processor.py:183} INFO - Processing /home/airflow/.local/lib/python3.8/site-packages/airflow/example_dags/example_trigger_target_dag.py took 0.141 seconds
[2026-06-16T01:32:03.743+0000] {processor.py:161} INFO - Started process (PID=2616) to work on /home/airflow/.local/lib/python3.8/site-packages/airflow/example_dags/example_trigger_target_dag.py
[2026-06-16T01:32:03.751+0000] {processor.py:830} INFO - Processing file /home/airflow/.local/lib/python3.8/site-packages/airflow/example_dags/example_trigger_target_dag.py for tasks to queue
[2026-06-16T01:32:03.766+0000] {logging_mixin.py:188} INFO - [2026-06-16T01:32:03.762+0000] {dagbag.py:538} INFO - Filling up the DagBag from /home/airflow/.local/lib/python3.8/site-packages/airflow/example_dags/example_trigger_target_dag.py
[2026-06-16T01:32:03.817+0000] {processor.py:840} INFO - DAG(s) 'example_trigger_target_dag' retrieved from /home/airflow/.local/lib/python3.8/site-packages/airflow/example_dags/example_trigger_target_dag.py
[2026-06-16T01:32:03.941+0000] {logging_mixin.py:188} INFO - [2026-06-16T01:32:03.940+0000] {dag.py:3036} INFO - Sync 1 DAGs
[2026-06-16T01:32:04.004+0000] {logging_mixin.py:188} INFO - [2026-06-16T01:32:04.003+0000] {dag.py:3823} INFO - Setting next_dagrun for example_trigger_target_dag to None, run_after=None
[2026-06-16T01:32:04.110+0000] {processor.py:183} INFO - Processing /home/airflow/.local/lib/python3.8/site-packages/airflow/example_dags/example_trigger_target_dag.py took 0.389 seconds
[2026-06-16T01:32:34.635+0000] {processor.py:161} INFO - Started process (PID=2676) to work on /home/airflow/.local/lib/python3.8/site-packages/airflow/example_dags/example_trigger_target_dag.py
[2026-06-16T01:32:34.638+0000] {processor.py:830} INFO - Processing file /home/airflow/.local/lib/python3.8/site-packages/airflow/example_dags/example_trigger_target_dag.py for tasks to queue
[2026-06-16T01:32:34.642+0000] {logging_mixin.py:188} INFO - [2026-06-16T01:32:34.641+0000] {dagbag.py:538} INFO - Filling up the DagBag from /home/airflow/.local/lib/python3.8/site-packages/airflow/example_dags/example_trigger_target_dag.py
[2026-06-16T01:32:34.659+0000] {processor.py:840} INFO - DAG(s) 'example_trigger_target_dag' retrieved from /home/airflow/.local/lib/python3.8/site-packages/airflow/example_dags/example_trigger_target_dag.py
[2026-06-16T01:32:34.708+0000] {logging_mixin.py:188} INFO - [2026-06-16T01:32:34.708+0000] {dag.py:3036} INFO - Sync 1 DAGs
[2026-06-16T01:32:34.746+0000] {logging_mixin.py:188} INFO - [2026-06-16T01:32:34.745+0000] {dag.py:3823} INFO - Setting next_dagrun for example_trigger_target_dag to None, run_after=None
[2026-06-16T01:32:34.804+0000] {processor.py:183} INFO - Processing /home/airflow/.local/lib/python3.8/site-packages/airflow/example_dags/example_trigger_target_dag.py took 0.176 seconds
[2026-06-16T01:33:05.744+0000] {processor.py:161} INFO - Started process (PID=2732) to work on /home/airflow/.local/lib/python3.8/site-packages/airflow/example_dags/example_trigger_target_dag.py
[2026-06-16T01:33:05.746+0000] {processor.py:830} INFO - Processing file /home/airflow/.local/lib/python3.8/site-packages/airflow/example_dags/example_trigger_target_dag.py for tasks to queue
[2026-06-16T01:33:05.752+0000] {logging_mixin.py:188} INFO - [2026-06-16T01:33:05.751+0000] {dagbag.py:538} INFO - Filling up the DagBag from /home/airflow/.local/lib/python3.8/site-packages/airflow/example_dags/example_trigger_target_dag.py
[2026-06-16T01:33:05.765+0000] {processor.py:840} INFO - DAG(s) 'example_trigger_target_dag' retrieved from /home/airflow/.local/lib/python3.8/site-packages/airflow/example_dags/example_trigger_target_dag.py
[2026-06-16T01:33:05.807+0000] {logging_mixin.py:188} INFO - [2026-06-16T01:33:05.806+0000] {dag.py:3036} INFO - Sync 1 DAGs
[2026-06-16T01:33:05.831+0000] {logging_mixin.py:188} INFO - [2026-06-16T01:33:05.831+0000] {dag.py:3823} INFO - Setting next_dagrun for example_trigger_target_dag to None, run_after=None
[2026-06-16T01:33:05.875+0000] {processor.py:183} INFO - Processing /home/airflow/.local/lib/python3.8/site-packages/airflow/example_dags/example_trigger_target_dag.py took 0.139 seconds
[2026-06-16T01:33:35.949+0000] {processor.py:161} INFO - Started process (PID=2788) to work on /home/airflow/.local/lib/python3.8/site-packages/airflow/example_dags/example_trigger_target_dag.py
[2026-06-16T01:33:35.951+0000] {processor.py:830} INFO - Processing file /home/airflow/.local/lib/python3.8/site-packages/airflow/example_dags/example_trigger_target_dag.py for tasks to queue
[2026-06-16T01:33:35.957+0000] {logging_mixin.py:188} INFO - [2026-06-16T01:33:35.956+0000] {dagbag.py:538} INFO - Filling up the DagBag from /home/airflow/.local/lib/python3.8/site-packages/airflow/example_dags/example_trigger_target_dag.py
[2026-06-16T01:33:35.973+0000] {processor.py:840} INFO - DAG(s) 'example_trigger_target_dag' retrieved from /home/airflow/.local/lib/python3.8/site-packages/airflow/example_dags/example_trigger_target_dag.py
[2026-06-16T01:33:36.022+0000] {logging_mixin.py:188} INFO - [2026-06-16T01:33:36.022+0000] {dag.py:3036} INFO - Sync 1 DAGs
[2026-06-16T01:33:36.051+0000] {logging_mixin.py:188} INFO - [2026-06-16T01:33:36.050+0000] {dag.py:3823} INFO - Setting next_dagrun for example_trigger_target_dag to None, run_after=None
[2026-06-16T01:33:36.092+0000] {processor.py:183} INFO - Processing /home/airflow/.local/lib/python3.8/site-packages/airflow/example_dags/example_trigger_target_dag.py took 0.151 seconds
[2026-06-16T01:34:06.165+0000] {processor.py:161} INFO - Started process (PID=2843) to work on /home/airflow/.local/lib/python3.8/site-packages/airflow/example_dags/example_trigger_target_dag.py
[2026-06-16T01:34:06.169+0000] {processor.py:830} INFO - Processing file /home/airflow/.local/lib/python3.8/site-packages/airflow/example_dags/example_trigger_target_dag.py for tasks to queue
[2026-06-16T01:34:06.179+0000] {logging_mixin.py:188} INFO - [2026-06-16T01:34:06.177+0000] {dagbag.py:538} INFO - Filling up the DagBag from /home/airflow/.local/lib/python3.8/site-packages/airflow/example_dags/example_trigger_target_dag.py
[2026-06-16T01:34:06.220+0000] {processor.py:840} INFO - DAG(s) 'example_trigger_target_dag' retrieved from /home/airflow/.local/lib/python3.8/site-packages/airflow/example_dags/example_trigger_target_dag.py
[2026-06-16T01:34:06.277+0000] {logging_mixin.py:188} INFO - [2026-06-16T01:34:06.276+0000] {dag.py:3036} INFO - Sync 1 DAGs
[2026-06-16T01:34:06.316+0000] {logging_mixin.py:188} INFO - [2026-06-16T01:34:06.316+0000] {dag.py:3823} INFO - Setting next_dagrun for example_trigger_target_dag to None, run_after=None
[2026-06-16T01:34:06.596+0000] {processor.py:183} INFO - Processing /home/airflow/.local/lib/python3.8/site-packages/airflow/example_dags/example_trigger_target_dag.py took 0.442 seconds
[2026-06-16T01:34:36.891+0000] {processor.py:161} INFO - Started process (PID=2898) to work on /home/airflow/.local/lib/python3.8/site-packages/airflow/example_dags/example_trigger_target_dag.py
[2026-06-16T01:34:36.893+0000] {processor.py:830} INFO - Processing file /home/airflow/.local/lib/python3.8/site-packages/airflow/example_dags/example_trigger_target_dag.py for tasks to queue
[2026-06-16T01:34:36.901+0000] {logging_mixin.py:188} INFO - [2026-06-16T01:34:36.900+0000] {dagbag.py:538} INFO - Filling up the DagBag from /home/airflow/.local/lib/python3.8/site-packages/airflow/example_dags/example_trigger_target_dag.py
[2026-06-16T01:34:36.915+0000] {processor.py:840} INFO - DAG(s) 'example_trigger_target_dag' retrieved from /home/airflow/.local/lib/python3.8/site-packages/airflow/example_dags/example_trigger_target_dag.py
[2026-06-16T01:34:36.963+0000] {logging_mixin.py:188} INFO - [2026-06-16T01:34:36.963+0000] {dag.py:3036} INFO - Sync 1 DAGs
[2026-06-16T01:34:36.997+0000] {logging_mixin.py:188} INFO - [2026-06-16T01:34:36.997+0000] {dag.py:3823} INFO - Setting next_dagrun for example_trigger_target_dag to None, run_after=None
[2026-06-16T01:34:37.038+0000] {processor.py:183} INFO - Processing /home/airflow/.local/lib/python3.8/site-packages/airflow/example_dags/example_trigger_target_dag.py took 0.157 seconds
[2026-06-16T01:35:08.380+0000] {processor.py:161} INFO - Started process (PID=2954) to work on /home/airflow/.local/lib/python3.8/site-packages/airflow/example_dags/example_trigger_target_dag.py
[2026-06-16T01:35:08.382+0000] {processor.py:830} INFO - Processing file /home/airflow/.local/lib/python3.8/site-packages/airflow/example_dags/example_trigger_target_dag.py for tasks to queue
[2026-06-16T01:35:08.386+0000] {logging_mixin.py:188} INFO - [2026-06-16T01:35:08.385+0000] {dagbag.py:538} INFO - Filling up the DagBag from /home/airflow/.local/lib/python3.8/site-packages/airflow/example_dags/example_trigger_target_dag.py
[2026-06-16T01:35:08.598+0000] {processor.py:840} INFO - DAG(s) 'example_trigger_target_dag' retrieved from /home/airflow/.local/lib/python3.8/site-packages/airflow/example_dags/example_trigger_target_dag.py
[2026-06-16T01:35:08.630+0000] {logging_mixin.py:188} INFO - [2026-06-16T01:35:08.630+0000] {dag.py:3036} INFO - Sync 1 DAGs
[2026-06-16T01:35:08.650+0000] {logging_mixin.py:188} INFO - [2026-06-16T01:35:08.650+0000] {dag.py:3823} INFO - Setting next_dagrun for example_trigger_target_dag to None, run_after=None
[2026-06-16T01:35:08.686+0000] {processor.py:183} INFO - Processing /home/airflow/.local/lib/python3.8/site-packages/airflow/example_dags/example_trigger_target_dag.py took 0.315 seconds
[2026-06-16T01:35:39.271+0000] {processor.py:161} INFO - Started process (PID=3010) to work on /home/airflow/.local/lib/python3.8/site-packages/airflow/example_dags/example_trigger_target_dag.py
[2026-06-16T01:35:39.275+0000] {processor.py:830} INFO - Processing file /home/airflow/.local/lib/python3.8/site-packages/airflow/example_dags/example_trigger_target_dag.py for tasks to queue
[2026-06-16T01:35:39.282+0000] {logging_mixin.py:188} INFO - [2026-06-16T01:35:39.281+0000] {dagbag.py:538} INFO - Filling up the DagBag from /home/airflow/.local/lib/python3.8/site-packages/airflow/example_dags/example_trigger_target_dag.py
[2026-06-16T01:35:39.303+0000] {processor.py:840} INFO - DAG(s) 'example_trigger_target_dag' retrieved from /home/airflow/.local/lib/python3.8/site-packages/airflow/example_dags/example_trigger_target_dag.py
[2026-06-16T01:35:39.376+0000] {logging_mixin.py:188} INFO - [2026-06-16T01:35:39.376+0000] {dag.py:3036} INFO - Sync 1 DAGs
[2026-06-16T01:35:39.445+0000] {logging_mixin.py:188} INFO - [2026-06-16T01:35:39.445+0000] {dag.py:3823} INFO - Setting next_dagrun for example_trigger_target_dag to None, run_after=None
[2026-06-16T01:35:39.506+0000] {processor.py:183} INFO - Processing /home/airflow/.local/lib/python3.8/site-packages/airflow/example_dags/example_trigger_target_dag.py took 0.245 seconds
[2026-06-16T01:36:10.293+0000] {processor.py:161} INFO - Started process (PID=3066) to work on /home/airflow/.local/lib/python3.8/site-packages/airflow/example_dags/example_trigger_target_dag.py
[2026-06-16T01:36:10.295+0000] {processor.py:830} INFO - Processing file /home/airflow/.local/lib/python3.8/site-packages/airflow/example_dags/example_trigger_target_dag.py for tasks to queue
[2026-06-16T01:36:10.301+0000] {logging_mixin.py:188} INFO - [2026-06-16T01:36:10.300+0000] {dagbag.py:538} INFO - Filling up the DagBag from /home/airflow/.local/lib/python3.8/site-packages/airflow/example_dags/example_trigger_target_dag.py
[2026-06-16T01:36:10.318+0000] {processor.py:840} INFO - DAG(s) 'example_trigger_target_dag' retrieved from /home/airflow/.local/lib/python3.8/site-packages/airflow/example_dags/example_trigger_target_dag.py
[2026-06-16T01:36:10.378+0000] {logging_mixin.py:188} INFO - [2026-06-16T01:36:10.377+0000] {dag.py:3036} INFO - Sync 1 DAGs
[2026-06-16T01:36:10.403+0000] {logging_mixin.py:188} INFO - [2026-06-16T01:36:10.402+0000] {dag.py:3823} INFO - Setting next_dagrun for example_trigger_target_dag to None, run_after=None
[2026-06-16T01:36:10.446+0000] {processor.py:183} INFO - Processing /home/airflow/.local/lib/python3.8/site-packages/airflow/example_dags/example_trigger_target_dag.py took 0.163 seconds
[2026-06-16T01:36:40.854+0000] {processor.py:161} INFO - Started process (PID=3122) to work on /home/airflow/.local/lib/python3.8/site-packages/airflow/example_dags/example_trigger_target_dag.py
[2026-06-16T01:36:40.857+0000] {processor.py:830} INFO - Processing file /home/airflow/.local/lib/python3.8/site-packages/airflow/example_dags/example_trigger_target_dag.py for tasks to queue
[2026-06-16T01:36:40.860+0000] {logging_mixin.py:188} INFO - [2026-06-16T01:36:40.860+0000] {dagbag.py:538} INFO - Filling up the DagBag from /home/airflow/.local/lib/python3.8/site-packages/airflow/example_dags/example_trigger_target_dag.py
[2026-06-16T01:36:40.877+0000] {processor.py:840} INFO - DAG(s) 'example_trigger_target_dag' retrieved from /home/airflow/.local/lib/python3.8/site-packages/airflow/example_dags/example_trigger_target_dag.py
[2026-06-16T01:36:40.941+0000] {logging_mixin.py:188} INFO - [2026-06-16T01:36:40.941+0000] {dag.py:3036} INFO - Sync 1 DAGs
[2026-06-16T01:36:40.974+0000] {logging_mixin.py:188} INFO - [2026-06-16T01:36:40.973+0000] {dag.py:3823} INFO - Setting next_dagrun for example_trigger_target_dag to None, run_after=None
[2026-06-16T01:36:41.026+0000] {processor.py:183} INFO - Processing /home/airflow/.local/lib/python3.8/site-packages/airflow/example_dags/example_trigger_target_dag.py took 0.181 seconds
[2026-06-16T01:37:11.609+0000] {processor.py:161} INFO - Started process (PID=3178) to work on /home/airflow/.local/lib/python3.8/site-packages/airflow/example_dags/example_trigger_target_dag.py
[2026-06-16T01:37:11.612+0000] {processor.py:830} INFO - Processing file /home/airflow/.local/lib/python3.8/site-packages/airflow/example_dags/example_trigger_target_dag.py for tasks to queue
[2026-06-16T01:37:11.618+0000] {logging_mixin.py:188} INFO - [2026-06-16T01:37:11.617+0000] {dagbag.py:538} INFO - Filling up the DagBag from /home/airflow/.local/lib/python3.8/site-packages/airflow/example_dags/example_trigger_target_dag.py
[2026-06-16T01:37:11.635+0000] {processor.py:840} INFO - DAG(s) 'example_trigger_target_dag' retrieved from /home/airflow/.local/lib/python3.8/site-packages/airflow/example_dags/example_trigger_target_dag.py
[2026-06-16T01:37:11.698+0000] {logging_mixin.py:188} INFO - [2026-06-16T01:37:11.698+0000] {dag.py:3036} INFO - Sync 1 DAGs
[2026-06-16T01:37:11.747+0000] {logging_mixin.py:188} INFO - [2026-06-16T01:37:11.746+0000] {dag.py:3823} INFO - Setting next_dagrun for example_trigger_target_dag to None, run_after=None
[2026-06-16T01:37:11.822+0000] {processor.py:183} INFO - Processing /home/airflow/.local/lib/python3.8/site-packages/airflow/example_dags/example_trigger_target_dag.py took 0.223 seconds
[2026-06-16T01:37:42.359+0000] {processor.py:161} INFO - Started process (PID=3233) to work on /home/airflow/.local/lib/python3.8/site-packages/airflow/example_dags/example_trigger_target_dag.py
[2026-06-16T01:37:42.363+0000] {processor.py:830} INFO - Processing file /home/airflow/.local/lib/python3.8/site-packages/airflow/example_dags/example_trigger_target_dag.py for tasks to queue
[2026-06-16T01:37:42.371+0000] {logging_mixin.py:188} INFO - [2026-06-16T01:37:42.370+0000] {dagbag.py:538} INFO - Filling up the DagBag from /home/airflow/.local/lib/python3.8/site-packages/airflow/example_dags/example_trigger_target_dag.py
[2026-06-16T01:37:42.388+0000] {processor.py:840} INFO - DAG(s) 'example_trigger_target_dag' retrieved from /home/airflow/.local/lib/python3.8/site-packages/airflow/example_dags/example_trigger_target_dag.py
[2026-06-16T01:37:42.442+0000] {logging_mixin.py:188} INFO - [2026-06-16T01:37:42.441+0000] {dag.py:3036} INFO - Sync 1 DAGs
[2026-06-16T01:37:42.480+0000] {logging_mixin.py:188} INFO - [2026-06-16T01:37:42.480+0000] {dag.py:3823} INFO - Setting next_dagrun for example_trigger_target_dag to None, run_after=None
[2026-06-16T01:37:42.535+0000] {processor.py:183} INFO - Processing /home/airflow/.local/lib/python3.8/site-packages/airflow/example_dags/example_trigger_target_dag.py took 0.187 seconds
[2026-06-16T01:38:12.693+0000] {processor.py:161} INFO - Started process (PID=3289) to work on /home/airflow/.local/lib/python3.8/site-packages/airflow/example_dags/example_trigger_target_dag.py
[2026-06-16T01:38:12.697+0000] {processor.py:830} INFO - Processing file /home/airflow/.local/lib/python3.8/site-packages/airflow/example_dags/example_trigger_target_dag.py for tasks to queue
[2026-06-16T01:38:12.701+0000] {logging_mixin.py:188} INFO - [2026-06-16T01:38:12.701+0000] {dagbag.py:538} INFO - Filling up the DagBag from /home/airflow/.local/lib/python3.8/site-packages/airflow/example_dags/example_trigger_target_dag.py
[2026-06-16T01:38:12.714+0000] {processor.py:840} INFO - DAG(s) 'example_trigger_target_dag' retrieved from /home/airflow/.local/lib/python3.8/site-packages/airflow/example_dags/example_trigger_target_dag.py
[2026-06-16T01:38:12.761+0000] {logging_mixin.py:188} INFO - [2026-06-16T01:38:12.760+0000] {dag.py:3036} INFO - Sync 1 DAGs
[2026-06-16T01:38:12.790+0000] {logging_mixin.py:188} INFO - [2026-06-16T01:38:12.789+0000] {dag.py:3823} INFO - Setting next_dagrun for example_trigger_target_dag to None, run_after=None
[2026-06-16T01:38:12.852+0000] {processor.py:183} INFO - Processing /home/airflow/.local/lib/python3.8/site-packages/airflow/example_dags/example_trigger_target_dag.py took 0.168 seconds
