[2026-06-16T01:08:10.052+0000] {processor.py:161} INFO - Started process (PID=92) to work on /home/airflow/.local/lib/python3.8/site-packages/airflow/example_dags/example_branch_labels.py
[2026-06-16T01:08:10.055+0000] {processor.py:830} INFO - Processing file /home/airflow/.local/lib/python3.8/site-packages/airflow/example_dags/example_branch_labels.py for tasks to queue
[2026-06-16T01:08:10.060+0000] {logging_mixin.py:188} INFO - [2026-06-16T01:08:10.059+0000] {dagbag.py:538} INFO - Filling up the DagBag from /home/airflow/.local/lib/python3.8/site-packages/airflow/example_dags/example_branch_labels.py
[2026-06-16T01:08:10.098+0000] {processor.py:840} INFO - DAG(s) 'example_branch_labels' retrieved from /home/airflow/.local/lib/python3.8/site-packages/airflow/example_dags/example_branch_labels.py
[2026-06-16T01:08:10.722+0000] {logging_mixin.py:188} INFO - [2026-06-16T01:08:10.721+0000] {dag.py:3036} INFO - Sync 1 DAGs
[2026-06-16T01:08:10.865+0000] {logging_mixin.py:188} INFO - [2026-06-16T01:08:10.864+0000] {dag.py:3823} INFO - Setting next_dagrun for example_branch_labels to 2026-06-15 00:00:00+00:00, run_after=2026-06-16 00:00:00+00:00
[2026-06-16T01:08:10.961+0000] {processor.py:183} INFO - Processing /home/airflow/.local/lib/python3.8/site-packages/airflow/example_dags/example_branch_labels.py took 0.919 seconds
[2026-06-16T01:08:58.114+0000] {processor.py:161} INFO - Started process (PID=148) to work on /home/airflow/.local/lib/python3.8/site-packages/airflow/example_dags/example_branch_labels.py
[2026-06-16T01:08:58.118+0000] {processor.py:830} INFO - Processing file /home/airflow/.local/lib/python3.8/site-packages/airflow/example_dags/example_branch_labels.py for tasks to queue
[2026-06-16T01:08:58.132+0000] {logging_mixin.py:188} INFO - [2026-06-16T01:08:58.129+0000] {dagbag.py:538} INFO - Filling up the DagBag from /home/airflow/.local/lib/python3.8/site-packages/airflow/example_dags/example_branch_labels.py
[2026-06-16T01:08:58.179+0000] {processor.py:840} INFO - DAG(s) 'example_branch_labels' retrieved from /home/airflow/.local/lib/python3.8/site-packages/airflow/example_dags/example_branch_labels.py
[2026-06-16T01:08:58.356+0000] {logging_mixin.py:188} INFO - [2026-06-16T01:08:58.347+0000] {dag.py:3036} INFO - Sync 1 DAGs
[2026-06-16T01:08:58.553+0000] {logging_mixin.py:188} INFO - [2026-06-16T01:08:58.552+0000] {dag.py:3823} INFO - Setting next_dagrun for example_branch_labels to 2026-06-15 00:00:00+00:00, run_after=2026-06-16 00:00:00+00:00
[2026-06-16T01:08:58.715+0000] {processor.py:183} INFO - Processing /home/airflow/.local/lib/python3.8/site-packages/airflow/example_dags/example_branch_labels.py took 0.629 seconds
[2026-06-16T01:09:29.392+0000] {processor.py:161} INFO - Started process (PID=202) to work on /home/airflow/.local/lib/python3.8/site-packages/airflow/example_dags/example_branch_labels.py
[2026-06-16T01:09:29.396+0000] {processor.py:830} INFO - Processing file /home/airflow/.local/lib/python3.8/site-packages/airflow/example_dags/example_branch_labels.py for tasks to queue
[2026-06-16T01:09:29.404+0000] {logging_mixin.py:188} INFO - [2026-06-16T01:09:29.403+0000] {dagbag.py:538} INFO - Filling up the DagBag from /home/airflow/.local/lib/python3.8/site-packages/airflow/example_dags/example_branch_labels.py
[2026-06-16T01:09:29.444+0000] {processor.py:840} INFO - DAG(s) 'example_branch_labels' retrieved from /home/airflow/.local/lib/python3.8/site-packages/airflow/example_dags/example_branch_labels.py
[2026-06-16T01:09:29.650+0000] {logging_mixin.py:188} INFO - [2026-06-16T01:09:29.650+0000] {dag.py:3036} INFO - Sync 1 DAGs
[2026-06-16T01:09:29.769+0000] {logging_mixin.py:188} INFO - [2026-06-16T01:09:29.768+0000] {dag.py:3823} INFO - Setting next_dagrun for example_branch_labels to 2026-06-15 00:00:00+00:00, run_after=2026-06-16 00:00:00+00:00
[2026-06-16T01:09:29.847+0000] {processor.py:183} INFO - Processing /home/airflow/.local/lib/python3.8/site-packages/airflow/example_dags/example_branch_labels.py took 0.470 seconds
[2026-06-16T01:10:00.372+0000] {processor.py:161} INFO - Started process (PID=258) to work on /home/airflow/.local/lib/python3.8/site-packages/airflow/example_dags/example_branch_labels.py
[2026-06-16T01:10:00.390+0000] {processor.py:830} INFO - Processing file /home/airflow/.local/lib/python3.8/site-packages/airflow/example_dags/example_branch_labels.py for tasks to queue
[2026-06-16T01:10:00.404+0000] {logging_mixin.py:188} INFO - [2026-06-16T01:10:00.403+0000] {dagbag.py:538} INFO - Filling up the DagBag from /home/airflow/.local/lib/python3.8/site-packages/airflow/example_dags/example_branch_labels.py
[2026-06-16T01:10:00.439+0000] {processor.py:840} INFO - DAG(s) 'example_branch_labels' retrieved from /home/airflow/.local/lib/python3.8/site-packages/airflow/example_dags/example_branch_labels.py
[2026-06-16T01:10:00.523+0000] {logging_mixin.py:188} INFO - [2026-06-16T01:10:00.522+0000] {dag.py:3036} INFO - Sync 1 DAGs
[2026-06-16T01:10:00.618+0000] {logging_mixin.py:188} INFO - [2026-06-16T01:10:00.618+0000] {dag.py:3823} INFO - Setting next_dagrun for example_branch_labels to 2026-06-15 00:00:00+00:00, run_after=2026-06-16 00:00:00+00:00
[2026-06-16T01:10:00.682+0000] {processor.py:183} INFO - Processing /home/airflow/.local/lib/python3.8/site-packages/airflow/example_dags/example_branch_labels.py took 0.322 seconds
[2026-06-16T01:10:31.633+0000] {processor.py:161} INFO - Started process (PID=314) to work on /home/airflow/.local/lib/python3.8/site-packages/airflow/example_dags/example_branch_labels.py
[2026-06-16T01:10:31.637+0000] {processor.py:830} INFO - Processing file /home/airflow/.local/lib/python3.8/site-packages/airflow/example_dags/example_branch_labels.py for tasks to queue
[2026-06-16T01:10:31.645+0000] {logging_mixin.py:188} INFO - [2026-06-16T01:10:31.645+0000] {dagbag.py:538} INFO - Filling up the DagBag from /home/airflow/.local/lib/python3.8/site-packages/airflow/example_dags/example_branch_labels.py
[2026-06-16T01:10:31.719+0000] {processor.py:840} INFO - DAG(s) 'example_branch_labels' retrieved from /home/airflow/.local/lib/python3.8/site-packages/airflow/example_dags/example_branch_labels.py
[2026-06-16T01:10:31.915+0000] {logging_mixin.py:188} INFO - [2026-06-16T01:10:31.914+0000] {dag.py:3036} INFO - Sync 1 DAGs
[2026-06-16T01:10:32.223+0000] {logging_mixin.py:188} INFO - [2026-06-16T01:10:32.221+0000] {dag.py:3823} INFO - Setting next_dagrun for example_branch_labels to 2026-06-15 00:00:00+00:00, run_after=2026-06-16 00:00:00+00:00
[2026-06-16T01:10:32.304+0000] {processor.py:183} INFO - Processing /home/airflow/.local/lib/python3.8/site-packages/airflow/example_dags/example_branch_labels.py took 0.684 seconds
[2026-06-16T01:11:02.892+0000] {processor.py:161} INFO - Started process (PID=370) to work on /home/airflow/.local/lib/python3.8/site-packages/airflow/example_dags/example_branch_labels.py
[2026-06-16T01:11:03.048+0000] {processor.py:830} INFO - Processing file /home/airflow/.local/lib/python3.8/site-packages/airflow/example_dags/example_branch_labels.py for tasks to queue
[2026-06-16T01:11:03.076+0000] {logging_mixin.py:188} INFO - [2026-06-16T01:11:03.072+0000] {dagbag.py:538} INFO - Filling up the DagBag from /home/airflow/.local/lib/python3.8/site-packages/airflow/example_dags/example_branch_labels.py
[2026-06-16T01:11:03.163+0000] {processor.py:840} INFO - DAG(s) 'example_branch_labels' retrieved from /home/airflow/.local/lib/python3.8/site-packages/airflow/example_dags/example_branch_labels.py
[2026-06-16T01:11:03.515+0000] {logging_mixin.py:188} INFO - [2026-06-16T01:11:03.514+0000] {dag.py:3036} INFO - Sync 1 DAGs
[2026-06-16T01:11:03.792+0000] {logging_mixin.py:188} INFO - [2026-06-16T01:11:03.792+0000] {dag.py:3823} INFO - Setting next_dagrun for example_branch_labels to 2026-06-15 00:00:00+00:00, run_after=2026-06-16 00:00:00+00:00
[2026-06-16T01:11:03.936+0000] {processor.py:183} INFO - Processing /home/airflow/.local/lib/python3.8/site-packages/airflow/example_dags/example_branch_labels.py took 1.080 seconds
[2026-06-16T01:11:34.254+0000] {processor.py:161} INFO - Started process (PID=426) to work on /home/airflow/.local/lib/python3.8/site-packages/airflow/example_dags/example_branch_labels.py
[2026-06-16T01:11:34.262+0000] {processor.py:830} INFO - Processing file /home/airflow/.local/lib/python3.8/site-packages/airflow/example_dags/example_branch_labels.py for tasks to queue
[2026-06-16T01:11:34.275+0000] {logging_mixin.py:188} INFO - [2026-06-16T01:11:34.274+0000] {dagbag.py:538} INFO - Filling up the DagBag from /home/airflow/.local/lib/python3.8/site-packages/airflow/example_dags/example_branch_labels.py
[2026-06-16T01:11:34.347+0000] {processor.py:840} INFO - DAG(s) 'example_branch_labels' retrieved from /home/airflow/.local/lib/python3.8/site-packages/airflow/example_dags/example_branch_labels.py
[2026-06-16T01:11:34.633+0000] {logging_mixin.py:188} INFO - [2026-06-16T01:11:34.632+0000] {dag.py:3036} INFO - Sync 1 DAGs
[2026-06-16T01:11:34.980+0000] {logging_mixin.py:188} INFO - [2026-06-16T01:11:34.979+0000] {dag.py:3823} INFO - Setting next_dagrun for example_branch_labels to 2026-06-15 00:00:00+00:00, run_after=2026-06-16 00:00:00+00:00
[2026-06-16T01:11:35.161+0000] {processor.py:183} INFO - Processing /home/airflow/.local/lib/python3.8/site-packages/airflow/example_dags/example_branch_labels.py took 0.944 seconds
[2026-06-16T01:12:05.749+0000] {processor.py:161} INFO - Started process (PID=482) to work on /home/airflow/.local/lib/python3.8/site-packages/airflow/example_dags/example_branch_labels.py
[2026-06-16T01:12:05.769+0000] {processor.py:830} INFO - Processing file /home/airflow/.local/lib/python3.8/site-packages/airflow/example_dags/example_branch_labels.py for tasks to queue
[2026-06-16T01:12:05.778+0000] {logging_mixin.py:188} INFO - [2026-06-16T01:12:05.778+0000] {dagbag.py:538} INFO - Filling up the DagBag from /home/airflow/.local/lib/python3.8/site-packages/airflow/example_dags/example_branch_labels.py
[2026-06-16T01:12:05.813+0000] {processor.py:840} INFO - DAG(s) 'example_branch_labels' retrieved from /home/airflow/.local/lib/python3.8/site-packages/airflow/example_dags/example_branch_labels.py
[2026-06-16T01:12:06.245+0000] {logging_mixin.py:188} INFO - [2026-06-16T01:12:06.244+0000] {dag.py:3036} INFO - Sync 1 DAGs
[2026-06-16T01:12:06.708+0000] {logging_mixin.py:188} INFO - [2026-06-16T01:12:06.707+0000] {dag.py:3823} INFO - Setting next_dagrun for example_branch_labels to 2026-06-15 00:00:00+00:00, run_after=2026-06-16 00:00:00+00:00
[2026-06-16T01:12:06.825+0000] {processor.py:183} INFO - Processing /home/airflow/.local/lib/python3.8/site-packages/airflow/example_dags/example_branch_labels.py took 1.086 seconds
[2026-06-16T01:12:37.113+0000] {processor.py:161} INFO - Started process (PID=543) to work on /home/airflow/.local/lib/python3.8/site-packages/airflow/example_dags/example_branch_labels.py
[2026-06-16T01:12:37.116+0000] {processor.py:830} INFO - Processing file /home/airflow/.local/lib/python3.8/site-packages/airflow/example_dags/example_branch_labels.py for tasks to queue
[2026-06-16T01:12:37.124+0000] {logging_mixin.py:188} INFO - [2026-06-16T01:12:37.122+0000] {dagbag.py:538} INFO - Filling up the DagBag from /home/airflow/.local/lib/python3.8/site-packages/airflow/example_dags/example_branch_labels.py
[2026-06-16T01:12:37.168+0000] {processor.py:840} INFO - DAG(s) 'example_branch_labels' retrieved from /home/airflow/.local/lib/python3.8/site-packages/airflow/example_dags/example_branch_labels.py
[2026-06-16T01:12:37.333+0000] {logging_mixin.py:188} INFO - [2026-06-16T01:12:37.333+0000] {dag.py:3036} INFO - Sync 1 DAGs
[2026-06-16T01:12:37.473+0000] {logging_mixin.py:188} INFO - [2026-06-16T01:12:37.472+0000] {dag.py:3823} INFO - Setting next_dagrun for example_branch_labels to 2026-06-15 00:00:00+00:00, run_after=2026-06-16 00:00:00+00:00
[2026-06-16T01:12:37.544+0000] {processor.py:183} INFO - Processing /home/airflow/.local/lib/python3.8/site-packages/airflow/example_dags/example_branch_labels.py took 0.439 seconds
[2026-06-16T01:13:07.728+0000] {processor.py:161} INFO - Started process (PID=600) to work on /home/airflow/.local/lib/python3.8/site-packages/airflow/example_dags/example_branch_labels.py
[2026-06-16T01:13:07.761+0000] {processor.py:830} INFO - Processing file /home/airflow/.local/lib/python3.8/site-packages/airflow/example_dags/example_branch_labels.py for tasks to queue
[2026-06-16T01:13:07.785+0000] {logging_mixin.py:188} INFO - [2026-06-16T01:13:07.781+0000] {dagbag.py:538} INFO - Filling up the DagBag from /home/airflow/.local/lib/python3.8/site-packages/airflow/example_dags/example_branch_labels.py
[2026-06-16T01:13:07.926+0000] {processor.py:840} INFO - DAG(s) 'example_branch_labels' retrieved from /home/airflow/.local/lib/python3.8/site-packages/airflow/example_dags/example_branch_labels.py
[2026-06-16T01:13:08.079+0000] {logging_mixin.py:188} INFO - [2026-06-16T01:13:08.078+0000] {dag.py:3036} INFO - Sync 1 DAGs
[2026-06-16T01:13:08.276+0000] {logging_mixin.py:188} INFO - [2026-06-16T01:13:08.274+0000] {dag.py:3823} INFO - Setting next_dagrun for example_branch_labels to 2026-06-15 00:00:00+00:00, run_after=2026-06-16 00:00:00+00:00
[2026-06-16T01:13:08.480+0000] {processor.py:183} INFO - Processing /home/airflow/.local/lib/python3.8/site-packages/airflow/example_dags/example_branch_labels.py took 0.788 seconds
[2026-06-16T01:13:39.005+0000] {processor.py:161} INFO - Started process (PID=656) to work on /home/airflow/.local/lib/python3.8/site-packages/airflow/example_dags/example_branch_labels.py
[2026-06-16T01:13:39.013+0000] {processor.py:830} INFO - Processing file /home/airflow/.local/lib/python3.8/site-packages/airflow/example_dags/example_branch_labels.py for tasks to queue
[2026-06-16T01:13:39.022+0000] {logging_mixin.py:188} INFO - [2026-06-16T01:13:39.021+0000] {dagbag.py:538} INFO - Filling up the DagBag from /home/airflow/.local/lib/python3.8/site-packages/airflow/example_dags/example_branch_labels.py
[2026-06-16T01:13:39.082+0000] {processor.py:840} INFO - DAG(s) 'example_branch_labels' retrieved from /home/airflow/.local/lib/python3.8/site-packages/airflow/example_dags/example_branch_labels.py
[2026-06-16T01:13:39.186+0000] {logging_mixin.py:188} INFO - [2026-06-16T01:13:39.185+0000] {dag.py:3036} INFO - Sync 1 DAGs
[2026-06-16T01:13:39.331+0000] {logging_mixin.py:188} INFO - [2026-06-16T01:13:39.330+0000] {dag.py:3823} INFO - Setting next_dagrun for example_branch_labels to 2026-06-15 00:00:00+00:00, run_after=2026-06-16 00:00:00+00:00
[2026-06-16T01:13:39.427+0000] {processor.py:183} INFO - Processing /home/airflow/.local/lib/python3.8/site-packages/airflow/example_dags/example_branch_labels.py took 0.438 seconds
[2026-06-16T01:14:10.181+0000] {processor.py:161} INFO - Started process (PID=711) to work on /home/airflow/.local/lib/python3.8/site-packages/airflow/example_dags/example_branch_labels.py
[2026-06-16T01:14:10.185+0000] {processor.py:830} INFO - Processing file /home/airflow/.local/lib/python3.8/site-packages/airflow/example_dags/example_branch_labels.py for tasks to queue
[2026-06-16T01:14:10.199+0000] {logging_mixin.py:188} INFO - [2026-06-16T01:14:10.197+0000] {dagbag.py:538} INFO - Filling up the DagBag from /home/airflow/.local/lib/python3.8/site-packages/airflow/example_dags/example_branch_labels.py
[2026-06-16T01:14:10.281+0000] {processor.py:840} INFO - DAG(s) 'example_branch_labels' retrieved from /home/airflow/.local/lib/python3.8/site-packages/airflow/example_dags/example_branch_labels.py
[2026-06-16T01:14:10.487+0000] {logging_mixin.py:188} INFO - [2026-06-16T01:14:10.486+0000] {dag.py:3036} INFO - Sync 1 DAGs
[2026-06-16T01:14:10.648+0000] {logging_mixin.py:188} INFO - [2026-06-16T01:14:10.646+0000] {dag.py:3823} INFO - Setting next_dagrun for example_branch_labels to 2026-06-15 00:00:00+00:00, run_after=2026-06-16 00:00:00+00:00
[2026-06-16T01:14:10.958+0000] {processor.py:183} INFO - Processing /home/airflow/.local/lib/python3.8/site-packages/airflow/example_dags/example_branch_labels.py took 0.793 seconds
[2026-06-16T01:14:41.153+0000] {processor.py:161} INFO - Started process (PID=767) to work on /home/airflow/.local/lib/python3.8/site-packages/airflow/example_dags/example_branch_labels.py
[2026-06-16T01:14:41.175+0000] {processor.py:830} INFO - Processing file /home/airflow/.local/lib/python3.8/site-packages/airflow/example_dags/example_branch_labels.py for tasks to queue
[2026-06-16T01:14:41.260+0000] {logging_mixin.py:188} INFO - [2026-06-16T01:14:41.260+0000] {dagbag.py:538} INFO - Filling up the DagBag from /home/airflow/.local/lib/python3.8/site-packages/airflow/example_dags/example_branch_labels.py
[2026-06-16T01:14:41.422+0000] {processor.py:840} INFO - DAG(s) 'example_branch_labels' retrieved from /home/airflow/.local/lib/python3.8/site-packages/airflow/example_dags/example_branch_labels.py
[2026-06-16T01:14:41.794+0000] {logging_mixin.py:188} INFO - [2026-06-16T01:14:41.794+0000] {dag.py:3036} INFO - Sync 1 DAGs
[2026-06-16T01:14:42.088+0000] {logging_mixin.py:188} INFO - [2026-06-16T01:14:42.087+0000] {dag.py:3823} INFO - Setting next_dagrun for example_branch_labels to 2026-06-15 00:00:00+00:00, run_after=2026-06-16 00:00:00+00:00
[2026-06-16T01:14:42.358+0000] {processor.py:183} INFO - Processing /home/airflow/.local/lib/python3.8/site-packages/airflow/example_dags/example_branch_labels.py took 1.228 seconds
[2026-06-16T01:15:13.126+0000] {processor.py:161} INFO - Started process (PID=823) to work on /home/airflow/.local/lib/python3.8/site-packages/airflow/example_dags/example_branch_labels.py
[2026-06-16T01:15:13.131+0000] {processor.py:830} INFO - Processing file /home/airflow/.local/lib/python3.8/site-packages/airflow/example_dags/example_branch_labels.py for tasks to queue
[2026-06-16T01:15:13.143+0000] {logging_mixin.py:188} INFO - [2026-06-16T01:15:13.142+0000] {dagbag.py:538} INFO - Filling up the DagBag from /home/airflow/.local/lib/python3.8/site-packages/airflow/example_dags/example_branch_labels.py
[2026-06-16T01:15:13.381+0000] {processor.py:840} INFO - DAG(s) 'example_branch_labels' retrieved from /home/airflow/.local/lib/python3.8/site-packages/airflow/example_dags/example_branch_labels.py
[2026-06-16T01:15:13.651+0000] {logging_mixin.py:188} INFO - [2026-06-16T01:15:13.651+0000] {dag.py:3036} INFO - Sync 1 DAGs
[2026-06-16T01:15:14.048+0000] {logging_mixin.py:188} INFO - [2026-06-16T01:15:14.046+0000] {dag.py:3823} INFO - Setting next_dagrun for example_branch_labels to 2026-06-15 00:00:00+00:00, run_after=2026-06-16 00:00:00+00:00
[2026-06-16T01:15:14.285+0000] {processor.py:183} INFO - Processing /home/airflow/.local/lib/python3.8/site-packages/airflow/example_dags/example_branch_labels.py took 1.169 seconds
[2026-06-16T01:15:48.156+0000] {processor.py:161} INFO - Started process (PID=879) to work on /home/airflow/.local/lib/python3.8/site-packages/airflow/example_dags/example_branch_labels.py
[2026-06-16T01:15:48.158+0000] {processor.py:830} INFO - Processing file /home/airflow/.local/lib/python3.8/site-packages/airflow/example_dags/example_branch_labels.py for tasks to queue
[2026-06-16T01:15:48.257+0000] {logging_mixin.py:188} INFO - [2026-06-16T01:15:48.256+0000] {dagbag.py:538} INFO - Filling up the DagBag from /home/airflow/.local/lib/python3.8/site-packages/airflow/example_dags/example_branch_labels.py
[2026-06-16T01:15:48.279+0000] {processor.py:840} INFO - DAG(s) 'example_branch_labels' retrieved from /home/airflow/.local/lib/python3.8/site-packages/airflow/example_dags/example_branch_labels.py
[2026-06-16T01:15:48.375+0000] {logging_mixin.py:188} INFO - [2026-06-16T01:15:48.375+0000] {dag.py:3036} INFO - Sync 1 DAGs
[2026-06-16T01:15:48.491+0000] {logging_mixin.py:188} INFO - [2026-06-16T01:15:48.490+0000] {dag.py:3823} INFO - Setting next_dagrun for example_branch_labels to 2026-06-15 00:00:00+00:00, run_after=2026-06-16 00:00:00+00:00
[2026-06-16T01:15:48.547+0000] {processor.py:183} INFO - Processing /home/airflow/.local/lib/python3.8/site-packages/airflow/example_dags/example_branch_labels.py took 0.402 seconds
[2026-06-16T01:16:19.102+0000] {processor.py:161} INFO - Started process (PID=932) to work on /home/airflow/.local/lib/python3.8/site-packages/airflow/example_dags/example_branch_labels.py
[2026-06-16T01:16:19.105+0000] {processor.py:830} INFO - Processing file /home/airflow/.local/lib/python3.8/site-packages/airflow/example_dags/example_branch_labels.py for tasks to queue
[2026-06-16T01:16:19.113+0000] {logging_mixin.py:188} INFO - [2026-06-16T01:16:19.112+0000] {dagbag.py:538} INFO - Filling up the DagBag from /home/airflow/.local/lib/python3.8/site-packages/airflow/example_dags/example_branch_labels.py
[2026-06-16T01:16:19.152+0000] {processor.py:840} INFO - DAG(s) 'example_branch_labels' retrieved from /home/airflow/.local/lib/python3.8/site-packages/airflow/example_dags/example_branch_labels.py
[2026-06-16T01:16:19.286+0000] {logging_mixin.py:188} INFO - [2026-06-16T01:16:19.286+0000] {dag.py:3036} INFO - Sync 1 DAGs
[2026-06-16T01:16:19.482+0000] {logging_mixin.py:188} INFO - [2026-06-16T01:16:19.480+0000] {dag.py:3823} INFO - Setting next_dagrun for example_branch_labels to 2026-06-15 00:00:00+00:00, run_after=2026-06-16 00:00:00+00:00
[2026-06-16T01:16:19.732+0000] {processor.py:183} INFO - Processing /home/airflow/.local/lib/python3.8/site-packages/airflow/example_dags/example_branch_labels.py took 0.643 seconds
[2026-06-16T01:16:50.568+0000] {processor.py:161} INFO - Started process (PID=987) to work on /home/airflow/.local/lib/python3.8/site-packages/airflow/example_dags/example_branch_labels.py
[2026-06-16T01:16:50.571+0000] {processor.py:830} INFO - Processing file /home/airflow/.local/lib/python3.8/site-packages/airflow/example_dags/example_branch_labels.py for tasks to queue
[2026-06-16T01:16:50.576+0000] {logging_mixin.py:188} INFO - [2026-06-16T01:16:50.576+0000] {dagbag.py:538} INFO - Filling up the DagBag from /home/airflow/.local/lib/python3.8/site-packages/airflow/example_dags/example_branch_labels.py
[2026-06-16T01:16:50.607+0000] {processor.py:840} INFO - DAG(s) 'example_branch_labels' retrieved from /home/airflow/.local/lib/python3.8/site-packages/airflow/example_dags/example_branch_labels.py
[2026-06-16T01:16:50.797+0000] {logging_mixin.py:188} INFO - [2026-06-16T01:16:50.795+0000] {dag.py:3036} INFO - Sync 1 DAGs
[2026-06-16T01:16:50.991+0000] {logging_mixin.py:188} INFO - [2026-06-16T01:16:50.985+0000] {dag.py:3823} INFO - Setting next_dagrun for example_branch_labels to 2026-06-15 00:00:00+00:00, run_after=2026-06-16 00:00:00+00:00
[2026-06-16T01:16:51.363+0000] {processor.py:183} INFO - Processing /home/airflow/.local/lib/python3.8/site-packages/airflow/example_dags/example_branch_labels.py took 0.807 seconds
[2026-06-16T01:17:24.073+0000] {processor.py:161} INFO - Started process (PID=1037) to work on /home/airflow/.local/lib/python3.8/site-packages/airflow/example_dags/example_branch_labels.py
[2026-06-16T01:17:24.081+0000] {processor.py:830} INFO - Processing file /home/airflow/.local/lib/python3.8/site-packages/airflow/example_dags/example_branch_labels.py for tasks to queue
[2026-06-16T01:17:24.093+0000] {logging_mixin.py:188} INFO - [2026-06-16T01:17:24.093+0000] {dagbag.py:538} INFO - Filling up the DagBag from /home/airflow/.local/lib/python3.8/site-packages/airflow/example_dags/example_branch_labels.py
[2026-06-16T01:17:24.281+0000] {processor.py:840} INFO - DAG(s) 'example_branch_labels' retrieved from /home/airflow/.local/lib/python3.8/site-packages/airflow/example_dags/example_branch_labels.py
[2026-06-16T01:17:24.566+0000] {logging_mixin.py:188} INFO - [2026-06-16T01:17:24.565+0000] {dag.py:3036} INFO - Sync 1 DAGs
[2026-06-16T01:17:24.682+0000] {logging_mixin.py:188} INFO - [2026-06-16T01:17:24.680+0000] {dag.py:3823} INFO - Setting next_dagrun for example_branch_labels to 2026-06-15 00:00:00+00:00, run_after=2026-06-16 00:00:00+00:00
[2026-06-16T01:17:24.866+0000] {processor.py:183} INFO - Processing /home/airflow/.local/lib/python3.8/site-packages/airflow/example_dags/example_branch_labels.py took 0.821 seconds
[2026-06-16T01:17:55.170+0000] {processor.py:161} INFO - Started process (PID=1093) to work on /home/airflow/.local/lib/python3.8/site-packages/airflow/example_dags/example_branch_labels.py
[2026-06-16T01:17:55.176+0000] {processor.py:830} INFO - Processing file /home/airflow/.local/lib/python3.8/site-packages/airflow/example_dags/example_branch_labels.py for tasks to queue
[2026-06-16T01:17:55.183+0000] {logging_mixin.py:188} INFO - [2026-06-16T01:17:55.182+0000] {dagbag.py:538} INFO - Filling up the DagBag from /home/airflow/.local/lib/python3.8/site-packages/airflow/example_dags/example_branch_labels.py
[2026-06-16T01:17:55.214+0000] {processor.py:840} INFO - DAG(s) 'example_branch_labels' retrieved from /home/airflow/.local/lib/python3.8/site-packages/airflow/example_dags/example_branch_labels.py
[2026-06-16T01:17:55.495+0000] {logging_mixin.py:188} INFO - [2026-06-16T01:17:55.494+0000] {dag.py:3036} INFO - Sync 1 DAGs
[2026-06-16T01:17:55.681+0000] {logging_mixin.py:188} INFO - [2026-06-16T01:17:55.679+0000] {dag.py:3823} INFO - Setting next_dagrun for example_branch_labels to 2026-06-15 00:00:00+00:00, run_after=2026-06-16 00:00:00+00:00
[2026-06-16T01:17:55.823+0000] {processor.py:183} INFO - Processing /home/airflow/.local/lib/python3.8/site-packages/airflow/example_dags/example_branch_labels.py took 0.663 seconds
[2026-06-16T01:18:26.026+0000] {processor.py:161} INFO - Started process (PID=1149) to work on /home/airflow/.local/lib/python3.8/site-packages/airflow/example_dags/example_branch_labels.py
[2026-06-16T01:18:26.036+0000] {processor.py:830} INFO - Processing file /home/airflow/.local/lib/python3.8/site-packages/airflow/example_dags/example_branch_labels.py for tasks to queue
[2026-06-16T01:18:26.045+0000] {logging_mixin.py:188} INFO - [2026-06-16T01:18:26.043+0000] {dagbag.py:538} INFO - Filling up the DagBag from /home/airflow/.local/lib/python3.8/site-packages/airflow/example_dags/example_branch_labels.py
[2026-06-16T01:18:26.103+0000] {processor.py:840} INFO - DAG(s) 'example_branch_labels' retrieved from /home/airflow/.local/lib/python3.8/site-packages/airflow/example_dags/example_branch_labels.py
[2026-06-16T01:18:26.237+0000] {logging_mixin.py:188} INFO - [2026-06-16T01:18:26.236+0000] {dag.py:3036} INFO - Sync 1 DAGs
[2026-06-16T01:18:26.358+0000] {logging_mixin.py:188} INFO - [2026-06-16T01:18:26.357+0000] {dag.py:3823} INFO - Setting next_dagrun for example_branch_labels to 2026-06-15 00:00:00+00:00, run_after=2026-06-16 00:00:00+00:00
[2026-06-16T01:18:26.443+0000] {processor.py:183} INFO - Processing /home/airflow/.local/lib/python3.8/site-packages/airflow/example_dags/example_branch_labels.py took 0.431 seconds
[2026-06-16T01:18:56.964+0000] {processor.py:161} INFO - Started process (PID=1204) to work on /home/airflow/.local/lib/python3.8/site-packages/airflow/example_dags/example_branch_labels.py
[2026-06-16T01:18:56.977+0000] {processor.py:830} INFO - Processing file /home/airflow/.local/lib/python3.8/site-packages/airflow/example_dags/example_branch_labels.py for tasks to queue
[2026-06-16T01:18:57.009+0000] {logging_mixin.py:188} INFO - [2026-06-16T01:18:57.007+0000] {dagbag.py:538} INFO - Filling up the DagBag from /home/airflow/.local/lib/python3.8/site-packages/airflow/example_dags/example_branch_labels.py
[2026-06-16T01:18:57.093+0000] {processor.py:840} INFO - DAG(s) 'example_branch_labels' retrieved from /home/airflow/.local/lib/python3.8/site-packages/airflow/example_dags/example_branch_labels.py
[2026-06-16T01:18:57.344+0000] {logging_mixin.py:188} INFO - [2026-06-16T01:18:57.343+0000] {dag.py:3036} INFO - Sync 1 DAGs
[2026-06-16T01:18:57.528+0000] {logging_mixin.py:188} INFO - [2026-06-16T01:18:57.527+0000] {dag.py:3823} INFO - Setting next_dagrun for example_branch_labels to 2026-06-15 00:00:00+00:00, run_after=2026-06-16 00:00:00+00:00
[2026-06-16T01:18:57.670+0000] {processor.py:183} INFO - Processing /home/airflow/.local/lib/python3.8/site-packages/airflow/example_dags/example_branch_labels.py took 0.747 seconds
[2026-06-16T01:19:28.022+0000] {processor.py:161} INFO - Started process (PID=1260) to work on /home/airflow/.local/lib/python3.8/site-packages/airflow/example_dags/example_branch_labels.py
[2026-06-16T01:19:28.026+0000] {processor.py:830} INFO - Processing file /home/airflow/.local/lib/python3.8/site-packages/airflow/example_dags/example_branch_labels.py for tasks to queue
[2026-06-16T01:19:28.032+0000] {logging_mixin.py:188} INFO - [2026-06-16T01:19:28.031+0000] {dagbag.py:538} INFO - Filling up the DagBag from /home/airflow/.local/lib/python3.8/site-packages/airflow/example_dags/example_branch_labels.py
[2026-06-16T01:19:28.067+0000] {processor.py:840} INFO - DAG(s) 'example_branch_labels' retrieved from /home/airflow/.local/lib/python3.8/site-packages/airflow/example_dags/example_branch_labels.py
[2026-06-16T01:19:28.145+0000] {logging_mixin.py:188} INFO - [2026-06-16T01:19:28.143+0000] {dag.py:3036} INFO - Sync 1 DAGs
[2026-06-16T01:19:28.259+0000] {logging_mixin.py:188} INFO - [2026-06-16T01:19:28.259+0000] {dag.py:3823} INFO - Setting next_dagrun for example_branch_labels to 2026-06-15 00:00:00+00:00, run_after=2026-06-16 00:00:00+00:00
[2026-06-16T01:19:28.342+0000] {processor.py:183} INFO - Processing /home/airflow/.local/lib/python3.8/site-packages/airflow/example_dags/example_branch_labels.py took 0.331 seconds
[2026-06-16T01:19:58.559+0000] {processor.py:161} INFO - Started process (PID=1315) to work on /home/airflow/.local/lib/python3.8/site-packages/airflow/example_dags/example_branch_labels.py
[2026-06-16T01:19:58.565+0000] {processor.py:830} INFO - Processing file /home/airflow/.local/lib/python3.8/site-packages/airflow/example_dags/example_branch_labels.py for tasks to queue
[2026-06-16T01:19:58.577+0000] {logging_mixin.py:188} INFO - [2026-06-16T01:19:58.575+0000] {dagbag.py:538} INFO - Filling up the DagBag from /home/airflow/.local/lib/python3.8/site-packages/airflow/example_dags/example_branch_labels.py
[2026-06-16T01:19:58.625+0000] {processor.py:840} INFO - DAG(s) 'example_branch_labels' retrieved from /home/airflow/.local/lib/python3.8/site-packages/airflow/example_dags/example_branch_labels.py
[2026-06-16T01:19:58.718+0000] {logging_mixin.py:188} INFO - [2026-06-16T01:19:58.717+0000] {dag.py:3036} INFO - Sync 1 DAGs
[2026-06-16T01:19:58.847+0000] {logging_mixin.py:188} INFO - [2026-06-16T01:19:58.847+0000] {dag.py:3823} INFO - Setting next_dagrun for example_branch_labels to 2026-06-15 00:00:00+00:00, run_after=2026-06-16 00:00:00+00:00
[2026-06-16T01:19:59.076+0000] {processor.py:183} INFO - Processing /home/airflow/.local/lib/python3.8/site-packages/airflow/example_dags/example_branch_labels.py took 0.535 seconds
[2026-06-16T01:20:29.240+0000] {processor.py:161} INFO - Started process (PID=1371) to work on /home/airflow/.local/lib/python3.8/site-packages/airflow/example_dags/example_branch_labels.py
[2026-06-16T01:20:29.247+0000] {processor.py:830} INFO - Processing file /home/airflow/.local/lib/python3.8/site-packages/airflow/example_dags/example_branch_labels.py for tasks to queue
[2026-06-16T01:20:29.254+0000] {logging_mixin.py:188} INFO - [2026-06-16T01:20:29.251+0000] {dagbag.py:538} INFO - Filling up the DagBag from /home/airflow/.local/lib/python3.8/site-packages/airflow/example_dags/example_branch_labels.py
[2026-06-16T01:20:29.317+0000] {processor.py:840} INFO - DAG(s) 'example_branch_labels' retrieved from /home/airflow/.local/lib/python3.8/site-packages/airflow/example_dags/example_branch_labels.py
[2026-06-16T01:20:29.467+0000] {logging_mixin.py:188} INFO - [2026-06-16T01:20:29.465+0000] {dag.py:3036} INFO - Sync 1 DAGs
[2026-06-16T01:20:29.583+0000] {logging_mixin.py:188} INFO - [2026-06-16T01:20:29.582+0000] {dag.py:3823} INFO - Setting next_dagrun for example_branch_labels to 2026-06-15 00:00:00+00:00, run_after=2026-06-16 00:00:00+00:00
[2026-06-16T01:20:29.672+0000] {processor.py:183} INFO - Processing /home/airflow/.local/lib/python3.8/site-packages/airflow/example_dags/example_branch_labels.py took 0.446 seconds
[2026-06-16T01:21:01.069+0000] {processor.py:161} INFO - Started process (PID=1427) to work on /home/airflow/.local/lib/python3.8/site-packages/airflow/example_dags/example_branch_labels.py
[2026-06-16T01:21:01.077+0000] {processor.py:830} INFO - Processing file /home/airflow/.local/lib/python3.8/site-packages/airflow/example_dags/example_branch_labels.py for tasks to queue
[2026-06-16T01:21:01.090+0000] {logging_mixin.py:188} INFO - [2026-06-16T01:21:01.086+0000] {dagbag.py:538} INFO - Filling up the DagBag from /home/airflow/.local/lib/python3.8/site-packages/airflow/example_dags/example_branch_labels.py
[2026-06-16T01:21:01.115+0000] {processor.py:840} INFO - DAG(s) 'example_branch_labels' retrieved from /home/airflow/.local/lib/python3.8/site-packages/airflow/example_dags/example_branch_labels.py
[2026-06-16T01:21:01.203+0000] {logging_mixin.py:188} INFO - [2026-06-16T01:21:01.202+0000] {dag.py:3036} INFO - Sync 1 DAGs
[2026-06-16T01:21:01.288+0000] {logging_mixin.py:188} INFO - [2026-06-16T01:21:01.286+0000] {dag.py:3823} INFO - Setting next_dagrun for example_branch_labels to 2026-06-15 00:00:00+00:00, run_after=2026-06-16 00:00:00+00:00
[2026-06-16T01:21:01.469+0000] {processor.py:183} INFO - Processing /home/airflow/.local/lib/python3.8/site-packages/airflow/example_dags/example_branch_labels.py took 0.412 seconds
[2026-06-16T01:21:32.117+0000] {processor.py:161} INFO - Started process (PID=1483) to work on /home/airflow/.local/lib/python3.8/site-packages/airflow/example_dags/example_branch_labels.py
[2026-06-16T01:21:32.119+0000] {processor.py:830} INFO - Processing file /home/airflow/.local/lib/python3.8/site-packages/airflow/example_dags/example_branch_labels.py for tasks to queue
[2026-06-16T01:21:32.127+0000] {logging_mixin.py:188} INFO - [2026-06-16T01:21:32.127+0000] {dagbag.py:538} INFO - Filling up the DagBag from /home/airflow/.local/lib/python3.8/site-packages/airflow/example_dags/example_branch_labels.py
[2026-06-16T01:21:32.165+0000] {processor.py:840} INFO - DAG(s) 'example_branch_labels' retrieved from /home/airflow/.local/lib/python3.8/site-packages/airflow/example_dags/example_branch_labels.py
[2026-06-16T01:21:32.259+0000] {logging_mixin.py:188} INFO - [2026-06-16T01:21:32.258+0000] {dag.py:3036} INFO - Sync 1 DAGs
[2026-06-16T01:21:32.398+0000] {logging_mixin.py:188} INFO - [2026-06-16T01:21:32.397+0000] {dag.py:3823} INFO - Setting next_dagrun for example_branch_labels to 2026-06-15 00:00:00+00:00, run_after=2026-06-16 00:00:00+00:00
[2026-06-16T01:21:32.486+0000] {processor.py:183} INFO - Processing /home/airflow/.local/lib/python3.8/site-packages/airflow/example_dags/example_branch_labels.py took 0.383 seconds
[2026-06-16T01:22:05.834+0000] {processor.py:161} INFO - Started process (PID=1540) to work on /home/airflow/.local/lib/python3.8/site-packages/airflow/example_dags/example_branch_labels.py
[2026-06-16T01:22:05.838+0000] {processor.py:830} INFO - Processing file /home/airflow/.local/lib/python3.8/site-packages/airflow/example_dags/example_branch_labels.py for tasks to queue
[2026-06-16T01:22:05.889+0000] {logging_mixin.py:188} INFO - [2026-06-16T01:22:05.888+0000] {dagbag.py:538} INFO - Filling up the DagBag from /home/airflow/.local/lib/python3.8/site-packages/airflow/example_dags/example_branch_labels.py
[2026-06-16T01:22:05.928+0000] {processor.py:840} INFO - DAG(s) 'example_branch_labels' retrieved from /home/airflow/.local/lib/python3.8/site-packages/airflow/example_dags/example_branch_labels.py
[2026-06-16T01:22:06.061+0000] {logging_mixin.py:188} INFO - [2026-06-16T01:22:06.045+0000] {dag.py:3036} INFO - Sync 1 DAGs
[2026-06-16T01:22:06.164+0000] {logging_mixin.py:188} INFO - [2026-06-16T01:22:06.163+0000] {dag.py:3823} INFO - Setting next_dagrun for example_branch_labels to 2026-06-15 00:00:00+00:00, run_after=2026-06-16 00:00:00+00:00
[2026-06-16T01:22:06.253+0000] {processor.py:183} INFO - Processing /home/airflow/.local/lib/python3.8/site-packages/airflow/example_dags/example_branch_labels.py took 0.435 seconds
[2026-06-16T01:22:38.858+0000] {processor.py:161} INFO - Started process (PID=1596) to work on /home/airflow/.local/lib/python3.8/site-packages/airflow/example_dags/example_branch_labels.py
[2026-06-16T01:22:38.861+0000] {processor.py:830} INFO - Processing file /home/airflow/.local/lib/python3.8/site-packages/airflow/example_dags/example_branch_labels.py for tasks to queue
[2026-06-16T01:22:38.868+0000] {logging_mixin.py:188} INFO - [2026-06-16T01:22:38.867+0000] {dagbag.py:538} INFO - Filling up the DagBag from /home/airflow/.local/lib/python3.8/site-packages/airflow/example_dags/example_branch_labels.py
[2026-06-16T01:22:38.905+0000] {processor.py:840} INFO - DAG(s) 'example_branch_labels' retrieved from /home/airflow/.local/lib/python3.8/site-packages/airflow/example_dags/example_branch_labels.py
[2026-06-16T01:22:39.072+0000] {logging_mixin.py:188} INFO - [2026-06-16T01:22:39.071+0000] {dag.py:3036} INFO - Sync 1 DAGs
[2026-06-16T01:22:39.164+0000] {logging_mixin.py:188} INFO - [2026-06-16T01:22:39.164+0000] {dag.py:3823} INFO - Setting next_dagrun for example_branch_labels to 2026-06-15 00:00:00+00:00, run_after=2026-06-16 00:00:00+00:00
[2026-06-16T01:22:39.309+0000] {processor.py:183} INFO - Processing /home/airflow/.local/lib/python3.8/site-packages/airflow/example_dags/example_branch_labels.py took 0.462 seconds
[2026-06-16T01:23:11.285+0000] {processor.py:161} INFO - Started process (PID=1651) to work on /home/airflow/.local/lib/python3.8/site-packages/airflow/example_dags/example_branch_labels.py
[2026-06-16T01:23:11.292+0000] {processor.py:830} INFO - Processing file /home/airflow/.local/lib/python3.8/site-packages/airflow/example_dags/example_branch_labels.py for tasks to queue
[2026-06-16T01:23:11.300+0000] {logging_mixin.py:188} INFO - [2026-06-16T01:23:11.299+0000] {dagbag.py:538} INFO - Filling up the DagBag from /home/airflow/.local/lib/python3.8/site-packages/airflow/example_dags/example_branch_labels.py
[2026-06-16T01:23:11.336+0000] {processor.py:840} INFO - DAG(s) 'example_branch_labels' retrieved from /home/airflow/.local/lib/python3.8/site-packages/airflow/example_dags/example_branch_labels.py
[2026-06-16T01:23:11.503+0000] {logging_mixin.py:188} INFO - [2026-06-16T01:23:11.500+0000] {dag.py:3036} INFO - Sync 1 DAGs
[2026-06-16T01:23:12.002+0000] {logging_mixin.py:188} INFO - [2026-06-16T01:23:12.001+0000] {dag.py:3823} INFO - Setting next_dagrun for example_branch_labels to 2026-06-15 00:00:00+00:00, run_after=2026-06-16 00:00:00+00:00
[2026-06-16T01:23:12.105+0000] {processor.py:183} INFO - Processing /home/airflow/.local/lib/python3.8/site-packages/airflow/example_dags/example_branch_labels.py took 0.926 seconds
[2026-06-16T01:23:42.312+0000] {processor.py:161} INFO - Started process (PID=1705) to work on /home/airflow/.local/lib/python3.8/site-packages/airflow/example_dags/example_branch_labels.py
[2026-06-16T01:23:42.316+0000] {processor.py:830} INFO - Processing file /home/airflow/.local/lib/python3.8/site-packages/airflow/example_dags/example_branch_labels.py for tasks to queue
[2026-06-16T01:23:42.336+0000] {logging_mixin.py:188} INFO - [2026-06-16T01:23:42.335+0000] {dagbag.py:538} INFO - Filling up the DagBag from /home/airflow/.local/lib/python3.8/site-packages/airflow/example_dags/example_branch_labels.py
[2026-06-16T01:23:42.375+0000] {processor.py:840} INFO - DAG(s) 'example_branch_labels' retrieved from /home/airflow/.local/lib/python3.8/site-packages/airflow/example_dags/example_branch_labels.py
[2026-06-16T01:23:42.534+0000] {logging_mixin.py:188} INFO - [2026-06-16T01:23:42.534+0000] {dag.py:3036} INFO - Sync 1 DAGs
[2026-06-16T01:23:42.655+0000] {logging_mixin.py:188} INFO - [2026-06-16T01:23:42.654+0000] {dag.py:3823} INFO - Setting next_dagrun for example_branch_labels to 2026-06-15 00:00:00+00:00, run_after=2026-06-16 00:00:00+00:00
[2026-06-16T01:23:42.750+0000] {processor.py:183} INFO - Processing /home/airflow/.local/lib/python3.8/site-packages/airflow/example_dags/example_branch_labels.py took 0.453 seconds
[2026-06-16T01:24:12.986+0000] {processor.py:161} INFO - Started process (PID=1759) to work on /home/airflow/.local/lib/python3.8/site-packages/airflow/example_dags/example_branch_labels.py
[2026-06-16T01:24:12.989+0000] {processor.py:830} INFO - Processing file /home/airflow/.local/lib/python3.8/site-packages/airflow/example_dags/example_branch_labels.py for tasks to queue
[2026-06-16T01:24:12.994+0000] {logging_mixin.py:188} INFO - [2026-06-16T01:24:12.993+0000] {dagbag.py:538} INFO - Filling up the DagBag from /home/airflow/.local/lib/python3.8/site-packages/airflow/example_dags/example_branch_labels.py
[2026-06-16T01:24:13.011+0000] {processor.py:840} INFO - DAG(s) 'example_branch_labels' retrieved from /home/airflow/.local/lib/python3.8/site-packages/airflow/example_dags/example_branch_labels.py
[2026-06-16T01:24:13.061+0000] {logging_mixin.py:188} INFO - [2026-06-16T01:24:13.061+0000] {dag.py:3036} INFO - Sync 1 DAGs
[2026-06-16T01:24:13.111+0000] {logging_mixin.py:188} INFO - [2026-06-16T01:24:13.110+0000] {dag.py:3823} INFO - Setting next_dagrun for example_branch_labels to 2026-06-15 00:00:00+00:00, run_after=2026-06-16 00:00:00+00:00
[2026-06-16T01:24:13.148+0000] {processor.py:183} INFO - Processing /home/airflow/.local/lib/python3.8/site-packages/airflow/example_dags/example_branch_labels.py took 0.168 seconds
[2026-06-16T01:24:43.742+0000] {processor.py:161} INFO - Started process (PID=1815) to work on /home/airflow/.local/lib/python3.8/site-packages/airflow/example_dags/example_branch_labels.py
[2026-06-16T01:24:43.745+0000] {processor.py:830} INFO - Processing file /home/airflow/.local/lib/python3.8/site-packages/airflow/example_dags/example_branch_labels.py for tasks to queue
[2026-06-16T01:24:43.750+0000] {logging_mixin.py:188} INFO - [2026-06-16T01:24:43.749+0000] {dagbag.py:538} INFO - Filling up the DagBag from /home/airflow/.local/lib/python3.8/site-packages/airflow/example_dags/example_branch_labels.py
[2026-06-16T01:24:43.772+0000] {processor.py:840} INFO - DAG(s) 'example_branch_labels' retrieved from /home/airflow/.local/lib/python3.8/site-packages/airflow/example_dags/example_branch_labels.py
[2026-06-16T01:24:43.835+0000] {logging_mixin.py:188} INFO - [2026-06-16T01:24:43.835+0000] {dag.py:3036} INFO - Sync 1 DAGs
[2026-06-16T01:24:43.904+0000] {logging_mixin.py:188} INFO - [2026-06-16T01:24:43.903+0000] {dag.py:3823} INFO - Setting next_dagrun for example_branch_labels to 2026-06-15 00:00:00+00:00, run_after=2026-06-16 00:00:00+00:00
[2026-06-16T01:24:43.955+0000] {processor.py:183} INFO - Processing /home/airflow/.local/lib/python3.8/site-packages/airflow/example_dags/example_branch_labels.py took 0.223 seconds
[2026-06-16T01:25:14.297+0000] {processor.py:161} INFO - Started process (PID=1871) to work on /home/airflow/.local/lib/python3.8/site-packages/airflow/example_dags/example_branch_labels.py
[2026-06-16T01:25:14.299+0000] {processor.py:830} INFO - Processing file /home/airflow/.local/lib/python3.8/site-packages/airflow/example_dags/example_branch_labels.py for tasks to queue
[2026-06-16T01:25:14.302+0000] {logging_mixin.py:188} INFO - [2026-06-16T01:25:14.302+0000] {dagbag.py:538} INFO - Filling up the DagBag from /home/airflow/.local/lib/python3.8/site-packages/airflow/example_dags/example_branch_labels.py
[2026-06-16T01:25:14.321+0000] {processor.py:840} INFO - DAG(s) 'example_branch_labels' retrieved from /home/airflow/.local/lib/python3.8/site-packages/airflow/example_dags/example_branch_labels.py
[2026-06-16T01:25:14.377+0000] {logging_mixin.py:188} INFO - [2026-06-16T01:25:14.376+0000] {dag.py:3036} INFO - Sync 1 DAGs
[2026-06-16T01:25:14.424+0000] {logging_mixin.py:188} INFO - [2026-06-16T01:25:14.424+0000] {dag.py:3823} INFO - Setting next_dagrun for example_branch_labels to 2026-06-15 00:00:00+00:00, run_after=2026-06-16 00:00:00+00:00
[2026-06-16T01:25:14.461+0000] {processor.py:183} INFO - Processing /home/airflow/.local/lib/python3.8/site-packages/airflow/example_dags/example_branch_labels.py took 0.171 seconds
[2026-06-16T01:25:44.575+0000] {processor.py:161} INFO - Started process (PID=1926) to work on /home/airflow/.local/lib/python3.8/site-packages/airflow/example_dags/example_branch_labels.py
[2026-06-16T01:25:44.577+0000] {processor.py:830} INFO - Processing file /home/airflow/.local/lib/python3.8/site-packages/airflow/example_dags/example_branch_labels.py for tasks to queue
[2026-06-16T01:25:44.580+0000] {logging_mixin.py:188} INFO - [2026-06-16T01:25:44.580+0000] {dagbag.py:538} INFO - Filling up the DagBag from /home/airflow/.local/lib/python3.8/site-packages/airflow/example_dags/example_branch_labels.py
[2026-06-16T01:25:44.601+0000] {processor.py:840} INFO - DAG(s) 'example_branch_labels' retrieved from /home/airflow/.local/lib/python3.8/site-packages/airflow/example_dags/example_branch_labels.py
[2026-06-16T01:25:44.643+0000] {logging_mixin.py:188} INFO - [2026-06-16T01:25:44.643+0000] {dag.py:3036} INFO - Sync 1 DAGs
[2026-06-16T01:25:44.688+0000] {logging_mixin.py:188} INFO - [2026-06-16T01:25:44.687+0000] {dag.py:3823} INFO - Setting next_dagrun for example_branch_labels to 2026-06-15 00:00:00+00:00, run_after=2026-06-16 00:00:00+00:00
[2026-06-16T01:25:44.725+0000] {processor.py:183} INFO - Processing /home/airflow/.local/lib/python3.8/site-packages/airflow/example_dags/example_branch_labels.py took 0.157 seconds
[2026-06-16T01:26:14.851+0000] {processor.py:161} INFO - Started process (PID=1982) to work on /home/airflow/.local/lib/python3.8/site-packages/airflow/example_dags/example_branch_labels.py
[2026-06-16T01:26:14.852+0000] {processor.py:830} INFO - Processing file /home/airflow/.local/lib/python3.8/site-packages/airflow/example_dags/example_branch_labels.py for tasks to queue
[2026-06-16T01:26:14.857+0000] {logging_mixin.py:188} INFO - [2026-06-16T01:26:14.856+0000] {dagbag.py:538} INFO - Filling up the DagBag from /home/airflow/.local/lib/python3.8/site-packages/airflow/example_dags/example_branch_labels.py
[2026-06-16T01:26:14.877+0000] {processor.py:840} INFO - DAG(s) 'example_branch_labels' retrieved from /home/airflow/.local/lib/python3.8/site-packages/airflow/example_dags/example_branch_labels.py
[2026-06-16T01:26:14.941+0000] {logging_mixin.py:188} INFO - [2026-06-16T01:26:14.940+0000] {dag.py:3036} INFO - Sync 1 DAGs
[2026-06-16T01:26:15.017+0000] {logging_mixin.py:188} INFO - [2026-06-16T01:26:15.017+0000] {dag.py:3823} INFO - Setting next_dagrun for example_branch_labels to 2026-06-15 00:00:00+00:00, run_after=2026-06-16 00:00:00+00:00
[2026-06-16T01:26:15.170+0000] {processor.py:183} INFO - Processing /home/airflow/.local/lib/python3.8/site-packages/airflow/example_dags/example_branch_labels.py took 0.329 seconds
[2026-06-16T01:26:45.443+0000] {processor.py:161} INFO - Started process (PID=2038) to work on /home/airflow/.local/lib/python3.8/site-packages/airflow/example_dags/example_branch_labels.py
[2026-06-16T01:26:45.446+0000] {processor.py:830} INFO - Processing file /home/airflow/.local/lib/python3.8/site-packages/airflow/example_dags/example_branch_labels.py for tasks to queue
[2026-06-16T01:26:45.451+0000] {logging_mixin.py:188} INFO - [2026-06-16T01:26:45.450+0000] {dagbag.py:538} INFO - Filling up the DagBag from /home/airflow/.local/lib/python3.8/site-packages/airflow/example_dags/example_branch_labels.py
[2026-06-16T01:26:45.479+0000] {processor.py:840} INFO - DAG(s) 'example_branch_labels' retrieved from /home/airflow/.local/lib/python3.8/site-packages/airflow/example_dags/example_branch_labels.py
[2026-06-16T01:26:45.541+0000] {logging_mixin.py:188} INFO - [2026-06-16T01:26:45.541+0000] {dag.py:3036} INFO - Sync 1 DAGs
[2026-06-16T01:26:45.602+0000] {logging_mixin.py:188} INFO - [2026-06-16T01:26:45.601+0000] {dag.py:3823} INFO - Setting next_dagrun for example_branch_labels to 2026-06-15 00:00:00+00:00, run_after=2026-06-16 00:00:00+00:00
[2026-06-16T01:26:45.653+0000] {processor.py:183} INFO - Processing /home/airflow/.local/lib/python3.8/site-packages/airflow/example_dags/example_branch_labels.py took 0.219 seconds
[2026-06-16T01:27:16.193+0000] {processor.py:161} INFO - Started process (PID=2094) to work on /home/airflow/.local/lib/python3.8/site-packages/airflow/example_dags/example_branch_labels.py
[2026-06-16T01:27:16.197+0000] {processor.py:830} INFO - Processing file /home/airflow/.local/lib/python3.8/site-packages/airflow/example_dags/example_branch_labels.py for tasks to queue
[2026-06-16T01:27:16.204+0000] {logging_mixin.py:188} INFO - [2026-06-16T01:27:16.204+0000] {dagbag.py:538} INFO - Filling up the DagBag from /home/airflow/.local/lib/python3.8/site-packages/airflow/example_dags/example_branch_labels.py
[2026-06-16T01:27:16.233+0000] {processor.py:840} INFO - DAG(s) 'example_branch_labels' retrieved from /home/airflow/.local/lib/python3.8/site-packages/airflow/example_dags/example_branch_labels.py
[2026-06-16T01:27:16.315+0000] {logging_mixin.py:188} INFO - [2026-06-16T01:27:16.314+0000] {dag.py:3036} INFO - Sync 1 DAGs
[2026-06-16T01:27:16.397+0000] {logging_mixin.py:188} INFO - [2026-06-16T01:27:16.396+0000] {dag.py:3823} INFO - Setting next_dagrun for example_branch_labels to 2026-06-15 00:00:00+00:00, run_after=2026-06-16 00:00:00+00:00
[2026-06-16T01:27:16.460+0000] {processor.py:183} INFO - Processing /home/airflow/.local/lib/python3.8/site-packages/airflow/example_dags/example_branch_labels.py took 0.275 seconds
[2026-06-16T01:27:47.100+0000] {processor.py:161} INFO - Started process (PID=2150) to work on /home/airflow/.local/lib/python3.8/site-packages/airflow/example_dags/example_branch_labels.py
[2026-06-16T01:27:47.102+0000] {processor.py:830} INFO - Processing file /home/airflow/.local/lib/python3.8/site-packages/airflow/example_dags/example_branch_labels.py for tasks to queue
[2026-06-16T01:27:47.106+0000] {logging_mixin.py:188} INFO - [2026-06-16T01:27:47.105+0000] {dagbag.py:538} INFO - Filling up the DagBag from /home/airflow/.local/lib/python3.8/site-packages/airflow/example_dags/example_branch_labels.py
[2026-06-16T01:27:47.124+0000] {processor.py:840} INFO - DAG(s) 'example_branch_labels' retrieved from /home/airflow/.local/lib/python3.8/site-packages/airflow/example_dags/example_branch_labels.py
[2026-06-16T01:27:47.170+0000] {logging_mixin.py:188} INFO - [2026-06-16T01:27:47.170+0000] {dag.py:3036} INFO - Sync 1 DAGs
[2026-06-16T01:27:47.221+0000] {logging_mixin.py:188} INFO - [2026-06-16T01:27:47.220+0000] {dag.py:3823} INFO - Setting next_dagrun for example_branch_labels to 2026-06-15 00:00:00+00:00, run_after=2026-06-16 00:00:00+00:00
[2026-06-16T01:27:47.270+0000] {processor.py:183} INFO - Processing /home/airflow/.local/lib/python3.8/site-packages/airflow/example_dags/example_branch_labels.py took 0.178 seconds
[2026-06-16T01:28:17.497+0000] {processor.py:161} INFO - Started process (PID=2206) to work on /home/airflow/.local/lib/python3.8/site-packages/airflow/example_dags/example_branch_labels.py
[2026-06-16T01:28:17.500+0000] {processor.py:830} INFO - Processing file /home/airflow/.local/lib/python3.8/site-packages/airflow/example_dags/example_branch_labels.py for tasks to queue
[2026-06-16T01:28:17.504+0000] {logging_mixin.py:188} INFO - [2026-06-16T01:28:17.503+0000] {dagbag.py:538} INFO - Filling up the DagBag from /home/airflow/.local/lib/python3.8/site-packages/airflow/example_dags/example_branch_labels.py
[2026-06-16T01:28:17.525+0000] {processor.py:840} INFO - DAG(s) 'example_branch_labels' retrieved from /home/airflow/.local/lib/python3.8/site-packages/airflow/example_dags/example_branch_labels.py
[2026-06-16T01:28:17.579+0000] {logging_mixin.py:188} INFO - [2026-06-16T01:28:17.579+0000] {dag.py:3036} INFO - Sync 1 DAGs
[2026-06-16T01:28:17.641+0000] {logging_mixin.py:188} INFO - [2026-06-16T01:28:17.640+0000] {dag.py:3823} INFO - Setting next_dagrun for example_branch_labels to 2026-06-15 00:00:00+00:00, run_after=2026-06-16 00:00:00+00:00
[2026-06-16T01:28:17.692+0000] {processor.py:183} INFO - Processing /home/airflow/.local/lib/python3.8/site-packages/airflow/example_dags/example_branch_labels.py took 0.202 seconds
[2026-06-16T01:28:48.044+0000] {processor.py:161} INFO - Started process (PID=2262) to work on /home/airflow/.local/lib/python3.8/site-packages/airflow/example_dags/example_branch_labels.py
[2026-06-16T01:28:48.053+0000] {processor.py:830} INFO - Processing file /home/airflow/.local/lib/python3.8/site-packages/airflow/example_dags/example_branch_labels.py for tasks to queue
[2026-06-16T01:28:48.058+0000] {logging_mixin.py:188} INFO - [2026-06-16T01:28:48.058+0000] {dagbag.py:538} INFO - Filling up the DagBag from /home/airflow/.local/lib/python3.8/site-packages/airflow/example_dags/example_branch_labels.py
[2026-06-16T01:28:48.308+0000] {processor.py:840} INFO - DAG(s) 'example_branch_labels' retrieved from /home/airflow/.local/lib/python3.8/site-packages/airflow/example_dags/example_branch_labels.py
[2026-06-16T01:28:48.643+0000] {logging_mixin.py:188} INFO - [2026-06-16T01:28:48.636+0000] {dag.py:3036} INFO - Sync 1 DAGs
[2026-06-16T01:28:48.753+0000] {logging_mixin.py:188} INFO - [2026-06-16T01:28:48.753+0000] {dag.py:3823} INFO - Setting next_dagrun for example_branch_labels to 2026-06-15 00:00:00+00:00, run_after=2026-06-16 00:00:00+00:00
[2026-06-16T01:28:48.826+0000] {processor.py:183} INFO - Processing /home/airflow/.local/lib/python3.8/site-packages/airflow/example_dags/example_branch_labels.py took 0.795 seconds
[2026-06-16T01:29:19.202+0000] {processor.py:161} INFO - Started process (PID=2318) to work on /home/airflow/.local/lib/python3.8/site-packages/airflow/example_dags/example_branch_labels.py
[2026-06-16T01:29:19.207+0000] {processor.py:830} INFO - Processing file /home/airflow/.local/lib/python3.8/site-packages/airflow/example_dags/example_branch_labels.py for tasks to queue
[2026-06-16T01:29:19.214+0000] {logging_mixin.py:188} INFO - [2026-06-16T01:29:19.212+0000] {dagbag.py:538} INFO - Filling up the DagBag from /home/airflow/.local/lib/python3.8/site-packages/airflow/example_dags/example_branch_labels.py
[2026-06-16T01:29:19.255+0000] {processor.py:840} INFO - DAG(s) 'example_branch_labels' retrieved from /home/airflow/.local/lib/python3.8/site-packages/airflow/example_dags/example_branch_labels.py
[2026-06-16T01:29:19.353+0000] {logging_mixin.py:188} INFO - [2026-06-16T01:29:19.352+0000] {dag.py:3036} INFO - Sync 1 DAGs
[2026-06-16T01:29:19.429+0000] {logging_mixin.py:188} INFO - [2026-06-16T01:29:19.429+0000] {dag.py:3823} INFO - Setting next_dagrun for example_branch_labels to 2026-06-15 00:00:00+00:00, run_after=2026-06-16 00:00:00+00:00
[2026-06-16T01:29:19.501+0000] {processor.py:183} INFO - Processing /home/airflow/.local/lib/python3.8/site-packages/airflow/example_dags/example_branch_labels.py took 0.313 seconds
[2026-06-16T01:29:49.557+0000] {processor.py:161} INFO - Started process (PID=2374) to work on /home/airflow/.local/lib/python3.8/site-packages/airflow/example_dags/example_branch_labels.py
[2026-06-16T01:29:49.558+0000] {processor.py:830} INFO - Processing file /home/airflow/.local/lib/python3.8/site-packages/airflow/example_dags/example_branch_labels.py for tasks to queue
[2026-06-16T01:29:49.562+0000] {logging_mixin.py:188} INFO - [2026-06-16T01:29:49.561+0000] {dagbag.py:538} INFO - Filling up the DagBag from /home/airflow/.local/lib/python3.8/site-packages/airflow/example_dags/example_branch_labels.py
[2026-06-16T01:29:49.578+0000] {processor.py:840} INFO - DAG(s) 'example_branch_labels' retrieved from /home/airflow/.local/lib/python3.8/site-packages/airflow/example_dags/example_branch_labels.py
[2026-06-16T01:29:49.621+0000] {logging_mixin.py:188} INFO - [2026-06-16T01:29:49.621+0000] {dag.py:3036} INFO - Sync 1 DAGs
[2026-06-16T01:29:49.671+0000] {logging_mixin.py:188} INFO - [2026-06-16T01:29:49.670+0000] {dag.py:3823} INFO - Setting next_dagrun for example_branch_labels to 2026-06-15 00:00:00+00:00, run_after=2026-06-16 00:00:00+00:00
[2026-06-16T01:29:49.710+0000] {processor.py:183} INFO - Processing /home/airflow/.local/lib/python3.8/site-packages/airflow/example_dags/example_branch_labels.py took 0.160 seconds
[2026-06-16T01:30:20.378+0000] {processor.py:161} INFO - Started process (PID=2431) to work on /home/airflow/.local/lib/python3.8/site-packages/airflow/example_dags/example_branch_labels.py
[2026-06-16T01:30:20.391+0000] {processor.py:830} INFO - Processing file /home/airflow/.local/lib/python3.8/site-packages/airflow/example_dags/example_branch_labels.py for tasks to queue
[2026-06-16T01:30:20.489+0000] {logging_mixin.py:188} INFO - [2026-06-16T01:30:20.488+0000] {dagbag.py:538} INFO - Filling up the DagBag from /home/airflow/.local/lib/python3.8/site-packages/airflow/example_dags/example_branch_labels.py
[2026-06-16T01:30:20.562+0000] {processor.py:840} INFO - DAG(s) 'example_branch_labels' retrieved from /home/airflow/.local/lib/python3.8/site-packages/airflow/example_dags/example_branch_labels.py
[2026-06-16T01:30:20.647+0000] {logging_mixin.py:188} INFO - [2026-06-16T01:30:20.647+0000] {dag.py:3036} INFO - Sync 1 DAGs
[2026-06-16T01:30:20.780+0000] {logging_mixin.py:188} INFO - [2026-06-16T01:30:20.778+0000] {dag.py:3823} INFO - Setting next_dagrun for example_branch_labels to 2026-06-15 00:00:00+00:00, run_after=2026-06-16 00:00:00+00:00
[2026-06-16T01:30:20.960+0000] {processor.py:183} INFO - Processing /home/airflow/.local/lib/python3.8/site-packages/airflow/example_dags/example_branch_labels.py took 0.596 seconds
[2026-06-16T01:30:51.193+0000] {processor.py:161} INFO - Started process (PID=2486) to work on /home/airflow/.local/lib/python3.8/site-packages/airflow/example_dags/example_branch_labels.py
[2026-06-16T01:30:51.195+0000] {processor.py:830} INFO - Processing file /home/airflow/.local/lib/python3.8/site-packages/airflow/example_dags/example_branch_labels.py for tasks to queue
[2026-06-16T01:30:51.202+0000] {logging_mixin.py:188} INFO - [2026-06-16T01:30:51.201+0000] {dagbag.py:538} INFO - Filling up the DagBag from /home/airflow/.local/lib/python3.8/site-packages/airflow/example_dags/example_branch_labels.py
[2026-06-16T01:30:51.233+0000] {processor.py:840} INFO - DAG(s) 'example_branch_labels' retrieved from /home/airflow/.local/lib/python3.8/site-packages/airflow/example_dags/example_branch_labels.py
[2026-06-16T01:30:51.305+0000] {logging_mixin.py:188} INFO - [2026-06-16T01:30:51.303+0000] {dag.py:3036} INFO - Sync 1 DAGs
[2026-06-16T01:30:51.398+0000] {logging_mixin.py:188} INFO - [2026-06-16T01:30:51.398+0000] {dag.py:3823} INFO - Setting next_dagrun for example_branch_labels to 2026-06-15 00:00:00+00:00, run_after=2026-06-16 00:00:00+00:00
[2026-06-16T01:30:51.449+0000] {processor.py:183} INFO - Processing /home/airflow/.local/lib/python3.8/site-packages/airflow/example_dags/example_branch_labels.py took 0.264 seconds
[2026-06-16T01:31:21.975+0000] {processor.py:161} INFO - Started process (PID=2548) to work on /home/airflow/.local/lib/python3.8/site-packages/airflow/example_dags/example_branch_labels.py
[2026-06-16T01:31:21.981+0000] {processor.py:830} INFO - Processing file /home/airflow/.local/lib/python3.8/site-packages/airflow/example_dags/example_branch_labels.py for tasks to queue
[2026-06-16T01:31:21.988+0000] {logging_mixin.py:188} INFO - [2026-06-16T01:31:21.987+0000] {dagbag.py:538} INFO - Filling up the DagBag from /home/airflow/.local/lib/python3.8/site-packages/airflow/example_dags/example_branch_labels.py
[2026-06-16T01:31:22.029+0000] {processor.py:840} INFO - DAG(s) 'example_branch_labels' retrieved from /home/airflow/.local/lib/python3.8/site-packages/airflow/example_dags/example_branch_labels.py
[2026-06-16T01:31:22.109+0000] {logging_mixin.py:188} INFO - [2026-06-16T01:31:22.108+0000] {dag.py:3036} INFO - Sync 1 DAGs
[2026-06-16T01:31:22.198+0000] {logging_mixin.py:188} INFO - [2026-06-16T01:31:22.198+0000] {dag.py:3823} INFO - Setting next_dagrun for example_branch_labels to 2026-06-15 00:00:00+00:00, run_after=2026-06-16 00:00:00+00:00
[2026-06-16T01:31:22.256+0000] {processor.py:183} INFO - Processing /home/airflow/.local/lib/python3.8/site-packages/airflow/example_dags/example_branch_labels.py took 0.295 seconds
[2026-06-16T01:31:52.720+0000] {processor.py:161} INFO - Started process (PID=2602) to work on /home/airflow/.local/lib/python3.8/site-packages/airflow/example_dags/example_branch_labels.py
[2026-06-16T01:31:52.725+0000] {processor.py:830} INFO - Processing file /home/airflow/.local/lib/python3.8/site-packages/airflow/example_dags/example_branch_labels.py for tasks to queue
[2026-06-16T01:31:52.733+0000] {logging_mixin.py:188} INFO - [2026-06-16T01:31:52.731+0000] {dagbag.py:538} INFO - Filling up the DagBag from /home/airflow/.local/lib/python3.8/site-packages/airflow/example_dags/example_branch_labels.py
[2026-06-16T01:31:52.800+0000] {processor.py:840} INFO - DAG(s) 'example_branch_labels' retrieved from /home/airflow/.local/lib/python3.8/site-packages/airflow/example_dags/example_branch_labels.py
[2026-06-16T01:31:52.951+0000] {logging_mixin.py:188} INFO - [2026-06-16T01:31:52.943+0000] {dag.py:3036} INFO - Sync 1 DAGs
[2026-06-16T01:31:53.081+0000] {logging_mixin.py:188} INFO - [2026-06-16T01:31:53.081+0000] {dag.py:3823} INFO - Setting next_dagrun for example_branch_labels to 2026-06-15 00:00:00+00:00, run_after=2026-06-16 00:00:00+00:00
[2026-06-16T01:31:53.219+0000] {processor.py:183} INFO - Processing /home/airflow/.local/lib/python3.8/site-packages/airflow/example_dags/example_branch_labels.py took 0.516 seconds
[2026-06-16T01:32:23.624+0000] {processor.py:161} INFO - Started process (PID=2662) to work on /home/airflow/.local/lib/python3.8/site-packages/airflow/example_dags/example_branch_labels.py
[2026-06-16T01:32:23.627+0000] {processor.py:830} INFO - Processing file /home/airflow/.local/lib/python3.8/site-packages/airflow/example_dags/example_branch_labels.py for tasks to queue
[2026-06-16T01:32:23.636+0000] {logging_mixin.py:188} INFO - [2026-06-16T01:32:23.635+0000] {dagbag.py:538} INFO - Filling up the DagBag from /home/airflow/.local/lib/python3.8/site-packages/airflow/example_dags/example_branch_labels.py
[2026-06-16T01:32:23.666+0000] {processor.py:840} INFO - DAG(s) 'example_branch_labels' retrieved from /home/airflow/.local/lib/python3.8/site-packages/airflow/example_dags/example_branch_labels.py
[2026-06-16T01:32:23.744+0000] {logging_mixin.py:188} INFO - [2026-06-16T01:32:23.744+0000] {dag.py:3036} INFO - Sync 1 DAGs
[2026-06-16T01:32:23.816+0000] {logging_mixin.py:188} INFO - [2026-06-16T01:32:23.815+0000] {dag.py:3823} INFO - Setting next_dagrun for example_branch_labels to 2026-06-15 00:00:00+00:00, run_after=2026-06-16 00:00:00+00:00
[2026-06-16T01:32:23.866+0000] {processor.py:183} INFO - Processing /home/airflow/.local/lib/python3.8/site-packages/airflow/example_dags/example_branch_labels.py took 0.255 seconds
[2026-06-16T01:32:53.983+0000] {processor.py:161} INFO - Started process (PID=2718) to work on /home/airflow/.local/lib/python3.8/site-packages/airflow/example_dags/example_branch_labels.py
[2026-06-16T01:32:53.986+0000] {processor.py:830} INFO - Processing file /home/airflow/.local/lib/python3.8/site-packages/airflow/example_dags/example_branch_labels.py for tasks to queue
[2026-06-16T01:32:53.992+0000] {logging_mixin.py:188} INFO - [2026-06-16T01:32:53.991+0000] {dagbag.py:538} INFO - Filling up the DagBag from /home/airflow/.local/lib/python3.8/site-packages/airflow/example_dags/example_branch_labels.py
[2026-06-16T01:32:54.016+0000] {processor.py:840} INFO - DAG(s) 'example_branch_labels' retrieved from /home/airflow/.local/lib/python3.8/site-packages/airflow/example_dags/example_branch_labels.py
[2026-06-16T01:32:54.074+0000] {logging_mixin.py:188} INFO - [2026-06-16T01:32:54.073+0000] {dag.py:3036} INFO - Sync 1 DAGs
[2026-06-16T01:32:54.142+0000] {logging_mixin.py:188} INFO - [2026-06-16T01:32:54.140+0000] {dag.py:3823} INFO - Setting next_dagrun for example_branch_labels to 2026-06-15 00:00:00+00:00, run_after=2026-06-16 00:00:00+00:00
[2026-06-16T01:32:54.192+0000] {processor.py:183} INFO - Processing /home/airflow/.local/lib/python3.8/site-packages/airflow/example_dags/example_branch_labels.py took 0.220 seconds
[2026-06-16T01:33:24.269+0000] {processor.py:161} INFO - Started process (PID=2774) to work on /home/airflow/.local/lib/python3.8/site-packages/airflow/example_dags/example_branch_labels.py
[2026-06-16T01:33:24.272+0000] {processor.py:830} INFO - Processing file /home/airflow/.local/lib/python3.8/site-packages/airflow/example_dags/example_branch_labels.py for tasks to queue
[2026-06-16T01:33:24.276+0000] {logging_mixin.py:188} INFO - [2026-06-16T01:33:24.275+0000] {dagbag.py:538} INFO - Filling up the DagBag from /home/airflow/.local/lib/python3.8/site-packages/airflow/example_dags/example_branch_labels.py
[2026-06-16T01:33:24.297+0000] {processor.py:840} INFO - DAG(s) 'example_branch_labels' retrieved from /home/airflow/.local/lib/python3.8/site-packages/airflow/example_dags/example_branch_labels.py
[2026-06-16T01:33:24.355+0000] {logging_mixin.py:188} INFO - [2026-06-16T01:33:24.355+0000] {dag.py:3036} INFO - Sync 1 DAGs
[2026-06-16T01:33:24.669+0000] {logging_mixin.py:188} INFO - [2026-06-16T01:33:24.669+0000] {dag.py:3823} INFO - Setting next_dagrun for example_branch_labels to 2026-06-15 00:00:00+00:00, run_after=2026-06-16 00:00:00+00:00
[2026-06-16T01:33:24.719+0000] {processor.py:183} INFO - Processing /home/airflow/.local/lib/python3.8/site-packages/airflow/example_dags/example_branch_labels.py took 0.459 seconds
[2026-06-16T01:33:55.460+0000] {processor.py:161} INFO - Started process (PID=2830) to work on /home/airflow/.local/lib/python3.8/site-packages/airflow/example_dags/example_branch_labels.py
[2026-06-16T01:33:55.464+0000] {processor.py:830} INFO - Processing file /home/airflow/.local/lib/python3.8/site-packages/airflow/example_dags/example_branch_labels.py for tasks to queue
[2026-06-16T01:33:55.468+0000] {logging_mixin.py:188} INFO - [2026-06-16T01:33:55.467+0000] {dagbag.py:538} INFO - Filling up the DagBag from /home/airflow/.local/lib/python3.8/site-packages/airflow/example_dags/example_branch_labels.py
[2026-06-16T01:33:55.486+0000] {processor.py:840} INFO - DAG(s) 'example_branch_labels' retrieved from /home/airflow/.local/lib/python3.8/site-packages/airflow/example_dags/example_branch_labels.py
[2026-06-16T01:33:55.540+0000] {logging_mixin.py:188} INFO - [2026-06-16T01:33:55.540+0000] {dag.py:3036} INFO - Sync 1 DAGs
[2026-06-16T01:33:55.593+0000] {logging_mixin.py:188} INFO - [2026-06-16T01:33:55.592+0000] {dag.py:3823} INFO - Setting next_dagrun for example_branch_labels to 2026-06-15 00:00:00+00:00, run_after=2026-06-16 00:00:00+00:00
[2026-06-16T01:33:55.643+0000] {processor.py:183} INFO - Processing /home/airflow/.local/lib/python3.8/site-packages/airflow/example_dags/example_branch_labels.py took 0.190 seconds
[2026-06-16T01:34:26.392+0000] {processor.py:161} INFO - Started process (PID=2885) to work on /home/airflow/.local/lib/python3.8/site-packages/airflow/example_dags/example_branch_labels.py
[2026-06-16T01:34:26.394+0000] {processor.py:830} INFO - Processing file /home/airflow/.local/lib/python3.8/site-packages/airflow/example_dags/example_branch_labels.py for tasks to queue
[2026-06-16T01:34:26.400+0000] {logging_mixin.py:188} INFO - [2026-06-16T01:34:26.399+0000] {dagbag.py:538} INFO - Filling up the DagBag from /home/airflow/.local/lib/python3.8/site-packages/airflow/example_dags/example_branch_labels.py
[2026-06-16T01:34:26.429+0000] {processor.py:840} INFO - DAG(s) 'example_branch_labels' retrieved from /home/airflow/.local/lib/python3.8/site-packages/airflow/example_dags/example_branch_labels.py
[2026-06-16T01:34:26.550+0000] {logging_mixin.py:188} INFO - [2026-06-16T01:34:26.549+0000] {dag.py:3036} INFO - Sync 1 DAGs
[2026-06-16T01:34:26.659+0000] {logging_mixin.py:188} INFO - [2026-06-16T01:34:26.658+0000] {dag.py:3823} INFO - Setting next_dagrun for example_branch_labels to 2026-06-15 00:00:00+00:00, run_after=2026-06-16 00:00:00+00:00
[2026-06-16T01:34:26.763+0000] {processor.py:183} INFO - Processing /home/airflow/.local/lib/python3.8/site-packages/airflow/example_dags/example_branch_labels.py took 0.380 seconds
[2026-06-16T01:34:57.144+0000] {processor.py:161} INFO - Started process (PID=2941) to work on /home/airflow/.local/lib/python3.8/site-packages/airflow/example_dags/example_branch_labels.py
[2026-06-16T01:34:57.147+0000] {processor.py:830} INFO - Processing file /home/airflow/.local/lib/python3.8/site-packages/airflow/example_dags/example_branch_labels.py for tasks to queue
[2026-06-16T01:34:57.154+0000] {logging_mixin.py:188} INFO - [2026-06-16T01:34:57.153+0000] {dagbag.py:538} INFO - Filling up the DagBag from /home/airflow/.local/lib/python3.8/site-packages/airflow/example_dags/example_branch_labels.py
[2026-06-16T01:34:57.176+0000] {processor.py:840} INFO - DAG(s) 'example_branch_labels' retrieved from /home/airflow/.local/lib/python3.8/site-packages/airflow/example_dags/example_branch_labels.py
[2026-06-16T01:34:57.487+0000] {logging_mixin.py:188} INFO - [2026-06-16T01:34:57.487+0000] {dag.py:3036} INFO - Sync 1 DAGs
[2026-06-16T01:34:57.546+0000] {logging_mixin.py:188} INFO - [2026-06-16T01:34:57.545+0000] {dag.py:3823} INFO - Setting next_dagrun for example_branch_labels to 2026-06-15 00:00:00+00:00, run_after=2026-06-16 00:00:00+00:00
[2026-06-16T01:34:57.592+0000] {processor.py:183} INFO - Processing /home/airflow/.local/lib/python3.8/site-packages/airflow/example_dags/example_branch_labels.py took 0.454 seconds
[2026-06-16T01:35:27.780+0000] {processor.py:161} INFO - Started process (PID=2997) to work on /home/airflow/.local/lib/python3.8/site-packages/airflow/example_dags/example_branch_labels.py
[2026-06-16T01:35:27.784+0000] {processor.py:830} INFO - Processing file /home/airflow/.local/lib/python3.8/site-packages/airflow/example_dags/example_branch_labels.py for tasks to queue
[2026-06-16T01:35:27.789+0000] {logging_mixin.py:188} INFO - [2026-06-16T01:35:27.788+0000] {dagbag.py:538} INFO - Filling up the DagBag from /home/airflow/.local/lib/python3.8/site-packages/airflow/example_dags/example_branch_labels.py
[2026-06-16T01:35:27.811+0000] {processor.py:840} INFO - DAG(s) 'example_branch_labels' retrieved from /home/airflow/.local/lib/python3.8/site-packages/airflow/example_dags/example_branch_labels.py
[2026-06-16T01:35:27.885+0000] {logging_mixin.py:188} INFO - [2026-06-16T01:35:27.884+0000] {dag.py:3036} INFO - Sync 1 DAGs
[2026-06-16T01:35:28.026+0000] {logging_mixin.py:188} INFO - [2026-06-16T01:35:28.025+0000] {dag.py:3823} INFO - Setting next_dagrun for example_branch_labels to 2026-06-15 00:00:00+00:00, run_after=2026-06-16 00:00:00+00:00
[2026-06-16T01:35:28.110+0000] {processor.py:183} INFO - Processing /home/airflow/.local/lib/python3.8/site-packages/airflow/example_dags/example_branch_labels.py took 0.337 seconds
[2026-06-16T01:35:58.257+0000] {processor.py:161} INFO - Started process (PID=3053) to work on /home/airflow/.local/lib/python3.8/site-packages/airflow/example_dags/example_branch_labels.py
[2026-06-16T01:35:58.262+0000] {processor.py:830} INFO - Processing file /home/airflow/.local/lib/python3.8/site-packages/airflow/example_dags/example_branch_labels.py for tasks to queue
[2026-06-16T01:35:58.266+0000] {logging_mixin.py:188} INFO - [2026-06-16T01:35:58.266+0000] {dagbag.py:538} INFO - Filling up the DagBag from /home/airflow/.local/lib/python3.8/site-packages/airflow/example_dags/example_branch_labels.py
[2026-06-16T01:35:58.299+0000] {processor.py:840} INFO - DAG(s) 'example_branch_labels' retrieved from /home/airflow/.local/lib/python3.8/site-packages/airflow/example_dags/example_branch_labels.py
[2026-06-16T01:35:58.381+0000] {logging_mixin.py:188} INFO - [2026-06-16T01:35:58.380+0000] {dag.py:3036} INFO - Sync 1 DAGs
[2026-06-16T01:35:58.476+0000] {logging_mixin.py:188} INFO - [2026-06-16T01:35:58.476+0000] {dag.py:3823} INFO - Setting next_dagrun for example_branch_labels to 2026-06-15 00:00:00+00:00, run_after=2026-06-16 00:00:00+00:00
[2026-06-16T01:35:58.568+0000] {processor.py:183} INFO - Processing /home/airflow/.local/lib/python3.8/site-packages/airflow/example_dags/example_branch_labels.py took 0.321 seconds
[2026-06-16T01:36:29.300+0000] {processor.py:161} INFO - Started process (PID=3109) to work on /home/airflow/.local/lib/python3.8/site-packages/airflow/example_dags/example_branch_labels.py
[2026-06-16T01:36:29.302+0000] {processor.py:830} INFO - Processing file /home/airflow/.local/lib/python3.8/site-packages/airflow/example_dags/example_branch_labels.py for tasks to queue
[2026-06-16T01:36:29.306+0000] {logging_mixin.py:188} INFO - [2026-06-16T01:36:29.305+0000] {dagbag.py:538} INFO - Filling up the DagBag from /home/airflow/.local/lib/python3.8/site-packages/airflow/example_dags/example_branch_labels.py
[2026-06-16T01:36:29.323+0000] {processor.py:840} INFO - DAG(s) 'example_branch_labels' retrieved from /home/airflow/.local/lib/python3.8/site-packages/airflow/example_dags/example_branch_labels.py
[2026-06-16T01:36:29.380+0000] {logging_mixin.py:188} INFO - [2026-06-16T01:36:29.380+0000] {dag.py:3036} INFO - Sync 1 DAGs
[2026-06-16T01:36:29.436+0000] {logging_mixin.py:188} INFO - [2026-06-16T01:36:29.435+0000] {dag.py:3823} INFO - Setting next_dagrun for example_branch_labels to 2026-06-15 00:00:00+00:00, run_after=2026-06-16 00:00:00+00:00
[2026-06-16T01:36:29.485+0000] {processor.py:183} INFO - Processing /home/airflow/.local/lib/python3.8/site-packages/airflow/example_dags/example_branch_labels.py took 0.190 seconds
[2026-06-16T01:36:59.831+0000] {processor.py:161} INFO - Started process (PID=3165) to work on /home/airflow/.local/lib/python3.8/site-packages/airflow/example_dags/example_branch_labels.py
[2026-06-16T01:36:59.835+0000] {processor.py:830} INFO - Processing file /home/airflow/.local/lib/python3.8/site-packages/airflow/example_dags/example_branch_labels.py for tasks to queue
[2026-06-16T01:36:59.840+0000] {logging_mixin.py:188} INFO - [2026-06-16T01:36:59.839+0000] {dagbag.py:538} INFO - Filling up the DagBag from /home/airflow/.local/lib/python3.8/site-packages/airflow/example_dags/example_branch_labels.py
[2026-06-16T01:36:59.862+0000] {processor.py:840} INFO - DAG(s) 'example_branch_labels' retrieved from /home/airflow/.local/lib/python3.8/site-packages/airflow/example_dags/example_branch_labels.py
[2026-06-16T01:36:59.921+0000] {logging_mixin.py:188} INFO - [2026-06-16T01:36:59.921+0000] {dag.py:3036} INFO - Sync 1 DAGs
[2026-06-16T01:37:00.023+0000] {logging_mixin.py:188} INFO - [2026-06-16T01:37:00.022+0000] {dag.py:3823} INFO - Setting next_dagrun for example_branch_labels to 2026-06-15 00:00:00+00:00, run_after=2026-06-16 00:00:00+00:00
[2026-06-16T01:37:00.102+0000] {processor.py:183} INFO - Processing /home/airflow/.local/lib/python3.8/site-packages/airflow/example_dags/example_branch_labels.py took 0.279 seconds
[2026-06-16T01:37:30.584+0000] {processor.py:161} INFO - Started process (PID=3220) to work on /home/airflow/.local/lib/python3.8/site-packages/airflow/example_dags/example_branch_labels.py
[2026-06-16T01:37:30.592+0000] {processor.py:830} INFO - Processing file /home/airflow/.local/lib/python3.8/site-packages/airflow/example_dags/example_branch_labels.py for tasks to queue
[2026-06-16T01:37:30.602+0000] {logging_mixin.py:188} INFO - [2026-06-16T01:37:30.601+0000] {dagbag.py:538} INFO - Filling up the DagBag from /home/airflow/.local/lib/python3.8/site-packages/airflow/example_dags/example_branch_labels.py
[2026-06-16T01:37:30.633+0000] {processor.py:840} INFO - DAG(s) 'example_branch_labels' retrieved from /home/airflow/.local/lib/python3.8/site-packages/airflow/example_dags/example_branch_labels.py
[2026-06-16T01:37:30.735+0000] {logging_mixin.py:188} INFO - [2026-06-16T01:37:30.734+0000] {dag.py:3036} INFO - Sync 1 DAGs
[2026-06-16T01:37:30.903+0000] {logging_mixin.py:188} INFO - [2026-06-16T01:37:30.902+0000] {dag.py:3823} INFO - Setting next_dagrun for example_branch_labels to 2026-06-15 00:00:00+00:00, run_after=2026-06-16 00:00:00+00:00
[2026-06-16T01:37:30.964+0000] {processor.py:183} INFO - Processing /home/airflow/.local/lib/python3.8/site-packages/airflow/example_dags/example_branch_labels.py took 0.390 seconds
[2026-06-16T01:38:01.223+0000] {processor.py:161} INFO - Started process (PID=3274) to work on /home/airflow/.local/lib/python3.8/site-packages/airflow/example_dags/example_branch_labels.py
[2026-06-16T01:38:01.225+0000] {processor.py:830} INFO - Processing file /home/airflow/.local/lib/python3.8/site-packages/airflow/example_dags/example_branch_labels.py for tasks to queue
[2026-06-16T01:38:01.231+0000] {logging_mixin.py:188} INFO - [2026-06-16T01:38:01.230+0000] {dagbag.py:538} INFO - Filling up the DagBag from /home/airflow/.local/lib/python3.8/site-packages/airflow/example_dags/example_branch_labels.py
[2026-06-16T01:38:01.258+0000] {processor.py:840} INFO - DAG(s) 'example_branch_labels' retrieved from /home/airflow/.local/lib/python3.8/site-packages/airflow/example_dags/example_branch_labels.py
[2026-06-16T01:38:01.323+0000] {logging_mixin.py:188} INFO - [2026-06-16T01:38:01.323+0000] {dag.py:3036} INFO - Sync 1 DAGs
[2026-06-16T01:38:01.393+0000] {logging_mixin.py:188} INFO - [2026-06-16T01:38:01.392+0000] {dag.py:3823} INFO - Setting next_dagrun for example_branch_labels to 2026-06-15 00:00:00+00:00, run_after=2026-06-16 00:00:00+00:00
[2026-06-16T01:38:01.460+0000] {processor.py:183} INFO - Processing /home/airflow/.local/lib/python3.8/site-packages/airflow/example_dags/example_branch_labels.py took 0.247 seconds
[2026-06-16T01:38:32.016+0000] {processor.py:161} INFO - Started process (PID=3329) to work on /home/airflow/.local/lib/python3.8/site-packages/airflow/example_dags/example_branch_labels.py
[2026-06-16T01:38:32.019+0000] {processor.py:830} INFO - Processing file /home/airflow/.local/lib/python3.8/site-packages/airflow/example_dags/example_branch_labels.py for tasks to queue
[2026-06-16T01:38:32.036+0000] {logging_mixin.py:188} INFO - [2026-06-16T01:38:32.034+0000] {dagbag.py:538} INFO - Filling up the DagBag from /home/airflow/.local/lib/python3.8/site-packages/airflow/example_dags/example_branch_labels.py
[2026-06-16T01:38:32.087+0000] {processor.py:840} INFO - DAG(s) 'example_branch_labels' retrieved from /home/airflow/.local/lib/python3.8/site-packages/airflow/example_dags/example_branch_labels.py
[2026-06-16T01:38:32.194+0000] {logging_mixin.py:188} INFO - [2026-06-16T01:38:32.193+0000] {dag.py:3036} INFO - Sync 1 DAGs
[2026-06-16T01:38:32.277+0000] {logging_mixin.py:188} INFO - [2026-06-16T01:38:32.275+0000] {dag.py:3823} INFO - Setting next_dagrun for example_branch_labels to 2026-06-15 00:00:00+00:00, run_after=2026-06-16 00:00:00+00:00
[2026-06-16T01:38:32.367+0000] {processor.py:183} INFO - Processing /home/airflow/.local/lib/python3.8/site-packages/airflow/example_dags/example_branch_labels.py took 0.375 seconds
