[2026-06-16T01:08:07.820+0000] {processor.py:161} INFO - Started process (PID=89) to work on /home/airflow/.local/lib/python3.8/site-packages/airflow/example_dags/example_dag_decorator.py
[2026-06-16T01:08:07.822+0000] {processor.py:830} INFO - Processing file /home/airflow/.local/lib/python3.8/site-packages/airflow/example_dags/example_dag_decorator.py for tasks to queue
[2026-06-16T01:08:07.828+0000] {logging_mixin.py:188} INFO - [2026-06-16T01:08:07.827+0000] {dagbag.py:538} INFO - Filling up the DagBag from /home/airflow/.local/lib/python3.8/site-packages/airflow/example_dags/example_dag_decorator.py
[2026-06-16T01:08:09.151+0000] {processor.py:840} INFO - DAG(s) 'example_dag_decorator' retrieved from /home/airflow/.local/lib/python3.8/site-packages/airflow/example_dags/example_dag_decorator.py
[2026-06-16T01:08:09.821+0000] {logging_mixin.py:188} INFO - [2026-06-16T01:08:09.819+0000] {dag.py:3036} INFO - Sync 1 DAGs
[2026-06-16T01:08:09.882+0000] {logging_mixin.py:188} INFO - [2026-06-16T01:08:09.881+0000] {dag.py:3823} INFO - Setting next_dagrun for example_dag_decorator to None, run_after=None
[2026-06-16T01:08:09.984+0000] {processor.py:183} INFO - Processing /home/airflow/.local/lib/python3.8/site-packages/airflow/example_dags/example_dag_decorator.py took 2.178 seconds
[2026-06-16T01:08:54.415+0000] {processor.py:161} INFO - Started process (PID=145) to work on /home/airflow/.local/lib/python3.8/site-packages/airflow/example_dags/example_dag_decorator.py
[2026-06-16T01:08:54.429+0000] {processor.py:830} INFO - Processing file /home/airflow/.local/lib/python3.8/site-packages/airflow/example_dags/example_dag_decorator.py for tasks to queue
[2026-06-16T01:08:54.435+0000] {logging_mixin.py:188} INFO - [2026-06-16T01:08:54.435+0000] {dagbag.py:538} INFO - Filling up the DagBag from /home/airflow/.local/lib/python3.8/site-packages/airflow/example_dags/example_dag_decorator.py
[2026-06-16T01:08:56.140+0000] {processor.py:840} INFO - DAG(s) 'example_dag_decorator' retrieved from /home/airflow/.local/lib/python3.8/site-packages/airflow/example_dags/example_dag_decorator.py
[2026-06-16T01:08:56.938+0000] {logging_mixin.py:188} INFO - [2026-06-16T01:08:56.937+0000] {dag.py:3036} INFO - Sync 1 DAGs
[2026-06-16T01:08:57.013+0000] {logging_mixin.py:188} INFO - [2026-06-16T01:08:57.012+0000] {dag.py:3823} INFO - Setting next_dagrun for example_dag_decorator to None, run_after=None
[2026-06-16T01:08:57.094+0000] {processor.py:183} INFO - Processing /home/airflow/.local/lib/python3.8/site-packages/airflow/example_dags/example_dag_decorator.py took 2.698 seconds
[2026-06-16T01:09:27.404+0000] {processor.py:161} INFO - Started process (PID=199) to work on /home/airflow/.local/lib/python3.8/site-packages/airflow/example_dags/example_dag_decorator.py
[2026-06-16T01:09:27.412+0000] {processor.py:830} INFO - Processing file /home/airflow/.local/lib/python3.8/site-packages/airflow/example_dags/example_dag_decorator.py for tasks to queue
[2026-06-16T01:09:27.420+0000] {logging_mixin.py:188} INFO - [2026-06-16T01:09:27.419+0000] {dagbag.py:538} INFO - Filling up the DagBag from /home/airflow/.local/lib/python3.8/site-packages/airflow/example_dags/example_dag_decorator.py
[2026-06-16T01:09:28.183+0000] {processor.py:840} INFO - DAG(s) 'example_dag_decorator' retrieved from /home/airflow/.local/lib/python3.8/site-packages/airflow/example_dags/example_dag_decorator.py
[2026-06-16T01:09:28.867+0000] {logging_mixin.py:188} INFO - [2026-06-16T01:09:28.867+0000] {dag.py:3036} INFO - Sync 1 DAGs
[2026-06-16T01:09:29.113+0000] {logging_mixin.py:188} INFO - [2026-06-16T01:09:29.112+0000] {dag.py:3823} INFO - Setting next_dagrun for example_dag_decorator to None, run_after=None
[2026-06-16T01:09:29.312+0000] {processor.py:183} INFO - Processing /home/airflow/.local/lib/python3.8/site-packages/airflow/example_dags/example_dag_decorator.py took 1.920 seconds
[2026-06-16T01:09:59.438+0000] {processor.py:161} INFO - Started process (PID=256) to work on /home/airflow/.local/lib/python3.8/site-packages/airflow/example_dags/example_dag_decorator.py
[2026-06-16T01:09:59.440+0000] {processor.py:830} INFO - Processing file /home/airflow/.local/lib/python3.8/site-packages/airflow/example_dags/example_dag_decorator.py for tasks to queue
[2026-06-16T01:09:59.452+0000] {logging_mixin.py:188} INFO - [2026-06-16T01:09:59.451+0000] {dagbag.py:538} INFO - Filling up the DagBag from /home/airflow/.local/lib/python3.8/site-packages/airflow/example_dags/example_dag_decorator.py
[2026-06-16T01:10:00.087+0000] {processor.py:840} INFO - DAG(s) 'example_dag_decorator' retrieved from /home/airflow/.local/lib/python3.8/site-packages/airflow/example_dags/example_dag_decorator.py
[2026-06-16T01:10:00.639+0000] {logging_mixin.py:188} INFO - [2026-06-16T01:10:00.638+0000] {dag.py:3036} INFO - Sync 1 DAGs
[2026-06-16T01:10:00.676+0000] {logging_mixin.py:188} INFO - [2026-06-16T01:10:00.676+0000] {dag.py:3823} INFO - Setting next_dagrun for example_dag_decorator to None, run_after=None
[2026-06-16T01:10:00.727+0000] {processor.py:183} INFO - Processing /home/airflow/.local/lib/python3.8/site-packages/airflow/example_dags/example_dag_decorator.py took 1.307 seconds
[2026-06-16T01:10:31.231+0000] {processor.py:161} INFO - Started process (PID=313) to work on /home/airflow/.local/lib/python3.8/site-packages/airflow/example_dags/example_dag_decorator.py
[2026-06-16T01:10:31.234+0000] {processor.py:830} INFO - Processing file /home/airflow/.local/lib/python3.8/site-packages/airflow/example_dags/example_dag_decorator.py for tasks to queue
[2026-06-16T01:10:31.242+0000] {logging_mixin.py:188} INFO - [2026-06-16T01:10:31.241+0000] {dagbag.py:538} INFO - Filling up the DagBag from /home/airflow/.local/lib/python3.8/site-packages/airflow/example_dags/example_dag_decorator.py
[2026-06-16T01:10:32.265+0000] {processor.py:840} INFO - DAG(s) 'example_dag_decorator' retrieved from /home/airflow/.local/lib/python3.8/site-packages/airflow/example_dags/example_dag_decorator.py
[2026-06-16T01:10:33.066+0000] {logging_mixin.py:188} INFO - [2026-06-16T01:10:33.064+0000] {dag.py:3036} INFO - Sync 1 DAGs
[2026-06-16T01:10:33.167+0000] {logging_mixin.py:188} INFO - [2026-06-16T01:10:33.165+0000] {dag.py:3823} INFO - Setting next_dagrun for example_dag_decorator to None, run_after=None
[2026-06-16T01:10:33.382+0000] {processor.py:183} INFO - Processing /home/airflow/.local/lib/python3.8/site-packages/airflow/example_dags/example_dag_decorator.py took 2.165 seconds
[2026-06-16T01:11:04.025+0000] {processor.py:161} INFO - Started process (PID=372) to work on /home/airflow/.local/lib/python3.8/site-packages/airflow/example_dags/example_dag_decorator.py
[2026-06-16T01:11:04.028+0000] {processor.py:830} INFO - Processing file /home/airflow/.local/lib/python3.8/site-packages/airflow/example_dags/example_dag_decorator.py for tasks to queue
[2026-06-16T01:11:04.036+0000] {logging_mixin.py:188} INFO - [2026-06-16T01:11:04.035+0000] {dagbag.py:538} INFO - Filling up the DagBag from /home/airflow/.local/lib/python3.8/site-packages/airflow/example_dags/example_dag_decorator.py
[2026-06-16T01:11:04.716+0000] {processor.py:840} INFO - DAG(s) 'example_dag_decorator' retrieved from /home/airflow/.local/lib/python3.8/site-packages/airflow/example_dags/example_dag_decorator.py
[2026-06-16T01:11:05.538+0000] {logging_mixin.py:188} INFO - [2026-06-16T01:11:05.536+0000] {dag.py:3036} INFO - Sync 1 DAGs
[2026-06-16T01:11:05.587+0000] {logging_mixin.py:188} INFO - [2026-06-16T01:11:05.586+0000] {dag.py:3823} INFO - Setting next_dagrun for example_dag_decorator to None, run_after=None
[2026-06-16T01:11:05.666+0000] {processor.py:183} INFO - Processing /home/airflow/.local/lib/python3.8/site-packages/airflow/example_dags/example_dag_decorator.py took 1.655 seconds
[2026-06-16T01:11:36.749+0000] {processor.py:161} INFO - Started process (PID=435) to work on /home/airflow/.local/lib/python3.8/site-packages/airflow/example_dags/example_dag_decorator.py
[2026-06-16T01:11:36.752+0000] {processor.py:830} INFO - Processing file /home/airflow/.local/lib/python3.8/site-packages/airflow/example_dags/example_dag_decorator.py for tasks to queue
[2026-06-16T01:11:36.762+0000] {logging_mixin.py:188} INFO - [2026-06-16T01:11:36.760+0000] {dagbag.py:538} INFO - Filling up the DagBag from /home/airflow/.local/lib/python3.8/site-packages/airflow/example_dags/example_dag_decorator.py
[2026-06-16T01:11:37.818+0000] {processor.py:840} INFO - DAG(s) 'example_dag_decorator' retrieved from /home/airflow/.local/lib/python3.8/site-packages/airflow/example_dags/example_dag_decorator.py
[2026-06-16T01:11:38.854+0000] {logging_mixin.py:188} INFO - [2026-06-16T01:11:38.853+0000] {dag.py:3036} INFO - Sync 1 DAGs
[2026-06-16T01:11:38.919+0000] {logging_mixin.py:188} INFO - [2026-06-16T01:11:38.918+0000] {dag.py:3823} INFO - Setting next_dagrun for example_dag_decorator to None, run_after=None
[2026-06-16T01:11:39.165+0000] {processor.py:183} INFO - Processing /home/airflow/.local/lib/python3.8/site-packages/airflow/example_dags/example_dag_decorator.py took 2.432 seconds
[2026-06-16T01:12:10.446+0000] {processor.py:161} INFO - Started process (PID=492) to work on /home/airflow/.local/lib/python3.8/site-packages/airflow/example_dags/example_dag_decorator.py
[2026-06-16T01:12:10.453+0000] {processor.py:830} INFO - Processing file /home/airflow/.local/lib/python3.8/site-packages/airflow/example_dags/example_dag_decorator.py for tasks to queue
[2026-06-16T01:12:10.536+0000] {logging_mixin.py:188} INFO - [2026-06-16T01:12:10.521+0000] {dagbag.py:538} INFO - Filling up the DagBag from /home/airflow/.local/lib/python3.8/site-packages/airflow/example_dags/example_dag_decorator.py
[2026-06-16T01:12:11.296+0000] {processor.py:840} INFO - DAG(s) 'example_dag_decorator' retrieved from /home/airflow/.local/lib/python3.8/site-packages/airflow/example_dags/example_dag_decorator.py
[2026-06-16T01:12:11.986+0000] {logging_mixin.py:188} INFO - [2026-06-16T01:12:11.986+0000] {dag.py:3036} INFO - Sync 1 DAGs
[2026-06-16T01:12:12.046+0000] {logging_mixin.py:188} INFO - [2026-06-16T01:12:12.042+0000] {dag.py:3823} INFO - Setting next_dagrun for example_dag_decorator to None, run_after=None
[2026-06-16T01:12:12.167+0000] {processor.py:183} INFO - Processing /home/airflow/.local/lib/python3.8/site-packages/airflow/example_dags/example_dag_decorator.py took 1.763 seconds
[2026-06-16T01:12:42.598+0000] {processor.py:161} INFO - Started process (PID=550) to work on /home/airflow/.local/lib/python3.8/site-packages/airflow/example_dags/example_dag_decorator.py
[2026-06-16T01:12:42.625+0000] {processor.py:830} INFO - Processing file /home/airflow/.local/lib/python3.8/site-packages/airflow/example_dags/example_dag_decorator.py for tasks to queue
[2026-06-16T01:12:42.646+0000] {logging_mixin.py:188} INFO - [2026-06-16T01:12:42.645+0000] {dagbag.py:538} INFO - Filling up the DagBag from /home/airflow/.local/lib/python3.8/site-packages/airflow/example_dags/example_dag_decorator.py
[2026-06-16T01:12:43.727+0000] {processor.py:840} INFO - DAG(s) 'example_dag_decorator' retrieved from /home/airflow/.local/lib/python3.8/site-packages/airflow/example_dags/example_dag_decorator.py
[2026-06-16T01:12:44.505+0000] {logging_mixin.py:188} INFO - [2026-06-16T01:12:44.502+0000] {dag.py:3036} INFO - Sync 1 DAGs
[2026-06-16T01:12:44.579+0000] {logging_mixin.py:188} INFO - [2026-06-16T01:12:44.579+0000] {dag.py:3823} INFO - Setting next_dagrun for example_dag_decorator to None, run_after=None
[2026-06-16T01:12:44.719+0000] {processor.py:183} INFO - Processing /home/airflow/.local/lib/python3.8/site-packages/airflow/example_dags/example_dag_decorator.py took 2.215 seconds
[2026-06-16T01:13:14.836+0000] {processor.py:161} INFO - Started process (PID=607) to work on /home/airflow/.local/lib/python3.8/site-packages/airflow/example_dags/example_dag_decorator.py
[2026-06-16T01:13:14.840+0000] {processor.py:830} INFO - Processing file /home/airflow/.local/lib/python3.8/site-packages/airflow/example_dags/example_dag_decorator.py for tasks to queue
[2026-06-16T01:13:14.845+0000] {logging_mixin.py:188} INFO - [2026-06-16T01:13:14.845+0000] {dagbag.py:538} INFO - Filling up the DagBag from /home/airflow/.local/lib/python3.8/site-packages/airflow/example_dags/example_dag_decorator.py
[2026-06-16T01:13:15.600+0000] {processor.py:840} INFO - DAG(s) 'example_dag_decorator' retrieved from /home/airflow/.local/lib/python3.8/site-packages/airflow/example_dags/example_dag_decorator.py
[2026-06-16T01:13:16.836+0000] {logging_mixin.py:188} INFO - [2026-06-16T01:13:16.836+0000] {dag.py:3036} INFO - Sync 1 DAGs
[2026-06-16T01:13:16.915+0000] {logging_mixin.py:188} INFO - [2026-06-16T01:13:16.914+0000] {dag.py:3823} INFO - Setting next_dagrun for example_dag_decorator to None, run_after=None
[2026-06-16T01:13:17.013+0000] {processor.py:183} INFO - Processing /home/airflow/.local/lib/python3.8/site-packages/airflow/example_dags/example_dag_decorator.py took 2.185 seconds
[2026-06-16T01:13:47.302+0000] {processor.py:161} INFO - Started process (PID=664) to work on /home/airflow/.local/lib/python3.8/site-packages/airflow/example_dags/example_dag_decorator.py
[2026-06-16T01:13:47.310+0000] {processor.py:830} INFO - Processing file /home/airflow/.local/lib/python3.8/site-packages/airflow/example_dags/example_dag_decorator.py for tasks to queue
[2026-06-16T01:13:47.323+0000] {logging_mixin.py:188} INFO - [2026-06-16T01:13:47.321+0000] {dagbag.py:538} INFO - Filling up the DagBag from /home/airflow/.local/lib/python3.8/site-packages/airflow/example_dags/example_dag_decorator.py
[2026-06-16T01:13:47.915+0000] {processor.py:840} INFO - DAG(s) 'example_dag_decorator' retrieved from /home/airflow/.local/lib/python3.8/site-packages/airflow/example_dags/example_dag_decorator.py
[2026-06-16T01:13:48.408+0000] {logging_mixin.py:188} INFO - [2026-06-16T01:13:48.407+0000] {dag.py:3036} INFO - Sync 1 DAGs
[2026-06-16T01:13:48.464+0000] {logging_mixin.py:188} INFO - [2026-06-16T01:13:48.464+0000] {dag.py:3823} INFO - Setting next_dagrun for example_dag_decorator to None, run_after=None
[2026-06-16T01:13:48.541+0000] {processor.py:183} INFO - Processing /home/airflow/.local/lib/python3.8/site-packages/airflow/example_dags/example_dag_decorator.py took 1.250 seconds
[2026-06-16T01:14:19.137+0000] {processor.py:161} INFO - Started process (PID=721) to work on /home/airflow/.local/lib/python3.8/site-packages/airflow/example_dags/example_dag_decorator.py
[2026-06-16T01:14:19.140+0000] {processor.py:830} INFO - Processing file /home/airflow/.local/lib/python3.8/site-packages/airflow/example_dags/example_dag_decorator.py for tasks to queue
[2026-06-16T01:14:19.144+0000] {logging_mixin.py:188} INFO - [2026-06-16T01:14:19.144+0000] {dagbag.py:538} INFO - Filling up the DagBag from /home/airflow/.local/lib/python3.8/site-packages/airflow/example_dags/example_dag_decorator.py
[2026-06-16T01:14:19.937+0000] {processor.py:840} INFO - DAG(s) 'example_dag_decorator' retrieved from /home/airflow/.local/lib/python3.8/site-packages/airflow/example_dags/example_dag_decorator.py
[2026-06-16T01:14:20.686+0000] {logging_mixin.py:188} INFO - [2026-06-16T01:14:20.685+0000] {dag.py:3036} INFO - Sync 1 DAGs
[2026-06-16T01:14:20.723+0000] {logging_mixin.py:188} INFO - [2026-06-16T01:14:20.723+0000] {dag.py:3823} INFO - Setting next_dagrun for example_dag_decorator to None, run_after=None
[2026-06-16T01:14:21.027+0000] {processor.py:183} INFO - Processing /home/airflow/.local/lib/python3.8/site-packages/airflow/example_dags/example_dag_decorator.py took 1.899 seconds
[2026-06-16T01:14:51.286+0000] {processor.py:161} INFO - Started process (PID=777) to work on /home/airflow/.local/lib/python3.8/site-packages/airflow/example_dags/example_dag_decorator.py
[2026-06-16T01:14:51.294+0000] {processor.py:830} INFO - Processing file /home/airflow/.local/lib/python3.8/site-packages/airflow/example_dags/example_dag_decorator.py for tasks to queue
[2026-06-16T01:14:51.301+0000] {logging_mixin.py:188} INFO - [2026-06-16T01:14:51.300+0000] {dagbag.py:538} INFO - Filling up the DagBag from /home/airflow/.local/lib/python3.8/site-packages/airflow/example_dags/example_dag_decorator.py
[2026-06-16T01:14:51.773+0000] {processor.py:840} INFO - DAG(s) 'example_dag_decorator' retrieved from /home/airflow/.local/lib/python3.8/site-packages/airflow/example_dags/example_dag_decorator.py
[2026-06-16T01:14:52.367+0000] {logging_mixin.py:188} INFO - [2026-06-16T01:14:52.366+0000] {dag.py:3036} INFO - Sync 1 DAGs
[2026-06-16T01:14:52.542+0000] {logging_mixin.py:188} INFO - [2026-06-16T01:14:52.540+0000] {dag.py:3823} INFO - Setting next_dagrun for example_dag_decorator to None, run_after=None
[2026-06-16T01:14:52.695+0000] {processor.py:183} INFO - Processing /home/airflow/.local/lib/python3.8/site-packages/airflow/example_dags/example_dag_decorator.py took 1.420 seconds
[2026-06-16T01:15:22.938+0000] {processor.py:161} INFO - Started process (PID=834) to work on /home/airflow/.local/lib/python3.8/site-packages/airflow/example_dags/example_dag_decorator.py
[2026-06-16T01:15:22.943+0000] {processor.py:830} INFO - Processing file /home/airflow/.local/lib/python3.8/site-packages/airflow/example_dags/example_dag_decorator.py for tasks to queue
[2026-06-16T01:15:22.955+0000] {logging_mixin.py:188} INFO - [2026-06-16T01:15:22.954+0000] {dagbag.py:538} INFO - Filling up the DagBag from /home/airflow/.local/lib/python3.8/site-packages/airflow/example_dags/example_dag_decorator.py
[2026-06-16T01:15:23.406+0000] {processor.py:840} INFO - DAG(s) 'example_dag_decorator' retrieved from /home/airflow/.local/lib/python3.8/site-packages/airflow/example_dags/example_dag_decorator.py
[2026-06-16T01:15:24.184+0000] {logging_mixin.py:188} INFO - [2026-06-16T01:15:24.183+0000] {dag.py:3036} INFO - Sync 1 DAGs
[2026-06-16T01:15:24.280+0000] {logging_mixin.py:188} INFO - [2026-06-16T01:15:24.279+0000] {dag.py:3823} INFO - Setting next_dagrun for example_dag_decorator to None, run_after=None
[2026-06-16T01:15:24.407+0000] {processor.py:183} INFO - Processing /home/airflow/.local/lib/python3.8/site-packages/airflow/example_dags/example_dag_decorator.py took 1.484 seconds
[2026-06-16T01:15:56.394+0000] {processor.py:161} INFO - Started process (PID=891) to work on /home/airflow/.local/lib/python3.8/site-packages/airflow/example_dags/example_dag_decorator.py
[2026-06-16T01:15:56.423+0000] {processor.py:830} INFO - Processing file /home/airflow/.local/lib/python3.8/site-packages/airflow/example_dags/example_dag_decorator.py for tasks to queue
[2026-06-16T01:15:56.431+0000] {logging_mixin.py:188} INFO - [2026-06-16T01:15:56.430+0000] {dagbag.py:538} INFO - Filling up the DagBag from /home/airflow/.local/lib/python3.8/site-packages/airflow/example_dags/example_dag_decorator.py
[2026-06-16T01:15:59.030+0000] {processor.py:840} INFO - DAG(s) 'example_dag_decorator' retrieved from /home/airflow/.local/lib/python3.8/site-packages/airflow/example_dags/example_dag_decorator.py
[2026-06-16T01:16:02.049+0000] {logging_mixin.py:188} INFO - [2026-06-16T01:16:02.049+0000] {dag.py:3036} INFO - Sync 1 DAGs
[2026-06-16T01:16:02.129+0000] {logging_mixin.py:188} INFO - [2026-06-16T01:16:02.129+0000] {dag.py:3823} INFO - Setting next_dagrun for example_dag_decorator to None, run_after=None
[2026-06-16T01:16:02.407+0000] {processor.py:183} INFO - Processing /home/airflow/.local/lib/python3.8/site-packages/airflow/example_dags/example_dag_decorator.py took 6.159 seconds
[2026-06-16T01:16:32.821+0000] {processor.py:161} INFO - Started process (PID=947) to work on /home/airflow/.local/lib/python3.8/site-packages/airflow/example_dags/example_dag_decorator.py
[2026-06-16T01:16:32.912+0000] {processor.py:830} INFO - Processing file /home/airflow/.local/lib/python3.8/site-packages/airflow/example_dags/example_dag_decorator.py for tasks to queue
[2026-06-16T01:16:32.930+0000] {logging_mixin.py:188} INFO - [2026-06-16T01:16:32.930+0000] {dagbag.py:538} INFO - Filling up the DagBag from /home/airflow/.local/lib/python3.8/site-packages/airflow/example_dags/example_dag_decorator.py
[2026-06-16T01:16:35.214+0000] {processor.py:840} INFO - DAG(s) 'example_dag_decorator' retrieved from /home/airflow/.local/lib/python3.8/site-packages/airflow/example_dags/example_dag_decorator.py
[2026-06-16T01:16:37.013+0000] {logging_mixin.py:188} INFO - [2026-06-16T01:16:37.012+0000] {dag.py:3036} INFO - Sync 1 DAGs
[2026-06-16T01:16:37.287+0000] {logging_mixin.py:188} INFO - [2026-06-16T01:16:37.287+0000] {dag.py:3823} INFO - Setting next_dagrun for example_dag_decorator to None, run_after=None
[2026-06-16T01:16:37.536+0000] {processor.py:183} INFO - Processing /home/airflow/.local/lib/python3.8/site-packages/airflow/example_dags/example_dag_decorator.py took 4.748 seconds
[2026-06-16T01:17:08.039+0000] {processor.py:161} INFO - Started process (PID=1005) to work on /home/airflow/.local/lib/python3.8/site-packages/airflow/example_dags/example_dag_decorator.py
[2026-06-16T01:17:08.042+0000] {processor.py:830} INFO - Processing file /home/airflow/.local/lib/python3.8/site-packages/airflow/example_dags/example_dag_decorator.py for tasks to queue
[2026-06-16T01:17:08.049+0000] {logging_mixin.py:188} INFO - [2026-06-16T01:17:08.048+0000] {dagbag.py:538} INFO - Filling up the DagBag from /home/airflow/.local/lib/python3.8/site-packages/airflow/example_dags/example_dag_decorator.py
[2026-06-16T01:17:08.684+0000] {processor.py:840} INFO - DAG(s) 'example_dag_decorator' retrieved from /home/airflow/.local/lib/python3.8/site-packages/airflow/example_dags/example_dag_decorator.py
[2026-06-16T01:17:10.014+0000] {logging_mixin.py:188} INFO - [2026-06-16T01:17:10.013+0000] {dag.py:3036} INFO - Sync 1 DAGs
[2026-06-16T01:17:10.072+0000] {logging_mixin.py:188} INFO - [2026-06-16T01:17:10.071+0000] {dag.py:3823} INFO - Setting next_dagrun for example_dag_decorator to None, run_after=None
[2026-06-16T01:17:10.354+0000] {processor.py:183} INFO - Processing /home/airflow/.local/lib/python3.8/site-packages/airflow/example_dags/example_dag_decorator.py took 2.326 seconds
[2026-06-16T01:17:40.615+0000] {processor.py:161} INFO - Started process (PID=1062) to work on /home/airflow/.local/lib/python3.8/site-packages/airflow/example_dags/example_dag_decorator.py
[2026-06-16T01:17:40.653+0000] {processor.py:830} INFO - Processing file /home/airflow/.local/lib/python3.8/site-packages/airflow/example_dags/example_dag_decorator.py for tasks to queue
[2026-06-16T01:17:40.675+0000] {logging_mixin.py:188} INFO - [2026-06-16T01:17:40.674+0000] {dagbag.py:538} INFO - Filling up the DagBag from /home/airflow/.local/lib/python3.8/site-packages/airflow/example_dags/example_dag_decorator.py
[2026-06-16T01:17:41.667+0000] {processor.py:840} INFO - DAG(s) 'example_dag_decorator' retrieved from /home/airflow/.local/lib/python3.8/site-packages/airflow/example_dags/example_dag_decorator.py
[2026-06-16T01:17:42.286+0000] {logging_mixin.py:188} INFO - [2026-06-16T01:17:42.285+0000] {dag.py:3036} INFO - Sync 1 DAGs
[2026-06-16T01:17:42.337+0000] {logging_mixin.py:188} INFO - [2026-06-16T01:17:42.336+0000] {dag.py:3823} INFO - Setting next_dagrun for example_dag_decorator to None, run_after=None
[2026-06-16T01:17:42.443+0000] {processor.py:183} INFO - Processing /home/airflow/.local/lib/python3.8/site-packages/airflow/example_dags/example_dag_decorator.py took 1.868 seconds
[2026-06-16T01:18:12.608+0000] {processor.py:161} INFO - Started process (PID=1125) to work on /home/airflow/.local/lib/python3.8/site-packages/airflow/example_dags/example_dag_decorator.py
[2026-06-16T01:18:12.613+0000] {processor.py:830} INFO - Processing file /home/airflow/.local/lib/python3.8/site-packages/airflow/example_dags/example_dag_decorator.py for tasks to queue
[2026-06-16T01:18:12.623+0000] {logging_mixin.py:188} INFO - [2026-06-16T01:18:12.620+0000] {dagbag.py:538} INFO - Filling up the DagBag from /home/airflow/.local/lib/python3.8/site-packages/airflow/example_dags/example_dag_decorator.py
[2026-06-16T01:18:13.205+0000] {processor.py:840} INFO - DAG(s) 'example_dag_decorator' retrieved from /home/airflow/.local/lib/python3.8/site-packages/airflow/example_dags/example_dag_decorator.py
[2026-06-16T01:18:14.051+0000] {logging_mixin.py:188} INFO - [2026-06-16T01:18:14.050+0000] {dag.py:3036} INFO - Sync 1 DAGs
[2026-06-16T01:18:14.097+0000] {logging_mixin.py:188} INFO - [2026-06-16T01:18:14.096+0000] {dag.py:3823} INFO - Setting next_dagrun for example_dag_decorator to None, run_after=None
[2026-06-16T01:18:14.243+0000] {processor.py:183} INFO - Processing /home/airflow/.local/lib/python3.8/site-packages/airflow/example_dags/example_dag_decorator.py took 1.645 seconds
[2026-06-16T01:18:45.527+0000] {processor.py:161} INFO - Started process (PID=1184) to work on /home/airflow/.local/lib/python3.8/site-packages/airflow/example_dags/example_dag_decorator.py
[2026-06-16T01:18:45.538+0000] {processor.py:830} INFO - Processing file /home/airflow/.local/lib/python3.8/site-packages/airflow/example_dags/example_dag_decorator.py for tasks to queue
[2026-06-16T01:18:45.563+0000] {logging_mixin.py:188} INFO - [2026-06-16T01:18:45.562+0000] {dagbag.py:538} INFO - Filling up the DagBag from /home/airflow/.local/lib/python3.8/site-packages/airflow/example_dags/example_dag_decorator.py
[2026-06-16T01:18:46.479+0000] {processor.py:840} INFO - DAG(s) 'example_dag_decorator' retrieved from /home/airflow/.local/lib/python3.8/site-packages/airflow/example_dags/example_dag_decorator.py
[2026-06-16T01:18:47.254+0000] {logging_mixin.py:188} INFO - [2026-06-16T01:18:47.253+0000] {dag.py:3036} INFO - Sync 1 DAGs
[2026-06-16T01:18:47.315+0000] {logging_mixin.py:188} INFO - [2026-06-16T01:18:47.315+0000] {dag.py:3823} INFO - Setting next_dagrun for example_dag_decorator to None, run_after=None
[2026-06-16T01:18:47.405+0000] {processor.py:183} INFO - Processing /home/airflow/.local/lib/python3.8/site-packages/airflow/example_dags/example_dag_decorator.py took 1.893 seconds
[2026-06-16T01:19:18.000+0000] {processor.py:161} INFO - Started process (PID=1242) to work on /home/airflow/.local/lib/python3.8/site-packages/airflow/example_dags/example_dag_decorator.py
[2026-06-16T01:19:18.017+0000] {processor.py:830} INFO - Processing file /home/airflow/.local/lib/python3.8/site-packages/airflow/example_dags/example_dag_decorator.py for tasks to queue
[2026-06-16T01:19:18.026+0000] {logging_mixin.py:188} INFO - [2026-06-16T01:19:18.025+0000] {dagbag.py:538} INFO - Filling up the DagBag from /home/airflow/.local/lib/python3.8/site-packages/airflow/example_dags/example_dag_decorator.py
[2026-06-16T01:19:18.524+0000] {processor.py:840} INFO - DAG(s) 'example_dag_decorator' retrieved from /home/airflow/.local/lib/python3.8/site-packages/airflow/example_dags/example_dag_decorator.py
[2026-06-16T01:19:19.031+0000] {logging_mixin.py:188} INFO - [2026-06-16T01:19:19.031+0000] {dag.py:3036} INFO - Sync 1 DAGs
[2026-06-16T01:19:19.178+0000] {logging_mixin.py:188} INFO - [2026-06-16T01:19:19.178+0000] {dag.py:3823} INFO - Setting next_dagrun for example_dag_decorator to None, run_after=None
[2026-06-16T01:19:19.271+0000] {processor.py:183} INFO - Processing /home/airflow/.local/lib/python3.8/site-packages/airflow/example_dags/example_dag_decorator.py took 1.283 seconds
[2026-06-16T01:19:49.474+0000] {processor.py:161} INFO - Started process (PID=1300) to work on /home/airflow/.local/lib/python3.8/site-packages/airflow/example_dags/example_dag_decorator.py
[2026-06-16T01:19:49.524+0000] {processor.py:830} INFO - Processing file /home/airflow/.local/lib/python3.8/site-packages/airflow/example_dags/example_dag_decorator.py for tasks to queue
[2026-06-16T01:19:49.535+0000] {logging_mixin.py:188} INFO - [2026-06-16T01:19:49.534+0000] {dagbag.py:538} INFO - Filling up the DagBag from /home/airflow/.local/lib/python3.8/site-packages/airflow/example_dags/example_dag_decorator.py
[2026-06-16T01:19:50.064+0000] {processor.py:840} INFO - DAG(s) 'example_dag_decorator' retrieved from /home/airflow/.local/lib/python3.8/site-packages/airflow/example_dags/example_dag_decorator.py
[2026-06-16T01:19:50.544+0000] {logging_mixin.py:188} INFO - [2026-06-16T01:19:50.543+0000] {dag.py:3036} INFO - Sync 1 DAGs
[2026-06-16T01:19:50.675+0000] {logging_mixin.py:188} INFO - [2026-06-16T01:19:50.674+0000] {dag.py:3823} INFO - Setting next_dagrun for example_dag_decorator to None, run_after=None
[2026-06-16T01:19:50.774+0000] {processor.py:183} INFO - Processing /home/airflow/.local/lib/python3.8/site-packages/airflow/example_dags/example_dag_decorator.py took 1.344 seconds
[2026-06-16T01:20:21.057+0000] {processor.py:161} INFO - Started process (PID=1357) to work on /home/airflow/.local/lib/python3.8/site-packages/airflow/example_dags/example_dag_decorator.py
[2026-06-16T01:20:21.081+0000] {processor.py:830} INFO - Processing file /home/airflow/.local/lib/python3.8/site-packages/airflow/example_dags/example_dag_decorator.py for tasks to queue
[2026-06-16T01:20:21.090+0000] {logging_mixin.py:188} INFO - [2026-06-16T01:20:21.089+0000] {dagbag.py:538} INFO - Filling up the DagBag from /home/airflow/.local/lib/python3.8/site-packages/airflow/example_dags/example_dag_decorator.py
[2026-06-16T01:20:21.493+0000] {processor.py:840} INFO - DAG(s) 'example_dag_decorator' retrieved from /home/airflow/.local/lib/python3.8/site-packages/airflow/example_dags/example_dag_decorator.py
[2026-06-16T01:20:22.015+0000] {logging_mixin.py:188} INFO - [2026-06-16T01:20:22.013+0000] {dag.py:3036} INFO - Sync 1 DAGs
[2026-06-16T01:20:22.483+0000] {logging_mixin.py:188} INFO - [2026-06-16T01:20:22.482+0000] {dag.py:3823} INFO - Setting next_dagrun for example_dag_decorator to None, run_after=None
[2026-06-16T01:20:22.561+0000] {processor.py:183} INFO - Processing /home/airflow/.local/lib/python3.8/site-packages/airflow/example_dags/example_dag_decorator.py took 1.563 seconds
[2026-06-16T01:20:55.247+0000] {processor.py:161} INFO - Started process (PID=1415) to work on /home/airflow/.local/lib/python3.8/site-packages/airflow/example_dags/example_dag_decorator.py
[2026-06-16T01:20:55.271+0000] {processor.py:830} INFO - Processing file /home/airflow/.local/lib/python3.8/site-packages/airflow/example_dags/example_dag_decorator.py for tasks to queue
[2026-06-16T01:20:55.285+0000] {logging_mixin.py:188} INFO - [2026-06-16T01:20:55.284+0000] {dagbag.py:538} INFO - Filling up the DagBag from /home/airflow/.local/lib/python3.8/site-packages/airflow/example_dags/example_dag_decorator.py
[2026-06-16T01:20:56.086+0000] {processor.py:840} INFO - DAG(s) 'example_dag_decorator' retrieved from /home/airflow/.local/lib/python3.8/site-packages/airflow/example_dags/example_dag_decorator.py
[2026-06-16T01:20:56.678+0000] {logging_mixin.py:188} INFO - [2026-06-16T01:20:56.677+0000] {dag.py:3036} INFO - Sync 1 DAGs
[2026-06-16T01:20:56.743+0000] {logging_mixin.py:188} INFO - [2026-06-16T01:20:56.743+0000] {dag.py:3823} INFO - Setting next_dagrun for example_dag_decorator to None, run_after=None
[2026-06-16T01:20:57.377+0000] {processor.py:183} INFO - Processing /home/airflow/.local/lib/python3.8/site-packages/airflow/example_dags/example_dag_decorator.py took 2.157 seconds
[2026-06-16T01:21:27.602+0000] {processor.py:161} INFO - Started process (PID=1471) to work on /home/airflow/.local/lib/python3.8/site-packages/airflow/example_dags/example_dag_decorator.py
[2026-06-16T01:21:27.607+0000] {processor.py:830} INFO - Processing file /home/airflow/.local/lib/python3.8/site-packages/airflow/example_dags/example_dag_decorator.py for tasks to queue
[2026-06-16T01:21:27.615+0000] {logging_mixin.py:188} INFO - [2026-06-16T01:21:27.615+0000] {dagbag.py:538} INFO - Filling up the DagBag from /home/airflow/.local/lib/python3.8/site-packages/airflow/example_dags/example_dag_decorator.py
[2026-06-16T01:21:28.305+0000] {processor.py:840} INFO - DAG(s) 'example_dag_decorator' retrieved from /home/airflow/.local/lib/python3.8/site-packages/airflow/example_dags/example_dag_decorator.py
[2026-06-16T01:21:29.398+0000] {logging_mixin.py:188} INFO - [2026-06-16T01:21:29.398+0000] {dag.py:3036} INFO - Sync 1 DAGs
[2026-06-16T01:21:29.469+0000] {logging_mixin.py:188} INFO - [2026-06-16T01:21:29.468+0000] {dag.py:3823} INFO - Setting next_dagrun for example_dag_decorator to None, run_after=None
[2026-06-16T01:21:29.555+0000] {processor.py:183} INFO - Processing /home/airflow/.local/lib/python3.8/site-packages/airflow/example_dags/example_dag_decorator.py took 1.966 seconds
[2026-06-16T01:22:00.433+0000] {processor.py:161} INFO - Started process (PID=1526) to work on /home/airflow/.local/lib/python3.8/site-packages/airflow/example_dags/example_dag_decorator.py
[2026-06-16T01:22:00.437+0000] {processor.py:830} INFO - Processing file /home/airflow/.local/lib/python3.8/site-packages/airflow/example_dags/example_dag_decorator.py for tasks to queue
[2026-06-16T01:22:00.442+0000] {logging_mixin.py:188} INFO - [2026-06-16T01:22:00.442+0000] {dagbag.py:538} INFO - Filling up the DagBag from /home/airflow/.local/lib/python3.8/site-packages/airflow/example_dags/example_dag_decorator.py
[2026-06-16T01:22:01.000+0000] {processor.py:840} INFO - DAG(s) 'example_dag_decorator' retrieved from /home/airflow/.local/lib/python3.8/site-packages/airflow/example_dags/example_dag_decorator.py
[2026-06-16T01:22:01.640+0000] {logging_mixin.py:188} INFO - [2026-06-16T01:22:01.639+0000] {dag.py:3036} INFO - Sync 1 DAGs
[2026-06-16T01:22:01.697+0000] {logging_mixin.py:188} INFO - [2026-06-16T01:22:01.696+0000] {dag.py:3823} INFO - Setting next_dagrun for example_dag_decorator to None, run_after=None
[2026-06-16T01:22:01.980+0000] {processor.py:183} INFO - Processing /home/airflow/.local/lib/python3.8/site-packages/airflow/example_dags/example_dag_decorator.py took 1.558 seconds
[2026-06-16T01:22:32.411+0000] {processor.py:161} INFO - Started process (PID=1584) to work on /home/airflow/.local/lib/python3.8/site-packages/airflow/example_dags/example_dag_decorator.py
[2026-06-16T01:22:32.415+0000] {processor.py:830} INFO - Processing file /home/airflow/.local/lib/python3.8/site-packages/airflow/example_dags/example_dag_decorator.py for tasks to queue
[2026-06-16T01:22:32.422+0000] {logging_mixin.py:188} INFO - [2026-06-16T01:22:32.421+0000] {dagbag.py:538} INFO - Filling up the DagBag from /home/airflow/.local/lib/python3.8/site-packages/airflow/example_dags/example_dag_decorator.py
[2026-06-16T01:22:32.872+0000] {processor.py:840} INFO - DAG(s) 'example_dag_decorator' retrieved from /home/airflow/.local/lib/python3.8/site-packages/airflow/example_dags/example_dag_decorator.py
[2026-06-16T01:22:33.775+0000] {logging_mixin.py:188} INFO - [2026-06-16T01:22:33.774+0000] {dag.py:3036} INFO - Sync 1 DAGs
[2026-06-16T01:22:33.816+0000] {logging_mixin.py:188} INFO - [2026-06-16T01:22:33.815+0000] {dag.py:3823} INFO - Setting next_dagrun for example_dag_decorator to None, run_after=None
[2026-06-16T01:22:33.885+0000] {processor.py:183} INFO - Processing /home/airflow/.local/lib/python3.8/site-packages/airflow/example_dags/example_dag_decorator.py took 1.488 seconds
[2026-06-16T01:23:05.557+0000] {processor.py:161} INFO - Started process (PID=1642) to work on /home/airflow/.local/lib/python3.8/site-packages/airflow/example_dags/example_dag_decorator.py
[2026-06-16T01:23:05.566+0000] {processor.py:830} INFO - Processing file /home/airflow/.local/lib/python3.8/site-packages/airflow/example_dags/example_dag_decorator.py for tasks to queue
[2026-06-16T01:23:05.619+0000] {logging_mixin.py:188} INFO - [2026-06-16T01:23:05.617+0000] {dagbag.py:538} INFO - Filling up the DagBag from /home/airflow/.local/lib/python3.8/site-packages/airflow/example_dags/example_dag_decorator.py
[2026-06-16T01:23:06.506+0000] {processor.py:840} INFO - DAG(s) 'example_dag_decorator' retrieved from /home/airflow/.local/lib/python3.8/site-packages/airflow/example_dags/example_dag_decorator.py
[2026-06-16T01:23:08.654+0000] {logging_mixin.py:188} INFO - [2026-06-16T01:23:08.653+0000] {dag.py:3036} INFO - Sync 1 DAGs
[2026-06-16T01:23:08.705+0000] {logging_mixin.py:188} INFO - [2026-06-16T01:23:08.704+0000] {dag.py:3823} INFO - Setting next_dagrun for example_dag_decorator to None, run_after=None
[2026-06-16T01:23:08.887+0000] {processor.py:183} INFO - Processing /home/airflow/.local/lib/python3.8/site-packages/airflow/example_dags/example_dag_decorator.py took 3.351 seconds
[2026-06-16T01:23:39.227+0000] {processor.py:161} INFO - Started process (PID=1700) to work on /home/airflow/.local/lib/python3.8/site-packages/airflow/example_dags/example_dag_decorator.py
[2026-06-16T01:23:39.235+0000] {processor.py:830} INFO - Processing file /home/airflow/.local/lib/python3.8/site-packages/airflow/example_dags/example_dag_decorator.py for tasks to queue
[2026-06-16T01:23:39.249+0000] {logging_mixin.py:188} INFO - [2026-06-16T01:23:39.248+0000] {dagbag.py:538} INFO - Filling up the DagBag from /home/airflow/.local/lib/python3.8/site-packages/airflow/example_dags/example_dag_decorator.py
[2026-06-16T01:23:40.261+0000] {processor.py:840} INFO - DAG(s) 'example_dag_decorator' retrieved from /home/airflow/.local/lib/python3.8/site-packages/airflow/example_dags/example_dag_decorator.py
[2026-06-16T01:23:41.996+0000] {logging_mixin.py:188} INFO - [2026-06-16T01:23:41.995+0000] {dag.py:3036} INFO - Sync 1 DAGs
[2026-06-16T01:23:42.080+0000] {logging_mixin.py:188} INFO - [2026-06-16T01:23:42.079+0000] {dag.py:3823} INFO - Setting next_dagrun for example_dag_decorator to None, run_after=None
[2026-06-16T01:23:42.175+0000] {processor.py:183} INFO - Processing /home/airflow/.local/lib/python3.8/site-packages/airflow/example_dags/example_dag_decorator.py took 2.951 seconds
[2026-06-16T01:24:12.978+0000] {processor.py:161} INFO - Started process (PID=1758) to work on /home/airflow/.local/lib/python3.8/site-packages/airflow/example_dags/example_dag_decorator.py
[2026-06-16T01:24:12.980+0000] {processor.py:830} INFO - Processing file /home/airflow/.local/lib/python3.8/site-packages/airflow/example_dags/example_dag_decorator.py for tasks to queue
[2026-06-16T01:24:12.984+0000] {logging_mixin.py:188} INFO - [2026-06-16T01:24:12.984+0000] {dagbag.py:538} INFO - Filling up the DagBag from /home/airflow/.local/lib/python3.8/site-packages/airflow/example_dags/example_dag_decorator.py
[2026-06-16T01:24:13.198+0000] {processor.py:840} INFO - DAG(s) 'example_dag_decorator' retrieved from /home/airflow/.local/lib/python3.8/site-packages/airflow/example_dags/example_dag_decorator.py
[2026-06-16T01:24:13.260+0000] {logging_mixin.py:188} INFO - [2026-06-16T01:24:13.259+0000] {dag.py:3036} INFO - Sync 1 DAGs
[2026-06-16T01:24:13.289+0000] {logging_mixin.py:188} INFO - [2026-06-16T01:24:13.288+0000] {dag.py:3823} INFO - Setting next_dagrun for example_dag_decorator to None, run_after=None
[2026-06-16T01:24:13.338+0000] {processor.py:183} INFO - Processing /home/airflow/.local/lib/python3.8/site-packages/airflow/example_dags/example_dag_decorator.py took 0.367 seconds
[2026-06-16T01:24:43.728+0000] {processor.py:161} INFO - Started process (PID=1814) to work on /home/airflow/.local/lib/python3.8/site-packages/airflow/example_dags/example_dag_decorator.py
[2026-06-16T01:24:43.729+0000] {processor.py:830} INFO - Processing file /home/airflow/.local/lib/python3.8/site-packages/airflow/example_dags/example_dag_decorator.py for tasks to queue
[2026-06-16T01:24:43.734+0000] {logging_mixin.py:188} INFO - [2026-06-16T01:24:43.733+0000] {dagbag.py:538} INFO - Filling up the DagBag from /home/airflow/.local/lib/python3.8/site-packages/airflow/example_dags/example_dag_decorator.py
[2026-06-16T01:24:44.016+0000] {processor.py:840} INFO - DAG(s) 'example_dag_decorator' retrieved from /home/airflow/.local/lib/python3.8/site-packages/airflow/example_dags/example_dag_decorator.py
[2026-06-16T01:24:44.083+0000] {logging_mixin.py:188} INFO - [2026-06-16T01:24:44.083+0000] {dag.py:3036} INFO - Sync 1 DAGs
[2026-06-16T01:24:44.119+0000] {logging_mixin.py:188} INFO - [2026-06-16T01:24:44.119+0000] {dag.py:3823} INFO - Setting next_dagrun for example_dag_decorator to None, run_after=None
[2026-06-16T01:24:44.166+0000] {processor.py:183} INFO - Processing /home/airflow/.local/lib/python3.8/site-packages/airflow/example_dags/example_dag_decorator.py took 0.448 seconds
[2026-06-16T01:25:14.288+0000] {processor.py:161} INFO - Started process (PID=1870) to work on /home/airflow/.local/lib/python3.8/site-packages/airflow/example_dags/example_dag_decorator.py
[2026-06-16T01:25:14.290+0000] {processor.py:830} INFO - Processing file /home/airflow/.local/lib/python3.8/site-packages/airflow/example_dags/example_dag_decorator.py for tasks to queue
[2026-06-16T01:25:14.293+0000] {logging_mixin.py:188} INFO - [2026-06-16T01:25:14.293+0000] {dagbag.py:538} INFO - Filling up the DagBag from /home/airflow/.local/lib/python3.8/site-packages/airflow/example_dags/example_dag_decorator.py
[2026-06-16T01:25:14.501+0000] {processor.py:840} INFO - DAG(s) 'example_dag_decorator' retrieved from /home/airflow/.local/lib/python3.8/site-packages/airflow/example_dags/example_dag_decorator.py
[2026-06-16T01:25:14.558+0000] {logging_mixin.py:188} INFO - [2026-06-16T01:25:14.558+0000] {dag.py:3036} INFO - Sync 1 DAGs
[2026-06-16T01:25:14.595+0000] {logging_mixin.py:188} INFO - [2026-06-16T01:25:14.595+0000] {dag.py:3823} INFO - Setting next_dagrun for example_dag_decorator to None, run_after=None
[2026-06-16T01:25:14.861+0000] {processor.py:183} INFO - Processing /home/airflow/.local/lib/python3.8/site-packages/airflow/example_dags/example_dag_decorator.py took 0.582 seconds
[2026-06-16T01:25:44.925+0000] {processor.py:161} INFO - Started process (PID=1928) to work on /home/airflow/.local/lib/python3.8/site-packages/airflow/example_dags/example_dag_decorator.py
[2026-06-16T01:25:44.927+0000] {processor.py:830} INFO - Processing file /home/airflow/.local/lib/python3.8/site-packages/airflow/example_dags/example_dag_decorator.py for tasks to queue
[2026-06-16T01:25:44.931+0000] {logging_mixin.py:188} INFO - [2026-06-16T01:25:44.930+0000] {dagbag.py:538} INFO - Filling up the DagBag from /home/airflow/.local/lib/python3.8/site-packages/airflow/example_dags/example_dag_decorator.py
[2026-06-16T01:25:45.149+0000] {processor.py:840} INFO - DAG(s) 'example_dag_decorator' retrieved from /home/airflow/.local/lib/python3.8/site-packages/airflow/example_dags/example_dag_decorator.py
[2026-06-16T01:25:45.598+0000] {logging_mixin.py:188} INFO - [2026-06-16T01:25:45.597+0000] {dag.py:3036} INFO - Sync 1 DAGs
[2026-06-16T01:25:45.634+0000] {logging_mixin.py:188} INFO - [2026-06-16T01:25:45.633+0000] {dag.py:3823} INFO - Setting next_dagrun for example_dag_decorator to None, run_after=None
[2026-06-16T01:25:45.675+0000] {processor.py:183} INFO - Processing /home/airflow/.local/lib/python3.8/site-packages/airflow/example_dags/example_dag_decorator.py took 0.757 seconds
[2026-06-16T01:26:16.430+0000] {processor.py:161} INFO - Started process (PID=1985) to work on /home/airflow/.local/lib/python3.8/site-packages/airflow/example_dags/example_dag_decorator.py
[2026-06-16T01:26:16.432+0000] {processor.py:830} INFO - Processing file /home/airflow/.local/lib/python3.8/site-packages/airflow/example_dags/example_dag_decorator.py for tasks to queue
[2026-06-16T01:26:16.436+0000] {logging_mixin.py:188} INFO - [2026-06-16T01:26:16.436+0000] {dagbag.py:538} INFO - Filling up the DagBag from /home/airflow/.local/lib/python3.8/site-packages/airflow/example_dags/example_dag_decorator.py
[2026-06-16T01:26:16.678+0000] {processor.py:840} INFO - DAG(s) 'example_dag_decorator' retrieved from /home/airflow/.local/lib/python3.8/site-packages/airflow/example_dags/example_dag_decorator.py
[2026-06-16T01:26:17.174+0000] {logging_mixin.py:188} INFO - [2026-06-16T01:26:17.173+0000] {dag.py:3036} INFO - Sync 1 DAGs
[2026-06-16T01:26:17.200+0000] {logging_mixin.py:188} INFO - [2026-06-16T01:26:17.200+0000] {dag.py:3823} INFO - Setting next_dagrun for example_dag_decorator to None, run_after=None
[2026-06-16T01:26:17.248+0000] {processor.py:183} INFO - Processing /home/airflow/.local/lib/python3.8/site-packages/airflow/example_dags/example_dag_decorator.py took 0.825 seconds
[2026-06-16T01:26:47.948+0000] {processor.py:161} INFO - Started process (PID=2041) to work on /home/airflow/.local/lib/python3.8/site-packages/airflow/example_dags/example_dag_decorator.py
[2026-06-16T01:26:47.952+0000] {processor.py:830} INFO - Processing file /home/airflow/.local/lib/python3.8/site-packages/airflow/example_dags/example_dag_decorator.py for tasks to queue
[2026-06-16T01:26:47.979+0000] {logging_mixin.py:188} INFO - [2026-06-16T01:26:47.961+0000] {dagbag.py:538} INFO - Filling up the DagBag from /home/airflow/.local/lib/python3.8/site-packages/airflow/example_dags/example_dag_decorator.py
[2026-06-16T01:26:48.559+0000] {processor.py:840} INFO - DAG(s) 'example_dag_decorator' retrieved from /home/airflow/.local/lib/python3.8/site-packages/airflow/example_dags/example_dag_decorator.py
[2026-06-16T01:26:49.154+0000] {logging_mixin.py:188} INFO - [2026-06-16T01:26:49.154+0000] {dag.py:3036} INFO - Sync 1 DAGs
[2026-06-16T01:26:49.191+0000] {logging_mixin.py:188} INFO - [2026-06-16T01:26:49.190+0000] {dag.py:3823} INFO - Setting next_dagrun for example_dag_decorator to None, run_after=None
[2026-06-16T01:26:49.302+0000] {processor.py:183} INFO - Processing /home/airflow/.local/lib/python3.8/site-packages/airflow/example_dags/example_dag_decorator.py took 1.366 seconds
[2026-06-16T01:27:19.850+0000] {processor.py:161} INFO - Started process (PID=2099) to work on /home/airflow/.local/lib/python3.8/site-packages/airflow/example_dags/example_dag_decorator.py
[2026-06-16T01:27:19.853+0000] {processor.py:830} INFO - Processing file /home/airflow/.local/lib/python3.8/site-packages/airflow/example_dags/example_dag_decorator.py for tasks to queue
[2026-06-16T01:27:19.857+0000] {logging_mixin.py:188} INFO - [2026-06-16T01:27:19.856+0000] {dagbag.py:538} INFO - Filling up the DagBag from /home/airflow/.local/lib/python3.8/site-packages/airflow/example_dags/example_dag_decorator.py
[2026-06-16T01:27:20.167+0000] {processor.py:840} INFO - DAG(s) 'example_dag_decorator' retrieved from /home/airflow/.local/lib/python3.8/site-packages/airflow/example_dags/example_dag_decorator.py
[2026-06-16T01:27:20.821+0000] {logging_mixin.py:188} INFO - [2026-06-16T01:27:20.820+0000] {dag.py:3036} INFO - Sync 1 DAGs
[2026-06-16T01:27:20.907+0000] {logging_mixin.py:188} INFO - [2026-06-16T01:27:20.886+0000] {dag.py:3823} INFO - Setting next_dagrun for example_dag_decorator to None, run_after=None
[2026-06-16T01:27:21.498+0000] {processor.py:183} INFO - Processing /home/airflow/.local/lib/python3.8/site-packages/airflow/example_dags/example_dag_decorator.py took 1.657 seconds
[2026-06-16T01:27:51.676+0000] {processor.py:161} INFO - Started process (PID=2161) to work on /home/airflow/.local/lib/python3.8/site-packages/airflow/example_dags/example_dag_decorator.py
[2026-06-16T01:27:51.678+0000] {processor.py:830} INFO - Processing file /home/airflow/.local/lib/python3.8/site-packages/airflow/example_dags/example_dag_decorator.py for tasks to queue
[2026-06-16T01:27:51.682+0000] {logging_mixin.py:188} INFO - [2026-06-16T01:27:51.682+0000] {dagbag.py:538} INFO - Filling up the DagBag from /home/airflow/.local/lib/python3.8/site-packages/airflow/example_dags/example_dag_decorator.py
[2026-06-16T01:27:51.979+0000] {processor.py:840} INFO - DAG(s) 'example_dag_decorator' retrieved from /home/airflow/.local/lib/python3.8/site-packages/airflow/example_dags/example_dag_decorator.py
[2026-06-16T01:27:52.586+0000] {logging_mixin.py:188} INFO - [2026-06-16T01:27:52.586+0000] {dag.py:3036} INFO - Sync 1 DAGs
[2026-06-16T01:27:52.606+0000] {logging_mixin.py:188} INFO - [2026-06-16T01:27:52.606+0000] {dag.py:3823} INFO - Setting next_dagrun for example_dag_decorator to None, run_after=None
[2026-06-16T01:27:52.661+0000] {processor.py:183} INFO - Processing /home/airflow/.local/lib/python3.8/site-packages/airflow/example_dags/example_dag_decorator.py took 0.992 seconds
[2026-06-16T01:28:23.084+0000] {processor.py:161} INFO - Started process (PID=2217) to work on /home/airflow/.local/lib/python3.8/site-packages/airflow/example_dags/example_dag_decorator.py
[2026-06-16T01:28:23.086+0000] {processor.py:830} INFO - Processing file /home/airflow/.local/lib/python3.8/site-packages/airflow/example_dags/example_dag_decorator.py for tasks to queue
[2026-06-16T01:28:23.090+0000] {logging_mixin.py:188} INFO - [2026-06-16T01:28:23.089+0000] {dagbag.py:538} INFO - Filling up the DagBag from /home/airflow/.local/lib/python3.8/site-packages/airflow/example_dags/example_dag_decorator.py
[2026-06-16T01:28:23.281+0000] {processor.py:840} INFO - DAG(s) 'example_dag_decorator' retrieved from /home/airflow/.local/lib/python3.8/site-packages/airflow/example_dags/example_dag_decorator.py
[2026-06-16T01:28:23.997+0000] {logging_mixin.py:188} INFO - [2026-06-16T01:28:23.997+0000] {dag.py:3036} INFO - Sync 1 DAGs
[2026-06-16T01:28:24.032+0000] {logging_mixin.py:188} INFO - [2026-06-16T01:28:24.031+0000] {dag.py:3823} INFO - Setting next_dagrun for example_dag_decorator to None, run_after=None
[2026-06-16T01:28:24.092+0000] {processor.py:183} INFO - Processing /home/airflow/.local/lib/python3.8/site-packages/airflow/example_dags/example_dag_decorator.py took 1.014 seconds
[2026-06-16T01:28:54.432+0000] {processor.py:161} INFO - Started process (PID=2276) to work on /home/airflow/.local/lib/python3.8/site-packages/airflow/example_dags/example_dag_decorator.py
[2026-06-16T01:28:54.442+0000] {processor.py:830} INFO - Processing file /home/airflow/.local/lib/python3.8/site-packages/airflow/example_dags/example_dag_decorator.py for tasks to queue
[2026-06-16T01:28:54.457+0000] {logging_mixin.py:188} INFO - [2026-06-16T01:28:54.455+0000] {dagbag.py:538} INFO - Filling up the DagBag from /home/airflow/.local/lib/python3.8/site-packages/airflow/example_dags/example_dag_decorator.py
[2026-06-16T01:28:55.021+0000] {processor.py:840} INFO - DAG(s) 'example_dag_decorator' retrieved from /home/airflow/.local/lib/python3.8/site-packages/airflow/example_dags/example_dag_decorator.py
[2026-06-16T01:28:55.280+0000] {logging_mixin.py:188} INFO - [2026-06-16T01:28:55.279+0000] {dag.py:3036} INFO - Sync 1 DAGs
[2026-06-16T01:28:55.304+0000] {logging_mixin.py:188} INFO - [2026-06-16T01:28:55.303+0000] {dag.py:3823} INFO - Setting next_dagrun for example_dag_decorator to None, run_after=None
[2026-06-16T01:28:55.353+0000] {processor.py:183} INFO - Processing /home/airflow/.local/lib/python3.8/site-packages/airflow/example_dags/example_dag_decorator.py took 0.942 seconds
[2026-06-16T01:29:25.411+0000] {processor.py:161} INFO - Started process (PID=2332) to work on /home/airflow/.local/lib/python3.8/site-packages/airflow/example_dags/example_dag_decorator.py
[2026-06-16T01:29:25.412+0000] {processor.py:830} INFO - Processing file /home/airflow/.local/lib/python3.8/site-packages/airflow/example_dags/example_dag_decorator.py for tasks to queue
[2026-06-16T01:29:25.416+0000] {logging_mixin.py:188} INFO - [2026-06-16T01:29:25.416+0000] {dagbag.py:538} INFO - Filling up the DagBag from /home/airflow/.local/lib/python3.8/site-packages/airflow/example_dags/example_dag_decorator.py
[2026-06-16T01:29:25.586+0000] {processor.py:840} INFO - DAG(s) 'example_dag_decorator' retrieved from /home/airflow/.local/lib/python3.8/site-packages/airflow/example_dags/example_dag_decorator.py
[2026-06-16T01:29:26.027+0000] {logging_mixin.py:188} INFO - [2026-06-16T01:29:26.026+0000] {dag.py:3036} INFO - Sync 1 DAGs
[2026-06-16T01:29:26.051+0000] {logging_mixin.py:188} INFO - [2026-06-16T01:29:26.051+0000] {dag.py:3823} INFO - Setting next_dagrun for example_dag_decorator to None, run_after=None
[2026-06-16T01:29:26.099+0000] {processor.py:183} INFO - Processing /home/airflow/.local/lib/python3.8/site-packages/airflow/example_dags/example_dag_decorator.py took 0.694 seconds
[2026-06-16T01:29:56.544+0000] {processor.py:161} INFO - Started process (PID=2388) to work on /home/airflow/.local/lib/python3.8/site-packages/airflow/example_dags/example_dag_decorator.py
[2026-06-16T01:29:56.546+0000] {processor.py:830} INFO - Processing file /home/airflow/.local/lib/python3.8/site-packages/airflow/example_dags/example_dag_decorator.py for tasks to queue
[2026-06-16T01:29:56.550+0000] {logging_mixin.py:188} INFO - [2026-06-16T01:29:56.550+0000] {dagbag.py:538} INFO - Filling up the DagBag from /home/airflow/.local/lib/python3.8/site-packages/airflow/example_dags/example_dag_decorator.py
[2026-06-16T01:29:56.742+0000] {processor.py:840} INFO - DAG(s) 'example_dag_decorator' retrieved from /home/airflow/.local/lib/python3.8/site-packages/airflow/example_dags/example_dag_decorator.py
[2026-06-16T01:29:56.812+0000] {logging_mixin.py:188} INFO - [2026-06-16T01:29:56.811+0000] {dag.py:3036} INFO - Sync 1 DAGs
[2026-06-16T01:29:57.065+0000] {logging_mixin.py:188} INFO - [2026-06-16T01:29:57.064+0000] {dag.py:3823} INFO - Setting next_dagrun for example_dag_decorator to None, run_after=None
[2026-06-16T01:29:57.110+0000] {processor.py:183} INFO - Processing /home/airflow/.local/lib/python3.8/site-packages/airflow/example_dags/example_dag_decorator.py took 0.571 seconds
[2026-06-16T01:30:27.332+0000] {processor.py:161} INFO - Started process (PID=2445) to work on /home/airflow/.local/lib/python3.8/site-packages/airflow/example_dags/example_dag_decorator.py
[2026-06-16T01:30:27.334+0000] {processor.py:830} INFO - Processing file /home/airflow/.local/lib/python3.8/site-packages/airflow/example_dags/example_dag_decorator.py for tasks to queue
[2026-06-16T01:30:27.339+0000] {logging_mixin.py:188} INFO - [2026-06-16T01:30:27.338+0000] {dagbag.py:538} INFO - Filling up the DagBag from /home/airflow/.local/lib/python3.8/site-packages/airflow/example_dags/example_dag_decorator.py
[2026-06-16T01:30:27.528+0000] {processor.py:840} INFO - DAG(s) 'example_dag_decorator' retrieved from /home/airflow/.local/lib/python3.8/site-packages/airflow/example_dags/example_dag_decorator.py
[2026-06-16T01:30:27.981+0000] {logging_mixin.py:188} INFO - [2026-06-16T01:30:27.981+0000] {dag.py:3036} INFO - Sync 1 DAGs
[2026-06-16T01:30:28.018+0000] {logging_mixin.py:188} INFO - [2026-06-16T01:30:28.017+0000] {dag.py:3823} INFO - Setting next_dagrun for example_dag_decorator to None, run_after=None
[2026-06-16T01:30:28.065+0000] {processor.py:183} INFO - Processing /home/airflow/.local/lib/python3.8/site-packages/airflow/example_dags/example_dag_decorator.py took 0.740 seconds
[2026-06-16T01:30:58.237+0000] {processor.py:161} INFO - Started process (PID=2501) to work on /home/airflow/.local/lib/python3.8/site-packages/airflow/example_dags/example_dag_decorator.py
[2026-06-16T01:30:58.240+0000] {processor.py:830} INFO - Processing file /home/airflow/.local/lib/python3.8/site-packages/airflow/example_dags/example_dag_decorator.py for tasks to queue
[2026-06-16T01:30:58.247+0000] {logging_mixin.py:188} INFO - [2026-06-16T01:30:58.246+0000] {dagbag.py:538} INFO - Filling up the DagBag from /home/airflow/.local/lib/python3.8/site-packages/airflow/example_dags/example_dag_decorator.py
[2026-06-16T01:30:58.460+0000] {processor.py:840} INFO - DAG(s) 'example_dag_decorator' retrieved from /home/airflow/.local/lib/python3.8/site-packages/airflow/example_dags/example_dag_decorator.py
[2026-06-16T01:30:59.210+0000] {logging_mixin.py:188} INFO - [2026-06-16T01:30:59.209+0000] {dag.py:3036} INFO - Sync 1 DAGs
[2026-06-16T01:30:59.266+0000] {logging_mixin.py:188} INFO - [2026-06-16T01:30:59.265+0000] {dag.py:3823} INFO - Setting next_dagrun for example_dag_decorator to None, run_after=None
[2026-06-16T01:30:59.424+0000] {processor.py:183} INFO - Processing /home/airflow/.local/lib/python3.8/site-packages/airflow/example_dags/example_dag_decorator.py took 1.195 seconds
[2026-06-16T01:31:30.239+0000] {processor.py:161} INFO - Started process (PID=2557) to work on /home/airflow/.local/lib/python3.8/site-packages/airflow/example_dags/example_dag_decorator.py
[2026-06-16T01:31:30.241+0000] {processor.py:830} INFO - Processing file /home/airflow/.local/lib/python3.8/site-packages/airflow/example_dags/example_dag_decorator.py for tasks to queue
[2026-06-16T01:31:30.245+0000] {logging_mixin.py:188} INFO - [2026-06-16T01:31:30.244+0000] {dagbag.py:538} INFO - Filling up the DagBag from /home/airflow/.local/lib/python3.8/site-packages/airflow/example_dags/example_dag_decorator.py
[2026-06-16T01:31:30.691+0000] {processor.py:840} INFO - DAG(s) 'example_dag_decorator' retrieved from /home/airflow/.local/lib/python3.8/site-packages/airflow/example_dags/example_dag_decorator.py
[2026-06-16T01:31:30.923+0000] {logging_mixin.py:188} INFO - [2026-06-16T01:31:30.923+0000] {dag.py:3036} INFO - Sync 1 DAGs
[2026-06-16T01:31:30.950+0000] {logging_mixin.py:188} INFO - [2026-06-16T01:31:30.949+0000] {dag.py:3823} INFO - Setting next_dagrun for example_dag_decorator to None, run_after=None
[2026-06-16T01:31:31.012+0000] {processor.py:183} INFO - Processing /home/airflow/.local/lib/python3.8/site-packages/airflow/example_dags/example_dag_decorator.py took 0.782 seconds
[2026-06-16T01:32:01.692+0000] {processor.py:161} INFO - Started process (PID=2613) to work on /home/airflow/.local/lib/python3.8/site-packages/airflow/example_dags/example_dag_decorator.py
[2026-06-16T01:32:01.696+0000] {processor.py:830} INFO - Processing file /home/airflow/.local/lib/python3.8/site-packages/airflow/example_dags/example_dag_decorator.py for tasks to queue
[2026-06-16T01:32:01.704+0000] {logging_mixin.py:188} INFO - [2026-06-16T01:32:01.702+0000] {dagbag.py:538} INFO - Filling up the DagBag from /home/airflow/.local/lib/python3.8/site-packages/airflow/example_dags/example_dag_decorator.py
[2026-06-16T01:32:02.559+0000] {processor.py:840} INFO - DAG(s) 'example_dag_decorator' retrieved from /home/airflow/.local/lib/python3.8/site-packages/airflow/example_dags/example_dag_decorator.py
[2026-06-16T01:32:03.182+0000] {logging_mixin.py:188} INFO - [2026-06-16T01:32:03.181+0000] {dag.py:3036} INFO - Sync 1 DAGs
[2026-06-16T01:32:03.258+0000] {logging_mixin.py:188} INFO - [2026-06-16T01:32:03.257+0000] {dag.py:3823} INFO - Setting next_dagrun for example_dag_decorator to None, run_after=None
[2026-06-16T01:32:03.477+0000] {processor.py:183} INFO - Processing /home/airflow/.local/lib/python3.8/site-packages/airflow/example_dags/example_dag_decorator.py took 1.795 seconds
[2026-06-16T01:32:33.725+0000] {processor.py:161} INFO - Started process (PID=2674) to work on /home/airflow/.local/lib/python3.8/site-packages/airflow/example_dags/example_dag_decorator.py
[2026-06-16T01:32:33.728+0000] {processor.py:830} INFO - Processing file /home/airflow/.local/lib/python3.8/site-packages/airflow/example_dags/example_dag_decorator.py for tasks to queue
[2026-06-16T01:32:33.734+0000] {logging_mixin.py:188} INFO - [2026-06-16T01:32:33.733+0000] {dagbag.py:538} INFO - Filling up the DagBag from /home/airflow/.local/lib/python3.8/site-packages/airflow/example_dags/example_dag_decorator.py
[2026-06-16T01:32:34.219+0000] {processor.py:840} INFO - DAG(s) 'example_dag_decorator' retrieved from /home/airflow/.local/lib/python3.8/site-packages/airflow/example_dags/example_dag_decorator.py
[2026-06-16T01:32:34.492+0000] {logging_mixin.py:188} INFO - [2026-06-16T01:32:34.491+0000] {dag.py:3036} INFO - Sync 1 DAGs
[2026-06-16T01:32:34.520+0000] {logging_mixin.py:188} INFO - [2026-06-16T01:32:34.519+0000] {dag.py:3823} INFO - Setting next_dagrun for example_dag_decorator to None, run_after=None
[2026-06-16T01:32:34.581+0000] {processor.py:183} INFO - Processing /home/airflow/.local/lib/python3.8/site-packages/airflow/example_dags/example_dag_decorator.py took 0.863 seconds
[2026-06-16T01:33:04.869+0000] {processor.py:161} INFO - Started process (PID=2730) to work on /home/airflow/.local/lib/python3.8/site-packages/airflow/example_dags/example_dag_decorator.py
[2026-06-16T01:33:04.873+0000] {processor.py:830} INFO - Processing file /home/airflow/.local/lib/python3.8/site-packages/airflow/example_dags/example_dag_decorator.py for tasks to queue
[2026-06-16T01:33:04.882+0000] {logging_mixin.py:188} INFO - [2026-06-16T01:33:04.881+0000] {dagbag.py:538} INFO - Filling up the DagBag from /home/airflow/.local/lib/python3.8/site-packages/airflow/example_dags/example_dag_decorator.py
[2026-06-16T01:33:05.164+0000] {processor.py:840} INFO - DAG(s) 'example_dag_decorator' retrieved from /home/airflow/.local/lib/python3.8/site-packages/airflow/example_dags/example_dag_decorator.py
[2026-06-16T01:33:05.635+0000] {logging_mixin.py:188} INFO - [2026-06-16T01:33:05.635+0000] {dag.py:3036} INFO - Sync 1 DAGs
[2026-06-16T01:33:05.657+0000] {logging_mixin.py:188} INFO - [2026-06-16T01:33:05.657+0000] {dag.py:3823} INFO - Setting next_dagrun for example_dag_decorator to None, run_after=None
[2026-06-16T01:33:05.701+0000] {processor.py:183} INFO - Processing /home/airflow/.local/lib/python3.8/site-packages/airflow/example_dags/example_dag_decorator.py took 0.842 seconds
[2026-06-16T01:33:35.887+0000] {processor.py:161} INFO - Started process (PID=2787) to work on /home/airflow/.local/lib/python3.8/site-packages/airflow/example_dags/example_dag_decorator.py
[2026-06-16T01:33:35.890+0000] {processor.py:830} INFO - Processing file /home/airflow/.local/lib/python3.8/site-packages/airflow/example_dags/example_dag_decorator.py for tasks to queue
[2026-06-16T01:33:35.900+0000] {logging_mixin.py:188} INFO - [2026-06-16T01:33:35.898+0000] {dagbag.py:538} INFO - Filling up the DagBag from /home/airflow/.local/lib/python3.8/site-packages/airflow/example_dags/example_dag_decorator.py
[2026-06-16T01:33:36.134+0000] {processor.py:840} INFO - DAG(s) 'example_dag_decorator' retrieved from /home/airflow/.local/lib/python3.8/site-packages/airflow/example_dags/example_dag_decorator.py
[2026-06-16T01:33:36.588+0000] {logging_mixin.py:188} INFO - [2026-06-16T01:33:36.588+0000] {dag.py:3036} INFO - Sync 1 DAGs
[2026-06-16T01:33:36.610+0000] {logging_mixin.py:188} INFO - [2026-06-16T01:33:36.609+0000] {dag.py:3823} INFO - Setting next_dagrun for example_dag_decorator to None, run_after=None
[2026-06-16T01:33:36.667+0000] {processor.py:183} INFO - Processing /home/airflow/.local/lib/python3.8/site-packages/airflow/example_dags/example_dag_decorator.py took 0.788 seconds
[2026-06-16T01:34:07.496+0000] {processor.py:161} INFO - Started process (PID=2846) to work on /home/airflow/.local/lib/python3.8/site-packages/airflow/example_dags/example_dag_decorator.py
[2026-06-16T01:34:07.498+0000] {processor.py:830} INFO - Processing file /home/airflow/.local/lib/python3.8/site-packages/airflow/example_dags/example_dag_decorator.py for tasks to queue
[2026-06-16T01:34:07.501+0000] {logging_mixin.py:188} INFO - [2026-06-16T01:34:07.500+0000] {dagbag.py:538} INFO - Filling up the DagBag from /home/airflow/.local/lib/python3.8/site-packages/airflow/example_dags/example_dag_decorator.py
[2026-06-16T01:34:07.953+0000] {processor.py:840} INFO - DAG(s) 'example_dag_decorator' retrieved from /home/airflow/.local/lib/python3.8/site-packages/airflow/example_dags/example_dag_decorator.py
[2026-06-16T01:34:08.206+0000] {logging_mixin.py:188} INFO - [2026-06-16T01:34:08.206+0000] {dag.py:3036} INFO - Sync 1 DAGs
[2026-06-16T01:34:08.229+0000] {logging_mixin.py:188} INFO - [2026-06-16T01:34:08.228+0000] {dag.py:3823} INFO - Setting next_dagrun for example_dag_decorator to None, run_after=None
[2026-06-16T01:34:08.275+0000] {processor.py:183} INFO - Processing /home/airflow/.local/lib/python3.8/site-packages/airflow/example_dags/example_dag_decorator.py took 0.786 seconds
[2026-06-16T01:34:38.687+0000] {processor.py:161} INFO - Started process (PID=2902) to work on /home/airflow/.local/lib/python3.8/site-packages/airflow/example_dags/example_dag_decorator.py
[2026-06-16T01:34:38.690+0000] {processor.py:830} INFO - Processing file /home/airflow/.local/lib/python3.8/site-packages/airflow/example_dags/example_dag_decorator.py for tasks to queue
[2026-06-16T01:34:38.694+0000] {logging_mixin.py:188} INFO - [2026-06-16T01:34:38.693+0000] {dagbag.py:538} INFO - Filling up the DagBag from /home/airflow/.local/lib/python3.8/site-packages/airflow/example_dags/example_dag_decorator.py
[2026-06-16T01:34:39.141+0000] {processor.py:840} INFO - DAG(s) 'example_dag_decorator' retrieved from /home/airflow/.local/lib/python3.8/site-packages/airflow/example_dags/example_dag_decorator.py
[2026-06-16T01:34:39.449+0000] {logging_mixin.py:188} INFO - [2026-06-16T01:34:39.448+0000] {dag.py:3036} INFO - Sync 1 DAGs
[2026-06-16T01:34:39.474+0000] {logging_mixin.py:188} INFO - [2026-06-16T01:34:39.473+0000] {dag.py:3823} INFO - Setting next_dagrun for example_dag_decorator to None, run_after=None
[2026-06-16T01:34:39.517+0000] {processor.py:183} INFO - Processing /home/airflow/.local/lib/python3.8/site-packages/airflow/example_dags/example_dag_decorator.py took 0.837 seconds
[2026-06-16T01:35:09.575+0000] {processor.py:161} INFO - Started process (PID=2958) to work on /home/airflow/.local/lib/python3.8/site-packages/airflow/example_dags/example_dag_decorator.py
[2026-06-16T01:35:09.578+0000] {processor.py:830} INFO - Processing file /home/airflow/.local/lib/python3.8/site-packages/airflow/example_dags/example_dag_decorator.py for tasks to queue
[2026-06-16T01:35:09.587+0000] {logging_mixin.py:188} INFO - [2026-06-16T01:35:09.587+0000] {dagbag.py:538} INFO - Filling up the DagBag from /home/airflow/.local/lib/python3.8/site-packages/airflow/example_dags/example_dag_decorator.py
[2026-06-16T01:35:09.817+0000] {processor.py:840} INFO - DAG(s) 'example_dag_decorator' retrieved from /home/airflow/.local/lib/python3.8/site-packages/airflow/example_dags/example_dag_decorator.py
[2026-06-16T01:35:10.036+0000] {logging_mixin.py:188} INFO - [2026-06-16T01:35:10.035+0000] {dag.py:3036} INFO - Sync 1 DAGs
[2026-06-16T01:35:10.064+0000] {logging_mixin.py:188} INFO - [2026-06-16T01:35:10.062+0000] {dag.py:3823} INFO - Setting next_dagrun for example_dag_decorator to None, run_after=None
[2026-06-16T01:35:10.107+0000] {processor.py:183} INFO - Processing /home/airflow/.local/lib/python3.8/site-packages/airflow/example_dags/example_dag_decorator.py took 0.542 seconds
[2026-06-16T01:35:40.351+0000] {processor.py:161} INFO - Started process (PID=3014) to work on /home/airflow/.local/lib/python3.8/site-packages/airflow/example_dags/example_dag_decorator.py
[2026-06-16T01:35:40.356+0000] {processor.py:830} INFO - Processing file /home/airflow/.local/lib/python3.8/site-packages/airflow/example_dags/example_dag_decorator.py for tasks to queue
[2026-06-16T01:35:40.362+0000] {logging_mixin.py:188} INFO - [2026-06-16T01:35:40.361+0000] {dagbag.py:538} INFO - Filling up the DagBag from /home/airflow/.local/lib/python3.8/site-packages/airflow/example_dags/example_dag_decorator.py
[2026-06-16T01:35:40.654+0000] {processor.py:840} INFO - DAG(s) 'example_dag_decorator' retrieved from /home/airflow/.local/lib/python3.8/site-packages/airflow/example_dags/example_dag_decorator.py
[2026-06-16T01:35:40.717+0000] {logging_mixin.py:188} INFO - [2026-06-16T01:35:40.717+0000] {dag.py:3036} INFO - Sync 1 DAGs
[2026-06-16T01:35:40.751+0000] {logging_mixin.py:188} INFO - [2026-06-16T01:35:40.750+0000] {dag.py:3823} INFO - Setting next_dagrun for example_dag_decorator to None, run_after=None
[2026-06-16T01:35:40.798+0000] {processor.py:183} INFO - Processing /home/airflow/.local/lib/python3.8/site-packages/airflow/example_dags/example_dag_decorator.py took 0.456 seconds
[2026-06-16T01:36:11.034+0000] {processor.py:161} INFO - Started process (PID=3071) to work on /home/airflow/.local/lib/python3.8/site-packages/airflow/example_dags/example_dag_decorator.py
[2026-06-16T01:36:11.036+0000] {processor.py:830} INFO - Processing file /home/airflow/.local/lib/python3.8/site-packages/airflow/example_dags/example_dag_decorator.py for tasks to queue
[2026-06-16T01:36:11.041+0000] {logging_mixin.py:188} INFO - [2026-06-16T01:36:11.040+0000] {dagbag.py:538} INFO - Filling up the DagBag from /home/airflow/.local/lib/python3.8/site-packages/airflow/example_dags/example_dag_decorator.py
[2026-06-16T01:36:11.261+0000] {processor.py:840} INFO - DAG(s) 'example_dag_decorator' retrieved from /home/airflow/.local/lib/python3.8/site-packages/airflow/example_dags/example_dag_decorator.py
[2026-06-16T01:36:11.310+0000] {logging_mixin.py:188} INFO - [2026-06-16T01:36:11.309+0000] {dag.py:3036} INFO - Sync 1 DAGs
[2026-06-16T01:36:11.335+0000] {logging_mixin.py:188} INFO - [2026-06-16T01:36:11.335+0000] {dag.py:3823} INFO - Setting next_dagrun for example_dag_decorator to None, run_after=None
[2026-06-16T01:36:11.370+0000] {processor.py:183} INFO - Processing /home/airflow/.local/lib/python3.8/site-packages/airflow/example_dags/example_dag_decorator.py took 0.345 seconds
[2026-06-16T01:36:41.673+0000] {processor.py:161} INFO - Started process (PID=3127) to work on /home/airflow/.local/lib/python3.8/site-packages/airflow/example_dags/example_dag_decorator.py
[2026-06-16T01:36:41.675+0000] {processor.py:830} INFO - Processing file /home/airflow/.local/lib/python3.8/site-packages/airflow/example_dags/example_dag_decorator.py for tasks to queue
[2026-06-16T01:36:41.679+0000] {logging_mixin.py:188} INFO - [2026-06-16T01:36:41.678+0000] {dagbag.py:538} INFO - Filling up the DagBag from /home/airflow/.local/lib/python3.8/site-packages/airflow/example_dags/example_dag_decorator.py
[2026-06-16T01:36:41.880+0000] {processor.py:840} INFO - DAG(s) 'example_dag_decorator' retrieved from /home/airflow/.local/lib/python3.8/site-packages/airflow/example_dags/example_dag_decorator.py
[2026-06-16T01:36:41.939+0000] {logging_mixin.py:188} INFO - [2026-06-16T01:36:41.938+0000] {dag.py:3036} INFO - Sync 1 DAGs
[2026-06-16T01:36:41.981+0000] {logging_mixin.py:188} INFO - [2026-06-16T01:36:41.980+0000] {dag.py:3823} INFO - Setting next_dagrun for example_dag_decorator to None, run_after=None
[2026-06-16T01:36:42.023+0000] {processor.py:183} INFO - Processing /home/airflow/.local/lib/python3.8/site-packages/airflow/example_dags/example_dag_decorator.py took 0.361 seconds
[2026-06-16T01:37:12.283+0000] {processor.py:161} INFO - Started process (PID=3183) to work on /home/airflow/.local/lib/python3.8/site-packages/airflow/example_dags/example_dag_decorator.py
[2026-06-16T01:37:12.286+0000] {processor.py:830} INFO - Processing file /home/airflow/.local/lib/python3.8/site-packages/airflow/example_dags/example_dag_decorator.py for tasks to queue
[2026-06-16T01:37:12.292+0000] {logging_mixin.py:188} INFO - [2026-06-16T01:37:12.291+0000] {dagbag.py:538} INFO - Filling up the DagBag from /home/airflow/.local/lib/python3.8/site-packages/airflow/example_dags/example_dag_decorator.py
[2026-06-16T01:37:12.599+0000] {processor.py:840} INFO - DAG(s) 'example_dag_decorator' retrieved from /home/airflow/.local/lib/python3.8/site-packages/airflow/example_dags/example_dag_decorator.py
[2026-06-16T01:37:12.671+0000] {logging_mixin.py:188} INFO - [2026-06-16T01:37:12.671+0000] {dag.py:3036} INFO - Sync 1 DAGs
[2026-06-16T01:37:12.705+0000] {logging_mixin.py:188} INFO - [2026-06-16T01:37:12.705+0000] {dag.py:3823} INFO - Setting next_dagrun for example_dag_decorator to None, run_after=None
[2026-06-16T01:37:12.758+0000] {processor.py:183} INFO - Processing /home/airflow/.local/lib/python3.8/site-packages/airflow/example_dags/example_dag_decorator.py took 0.488 seconds
[2026-06-16T01:37:42.977+0000] {processor.py:161} INFO - Started process (PID=3238) to work on /home/airflow/.local/lib/python3.8/site-packages/airflow/example_dags/example_dag_decorator.py
[2026-06-16T01:37:42.979+0000] {processor.py:830} INFO - Processing file /home/airflow/.local/lib/python3.8/site-packages/airflow/example_dags/example_dag_decorator.py for tasks to queue
[2026-06-16T01:37:42.983+0000] {logging_mixin.py:188} INFO - [2026-06-16T01:37:42.982+0000] {dagbag.py:538} INFO - Filling up the DagBag from /home/airflow/.local/lib/python3.8/site-packages/airflow/example_dags/example_dag_decorator.py
[2026-06-16T01:37:43.243+0000] {processor.py:840} INFO - DAG(s) 'example_dag_decorator' retrieved from /home/airflow/.local/lib/python3.8/site-packages/airflow/example_dags/example_dag_decorator.py
[2026-06-16T01:37:43.300+0000] {logging_mixin.py:188} INFO - [2026-06-16T01:37:43.300+0000] {dag.py:3036} INFO - Sync 1 DAGs
[2026-06-16T01:37:43.325+0000] {logging_mixin.py:188} INFO - [2026-06-16T01:37:43.324+0000] {dag.py:3823} INFO - Setting next_dagrun for example_dag_decorator to None, run_after=None
[2026-06-16T01:37:43.365+0000] {processor.py:183} INFO - Processing /home/airflow/.local/lib/python3.8/site-packages/airflow/example_dags/example_dag_decorator.py took 0.396 seconds
[2026-06-16T01:38:13.690+0000] {processor.py:161} INFO - Started process (PID=3294) to work on /home/airflow/.local/lib/python3.8/site-packages/airflow/example_dags/example_dag_decorator.py
[2026-06-16T01:38:13.693+0000] {processor.py:830} INFO - Processing file /home/airflow/.local/lib/python3.8/site-packages/airflow/example_dags/example_dag_decorator.py for tasks to queue
[2026-06-16T01:38:13.697+0000] {logging_mixin.py:188} INFO - [2026-06-16T01:38:13.697+0000] {dagbag.py:538} INFO - Filling up the DagBag from /home/airflow/.local/lib/python3.8/site-packages/airflow/example_dags/example_dag_decorator.py
[2026-06-16T01:38:13.947+0000] {processor.py:840} INFO - DAG(s) 'example_dag_decorator' retrieved from /home/airflow/.local/lib/python3.8/site-packages/airflow/example_dags/example_dag_decorator.py
[2026-06-16T01:38:14.326+0000] {logging_mixin.py:188} INFO - [2026-06-16T01:38:14.325+0000] {dag.py:3036} INFO - Sync 1 DAGs
[2026-06-16T01:38:14.361+0000] {logging_mixin.py:188} INFO - [2026-06-16T01:38:14.360+0000] {dag.py:3823} INFO - Setting next_dagrun for example_dag_decorator to None, run_after=None
[2026-06-16T01:38:14.423+0000] {processor.py:183} INFO - Processing /home/airflow/.local/lib/python3.8/site-packages/airflow/example_dags/example_dag_decorator.py took 0.740 seconds
[2026-06-16T01:38:44.872+0000] {processor.py:161} INFO - Started process (PID=3349) to work on /home/airflow/.local/lib/python3.8/site-packages/airflow/example_dags/example_dag_decorator.py
[2026-06-16T01:38:44.874+0000] {processor.py:830} INFO - Processing file /home/airflow/.local/lib/python3.8/site-packages/airflow/example_dags/example_dag_decorator.py for tasks to queue
[2026-06-16T01:38:44.880+0000] {logging_mixin.py:188} INFO - [2026-06-16T01:38:44.879+0000] {dagbag.py:538} INFO - Filling up the DagBag from /home/airflow/.local/lib/python3.8/site-packages/airflow/example_dags/example_dag_decorator.py
[2026-06-16T01:38:45.213+0000] {processor.py:840} INFO - DAG(s) 'example_dag_decorator' retrieved from /home/airflow/.local/lib/python3.8/site-packages/airflow/example_dags/example_dag_decorator.py
[2026-06-16T01:38:45.337+0000] {logging_mixin.py:188} INFO - [2026-06-16T01:38:45.336+0000] {dag.py:3036} INFO - Sync 1 DAGs
[2026-06-16T01:38:45.385+0000] {logging_mixin.py:188} INFO - [2026-06-16T01:38:45.384+0000] {dag.py:3823} INFO - Setting next_dagrun for example_dag_decorator to None, run_after=None
[2026-06-16T01:38:45.451+0000] {processor.py:183} INFO - Processing /home/airflow/.local/lib/python3.8/site-packages/airflow/example_dags/example_dag_decorator.py took 0.587 seconds
[2026-06-16T01:39:15.580+0000] {processor.py:161} INFO - Started process (PID=3406) to work on /home/airflow/.local/lib/python3.8/site-packages/airflow/example_dags/example_dag_decorator.py
[2026-06-16T01:39:15.583+0000] {processor.py:830} INFO - Processing file /home/airflow/.local/lib/python3.8/site-packages/airflow/example_dags/example_dag_decorator.py for tasks to queue
[2026-06-16T01:39:15.588+0000] {logging_mixin.py:188} INFO - [2026-06-16T01:39:15.587+0000] {dagbag.py:538} INFO - Filling up the DagBag from /home/airflow/.local/lib/python3.8/site-packages/airflow/example_dags/example_dag_decorator.py
[2026-06-16T01:39:15.822+0000] {processor.py:840} INFO - DAG(s) 'example_dag_decorator' retrieved from /home/airflow/.local/lib/python3.8/site-packages/airflow/example_dags/example_dag_decorator.py
[2026-06-16T01:39:16.102+0000] {logging_mixin.py:188} INFO - [2026-06-16T01:39:16.102+0000] {dag.py:3036} INFO - Sync 1 DAGs
[2026-06-16T01:39:16.132+0000] {logging_mixin.py:188} INFO - [2026-06-16T01:39:16.132+0000] {dag.py:3823} INFO - Setting next_dagrun for example_dag_decorator to None, run_after=None
[2026-06-16T01:39:16.194+0000] {processor.py:183} INFO - Processing /home/airflow/.local/lib/python3.8/site-packages/airflow/example_dags/example_dag_decorator.py took 0.623 seconds
[2026-06-16T01:39:46.891+0000] {processor.py:161} INFO - Started process (PID=3462) to work on /home/airflow/.local/lib/python3.8/site-packages/airflow/example_dags/example_dag_decorator.py
[2026-06-16T01:39:46.893+0000] {processor.py:830} INFO - Processing file /home/airflow/.local/lib/python3.8/site-packages/airflow/example_dags/example_dag_decorator.py for tasks to queue
[2026-06-16T01:39:46.898+0000] {logging_mixin.py:188} INFO - [2026-06-16T01:39:46.897+0000] {dagbag.py:538} INFO - Filling up the DagBag from /home/airflow/.local/lib/python3.8/site-packages/airflow/example_dags/example_dag_decorator.py
[2026-06-16T01:39:47.163+0000] {processor.py:840} INFO - DAG(s) 'example_dag_decorator' retrieved from /home/airflow/.local/lib/python3.8/site-packages/airflow/example_dags/example_dag_decorator.py
[2026-06-16T01:39:47.498+0000] {logging_mixin.py:188} INFO - [2026-06-16T01:39:47.497+0000] {dag.py:3036} INFO - Sync 1 DAGs
[2026-06-16T01:39:47.524+0000] {logging_mixin.py:188} INFO - [2026-06-16T01:39:47.524+0000] {dag.py:3823} INFO - Setting next_dagrun for example_dag_decorator to None, run_after=None
[2026-06-16T01:39:47.571+0000] {processor.py:183} INFO - Processing /home/airflow/.local/lib/python3.8/site-packages/airflow/example_dags/example_dag_decorator.py took 0.687 seconds
[2026-06-16T01:40:18.380+0000] {processor.py:161} INFO - Started process (PID=3519) to work on /home/airflow/.local/lib/python3.8/site-packages/airflow/example_dags/example_dag_decorator.py
[2026-06-16T01:40:18.381+0000] {processor.py:830} INFO - Processing file /home/airflow/.local/lib/python3.8/site-packages/airflow/example_dags/example_dag_decorator.py for tasks to queue
[2026-06-16T01:40:18.385+0000] {logging_mixin.py:188} INFO - [2026-06-16T01:40:18.385+0000] {dagbag.py:538} INFO - Filling up the DagBag from /home/airflow/.local/lib/python3.8/site-packages/airflow/example_dags/example_dag_decorator.py
[2026-06-16T01:40:18.571+0000] {processor.py:840} INFO - DAG(s) 'example_dag_decorator' retrieved from /home/airflow/.local/lib/python3.8/site-packages/airflow/example_dags/example_dag_decorator.py
[2026-06-16T01:40:18.617+0000] {logging_mixin.py:188} INFO - [2026-06-16T01:40:18.617+0000] {dag.py:3036} INFO - Sync 1 DAGs
[2026-06-16T01:40:18.644+0000] {logging_mixin.py:188} INFO - [2026-06-16T01:40:18.644+0000] {dag.py:3823} INFO - Setting next_dagrun for example_dag_decorator to None, run_after=None
[2026-06-16T01:40:18.683+0000] {processor.py:183} INFO - Processing /home/airflow/.local/lib/python3.8/site-packages/airflow/example_dags/example_dag_decorator.py took 0.310 seconds
[2026-06-16T01:40:48.922+0000] {processor.py:161} INFO - Started process (PID=3576) to work on /home/airflow/.local/lib/python3.8/site-packages/airflow/example_dags/example_dag_decorator.py
[2026-06-16T01:40:48.927+0000] {processor.py:830} INFO - Processing file /home/airflow/.local/lib/python3.8/site-packages/airflow/example_dags/example_dag_decorator.py for tasks to queue
[2026-06-16T01:40:48.933+0000] {logging_mixin.py:188} INFO - [2026-06-16T01:40:48.932+0000] {dagbag.py:538} INFO - Filling up the DagBag from /home/airflow/.local/lib/python3.8/site-packages/airflow/example_dags/example_dag_decorator.py
[2026-06-16T01:40:49.186+0000] {processor.py:840} INFO - DAG(s) 'example_dag_decorator' retrieved from /home/airflow/.local/lib/python3.8/site-packages/airflow/example_dags/example_dag_decorator.py
[2026-06-16T01:40:49.534+0000] {logging_mixin.py:188} INFO - [2026-06-16T01:40:49.533+0000] {dag.py:3036} INFO - Sync 1 DAGs
[2026-06-16T01:40:49.563+0000] {logging_mixin.py:188} INFO - [2026-06-16T01:40:49.563+0000] {dag.py:3823} INFO - Setting next_dagrun for example_dag_decorator to None, run_after=None
[2026-06-16T01:40:49.611+0000] {processor.py:183} INFO - Processing /home/airflow/.local/lib/python3.8/site-packages/airflow/example_dags/example_dag_decorator.py took 0.704 seconds
[2026-06-16T01:41:19.803+0000] {processor.py:161} INFO - Started process (PID=3632) to work on /home/airflow/.local/lib/python3.8/site-packages/airflow/example_dags/example_dag_decorator.py
[2026-06-16T01:41:19.805+0000] {processor.py:830} INFO - Processing file /home/airflow/.local/lib/python3.8/site-packages/airflow/example_dags/example_dag_decorator.py for tasks to queue
[2026-06-16T01:41:19.811+0000] {logging_mixin.py:188} INFO - [2026-06-16T01:41:19.810+0000] {dagbag.py:538} INFO - Filling up the DagBag from /home/airflow/.local/lib/python3.8/site-packages/airflow/example_dags/example_dag_decorator.py
[2026-06-16T01:41:20.075+0000] {processor.py:840} INFO - DAG(s) 'example_dag_decorator' retrieved from /home/airflow/.local/lib/python3.8/site-packages/airflow/example_dags/example_dag_decorator.py
[2026-06-16T01:41:20.378+0000] {logging_mixin.py:188} INFO - [2026-06-16T01:41:20.377+0000] {dag.py:3036} INFO - Sync 1 DAGs
[2026-06-16T01:41:20.413+0000] {logging_mixin.py:188} INFO - [2026-06-16T01:41:20.413+0000] {dag.py:3823} INFO - Setting next_dagrun for example_dag_decorator to None, run_after=None
[2026-06-16T01:41:20.509+0000] {processor.py:183} INFO - Processing /home/airflow/.local/lib/python3.8/site-packages/airflow/example_dags/example_dag_decorator.py took 0.714 seconds
[2026-06-16T01:41:50.625+0000] {processor.py:161} INFO - Started process (PID=3688) to work on /home/airflow/.local/lib/python3.8/site-packages/airflow/example_dags/example_dag_decorator.py
[2026-06-16T01:41:50.627+0000] {processor.py:830} INFO - Processing file /home/airflow/.local/lib/python3.8/site-packages/airflow/example_dags/example_dag_decorator.py for tasks to queue
[2026-06-16T01:41:50.631+0000] {logging_mixin.py:188} INFO - [2026-06-16T01:41:50.631+0000] {dagbag.py:538} INFO - Filling up the DagBag from /home/airflow/.local/lib/python3.8/site-packages/airflow/example_dags/example_dag_decorator.py
[2026-06-16T01:41:50.825+0000] {processor.py:840} INFO - DAG(s) 'example_dag_decorator' retrieved from /home/airflow/.local/lib/python3.8/site-packages/airflow/example_dags/example_dag_decorator.py
[2026-06-16T01:41:51.050+0000] {logging_mixin.py:188} INFO - [2026-06-16T01:41:51.049+0000] {dag.py:3036} INFO - Sync 1 DAGs
[2026-06-16T01:41:51.069+0000] {logging_mixin.py:188} INFO - [2026-06-16T01:41:51.069+0000] {dag.py:3823} INFO - Setting next_dagrun for example_dag_decorator to None, run_after=None
[2026-06-16T01:41:51.113+0000] {processor.py:183} INFO - Processing /home/airflow/.local/lib/python3.8/site-packages/airflow/example_dags/example_dag_decorator.py took 0.495 seconds
[2026-06-16T01:42:21.550+0000] {processor.py:161} INFO - Started process (PID=3745) to work on /home/airflow/.local/lib/python3.8/site-packages/airflow/example_dags/example_dag_decorator.py
[2026-06-16T01:42:21.552+0000] {processor.py:830} INFO - Processing file /home/airflow/.local/lib/python3.8/site-packages/airflow/example_dags/example_dag_decorator.py for tasks to queue
[2026-06-16T01:42:21.555+0000] {logging_mixin.py:188} INFO - [2026-06-16T01:42:21.555+0000] {dagbag.py:538} INFO - Filling up the DagBag from /home/airflow/.local/lib/python3.8/site-packages/airflow/example_dags/example_dag_decorator.py
[2026-06-16T01:42:21.774+0000] {processor.py:840} INFO - DAG(s) 'example_dag_decorator' retrieved from /home/airflow/.local/lib/python3.8/site-packages/airflow/example_dags/example_dag_decorator.py
[2026-06-16T01:42:22.022+0000] {logging_mixin.py:188} INFO - [2026-06-16T01:42:22.021+0000] {dag.py:3036} INFO - Sync 1 DAGs
[2026-06-16T01:42:22.046+0000] {logging_mixin.py:188} INFO - [2026-06-16T01:42:22.046+0000] {dag.py:3823} INFO - Setting next_dagrun for example_dag_decorator to None, run_after=None
[2026-06-16T01:42:22.093+0000] {processor.py:183} INFO - Processing /home/airflow/.local/lib/python3.8/site-packages/airflow/example_dags/example_dag_decorator.py took 0.550 seconds
[2026-06-16T01:42:53.129+0000] {processor.py:161} INFO - Started process (PID=3800) to work on /home/airflow/.local/lib/python3.8/site-packages/airflow/example_dags/example_dag_decorator.py
[2026-06-16T01:42:53.146+0000] {processor.py:830} INFO - Processing file /home/airflow/.local/lib/python3.8/site-packages/airflow/example_dags/example_dag_decorator.py for tasks to queue
[2026-06-16T01:42:53.157+0000] {logging_mixin.py:188} INFO - [2026-06-16T01:42:53.156+0000] {dagbag.py:538} INFO - Filling up the DagBag from /home/airflow/.local/lib/python3.8/site-packages/airflow/example_dags/example_dag_decorator.py
[2026-06-16T01:42:54.136+0000] {processor.py:840} INFO - DAG(s) 'example_dag_decorator' retrieved from /home/airflow/.local/lib/python3.8/site-packages/airflow/example_dags/example_dag_decorator.py
[2026-06-16T01:42:54.538+0000] {logging_mixin.py:188} INFO - [2026-06-16T01:42:54.537+0000] {dag.py:3036} INFO - Sync 1 DAGs
[2026-06-16T01:42:54.574+0000] {logging_mixin.py:188} INFO - [2026-06-16T01:42:54.574+0000] {dag.py:3823} INFO - Setting next_dagrun for example_dag_decorator to None, run_after=None
[2026-06-16T01:42:54.629+0000] {processor.py:183} INFO - Processing /home/airflow/.local/lib/python3.8/site-packages/airflow/example_dags/example_dag_decorator.py took 1.541 seconds
[2026-06-16T01:43:24.918+0000] {processor.py:161} INFO - Started process (PID=3855) to work on /home/airflow/.local/lib/python3.8/site-packages/airflow/example_dags/example_dag_decorator.py
[2026-06-16T01:43:24.920+0000] {processor.py:830} INFO - Processing file /home/airflow/.local/lib/python3.8/site-packages/airflow/example_dags/example_dag_decorator.py for tasks to queue
[2026-06-16T01:43:24.923+0000] {logging_mixin.py:188} INFO - [2026-06-16T01:43:24.922+0000] {dagbag.py:538} INFO - Filling up the DagBag from /home/airflow/.local/lib/python3.8/site-packages/airflow/example_dags/example_dag_decorator.py
[2026-06-16T01:43:25.121+0000] {processor.py:840} INFO - DAG(s) 'example_dag_decorator' retrieved from /home/airflow/.local/lib/python3.8/site-packages/airflow/example_dags/example_dag_decorator.py
[2026-06-16T01:43:25.365+0000] {logging_mixin.py:188} INFO - [2026-06-16T01:43:25.365+0000] {dag.py:3036} INFO - Sync 1 DAGs
[2026-06-16T01:43:25.388+0000] {logging_mixin.py:188} INFO - [2026-06-16T01:43:25.387+0000] {dag.py:3823} INFO - Setting next_dagrun for example_dag_decorator to None, run_after=None
[2026-06-16T01:43:25.429+0000] {processor.py:183} INFO - Processing /home/airflow/.local/lib/python3.8/site-packages/airflow/example_dags/example_dag_decorator.py took 0.519 seconds
[2026-06-16T01:43:55.604+0000] {processor.py:161} INFO - Started process (PID=3911) to work on /home/airflow/.local/lib/python3.8/site-packages/airflow/example_dags/example_dag_decorator.py
[2026-06-16T01:43:55.606+0000] {processor.py:830} INFO - Processing file /home/airflow/.local/lib/python3.8/site-packages/airflow/example_dags/example_dag_decorator.py for tasks to queue
[2026-06-16T01:43:55.611+0000] {logging_mixin.py:188} INFO - [2026-06-16T01:43:55.610+0000] {dagbag.py:538} INFO - Filling up the DagBag from /home/airflow/.local/lib/python3.8/site-packages/airflow/example_dags/example_dag_decorator.py
[2026-06-16T01:43:55.858+0000] {processor.py:840} INFO - DAG(s) 'example_dag_decorator' retrieved from /home/airflow/.local/lib/python3.8/site-packages/airflow/example_dags/example_dag_decorator.py
[2026-06-16T01:43:56.109+0000] {logging_mixin.py:188} INFO - [2026-06-16T01:43:56.109+0000] {dag.py:3036} INFO - Sync 1 DAGs
[2026-06-16T01:43:56.131+0000] {logging_mixin.py:188} INFO - [2026-06-16T01:43:56.130+0000] {dag.py:3823} INFO - Setting next_dagrun for example_dag_decorator to None, run_after=None
[2026-06-16T01:43:56.175+0000] {processor.py:183} INFO - Processing /home/airflow/.local/lib/python3.8/site-packages/airflow/example_dags/example_dag_decorator.py took 0.580 seconds
[2026-06-16T01:44:26.806+0000] {processor.py:161} INFO - Started process (PID=3967) to work on /home/airflow/.local/lib/python3.8/site-packages/airflow/example_dags/example_dag_decorator.py
[2026-06-16T01:44:26.809+0000] {processor.py:830} INFO - Processing file /home/airflow/.local/lib/python3.8/site-packages/airflow/example_dags/example_dag_decorator.py for tasks to queue
[2026-06-16T01:44:26.813+0000] {logging_mixin.py:188} INFO - [2026-06-16T01:44:26.812+0000] {dagbag.py:538} INFO - Filling up the DagBag from /home/airflow/.local/lib/python3.8/site-packages/airflow/example_dags/example_dag_decorator.py
[2026-06-16T01:44:27.063+0000] {processor.py:840} INFO - DAG(s) 'example_dag_decorator' retrieved from /home/airflow/.local/lib/python3.8/site-packages/airflow/example_dags/example_dag_decorator.py
[2026-06-16T01:44:27.361+0000] {logging_mixin.py:188} INFO - [2026-06-16T01:44:27.360+0000] {dag.py:3036} INFO - Sync 1 DAGs
[2026-06-16T01:44:27.389+0000] {logging_mixin.py:188} INFO - [2026-06-16T01:44:27.388+0000] {dag.py:3823} INFO - Setting next_dagrun for example_dag_decorator to None, run_after=None
[2026-06-16T01:44:27.498+0000] {processor.py:183} INFO - Processing /home/airflow/.local/lib/python3.8/site-packages/airflow/example_dags/example_dag_decorator.py took 0.702 seconds
[2026-06-16T01:44:57.706+0000] {processor.py:161} INFO - Started process (PID=4029) to work on /home/airflow/.local/lib/python3.8/site-packages/airflow/example_dags/example_dag_decorator.py
[2026-06-16T01:44:57.790+0000] {processor.py:830} INFO - Processing file /home/airflow/.local/lib/python3.8/site-packages/airflow/example_dags/example_dag_decorator.py for tasks to queue
[2026-06-16T01:44:57.797+0000] {logging_mixin.py:188} INFO - [2026-06-16T01:44:57.796+0000] {dagbag.py:538} INFO - Filling up the DagBag from /home/airflow/.local/lib/python3.8/site-packages/airflow/example_dags/example_dag_decorator.py
[2026-06-16T01:44:58.486+0000] {processor.py:840} INFO - DAG(s) 'example_dag_decorator' retrieved from /home/airflow/.local/lib/python3.8/site-packages/airflow/example_dags/example_dag_decorator.py
[2026-06-16T01:44:58.969+0000] {logging_mixin.py:188} INFO - [2026-06-16T01:44:58.968+0000] {dag.py:3036} INFO - Sync 1 DAGs
[2026-06-16T01:44:59.025+0000] {logging_mixin.py:188} INFO - [2026-06-16T01:44:59.024+0000] {dag.py:3823} INFO - Setting next_dagrun for example_dag_decorator to None, run_after=None
[2026-06-16T01:44:59.093+0000] {processor.py:183} INFO - Processing /home/airflow/.local/lib/python3.8/site-packages/airflow/example_dags/example_dag_decorator.py took 1.396 seconds
[2026-06-16T01:45:29.142+0000] {processor.py:161} INFO - Started process (PID=4085) to work on /home/airflow/.local/lib/python3.8/site-packages/airflow/example_dags/example_dag_decorator.py
[2026-06-16T01:45:29.145+0000] {processor.py:830} INFO - Processing file /home/airflow/.local/lib/python3.8/site-packages/airflow/example_dags/example_dag_decorator.py for tasks to queue
[2026-06-16T01:45:29.149+0000] {logging_mixin.py:188} INFO - [2026-06-16T01:45:29.148+0000] {dagbag.py:538} INFO - Filling up the DagBag from /home/airflow/.local/lib/python3.8/site-packages/airflow/example_dags/example_dag_decorator.py
[2026-06-16T01:45:29.423+0000] {processor.py:840} INFO - DAG(s) 'example_dag_decorator' retrieved from /home/airflow/.local/lib/python3.8/site-packages/airflow/example_dags/example_dag_decorator.py
[2026-06-16T01:45:29.825+0000] {logging_mixin.py:188} INFO - [2026-06-16T01:45:29.825+0000] {dag.py:3036} INFO - Sync 1 DAGs
[2026-06-16T01:45:29.853+0000] {logging_mixin.py:188} INFO - [2026-06-16T01:45:29.852+0000] {dag.py:3823} INFO - Setting next_dagrun for example_dag_decorator to None, run_after=None
[2026-06-16T01:45:29.906+0000] {processor.py:183} INFO - Processing /home/airflow/.local/lib/python3.8/site-packages/airflow/example_dags/example_dag_decorator.py took 0.771 seconds
[2026-06-16T01:46:00.056+0000] {processor.py:161} INFO - Started process (PID=4142) to work on /home/airflow/.local/lib/python3.8/site-packages/airflow/example_dags/example_dag_decorator.py
[2026-06-16T01:46:00.058+0000] {processor.py:830} INFO - Processing file /home/airflow/.local/lib/python3.8/site-packages/airflow/example_dags/example_dag_decorator.py for tasks to queue
[2026-06-16T01:46:00.062+0000] {logging_mixin.py:188} INFO - [2026-06-16T01:46:00.062+0000] {dagbag.py:538} INFO - Filling up the DagBag from /home/airflow/.local/lib/python3.8/site-packages/airflow/example_dags/example_dag_decorator.py
[2026-06-16T01:46:00.302+0000] {processor.py:840} INFO - DAG(s) 'example_dag_decorator' retrieved from /home/airflow/.local/lib/python3.8/site-packages/airflow/example_dags/example_dag_decorator.py
[2026-06-16T01:46:00.618+0000] {logging_mixin.py:188} INFO - [2026-06-16T01:46:00.617+0000] {dag.py:3036} INFO - Sync 1 DAGs
[2026-06-16T01:46:00.653+0000] {logging_mixin.py:188} INFO - [2026-06-16T01:46:00.652+0000] {dag.py:3823} INFO - Setting next_dagrun for example_dag_decorator to None, run_after=None
[2026-06-16T01:46:00.707+0000] {processor.py:183} INFO - Processing /home/airflow/.local/lib/python3.8/site-packages/airflow/example_dags/example_dag_decorator.py took 0.661 seconds
[2026-06-16T01:46:30.797+0000] {processor.py:161} INFO - Started process (PID=4201) to work on /home/airflow/.local/lib/python3.8/site-packages/airflow/example_dags/example_dag_decorator.py
[2026-06-16T01:46:30.801+0000] {processor.py:830} INFO - Processing file /home/airflow/.local/lib/python3.8/site-packages/airflow/example_dags/example_dag_decorator.py for tasks to queue
[2026-06-16T01:46:30.805+0000] {logging_mixin.py:188} INFO - [2026-06-16T01:46:30.804+0000] {dagbag.py:538} INFO - Filling up the DagBag from /home/airflow/.local/lib/python3.8/site-packages/airflow/example_dags/example_dag_decorator.py
[2026-06-16T01:46:31.102+0000] {processor.py:840} INFO - DAG(s) 'example_dag_decorator' retrieved from /home/airflow/.local/lib/python3.8/site-packages/airflow/example_dags/example_dag_decorator.py
[2026-06-16T01:46:31.411+0000] {logging_mixin.py:188} INFO - [2026-06-16T01:46:31.411+0000] {dag.py:3036} INFO - Sync 1 DAGs
[2026-06-16T01:46:31.441+0000] {logging_mixin.py:188} INFO - [2026-06-16T01:46:31.440+0000] {dag.py:3823} INFO - Setting next_dagrun for example_dag_decorator to None, run_after=None
[2026-06-16T01:46:31.480+0000] {processor.py:183} INFO - Processing /home/airflow/.local/lib/python3.8/site-packages/airflow/example_dags/example_dag_decorator.py took 0.691 seconds
