[2026-06-16T01:08:17.958+0000] {processor.py:161} INFO - Started process (PID=106) to work on /home/airflow/.local/lib/python3.8/site-packages/airflow/example_dags/example_skip_dag.py
[2026-06-16T01:08:17.961+0000] {processor.py:830} INFO - Processing file /home/airflow/.local/lib/python3.8/site-packages/airflow/example_dags/example_skip_dag.py for tasks to queue
[2026-06-16T01:08:17.971+0000] {logging_mixin.py:188} INFO - [2026-06-16T01:08:17.970+0000] {dagbag.py:538} INFO - Filling up the DagBag from /home/airflow/.local/lib/python3.8/site-packages/airflow/example_dags/example_skip_dag.py
[2026-06-16T01:08:18.009+0000] {processor.py:840} INFO - DAG(s) 'example_skip_dag' retrieved from /home/airflow/.local/lib/python3.8/site-packages/airflow/example_dags/example_skip_dag.py
[2026-06-16T01:08:18.912+0000] {logging_mixin.py:188} INFO - [2026-06-16T01:08:18.911+0000] {dag.py:3036} INFO - Sync 1 DAGs
[2026-06-16T01:08:19.024+0000] {logging_mixin.py:188} INFO - [2026-06-16T01:08:19.023+0000] {dag.py:3823} INFO - Setting next_dagrun for example_skip_dag to 2026-06-15 00:00:00+00:00, run_after=2026-06-16 00:00:00+00:00
[2026-06-16T01:08:19.136+0000] {processor.py:183} INFO - Processing /home/airflow/.local/lib/python3.8/site-packages/airflow/example_dags/example_skip_dag.py took 1.203 seconds
[2026-06-16T01:09:06.337+0000] {processor.py:161} INFO - Started process (PID=168) to work on /home/airflow/.local/lib/python3.8/site-packages/airflow/example_dags/example_skip_dag.py
[2026-06-16T01:09:06.363+0000] {processor.py:830} INFO - Processing file /home/airflow/.local/lib/python3.8/site-packages/airflow/example_dags/example_skip_dag.py for tasks to queue
[2026-06-16T01:09:06.373+0000] {logging_mixin.py:188} INFO - [2026-06-16T01:09:06.373+0000] {dagbag.py:538} INFO - Filling up the DagBag from /home/airflow/.local/lib/python3.8/site-packages/airflow/example_dags/example_skip_dag.py
[2026-06-16T01:09:06.429+0000] {processor.py:840} INFO - DAG(s) 'example_skip_dag' retrieved from /home/airflow/.local/lib/python3.8/site-packages/airflow/example_dags/example_skip_dag.py
[2026-06-16T01:09:06.640+0000] {logging_mixin.py:188} INFO - [2026-06-16T01:09:06.639+0000] {dag.py:3036} INFO - Sync 1 DAGs
[2026-06-16T01:09:06.785+0000] {logging_mixin.py:188} INFO - [2026-06-16T01:09:06.785+0000] {dag.py:3823} INFO - Setting next_dagrun for example_skip_dag to 2026-06-15 00:00:00+00:00, run_after=2026-06-16 00:00:00+00:00
[2026-06-16T01:09:06.830+0000] {processor.py:183} INFO - Processing /home/airflow/.local/lib/python3.8/site-packages/airflow/example_dags/example_skip_dag.py took 0.514 seconds
[2026-06-16T01:09:39.248+0000] {processor.py:161} INFO - Started process (PID=224) to work on /home/airflow/.local/lib/python3.8/site-packages/airflow/example_dags/example_skip_dag.py
[2026-06-16T01:09:39.256+0000] {processor.py:830} INFO - Processing file /home/airflow/.local/lib/python3.8/site-packages/airflow/example_dags/example_skip_dag.py for tasks to queue
[2026-06-16T01:09:39.265+0000] {logging_mixin.py:188} INFO - [2026-06-16T01:09:39.264+0000] {dagbag.py:538} INFO - Filling up the DagBag from /home/airflow/.local/lib/python3.8/site-packages/airflow/example_dags/example_skip_dag.py
[2026-06-16T01:09:39.329+0000] {processor.py:840} INFO - DAG(s) 'example_skip_dag' retrieved from /home/airflow/.local/lib/python3.8/site-packages/airflow/example_dags/example_skip_dag.py
[2026-06-16T01:09:39.497+0000] {logging_mixin.py:188} INFO - [2026-06-16T01:09:39.496+0000] {dag.py:3036} INFO - Sync 1 DAGs
[2026-06-16T01:09:39.806+0000] {logging_mixin.py:188} INFO - [2026-06-16T01:09:39.806+0000] {dag.py:3823} INFO - Setting next_dagrun for example_skip_dag to 2026-06-15 00:00:00+00:00, run_after=2026-06-16 00:00:00+00:00
[2026-06-16T01:09:39.966+0000] {processor.py:183} INFO - Processing /home/airflow/.local/lib/python3.8/site-packages/airflow/example_dags/example_skip_dag.py took 0.751 seconds
[2026-06-16T01:10:10.846+0000] {processor.py:161} INFO - Started process (PID=280) to work on /home/airflow/.local/lib/python3.8/site-packages/airflow/example_dags/example_skip_dag.py
[2026-06-16T01:10:10.849+0000] {processor.py:830} INFO - Processing file /home/airflow/.local/lib/python3.8/site-packages/airflow/example_dags/example_skip_dag.py for tasks to queue
[2026-06-16T01:10:10.854+0000] {logging_mixin.py:188} INFO - [2026-06-16T01:10:10.853+0000] {dagbag.py:538} INFO - Filling up the DagBag from /home/airflow/.local/lib/python3.8/site-packages/airflow/example_dags/example_skip_dag.py
[2026-06-16T01:10:10.878+0000] {processor.py:840} INFO - DAG(s) 'example_skip_dag' retrieved from /home/airflow/.local/lib/python3.8/site-packages/airflow/example_dags/example_skip_dag.py
[2026-06-16T01:10:11.003+0000] {logging_mixin.py:188} INFO - [2026-06-16T01:10:11.003+0000] {dag.py:3036} INFO - Sync 1 DAGs
[2026-06-16T01:10:11.119+0000] {logging_mixin.py:188} INFO - [2026-06-16T01:10:11.119+0000] {dag.py:3823} INFO - Setting next_dagrun for example_skip_dag to 2026-06-15 00:00:00+00:00, run_after=2026-06-16 00:00:00+00:00
[2026-06-16T01:10:11.256+0000] {processor.py:183} INFO - Processing /home/airflow/.local/lib/python3.8/site-packages/airflow/example_dags/example_skip_dag.py took 0.421 seconds
[2026-06-16T01:10:43.007+0000] {processor.py:161} INFO - Started process (PID=336) to work on /home/airflow/.local/lib/python3.8/site-packages/airflow/example_dags/example_skip_dag.py
[2026-06-16T01:10:43.010+0000] {processor.py:830} INFO - Processing file /home/airflow/.local/lib/python3.8/site-packages/airflow/example_dags/example_skip_dag.py for tasks to queue
[2026-06-16T01:10:43.037+0000] {logging_mixin.py:188} INFO - [2026-06-16T01:10:43.036+0000] {dagbag.py:538} INFO - Filling up the DagBag from /home/airflow/.local/lib/python3.8/site-packages/airflow/example_dags/example_skip_dag.py
[2026-06-16T01:10:43.074+0000] {processor.py:840} INFO - DAG(s) 'example_skip_dag' retrieved from /home/airflow/.local/lib/python3.8/site-packages/airflow/example_dags/example_skip_dag.py
[2026-06-16T01:10:43.486+0000] {logging_mixin.py:188} INFO - [2026-06-16T01:10:43.485+0000] {dag.py:3036} INFO - Sync 1 DAGs
[2026-06-16T01:10:43.814+0000] {logging_mixin.py:188} INFO - [2026-06-16T01:10:43.813+0000] {dag.py:3823} INFO - Setting next_dagrun for example_skip_dag to 2026-06-15 00:00:00+00:00, run_after=2026-06-16 00:00:00+00:00
[2026-06-16T01:10:43.895+0000] {processor.py:183} INFO - Processing /home/airflow/.local/lib/python3.8/site-packages/airflow/example_dags/example_skip_dag.py took 0.903 seconds
[2026-06-16T01:11:14.345+0000] {processor.py:161} INFO - Started process (PID=391) to work on /home/airflow/.local/lib/python3.8/site-packages/airflow/example_dags/example_skip_dag.py
[2026-06-16T01:11:14.351+0000] {processor.py:830} INFO - Processing file /home/airflow/.local/lib/python3.8/site-packages/airflow/example_dags/example_skip_dag.py for tasks to queue
[2026-06-16T01:11:14.356+0000] {logging_mixin.py:188} INFO - [2026-06-16T01:11:14.355+0000] {dagbag.py:538} INFO - Filling up the DagBag from /home/airflow/.local/lib/python3.8/site-packages/airflow/example_dags/example_skip_dag.py
[2026-06-16T01:11:14.379+0000] {processor.py:840} INFO - DAG(s) 'example_skip_dag' retrieved from /home/airflow/.local/lib/python3.8/site-packages/airflow/example_dags/example_skip_dag.py
[2026-06-16T01:11:14.469+0000] {logging_mixin.py:188} INFO - [2026-06-16T01:11:14.468+0000] {dag.py:3036} INFO - Sync 1 DAGs
[2026-06-16T01:11:14.584+0000] {logging_mixin.py:188} INFO - [2026-06-16T01:11:14.583+0000] {dag.py:3823} INFO - Setting next_dagrun for example_skip_dag to 2026-06-15 00:00:00+00:00, run_after=2026-06-16 00:00:00+00:00
[2026-06-16T01:11:14.665+0000] {processor.py:183} INFO - Processing /home/airflow/.local/lib/python3.8/site-packages/airflow/example_dags/example_skip_dag.py took 0.332 seconds
[2026-06-16T01:11:45.551+0000] {processor.py:161} INFO - Started process (PID=447) to work on /home/airflow/.local/lib/python3.8/site-packages/airflow/example_dags/example_skip_dag.py
[2026-06-16T01:11:45.554+0000] {processor.py:830} INFO - Processing file /home/airflow/.local/lib/python3.8/site-packages/airflow/example_dags/example_skip_dag.py for tasks to queue
[2026-06-16T01:11:45.561+0000] {logging_mixin.py:188} INFO - [2026-06-16T01:11:45.560+0000] {dagbag.py:538} INFO - Filling up the DagBag from /home/airflow/.local/lib/python3.8/site-packages/airflow/example_dags/example_skip_dag.py
[2026-06-16T01:11:45.591+0000] {processor.py:840} INFO - DAG(s) 'example_skip_dag' retrieved from /home/airflow/.local/lib/python3.8/site-packages/airflow/example_dags/example_skip_dag.py
[2026-06-16T01:11:45.681+0000] {logging_mixin.py:188} INFO - [2026-06-16T01:11:45.680+0000] {dag.py:3036} INFO - Sync 1 DAGs
[2026-06-16T01:11:45.884+0000] {logging_mixin.py:188} INFO - [2026-06-16T01:11:45.883+0000] {dag.py:3823} INFO - Setting next_dagrun for example_skip_dag to 2026-06-15 00:00:00+00:00, run_after=2026-06-16 00:00:00+00:00
[2026-06-16T01:11:46.036+0000] {processor.py:183} INFO - Processing /home/airflow/.local/lib/python3.8/site-packages/airflow/example_dags/example_skip_dag.py took 0.498 seconds
[2026-06-16T01:12:16.524+0000] {processor.py:161} INFO - Started process (PID=503) to work on /home/airflow/.local/lib/python3.8/site-packages/airflow/example_dags/example_skip_dag.py
[2026-06-16T01:12:16.529+0000] {processor.py:830} INFO - Processing file /home/airflow/.local/lib/python3.8/site-packages/airflow/example_dags/example_skip_dag.py for tasks to queue
[2026-06-16T01:12:16.536+0000] {logging_mixin.py:188} INFO - [2026-06-16T01:12:16.535+0000] {dagbag.py:538} INFO - Filling up the DagBag from /home/airflow/.local/lib/python3.8/site-packages/airflow/example_dags/example_skip_dag.py
[2026-06-16T01:12:16.570+0000] {processor.py:840} INFO - DAG(s) 'example_skip_dag' retrieved from /home/airflow/.local/lib/python3.8/site-packages/airflow/example_dags/example_skip_dag.py
[2026-06-16T01:12:16.681+0000] {logging_mixin.py:188} INFO - [2026-06-16T01:12:16.679+0000] {dag.py:3036} INFO - Sync 1 DAGs
[2026-06-16T01:12:16.768+0000] {logging_mixin.py:188} INFO - [2026-06-16T01:12:16.767+0000] {dag.py:3823} INFO - Setting next_dagrun for example_skip_dag to 2026-06-15 00:00:00+00:00, run_after=2026-06-16 00:00:00+00:00
[2026-06-16T01:12:16.870+0000] {processor.py:183} INFO - Processing /home/airflow/.local/lib/python3.8/site-packages/airflow/example_dags/example_skip_dag.py took 0.359 seconds
[2026-06-16T01:12:47.264+0000] {processor.py:161} INFO - Started process (PID=559) to work on /home/airflow/.local/lib/python3.8/site-packages/airflow/example_dags/example_skip_dag.py
[2026-06-16T01:12:47.269+0000] {processor.py:830} INFO - Processing file /home/airflow/.local/lib/python3.8/site-packages/airflow/example_dags/example_skip_dag.py for tasks to queue
[2026-06-16T01:12:47.281+0000] {logging_mixin.py:188} INFO - [2026-06-16T01:12:47.280+0000] {dagbag.py:538} INFO - Filling up the DagBag from /home/airflow/.local/lib/python3.8/site-packages/airflow/example_dags/example_skip_dag.py
[2026-06-16T01:12:47.320+0000] {processor.py:840} INFO - DAG(s) 'example_skip_dag' retrieved from /home/airflow/.local/lib/python3.8/site-packages/airflow/example_dags/example_skip_dag.py
[2026-06-16T01:12:47.501+0000] {logging_mixin.py:188} INFO - [2026-06-16T01:12:47.500+0000] {dag.py:3036} INFO - Sync 1 DAGs
[2026-06-16T01:12:47.599+0000] {logging_mixin.py:188} INFO - [2026-06-16T01:12:47.598+0000] {dag.py:3823} INFO - Setting next_dagrun for example_skip_dag to 2026-06-15 00:00:00+00:00, run_after=2026-06-16 00:00:00+00:00
[2026-06-16T01:12:47.830+0000] {processor.py:183} INFO - Processing /home/airflow/.local/lib/python3.8/site-packages/airflow/example_dags/example_skip_dag.py took 0.583 seconds
[2026-06-16T01:13:18.297+0000] {processor.py:161} INFO - Started process (PID=615) to work on /home/airflow/.local/lib/python3.8/site-packages/airflow/example_dags/example_skip_dag.py
[2026-06-16T01:13:18.301+0000] {processor.py:830} INFO - Processing file /home/airflow/.local/lib/python3.8/site-packages/airflow/example_dags/example_skip_dag.py for tasks to queue
[2026-06-16T01:13:18.309+0000] {logging_mixin.py:188} INFO - [2026-06-16T01:13:18.308+0000] {dagbag.py:538} INFO - Filling up the DagBag from /home/airflow/.local/lib/python3.8/site-packages/airflow/example_dags/example_skip_dag.py
[2026-06-16T01:13:18.339+0000] {processor.py:840} INFO - DAG(s) 'example_skip_dag' retrieved from /home/airflow/.local/lib/python3.8/site-packages/airflow/example_dags/example_skip_dag.py
[2026-06-16T01:13:18.507+0000] {logging_mixin.py:188} INFO - [2026-06-16T01:13:18.506+0000] {dag.py:3036} INFO - Sync 1 DAGs
[2026-06-16T01:13:18.707+0000] {logging_mixin.py:188} INFO - [2026-06-16T01:13:18.707+0000] {dag.py:3823} INFO - Setting next_dagrun for example_skip_dag to 2026-06-15 00:00:00+00:00, run_after=2026-06-16 00:00:00+00:00
[2026-06-16T01:13:18.802+0000] {processor.py:183} INFO - Processing /home/airflow/.local/lib/python3.8/site-packages/airflow/example_dags/example_skip_dag.py took 0.516 seconds
[2026-06-16T01:13:49.239+0000] {processor.py:161} INFO - Started process (PID=671) to work on /home/airflow/.local/lib/python3.8/site-packages/airflow/example_dags/example_skip_dag.py
[2026-06-16T01:13:49.244+0000] {processor.py:830} INFO - Processing file /home/airflow/.local/lib/python3.8/site-packages/airflow/example_dags/example_skip_dag.py for tasks to queue
[2026-06-16T01:13:49.253+0000] {logging_mixin.py:188} INFO - [2026-06-16T01:13:49.253+0000] {dagbag.py:538} INFO - Filling up the DagBag from /home/airflow/.local/lib/python3.8/site-packages/airflow/example_dags/example_skip_dag.py
[2026-06-16T01:13:49.293+0000] {processor.py:840} INFO - DAG(s) 'example_skip_dag' retrieved from /home/airflow/.local/lib/python3.8/site-packages/airflow/example_dags/example_skip_dag.py
[2026-06-16T01:13:49.381+0000] {logging_mixin.py:188} INFO - [2026-06-16T01:13:49.380+0000] {dag.py:3036} INFO - Sync 1 DAGs
[2026-06-16T01:13:49.549+0000] {logging_mixin.py:188} INFO - [2026-06-16T01:13:49.548+0000] {dag.py:3823} INFO - Setting next_dagrun for example_skip_dag to 2026-06-15 00:00:00+00:00, run_after=2026-06-16 00:00:00+00:00
[2026-06-16T01:13:49.636+0000] {processor.py:183} INFO - Processing /home/airflow/.local/lib/python3.8/site-packages/airflow/example_dags/example_skip_dag.py took 0.407 seconds
[2026-06-16T01:14:21.789+0000] {processor.py:161} INFO - Started process (PID=726) to work on /home/airflow/.local/lib/python3.8/site-packages/airflow/example_dags/example_skip_dag.py
[2026-06-16T01:14:21.800+0000] {processor.py:830} INFO - Processing file /home/airflow/.local/lib/python3.8/site-packages/airflow/example_dags/example_skip_dag.py for tasks to queue
[2026-06-16T01:14:21.809+0000] {logging_mixin.py:188} INFO - [2026-06-16T01:14:21.808+0000] {dagbag.py:538} INFO - Filling up the DagBag from /home/airflow/.local/lib/python3.8/site-packages/airflow/example_dags/example_skip_dag.py
[2026-06-16T01:14:21.832+0000] {processor.py:840} INFO - DAG(s) 'example_skip_dag' retrieved from /home/airflow/.local/lib/python3.8/site-packages/airflow/example_dags/example_skip_dag.py
[2026-06-16T01:14:22.168+0000] {logging_mixin.py:188} INFO - [2026-06-16T01:14:22.159+0000] {dag.py:3036} INFO - Sync 1 DAGs
[2026-06-16T01:14:22.481+0000] {logging_mixin.py:188} INFO - [2026-06-16T01:14:22.472+0000] {dag.py:3823} INFO - Setting next_dagrun for example_skip_dag to 2026-06-15 00:00:00+00:00, run_after=2026-06-16 00:00:00+00:00
[2026-06-16T01:14:22.656+0000] {processor.py:183} INFO - Processing /home/airflow/.local/lib/python3.8/site-packages/airflow/example_dags/example_skip_dag.py took 0.877 seconds
[2026-06-16T01:14:53.219+0000] {processor.py:161} INFO - Started process (PID=782) to work on /home/airflow/.local/lib/python3.8/site-packages/airflow/example_dags/example_skip_dag.py
[2026-06-16T01:14:53.226+0000] {processor.py:830} INFO - Processing file /home/airflow/.local/lib/python3.8/site-packages/airflow/example_dags/example_skip_dag.py for tasks to queue
[2026-06-16T01:14:53.242+0000] {logging_mixin.py:188} INFO - [2026-06-16T01:14:53.236+0000] {dagbag.py:538} INFO - Filling up the DagBag from /home/airflow/.local/lib/python3.8/site-packages/airflow/example_dags/example_skip_dag.py
[2026-06-16T01:14:53.271+0000] {processor.py:840} INFO - DAG(s) 'example_skip_dag' retrieved from /home/airflow/.local/lib/python3.8/site-packages/airflow/example_dags/example_skip_dag.py
[2026-06-16T01:14:53.560+0000] {logging_mixin.py:188} INFO - [2026-06-16T01:14:53.559+0000] {dag.py:3036} INFO - Sync 1 DAGs
[2026-06-16T01:14:53.794+0000] {logging_mixin.py:188} INFO - [2026-06-16T01:14:53.793+0000] {dag.py:3823} INFO - Setting next_dagrun for example_skip_dag to 2026-06-15 00:00:00+00:00, run_after=2026-06-16 00:00:00+00:00
[2026-06-16T01:14:53.965+0000] {processor.py:183} INFO - Processing /home/airflow/.local/lib/python3.8/site-packages/airflow/example_dags/example_skip_dag.py took 0.764 seconds
[2026-06-16T01:15:25.010+0000] {processor.py:161} INFO - Started process (PID=838) to work on /home/airflow/.local/lib/python3.8/site-packages/airflow/example_dags/example_skip_dag.py
[2026-06-16T01:15:25.013+0000] {processor.py:830} INFO - Processing file /home/airflow/.local/lib/python3.8/site-packages/airflow/example_dags/example_skip_dag.py for tasks to queue
[2026-06-16T01:15:25.020+0000] {logging_mixin.py:188} INFO - [2026-06-16T01:15:25.019+0000] {dagbag.py:538} INFO - Filling up the DagBag from /home/airflow/.local/lib/python3.8/site-packages/airflow/example_dags/example_skip_dag.py
[2026-06-16T01:15:25.060+0000] {processor.py:840} INFO - DAG(s) 'example_skip_dag' retrieved from /home/airflow/.local/lib/python3.8/site-packages/airflow/example_dags/example_skip_dag.py
[2026-06-16T01:15:25.186+0000] {logging_mixin.py:188} INFO - [2026-06-16T01:15:25.185+0000] {dag.py:3036} INFO - Sync 1 DAGs
[2026-06-16T01:15:25.386+0000] {logging_mixin.py:188} INFO - [2026-06-16T01:15:25.382+0000] {dag.py:3823} INFO - Setting next_dagrun for example_skip_dag to 2026-06-15 00:00:00+00:00, run_after=2026-06-16 00:00:00+00:00
[2026-06-16T01:15:25.514+0000] {processor.py:183} INFO - Processing /home/airflow/.local/lib/python3.8/site-packages/airflow/example_dags/example_skip_dag.py took 0.524 seconds
[2026-06-16T01:16:01.749+0000] {processor.py:161} INFO - Started process (PID=894) to work on /home/airflow/.local/lib/python3.8/site-packages/airflow/example_dags/example_skip_dag.py
[2026-06-16T01:16:01.754+0000] {processor.py:830} INFO - Processing file /home/airflow/.local/lib/python3.8/site-packages/airflow/example_dags/example_skip_dag.py for tasks to queue
[2026-06-16T01:16:01.760+0000] {logging_mixin.py:188} INFO - [2026-06-16T01:16:01.760+0000] {dagbag.py:538} INFO - Filling up the DagBag from /home/airflow/.local/lib/python3.8/site-packages/airflow/example_dags/example_skip_dag.py
[2026-06-16T01:16:01.799+0000] {processor.py:840} INFO - DAG(s) 'example_skip_dag' retrieved from /home/airflow/.local/lib/python3.8/site-packages/airflow/example_dags/example_skip_dag.py
[2026-06-16T01:16:02.181+0000] {logging_mixin.py:188} INFO - [2026-06-16T01:16:02.180+0000] {dag.py:3036} INFO - Sync 1 DAGs
[2026-06-16T01:16:02.426+0000] {logging_mixin.py:188} INFO - [2026-06-16T01:16:02.425+0000] {dag.py:3823} INFO - Setting next_dagrun for example_skip_dag to 2026-06-15 00:00:00+00:00, run_after=2026-06-16 00:00:00+00:00
[2026-06-16T01:16:02.832+0000] {processor.py:183} INFO - Processing /home/airflow/.local/lib/python3.8/site-packages/airflow/example_dags/example_skip_dag.py took 1.092 seconds
[2026-06-16T01:16:35.168+0000] {processor.py:161} INFO - Started process (PID=949) to work on /home/airflow/.local/lib/python3.8/site-packages/airflow/example_dags/example_skip_dag.py
[2026-06-16T01:16:35.171+0000] {processor.py:830} INFO - Processing file /home/airflow/.local/lib/python3.8/site-packages/airflow/example_dags/example_skip_dag.py for tasks to queue
[2026-06-16T01:16:35.178+0000] {logging_mixin.py:188} INFO - [2026-06-16T01:16:35.177+0000] {dagbag.py:538} INFO - Filling up the DagBag from /home/airflow/.local/lib/python3.8/site-packages/airflow/example_dags/example_skip_dag.py
[2026-06-16T01:16:35.201+0000] {processor.py:840} INFO - DAG(s) 'example_skip_dag' retrieved from /home/airflow/.local/lib/python3.8/site-packages/airflow/example_dags/example_skip_dag.py
[2026-06-16T01:16:35.684+0000] {logging_mixin.py:188} INFO - [2026-06-16T01:16:35.682+0000] {dag.py:3036} INFO - Sync 1 DAGs
[2026-06-16T01:16:36.145+0000] {logging_mixin.py:188} INFO - [2026-06-16T01:16:36.144+0000] {dag.py:3823} INFO - Setting next_dagrun for example_skip_dag to 2026-06-15 00:00:00+00:00, run_after=2026-06-16 00:00:00+00:00
[2026-06-16T01:16:36.451+0000] {processor.py:183} INFO - Processing /home/airflow/.local/lib/python3.8/site-packages/airflow/example_dags/example_skip_dag.py took 1.293 seconds
[2026-06-16T01:17:06.847+0000] {processor.py:161} INFO - Started process (PID=1004) to work on /home/airflow/.local/lib/python3.8/site-packages/airflow/example_dags/example_skip_dag.py
[2026-06-16T01:17:06.850+0000] {processor.py:830} INFO - Processing file /home/airflow/.local/lib/python3.8/site-packages/airflow/example_dags/example_skip_dag.py for tasks to queue
[2026-06-16T01:17:06.856+0000] {logging_mixin.py:188} INFO - [2026-06-16T01:17:06.856+0000] {dagbag.py:538} INFO - Filling up the DagBag from /home/airflow/.local/lib/python3.8/site-packages/airflow/example_dags/example_skip_dag.py
[2026-06-16T01:17:06.898+0000] {processor.py:840} INFO - DAG(s) 'example_skip_dag' retrieved from /home/airflow/.local/lib/python3.8/site-packages/airflow/example_dags/example_skip_dag.py
[2026-06-16T01:17:06.980+0000] {logging_mixin.py:188} INFO - [2026-06-16T01:17:06.980+0000] {dag.py:3036} INFO - Sync 1 DAGs
[2026-06-16T01:17:07.170+0000] {logging_mixin.py:188} INFO - [2026-06-16T01:17:07.169+0000] {dag.py:3823} INFO - Setting next_dagrun for example_skip_dag to 2026-06-15 00:00:00+00:00, run_after=2026-06-16 00:00:00+00:00
[2026-06-16T01:17:07.242+0000] {processor.py:183} INFO - Processing /home/airflow/.local/lib/python3.8/site-packages/airflow/example_dags/example_skip_dag.py took 0.405 seconds
[2026-06-16T01:17:37.535+0000] {processor.py:161} INFO - Started process (PID=1059) to work on /home/airflow/.local/lib/python3.8/site-packages/airflow/example_dags/example_skip_dag.py
[2026-06-16T01:17:37.540+0000] {processor.py:830} INFO - Processing file /home/airflow/.local/lib/python3.8/site-packages/airflow/example_dags/example_skip_dag.py for tasks to queue
[2026-06-16T01:17:37.548+0000] {logging_mixin.py:188} INFO - [2026-06-16T01:17:37.547+0000] {dagbag.py:538} INFO - Filling up the DagBag from /home/airflow/.local/lib/python3.8/site-packages/airflow/example_dags/example_skip_dag.py
[2026-06-16T01:17:37.578+0000] {processor.py:840} INFO - DAG(s) 'example_skip_dag' retrieved from /home/airflow/.local/lib/python3.8/site-packages/airflow/example_dags/example_skip_dag.py
[2026-06-16T01:17:37.676+0000] {logging_mixin.py:188} INFO - [2026-06-16T01:17:37.674+0000] {dag.py:3036} INFO - Sync 1 DAGs
[2026-06-16T01:17:37.778+0000] {logging_mixin.py:188} INFO - [2026-06-16T01:17:37.777+0000] {dag.py:3823} INFO - Setting next_dagrun for example_skip_dag to 2026-06-15 00:00:00+00:00, run_after=2026-06-16 00:00:00+00:00
[2026-06-16T01:17:37.888+0000] {processor.py:183} INFO - Processing /home/airflow/.local/lib/python3.8/site-packages/airflow/example_dags/example_skip_dag.py took 0.366 seconds
[2026-06-16T01:18:08.533+0000] {processor.py:161} INFO - Started process (PID=1115) to work on /home/airflow/.local/lib/python3.8/site-packages/airflow/example_dags/example_skip_dag.py
[2026-06-16T01:18:08.537+0000] {processor.py:830} INFO - Processing file /home/airflow/.local/lib/python3.8/site-packages/airflow/example_dags/example_skip_dag.py for tasks to queue
[2026-06-16T01:18:08.550+0000] {logging_mixin.py:188} INFO - [2026-06-16T01:18:08.549+0000] {dagbag.py:538} INFO - Filling up the DagBag from /home/airflow/.local/lib/python3.8/site-packages/airflow/example_dags/example_skip_dag.py
[2026-06-16T01:18:08.596+0000] {processor.py:840} INFO - DAG(s) 'example_skip_dag' retrieved from /home/airflow/.local/lib/python3.8/site-packages/airflow/example_dags/example_skip_dag.py
[2026-06-16T01:18:08.739+0000] {logging_mixin.py:188} INFO - [2026-06-16T01:18:08.739+0000] {dag.py:3036} INFO - Sync 1 DAGs
[2026-06-16T01:18:08.881+0000] {logging_mixin.py:188} INFO - [2026-06-16T01:18:08.880+0000] {dag.py:3823} INFO - Setting next_dagrun for example_skip_dag to 2026-06-15 00:00:00+00:00, run_after=2026-06-16 00:00:00+00:00
[2026-06-16T01:18:09.045+0000] {processor.py:183} INFO - Processing /home/airflow/.local/lib/python3.8/site-packages/airflow/example_dags/example_skip_dag.py took 0.531 seconds
[2026-06-16T01:18:39.621+0000] {processor.py:161} INFO - Started process (PID=1171) to work on /home/airflow/.local/lib/python3.8/site-packages/airflow/example_dags/example_skip_dag.py
[2026-06-16T01:18:39.627+0000] {processor.py:830} INFO - Processing file /home/airflow/.local/lib/python3.8/site-packages/airflow/example_dags/example_skip_dag.py for tasks to queue
[2026-06-16T01:18:39.633+0000] {logging_mixin.py:188} INFO - [2026-06-16T01:18:39.632+0000] {dagbag.py:538} INFO - Filling up the DagBag from /home/airflow/.local/lib/python3.8/site-packages/airflow/example_dags/example_skip_dag.py
[2026-06-16T01:18:39.667+0000] {processor.py:840} INFO - DAG(s) 'example_skip_dag' retrieved from /home/airflow/.local/lib/python3.8/site-packages/airflow/example_dags/example_skip_dag.py
[2026-06-16T01:18:39.755+0000] {logging_mixin.py:188} INFO - [2026-06-16T01:18:39.754+0000] {dag.py:3036} INFO - Sync 1 DAGs
[2026-06-16T01:18:39.848+0000] {logging_mixin.py:188} INFO - [2026-06-16T01:18:39.847+0000] {dag.py:3823} INFO - Setting next_dagrun for example_skip_dag to 2026-06-15 00:00:00+00:00, run_after=2026-06-16 00:00:00+00:00
[2026-06-16T01:18:39.913+0000] {processor.py:183} INFO - Processing /home/airflow/.local/lib/python3.8/site-packages/airflow/example_dags/example_skip_dag.py took 0.305 seconds
[2026-06-16T01:19:10.850+0000] {processor.py:161} INFO - Started process (PID=1226) to work on /home/airflow/.local/lib/python3.8/site-packages/airflow/example_dags/example_skip_dag.py
[2026-06-16T01:19:10.855+0000] {processor.py:830} INFO - Processing file /home/airflow/.local/lib/python3.8/site-packages/airflow/example_dags/example_skip_dag.py for tasks to queue
[2026-06-16T01:19:10.862+0000] {logging_mixin.py:188} INFO - [2026-06-16T01:19:10.861+0000] {dagbag.py:538} INFO - Filling up the DagBag from /home/airflow/.local/lib/python3.8/site-packages/airflow/example_dags/example_skip_dag.py
[2026-06-16T01:19:10.908+0000] {processor.py:840} INFO - DAG(s) 'example_skip_dag' retrieved from /home/airflow/.local/lib/python3.8/site-packages/airflow/example_dags/example_skip_dag.py
[2026-06-16T01:19:11.259+0000] {logging_mixin.py:188} INFO - [2026-06-16T01:19:11.258+0000] {dag.py:3036} INFO - Sync 1 DAGs
[2026-06-16T01:19:11.520+0000] {logging_mixin.py:188} INFO - [2026-06-16T01:19:11.520+0000] {dag.py:3823} INFO - Setting next_dagrun for example_skip_dag to 2026-06-15 00:00:00+00:00, run_after=2026-06-16 00:00:00+00:00
[2026-06-16T01:19:11.883+0000] {processor.py:183} INFO - Processing /home/airflow/.local/lib/python3.8/site-packages/airflow/example_dags/example_skip_dag.py took 1.044 seconds
[2026-06-16T01:19:42.166+0000] {processor.py:161} INFO - Started process (PID=1282) to work on /home/airflow/.local/lib/python3.8/site-packages/airflow/example_dags/example_skip_dag.py
[2026-06-16T01:19:42.170+0000] {processor.py:830} INFO - Processing file /home/airflow/.local/lib/python3.8/site-packages/airflow/example_dags/example_skip_dag.py for tasks to queue
[2026-06-16T01:19:42.180+0000] {logging_mixin.py:188} INFO - [2026-06-16T01:19:42.179+0000] {dagbag.py:538} INFO - Filling up the DagBag from /home/airflow/.local/lib/python3.8/site-packages/airflow/example_dags/example_skip_dag.py
[2026-06-16T01:19:42.206+0000] {processor.py:840} INFO - DAG(s) 'example_skip_dag' retrieved from /home/airflow/.local/lib/python3.8/site-packages/airflow/example_dags/example_skip_dag.py
[2026-06-16T01:19:42.306+0000] {logging_mixin.py:188} INFO - [2026-06-16T01:19:42.305+0000] {dag.py:3036} INFO - Sync 1 DAGs
[2026-06-16T01:19:42.477+0000] {logging_mixin.py:188} INFO - [2026-06-16T01:19:42.476+0000] {dag.py:3823} INFO - Setting next_dagrun for example_skip_dag to 2026-06-15 00:00:00+00:00, run_after=2026-06-16 00:00:00+00:00
[2026-06-16T01:19:42.555+0000] {processor.py:183} INFO - Processing /home/airflow/.local/lib/python3.8/site-packages/airflow/example_dags/example_skip_dag.py took 0.402 seconds
[2026-06-16T01:20:12.822+0000] {processor.py:161} INFO - Started process (PID=1338) to work on /home/airflow/.local/lib/python3.8/site-packages/airflow/example_dags/example_skip_dag.py
[2026-06-16T01:20:12.824+0000] {processor.py:830} INFO - Processing file /home/airflow/.local/lib/python3.8/site-packages/airflow/example_dags/example_skip_dag.py for tasks to queue
[2026-06-16T01:20:12.833+0000] {logging_mixin.py:188} INFO - [2026-06-16T01:20:12.832+0000] {dagbag.py:538} INFO - Filling up the DagBag from /home/airflow/.local/lib/python3.8/site-packages/airflow/example_dags/example_skip_dag.py
[2026-06-16T01:20:12.922+0000] {processor.py:840} INFO - DAG(s) 'example_skip_dag' retrieved from /home/airflow/.local/lib/python3.8/site-packages/airflow/example_dags/example_skip_dag.py
[2026-06-16T01:20:13.156+0000] {logging_mixin.py:188} INFO - [2026-06-16T01:20:13.155+0000] {dag.py:3036} INFO - Sync 1 DAGs
[2026-06-16T01:20:13.385+0000] {logging_mixin.py:188} INFO - [2026-06-16T01:20:13.385+0000] {dag.py:3823} INFO - Setting next_dagrun for example_skip_dag to 2026-06-15 00:00:00+00:00, run_after=2026-06-16 00:00:00+00:00
[2026-06-16T01:20:13.554+0000] {processor.py:183} INFO - Processing /home/airflow/.local/lib/python3.8/site-packages/airflow/example_dags/example_skip_dag.py took 0.742 seconds
[2026-06-16T01:20:43.627+0000] {processor.py:161} INFO - Started process (PID=1394) to work on /home/airflow/.local/lib/python3.8/site-packages/airflow/example_dags/example_skip_dag.py
[2026-06-16T01:20:43.631+0000] {processor.py:830} INFO - Processing file /home/airflow/.local/lib/python3.8/site-packages/airflow/example_dags/example_skip_dag.py for tasks to queue
[2026-06-16T01:20:43.643+0000] {logging_mixin.py:188} INFO - [2026-06-16T01:20:43.641+0000] {dagbag.py:538} INFO - Filling up the DagBag from /home/airflow/.local/lib/python3.8/site-packages/airflow/example_dags/example_skip_dag.py
[2026-06-16T01:20:43.695+0000] {processor.py:840} INFO - DAG(s) 'example_skip_dag' retrieved from /home/airflow/.local/lib/python3.8/site-packages/airflow/example_dags/example_skip_dag.py
[2026-06-16T01:20:43.799+0000] {logging_mixin.py:188} INFO - [2026-06-16T01:20:43.798+0000] {dag.py:3036} INFO - Sync 1 DAGs
[2026-06-16T01:20:43.914+0000] {logging_mixin.py:188} INFO - [2026-06-16T01:20:43.913+0000] {dag.py:3823} INFO - Setting next_dagrun for example_skip_dag to 2026-06-15 00:00:00+00:00, run_after=2026-06-16 00:00:00+00:00
[2026-06-16T01:20:43.980+0000] {processor.py:183} INFO - Processing /home/airflow/.local/lib/python3.8/site-packages/airflow/example_dags/example_skip_dag.py took 0.364 seconds
[2026-06-16T01:21:14.918+0000] {processor.py:161} INFO - Started process (PID=1450) to work on /home/airflow/.local/lib/python3.8/site-packages/airflow/example_dags/example_skip_dag.py
[2026-06-16T01:21:14.921+0000] {processor.py:830} INFO - Processing file /home/airflow/.local/lib/python3.8/site-packages/airflow/example_dags/example_skip_dag.py for tasks to queue
[2026-06-16T01:21:14.926+0000] {logging_mixin.py:188} INFO - [2026-06-16T01:21:14.925+0000] {dagbag.py:538} INFO - Filling up the DagBag from /home/airflow/.local/lib/python3.8/site-packages/airflow/example_dags/example_skip_dag.py
[2026-06-16T01:21:14.945+0000] {processor.py:840} INFO - DAG(s) 'example_skip_dag' retrieved from /home/airflow/.local/lib/python3.8/site-packages/airflow/example_dags/example_skip_dag.py
[2026-06-16T01:21:15.025+0000] {logging_mixin.py:188} INFO - [2026-06-16T01:21:15.025+0000] {dag.py:3036} INFO - Sync 1 DAGs
[2026-06-16T01:21:15.110+0000] {logging_mixin.py:188} INFO - [2026-06-16T01:21:15.108+0000] {dag.py:3823} INFO - Setting next_dagrun for example_skip_dag to 2026-06-15 00:00:00+00:00, run_after=2026-06-16 00:00:00+00:00
[2026-06-16T01:21:15.206+0000] {processor.py:183} INFO - Processing /home/airflow/.local/lib/python3.8/site-packages/airflow/example_dags/example_skip_dag.py took 0.303 seconds
[2026-06-16T01:21:45.839+0000] {processor.py:161} INFO - Started process (PID=1506) to work on /home/airflow/.local/lib/python3.8/site-packages/airflow/example_dags/example_skip_dag.py
[2026-06-16T01:21:45.847+0000] {processor.py:830} INFO - Processing file /home/airflow/.local/lib/python3.8/site-packages/airflow/example_dags/example_skip_dag.py for tasks to queue
[2026-06-16T01:21:45.854+0000] {logging_mixin.py:188} INFO - [2026-06-16T01:21:45.853+0000] {dagbag.py:538} INFO - Filling up the DagBag from /home/airflow/.local/lib/python3.8/site-packages/airflow/example_dags/example_skip_dag.py
[2026-06-16T01:21:45.886+0000] {processor.py:840} INFO - DAG(s) 'example_skip_dag' retrieved from /home/airflow/.local/lib/python3.8/site-packages/airflow/example_dags/example_skip_dag.py
[2026-06-16T01:21:46.069+0000] {logging_mixin.py:188} INFO - [2026-06-16T01:21:46.068+0000] {dag.py:3036} INFO - Sync 1 DAGs
[2026-06-16T01:21:46.154+0000] {logging_mixin.py:188} INFO - [2026-06-16T01:21:46.153+0000] {dag.py:3823} INFO - Setting next_dagrun for example_skip_dag to 2026-06-15 00:00:00+00:00, run_after=2026-06-16 00:00:00+00:00
[2026-06-16T01:21:46.227+0000] {processor.py:183} INFO - Processing /home/airflow/.local/lib/python3.8/site-packages/airflow/example_dags/example_skip_dag.py took 0.400 seconds
[2026-06-16T01:22:16.579+0000] {processor.py:161} INFO - Started process (PID=1569) to work on /home/airflow/.local/lib/python3.8/site-packages/airflow/example_dags/example_skip_dag.py
[2026-06-16T01:22:16.586+0000] {processor.py:830} INFO - Processing file /home/airflow/.local/lib/python3.8/site-packages/airflow/example_dags/example_skip_dag.py for tasks to queue
[2026-06-16T01:22:16.597+0000] {logging_mixin.py:188} INFO - [2026-06-16T01:22:16.596+0000] {dagbag.py:538} INFO - Filling up the DagBag from /home/airflow/.local/lib/python3.8/site-packages/airflow/example_dags/example_skip_dag.py
[2026-06-16T01:22:16.701+0000] {processor.py:840} INFO - DAG(s) 'example_skip_dag' retrieved from /home/airflow/.local/lib/python3.8/site-packages/airflow/example_dags/example_skip_dag.py
[2026-06-16T01:22:16.808+0000] {logging_mixin.py:188} INFO - [2026-06-16T01:22:16.802+0000] {dag.py:3036} INFO - Sync 1 DAGs
[2026-06-16T01:22:17.067+0000] {logging_mixin.py:188} INFO - [2026-06-16T01:22:17.066+0000] {dag.py:3823} INFO - Setting next_dagrun for example_skip_dag to 2026-06-15 00:00:00+00:00, run_after=2026-06-16 00:00:00+00:00
[2026-06-16T01:22:17.190+0000] {processor.py:183} INFO - Processing /home/airflow/.local/lib/python3.8/site-packages/airflow/example_dags/example_skip_dag.py took 0.631 seconds
[2026-06-16T01:22:47.922+0000] {processor.py:161} INFO - Started process (PID=1625) to work on /home/airflow/.local/lib/python3.8/site-packages/airflow/example_dags/example_skip_dag.py
[2026-06-16T01:22:47.926+0000] {processor.py:830} INFO - Processing file /home/airflow/.local/lib/python3.8/site-packages/airflow/example_dags/example_skip_dag.py for tasks to queue
[2026-06-16T01:22:47.939+0000] {logging_mixin.py:188} INFO - [2026-06-16T01:22:47.938+0000] {dagbag.py:538} INFO - Filling up the DagBag from /home/airflow/.local/lib/python3.8/site-packages/airflow/example_dags/example_skip_dag.py
[2026-06-16T01:22:47.979+0000] {processor.py:840} INFO - DAG(s) 'example_skip_dag' retrieved from /home/airflow/.local/lib/python3.8/site-packages/airflow/example_dags/example_skip_dag.py
[2026-06-16T01:22:48.077+0000] {logging_mixin.py:188} INFO - [2026-06-16T01:22:48.074+0000] {dag.py:3036} INFO - Sync 1 DAGs
[2026-06-16T01:22:48.188+0000] {logging_mixin.py:188} INFO - [2026-06-16T01:22:48.187+0000] {dag.py:3823} INFO - Setting next_dagrun for example_skip_dag to 2026-06-15 00:00:00+00:00, run_after=2026-06-16 00:00:00+00:00
[2026-06-16T01:22:48.278+0000] {processor.py:183} INFO - Processing /home/airflow/.local/lib/python3.8/site-packages/airflow/example_dags/example_skip_dag.py took 0.428 seconds
[2026-06-16T01:23:18.975+0000] {processor.py:161} INFO - Started process (PID=1680) to work on /home/airflow/.local/lib/python3.8/site-packages/airflow/example_dags/example_skip_dag.py
[2026-06-16T01:23:18.979+0000] {processor.py:830} INFO - Processing file /home/airflow/.local/lib/python3.8/site-packages/airflow/example_dags/example_skip_dag.py for tasks to queue
[2026-06-16T01:23:18.985+0000] {logging_mixin.py:188} INFO - [2026-06-16T01:23:18.984+0000] {dagbag.py:538} INFO - Filling up the DagBag from /home/airflow/.local/lib/python3.8/site-packages/airflow/example_dags/example_skip_dag.py
[2026-06-16T01:23:19.011+0000] {processor.py:840} INFO - DAG(s) 'example_skip_dag' retrieved from /home/airflow/.local/lib/python3.8/site-packages/airflow/example_dags/example_skip_dag.py
[2026-06-16T01:23:19.197+0000] {logging_mixin.py:188} INFO - [2026-06-16T01:23:19.195+0000] {dag.py:3036} INFO - Sync 1 DAGs
[2026-06-16T01:23:19.398+0000] {logging_mixin.py:188} INFO - [2026-06-16T01:23:19.397+0000] {dag.py:3823} INFO - Setting next_dagrun for example_skip_dag to 2026-06-15 00:00:00+00:00, run_after=2026-06-16 00:00:00+00:00
[2026-06-16T01:23:19.524+0000] {processor.py:183} INFO - Processing /home/airflow/.local/lib/python3.8/site-packages/airflow/example_dags/example_skip_dag.py took 0.560 seconds
[2026-06-16T01:23:53.818+0000] {processor.py:161} INFO - Started process (PID=1732) to work on /home/airflow/.local/lib/python3.8/site-packages/airflow/example_dags/example_skip_dag.py
[2026-06-16T01:23:53.835+0000] {processor.py:830} INFO - Processing file /home/airflow/.local/lib/python3.8/site-packages/airflow/example_dags/example_skip_dag.py for tasks to queue
[2026-06-16T01:23:53.842+0000] {logging_mixin.py:188} INFO - [2026-06-16T01:23:53.840+0000] {dagbag.py:538} INFO - Filling up the DagBag from /home/airflow/.local/lib/python3.8/site-packages/airflow/example_dags/example_skip_dag.py
[2026-06-16T01:23:53.861+0000] {processor.py:840} INFO - DAG(s) 'example_skip_dag' retrieved from /home/airflow/.local/lib/python3.8/site-packages/airflow/example_dags/example_skip_dag.py
[2026-06-16T01:23:53.920+0000] {logging_mixin.py:188} INFO - [2026-06-16T01:23:53.919+0000] {dag.py:3036} INFO - Sync 1 DAGs
[2026-06-16T01:23:53.978+0000] {logging_mixin.py:188} INFO - [2026-06-16T01:23:53.978+0000] {dag.py:3823} INFO - Setting next_dagrun for example_skip_dag to 2026-06-15 00:00:00+00:00, run_after=2026-06-16 00:00:00+00:00
[2026-06-16T01:23:54.057+0000] {processor.py:183} INFO - Processing /home/airflow/.local/lib/python3.8/site-packages/airflow/example_dags/example_skip_dag.py took 0.263 seconds
[2026-06-16T01:24:24.776+0000] {processor.py:161} INFO - Started process (PID=1788) to work on /home/airflow/.local/lib/python3.8/site-packages/airflow/example_dags/example_skip_dag.py
[2026-06-16T01:24:24.778+0000] {processor.py:830} INFO - Processing file /home/airflow/.local/lib/python3.8/site-packages/airflow/example_dags/example_skip_dag.py for tasks to queue
[2026-06-16T01:24:24.786+0000] {logging_mixin.py:188} INFO - [2026-06-16T01:24:24.785+0000] {dagbag.py:538} INFO - Filling up the DagBag from /home/airflow/.local/lib/python3.8/site-packages/airflow/example_dags/example_skip_dag.py
[2026-06-16T01:24:24.814+0000] {processor.py:840} INFO - DAG(s) 'example_skip_dag' retrieved from /home/airflow/.local/lib/python3.8/site-packages/airflow/example_dags/example_skip_dag.py
[2026-06-16T01:24:24.884+0000] {logging_mixin.py:188} INFO - [2026-06-16T01:24:24.883+0000] {dag.py:3036} INFO - Sync 1 DAGs
[2026-06-16T01:24:24.961+0000] {logging_mixin.py:188} INFO - [2026-06-16T01:24:24.961+0000] {dag.py:3823} INFO - Setting next_dagrun for example_skip_dag to 2026-06-15 00:00:00+00:00, run_after=2026-06-16 00:00:00+00:00
[2026-06-16T01:24:25.034+0000] {processor.py:183} INFO - Processing /home/airflow/.local/lib/python3.8/site-packages/airflow/example_dags/example_skip_dag.py took 0.269 seconds
[2026-06-16T01:24:55.568+0000] {processor.py:161} INFO - Started process (PID=1844) to work on /home/airflow/.local/lib/python3.8/site-packages/airflow/example_dags/example_skip_dag.py
[2026-06-16T01:24:55.569+0000] {processor.py:830} INFO - Processing file /home/airflow/.local/lib/python3.8/site-packages/airflow/example_dags/example_skip_dag.py for tasks to queue
[2026-06-16T01:24:55.573+0000] {logging_mixin.py:188} INFO - [2026-06-16T01:24:55.572+0000] {dagbag.py:538} INFO - Filling up the DagBag from /home/airflow/.local/lib/python3.8/site-packages/airflow/example_dags/example_skip_dag.py
[2026-06-16T01:24:55.586+0000] {processor.py:840} INFO - DAG(s) 'example_skip_dag' retrieved from /home/airflow/.local/lib/python3.8/site-packages/airflow/example_dags/example_skip_dag.py
[2026-06-16T01:24:55.629+0000] {logging_mixin.py:188} INFO - [2026-06-16T01:24:55.629+0000] {dag.py:3036} INFO - Sync 1 DAGs
[2026-06-16T01:24:55.673+0000] {logging_mixin.py:188} INFO - [2026-06-16T01:24:55.673+0000] {dag.py:3823} INFO - Setting next_dagrun for example_skip_dag to 2026-06-15 00:00:00+00:00, run_after=2026-06-16 00:00:00+00:00
[2026-06-16T01:24:55.710+0000] {processor.py:183} INFO - Processing /home/airflow/.local/lib/python3.8/site-packages/airflow/example_dags/example_skip_dag.py took 0.148 seconds
[2026-06-16T01:25:26.086+0000] {processor.py:161} INFO - Started process (PID=1900) to work on /home/airflow/.local/lib/python3.8/site-packages/airflow/example_dags/example_skip_dag.py
[2026-06-16T01:25:26.089+0000] {processor.py:830} INFO - Processing file /home/airflow/.local/lib/python3.8/site-packages/airflow/example_dags/example_skip_dag.py for tasks to queue
[2026-06-16T01:25:26.093+0000] {logging_mixin.py:188} INFO - [2026-06-16T01:25:26.092+0000] {dagbag.py:538} INFO - Filling up the DagBag from /home/airflow/.local/lib/python3.8/site-packages/airflow/example_dags/example_skip_dag.py
[2026-06-16T01:25:26.107+0000] {processor.py:840} INFO - DAG(s) 'example_skip_dag' retrieved from /home/airflow/.local/lib/python3.8/site-packages/airflow/example_dags/example_skip_dag.py
[2026-06-16T01:25:26.155+0000] {logging_mixin.py:188} INFO - [2026-06-16T01:25:26.154+0000] {dag.py:3036} INFO - Sync 1 DAGs
[2026-06-16T01:25:26.208+0000] {logging_mixin.py:188} INFO - [2026-06-16T01:25:26.208+0000] {dag.py:3823} INFO - Setting next_dagrun for example_skip_dag to 2026-06-15 00:00:00+00:00, run_after=2026-06-16 00:00:00+00:00
[2026-06-16T01:25:26.255+0000] {processor.py:183} INFO - Processing /home/airflow/.local/lib/python3.8/site-packages/airflow/example_dags/example_skip_dag.py took 0.176 seconds
[2026-06-16T01:25:56.834+0000] {processor.py:161} INFO - Started process (PID=1954) to work on /home/airflow/.local/lib/python3.8/site-packages/airflow/example_dags/example_skip_dag.py
[2026-06-16T01:25:56.836+0000] {processor.py:830} INFO - Processing file /home/airflow/.local/lib/python3.8/site-packages/airflow/example_dags/example_skip_dag.py for tasks to queue
[2026-06-16T01:25:56.840+0000] {logging_mixin.py:188} INFO - [2026-06-16T01:25:56.840+0000] {dagbag.py:538} INFO - Filling up the DagBag from /home/airflow/.local/lib/python3.8/site-packages/airflow/example_dags/example_skip_dag.py
[2026-06-16T01:25:56.856+0000] {processor.py:840} INFO - DAG(s) 'example_skip_dag' retrieved from /home/airflow/.local/lib/python3.8/site-packages/airflow/example_dags/example_skip_dag.py
[2026-06-16T01:25:56.913+0000] {logging_mixin.py:188} INFO - [2026-06-16T01:25:56.913+0000] {dag.py:3036} INFO - Sync 1 DAGs
[2026-06-16T01:25:56.960+0000] {logging_mixin.py:188} INFO - [2026-06-16T01:25:56.959+0000] {dag.py:3823} INFO - Setting next_dagrun for example_skip_dag to 2026-06-15 00:00:00+00:00, run_after=2026-06-16 00:00:00+00:00
[2026-06-16T01:25:57.003+0000] {processor.py:183} INFO - Processing /home/airflow/.local/lib/python3.8/site-packages/airflow/example_dags/example_skip_dag.py took 0.175 seconds
[2026-06-16T01:26:32.550+0000] {processor.py:161} INFO - Started process (PID=2010) to work on /home/airflow/.local/lib/python3.8/site-packages/airflow/example_dags/example_skip_dag.py
[2026-06-16T01:26:32.553+0000] {processor.py:830} INFO - Processing file /home/airflow/.local/lib/python3.8/site-packages/airflow/example_dags/example_skip_dag.py for tasks to queue
[2026-06-16T01:26:32.559+0000] {logging_mixin.py:188} INFO - [2026-06-16T01:26:32.558+0000] {dagbag.py:538} INFO - Filling up the DagBag from /home/airflow/.local/lib/python3.8/site-packages/airflow/example_dags/example_skip_dag.py
[2026-06-16T01:26:32.601+0000] {processor.py:840} INFO - DAG(s) 'example_skip_dag' retrieved from /home/airflow/.local/lib/python3.8/site-packages/airflow/example_dags/example_skip_dag.py
[2026-06-16T01:26:32.722+0000] {logging_mixin.py:188} INFO - [2026-06-16T01:26:32.722+0000] {dag.py:3036} INFO - Sync 1 DAGs
[2026-06-16T01:26:32.884+0000] {logging_mixin.py:188} INFO - [2026-06-16T01:26:32.879+0000] {dag.py:3823} INFO - Setting next_dagrun for example_skip_dag to 2026-06-15 00:00:00+00:00, run_after=2026-06-16 00:00:00+00:00
[2026-06-16T01:26:32.996+0000] {processor.py:183} INFO - Processing /home/airflow/.local/lib/python3.8/site-packages/airflow/example_dags/example_skip_dag.py took 0.455 seconds
[2026-06-16T01:27:03.849+0000] {processor.py:161} INFO - Started process (PID=2066) to work on /home/airflow/.local/lib/python3.8/site-packages/airflow/example_dags/example_skip_dag.py
[2026-06-16T01:27:03.851+0000] {processor.py:830} INFO - Processing file /home/airflow/.local/lib/python3.8/site-packages/airflow/example_dags/example_skip_dag.py for tasks to queue
[2026-06-16T01:27:03.855+0000] {logging_mixin.py:188} INFO - [2026-06-16T01:27:03.855+0000] {dagbag.py:538} INFO - Filling up the DagBag from /home/airflow/.local/lib/python3.8/site-packages/airflow/example_dags/example_skip_dag.py
[2026-06-16T01:27:03.874+0000] {processor.py:840} INFO - DAG(s) 'example_skip_dag' retrieved from /home/airflow/.local/lib/python3.8/site-packages/airflow/example_dags/example_skip_dag.py
[2026-06-16T01:27:03.944+0000] {logging_mixin.py:188} INFO - [2026-06-16T01:27:03.943+0000] {dag.py:3036} INFO - Sync 1 DAGs
[2026-06-16T01:27:04.017+0000] {logging_mixin.py:188} INFO - [2026-06-16T01:27:04.016+0000] {dag.py:3823} INFO - Setting next_dagrun for example_skip_dag to 2026-06-15 00:00:00+00:00, run_after=2026-06-16 00:00:00+00:00
[2026-06-16T01:27:04.426+0000] {processor.py:183} INFO - Processing /home/airflow/.local/lib/python3.8/site-packages/airflow/example_dags/example_skip_dag.py took 0.585 seconds
[2026-06-16T01:27:34.853+0000] {processor.py:161} INFO - Started process (PID=2122) to work on /home/airflow/.local/lib/python3.8/site-packages/airflow/example_dags/example_skip_dag.py
[2026-06-16T01:27:34.864+0000] {processor.py:830} INFO - Processing file /home/airflow/.local/lib/python3.8/site-packages/airflow/example_dags/example_skip_dag.py for tasks to queue
[2026-06-16T01:27:34.884+0000] {logging_mixin.py:188} INFO - [2026-06-16T01:27:34.883+0000] {dagbag.py:538} INFO - Filling up the DagBag from /home/airflow/.local/lib/python3.8/site-packages/airflow/example_dags/example_skip_dag.py
[2026-06-16T01:27:34.955+0000] {processor.py:840} INFO - DAG(s) 'example_skip_dag' retrieved from /home/airflow/.local/lib/python3.8/site-packages/airflow/example_dags/example_skip_dag.py
[2026-06-16T01:27:35.069+0000] {logging_mixin.py:188} INFO - [2026-06-16T01:27:35.068+0000] {dag.py:3036} INFO - Sync 1 DAGs
[2026-06-16T01:27:35.214+0000] {logging_mixin.py:188} INFO - [2026-06-16T01:27:35.213+0000] {dag.py:3823} INFO - Setting next_dagrun for example_skip_dag to 2026-06-15 00:00:00+00:00, run_after=2026-06-16 00:00:00+00:00
[2026-06-16T01:27:35.321+0000] {processor.py:183} INFO - Processing /home/airflow/.local/lib/python3.8/site-packages/airflow/example_dags/example_skip_dag.py took 0.497 seconds
[2026-06-16T01:28:05.976+0000] {processor.py:161} INFO - Started process (PID=2178) to work on /home/airflow/.local/lib/python3.8/site-packages/airflow/example_dags/example_skip_dag.py
[2026-06-16T01:28:05.978+0000] {processor.py:830} INFO - Processing file /home/airflow/.local/lib/python3.8/site-packages/airflow/example_dags/example_skip_dag.py for tasks to queue
[2026-06-16T01:28:05.984+0000] {logging_mixin.py:188} INFO - [2026-06-16T01:28:05.983+0000] {dagbag.py:538} INFO - Filling up the DagBag from /home/airflow/.local/lib/python3.8/site-packages/airflow/example_dags/example_skip_dag.py
[2026-06-16T01:28:06.001+0000] {processor.py:840} INFO - DAG(s) 'example_skip_dag' retrieved from /home/airflow/.local/lib/python3.8/site-packages/airflow/example_dags/example_skip_dag.py
[2026-06-16T01:28:06.054+0000] {logging_mixin.py:188} INFO - [2026-06-16T01:28:06.053+0000] {dag.py:3036} INFO - Sync 1 DAGs
[2026-06-16T01:28:06.099+0000] {logging_mixin.py:188} INFO - [2026-06-16T01:28:06.099+0000] {dag.py:3823} INFO - Setting next_dagrun for example_skip_dag to 2026-06-15 00:00:00+00:00, run_after=2026-06-16 00:00:00+00:00
[2026-06-16T01:28:06.143+0000] {processor.py:183} INFO - Processing /home/airflow/.local/lib/python3.8/site-packages/airflow/example_dags/example_skip_dag.py took 0.178 seconds
[2026-06-16T01:28:36.989+0000] {processor.py:161} INFO - Started process (PID=2234) to work on /home/airflow/.local/lib/python3.8/site-packages/airflow/example_dags/example_skip_dag.py
[2026-06-16T01:28:36.991+0000] {processor.py:830} INFO - Processing file /home/airflow/.local/lib/python3.8/site-packages/airflow/example_dags/example_skip_dag.py for tasks to queue
[2026-06-16T01:28:37.003+0000] {logging_mixin.py:188} INFO - [2026-06-16T01:28:37.002+0000] {dagbag.py:538} INFO - Filling up the DagBag from /home/airflow/.local/lib/python3.8/site-packages/airflow/example_dags/example_skip_dag.py
[2026-06-16T01:28:37.148+0000] {processor.py:840} INFO - DAG(s) 'example_skip_dag' retrieved from /home/airflow/.local/lib/python3.8/site-packages/airflow/example_dags/example_skip_dag.py
[2026-06-16T01:28:37.242+0000] {logging_mixin.py:188} INFO - [2026-06-16T01:28:37.241+0000] {dag.py:3036} INFO - Sync 1 DAGs
[2026-06-16T01:28:37.404+0000] {logging_mixin.py:188} INFO - [2026-06-16T01:28:37.366+0000] {dag.py:3823} INFO - Setting next_dagrun for example_skip_dag to 2026-06-15 00:00:00+00:00, run_after=2026-06-16 00:00:00+00:00
[2026-06-16T01:28:37.680+0000] {processor.py:183} INFO - Processing /home/airflow/.local/lib/python3.8/site-packages/airflow/example_dags/example_skip_dag.py took 0.700 seconds
[2026-06-16T01:29:07.969+0000] {processor.py:161} INFO - Started process (PID=2290) to work on /home/airflow/.local/lib/python3.8/site-packages/airflow/example_dags/example_skip_dag.py
[2026-06-16T01:29:07.971+0000] {processor.py:830} INFO - Processing file /home/airflow/.local/lib/python3.8/site-packages/airflow/example_dags/example_skip_dag.py for tasks to queue
[2026-06-16T01:29:07.977+0000] {logging_mixin.py:188} INFO - [2026-06-16T01:29:07.976+0000] {dagbag.py:538} INFO - Filling up the DagBag from /home/airflow/.local/lib/python3.8/site-packages/airflow/example_dags/example_skip_dag.py
[2026-06-16T01:29:07.996+0000] {processor.py:840} INFO - DAG(s) 'example_skip_dag' retrieved from /home/airflow/.local/lib/python3.8/site-packages/airflow/example_dags/example_skip_dag.py
[2026-06-16T01:29:08.078+0000] {logging_mixin.py:188} INFO - [2026-06-16T01:29:08.078+0000] {dag.py:3036} INFO - Sync 1 DAGs
[2026-06-16T01:29:08.139+0000] {logging_mixin.py:188} INFO - [2026-06-16T01:29:08.139+0000] {dag.py:3823} INFO - Setting next_dagrun for example_skip_dag to 2026-06-15 00:00:00+00:00, run_after=2026-06-16 00:00:00+00:00
[2026-06-16T01:29:08.193+0000] {processor.py:183} INFO - Processing /home/airflow/.local/lib/python3.8/site-packages/airflow/example_dags/example_skip_dag.py took 0.237 seconds
[2026-06-16T01:29:38.351+0000] {processor.py:161} INFO - Started process (PID=2346) to work on /home/airflow/.local/lib/python3.8/site-packages/airflow/example_dags/example_skip_dag.py
[2026-06-16T01:29:38.354+0000] {processor.py:830} INFO - Processing file /home/airflow/.local/lib/python3.8/site-packages/airflow/example_dags/example_skip_dag.py for tasks to queue
[2026-06-16T01:29:38.361+0000] {logging_mixin.py:188} INFO - [2026-06-16T01:29:38.359+0000] {dagbag.py:538} INFO - Filling up the DagBag from /home/airflow/.local/lib/python3.8/site-packages/airflow/example_dags/example_skip_dag.py
[2026-06-16T01:29:38.393+0000] {processor.py:840} INFO - DAG(s) 'example_skip_dag' retrieved from /home/airflow/.local/lib/python3.8/site-packages/airflow/example_dags/example_skip_dag.py
[2026-06-16T01:29:38.497+0000] {logging_mixin.py:188} INFO - [2026-06-16T01:29:38.497+0000] {dag.py:3036} INFO - Sync 1 DAGs
[2026-06-16T01:29:38.577+0000] {logging_mixin.py:188} INFO - [2026-06-16T01:29:38.574+0000] {dag.py:3823} INFO - Setting next_dagrun for example_skip_dag to 2026-06-15 00:00:00+00:00, run_after=2026-06-16 00:00:00+00:00
[2026-06-16T01:29:38.644+0000] {processor.py:183} INFO - Processing /home/airflow/.local/lib/python3.8/site-packages/airflow/example_dags/example_skip_dag.py took 0.314 seconds
[2026-06-16T01:30:09.150+0000] {processor.py:161} INFO - Started process (PID=2402) to work on /home/airflow/.local/lib/python3.8/site-packages/airflow/example_dags/example_skip_dag.py
[2026-06-16T01:30:09.154+0000] {processor.py:830} INFO - Processing file /home/airflow/.local/lib/python3.8/site-packages/airflow/example_dags/example_skip_dag.py for tasks to queue
[2026-06-16T01:30:09.160+0000] {logging_mixin.py:188} INFO - [2026-06-16T01:30:09.158+0000] {dagbag.py:538} INFO - Filling up the DagBag from /home/airflow/.local/lib/python3.8/site-packages/airflow/example_dags/example_skip_dag.py
[2026-06-16T01:30:09.183+0000] {processor.py:840} INFO - DAG(s) 'example_skip_dag' retrieved from /home/airflow/.local/lib/python3.8/site-packages/airflow/example_dags/example_skip_dag.py
[2026-06-16T01:30:09.327+0000] {logging_mixin.py:188} INFO - [2026-06-16T01:30:09.326+0000] {dag.py:3036} INFO - Sync 1 DAGs
[2026-06-16T01:30:09.590+0000] {logging_mixin.py:188} INFO - [2026-06-16T01:30:09.586+0000] {dag.py:3823} INFO - Setting next_dagrun for example_skip_dag to 2026-06-15 00:00:00+00:00, run_after=2026-06-16 00:00:00+00:00
[2026-06-16T01:30:09.892+0000] {processor.py:183} INFO - Processing /home/airflow/.local/lib/python3.8/site-packages/airflow/example_dags/example_skip_dag.py took 0.764 seconds
[2026-06-16T01:30:40.505+0000] {processor.py:161} INFO - Started process (PID=2459) to work on /home/airflow/.local/lib/python3.8/site-packages/airflow/example_dags/example_skip_dag.py
[2026-06-16T01:30:40.507+0000] {processor.py:830} INFO - Processing file /home/airflow/.local/lib/python3.8/site-packages/airflow/example_dags/example_skip_dag.py for tasks to queue
[2026-06-16T01:30:40.511+0000] {logging_mixin.py:188} INFO - [2026-06-16T01:30:40.510+0000] {dagbag.py:538} INFO - Filling up the DagBag from /home/airflow/.local/lib/python3.8/site-packages/airflow/example_dags/example_skip_dag.py
[2026-06-16T01:30:40.531+0000] {processor.py:840} INFO - DAG(s) 'example_skip_dag' retrieved from /home/airflow/.local/lib/python3.8/site-packages/airflow/example_dags/example_skip_dag.py
[2026-06-16T01:30:40.593+0000] {logging_mixin.py:188} INFO - [2026-06-16T01:30:40.593+0000] {dag.py:3036} INFO - Sync 1 DAGs
[2026-06-16T01:30:40.648+0000] {logging_mixin.py:188} INFO - [2026-06-16T01:30:40.648+0000] {dag.py:3823} INFO - Setting next_dagrun for example_skip_dag to 2026-06-15 00:00:00+00:00, run_after=2026-06-16 00:00:00+00:00
[2026-06-16T01:30:40.704+0000] {processor.py:183} INFO - Processing /home/airflow/.local/lib/python3.8/site-packages/airflow/example_dags/example_skip_dag.py took 0.206 seconds
[2026-06-16T01:31:10.860+0000] {processor.py:161} INFO - Started process (PID=2515) to work on /home/airflow/.local/lib/python3.8/site-packages/airflow/example_dags/example_skip_dag.py
[2026-06-16T01:31:10.866+0000] {processor.py:830} INFO - Processing file /home/airflow/.local/lib/python3.8/site-packages/airflow/example_dags/example_skip_dag.py for tasks to queue
[2026-06-16T01:31:10.871+0000] {logging_mixin.py:188} INFO - [2026-06-16T01:31:10.870+0000] {dagbag.py:538} INFO - Filling up the DagBag from /home/airflow/.local/lib/python3.8/site-packages/airflow/example_dags/example_skip_dag.py
[2026-06-16T01:31:10.892+0000] {processor.py:840} INFO - DAG(s) 'example_skip_dag' retrieved from /home/airflow/.local/lib/python3.8/site-packages/airflow/example_dags/example_skip_dag.py
[2026-06-16T01:31:10.955+0000] {logging_mixin.py:188} INFO - [2026-06-16T01:31:10.955+0000] {dag.py:3036} INFO - Sync 1 DAGs
[2026-06-16T01:31:11.022+0000] {logging_mixin.py:188} INFO - [2026-06-16T01:31:11.021+0000] {dag.py:3823} INFO - Setting next_dagrun for example_skip_dag to 2026-06-15 00:00:00+00:00, run_after=2026-06-16 00:00:00+00:00
[2026-06-16T01:31:11.094+0000] {processor.py:183} INFO - Processing /home/airflow/.local/lib/python3.8/site-packages/airflow/example_dags/example_skip_dag.py took 0.241 seconds
[2026-06-16T01:31:41.989+0000] {processor.py:161} INFO - Started process (PID=2571) to work on /home/airflow/.local/lib/python3.8/site-packages/airflow/example_dags/example_skip_dag.py
[2026-06-16T01:31:41.992+0000] {processor.py:830} INFO - Processing file /home/airflow/.local/lib/python3.8/site-packages/airflow/example_dags/example_skip_dag.py for tasks to queue
[2026-06-16T01:31:41.996+0000] {logging_mixin.py:188} INFO - [2026-06-16T01:31:41.995+0000] {dagbag.py:538} INFO - Filling up the DagBag from /home/airflow/.local/lib/python3.8/site-packages/airflow/example_dags/example_skip_dag.py
[2026-06-16T01:31:42.016+0000] {processor.py:840} INFO - DAG(s) 'example_skip_dag' retrieved from /home/airflow/.local/lib/python3.8/site-packages/airflow/example_dags/example_skip_dag.py
[2026-06-16T01:31:42.072+0000] {logging_mixin.py:188} INFO - [2026-06-16T01:31:42.071+0000] {dag.py:3036} INFO - Sync 1 DAGs
[2026-06-16T01:31:42.334+0000] {logging_mixin.py:188} INFO - [2026-06-16T01:31:42.334+0000] {dag.py:3823} INFO - Setting next_dagrun for example_skip_dag to 2026-06-15 00:00:00+00:00, run_after=2026-06-16 00:00:00+00:00
[2026-06-16T01:31:42.384+0000] {processor.py:183} INFO - Processing /home/airflow/.local/lib/python3.8/site-packages/airflow/example_dags/example_skip_dag.py took 0.401 seconds
[2026-06-16T01:32:12.754+0000] {processor.py:161} INFO - Started process (PID=2631) to work on /home/airflow/.local/lib/python3.8/site-packages/airflow/example_dags/example_skip_dag.py
[2026-06-16T01:32:12.759+0000] {processor.py:830} INFO - Processing file /home/airflow/.local/lib/python3.8/site-packages/airflow/example_dags/example_skip_dag.py for tasks to queue
[2026-06-16T01:32:12.788+0000] {logging_mixin.py:188} INFO - [2026-06-16T01:32:12.788+0000] {dagbag.py:538} INFO - Filling up the DagBag from /home/airflow/.local/lib/python3.8/site-packages/airflow/example_dags/example_skip_dag.py
[2026-06-16T01:32:12.839+0000] {processor.py:840} INFO - DAG(s) 'example_skip_dag' retrieved from /home/airflow/.local/lib/python3.8/site-packages/airflow/example_dags/example_skip_dag.py
[2026-06-16T01:32:12.921+0000] {logging_mixin.py:188} INFO - [2026-06-16T01:32:12.920+0000] {dag.py:3036} INFO - Sync 1 DAGs
[2026-06-16T01:32:13.030+0000] {logging_mixin.py:188} INFO - [2026-06-16T01:32:13.029+0000] {dag.py:3823} INFO - Setting next_dagrun for example_skip_dag to 2026-06-15 00:00:00+00:00, run_after=2026-06-16 00:00:00+00:00
[2026-06-16T01:32:13.342+0000] {processor.py:183} INFO - Processing /home/airflow/.local/lib/python3.8/site-packages/airflow/example_dags/example_skip_dag.py took 0.602 seconds
[2026-06-16T01:32:43.685+0000] {processor.py:161} INFO - Started process (PID=2687) to work on /home/airflow/.local/lib/python3.8/site-packages/airflow/example_dags/example_skip_dag.py
[2026-06-16T01:32:43.687+0000] {processor.py:830} INFO - Processing file /home/airflow/.local/lib/python3.8/site-packages/airflow/example_dags/example_skip_dag.py for tasks to queue
[2026-06-16T01:32:43.697+0000] {logging_mixin.py:188} INFO - [2026-06-16T01:32:43.696+0000] {dagbag.py:538} INFO - Filling up the DagBag from /home/airflow/.local/lib/python3.8/site-packages/airflow/example_dags/example_skip_dag.py
[2026-06-16T01:32:43.716+0000] {processor.py:840} INFO - DAG(s) 'example_skip_dag' retrieved from /home/airflow/.local/lib/python3.8/site-packages/airflow/example_dags/example_skip_dag.py
[2026-06-16T01:32:43.779+0000] {logging_mixin.py:188} INFO - [2026-06-16T01:32:43.778+0000] {dag.py:3036} INFO - Sync 1 DAGs
[2026-06-16T01:32:43.850+0000] {logging_mixin.py:188} INFO - [2026-06-16T01:32:43.850+0000] {dag.py:3823} INFO - Setting next_dagrun for example_skip_dag to 2026-06-15 00:00:00+00:00, run_after=2026-06-16 00:00:00+00:00
[2026-06-16T01:32:43.905+0000] {processor.py:183} INFO - Processing /home/airflow/.local/lib/python3.8/site-packages/airflow/example_dags/example_skip_dag.py took 0.229 seconds
[2026-06-16T01:33:14.088+0000] {processor.py:161} INFO - Started process (PID=2743) to work on /home/airflow/.local/lib/python3.8/site-packages/airflow/example_dags/example_skip_dag.py
[2026-06-16T01:33:14.091+0000] {processor.py:830} INFO - Processing file /home/airflow/.local/lib/python3.8/site-packages/airflow/example_dags/example_skip_dag.py for tasks to queue
[2026-06-16T01:33:14.095+0000] {logging_mixin.py:188} INFO - [2026-06-16T01:33:14.094+0000] {dagbag.py:538} INFO - Filling up the DagBag from /home/airflow/.local/lib/python3.8/site-packages/airflow/example_dags/example_skip_dag.py
[2026-06-16T01:33:14.112+0000] {processor.py:840} INFO - DAG(s) 'example_skip_dag' retrieved from /home/airflow/.local/lib/python3.8/site-packages/airflow/example_dags/example_skip_dag.py
[2026-06-16T01:33:14.174+0000] {logging_mixin.py:188} INFO - [2026-06-16T01:33:14.174+0000] {dag.py:3036} INFO - Sync 1 DAGs
[2026-06-16T01:33:14.223+0000] {logging_mixin.py:188} INFO - [2026-06-16T01:33:14.222+0000] {dag.py:3823} INFO - Setting next_dagrun for example_skip_dag to 2026-06-15 00:00:00+00:00, run_after=2026-06-16 00:00:00+00:00
[2026-06-16T01:33:14.279+0000] {processor.py:183} INFO - Processing /home/airflow/.local/lib/python3.8/site-packages/airflow/example_dags/example_skip_dag.py took 0.199 seconds
[2026-06-16T01:33:44.715+0000] {processor.py:161} INFO - Started process (PID=2799) to work on /home/airflow/.local/lib/python3.8/site-packages/airflow/example_dags/example_skip_dag.py
[2026-06-16T01:33:44.717+0000] {processor.py:830} INFO - Processing file /home/airflow/.local/lib/python3.8/site-packages/airflow/example_dags/example_skip_dag.py for tasks to queue
[2026-06-16T01:33:44.721+0000] {logging_mixin.py:188} INFO - [2026-06-16T01:33:44.720+0000] {dagbag.py:538} INFO - Filling up the DagBag from /home/airflow/.local/lib/python3.8/site-packages/airflow/example_dags/example_skip_dag.py
[2026-06-16T01:33:44.740+0000] {processor.py:840} INFO - DAG(s) 'example_skip_dag' retrieved from /home/airflow/.local/lib/python3.8/site-packages/airflow/example_dags/example_skip_dag.py
[2026-06-16T01:33:44.810+0000] {logging_mixin.py:188} INFO - [2026-06-16T01:33:44.810+0000] {dag.py:3036} INFO - Sync 1 DAGs
[2026-06-16T01:33:44.877+0000] {logging_mixin.py:188} INFO - [2026-06-16T01:33:44.877+0000] {dag.py:3823} INFO - Setting next_dagrun for example_skip_dag to 2026-06-15 00:00:00+00:00, run_after=2026-06-16 00:00:00+00:00
[2026-06-16T01:33:44.934+0000] {processor.py:183} INFO - Processing /home/airflow/.local/lib/python3.8/site-packages/airflow/example_dags/example_skip_dag.py took 0.227 seconds
[2026-06-16T01:34:15.017+0000] {processor.py:161} INFO - Started process (PID=2855) to work on /home/airflow/.local/lib/python3.8/site-packages/airflow/example_dags/example_skip_dag.py
[2026-06-16T01:34:15.022+0000] {processor.py:830} INFO - Processing file /home/airflow/.local/lib/python3.8/site-packages/airflow/example_dags/example_skip_dag.py for tasks to queue
[2026-06-16T01:34:15.045+0000] {logging_mixin.py:188} INFO - [2026-06-16T01:34:15.044+0000] {dagbag.py:538} INFO - Filling up the DagBag from /home/airflow/.local/lib/python3.8/site-packages/airflow/example_dags/example_skip_dag.py
[2026-06-16T01:34:15.080+0000] {processor.py:840} INFO - DAG(s) 'example_skip_dag' retrieved from /home/airflow/.local/lib/python3.8/site-packages/airflow/example_dags/example_skip_dag.py
[2026-06-16T01:34:15.158+0000] {logging_mixin.py:188} INFO - [2026-06-16T01:34:15.158+0000] {dag.py:3036} INFO - Sync 1 DAGs
[2026-06-16T01:34:15.486+0000] {logging_mixin.py:188} INFO - [2026-06-16T01:34:15.486+0000] {dag.py:3823} INFO - Setting next_dagrun for example_skip_dag to 2026-06-15 00:00:00+00:00, run_after=2026-06-16 00:00:00+00:00
[2026-06-16T01:34:15.544+0000] {processor.py:183} INFO - Processing /home/airflow/.local/lib/python3.8/site-packages/airflow/example_dags/example_skip_dag.py took 0.542 seconds
[2026-06-16T01:34:46.360+0000] {processor.py:161} INFO - Started process (PID=2910) to work on /home/airflow/.local/lib/python3.8/site-packages/airflow/example_dags/example_skip_dag.py
[2026-06-16T01:34:46.362+0000] {processor.py:830} INFO - Processing file /home/airflow/.local/lib/python3.8/site-packages/airflow/example_dags/example_skip_dag.py for tasks to queue
[2026-06-16T01:34:46.367+0000] {logging_mixin.py:188} INFO - [2026-06-16T01:34:46.366+0000] {dagbag.py:538} INFO - Filling up the DagBag from /home/airflow/.local/lib/python3.8/site-packages/airflow/example_dags/example_skip_dag.py
[2026-06-16T01:34:46.383+0000] {processor.py:840} INFO - DAG(s) 'example_skip_dag' retrieved from /home/airflow/.local/lib/python3.8/site-packages/airflow/example_dags/example_skip_dag.py
[2026-06-16T01:34:46.439+0000] {logging_mixin.py:188} INFO - [2026-06-16T01:34:46.439+0000] {dag.py:3036} INFO - Sync 1 DAGs
[2026-06-16T01:34:46.491+0000] {logging_mixin.py:188} INFO - [2026-06-16T01:34:46.490+0000] {dag.py:3823} INFO - Setting next_dagrun for example_skip_dag to 2026-06-15 00:00:00+00:00, run_after=2026-06-16 00:00:00+00:00
[2026-06-16T01:34:46.771+0000] {processor.py:183} INFO - Processing /home/airflow/.local/lib/python3.8/site-packages/airflow/example_dags/example_skip_dag.py took 0.420 seconds
[2026-06-16T01:35:16.966+0000] {processor.py:161} INFO - Started process (PID=2966) to work on /home/airflow/.local/lib/python3.8/site-packages/airflow/example_dags/example_skip_dag.py
[2026-06-16T01:35:16.968+0000] {processor.py:830} INFO - Processing file /home/airflow/.local/lib/python3.8/site-packages/airflow/example_dags/example_skip_dag.py for tasks to queue
[2026-06-16T01:35:16.971+0000] {logging_mixin.py:188} INFO - [2026-06-16T01:35:16.971+0000] {dagbag.py:538} INFO - Filling up the DagBag from /home/airflow/.local/lib/python3.8/site-packages/airflow/example_dags/example_skip_dag.py
[2026-06-16T01:35:16.988+0000] {processor.py:840} INFO - DAG(s) 'example_skip_dag' retrieved from /home/airflow/.local/lib/python3.8/site-packages/airflow/example_dags/example_skip_dag.py
[2026-06-16T01:35:17.049+0000] {logging_mixin.py:188} INFO - [2026-06-16T01:35:17.049+0000] {dag.py:3036} INFO - Sync 1 DAGs
[2026-06-16T01:35:17.108+0000] {logging_mixin.py:188} INFO - [2026-06-16T01:35:17.108+0000] {dag.py:3823} INFO - Setting next_dagrun for example_skip_dag to 2026-06-15 00:00:00+00:00, run_after=2026-06-16 00:00:00+00:00
[2026-06-16T01:35:17.160+0000] {processor.py:183} INFO - Processing /home/airflow/.local/lib/python3.8/site-packages/airflow/example_dags/example_skip_dag.py took 0.201 seconds
[2026-06-16T01:35:47.418+0000] {processor.py:161} INFO - Started process (PID=3022) to work on /home/airflow/.local/lib/python3.8/site-packages/airflow/example_dags/example_skip_dag.py
[2026-06-16T01:35:47.421+0000] {processor.py:830} INFO - Processing file /home/airflow/.local/lib/python3.8/site-packages/airflow/example_dags/example_skip_dag.py for tasks to queue
[2026-06-16T01:35:47.426+0000] {logging_mixin.py:188} INFO - [2026-06-16T01:35:47.425+0000] {dagbag.py:538} INFO - Filling up the DagBag from /home/airflow/.local/lib/python3.8/site-packages/airflow/example_dags/example_skip_dag.py
[2026-06-16T01:35:47.446+0000] {processor.py:840} INFO - DAG(s) 'example_skip_dag' retrieved from /home/airflow/.local/lib/python3.8/site-packages/airflow/example_dags/example_skip_dag.py
[2026-06-16T01:35:47.508+0000] {logging_mixin.py:188} INFO - [2026-06-16T01:35:47.508+0000] {dag.py:3036} INFO - Sync 1 DAGs
[2026-06-16T01:35:47.570+0000] {logging_mixin.py:188} INFO - [2026-06-16T01:35:47.570+0000] {dag.py:3823} INFO - Setting next_dagrun for example_skip_dag to 2026-06-15 00:00:00+00:00, run_after=2026-06-16 00:00:00+00:00
[2026-06-16T01:35:47.624+0000] {processor.py:183} INFO - Processing /home/airflow/.local/lib/python3.8/site-packages/airflow/example_dags/example_skip_dag.py took 0.214 seconds
[2026-06-16T01:36:17.929+0000] {processor.py:161} INFO - Started process (PID=3078) to work on /home/airflow/.local/lib/python3.8/site-packages/airflow/example_dags/example_skip_dag.py
[2026-06-16T01:36:17.931+0000] {processor.py:830} INFO - Processing file /home/airflow/.local/lib/python3.8/site-packages/airflow/example_dags/example_skip_dag.py for tasks to queue
[2026-06-16T01:36:17.937+0000] {logging_mixin.py:188} INFO - [2026-06-16T01:36:17.936+0000] {dagbag.py:538} INFO - Filling up the DagBag from /home/airflow/.local/lib/python3.8/site-packages/airflow/example_dags/example_skip_dag.py
[2026-06-16T01:36:17.957+0000] {processor.py:840} INFO - DAG(s) 'example_skip_dag' retrieved from /home/airflow/.local/lib/python3.8/site-packages/airflow/example_dags/example_skip_dag.py
[2026-06-16T01:36:18.027+0000] {logging_mixin.py:188} INFO - [2026-06-16T01:36:18.024+0000] {dag.py:3036} INFO - Sync 1 DAGs
[2026-06-16T01:36:18.096+0000] {logging_mixin.py:188} INFO - [2026-06-16T01:36:18.095+0000] {dag.py:3823} INFO - Setting next_dagrun for example_skip_dag to 2026-06-15 00:00:00+00:00, run_after=2026-06-16 00:00:00+00:00
[2026-06-16T01:36:18.149+0000] {processor.py:183} INFO - Processing /home/airflow/.local/lib/python3.8/site-packages/airflow/example_dags/example_skip_dag.py took 0.230 seconds
[2026-06-16T01:36:48.631+0000] {processor.py:161} INFO - Started process (PID=3134) to work on /home/airflow/.local/lib/python3.8/site-packages/airflow/example_dags/example_skip_dag.py
[2026-06-16T01:36:48.636+0000] {processor.py:830} INFO - Processing file /home/airflow/.local/lib/python3.8/site-packages/airflow/example_dags/example_skip_dag.py for tasks to queue
[2026-06-16T01:36:48.647+0000] {logging_mixin.py:188} INFO - [2026-06-16T01:36:48.644+0000] {dagbag.py:538} INFO - Filling up the DagBag from /home/airflow/.local/lib/python3.8/site-packages/airflow/example_dags/example_skip_dag.py
[2026-06-16T01:36:48.670+0000] {processor.py:840} INFO - DAG(s) 'example_skip_dag' retrieved from /home/airflow/.local/lib/python3.8/site-packages/airflow/example_dags/example_skip_dag.py
[2026-06-16T01:36:48.766+0000] {logging_mixin.py:188} INFO - [2026-06-16T01:36:48.765+0000] {dag.py:3036} INFO - Sync 1 DAGs
[2026-06-16T01:36:48.883+0000] {logging_mixin.py:188} INFO - [2026-06-16T01:36:48.882+0000] {dag.py:3823} INFO - Setting next_dagrun for example_skip_dag to 2026-06-15 00:00:00+00:00, run_after=2026-06-16 00:00:00+00:00
[2026-06-16T01:36:48.952+0000] {processor.py:183} INFO - Processing /home/airflow/.local/lib/python3.8/site-packages/airflow/example_dags/example_skip_dag.py took 0.342 seconds
[2026-06-16T01:37:19.602+0000] {processor.py:161} INFO - Started process (PID=3190) to work on /home/airflow/.local/lib/python3.8/site-packages/airflow/example_dags/example_skip_dag.py
[2026-06-16T01:37:19.605+0000] {processor.py:830} INFO - Processing file /home/airflow/.local/lib/python3.8/site-packages/airflow/example_dags/example_skip_dag.py for tasks to queue
[2026-06-16T01:37:19.610+0000] {logging_mixin.py:188} INFO - [2026-06-16T01:37:19.609+0000] {dagbag.py:538} INFO - Filling up the DagBag from /home/airflow/.local/lib/python3.8/site-packages/airflow/example_dags/example_skip_dag.py
[2026-06-16T01:37:19.638+0000] {processor.py:840} INFO - DAG(s) 'example_skip_dag' retrieved from /home/airflow/.local/lib/python3.8/site-packages/airflow/example_dags/example_skip_dag.py
[2026-06-16T01:37:19.723+0000] {logging_mixin.py:188} INFO - [2026-06-16T01:37:19.722+0000] {dag.py:3036} INFO - Sync 1 DAGs
[2026-06-16T01:37:19.833+0000] {logging_mixin.py:188} INFO - [2026-06-16T01:37:19.832+0000] {dag.py:3823} INFO - Setting next_dagrun for example_skip_dag to 2026-06-15 00:00:00+00:00, run_after=2026-06-16 00:00:00+00:00
[2026-06-16T01:37:19.904+0000] {processor.py:183} INFO - Processing /home/airflow/.local/lib/python3.8/site-packages/airflow/example_dags/example_skip_dag.py took 0.311 seconds
[2026-06-16T01:37:50.415+0000] {processor.py:161} INFO - Started process (PID=3245) to work on /home/airflow/.local/lib/python3.8/site-packages/airflow/example_dags/example_skip_dag.py
[2026-06-16T01:37:50.417+0000] {processor.py:830} INFO - Processing file /home/airflow/.local/lib/python3.8/site-packages/airflow/example_dags/example_skip_dag.py for tasks to queue
[2026-06-16T01:37:50.422+0000] {logging_mixin.py:188} INFO - [2026-06-16T01:37:50.421+0000] {dagbag.py:538} INFO - Filling up the DagBag from /home/airflow/.local/lib/python3.8/site-packages/airflow/example_dags/example_skip_dag.py
[2026-06-16T01:37:50.443+0000] {processor.py:840} INFO - DAG(s) 'example_skip_dag' retrieved from /home/airflow/.local/lib/python3.8/site-packages/airflow/example_dags/example_skip_dag.py
[2026-06-16T01:37:50.527+0000] {logging_mixin.py:188} INFO - [2026-06-16T01:37:50.526+0000] {dag.py:3036} INFO - Sync 1 DAGs
[2026-06-16T01:37:50.611+0000] {logging_mixin.py:188} INFO - [2026-06-16T01:37:50.611+0000] {dag.py:3823} INFO - Setting next_dagrun for example_skip_dag to 2026-06-15 00:00:00+00:00, run_after=2026-06-16 00:00:00+00:00
[2026-06-16T01:37:50.665+0000] {processor.py:183} INFO - Processing /home/airflow/.local/lib/python3.8/site-packages/airflow/example_dags/example_skip_dag.py took 0.260 seconds
[2026-06-16T01:38:21.131+0000] {processor.py:161} INFO - Started process (PID=3301) to work on /home/airflow/.local/lib/python3.8/site-packages/airflow/example_dags/example_skip_dag.py
[2026-06-16T01:38:21.134+0000] {processor.py:830} INFO - Processing file /home/airflow/.local/lib/python3.8/site-packages/airflow/example_dags/example_skip_dag.py for tasks to queue
[2026-06-16T01:38:21.138+0000] {logging_mixin.py:188} INFO - [2026-06-16T01:38:21.138+0000] {dagbag.py:538} INFO - Filling up the DagBag from /home/airflow/.local/lib/python3.8/site-packages/airflow/example_dags/example_skip_dag.py
[2026-06-16T01:38:21.158+0000] {processor.py:840} INFO - DAG(s) 'example_skip_dag' retrieved from /home/airflow/.local/lib/python3.8/site-packages/airflow/example_dags/example_skip_dag.py
[2026-06-16T01:38:21.220+0000] {logging_mixin.py:188} INFO - [2026-06-16T01:38:21.220+0000] {dag.py:3036} INFO - Sync 1 DAGs
[2026-06-16T01:38:21.282+0000] {logging_mixin.py:188} INFO - [2026-06-16T01:38:21.281+0000] {dag.py:3823} INFO - Setting next_dagrun for example_skip_dag to 2026-06-15 00:00:00+00:00, run_after=2026-06-16 00:00:00+00:00
[2026-06-16T01:38:21.468+0000] {processor.py:183} INFO - Processing /home/airflow/.local/lib/python3.8/site-packages/airflow/example_dags/example_skip_dag.py took 0.346 seconds
[2026-06-16T01:38:51.878+0000] {processor.py:161} INFO - Started process (PID=3356) to work on /home/airflow/.local/lib/python3.8/site-packages/airflow/example_dags/example_skip_dag.py
[2026-06-16T01:38:51.880+0000] {processor.py:830} INFO - Processing file /home/airflow/.local/lib/python3.8/site-packages/airflow/example_dags/example_skip_dag.py for tasks to queue
[2026-06-16T01:38:51.888+0000] {logging_mixin.py:188} INFO - [2026-06-16T01:38:51.887+0000] {dagbag.py:538} INFO - Filling up the DagBag from /home/airflow/.local/lib/python3.8/site-packages/airflow/example_dags/example_skip_dag.py
[2026-06-16T01:38:51.948+0000] {processor.py:840} INFO - DAG(s) 'example_skip_dag' retrieved from /home/airflow/.local/lib/python3.8/site-packages/airflow/example_dags/example_skip_dag.py
[2026-06-16T01:38:52.010+0000] {logging_mixin.py:188} INFO - [2026-06-16T01:38:52.010+0000] {dag.py:3036} INFO - Sync 1 DAGs
[2026-06-16T01:38:52.081+0000] {logging_mixin.py:188} INFO - [2026-06-16T01:38:52.080+0000] {dag.py:3823} INFO - Setting next_dagrun for example_skip_dag to 2026-06-15 00:00:00+00:00, run_after=2026-06-16 00:00:00+00:00
[2026-06-16T01:38:52.150+0000] {processor.py:183} INFO - Processing /home/airflow/.local/lib/python3.8/site-packages/airflow/example_dags/example_skip_dag.py took 0.294 seconds
[2026-06-16T01:39:22.233+0000] {processor.py:161} INFO - Started process (PID=3412) to work on /home/airflow/.local/lib/python3.8/site-packages/airflow/example_dags/example_skip_dag.py
[2026-06-16T01:39:22.236+0000] {processor.py:830} INFO - Processing file /home/airflow/.local/lib/python3.8/site-packages/airflow/example_dags/example_skip_dag.py for tasks to queue
[2026-06-16T01:39:22.240+0000] {logging_mixin.py:188} INFO - [2026-06-16T01:39:22.240+0000] {dagbag.py:538} INFO - Filling up the DagBag from /home/airflow/.local/lib/python3.8/site-packages/airflow/example_dags/example_skip_dag.py
[2026-06-16T01:39:22.259+0000] {processor.py:840} INFO - DAG(s) 'example_skip_dag' retrieved from /home/airflow/.local/lib/python3.8/site-packages/airflow/example_dags/example_skip_dag.py
[2026-06-16T01:39:22.325+0000] {logging_mixin.py:188} INFO - [2026-06-16T01:39:22.325+0000] {dag.py:3036} INFO - Sync 1 DAGs
[2026-06-16T01:39:22.393+0000] {logging_mixin.py:188} INFO - [2026-06-16T01:39:22.392+0000] {dag.py:3823} INFO - Setting next_dagrun for example_skip_dag to 2026-06-15 00:00:00+00:00, run_after=2026-06-16 00:00:00+00:00
[2026-06-16T01:39:22.450+0000] {processor.py:183} INFO - Processing /home/airflow/.local/lib/python3.8/site-packages/airflow/example_dags/example_skip_dag.py took 0.228 seconds
[2026-06-16T01:39:52.557+0000] {processor.py:161} INFO - Started process (PID=3468) to work on /home/airflow/.local/lib/python3.8/site-packages/airflow/example_dags/example_skip_dag.py
[2026-06-16T01:39:52.558+0000] {processor.py:830} INFO - Processing file /home/airflow/.local/lib/python3.8/site-packages/airflow/example_dags/example_skip_dag.py for tasks to queue
[2026-06-16T01:39:52.562+0000] {logging_mixin.py:188} INFO - [2026-06-16T01:39:52.562+0000] {dagbag.py:538} INFO - Filling up the DagBag from /home/airflow/.local/lib/python3.8/site-packages/airflow/example_dags/example_skip_dag.py
[2026-06-16T01:39:52.575+0000] {processor.py:840} INFO - DAG(s) 'example_skip_dag' retrieved from /home/airflow/.local/lib/python3.8/site-packages/airflow/example_dags/example_skip_dag.py
[2026-06-16T01:39:52.617+0000] {logging_mixin.py:188} INFO - [2026-06-16T01:39:52.616+0000] {dag.py:3036} INFO - Sync 1 DAGs
[2026-06-16T01:39:52.667+0000] {logging_mixin.py:188} INFO - [2026-06-16T01:39:52.667+0000] {dag.py:3823} INFO - Setting next_dagrun for example_skip_dag to 2026-06-15 00:00:00+00:00, run_after=2026-06-16 00:00:00+00:00
[2026-06-16T01:39:52.703+0000] {processor.py:183} INFO - Processing /home/airflow/.local/lib/python3.8/site-packages/airflow/example_dags/example_skip_dag.py took 0.154 seconds
[2026-06-16T01:40:23.007+0000] {processor.py:161} INFO - Started process (PID=3524) to work on /home/airflow/.local/lib/python3.8/site-packages/airflow/example_dags/example_skip_dag.py
[2026-06-16T01:40:23.010+0000] {processor.py:830} INFO - Processing file /home/airflow/.local/lib/python3.8/site-packages/airflow/example_dags/example_skip_dag.py for tasks to queue
[2026-06-16T01:40:23.017+0000] {logging_mixin.py:188} INFO - [2026-06-16T01:40:23.016+0000] {dagbag.py:538} INFO - Filling up the DagBag from /home/airflow/.local/lib/python3.8/site-packages/airflow/example_dags/example_skip_dag.py
[2026-06-16T01:40:23.040+0000] {processor.py:840} INFO - DAG(s) 'example_skip_dag' retrieved from /home/airflow/.local/lib/python3.8/site-packages/airflow/example_dags/example_skip_dag.py
[2026-06-16T01:40:23.090+0000] {logging_mixin.py:188} INFO - [2026-06-16T01:40:23.089+0000] {dag.py:3036} INFO - Sync 1 DAGs
[2026-06-16T01:40:23.141+0000] {logging_mixin.py:188} INFO - [2026-06-16T01:40:23.141+0000] {dag.py:3823} INFO - Setting next_dagrun for example_skip_dag to 2026-06-15 00:00:00+00:00, run_after=2026-06-16 00:00:00+00:00
[2026-06-16T01:40:23.193+0000] {processor.py:183} INFO - Processing /home/airflow/.local/lib/python3.8/site-packages/airflow/example_dags/example_skip_dag.py took 0.198 seconds
[2026-06-16T01:40:53.462+0000] {processor.py:161} INFO - Started process (PID=3581) to work on /home/airflow/.local/lib/python3.8/site-packages/airflow/example_dags/example_skip_dag.py
[2026-06-16T01:40:53.464+0000] {processor.py:830} INFO - Processing file /home/airflow/.local/lib/python3.8/site-packages/airflow/example_dags/example_skip_dag.py for tasks to queue
[2026-06-16T01:40:53.467+0000] {logging_mixin.py:188} INFO - [2026-06-16T01:40:53.466+0000] {dagbag.py:538} INFO - Filling up the DagBag from /home/airflow/.local/lib/python3.8/site-packages/airflow/example_dags/example_skip_dag.py
[2026-06-16T01:40:53.490+0000] {processor.py:840} INFO - DAG(s) 'example_skip_dag' retrieved from /home/airflow/.local/lib/python3.8/site-packages/airflow/example_dags/example_skip_dag.py
[2026-06-16T01:40:53.546+0000] {logging_mixin.py:188} INFO - [2026-06-16T01:40:53.545+0000] {dag.py:3036} INFO - Sync 1 DAGs
[2026-06-16T01:40:53.602+0000] {logging_mixin.py:188} INFO - [2026-06-16T01:40:53.601+0000] {dag.py:3823} INFO - Setting next_dagrun for example_skip_dag to 2026-06-15 00:00:00+00:00, run_after=2026-06-16 00:00:00+00:00
[2026-06-16T01:40:53.656+0000] {processor.py:183} INFO - Processing /home/airflow/.local/lib/python3.8/site-packages/airflow/example_dags/example_skip_dag.py took 0.201 seconds
[2026-06-16T01:41:24.171+0000] {processor.py:161} INFO - Started process (PID=3637) to work on /home/airflow/.local/lib/python3.8/site-packages/airflow/example_dags/example_skip_dag.py
[2026-06-16T01:41:24.175+0000] {processor.py:830} INFO - Processing file /home/airflow/.local/lib/python3.8/site-packages/airflow/example_dags/example_skip_dag.py for tasks to queue
[2026-06-16T01:41:24.181+0000] {logging_mixin.py:188} INFO - [2026-06-16T01:41:24.179+0000] {dagbag.py:538} INFO - Filling up the DagBag from /home/airflow/.local/lib/python3.8/site-packages/airflow/example_dags/example_skip_dag.py
[2026-06-16T01:41:24.198+0000] {processor.py:840} INFO - DAG(s) 'example_skip_dag' retrieved from /home/airflow/.local/lib/python3.8/site-packages/airflow/example_dags/example_skip_dag.py
[2026-06-16T01:41:24.258+0000] {logging_mixin.py:188} INFO - [2026-06-16T01:41:24.258+0000] {dag.py:3036} INFO - Sync 1 DAGs
[2026-06-16T01:41:24.326+0000] {logging_mixin.py:188} INFO - [2026-06-16T01:41:24.325+0000] {dag.py:3823} INFO - Setting next_dagrun for example_skip_dag to 2026-06-15 00:00:00+00:00, run_after=2026-06-16 00:00:00+00:00
[2026-06-16T01:41:24.387+0000] {processor.py:183} INFO - Processing /home/airflow/.local/lib/python3.8/site-packages/airflow/example_dags/example_skip_dag.py took 0.225 seconds
[2026-06-16T01:41:54.744+0000] {processor.py:161} INFO - Started process (PID=3693) to work on /home/airflow/.local/lib/python3.8/site-packages/airflow/example_dags/example_skip_dag.py
[2026-06-16T01:41:54.750+0000] {processor.py:830} INFO - Processing file /home/airflow/.local/lib/python3.8/site-packages/airflow/example_dags/example_skip_dag.py for tasks to queue
[2026-06-16T01:41:54.759+0000] {logging_mixin.py:188} INFO - [2026-06-16T01:41:54.758+0000] {dagbag.py:538} INFO - Filling up the DagBag from /home/airflow/.local/lib/python3.8/site-packages/airflow/example_dags/example_skip_dag.py
[2026-06-16T01:41:54.798+0000] {processor.py:840} INFO - DAG(s) 'example_skip_dag' retrieved from /home/airflow/.local/lib/python3.8/site-packages/airflow/example_dags/example_skip_dag.py
[2026-06-16T01:41:54.866+0000] {logging_mixin.py:188} INFO - [2026-06-16T01:41:54.865+0000] {dag.py:3036} INFO - Sync 1 DAGs
[2026-06-16T01:41:54.934+0000] {logging_mixin.py:188} INFO - [2026-06-16T01:41:54.934+0000] {dag.py:3823} INFO - Setting next_dagrun for example_skip_dag to 2026-06-15 00:00:00+00:00, run_after=2026-06-16 00:00:00+00:00
[2026-06-16T01:41:54.990+0000] {processor.py:183} INFO - Processing /home/airflow/.local/lib/python3.8/site-packages/airflow/example_dags/example_skip_dag.py took 0.259 seconds
[2026-06-16T01:42:25.667+0000] {processor.py:161} INFO - Started process (PID=3750) to work on /home/airflow/.local/lib/python3.8/site-packages/airflow/example_dags/example_skip_dag.py
[2026-06-16T01:42:25.669+0000] {processor.py:830} INFO - Processing file /home/airflow/.local/lib/python3.8/site-packages/airflow/example_dags/example_skip_dag.py for tasks to queue
[2026-06-16T01:42:25.673+0000] {logging_mixin.py:188} INFO - [2026-06-16T01:42:25.673+0000] {dagbag.py:538} INFO - Filling up the DagBag from /home/airflow/.local/lib/python3.8/site-packages/airflow/example_dags/example_skip_dag.py
[2026-06-16T01:42:25.692+0000] {processor.py:840} INFO - DAG(s) 'example_skip_dag' retrieved from /home/airflow/.local/lib/python3.8/site-packages/airflow/example_dags/example_skip_dag.py
[2026-06-16T01:42:25.756+0000] {logging_mixin.py:188} INFO - [2026-06-16T01:42:25.756+0000] {dag.py:3036} INFO - Sync 1 DAGs
[2026-06-16T01:42:25.816+0000] {logging_mixin.py:188} INFO - [2026-06-16T01:42:25.816+0000] {dag.py:3823} INFO - Setting next_dagrun for example_skip_dag to 2026-06-15 00:00:00+00:00, run_after=2026-06-16 00:00:00+00:00
[2026-06-16T01:42:25.872+0000] {processor.py:183} INFO - Processing /home/airflow/.local/lib/python3.8/site-packages/airflow/example_dags/example_skip_dag.py took 0.213 seconds
[2026-06-16T01:42:56.461+0000] {processor.py:161} INFO - Started process (PID=3812) to work on /home/airflow/.local/lib/python3.8/site-packages/airflow/example_dags/example_skip_dag.py
[2026-06-16T01:42:56.466+0000] {processor.py:830} INFO - Processing file /home/airflow/.local/lib/python3.8/site-packages/airflow/example_dags/example_skip_dag.py for tasks to queue
[2026-06-16T01:42:56.478+0000] {logging_mixin.py:188} INFO - [2026-06-16T01:42:56.477+0000] {dagbag.py:538} INFO - Filling up the DagBag from /home/airflow/.local/lib/python3.8/site-packages/airflow/example_dags/example_skip_dag.py
[2026-06-16T01:42:56.506+0000] {processor.py:840} INFO - DAG(s) 'example_skip_dag' retrieved from /home/airflow/.local/lib/python3.8/site-packages/airflow/example_dags/example_skip_dag.py
[2026-06-16T01:42:56.602+0000] {logging_mixin.py:188} INFO - [2026-06-16T01:42:56.601+0000] {dag.py:3036} INFO - Sync 1 DAGs
[2026-06-16T01:42:56.681+0000] {logging_mixin.py:188} INFO - [2026-06-16T01:42:56.681+0000] {dag.py:3823} INFO - Setting next_dagrun for example_skip_dag to 2026-06-15 00:00:00+00:00, run_after=2026-06-16 00:00:00+00:00
[2026-06-16T01:42:56.752+0000] {processor.py:183} INFO - Processing /home/airflow/.local/lib/python3.8/site-packages/airflow/example_dags/example_skip_dag.py took 0.306 seconds
[2026-06-16T01:43:27.117+0000] {processor.py:161} INFO - Started process (PID=3868) to work on /home/airflow/.local/lib/python3.8/site-packages/airflow/example_dags/example_skip_dag.py
[2026-06-16T01:43:27.119+0000] {processor.py:830} INFO - Processing file /home/airflow/.local/lib/python3.8/site-packages/airflow/example_dags/example_skip_dag.py for tasks to queue
[2026-06-16T01:43:27.124+0000] {logging_mixin.py:188} INFO - [2026-06-16T01:43:27.123+0000] {dagbag.py:538} INFO - Filling up the DagBag from /home/airflow/.local/lib/python3.8/site-packages/airflow/example_dags/example_skip_dag.py
[2026-06-16T01:43:27.140+0000] {processor.py:840} INFO - DAG(s) 'example_skip_dag' retrieved from /home/airflow/.local/lib/python3.8/site-packages/airflow/example_dags/example_skip_dag.py
[2026-06-16T01:43:27.201+0000] {logging_mixin.py:188} INFO - [2026-06-16T01:43:27.201+0000] {dag.py:3036} INFO - Sync 1 DAGs
[2026-06-16T01:43:27.261+0000] {logging_mixin.py:188} INFO - [2026-06-16T01:43:27.261+0000] {dag.py:3823} INFO - Setting next_dagrun for example_skip_dag to 2026-06-15 00:00:00+00:00, run_after=2026-06-16 00:00:00+00:00
[2026-06-16T01:43:27.322+0000] {processor.py:183} INFO - Processing /home/airflow/.local/lib/python3.8/site-packages/airflow/example_dags/example_skip_dag.py took 0.214 seconds
[2026-06-16T01:43:57.590+0000] {processor.py:161} INFO - Started process (PID=3924) to work on /home/airflow/.local/lib/python3.8/site-packages/airflow/example_dags/example_skip_dag.py
[2026-06-16T01:43:57.592+0000] {processor.py:830} INFO - Processing file /home/airflow/.local/lib/python3.8/site-packages/airflow/example_dags/example_skip_dag.py for tasks to queue
[2026-06-16T01:43:57.599+0000] {logging_mixin.py:188} INFO - [2026-06-16T01:43:57.597+0000] {dagbag.py:538} INFO - Filling up the DagBag from /home/airflow/.local/lib/python3.8/site-packages/airflow/example_dags/example_skip_dag.py
[2026-06-16T01:43:57.618+0000] {processor.py:840} INFO - DAG(s) 'example_skip_dag' retrieved from /home/airflow/.local/lib/python3.8/site-packages/airflow/example_dags/example_skip_dag.py
[2026-06-16T01:43:57.698+0000] {logging_mixin.py:188} INFO - [2026-06-16T01:43:57.697+0000] {dag.py:3036} INFO - Sync 1 DAGs
[2026-06-16T01:43:57.787+0000] {logging_mixin.py:188} INFO - [2026-06-16T01:43:57.787+0000] {dag.py:3823} INFO - Setting next_dagrun for example_skip_dag to 2026-06-15 00:00:00+00:00, run_after=2026-06-16 00:00:00+00:00
[2026-06-16T01:43:57.853+0000] {processor.py:183} INFO - Processing /home/airflow/.local/lib/python3.8/site-packages/airflow/example_dags/example_skip_dag.py took 0.272 seconds
[2026-06-16T01:44:27.976+0000] {processor.py:161} INFO - Started process (PID=3979) to work on /home/airflow/.local/lib/python3.8/site-packages/airflow/example_dags/example_skip_dag.py
[2026-06-16T01:44:27.978+0000] {processor.py:830} INFO - Processing file /home/airflow/.local/lib/python3.8/site-packages/airflow/example_dags/example_skip_dag.py for tasks to queue
[2026-06-16T01:44:27.982+0000] {logging_mixin.py:188} INFO - [2026-06-16T01:44:27.981+0000] {dagbag.py:538} INFO - Filling up the DagBag from /home/airflow/.local/lib/python3.8/site-packages/airflow/example_dags/example_skip_dag.py
[2026-06-16T01:44:27.999+0000] {processor.py:840} INFO - DAG(s) 'example_skip_dag' retrieved from /home/airflow/.local/lib/python3.8/site-packages/airflow/example_dags/example_skip_dag.py
[2026-06-16T01:44:28.055+0000] {logging_mixin.py:188} INFO - [2026-06-16T01:44:28.055+0000] {dag.py:3036} INFO - Sync 1 DAGs
[2026-06-16T01:44:28.108+0000] {logging_mixin.py:188} INFO - [2026-06-16T01:44:28.107+0000] {dag.py:3823} INFO - Setting next_dagrun for example_skip_dag to 2026-06-15 00:00:00+00:00, run_after=2026-06-16 00:00:00+00:00
[2026-06-16T01:44:28.151+0000] {processor.py:183} INFO - Processing /home/airflow/.local/lib/python3.8/site-packages/airflow/example_dags/example_skip_dag.py took 0.183 seconds
[2026-06-16T01:44:59.429+0000] {processor.py:161} INFO - Started process (PID=4034) to work on /home/airflow/.local/lib/python3.8/site-packages/airflow/example_dags/example_skip_dag.py
[2026-06-16T01:44:59.433+0000] {processor.py:830} INFO - Processing file /home/airflow/.local/lib/python3.8/site-packages/airflow/example_dags/example_skip_dag.py for tasks to queue
[2026-06-16T01:44:59.439+0000] {logging_mixin.py:188} INFO - [2026-06-16T01:44:59.437+0000] {dagbag.py:538} INFO - Filling up the DagBag from /home/airflow/.local/lib/python3.8/site-packages/airflow/example_dags/example_skip_dag.py
[2026-06-16T01:44:59.481+0000] {processor.py:840} INFO - DAG(s) 'example_skip_dag' retrieved from /home/airflow/.local/lib/python3.8/site-packages/airflow/example_dags/example_skip_dag.py
[2026-06-16T01:44:59.549+0000] {logging_mixin.py:188} INFO - [2026-06-16T01:44:59.548+0000] {dag.py:3036} INFO - Sync 1 DAGs
[2026-06-16T01:44:59.610+0000] {logging_mixin.py:188} INFO - [2026-06-16T01:44:59.609+0000] {dag.py:3823} INFO - Setting next_dagrun for example_skip_dag to 2026-06-15 00:00:00+00:00, run_after=2026-06-16 00:00:00+00:00
[2026-06-16T01:44:59.654+0000] {processor.py:183} INFO - Processing /home/airflow/.local/lib/python3.8/site-packages/airflow/example_dags/example_skip_dag.py took 0.236 seconds
[2026-06-16T01:45:30.164+0000] {processor.py:161} INFO - Started process (PID=4090) to work on /home/airflow/.local/lib/python3.8/site-packages/airflow/example_dags/example_skip_dag.py
[2026-06-16T01:45:30.169+0000] {processor.py:830} INFO - Processing file /home/airflow/.local/lib/python3.8/site-packages/airflow/example_dags/example_skip_dag.py for tasks to queue
[2026-06-16T01:45:30.173+0000] {logging_mixin.py:188} INFO - [2026-06-16T01:45:30.173+0000] {dagbag.py:538} INFO - Filling up the DagBag from /home/airflow/.local/lib/python3.8/site-packages/airflow/example_dags/example_skip_dag.py
[2026-06-16T01:45:30.189+0000] {processor.py:840} INFO - DAG(s) 'example_skip_dag' retrieved from /home/airflow/.local/lib/python3.8/site-packages/airflow/example_dags/example_skip_dag.py
[2026-06-16T01:45:30.252+0000] {logging_mixin.py:188} INFO - [2026-06-16T01:45:30.251+0000] {dag.py:3036} INFO - Sync 1 DAGs
[2026-06-16T01:45:30.314+0000] {logging_mixin.py:188} INFO - [2026-06-16T01:45:30.314+0000] {dag.py:3823} INFO - Setting next_dagrun for example_skip_dag to 2026-06-15 00:00:00+00:00, run_after=2026-06-16 00:00:00+00:00
[2026-06-16T01:45:30.362+0000] {processor.py:183} INFO - Processing /home/airflow/.local/lib/python3.8/site-packages/airflow/example_dags/example_skip_dag.py took 0.207 seconds
[2026-06-16T01:46:00.787+0000] {processor.py:161} INFO - Started process (PID=4146) to work on /home/airflow/.local/lib/python3.8/site-packages/airflow/example_dags/example_skip_dag.py
[2026-06-16T01:46:00.789+0000] {processor.py:830} INFO - Processing file /home/airflow/.local/lib/python3.8/site-packages/airflow/example_dags/example_skip_dag.py for tasks to queue
[2026-06-16T01:46:00.799+0000] {logging_mixin.py:188} INFO - [2026-06-16T01:46:00.798+0000] {dagbag.py:538} INFO - Filling up the DagBag from /home/airflow/.local/lib/python3.8/site-packages/airflow/example_dags/example_skip_dag.py
[2026-06-16T01:46:00.821+0000] {processor.py:840} INFO - DAG(s) 'example_skip_dag' retrieved from /home/airflow/.local/lib/python3.8/site-packages/airflow/example_dags/example_skip_dag.py
[2026-06-16T01:46:01.012+0000] {logging_mixin.py:188} INFO - [2026-06-16T01:46:01.011+0000] {dag.py:3036} INFO - Sync 1 DAGs
[2026-06-16T01:46:01.290+0000] {logging_mixin.py:188} INFO - [2026-06-16T01:46:01.179+0000] {dag.py:3823} INFO - Setting next_dagrun for example_skip_dag to 2026-06-15 00:00:00+00:00, run_after=2026-06-16 00:00:00+00:00
[2026-06-16T01:46:01.587+0000] {processor.py:183} INFO - Processing /home/airflow/.local/lib/python3.8/site-packages/airflow/example_dags/example_skip_dag.py took 0.809 seconds
[2026-06-16T01:46:32.318+0000] {processor.py:161} INFO - Started process (PID=4203) to work on /home/airflow/.local/lib/python3.8/site-packages/airflow/example_dags/example_skip_dag.py
[2026-06-16T01:46:32.320+0000] {processor.py:830} INFO - Processing file /home/airflow/.local/lib/python3.8/site-packages/airflow/example_dags/example_skip_dag.py for tasks to queue
[2026-06-16T01:46:32.324+0000] {logging_mixin.py:188} INFO - [2026-06-16T01:46:32.323+0000] {dagbag.py:538} INFO - Filling up the DagBag from /home/airflow/.local/lib/python3.8/site-packages/airflow/example_dags/example_skip_dag.py
[2026-06-16T01:46:32.341+0000] {processor.py:840} INFO - DAG(s) 'example_skip_dag' retrieved from /home/airflow/.local/lib/python3.8/site-packages/airflow/example_dags/example_skip_dag.py
[2026-06-16T01:46:32.407+0000] {logging_mixin.py:188} INFO - [2026-06-16T01:46:32.406+0000] {dag.py:3036} INFO - Sync 1 DAGs
[2026-06-16T01:46:32.470+0000] {logging_mixin.py:188} INFO - [2026-06-16T01:46:32.470+0000] {dag.py:3823} INFO - Setting next_dagrun for example_skip_dag to 2026-06-15 00:00:00+00:00, run_after=2026-06-16 00:00:00+00:00
[2026-06-16T01:46:32.544+0000] {processor.py:183} INFO - Processing /home/airflow/.local/lib/python3.8/site-packages/airflow/example_dags/example_skip_dag.py took 0.234 seconds
