[2026-06-16T01:08:36.658+0000] {processor.py:161} INFO - Started process (PID=123) to work on /home/airflow/.local/lib/python3.8/site-packages/airflow/example_dags/tutorial_dag.py
[2026-06-16T01:08:36.662+0000] {processor.py:830} INFO - Processing file /home/airflow/.local/lib/python3.8/site-packages/airflow/example_dags/tutorial_dag.py for tasks to queue
[2026-06-16T01:08:36.668+0000] {logging_mixin.py:188} INFO - [2026-06-16T01:08:36.667+0000] {dagbag.py:538} INFO - Filling up the DagBag from /home/airflow/.local/lib/python3.8/site-packages/airflow/example_dags/tutorial_dag.py
[2026-06-16T01:08:36.703+0000] {processor.py:840} INFO - DAG(s) 'tutorial_dag' retrieved from /home/airflow/.local/lib/python3.8/site-packages/airflow/example_dags/tutorial_dag.py
[2026-06-16T01:08:37.481+0000] {logging_mixin.py:188} INFO - [2026-06-16T01:08:37.480+0000] {dag.py:3036} INFO - Sync 1 DAGs
[2026-06-16T01:08:37.621+0000] {logging_mixin.py:188} INFO - [2026-06-16T01:08:37.619+0000] {dag.py:3823} INFO - Setting next_dagrun for tutorial_dag to None, run_after=None
[2026-06-16T01:08:37.683+0000] {processor.py:183} INFO - Processing /home/airflow/.local/lib/python3.8/site-packages/airflow/example_dags/tutorial_dag.py took 1.034 seconds
[2026-06-16T01:09:09.645+0000] {processor.py:161} INFO - Started process (PID=179) to work on /home/airflow/.local/lib/python3.8/site-packages/airflow/example_dags/tutorial_dag.py
[2026-06-16T01:09:09.648+0000] {processor.py:830} INFO - Processing file /home/airflow/.local/lib/python3.8/site-packages/airflow/example_dags/tutorial_dag.py for tasks to queue
[2026-06-16T01:09:09.653+0000] {logging_mixin.py:188} INFO - [2026-06-16T01:09:09.653+0000] {dagbag.py:538} INFO - Filling up the DagBag from /home/airflow/.local/lib/python3.8/site-packages/airflow/example_dags/tutorial_dag.py
[2026-06-16T01:09:09.702+0000] {processor.py:840} INFO - DAG(s) 'tutorial_dag' retrieved from /home/airflow/.local/lib/python3.8/site-packages/airflow/example_dags/tutorial_dag.py
[2026-06-16T01:09:09.830+0000] {logging_mixin.py:188} INFO - [2026-06-16T01:09:09.829+0000] {dag.py:3036} INFO - Sync 1 DAGs
[2026-06-16T01:09:10.038+0000] {logging_mixin.py:188} INFO - [2026-06-16T01:09:10.037+0000] {dag.py:3823} INFO - Setting next_dagrun for tutorial_dag to None, run_after=None
[2026-06-16T01:09:10.179+0000] {processor.py:183} INFO - Processing /home/airflow/.local/lib/python3.8/site-packages/airflow/example_dags/tutorial_dag.py took 0.544 seconds
[2026-06-16T01:09:43.513+0000] {processor.py:161} INFO - Started process (PID=235) to work on /home/airflow/.local/lib/python3.8/site-packages/airflow/example_dags/tutorial_dag.py
[2026-06-16T01:09:43.520+0000] {processor.py:830} INFO - Processing file /home/airflow/.local/lib/python3.8/site-packages/airflow/example_dags/tutorial_dag.py for tasks to queue
[2026-06-16T01:09:43.543+0000] {logging_mixin.py:188} INFO - [2026-06-16T01:09:43.541+0000] {dagbag.py:538} INFO - Filling up the DagBag from /home/airflow/.local/lib/python3.8/site-packages/airflow/example_dags/tutorial_dag.py
[2026-06-16T01:09:43.574+0000] {processor.py:840} INFO - DAG(s) 'tutorial_dag' retrieved from /home/airflow/.local/lib/python3.8/site-packages/airflow/example_dags/tutorial_dag.py
[2026-06-16T01:09:43.698+0000] {logging_mixin.py:188} INFO - [2026-06-16T01:09:43.697+0000] {dag.py:3036} INFO - Sync 1 DAGs
[2026-06-16T01:09:43.744+0000] {logging_mixin.py:188} INFO - [2026-06-16T01:09:43.744+0000] {dag.py:3823} INFO - Setting next_dagrun for tutorial_dag to None, run_after=None
[2026-06-16T01:09:44.213+0000] {processor.py:183} INFO - Processing /home/airflow/.local/lib/python3.8/site-packages/airflow/example_dags/tutorial_dag.py took 0.748 seconds
[2026-06-16T01:10:14.717+0000] {processor.py:161} INFO - Started process (PID=291) to work on /home/airflow/.local/lib/python3.8/site-packages/airflow/example_dags/tutorial_dag.py
[2026-06-16T01:10:14.721+0000] {processor.py:830} INFO - Processing file /home/airflow/.local/lib/python3.8/site-packages/airflow/example_dags/tutorial_dag.py for tasks to queue
[2026-06-16T01:10:14.728+0000] {logging_mixin.py:188} INFO - [2026-06-16T01:10:14.727+0000] {dagbag.py:538} INFO - Filling up the DagBag from /home/airflow/.local/lib/python3.8/site-packages/airflow/example_dags/tutorial_dag.py
[2026-06-16T01:10:14.757+0000] {processor.py:840} INFO - DAG(s) 'tutorial_dag' retrieved from /home/airflow/.local/lib/python3.8/site-packages/airflow/example_dags/tutorial_dag.py
[2026-06-16T01:10:14.978+0000] {logging_mixin.py:188} INFO - [2026-06-16T01:10:14.977+0000] {dag.py:3036} INFO - Sync 1 DAGs
[2026-06-16T01:10:15.177+0000] {logging_mixin.py:188} INFO - [2026-06-16T01:10:15.175+0000] {dag.py:3823} INFO - Setting next_dagrun for tutorial_dag to None, run_after=None
[2026-06-16T01:10:15.917+0000] {processor.py:183} INFO - Processing /home/airflow/.local/lib/python3.8/site-packages/airflow/example_dags/tutorial_dag.py took 1.211 seconds
[2026-06-16T01:10:47.370+0000] {processor.py:161} INFO - Started process (PID=348) to work on /home/airflow/.local/lib/python3.8/site-packages/airflow/example_dags/tutorial_dag.py
[2026-06-16T01:10:47.373+0000] {processor.py:830} INFO - Processing file /home/airflow/.local/lib/python3.8/site-packages/airflow/example_dags/tutorial_dag.py for tasks to queue
[2026-06-16T01:10:47.382+0000] {logging_mixin.py:188} INFO - [2026-06-16T01:10:47.381+0000] {dagbag.py:538} INFO - Filling up the DagBag from /home/airflow/.local/lib/python3.8/site-packages/airflow/example_dags/tutorial_dag.py
[2026-06-16T01:10:47.404+0000] {processor.py:840} INFO - DAG(s) 'tutorial_dag' retrieved from /home/airflow/.local/lib/python3.8/site-packages/airflow/example_dags/tutorial_dag.py
[2026-06-16T01:10:47.514+0000] {logging_mixin.py:188} INFO - [2026-06-16T01:10:47.513+0000] {dag.py:3036} INFO - Sync 1 DAGs
[2026-06-16T01:10:47.566+0000] {logging_mixin.py:188} INFO - [2026-06-16T01:10:47.565+0000] {dag.py:3823} INFO - Setting next_dagrun for tutorial_dag to None, run_after=None
[2026-06-16T01:10:47.650+0000] {processor.py:183} INFO - Processing /home/airflow/.local/lib/python3.8/site-packages/airflow/example_dags/tutorial_dag.py took 0.293 seconds
[2026-06-16T01:11:19.879+0000] {processor.py:161} INFO - Started process (PID=404) to work on /home/airflow/.local/lib/python3.8/site-packages/airflow/example_dags/tutorial_dag.py
[2026-06-16T01:11:19.884+0000] {processor.py:830} INFO - Processing file /home/airflow/.local/lib/python3.8/site-packages/airflow/example_dags/tutorial_dag.py for tasks to queue
[2026-06-16T01:11:19.898+0000] {logging_mixin.py:188} INFO - [2026-06-16T01:11:19.896+0000] {dagbag.py:538} INFO - Filling up the DagBag from /home/airflow/.local/lib/python3.8/site-packages/airflow/example_dags/tutorial_dag.py
[2026-06-16T01:11:19.921+0000] {processor.py:840} INFO - DAG(s) 'tutorial_dag' retrieved from /home/airflow/.local/lib/python3.8/site-packages/airflow/example_dags/tutorial_dag.py
[2026-06-16T01:11:20.026+0000] {logging_mixin.py:188} INFO - [2026-06-16T01:11:20.024+0000] {dag.py:3036} INFO - Sync 1 DAGs
[2026-06-16T01:11:20.079+0000] {logging_mixin.py:188} INFO - [2026-06-16T01:11:20.078+0000] {dag.py:3823} INFO - Setting next_dagrun for tutorial_dag to None, run_after=None
[2026-06-16T01:11:20.167+0000] {processor.py:183} INFO - Processing /home/airflow/.local/lib/python3.8/site-packages/airflow/example_dags/tutorial_dag.py took 0.308 seconds
[2026-06-16T01:11:52.314+0000] {processor.py:161} INFO - Started process (PID=460) to work on /home/airflow/.local/lib/python3.8/site-packages/airflow/example_dags/tutorial_dag.py
[2026-06-16T01:11:52.316+0000] {processor.py:830} INFO - Processing file /home/airflow/.local/lib/python3.8/site-packages/airflow/example_dags/tutorial_dag.py for tasks to queue
[2026-06-16T01:11:52.322+0000] {logging_mixin.py:188} INFO - [2026-06-16T01:11:52.321+0000] {dagbag.py:538} INFO - Filling up the DagBag from /home/airflow/.local/lib/python3.8/site-packages/airflow/example_dags/tutorial_dag.py
[2026-06-16T01:11:52.470+0000] {processor.py:840} INFO - DAG(s) 'tutorial_dag' retrieved from /home/airflow/.local/lib/python3.8/site-packages/airflow/example_dags/tutorial_dag.py
[2026-06-16T01:11:52.545+0000] {logging_mixin.py:188} INFO - [2026-06-16T01:11:52.544+0000] {dag.py:3036} INFO - Sync 1 DAGs
[2026-06-16T01:11:52.600+0000] {logging_mixin.py:188} INFO - [2026-06-16T01:11:52.599+0000] {dag.py:3823} INFO - Setting next_dagrun for tutorial_dag to None, run_after=None
[2026-06-16T01:11:52.689+0000] {processor.py:183} INFO - Processing /home/airflow/.local/lib/python3.8/site-packages/airflow/example_dags/tutorial_dag.py took 0.384 seconds
[2026-06-16T01:12:24.169+0000] {processor.py:161} INFO - Started process (PID=516) to work on /home/airflow/.local/lib/python3.8/site-packages/airflow/example_dags/tutorial_dag.py
[2026-06-16T01:12:24.173+0000] {processor.py:830} INFO - Processing file /home/airflow/.local/lib/python3.8/site-packages/airflow/example_dags/tutorial_dag.py for tasks to queue
[2026-06-16T01:12:24.178+0000] {logging_mixin.py:188} INFO - [2026-06-16T01:12:24.177+0000] {dagbag.py:538} INFO - Filling up the DagBag from /home/airflow/.local/lib/python3.8/site-packages/airflow/example_dags/tutorial_dag.py
[2026-06-16T01:12:24.200+0000] {processor.py:840} INFO - DAG(s) 'tutorial_dag' retrieved from /home/airflow/.local/lib/python3.8/site-packages/airflow/example_dags/tutorial_dag.py
[2026-06-16T01:12:24.291+0000] {logging_mixin.py:188} INFO - [2026-06-16T01:12:24.291+0000] {dag.py:3036} INFO - Sync 1 DAGs
[2026-06-16T01:12:24.341+0000] {logging_mixin.py:188} INFO - [2026-06-16T01:12:24.340+0000] {dag.py:3823} INFO - Setting next_dagrun for tutorial_dag to None, run_after=None
[2026-06-16T01:12:24.398+0000] {processor.py:183} INFO - Processing /home/airflow/.local/lib/python3.8/site-packages/airflow/example_dags/tutorial_dag.py took 0.240 seconds
[2026-06-16T01:12:54.730+0000] {processor.py:161} INFO - Started process (PID=570) to work on /home/airflow/.local/lib/python3.8/site-packages/airflow/example_dags/tutorial_dag.py
[2026-06-16T01:12:54.735+0000] {processor.py:830} INFO - Processing file /home/airflow/.local/lib/python3.8/site-packages/airflow/example_dags/tutorial_dag.py for tasks to queue
[2026-06-16T01:12:54.747+0000] {logging_mixin.py:188} INFO - [2026-06-16T01:12:54.746+0000] {dagbag.py:538} INFO - Filling up the DagBag from /home/airflow/.local/lib/python3.8/site-packages/airflow/example_dags/tutorial_dag.py
[2026-06-16T01:12:54.769+0000] {processor.py:840} INFO - DAG(s) 'tutorial_dag' retrieved from /home/airflow/.local/lib/python3.8/site-packages/airflow/example_dags/tutorial_dag.py
[2026-06-16T01:12:54.900+0000] {logging_mixin.py:188} INFO - [2026-06-16T01:12:54.899+0000] {dag.py:3036} INFO - Sync 1 DAGs
[2026-06-16T01:12:55.001+0000] {logging_mixin.py:188} INFO - [2026-06-16T01:12:54.998+0000] {dag.py:3823} INFO - Setting next_dagrun for tutorial_dag to None, run_after=None
[2026-06-16T01:12:55.257+0000] {processor.py:183} INFO - Processing /home/airflow/.local/lib/python3.8/site-packages/airflow/example_dags/tutorial_dag.py took 0.540 seconds
[2026-06-16T01:13:25.522+0000] {processor.py:161} INFO - Started process (PID=626) to work on /home/airflow/.local/lib/python3.8/site-packages/airflow/example_dags/tutorial_dag.py
[2026-06-16T01:13:25.534+0000] {processor.py:830} INFO - Processing file /home/airflow/.local/lib/python3.8/site-packages/airflow/example_dags/tutorial_dag.py for tasks to queue
[2026-06-16T01:13:25.554+0000] {logging_mixin.py:188} INFO - [2026-06-16T01:13:25.553+0000] {dagbag.py:538} INFO - Filling up the DagBag from /home/airflow/.local/lib/python3.8/site-packages/airflow/example_dags/tutorial_dag.py
[2026-06-16T01:13:25.626+0000] {processor.py:840} INFO - DAG(s) 'tutorial_dag' retrieved from /home/airflow/.local/lib/python3.8/site-packages/airflow/example_dags/tutorial_dag.py
[2026-06-16T01:13:25.720+0000] {logging_mixin.py:188} INFO - [2026-06-16T01:13:25.719+0000] {dag.py:3036} INFO - Sync 1 DAGs
[2026-06-16T01:13:25.790+0000] {logging_mixin.py:188} INFO - [2026-06-16T01:13:25.789+0000] {dag.py:3823} INFO - Setting next_dagrun for tutorial_dag to None, run_after=None
[2026-06-16T01:13:25.916+0000] {processor.py:183} INFO - Processing /home/airflow/.local/lib/python3.8/site-packages/airflow/example_dags/tutorial_dag.py took 0.420 seconds
[2026-06-16T01:13:56.791+0000] {processor.py:161} INFO - Started process (PID=682) to work on /home/airflow/.local/lib/python3.8/site-packages/airflow/example_dags/tutorial_dag.py
[2026-06-16T01:13:56.801+0000] {processor.py:830} INFO - Processing file /home/airflow/.local/lib/python3.8/site-packages/airflow/example_dags/tutorial_dag.py for tasks to queue
[2026-06-16T01:13:56.819+0000] {logging_mixin.py:188} INFO - [2026-06-16T01:13:56.818+0000] {dagbag.py:538} INFO - Filling up the DagBag from /home/airflow/.local/lib/python3.8/site-packages/airflow/example_dags/tutorial_dag.py
[2026-06-16T01:13:56.859+0000] {processor.py:840} INFO - DAG(s) 'tutorial_dag' retrieved from /home/airflow/.local/lib/python3.8/site-packages/airflow/example_dags/tutorial_dag.py
[2026-06-16T01:13:57.199+0000] {logging_mixin.py:188} INFO - [2026-06-16T01:13:57.112+0000] {dag.py:3036} INFO - Sync 1 DAGs
[2026-06-16T01:13:57.486+0000] {logging_mixin.py:188} INFO - [2026-06-16T01:13:57.452+0000] {dag.py:3823} INFO - Setting next_dagrun for tutorial_dag to None, run_after=None
[2026-06-16T01:13:57.691+0000] {processor.py:183} INFO - Processing /home/airflow/.local/lib/python3.8/site-packages/airflow/example_dags/tutorial_dag.py took 0.961 seconds
[2026-06-16T01:14:28.323+0000] {processor.py:161} INFO - Started process (PID=737) to work on /home/airflow/.local/lib/python3.8/site-packages/airflow/example_dags/tutorial_dag.py
[2026-06-16T01:14:28.327+0000] {processor.py:830} INFO - Processing file /home/airflow/.local/lib/python3.8/site-packages/airflow/example_dags/tutorial_dag.py for tasks to queue
[2026-06-16T01:14:28.333+0000] {logging_mixin.py:188} INFO - [2026-06-16T01:14:28.332+0000] {dagbag.py:538} INFO - Filling up the DagBag from /home/airflow/.local/lib/python3.8/site-packages/airflow/example_dags/tutorial_dag.py
[2026-06-16T01:14:28.399+0000] {processor.py:840} INFO - DAG(s) 'tutorial_dag' retrieved from /home/airflow/.local/lib/python3.8/site-packages/airflow/example_dags/tutorial_dag.py
[2026-06-16T01:14:28.618+0000] {logging_mixin.py:188} INFO - [2026-06-16T01:14:28.617+0000] {dag.py:3036} INFO - Sync 1 DAGs
[2026-06-16T01:14:28.797+0000] {logging_mixin.py:188} INFO - [2026-06-16T01:14:28.797+0000] {dag.py:3823} INFO - Setting next_dagrun for tutorial_dag to None, run_after=None
[2026-06-16T01:14:28.881+0000] {processor.py:183} INFO - Processing /home/airflow/.local/lib/python3.8/site-packages/airflow/example_dags/tutorial_dag.py took 0.566 seconds
[2026-06-16T01:14:59.700+0000] {processor.py:161} INFO - Started process (PID=793) to work on /home/airflow/.local/lib/python3.8/site-packages/airflow/example_dags/tutorial_dag.py
[2026-06-16T01:14:59.708+0000] {processor.py:830} INFO - Processing file /home/airflow/.local/lib/python3.8/site-packages/airflow/example_dags/tutorial_dag.py for tasks to queue
[2026-06-16T01:14:59.717+0000] {logging_mixin.py:188} INFO - [2026-06-16T01:14:59.715+0000] {dagbag.py:538} INFO - Filling up the DagBag from /home/airflow/.local/lib/python3.8/site-packages/airflow/example_dags/tutorial_dag.py
[2026-06-16T01:14:59.749+0000] {processor.py:840} INFO - DAG(s) 'tutorial_dag' retrieved from /home/airflow/.local/lib/python3.8/site-packages/airflow/example_dags/tutorial_dag.py
[2026-06-16T01:14:59.898+0000] {logging_mixin.py:188} INFO - [2026-06-16T01:14:59.894+0000] {dag.py:3036} INFO - Sync 1 DAGs
[2026-06-16T01:15:00.029+0000] {logging_mixin.py:188} INFO - [2026-06-16T01:15:00.027+0000] {dag.py:3823} INFO - Setting next_dagrun for tutorial_dag to None, run_after=None
[2026-06-16T01:15:00.131+0000] {processor.py:183} INFO - Processing /home/airflow/.local/lib/python3.8/site-packages/airflow/example_dags/tutorial_dag.py took 0.448 seconds
[2026-06-16T01:15:30.454+0000] {processor.py:161} INFO - Started process (PID=849) to work on /home/airflow/.local/lib/python3.8/site-packages/airflow/example_dags/tutorial_dag.py
[2026-06-16T01:15:30.457+0000] {processor.py:830} INFO - Processing file /home/airflow/.local/lib/python3.8/site-packages/airflow/example_dags/tutorial_dag.py for tasks to queue
[2026-06-16T01:15:30.515+0000] {logging_mixin.py:188} INFO - [2026-06-16T01:15:30.514+0000] {dagbag.py:538} INFO - Filling up the DagBag from /home/airflow/.local/lib/python3.8/site-packages/airflow/example_dags/tutorial_dag.py
[2026-06-16T01:15:30.536+0000] {processor.py:840} INFO - DAG(s) 'tutorial_dag' retrieved from /home/airflow/.local/lib/python3.8/site-packages/airflow/example_dags/tutorial_dag.py
[2026-06-16T01:15:30.617+0000] {logging_mixin.py:188} INFO - [2026-06-16T01:15:30.616+0000] {dag.py:3036} INFO - Sync 1 DAGs
[2026-06-16T01:15:30.676+0000] {logging_mixin.py:188} INFO - [2026-06-16T01:15:30.675+0000] {dag.py:3823} INFO - Setting next_dagrun for tutorial_dag to None, run_after=None
[2026-06-16T01:15:30.763+0000] {processor.py:183} INFO - Processing /home/airflow/.local/lib/python3.8/site-packages/airflow/example_dags/tutorial_dag.py took 0.320 seconds
[2026-06-16T01:16:07.562+0000] {processor.py:161} INFO - Started process (PID=905) to work on /home/airflow/.local/lib/python3.8/site-packages/airflow/example_dags/tutorial_dag.py
[2026-06-16T01:16:07.568+0000] {processor.py:830} INFO - Processing file /home/airflow/.local/lib/python3.8/site-packages/airflow/example_dags/tutorial_dag.py for tasks to queue
[2026-06-16T01:16:07.577+0000] {logging_mixin.py:188} INFO - [2026-06-16T01:16:07.575+0000] {dagbag.py:538} INFO - Filling up the DagBag from /home/airflow/.local/lib/python3.8/site-packages/airflow/example_dags/tutorial_dag.py
[2026-06-16T01:16:07.665+0000] {processor.py:840} INFO - DAG(s) 'tutorial_dag' retrieved from /home/airflow/.local/lib/python3.8/site-packages/airflow/example_dags/tutorial_dag.py
[2026-06-16T01:16:07.995+0000] {logging_mixin.py:188} INFO - [2026-06-16T01:16:07.994+0000] {dag.py:3036} INFO - Sync 1 DAGs
[2026-06-16T01:16:08.194+0000] {logging_mixin.py:188} INFO - [2026-06-16T01:16:08.193+0000] {dag.py:3823} INFO - Setting next_dagrun for tutorial_dag to None, run_after=None
[2026-06-16T01:16:08.382+0000] {processor.py:183} INFO - Processing /home/airflow/.local/lib/python3.8/site-packages/airflow/example_dags/tutorial_dag.py took 0.834 seconds
[2026-06-16T01:16:40.423+0000] {processor.py:161} INFO - Started process (PID=960) to work on /home/airflow/.local/lib/python3.8/site-packages/airflow/example_dags/tutorial_dag.py
[2026-06-16T01:16:40.428+0000] {processor.py:830} INFO - Processing file /home/airflow/.local/lib/python3.8/site-packages/airflow/example_dags/tutorial_dag.py for tasks to queue
[2026-06-16T01:16:40.433+0000] {logging_mixin.py:188} INFO - [2026-06-16T01:16:40.433+0000] {dagbag.py:538} INFO - Filling up the DagBag from /home/airflow/.local/lib/python3.8/site-packages/airflow/example_dags/tutorial_dag.py
[2026-06-16T01:16:40.579+0000] {processor.py:840} INFO - DAG(s) 'tutorial_dag' retrieved from /home/airflow/.local/lib/python3.8/site-packages/airflow/example_dags/tutorial_dag.py
[2026-06-16T01:16:40.685+0000] {logging_mixin.py:188} INFO - [2026-06-16T01:16:40.685+0000] {dag.py:3036} INFO - Sync 1 DAGs
[2026-06-16T01:16:40.823+0000] {logging_mixin.py:188} INFO - [2026-06-16T01:16:40.820+0000] {dag.py:3823} INFO - Setting next_dagrun for tutorial_dag to None, run_after=None
[2026-06-16T01:16:41.276+0000] {processor.py:183} INFO - Processing /home/airflow/.local/lib/python3.8/site-packages/airflow/example_dags/tutorial_dag.py took 0.862 seconds
[2026-06-16T01:17:13.824+0000] {processor.py:161} INFO - Started process (PID=1021) to work on /home/airflow/.local/lib/python3.8/site-packages/airflow/example_dags/tutorial_dag.py
[2026-06-16T01:17:13.830+0000] {processor.py:830} INFO - Processing file /home/airflow/.local/lib/python3.8/site-packages/airflow/example_dags/tutorial_dag.py for tasks to queue
[2026-06-16T01:17:13.877+0000] {logging_mixin.py:188} INFO - [2026-06-16T01:17:13.873+0000] {dagbag.py:538} INFO - Filling up the DagBag from /home/airflow/.local/lib/python3.8/site-packages/airflow/example_dags/tutorial_dag.py
[2026-06-16T01:17:13.906+0000] {processor.py:840} INFO - DAG(s) 'tutorial_dag' retrieved from /home/airflow/.local/lib/python3.8/site-packages/airflow/example_dags/tutorial_dag.py
[2026-06-16T01:17:14.050+0000] {logging_mixin.py:188} INFO - [2026-06-16T01:17:14.049+0000] {dag.py:3036} INFO - Sync 1 DAGs
[2026-06-16T01:17:14.211+0000] {logging_mixin.py:188} INFO - [2026-06-16T01:17:14.210+0000] {dag.py:3823} INFO - Setting next_dagrun for tutorial_dag to None, run_after=None
[2026-06-16T01:17:14.277+0000] {processor.py:183} INFO - Processing /home/airflow/.local/lib/python3.8/site-packages/airflow/example_dags/tutorial_dag.py took 0.488 seconds
[2026-06-16T01:17:44.529+0000] {processor.py:161} INFO - Started process (PID=1077) to work on /home/airflow/.local/lib/python3.8/site-packages/airflow/example_dags/tutorial_dag.py
[2026-06-16T01:17:44.534+0000] {processor.py:830} INFO - Processing file /home/airflow/.local/lib/python3.8/site-packages/airflow/example_dags/tutorial_dag.py for tasks to queue
[2026-06-16T01:17:44.551+0000] {logging_mixin.py:188} INFO - [2026-06-16T01:17:44.550+0000] {dagbag.py:538} INFO - Filling up the DagBag from /home/airflow/.local/lib/python3.8/site-packages/airflow/example_dags/tutorial_dag.py
[2026-06-16T01:17:44.595+0000] {processor.py:840} INFO - DAG(s) 'tutorial_dag' retrieved from /home/airflow/.local/lib/python3.8/site-packages/airflow/example_dags/tutorial_dag.py
[2026-06-16T01:17:44.715+0000] {logging_mixin.py:188} INFO - [2026-06-16T01:17:44.714+0000] {dag.py:3036} INFO - Sync 1 DAGs
[2026-06-16T01:17:44.778+0000] {logging_mixin.py:188} INFO - [2026-06-16T01:17:44.777+0000] {dag.py:3823} INFO - Setting next_dagrun for tutorial_dag to None, run_after=None
[2026-06-16T01:17:44.902+0000] {processor.py:183} INFO - Processing /home/airflow/.local/lib/python3.8/site-packages/airflow/example_dags/tutorial_dag.py took 0.388 seconds
[2026-06-16T01:18:15.503+0000] {processor.py:161} INFO - Started process (PID=1133) to work on /home/airflow/.local/lib/python3.8/site-packages/airflow/example_dags/tutorial_dag.py
[2026-06-16T01:18:15.509+0000] {processor.py:830} INFO - Processing file /home/airflow/.local/lib/python3.8/site-packages/airflow/example_dags/tutorial_dag.py for tasks to queue
[2026-06-16T01:18:15.525+0000] {logging_mixin.py:188} INFO - [2026-06-16T01:18:15.524+0000] {dagbag.py:538} INFO - Filling up the DagBag from /home/airflow/.local/lib/python3.8/site-packages/airflow/example_dags/tutorial_dag.py
[2026-06-16T01:18:15.572+0000] {processor.py:840} INFO - DAG(s) 'tutorial_dag' retrieved from /home/airflow/.local/lib/python3.8/site-packages/airflow/example_dags/tutorial_dag.py
[2026-06-16T01:18:15.753+0000] {logging_mixin.py:188} INFO - [2026-06-16T01:18:15.752+0000] {dag.py:3036} INFO - Sync 1 DAGs
[2026-06-16T01:18:15.818+0000] {logging_mixin.py:188} INFO - [2026-06-16T01:18:15.818+0000] {dag.py:3823} INFO - Setting next_dagrun for tutorial_dag to None, run_after=None
[2026-06-16T01:18:15.930+0000] {processor.py:183} INFO - Processing /home/airflow/.local/lib/python3.8/site-packages/airflow/example_dags/tutorial_dag.py took 0.444 seconds
[2026-06-16T01:18:47.979+0000] {processor.py:161} INFO - Started process (PID=1190) to work on /home/airflow/.local/lib/python3.8/site-packages/airflow/example_dags/tutorial_dag.py
[2026-06-16T01:18:47.989+0000] {processor.py:830} INFO - Processing file /home/airflow/.local/lib/python3.8/site-packages/airflow/example_dags/tutorial_dag.py for tasks to queue
[2026-06-16T01:18:47.997+0000] {logging_mixin.py:188} INFO - [2026-06-16T01:18:47.996+0000] {dagbag.py:538} INFO - Filling up the DagBag from /home/airflow/.local/lib/python3.8/site-packages/airflow/example_dags/tutorial_dag.py
[2026-06-16T01:18:48.018+0000] {processor.py:840} INFO - DAG(s) 'tutorial_dag' retrieved from /home/airflow/.local/lib/python3.8/site-packages/airflow/example_dags/tutorial_dag.py
[2026-06-16T01:18:48.142+0000] {logging_mixin.py:188} INFO - [2026-06-16T01:18:48.142+0000] {dag.py:3036} INFO - Sync 1 DAGs
[2026-06-16T01:18:48.248+0000] {logging_mixin.py:188} INFO - [2026-06-16T01:18:48.246+0000] {dag.py:3823} INFO - Setting next_dagrun for tutorial_dag to None, run_after=None
[2026-06-16T01:18:48.367+0000] {processor.py:183} INFO - Processing /home/airflow/.local/lib/python3.8/site-packages/airflow/example_dags/tutorial_dag.py took 0.405 seconds
[2026-06-16T01:19:19.346+0000] {processor.py:161} INFO - Started process (PID=1246) to work on /home/airflow/.local/lib/python3.8/site-packages/airflow/example_dags/tutorial_dag.py
[2026-06-16T01:19:19.351+0000] {processor.py:830} INFO - Processing file /home/airflow/.local/lib/python3.8/site-packages/airflow/example_dags/tutorial_dag.py for tasks to queue
[2026-06-16T01:19:19.357+0000] {logging_mixin.py:188} INFO - [2026-06-16T01:19:19.356+0000] {dagbag.py:538} INFO - Filling up the DagBag from /home/airflow/.local/lib/python3.8/site-packages/airflow/example_dags/tutorial_dag.py
[2026-06-16T01:19:19.374+0000] {processor.py:840} INFO - DAG(s) 'tutorial_dag' retrieved from /home/airflow/.local/lib/python3.8/site-packages/airflow/example_dags/tutorial_dag.py
[2026-06-16T01:19:19.499+0000] {logging_mixin.py:188} INFO - [2026-06-16T01:19:19.498+0000] {dag.py:3036} INFO - Sync 1 DAGs
[2026-06-16T01:19:19.557+0000] {logging_mixin.py:188} INFO - [2026-06-16T01:19:19.557+0000] {dag.py:3823} INFO - Setting next_dagrun for tutorial_dag to None, run_after=None
[2026-06-16T01:19:19.639+0000] {processor.py:183} INFO - Processing /home/airflow/.local/lib/python3.8/site-packages/airflow/example_dags/tutorial_dag.py took 0.303 seconds
[2026-06-16T01:19:50.343+0000] {processor.py:161} INFO - Started process (PID=1302) to work on /home/airflow/.local/lib/python3.8/site-packages/airflow/example_dags/tutorial_dag.py
[2026-06-16T01:19:50.347+0000] {processor.py:830} INFO - Processing file /home/airflow/.local/lib/python3.8/site-packages/airflow/example_dags/tutorial_dag.py for tasks to queue
[2026-06-16T01:19:50.353+0000] {logging_mixin.py:188} INFO - [2026-06-16T01:19:50.352+0000] {dagbag.py:538} INFO - Filling up the DagBag from /home/airflow/.local/lib/python3.8/site-packages/airflow/example_dags/tutorial_dag.py
[2026-06-16T01:19:50.371+0000] {processor.py:840} INFO - DAG(s) 'tutorial_dag' retrieved from /home/airflow/.local/lib/python3.8/site-packages/airflow/example_dags/tutorial_dag.py
[2026-06-16T01:19:50.436+0000] {logging_mixin.py:188} INFO - [2026-06-16T01:19:50.435+0000] {dag.py:3036} INFO - Sync 1 DAGs
[2026-06-16T01:19:50.487+0000] {logging_mixin.py:188} INFO - [2026-06-16T01:19:50.487+0000] {dag.py:3823} INFO - Setting next_dagrun for tutorial_dag to None, run_after=None
[2026-06-16T01:19:50.630+0000] {processor.py:183} INFO - Processing /home/airflow/.local/lib/python3.8/site-packages/airflow/example_dags/tutorial_dag.py took 0.298 seconds
[2026-06-16T01:20:21.170+0000] {processor.py:161} INFO - Started process (PID=1358) to work on /home/airflow/.local/lib/python3.8/site-packages/airflow/example_dags/tutorial_dag.py
[2026-06-16T01:20:21.173+0000] {processor.py:830} INFO - Processing file /home/airflow/.local/lib/python3.8/site-packages/airflow/example_dags/tutorial_dag.py for tasks to queue
[2026-06-16T01:20:21.179+0000] {logging_mixin.py:188} INFO - [2026-06-16T01:20:21.178+0000] {dagbag.py:538} INFO - Filling up the DagBag from /home/airflow/.local/lib/python3.8/site-packages/airflow/example_dags/tutorial_dag.py
[2026-06-16T01:20:21.198+0000] {processor.py:840} INFO - DAG(s) 'tutorial_dag' retrieved from /home/airflow/.local/lib/python3.8/site-packages/airflow/example_dags/tutorial_dag.py
[2026-06-16T01:20:21.275+0000] {logging_mixin.py:188} INFO - [2026-06-16T01:20:21.275+0000] {dag.py:3036} INFO - Sync 1 DAGs
[2026-06-16T01:20:21.329+0000] {logging_mixin.py:188} INFO - [2026-06-16T01:20:21.329+0000] {dag.py:3823} INFO - Setting next_dagrun for tutorial_dag to None, run_after=None
[2026-06-16T01:20:21.422+0000] {processor.py:183} INFO - Processing /home/airflow/.local/lib/python3.8/site-packages/airflow/example_dags/tutorial_dag.py took 0.263 seconds
[2026-06-16T01:20:54.665+0000] {processor.py:161} INFO - Started process (PID=1414) to work on /home/airflow/.local/lib/python3.8/site-packages/airflow/example_dags/tutorial_dag.py
[2026-06-16T01:20:54.670+0000] {processor.py:830} INFO - Processing file /home/airflow/.local/lib/python3.8/site-packages/airflow/example_dags/tutorial_dag.py for tasks to queue
[2026-06-16T01:20:54.689+0000] {logging_mixin.py:188} INFO - [2026-06-16T01:20:54.687+0000] {dagbag.py:538} INFO - Filling up the DagBag from /home/airflow/.local/lib/python3.8/site-packages/airflow/example_dags/tutorial_dag.py
[2026-06-16T01:20:54.715+0000] {processor.py:840} INFO - DAG(s) 'tutorial_dag' retrieved from /home/airflow/.local/lib/python3.8/site-packages/airflow/example_dags/tutorial_dag.py
[2026-06-16T01:20:55.002+0000] {logging_mixin.py:188} INFO - [2026-06-16T01:20:55.002+0000] {dag.py:3036} INFO - Sync 1 DAGs
[2026-06-16T01:20:55.108+0000] {logging_mixin.py:188} INFO - [2026-06-16T01:20:55.108+0000] {dag.py:3823} INFO - Setting next_dagrun for tutorial_dag to None, run_after=None
[2026-06-16T01:20:55.168+0000] {processor.py:183} INFO - Processing /home/airflow/.local/lib/python3.8/site-packages/airflow/example_dags/tutorial_dag.py took 0.518 seconds
[2026-06-16T01:21:25.395+0000] {processor.py:161} INFO - Started process (PID=1468) to work on /home/airflow/.local/lib/python3.8/site-packages/airflow/example_dags/tutorial_dag.py
[2026-06-16T01:21:25.399+0000] {processor.py:830} INFO - Processing file /home/airflow/.local/lib/python3.8/site-packages/airflow/example_dags/tutorial_dag.py for tasks to queue
[2026-06-16T01:21:25.404+0000] {logging_mixin.py:188} INFO - [2026-06-16T01:21:25.404+0000] {dagbag.py:538} INFO - Filling up the DagBag from /home/airflow/.local/lib/python3.8/site-packages/airflow/example_dags/tutorial_dag.py
[2026-06-16T01:21:25.429+0000] {processor.py:840} INFO - DAG(s) 'tutorial_dag' retrieved from /home/airflow/.local/lib/python3.8/site-packages/airflow/example_dags/tutorial_dag.py
[2026-06-16T01:21:25.501+0000] {logging_mixin.py:188} INFO - [2026-06-16T01:21:25.500+0000] {dag.py:3036} INFO - Sync 1 DAGs
[2026-06-16T01:21:25.586+0000] {logging_mixin.py:188} INFO - [2026-06-16T01:21:25.585+0000] {dag.py:3823} INFO - Setting next_dagrun for tutorial_dag to None, run_after=None
[2026-06-16T01:21:25.715+0000] {processor.py:183} INFO - Processing /home/airflow/.local/lib/python3.8/site-packages/airflow/example_dags/tutorial_dag.py took 0.333 seconds
[2026-06-16T01:21:56.579+0000] {processor.py:161} INFO - Started process (PID=1525) to work on /home/airflow/.local/lib/python3.8/site-packages/airflow/example_dags/tutorial_dag.py
[2026-06-16T01:21:56.584+0000] {processor.py:830} INFO - Processing file /home/airflow/.local/lib/python3.8/site-packages/airflow/example_dags/tutorial_dag.py for tasks to queue
[2026-06-16T01:21:56.592+0000] {logging_mixin.py:188} INFO - [2026-06-16T01:21:56.591+0000] {dagbag.py:538} INFO - Filling up the DagBag from /home/airflow/.local/lib/python3.8/site-packages/airflow/example_dags/tutorial_dag.py
[2026-06-16T01:21:56.809+0000] {processor.py:840} INFO - DAG(s) 'tutorial_dag' retrieved from /home/airflow/.local/lib/python3.8/site-packages/airflow/example_dags/tutorial_dag.py
[2026-06-16T01:21:57.671+0000] {logging_mixin.py:188} INFO - [2026-06-16T01:21:57.669+0000] {dag.py:3036} INFO - Sync 1 DAGs
[2026-06-16T01:21:57.755+0000] {logging_mixin.py:188} INFO - [2026-06-16T01:21:57.754+0000] {dag.py:3823} INFO - Setting next_dagrun for tutorial_dag to None, run_after=None
[2026-06-16T01:21:58.211+0000] {processor.py:183} INFO - Processing /home/airflow/.local/lib/python3.8/site-packages/airflow/example_dags/tutorial_dag.py took 1.682 seconds
[2026-06-16T01:22:28.343+0000] {processor.py:161} INFO - Started process (PID=1580) to work on /home/airflow/.local/lib/python3.8/site-packages/airflow/example_dags/tutorial_dag.py
[2026-06-16T01:22:28.347+0000] {processor.py:830} INFO - Processing file /home/airflow/.local/lib/python3.8/site-packages/airflow/example_dags/tutorial_dag.py for tasks to queue
[2026-06-16T01:22:28.352+0000] {logging_mixin.py:188} INFO - [2026-06-16T01:22:28.351+0000] {dagbag.py:538} INFO - Filling up the DagBag from /home/airflow/.local/lib/python3.8/site-packages/airflow/example_dags/tutorial_dag.py
[2026-06-16T01:22:28.376+0000] {processor.py:840} INFO - DAG(s) 'tutorial_dag' retrieved from /home/airflow/.local/lib/python3.8/site-packages/airflow/example_dags/tutorial_dag.py
[2026-06-16T01:22:28.546+0000] {logging_mixin.py:188} INFO - [2026-06-16T01:22:28.545+0000] {dag.py:3036} INFO - Sync 1 DAGs
[2026-06-16T01:22:28.600+0000] {logging_mixin.py:188} INFO - [2026-06-16T01:22:28.599+0000] {dag.py:3823} INFO - Setting next_dagrun for tutorial_dag to None, run_after=None
[2026-06-16T01:22:28.727+0000] {processor.py:183} INFO - Processing /home/airflow/.local/lib/python3.8/site-packages/airflow/example_dags/tutorial_dag.py took 0.396 seconds
[2026-06-16T01:22:59.176+0000] {processor.py:161} INFO - Started process (PID=1637) to work on /home/airflow/.local/lib/python3.8/site-packages/airflow/example_dags/tutorial_dag.py
[2026-06-16T01:22:59.180+0000] {processor.py:830} INFO - Processing file /home/airflow/.local/lib/python3.8/site-packages/airflow/example_dags/tutorial_dag.py for tasks to queue
[2026-06-16T01:22:59.205+0000] {logging_mixin.py:188} INFO - [2026-06-16T01:22:59.203+0000] {dagbag.py:538} INFO - Filling up the DagBag from /home/airflow/.local/lib/python3.8/site-packages/airflow/example_dags/tutorial_dag.py
[2026-06-16T01:22:59.234+0000] {processor.py:840} INFO - DAG(s) 'tutorial_dag' retrieved from /home/airflow/.local/lib/python3.8/site-packages/airflow/example_dags/tutorial_dag.py
[2026-06-16T01:22:59.447+0000] {logging_mixin.py:188} INFO - [2026-06-16T01:22:59.441+0000] {dag.py:3036} INFO - Sync 1 DAGs
[2026-06-16T01:22:59.621+0000] {logging_mixin.py:188} INFO - [2026-06-16T01:22:59.617+0000] {dag.py:3823} INFO - Setting next_dagrun for tutorial_dag to None, run_after=None
[2026-06-16T01:23:00.735+0000] {processor.py:183} INFO - Processing /home/airflow/.local/lib/python3.8/site-packages/airflow/example_dags/tutorial_dag.py took 1.574 seconds
[2026-06-16T01:23:31.146+0000] {processor.py:161} INFO - Started process (PID=1692) to work on /home/airflow/.local/lib/python3.8/site-packages/airflow/example_dags/tutorial_dag.py
[2026-06-16T01:23:31.149+0000] {processor.py:830} INFO - Processing file /home/airflow/.local/lib/python3.8/site-packages/airflow/example_dags/tutorial_dag.py for tasks to queue
[2026-06-16T01:23:31.221+0000] {logging_mixin.py:188} INFO - [2026-06-16T01:23:31.219+0000] {dagbag.py:538} INFO - Filling up the DagBag from /home/airflow/.local/lib/python3.8/site-packages/airflow/example_dags/tutorial_dag.py
[2026-06-16T01:23:31.252+0000] {processor.py:840} INFO - DAG(s) 'tutorial_dag' retrieved from /home/airflow/.local/lib/python3.8/site-packages/airflow/example_dags/tutorial_dag.py
[2026-06-16T01:23:31.511+0000] {logging_mixin.py:188} INFO - [2026-06-16T01:23:31.510+0000] {dag.py:3036} INFO - Sync 1 DAGs
[2026-06-16T01:23:31.730+0000] {logging_mixin.py:188} INFO - [2026-06-16T01:23:31.730+0000] {dag.py:3823} INFO - Setting next_dagrun for tutorial_dag to None, run_after=None
[2026-06-16T01:23:31.977+0000] {processor.py:183} INFO - Processing /home/airflow/.local/lib/python3.8/site-packages/airflow/example_dags/tutorial_dag.py took 0.841 seconds
[2026-06-16T01:24:02.498+0000] {processor.py:161} INFO - Started process (PID=1748) to work on /home/airflow/.local/lib/python3.8/site-packages/airflow/example_dags/tutorial_dag.py
[2026-06-16T01:24:02.501+0000] {processor.py:830} INFO - Processing file /home/airflow/.local/lib/python3.8/site-packages/airflow/example_dags/tutorial_dag.py for tasks to queue
[2026-06-16T01:24:02.507+0000] {logging_mixin.py:188} INFO - [2026-06-16T01:24:02.506+0000] {dagbag.py:538} INFO - Filling up the DagBag from /home/airflow/.local/lib/python3.8/site-packages/airflow/example_dags/tutorial_dag.py
[2026-06-16T01:24:02.561+0000] {processor.py:840} INFO - DAG(s) 'tutorial_dag' retrieved from /home/airflow/.local/lib/python3.8/site-packages/airflow/example_dags/tutorial_dag.py
[2026-06-16T01:24:02.765+0000] {logging_mixin.py:188} INFO - [2026-06-16T01:24:02.764+0000] {dag.py:3036} INFO - Sync 1 DAGs
[2026-06-16T01:24:02.872+0000] {logging_mixin.py:188} INFO - [2026-06-16T01:24:02.844+0000] {dag.py:3823} INFO - Setting next_dagrun for tutorial_dag to None, run_after=None
[2026-06-16T01:24:02.998+0000] {processor.py:183} INFO - Processing /home/airflow/.local/lib/python3.8/site-packages/airflow/example_dags/tutorial_dag.py took 0.510 seconds
[2026-06-16T01:24:33.073+0000] {processor.py:161} INFO - Started process (PID=1803) to work on /home/airflow/.local/lib/python3.8/site-packages/airflow/example_dags/tutorial_dag.py
[2026-06-16T01:24:33.076+0000] {processor.py:830} INFO - Processing file /home/airflow/.local/lib/python3.8/site-packages/airflow/example_dags/tutorial_dag.py for tasks to queue
[2026-06-16T01:24:33.081+0000] {logging_mixin.py:188} INFO - [2026-06-16T01:24:33.081+0000] {dagbag.py:538} INFO - Filling up the DagBag from /home/airflow/.local/lib/python3.8/site-packages/airflow/example_dags/tutorial_dag.py
[2026-06-16T01:24:33.096+0000] {processor.py:840} INFO - DAG(s) 'tutorial_dag' retrieved from /home/airflow/.local/lib/python3.8/site-packages/airflow/example_dags/tutorial_dag.py
[2026-06-16T01:24:33.144+0000] {logging_mixin.py:188} INFO - [2026-06-16T01:24:33.143+0000] {dag.py:3036} INFO - Sync 1 DAGs
[2026-06-16T01:24:33.171+0000] {logging_mixin.py:188} INFO - [2026-06-16T01:24:33.171+0000] {dag.py:3823} INFO - Setting next_dagrun for tutorial_dag to None, run_after=None
[2026-06-16T01:24:33.215+0000] {processor.py:183} INFO - Processing /home/airflow/.local/lib/python3.8/site-packages/airflow/example_dags/tutorial_dag.py took 0.149 seconds
[2026-06-16T01:25:03.558+0000] {processor.py:161} INFO - Started process (PID=1860) to work on /home/airflow/.local/lib/python3.8/site-packages/airflow/example_dags/tutorial_dag.py
[2026-06-16T01:25:03.560+0000] {processor.py:830} INFO - Processing file /home/airflow/.local/lib/python3.8/site-packages/airflow/example_dags/tutorial_dag.py for tasks to queue
[2026-06-16T01:25:03.564+0000] {logging_mixin.py:188} INFO - [2026-06-16T01:25:03.564+0000] {dagbag.py:538} INFO - Filling up the DagBag from /home/airflow/.local/lib/python3.8/site-packages/airflow/example_dags/tutorial_dag.py
[2026-06-16T01:25:03.575+0000] {processor.py:840} INFO - DAG(s) 'tutorial_dag' retrieved from /home/airflow/.local/lib/python3.8/site-packages/airflow/example_dags/tutorial_dag.py
[2026-06-16T01:25:03.631+0000] {logging_mixin.py:188} INFO - [2026-06-16T01:25:03.630+0000] {dag.py:3036} INFO - Sync 1 DAGs
[2026-06-16T01:25:03.666+0000] {logging_mixin.py:188} INFO - [2026-06-16T01:25:03.665+0000] {dag.py:3823} INFO - Setting next_dagrun for tutorial_dag to None, run_after=None
[2026-06-16T01:25:03.724+0000] {processor.py:183} INFO - Processing /home/airflow/.local/lib/python3.8/site-packages/airflow/example_dags/tutorial_dag.py took 0.173 seconds
[2026-06-16T01:25:33.997+0000] {processor.py:161} INFO - Started process (PID=1916) to work on /home/airflow/.local/lib/python3.8/site-packages/airflow/example_dags/tutorial_dag.py
[2026-06-16T01:25:33.999+0000] {processor.py:830} INFO - Processing file /home/airflow/.local/lib/python3.8/site-packages/airflow/example_dags/tutorial_dag.py for tasks to queue
[2026-06-16T01:25:34.003+0000] {logging_mixin.py:188} INFO - [2026-06-16T01:25:34.003+0000] {dagbag.py:538} INFO - Filling up the DagBag from /home/airflow/.local/lib/python3.8/site-packages/airflow/example_dags/tutorial_dag.py
[2026-06-16T01:25:34.014+0000] {processor.py:840} INFO - DAG(s) 'tutorial_dag' retrieved from /home/airflow/.local/lib/python3.8/site-packages/airflow/example_dags/tutorial_dag.py
[2026-06-16T01:25:34.073+0000] {logging_mixin.py:188} INFO - [2026-06-16T01:25:34.073+0000] {dag.py:3036} INFO - Sync 1 DAGs
[2026-06-16T01:25:34.108+0000] {logging_mixin.py:188} INFO - [2026-06-16T01:25:34.108+0000] {dag.py:3823} INFO - Setting next_dagrun for tutorial_dag to None, run_after=None
[2026-06-16T01:25:34.168+0000] {processor.py:183} INFO - Processing /home/airflow/.local/lib/python3.8/site-packages/airflow/example_dags/tutorial_dag.py took 0.178 seconds
[2026-06-16T01:26:04.780+0000] {processor.py:161} INFO - Started process (PID=1972) to work on /home/airflow/.local/lib/python3.8/site-packages/airflow/example_dags/tutorial_dag.py
[2026-06-16T01:26:04.782+0000] {processor.py:830} INFO - Processing file /home/airflow/.local/lib/python3.8/site-packages/airflow/example_dags/tutorial_dag.py for tasks to queue
[2026-06-16T01:26:04.785+0000] {logging_mixin.py:188} INFO - [2026-06-16T01:26:04.785+0000] {dagbag.py:538} INFO - Filling up the DagBag from /home/airflow/.local/lib/python3.8/site-packages/airflow/example_dags/tutorial_dag.py
[2026-06-16T01:26:04.796+0000] {processor.py:840} INFO - DAG(s) 'tutorial_dag' retrieved from /home/airflow/.local/lib/python3.8/site-packages/airflow/example_dags/tutorial_dag.py
[2026-06-16T01:26:04.843+0000] {logging_mixin.py:188} INFO - [2026-06-16T01:26:04.842+0000] {dag.py:3036} INFO - Sync 1 DAGs
[2026-06-16T01:26:04.872+0000] {logging_mixin.py:188} INFO - [2026-06-16T01:26:04.871+0000] {dag.py:3823} INFO - Setting next_dagrun for tutorial_dag to None, run_after=None
[2026-06-16T01:26:04.917+0000] {processor.py:183} INFO - Processing /home/airflow/.local/lib/python3.8/site-packages/airflow/example_dags/tutorial_dag.py took 0.146 seconds
[2026-06-16T01:26:35.614+0000] {processor.py:161} INFO - Started process (PID=2028) to work on /home/airflow/.local/lib/python3.8/site-packages/airflow/example_dags/tutorial_dag.py
[2026-06-16T01:26:35.617+0000] {processor.py:830} INFO - Processing file /home/airflow/.local/lib/python3.8/site-packages/airflow/example_dags/tutorial_dag.py for tasks to queue
[2026-06-16T01:26:35.622+0000] {logging_mixin.py:188} INFO - [2026-06-16T01:26:35.621+0000] {dagbag.py:538} INFO - Filling up the DagBag from /home/airflow/.local/lib/python3.8/site-packages/airflow/example_dags/tutorial_dag.py
[2026-06-16T01:26:35.637+0000] {processor.py:840} INFO - DAG(s) 'tutorial_dag' retrieved from /home/airflow/.local/lib/python3.8/site-packages/airflow/example_dags/tutorial_dag.py
[2026-06-16T01:26:35.695+0000] {logging_mixin.py:188} INFO - [2026-06-16T01:26:35.694+0000] {dag.py:3036} INFO - Sync 1 DAGs
[2026-06-16T01:26:35.731+0000] {logging_mixin.py:188} INFO - [2026-06-16T01:26:35.731+0000] {dag.py:3823} INFO - Setting next_dagrun for tutorial_dag to None, run_after=None
[2026-06-16T01:26:35.790+0000] {processor.py:183} INFO - Processing /home/airflow/.local/lib/python3.8/site-packages/airflow/example_dags/tutorial_dag.py took 0.184 seconds
[2026-06-16T01:27:07.474+0000] {processor.py:161} INFO - Started process (PID=2082) to work on /home/airflow/.local/lib/python3.8/site-packages/airflow/example_dags/tutorial_dag.py
[2026-06-16T01:27:07.477+0000] {processor.py:830} INFO - Processing file /home/airflow/.local/lib/python3.8/site-packages/airflow/example_dags/tutorial_dag.py for tasks to queue
[2026-06-16T01:27:07.482+0000] {logging_mixin.py:188} INFO - [2026-06-16T01:27:07.481+0000] {dagbag.py:538} INFO - Filling up the DagBag from /home/airflow/.local/lib/python3.8/site-packages/airflow/example_dags/tutorial_dag.py
[2026-06-16T01:27:07.500+0000] {processor.py:840} INFO - DAG(s) 'tutorial_dag' retrieved from /home/airflow/.local/lib/python3.8/site-packages/airflow/example_dags/tutorial_dag.py
[2026-06-16T01:27:07.558+0000] {logging_mixin.py:188} INFO - [2026-06-16T01:27:07.558+0000] {dag.py:3036} INFO - Sync 1 DAGs
[2026-06-16T01:27:07.599+0000] {logging_mixin.py:188} INFO - [2026-06-16T01:27:07.599+0000] {dag.py:3823} INFO - Setting next_dagrun for tutorial_dag to None, run_after=None
[2026-06-16T01:27:07.649+0000] {processor.py:183} INFO - Processing /home/airflow/.local/lib/python3.8/site-packages/airflow/example_dags/tutorial_dag.py took 0.185 seconds
[2026-06-16T01:27:38.111+0000] {processor.py:161} INFO - Started process (PID=2138) to work on /home/airflow/.local/lib/python3.8/site-packages/airflow/example_dags/tutorial_dag.py
[2026-06-16T01:27:38.156+0000] {processor.py:830} INFO - Processing file /home/airflow/.local/lib/python3.8/site-packages/airflow/example_dags/tutorial_dag.py for tasks to queue
[2026-06-16T01:27:38.163+0000] {logging_mixin.py:188} INFO - [2026-06-16T01:27:38.161+0000] {dagbag.py:538} INFO - Filling up the DagBag from /home/airflow/.local/lib/python3.8/site-packages/airflow/example_dags/tutorial_dag.py
[2026-06-16T01:27:38.193+0000] {processor.py:840} INFO - DAG(s) 'tutorial_dag' retrieved from /home/airflow/.local/lib/python3.8/site-packages/airflow/example_dags/tutorial_dag.py
[2026-06-16T01:27:38.302+0000] {logging_mixin.py:188} INFO - [2026-06-16T01:27:38.301+0000] {dag.py:3036} INFO - Sync 1 DAGs
[2026-06-16T01:27:38.361+0000] {logging_mixin.py:188} INFO - [2026-06-16T01:27:38.360+0000] {dag.py:3823} INFO - Setting next_dagrun for tutorial_dag to None, run_after=None
[2026-06-16T01:27:38.436+0000] {processor.py:183} INFO - Processing /home/airflow/.local/lib/python3.8/site-packages/airflow/example_dags/tutorial_dag.py took 0.343 seconds
[2026-06-16T01:28:08.787+0000] {processor.py:161} INFO - Started process (PID=2194) to work on /home/airflow/.local/lib/python3.8/site-packages/airflow/example_dags/tutorial_dag.py
[2026-06-16T01:28:08.789+0000] {processor.py:830} INFO - Processing file /home/airflow/.local/lib/python3.8/site-packages/airflow/example_dags/tutorial_dag.py for tasks to queue
[2026-06-16T01:28:08.793+0000] {logging_mixin.py:188} INFO - [2026-06-16T01:28:08.793+0000] {dagbag.py:538} INFO - Filling up the DagBag from /home/airflow/.local/lib/python3.8/site-packages/airflow/example_dags/tutorial_dag.py
[2026-06-16T01:28:08.805+0000] {processor.py:840} INFO - DAG(s) 'tutorial_dag' retrieved from /home/airflow/.local/lib/python3.8/site-packages/airflow/example_dags/tutorial_dag.py
[2026-06-16T01:28:08.846+0000] {logging_mixin.py:188} INFO - [2026-06-16T01:28:08.846+0000] {dag.py:3036} INFO - Sync 1 DAGs
[2026-06-16T01:28:08.876+0000] {logging_mixin.py:188} INFO - [2026-06-16T01:28:08.876+0000] {dag.py:3823} INFO - Setting next_dagrun for tutorial_dag to None, run_after=None
[2026-06-16T01:28:08.929+0000] {processor.py:183} INFO - Processing /home/airflow/.local/lib/python3.8/site-packages/airflow/example_dags/tutorial_dag.py took 0.150 seconds
[2026-06-16T01:28:39.692+0000] {processor.py:161} INFO - Started process (PID=2250) to work on /home/airflow/.local/lib/python3.8/site-packages/airflow/example_dags/tutorial_dag.py
[2026-06-16T01:28:39.694+0000] {processor.py:830} INFO - Processing file /home/airflow/.local/lib/python3.8/site-packages/airflow/example_dags/tutorial_dag.py for tasks to queue
[2026-06-16T01:28:39.698+0000] {logging_mixin.py:188} INFO - [2026-06-16T01:28:39.698+0000] {dagbag.py:538} INFO - Filling up the DagBag from /home/airflow/.local/lib/python3.8/site-packages/airflow/example_dags/tutorial_dag.py
[2026-06-16T01:28:39.709+0000] {processor.py:840} INFO - DAG(s) 'tutorial_dag' retrieved from /home/airflow/.local/lib/python3.8/site-packages/airflow/example_dags/tutorial_dag.py
[2026-06-16T01:28:39.749+0000] {logging_mixin.py:188} INFO - [2026-06-16T01:28:39.748+0000] {dag.py:3036} INFO - Sync 1 DAGs
[2026-06-16T01:28:39.773+0000] {logging_mixin.py:188} INFO - [2026-06-16T01:28:39.772+0000] {dag.py:3823} INFO - Setting next_dagrun for tutorial_dag to None, run_after=None
[2026-06-16T01:28:39.813+0000] {processor.py:183} INFO - Processing /home/airflow/.local/lib/python3.8/site-packages/airflow/example_dags/tutorial_dag.py took 0.126 seconds
[2026-06-16T01:29:10.424+0000] {processor.py:161} INFO - Started process (PID=2302) to work on /home/airflow/.local/lib/python3.8/site-packages/airflow/example_dags/tutorial_dag.py
[2026-06-16T01:29:10.427+0000] {processor.py:830} INFO - Processing file /home/airflow/.local/lib/python3.8/site-packages/airflow/example_dags/tutorial_dag.py for tasks to queue
[2026-06-16T01:29:10.433+0000] {logging_mixin.py:188} INFO - [2026-06-16T01:29:10.432+0000] {dagbag.py:538} INFO - Filling up the DagBag from /home/airflow/.local/lib/python3.8/site-packages/airflow/example_dags/tutorial_dag.py
[2026-06-16T01:29:10.450+0000] {processor.py:840} INFO - DAG(s) 'tutorial_dag' retrieved from /home/airflow/.local/lib/python3.8/site-packages/airflow/example_dags/tutorial_dag.py
[2026-06-16T01:29:10.526+0000] {logging_mixin.py:188} INFO - [2026-06-16T01:29:10.525+0000] {dag.py:3036} INFO - Sync 1 DAGs
[2026-06-16T01:29:10.586+0000] {logging_mixin.py:188} INFO - [2026-06-16T01:29:10.586+0000] {dag.py:3823} INFO - Setting next_dagrun for tutorial_dag to None, run_after=None
[2026-06-16T01:29:10.659+0000] {processor.py:183} INFO - Processing /home/airflow/.local/lib/python3.8/site-packages/airflow/example_dags/tutorial_dag.py took 0.244 seconds
[2026-06-16T01:29:41.304+0000] {processor.py:161} INFO - Started process (PID=2358) to work on /home/airflow/.local/lib/python3.8/site-packages/airflow/example_dags/tutorial_dag.py
[2026-06-16T01:29:41.306+0000] {processor.py:830} INFO - Processing file /home/airflow/.local/lib/python3.8/site-packages/airflow/example_dags/tutorial_dag.py for tasks to queue
[2026-06-16T01:29:41.312+0000] {logging_mixin.py:188} INFO - [2026-06-16T01:29:41.311+0000] {dagbag.py:538} INFO - Filling up the DagBag from /home/airflow/.local/lib/python3.8/site-packages/airflow/example_dags/tutorial_dag.py
[2026-06-16T01:29:41.331+0000] {processor.py:840} INFO - DAG(s) 'tutorial_dag' retrieved from /home/airflow/.local/lib/python3.8/site-packages/airflow/example_dags/tutorial_dag.py
[2026-06-16T01:29:41.438+0000] {logging_mixin.py:188} INFO - [2026-06-16T01:29:41.437+0000] {dag.py:3036} INFO - Sync 1 DAGs
[2026-06-16T01:29:41.487+0000] {logging_mixin.py:188} INFO - [2026-06-16T01:29:41.487+0000] {dag.py:3823} INFO - Setting next_dagrun for tutorial_dag to None, run_after=None
[2026-06-16T01:29:41.573+0000] {processor.py:183} INFO - Processing /home/airflow/.local/lib/python3.8/site-packages/airflow/example_dags/tutorial_dag.py took 0.276 seconds
[2026-06-16T01:30:12.996+0000] {processor.py:161} INFO - Started process (PID=2414) to work on /home/airflow/.local/lib/python3.8/site-packages/airflow/example_dags/tutorial_dag.py
[2026-06-16T01:30:12.999+0000] {processor.py:830} INFO - Processing file /home/airflow/.local/lib/python3.8/site-packages/airflow/example_dags/tutorial_dag.py for tasks to queue
[2026-06-16T01:30:13.005+0000] {logging_mixin.py:188} INFO - [2026-06-16T01:30:13.004+0000] {dagbag.py:538} INFO - Filling up the DagBag from /home/airflow/.local/lib/python3.8/site-packages/airflow/example_dags/tutorial_dag.py
[2026-06-16T01:30:13.021+0000] {processor.py:840} INFO - DAG(s) 'tutorial_dag' retrieved from /home/airflow/.local/lib/python3.8/site-packages/airflow/example_dags/tutorial_dag.py
[2026-06-16T01:30:13.084+0000] {logging_mixin.py:188} INFO - [2026-06-16T01:30:13.083+0000] {dag.py:3036} INFO - Sync 1 DAGs
[2026-06-16T01:30:13.125+0000] {logging_mixin.py:188} INFO - [2026-06-16T01:30:13.125+0000] {dag.py:3823} INFO - Setting next_dagrun for tutorial_dag to None, run_after=None
[2026-06-16T01:30:13.181+0000] {processor.py:183} INFO - Processing /home/airflow/.local/lib/python3.8/site-packages/airflow/example_dags/tutorial_dag.py took 0.195 seconds
[2026-06-16T01:30:43.684+0000] {processor.py:161} INFO - Started process (PID=2470) to work on /home/airflow/.local/lib/python3.8/site-packages/airflow/example_dags/tutorial_dag.py
[2026-06-16T01:30:43.686+0000] {processor.py:830} INFO - Processing file /home/airflow/.local/lib/python3.8/site-packages/airflow/example_dags/tutorial_dag.py for tasks to queue
[2026-06-16T01:30:43.690+0000] {logging_mixin.py:188} INFO - [2026-06-16T01:30:43.689+0000] {dagbag.py:538} INFO - Filling up the DagBag from /home/airflow/.local/lib/python3.8/site-packages/airflow/example_dags/tutorial_dag.py
[2026-06-16T01:30:43.705+0000] {processor.py:840} INFO - DAG(s) 'tutorial_dag' retrieved from /home/airflow/.local/lib/python3.8/site-packages/airflow/example_dags/tutorial_dag.py
[2026-06-16T01:30:43.759+0000] {logging_mixin.py:188} INFO - [2026-06-16T01:30:43.758+0000] {dag.py:3036} INFO - Sync 1 DAGs
[2026-06-16T01:30:43.794+0000] {logging_mixin.py:188} INFO - [2026-06-16T01:30:43.793+0000] {dag.py:3823} INFO - Setting next_dagrun for tutorial_dag to None, run_after=None
[2026-06-16T01:30:43.847+0000] {processor.py:183} INFO - Processing /home/airflow/.local/lib/python3.8/site-packages/airflow/example_dags/tutorial_dag.py took 0.173 seconds
[2026-06-16T01:31:14.414+0000] {processor.py:161} INFO - Started process (PID=2526) to work on /home/airflow/.local/lib/python3.8/site-packages/airflow/example_dags/tutorial_dag.py
[2026-06-16T01:31:14.417+0000] {processor.py:830} INFO - Processing file /home/airflow/.local/lib/python3.8/site-packages/airflow/example_dags/tutorial_dag.py for tasks to queue
[2026-06-16T01:31:14.422+0000] {logging_mixin.py:188} INFO - [2026-06-16T01:31:14.422+0000] {dagbag.py:538} INFO - Filling up the DagBag from /home/airflow/.local/lib/python3.8/site-packages/airflow/example_dags/tutorial_dag.py
[2026-06-16T01:31:14.442+0000] {processor.py:840} INFO - DAG(s) 'tutorial_dag' retrieved from /home/airflow/.local/lib/python3.8/site-packages/airflow/example_dags/tutorial_dag.py
[2026-06-16T01:31:14.508+0000] {logging_mixin.py:188} INFO - [2026-06-16T01:31:14.507+0000] {dag.py:3036} INFO - Sync 1 DAGs
[2026-06-16T01:31:14.544+0000] {logging_mixin.py:188} INFO - [2026-06-16T01:31:14.544+0000] {dag.py:3823} INFO - Setting next_dagrun for tutorial_dag to None, run_after=None
[2026-06-16T01:31:14.595+0000] {processor.py:183} INFO - Processing /home/airflow/.local/lib/python3.8/site-packages/airflow/example_dags/tutorial_dag.py took 0.191 seconds
[2026-06-16T01:31:44.859+0000] {processor.py:161} INFO - Started process (PID=2582) to work on /home/airflow/.local/lib/python3.8/site-packages/airflow/example_dags/tutorial_dag.py
[2026-06-16T01:31:44.862+0000] {processor.py:830} INFO - Processing file /home/airflow/.local/lib/python3.8/site-packages/airflow/example_dags/tutorial_dag.py for tasks to queue
[2026-06-16T01:31:44.867+0000] {logging_mixin.py:188} INFO - [2026-06-16T01:31:44.866+0000] {dagbag.py:538} INFO - Filling up the DagBag from /home/airflow/.local/lib/python3.8/site-packages/airflow/example_dags/tutorial_dag.py
[2026-06-16T01:31:44.884+0000] {processor.py:840} INFO - DAG(s) 'tutorial_dag' retrieved from /home/airflow/.local/lib/python3.8/site-packages/airflow/example_dags/tutorial_dag.py
[2026-06-16T01:31:44.974+0000] {logging_mixin.py:188} INFO - [2026-06-16T01:31:44.973+0000] {dag.py:3036} INFO - Sync 1 DAGs
[2026-06-16T01:31:45.018+0000] {logging_mixin.py:188} INFO - [2026-06-16T01:31:45.018+0000] {dag.py:3823} INFO - Setting next_dagrun for tutorial_dag to None, run_after=None
[2026-06-16T01:31:45.076+0000] {processor.py:183} INFO - Processing /home/airflow/.local/lib/python3.8/site-packages/airflow/example_dags/tutorial_dag.py took 0.227 seconds
[2026-06-16T01:32:17.650+0000] {processor.py:161} INFO - Started process (PID=2643) to work on /home/airflow/.local/lib/python3.8/site-packages/airflow/example_dags/tutorial_dag.py
[2026-06-16T01:32:17.652+0000] {processor.py:830} INFO - Processing file /home/airflow/.local/lib/python3.8/site-packages/airflow/example_dags/tutorial_dag.py for tasks to queue
[2026-06-16T01:32:17.658+0000] {logging_mixin.py:188} INFO - [2026-06-16T01:32:17.657+0000] {dagbag.py:538} INFO - Filling up the DagBag from /home/airflow/.local/lib/python3.8/site-packages/airflow/example_dags/tutorial_dag.py
[2026-06-16T01:32:17.682+0000] {processor.py:840} INFO - DAG(s) 'tutorial_dag' retrieved from /home/airflow/.local/lib/python3.8/site-packages/airflow/example_dags/tutorial_dag.py
[2026-06-16T01:32:17.853+0000] {logging_mixin.py:188} INFO - [2026-06-16T01:32:17.852+0000] {dag.py:3036} INFO - Sync 1 DAGs
[2026-06-16T01:32:17.907+0000] {logging_mixin.py:188} INFO - [2026-06-16T01:32:17.907+0000] {dag.py:3823} INFO - Setting next_dagrun for tutorial_dag to None, run_after=None
[2026-06-16T01:32:18.533+0000] {processor.py:183} INFO - Processing /home/airflow/.local/lib/python3.8/site-packages/airflow/example_dags/tutorial_dag.py took 0.893 seconds
[2026-06-16T01:32:48.987+0000] {processor.py:161} INFO - Started process (PID=2699) to work on /home/airflow/.local/lib/python3.8/site-packages/airflow/example_dags/tutorial_dag.py
[2026-06-16T01:32:48.990+0000] {processor.py:830} INFO - Processing file /home/airflow/.local/lib/python3.8/site-packages/airflow/example_dags/tutorial_dag.py for tasks to queue
[2026-06-16T01:32:48.993+0000] {logging_mixin.py:188} INFO - [2026-06-16T01:32:48.993+0000] {dagbag.py:538} INFO - Filling up the DagBag from /home/airflow/.local/lib/python3.8/site-packages/airflow/example_dags/tutorial_dag.py
[2026-06-16T01:32:49.006+0000] {processor.py:840} INFO - DAG(s) 'tutorial_dag' retrieved from /home/airflow/.local/lib/python3.8/site-packages/airflow/example_dags/tutorial_dag.py
[2026-06-16T01:32:49.056+0000] {logging_mixin.py:188} INFO - [2026-06-16T01:32:49.056+0000] {dag.py:3036} INFO - Sync 1 DAGs
[2026-06-16T01:32:49.091+0000] {logging_mixin.py:188} INFO - [2026-06-16T01:32:49.089+0000] {dag.py:3823} INFO - Setting next_dagrun for tutorial_dag to None, run_after=None
[2026-06-16T01:32:49.154+0000] {processor.py:183} INFO - Processing /home/airflow/.local/lib/python3.8/site-packages/airflow/example_dags/tutorial_dag.py took 0.176 seconds
[2026-06-16T01:33:19.642+0000] {processor.py:161} INFO - Started process (PID=2755) to work on /home/airflow/.local/lib/python3.8/site-packages/airflow/example_dags/tutorial_dag.py
[2026-06-16T01:33:19.644+0000] {processor.py:830} INFO - Processing file /home/airflow/.local/lib/python3.8/site-packages/airflow/example_dags/tutorial_dag.py for tasks to queue
[2026-06-16T01:33:19.648+0000] {logging_mixin.py:188} INFO - [2026-06-16T01:33:19.647+0000] {dagbag.py:538} INFO - Filling up the DagBag from /home/airflow/.local/lib/python3.8/site-packages/airflow/example_dags/tutorial_dag.py
[2026-06-16T01:33:19.661+0000] {processor.py:840} INFO - DAG(s) 'tutorial_dag' retrieved from /home/airflow/.local/lib/python3.8/site-packages/airflow/example_dags/tutorial_dag.py
[2026-06-16T01:33:19.719+0000] {logging_mixin.py:188} INFO - [2026-06-16T01:33:19.718+0000] {dag.py:3036} INFO - Sync 1 DAGs
[2026-06-16T01:33:19.753+0000] {logging_mixin.py:188} INFO - [2026-06-16T01:33:19.753+0000] {dag.py:3823} INFO - Setting next_dagrun for tutorial_dag to None, run_after=None
[2026-06-16T01:33:19.802+0000] {processor.py:183} INFO - Processing /home/airflow/.local/lib/python3.8/site-packages/airflow/example_dags/tutorial_dag.py took 0.168 seconds
[2026-06-16T01:33:49.926+0000] {processor.py:161} INFO - Started process (PID=2811) to work on /home/airflow/.local/lib/python3.8/site-packages/airflow/example_dags/tutorial_dag.py
[2026-06-16T01:33:49.934+0000] {processor.py:830} INFO - Processing file /home/airflow/.local/lib/python3.8/site-packages/airflow/example_dags/tutorial_dag.py for tasks to queue
[2026-06-16T01:33:49.945+0000] {logging_mixin.py:188} INFO - [2026-06-16T01:33:49.944+0000] {dagbag.py:538} INFO - Filling up the DagBag from /home/airflow/.local/lib/python3.8/site-packages/airflow/example_dags/tutorial_dag.py
[2026-06-16T01:33:49.960+0000] {processor.py:840} INFO - DAG(s) 'tutorial_dag' retrieved from /home/airflow/.local/lib/python3.8/site-packages/airflow/example_dags/tutorial_dag.py
[2026-06-16T01:33:50.013+0000] {logging_mixin.py:188} INFO - [2026-06-16T01:33:50.013+0000] {dag.py:3036} INFO - Sync 1 DAGs
[2026-06-16T01:33:50.051+0000] {logging_mixin.py:188} INFO - [2026-06-16T01:33:50.051+0000] {dag.py:3823} INFO - Setting next_dagrun for tutorial_dag to None, run_after=None
[2026-06-16T01:33:50.107+0000] {processor.py:183} INFO - Processing /home/airflow/.local/lib/python3.8/site-packages/airflow/example_dags/tutorial_dag.py took 0.190 seconds
[2026-06-16T01:34:20.203+0000] {processor.py:161} INFO - Started process (PID=2866) to work on /home/airflow/.local/lib/python3.8/site-packages/airflow/example_dags/tutorial_dag.py
[2026-06-16T01:34:20.206+0000] {processor.py:830} INFO - Processing file /home/airflow/.local/lib/python3.8/site-packages/airflow/example_dags/tutorial_dag.py for tasks to queue
[2026-06-16T01:34:20.226+0000] {logging_mixin.py:188} INFO - [2026-06-16T01:34:20.221+0000] {dagbag.py:538} INFO - Filling up the DagBag from /home/airflow/.local/lib/python3.8/site-packages/airflow/example_dags/tutorial_dag.py
[2026-06-16T01:34:20.254+0000] {processor.py:840} INFO - DAG(s) 'tutorial_dag' retrieved from /home/airflow/.local/lib/python3.8/site-packages/airflow/example_dags/tutorial_dag.py
[2026-06-16T01:34:20.324+0000] {logging_mixin.py:188} INFO - [2026-06-16T01:34:20.323+0000] {dag.py:3036} INFO - Sync 1 DAGs
[2026-06-16T01:34:20.358+0000] {logging_mixin.py:188} INFO - [2026-06-16T01:34:20.357+0000] {dag.py:3823} INFO - Setting next_dagrun for tutorial_dag to None, run_after=None
[2026-06-16T01:34:20.414+0000] {processor.py:183} INFO - Processing /home/airflow/.local/lib/python3.8/site-packages/airflow/example_dags/tutorial_dag.py took 0.221 seconds
[2026-06-16T01:34:50.896+0000] {processor.py:161} INFO - Started process (PID=2921) to work on /home/airflow/.local/lib/python3.8/site-packages/airflow/example_dags/tutorial_dag.py
[2026-06-16T01:34:50.899+0000] {processor.py:830} INFO - Processing file /home/airflow/.local/lib/python3.8/site-packages/airflow/example_dags/tutorial_dag.py for tasks to queue
[2026-06-16T01:34:50.904+0000] {logging_mixin.py:188} INFO - [2026-06-16T01:34:50.904+0000] {dagbag.py:538} INFO - Filling up the DagBag from /home/airflow/.local/lib/python3.8/site-packages/airflow/example_dags/tutorial_dag.py
[2026-06-16T01:34:50.919+0000] {processor.py:840} INFO - DAG(s) 'tutorial_dag' retrieved from /home/airflow/.local/lib/python3.8/site-packages/airflow/example_dags/tutorial_dag.py
[2026-06-16T01:34:50.995+0000] {logging_mixin.py:188} INFO - [2026-06-16T01:34:50.992+0000] {dag.py:3036} INFO - Sync 1 DAGs
[2026-06-16T01:34:51.042+0000] {logging_mixin.py:188} INFO - [2026-06-16T01:34:51.042+0000] {dag.py:3823} INFO - Setting next_dagrun for tutorial_dag to None, run_after=None
[2026-06-16T01:34:51.467+0000] {processor.py:183} INFO - Processing /home/airflow/.local/lib/python3.8/site-packages/airflow/example_dags/tutorial_dag.py took 0.578 seconds
[2026-06-16T01:35:22.180+0000] {processor.py:161} INFO - Started process (PID=2978) to work on /home/airflow/.local/lib/python3.8/site-packages/airflow/example_dags/tutorial_dag.py
[2026-06-16T01:35:22.182+0000] {processor.py:830} INFO - Processing file /home/airflow/.local/lib/python3.8/site-packages/airflow/example_dags/tutorial_dag.py for tasks to queue
[2026-06-16T01:35:22.186+0000] {logging_mixin.py:188} INFO - [2026-06-16T01:35:22.185+0000] {dagbag.py:538} INFO - Filling up the DagBag from /home/airflow/.local/lib/python3.8/site-packages/airflow/example_dags/tutorial_dag.py
[2026-06-16T01:35:22.196+0000] {processor.py:840} INFO - DAG(s) 'tutorial_dag' retrieved from /home/airflow/.local/lib/python3.8/site-packages/airflow/example_dags/tutorial_dag.py
[2026-06-16T01:35:22.242+0000] {logging_mixin.py:188} INFO - [2026-06-16T01:35:22.242+0000] {dag.py:3036} INFO - Sync 1 DAGs
[2026-06-16T01:35:22.272+0000] {logging_mixin.py:188} INFO - [2026-06-16T01:35:22.272+0000] {dag.py:3823} INFO - Setting next_dagrun for tutorial_dag to None, run_after=None
[2026-06-16T01:35:22.330+0000] {processor.py:183} INFO - Processing /home/airflow/.local/lib/python3.8/site-packages/airflow/example_dags/tutorial_dag.py took 0.160 seconds
[2026-06-16T01:35:52.706+0000] {processor.py:161} INFO - Started process (PID=3034) to work on /home/airflow/.local/lib/python3.8/site-packages/airflow/example_dags/tutorial_dag.py
[2026-06-16T01:35:52.711+0000] {processor.py:830} INFO - Processing file /home/airflow/.local/lib/python3.8/site-packages/airflow/example_dags/tutorial_dag.py for tasks to queue
[2026-06-16T01:35:52.717+0000] {logging_mixin.py:188} INFO - [2026-06-16T01:35:52.716+0000] {dagbag.py:538} INFO - Filling up the DagBag from /home/airflow/.local/lib/python3.8/site-packages/airflow/example_dags/tutorial_dag.py
[2026-06-16T01:35:52.740+0000] {processor.py:840} INFO - DAG(s) 'tutorial_dag' retrieved from /home/airflow/.local/lib/python3.8/site-packages/airflow/example_dags/tutorial_dag.py
[2026-06-16T01:35:52.849+0000] {logging_mixin.py:188} INFO - [2026-06-16T01:35:52.848+0000] {dag.py:3036} INFO - Sync 1 DAGs
[2026-06-16T01:35:52.907+0000] {logging_mixin.py:188} INFO - [2026-06-16T01:35:52.906+0000] {dag.py:3823} INFO - Setting next_dagrun for tutorial_dag to None, run_after=None
[2026-06-16T01:35:52.986+0000] {processor.py:183} INFO - Processing /home/airflow/.local/lib/python3.8/site-packages/airflow/example_dags/tutorial_dag.py took 0.292 seconds
[2026-06-16T01:36:23.144+0000] {processor.py:161} INFO - Started process (PID=3096) to work on /home/airflow/.local/lib/python3.8/site-packages/airflow/example_dags/tutorial_dag.py
[2026-06-16T01:36:23.146+0000] {processor.py:830} INFO - Processing file /home/airflow/.local/lib/python3.8/site-packages/airflow/example_dags/tutorial_dag.py for tasks to queue
[2026-06-16T01:36:23.151+0000] {logging_mixin.py:188} INFO - [2026-06-16T01:36:23.150+0000] {dagbag.py:538} INFO - Filling up the DagBag from /home/airflow/.local/lib/python3.8/site-packages/airflow/example_dags/tutorial_dag.py
[2026-06-16T01:36:23.165+0000] {processor.py:840} INFO - DAG(s) 'tutorial_dag' retrieved from /home/airflow/.local/lib/python3.8/site-packages/airflow/example_dags/tutorial_dag.py
[2026-06-16T01:36:23.233+0000] {logging_mixin.py:188} INFO - [2026-06-16T01:36:23.233+0000] {dag.py:3036} INFO - Sync 1 DAGs
[2026-06-16T01:36:23.277+0000] {logging_mixin.py:188} INFO - [2026-06-16T01:36:23.276+0000] {dag.py:3823} INFO - Setting next_dagrun for tutorial_dag to None, run_after=None
[2026-06-16T01:36:23.330+0000] {processor.py:183} INFO - Processing /home/airflow/.local/lib/python3.8/site-packages/airflow/example_dags/tutorial_dag.py took 0.196 seconds
[2026-06-16T01:36:55.021+0000] {processor.py:161} INFO - Started process (PID=3152) to work on /home/airflow/.local/lib/python3.8/site-packages/airflow/example_dags/tutorial_dag.py
[2026-06-16T01:36:55.036+0000] {processor.py:830} INFO - Processing file /home/airflow/.local/lib/python3.8/site-packages/airflow/example_dags/tutorial_dag.py for tasks to queue
[2026-06-16T01:36:55.086+0000] {logging_mixin.py:188} INFO - [2026-06-16T01:36:55.085+0000] {dagbag.py:538} INFO - Filling up the DagBag from /home/airflow/.local/lib/python3.8/site-packages/airflow/example_dags/tutorial_dag.py
[2026-06-16T01:36:55.108+0000] {processor.py:840} INFO - DAG(s) 'tutorial_dag' retrieved from /home/airflow/.local/lib/python3.8/site-packages/airflow/example_dags/tutorial_dag.py
[2026-06-16T01:36:55.192+0000] {logging_mixin.py:188} INFO - [2026-06-16T01:36:55.191+0000] {dag.py:3036} INFO - Sync 1 DAGs
[2026-06-16T01:36:55.248+0000] {logging_mixin.py:188} INFO - [2026-06-16T01:36:55.247+0000] {dag.py:3823} INFO - Setting next_dagrun for tutorial_dag to None, run_after=None
[2026-06-16T01:36:55.328+0000] {processor.py:183} INFO - Processing /home/airflow/.local/lib/python3.8/site-packages/airflow/example_dags/tutorial_dag.py took 0.316 seconds
[2026-06-16T01:37:25.809+0000] {processor.py:161} INFO - Started process (PID=3207) to work on /home/airflow/.local/lib/python3.8/site-packages/airflow/example_dags/tutorial_dag.py
[2026-06-16T01:37:25.812+0000] {processor.py:830} INFO - Processing file /home/airflow/.local/lib/python3.8/site-packages/airflow/example_dags/tutorial_dag.py for tasks to queue
[2026-06-16T01:37:25.818+0000] {logging_mixin.py:188} INFO - [2026-06-16T01:37:25.817+0000] {dagbag.py:538} INFO - Filling up the DagBag from /home/airflow/.local/lib/python3.8/site-packages/airflow/example_dags/tutorial_dag.py
[2026-06-16T01:37:25.837+0000] {processor.py:840} INFO - DAG(s) 'tutorial_dag' retrieved from /home/airflow/.local/lib/python3.8/site-packages/airflow/example_dags/tutorial_dag.py
[2026-06-16T01:37:25.898+0000] {logging_mixin.py:188} INFO - [2026-06-16T01:37:25.897+0000] {dag.py:3036} INFO - Sync 1 DAGs
[2026-06-16T01:37:25.931+0000] {logging_mixin.py:188} INFO - [2026-06-16T01:37:25.931+0000] {dag.py:3823} INFO - Setting next_dagrun for tutorial_dag to None, run_after=None
[2026-06-16T01:37:25.972+0000] {processor.py:183} INFO - Processing /home/airflow/.local/lib/python3.8/site-packages/airflow/example_dags/tutorial_dag.py took 0.171 seconds
[2026-06-16T01:37:56.609+0000] {processor.py:161} INFO - Started process (PID=3264) to work on /home/airflow/.local/lib/python3.8/site-packages/airflow/example_dags/tutorial_dag.py
[2026-06-16T01:37:56.612+0000] {processor.py:830} INFO - Processing file /home/airflow/.local/lib/python3.8/site-packages/airflow/example_dags/tutorial_dag.py for tasks to queue
[2026-06-16T01:37:56.619+0000] {logging_mixin.py:188} INFO - [2026-06-16T01:37:56.619+0000] {dagbag.py:538} INFO - Filling up the DagBag from /home/airflow/.local/lib/python3.8/site-packages/airflow/example_dags/tutorial_dag.py
[2026-06-16T01:37:56.636+0000] {processor.py:840} INFO - DAG(s) 'tutorial_dag' retrieved from /home/airflow/.local/lib/python3.8/site-packages/airflow/example_dags/tutorial_dag.py
[2026-06-16T01:37:56.728+0000] {logging_mixin.py:188} INFO - [2026-06-16T01:37:56.727+0000] {dag.py:3036} INFO - Sync 1 DAGs
[2026-06-16T01:37:56.793+0000] {logging_mixin.py:188} INFO - [2026-06-16T01:37:56.793+0000] {dag.py:3823} INFO - Setting next_dagrun for tutorial_dag to None, run_after=None
[2026-06-16T01:37:56.848+0000] {processor.py:183} INFO - Processing /home/airflow/.local/lib/python3.8/site-packages/airflow/example_dags/tutorial_dag.py took 0.247 seconds
[2026-06-16T01:38:27.188+0000] {processor.py:161} INFO - Started process (PID=3319) to work on /home/airflow/.local/lib/python3.8/site-packages/airflow/example_dags/tutorial_dag.py
[2026-06-16T01:38:27.191+0000] {processor.py:830} INFO - Processing file /home/airflow/.local/lib/python3.8/site-packages/airflow/example_dags/tutorial_dag.py for tasks to queue
[2026-06-16T01:38:27.196+0000] {logging_mixin.py:188} INFO - [2026-06-16T01:38:27.195+0000] {dagbag.py:538} INFO - Filling up the DagBag from /home/airflow/.local/lib/python3.8/site-packages/airflow/example_dags/tutorial_dag.py
[2026-06-16T01:38:27.213+0000] {processor.py:840} INFO - DAG(s) 'tutorial_dag' retrieved from /home/airflow/.local/lib/python3.8/site-packages/airflow/example_dags/tutorial_dag.py
[2026-06-16T01:38:27.266+0000] {logging_mixin.py:188} INFO - [2026-06-16T01:38:27.265+0000] {dag.py:3036} INFO - Sync 1 DAGs
[2026-06-16T01:38:27.302+0000] {logging_mixin.py:188} INFO - [2026-06-16T01:38:27.302+0000] {dag.py:3823} INFO - Setting next_dagrun for tutorial_dag to None, run_after=None
[2026-06-16T01:38:27.350+0000] {processor.py:183} INFO - Processing /home/airflow/.local/lib/python3.8/site-packages/airflow/example_dags/tutorial_dag.py took 0.172 seconds
[2026-06-16T01:38:59.045+0000] {processor.py:161} INFO - Started process (PID=3375) to work on /home/airflow/.local/lib/python3.8/site-packages/airflow/example_dags/tutorial_dag.py
[2026-06-16T01:38:59.048+0000] {processor.py:830} INFO - Processing file /home/airflow/.local/lib/python3.8/site-packages/airflow/example_dags/tutorial_dag.py for tasks to queue
[2026-06-16T01:38:59.057+0000] {logging_mixin.py:188} INFO - [2026-06-16T01:38:59.056+0000] {dagbag.py:538} INFO - Filling up the DagBag from /home/airflow/.local/lib/python3.8/site-packages/airflow/example_dags/tutorial_dag.py
[2026-06-16T01:38:59.080+0000] {processor.py:840} INFO - DAG(s) 'tutorial_dag' retrieved from /home/airflow/.local/lib/python3.8/site-packages/airflow/example_dags/tutorial_dag.py
[2026-06-16T01:38:59.174+0000] {logging_mixin.py:188} INFO - [2026-06-16T01:38:59.173+0000] {dag.py:3036} INFO - Sync 1 DAGs
[2026-06-16T01:38:59.256+0000] {logging_mixin.py:188} INFO - [2026-06-16T01:38:59.255+0000] {dag.py:3823} INFO - Setting next_dagrun for tutorial_dag to None, run_after=None
[2026-06-16T01:38:59.415+0000] {processor.py:183} INFO - Processing /home/airflow/.local/lib/python3.8/site-packages/airflow/example_dags/tutorial_dag.py took 0.384 seconds
[2026-06-16T01:39:29.811+0000] {processor.py:161} INFO - Started process (PID=3431) to work on /home/airflow/.local/lib/python3.8/site-packages/airflow/example_dags/tutorial_dag.py
[2026-06-16T01:39:29.813+0000] {processor.py:830} INFO - Processing file /home/airflow/.local/lib/python3.8/site-packages/airflow/example_dags/tutorial_dag.py for tasks to queue
[2026-06-16T01:39:29.818+0000] {logging_mixin.py:188} INFO - [2026-06-16T01:39:29.817+0000] {dagbag.py:538} INFO - Filling up the DagBag from /home/airflow/.local/lib/python3.8/site-packages/airflow/example_dags/tutorial_dag.py
[2026-06-16T01:39:29.833+0000] {processor.py:840} INFO - DAG(s) 'tutorial_dag' retrieved from /home/airflow/.local/lib/python3.8/site-packages/airflow/example_dags/tutorial_dag.py
[2026-06-16T01:39:29.892+0000] {logging_mixin.py:188} INFO - [2026-06-16T01:39:29.891+0000] {dag.py:3036} INFO - Sync 1 DAGs
[2026-06-16T01:39:29.927+0000] {logging_mixin.py:188} INFO - [2026-06-16T01:39:29.927+0000] {dag.py:3823} INFO - Setting next_dagrun for tutorial_dag to None, run_after=None
[2026-06-16T01:39:29.977+0000] {processor.py:183} INFO - Processing /home/airflow/.local/lib/python3.8/site-packages/airflow/example_dags/tutorial_dag.py took 0.175 seconds
[2026-06-16T01:40:00.988+0000] {processor.py:161} INFO - Started process (PID=3487) to work on /home/airflow/.local/lib/python3.8/site-packages/airflow/example_dags/tutorial_dag.py
[2026-06-16T01:40:00.990+0000] {processor.py:830} INFO - Processing file /home/airflow/.local/lib/python3.8/site-packages/airflow/example_dags/tutorial_dag.py for tasks to queue
[2026-06-16T01:40:00.995+0000] {logging_mixin.py:188} INFO - [2026-06-16T01:40:00.995+0000] {dagbag.py:538} INFO - Filling up the DagBag from /home/airflow/.local/lib/python3.8/site-packages/airflow/example_dags/tutorial_dag.py
[2026-06-16T01:40:01.011+0000] {processor.py:840} INFO - DAG(s) 'tutorial_dag' retrieved from /home/airflow/.local/lib/python3.8/site-packages/airflow/example_dags/tutorial_dag.py
[2026-06-16T01:40:01.073+0000] {logging_mixin.py:188} INFO - [2026-06-16T01:40:01.073+0000] {dag.py:3036} INFO - Sync 1 DAGs
[2026-06-16T01:40:01.101+0000] {logging_mixin.py:188} INFO - [2026-06-16T01:40:01.101+0000] {dag.py:3823} INFO - Setting next_dagrun for tutorial_dag to None, run_after=None
[2026-06-16T01:40:01.153+0000] {processor.py:183} INFO - Processing /home/airflow/.local/lib/python3.8/site-packages/airflow/example_dags/tutorial_dag.py took 0.172 seconds
[2026-06-16T01:40:31.985+0000] {processor.py:161} INFO - Started process (PID=3544) to work on /home/airflow/.local/lib/python3.8/site-packages/airflow/example_dags/tutorial_dag.py
[2026-06-16T01:40:31.988+0000] {processor.py:830} INFO - Processing file /home/airflow/.local/lib/python3.8/site-packages/airflow/example_dags/tutorial_dag.py for tasks to queue
[2026-06-16T01:40:31.995+0000] {logging_mixin.py:188} INFO - [2026-06-16T01:40:31.994+0000] {dagbag.py:538} INFO - Filling up the DagBag from /home/airflow/.local/lib/python3.8/site-packages/airflow/example_dags/tutorial_dag.py
[2026-06-16T01:40:32.014+0000] {processor.py:840} INFO - DAG(s) 'tutorial_dag' retrieved from /home/airflow/.local/lib/python3.8/site-packages/airflow/example_dags/tutorial_dag.py
[2026-06-16T01:40:32.075+0000] {logging_mixin.py:188} INFO - [2026-06-16T01:40:32.075+0000] {dag.py:3036} INFO - Sync 1 DAGs
[2026-06-16T01:40:32.117+0000] {logging_mixin.py:188} INFO - [2026-06-16T01:40:32.116+0000] {dag.py:3823} INFO - Setting next_dagrun for tutorial_dag to None, run_after=None
[2026-06-16T01:40:32.184+0000] {processor.py:183} INFO - Processing /home/airflow/.local/lib/python3.8/site-packages/airflow/example_dags/tutorial_dag.py took 0.211 seconds
[2026-06-16T01:41:02.236+0000] {processor.py:161} INFO - Started process (PID=3599) to work on /home/airflow/.local/lib/python3.8/site-packages/airflow/example_dags/tutorial_dag.py
[2026-06-16T01:41:02.239+0000] {processor.py:830} INFO - Processing file /home/airflow/.local/lib/python3.8/site-packages/airflow/example_dags/tutorial_dag.py for tasks to queue
[2026-06-16T01:41:02.243+0000] {logging_mixin.py:188} INFO - [2026-06-16T01:41:02.243+0000] {dagbag.py:538} INFO - Filling up the DagBag from /home/airflow/.local/lib/python3.8/site-packages/airflow/example_dags/tutorial_dag.py
[2026-06-16T01:41:02.257+0000] {processor.py:840} INFO - DAG(s) 'tutorial_dag' retrieved from /home/airflow/.local/lib/python3.8/site-packages/airflow/example_dags/tutorial_dag.py
[2026-06-16T01:41:02.476+0000] {logging_mixin.py:188} INFO - [2026-06-16T01:41:02.476+0000] {dag.py:3036} INFO - Sync 1 DAGs
[2026-06-16T01:41:02.508+0000] {logging_mixin.py:188} INFO - [2026-06-16T01:41:02.508+0000] {dag.py:3823} INFO - Setting next_dagrun for tutorial_dag to None, run_after=None
[2026-06-16T01:41:02.557+0000] {processor.py:183} INFO - Processing /home/airflow/.local/lib/python3.8/site-packages/airflow/example_dags/tutorial_dag.py took 0.328 seconds
[2026-06-16T01:41:32.919+0000] {processor.py:161} INFO - Started process (PID=3655) to work on /home/airflow/.local/lib/python3.8/site-packages/airflow/example_dags/tutorial_dag.py
[2026-06-16T01:41:32.922+0000] {processor.py:830} INFO - Processing file /home/airflow/.local/lib/python3.8/site-packages/airflow/example_dags/tutorial_dag.py for tasks to queue
[2026-06-16T01:41:32.927+0000] {logging_mixin.py:188} INFO - [2026-06-16T01:41:32.926+0000] {dagbag.py:538} INFO - Filling up the DagBag from /home/airflow/.local/lib/python3.8/site-packages/airflow/example_dags/tutorial_dag.py
[2026-06-16T01:41:32.940+0000] {processor.py:840} INFO - DAG(s) 'tutorial_dag' retrieved from /home/airflow/.local/lib/python3.8/site-packages/airflow/example_dags/tutorial_dag.py
[2026-06-16T01:41:32.985+0000] {logging_mixin.py:188} INFO - [2026-06-16T01:41:32.985+0000] {dag.py:3036} INFO - Sync 1 DAGs
[2026-06-16T01:41:33.009+0000] {logging_mixin.py:188} INFO - [2026-06-16T01:41:33.009+0000] {dag.py:3823} INFO - Setting next_dagrun for tutorial_dag to None, run_after=None
[2026-06-16T01:41:33.051+0000] {processor.py:183} INFO - Processing /home/airflow/.local/lib/python3.8/site-packages/airflow/example_dags/tutorial_dag.py took 0.139 seconds
[2026-06-16T01:42:03.808+0000] {processor.py:161} INFO - Started process (PID=3712) to work on /home/airflow/.local/lib/python3.8/site-packages/airflow/example_dags/tutorial_dag.py
[2026-06-16T01:42:03.810+0000] {processor.py:830} INFO - Processing file /home/airflow/.local/lib/python3.8/site-packages/airflow/example_dags/tutorial_dag.py for tasks to queue
[2026-06-16T01:42:03.816+0000] {logging_mixin.py:188} INFO - [2026-06-16T01:42:03.815+0000] {dagbag.py:538} INFO - Filling up the DagBag from /home/airflow/.local/lib/python3.8/site-packages/airflow/example_dags/tutorial_dag.py
[2026-06-16T01:42:03.828+0000] {processor.py:840} INFO - DAG(s) 'tutorial_dag' retrieved from /home/airflow/.local/lib/python3.8/site-packages/airflow/example_dags/tutorial_dag.py
[2026-06-16T01:42:03.889+0000] {logging_mixin.py:188} INFO - [2026-06-16T01:42:03.888+0000] {dag.py:3036} INFO - Sync 1 DAGs
[2026-06-16T01:42:03.935+0000] {logging_mixin.py:188} INFO - [2026-06-16T01:42:03.934+0000] {dag.py:3823} INFO - Setting next_dagrun for tutorial_dag to None, run_after=None
[2026-06-16T01:42:03.986+0000] {processor.py:183} INFO - Processing /home/airflow/.local/lib/python3.8/site-packages/airflow/example_dags/tutorial_dag.py took 0.185 seconds
[2026-06-16T01:42:34.570+0000] {processor.py:161} INFO - Started process (PID=3769) to work on /home/airflow/.local/lib/python3.8/site-packages/airflow/example_dags/tutorial_dag.py
[2026-06-16T01:42:34.572+0000] {processor.py:830} INFO - Processing file /home/airflow/.local/lib/python3.8/site-packages/airflow/example_dags/tutorial_dag.py for tasks to queue
[2026-06-16T01:42:34.577+0000] {logging_mixin.py:188} INFO - [2026-06-16T01:42:34.576+0000] {dagbag.py:538} INFO - Filling up the DagBag from /home/airflow/.local/lib/python3.8/site-packages/airflow/example_dags/tutorial_dag.py
[2026-06-16T01:42:34.591+0000] {processor.py:840} INFO - DAG(s) 'tutorial_dag' retrieved from /home/airflow/.local/lib/python3.8/site-packages/airflow/example_dags/tutorial_dag.py
[2026-06-16T01:42:34.638+0000] {logging_mixin.py:188} INFO - [2026-06-16T01:42:34.638+0000] {dag.py:3036} INFO - Sync 1 DAGs
[2026-06-16T01:42:34.669+0000] {logging_mixin.py:188} INFO - [2026-06-16T01:42:34.669+0000] {dag.py:3823} INFO - Setting next_dagrun for tutorial_dag to None, run_after=None
[2026-06-16T01:42:34.713+0000] {processor.py:183} INFO - Processing /home/airflow/.local/lib/python3.8/site-packages/airflow/example_dags/tutorial_dag.py took 0.150 seconds
[2026-06-16T01:43:05.742+0000] {processor.py:161} INFO - Started process (PID=3825) to work on /home/airflow/.local/lib/python3.8/site-packages/airflow/example_dags/tutorial_dag.py
[2026-06-16T01:43:05.746+0000] {processor.py:830} INFO - Processing file /home/airflow/.local/lib/python3.8/site-packages/airflow/example_dags/tutorial_dag.py for tasks to queue
[2026-06-16T01:43:05.752+0000] {logging_mixin.py:188} INFO - [2026-06-16T01:43:05.751+0000] {dagbag.py:538} INFO - Filling up the DagBag from /home/airflow/.local/lib/python3.8/site-packages/airflow/example_dags/tutorial_dag.py
[2026-06-16T01:43:05.767+0000] {processor.py:840} INFO - DAG(s) 'tutorial_dag' retrieved from /home/airflow/.local/lib/python3.8/site-packages/airflow/example_dags/tutorial_dag.py
[2026-06-16T01:43:05.858+0000] {logging_mixin.py:188} INFO - [2026-06-16T01:43:05.857+0000] {dag.py:3036} INFO - Sync 1 DAGs
[2026-06-16T01:43:05.892+0000] {logging_mixin.py:188} INFO - [2026-06-16T01:43:05.892+0000] {dag.py:3823} INFO - Setting next_dagrun for tutorial_dag to None, run_after=None
[2026-06-16T01:43:05.935+0000] {processor.py:183} INFO - Processing /home/airflow/.local/lib/python3.8/site-packages/airflow/example_dags/tutorial_dag.py took 0.206 seconds
[2026-06-16T01:43:36.061+0000] {processor.py:161} INFO - Started process (PID=3881) to work on /home/airflow/.local/lib/python3.8/site-packages/airflow/example_dags/tutorial_dag.py
[2026-06-16T01:43:36.064+0000] {processor.py:830} INFO - Processing file /home/airflow/.local/lib/python3.8/site-packages/airflow/example_dags/tutorial_dag.py for tasks to queue
[2026-06-16T01:43:36.069+0000] {logging_mixin.py:188} INFO - [2026-06-16T01:43:36.068+0000] {dagbag.py:538} INFO - Filling up the DagBag from /home/airflow/.local/lib/python3.8/site-packages/airflow/example_dags/tutorial_dag.py
[2026-06-16T01:43:36.086+0000] {processor.py:840} INFO - DAG(s) 'tutorial_dag' retrieved from /home/airflow/.local/lib/python3.8/site-packages/airflow/example_dags/tutorial_dag.py
[2026-06-16T01:43:36.140+0000] {logging_mixin.py:188} INFO - [2026-06-16T01:43:36.139+0000] {dag.py:3036} INFO - Sync 1 DAGs
[2026-06-16T01:43:36.179+0000] {logging_mixin.py:188} INFO - [2026-06-16T01:43:36.179+0000] {dag.py:3823} INFO - Setting next_dagrun for tutorial_dag to None, run_after=None
[2026-06-16T01:43:36.229+0000] {processor.py:183} INFO - Processing /home/airflow/.local/lib/python3.8/site-packages/airflow/example_dags/tutorial_dag.py took 0.176 seconds
[2026-06-16T01:44:06.280+0000] {processor.py:161} INFO - Started process (PID=3936) to work on /home/airflow/.local/lib/python3.8/site-packages/airflow/example_dags/tutorial_dag.py
[2026-06-16T01:44:06.283+0000] {processor.py:830} INFO - Processing file /home/airflow/.local/lib/python3.8/site-packages/airflow/example_dags/tutorial_dag.py for tasks to queue
[2026-06-16T01:44:06.286+0000] {logging_mixin.py:188} INFO - [2026-06-16T01:44:06.286+0000] {dagbag.py:538} INFO - Filling up the DagBag from /home/airflow/.local/lib/python3.8/site-packages/airflow/example_dags/tutorial_dag.py
[2026-06-16T01:44:06.296+0000] {processor.py:840} INFO - DAG(s) 'tutorial_dag' retrieved from /home/airflow/.local/lib/python3.8/site-packages/airflow/example_dags/tutorial_dag.py
[2026-06-16T01:44:06.338+0000] {logging_mixin.py:188} INFO - [2026-06-16T01:44:06.338+0000] {dag.py:3036} INFO - Sync 1 DAGs
[2026-06-16T01:44:06.374+0000] {logging_mixin.py:188} INFO - [2026-06-16T01:44:06.374+0000] {dag.py:3823} INFO - Setting next_dagrun for tutorial_dag to None, run_after=None
[2026-06-16T01:44:06.415+0000] {processor.py:183} INFO - Processing /home/airflow/.local/lib/python3.8/site-packages/airflow/example_dags/tutorial_dag.py took 0.142 seconds
[2026-06-16T01:44:36.752+0000] {processor.py:161} INFO - Started process (PID=3993) to work on /home/airflow/.local/lib/python3.8/site-packages/airflow/example_dags/tutorial_dag.py
[2026-06-16T01:44:36.756+0000] {processor.py:830} INFO - Processing file /home/airflow/.local/lib/python3.8/site-packages/airflow/example_dags/tutorial_dag.py for tasks to queue
[2026-06-16T01:44:36.761+0000] {logging_mixin.py:188} INFO - [2026-06-16T01:44:36.760+0000] {dagbag.py:538} INFO - Filling up the DagBag from /home/airflow/.local/lib/python3.8/site-packages/airflow/example_dags/tutorial_dag.py
[2026-06-16T01:44:36.774+0000] {processor.py:840} INFO - DAG(s) 'tutorial_dag' retrieved from /home/airflow/.local/lib/python3.8/site-packages/airflow/example_dags/tutorial_dag.py
[2026-06-16T01:44:36.820+0000] {logging_mixin.py:188} INFO - [2026-06-16T01:44:36.820+0000] {dag.py:3036} INFO - Sync 1 DAGs
[2026-06-16T01:44:36.846+0000] {logging_mixin.py:188} INFO - [2026-06-16T01:44:36.846+0000] {dag.py:3823} INFO - Setting next_dagrun for tutorial_dag to None, run_after=None
[2026-06-16T01:44:36.886+0000] {processor.py:183} INFO - Processing /home/airflow/.local/lib/python3.8/site-packages/airflow/example_dags/tutorial_dag.py took 0.143 seconds
[2026-06-16T01:45:07.788+0000] {processor.py:161} INFO - Started process (PID=4049) to work on /home/airflow/.local/lib/python3.8/site-packages/airflow/example_dags/tutorial_dag.py
[2026-06-16T01:45:07.791+0000] {processor.py:830} INFO - Processing file /home/airflow/.local/lib/python3.8/site-packages/airflow/example_dags/tutorial_dag.py for tasks to queue
[2026-06-16T01:45:07.798+0000] {logging_mixin.py:188} INFO - [2026-06-16T01:45:07.797+0000] {dagbag.py:538} INFO - Filling up the DagBag from /home/airflow/.local/lib/python3.8/site-packages/airflow/example_dags/tutorial_dag.py
[2026-06-16T01:45:07.814+0000] {processor.py:840} INFO - DAG(s) 'tutorial_dag' retrieved from /home/airflow/.local/lib/python3.8/site-packages/airflow/example_dags/tutorial_dag.py
[2026-06-16T01:45:07.910+0000] {logging_mixin.py:188} INFO - [2026-06-16T01:45:07.909+0000] {dag.py:3036} INFO - Sync 1 DAGs
[2026-06-16T01:45:07.965+0000] {logging_mixin.py:188} INFO - [2026-06-16T01:45:07.962+0000] {dag.py:3823} INFO - Setting next_dagrun for tutorial_dag to None, run_after=None
[2026-06-16T01:45:08.028+0000] {processor.py:183} INFO - Processing /home/airflow/.local/lib/python3.8/site-packages/airflow/example_dags/tutorial_dag.py took 0.251 seconds
[2026-06-16T01:45:38.077+0000] {processor.py:161} INFO - Started process (PID=4104) to work on /home/airflow/.local/lib/python3.8/site-packages/airflow/example_dags/tutorial_dag.py
[2026-06-16T01:45:38.081+0000] {processor.py:830} INFO - Processing file /home/airflow/.local/lib/python3.8/site-packages/airflow/example_dags/tutorial_dag.py for tasks to queue
[2026-06-16T01:45:38.084+0000] {logging_mixin.py:188} INFO - [2026-06-16T01:45:38.083+0000] {dagbag.py:538} INFO - Filling up the DagBag from /home/airflow/.local/lib/python3.8/site-packages/airflow/example_dags/tutorial_dag.py
[2026-06-16T01:45:38.095+0000] {processor.py:840} INFO - DAG(s) 'tutorial_dag' retrieved from /home/airflow/.local/lib/python3.8/site-packages/airflow/example_dags/tutorial_dag.py
[2026-06-16T01:45:38.142+0000] {logging_mixin.py:188} INFO - [2026-06-16T01:45:38.142+0000] {dag.py:3036} INFO - Sync 1 DAGs
[2026-06-16T01:45:38.182+0000] {logging_mixin.py:188} INFO - [2026-06-16T01:45:38.181+0000] {dag.py:3823} INFO - Setting next_dagrun for tutorial_dag to None, run_after=None
[2026-06-16T01:45:38.265+0000] {processor.py:183} INFO - Processing /home/airflow/.local/lib/python3.8/site-packages/airflow/example_dags/tutorial_dag.py took 0.195 seconds
[2026-06-16T01:46:09.258+0000] {processor.py:161} INFO - Started process (PID=4161) to work on /home/airflow/.local/lib/python3.8/site-packages/airflow/example_dags/tutorial_dag.py
[2026-06-16T01:46:09.260+0000] {processor.py:830} INFO - Processing file /home/airflow/.local/lib/python3.8/site-packages/airflow/example_dags/tutorial_dag.py for tasks to queue
[2026-06-16T01:46:09.265+0000] {logging_mixin.py:188} INFO - [2026-06-16T01:46:09.264+0000] {dagbag.py:538} INFO - Filling up the DagBag from /home/airflow/.local/lib/python3.8/site-packages/airflow/example_dags/tutorial_dag.py
[2026-06-16T01:46:09.284+0000] {processor.py:840} INFO - DAG(s) 'tutorial_dag' retrieved from /home/airflow/.local/lib/python3.8/site-packages/airflow/example_dags/tutorial_dag.py
[2026-06-16T01:46:09.353+0000] {logging_mixin.py:188} INFO - [2026-06-16T01:46:09.352+0000] {dag.py:3036} INFO - Sync 1 DAGs
[2026-06-16T01:46:09.395+0000] {logging_mixin.py:188} INFO - [2026-06-16T01:46:09.394+0000] {dag.py:3823} INFO - Setting next_dagrun for tutorial_dag to None, run_after=None
[2026-06-16T01:46:09.450+0000] {processor.py:183} INFO - Processing /home/airflow/.local/lib/python3.8/site-packages/airflow/example_dags/tutorial_dag.py took 0.201 seconds
[2026-06-16T01:46:39.755+0000] {processor.py:161} INFO - Started process (PID=4218) to work on /home/airflow/.local/lib/python3.8/site-packages/airflow/example_dags/tutorial_dag.py
[2026-06-16T01:46:39.757+0000] {processor.py:830} INFO - Processing file /home/airflow/.local/lib/python3.8/site-packages/airflow/example_dags/tutorial_dag.py for tasks to queue
[2026-06-16T01:46:39.762+0000] {logging_mixin.py:188} INFO - [2026-06-16T01:46:39.761+0000] {dagbag.py:538} INFO - Filling up the DagBag from /home/airflow/.local/lib/python3.8/site-packages/airflow/example_dags/tutorial_dag.py
[2026-06-16T01:46:39.789+0000] {processor.py:840} INFO - DAG(s) 'tutorial_dag' retrieved from /home/airflow/.local/lib/python3.8/site-packages/airflow/example_dags/tutorial_dag.py
[2026-06-16T01:46:39.840+0000] {logging_mixin.py:188} INFO - [2026-06-16T01:46:39.839+0000] {dag.py:3036} INFO - Sync 1 DAGs
[2026-06-16T01:46:39.872+0000] {logging_mixin.py:188} INFO - [2026-06-16T01:46:39.872+0000] {dag.py:3823} INFO - Setting next_dagrun for tutorial_dag to None, run_after=None
[2026-06-16T01:46:39.927+0000] {processor.py:183} INFO - Processing /home/airflow/.local/lib/python3.8/site-packages/airflow/example_dags/tutorial_dag.py took 0.180 seconds
