[2026-06-16T01:08:16.042+0000] {processor.py:161} INFO - Started process (PID=102) to work on /home/airflow/.local/lib/python3.8/site-packages/airflow/example_dags/tutorial_objectstorage.py
[2026-06-16T01:08:16.046+0000] {processor.py:830} INFO - Processing file /home/airflow/.local/lib/python3.8/site-packages/airflow/example_dags/tutorial_objectstorage.py for tasks to queue
[2026-06-16T01:08:16.055+0000] {logging_mixin.py:188} INFO - [2026-06-16T01:08:16.054+0000] {dagbag.py:538} INFO - Filling up the DagBag from /home/airflow/.local/lib/python3.8/site-packages/airflow/example_dags/tutorial_objectstorage.py
[2026-06-16T01:08:16.158+0000] {processor.py:840} INFO - DAG(s) 'tutorial_objectstorage' retrieved from /home/airflow/.local/lib/python3.8/site-packages/airflow/example_dags/tutorial_objectstorage.py
[2026-06-16T01:08:16.689+0000] {logging_mixin.py:188} INFO - [2026-06-16T01:08:16.689+0000] {dag.py:3036} INFO - Sync 1 DAGs
[2026-06-16T01:08:16.739+0000] {logging_mixin.py:188} INFO - [2026-06-16T01:08:16.739+0000] {dag.py:3823} INFO - Setting next_dagrun for tutorial_objectstorage to None, run_after=None
[2026-06-16T01:08:16.828+0000] {processor.py:183} INFO - Processing /home/airflow/.local/lib/python3.8/site-packages/airflow/example_dags/tutorial_objectstorage.py took 0.803 seconds
[2026-06-16T01:09:04.902+0000] {processor.py:161} INFO - Started process (PID=164) to work on /home/airflow/.local/lib/python3.8/site-packages/airflow/example_dags/tutorial_objectstorage.py
[2026-06-16T01:09:04.906+0000] {processor.py:830} INFO - Processing file /home/airflow/.local/lib/python3.8/site-packages/airflow/example_dags/tutorial_objectstorage.py for tasks to queue
[2026-06-16T01:09:04.918+0000] {logging_mixin.py:188} INFO - [2026-06-16T01:09:04.917+0000] {dagbag.py:538} INFO - Filling up the DagBag from /home/airflow/.local/lib/python3.8/site-packages/airflow/example_dags/tutorial_objectstorage.py
[2026-06-16T01:09:04.949+0000] {processor.py:840} INFO - DAG(s) 'tutorial_objectstorage' retrieved from /home/airflow/.local/lib/python3.8/site-packages/airflow/example_dags/tutorial_objectstorage.py
[2026-06-16T01:09:05.047+0000] {logging_mixin.py:188} INFO - [2026-06-16T01:09:05.046+0000] {dag.py:3036} INFO - Sync 1 DAGs
[2026-06-16T01:09:05.144+0000] {logging_mixin.py:188} INFO - [2026-06-16T01:09:05.140+0000] {dag.py:3823} INFO - Setting next_dagrun for tutorial_objectstorage to None, run_after=None
[2026-06-16T01:09:05.272+0000] {processor.py:183} INFO - Processing /home/airflow/.local/lib/python3.8/site-packages/airflow/example_dags/tutorial_objectstorage.py took 0.391 seconds
[2026-06-16T01:09:37.723+0000] {processor.py:161} INFO - Started process (PID=220) to work on /home/airflow/.local/lib/python3.8/site-packages/airflow/example_dags/tutorial_objectstorage.py
[2026-06-16T01:09:37.727+0000] {processor.py:830} INFO - Processing file /home/airflow/.local/lib/python3.8/site-packages/airflow/example_dags/tutorial_objectstorage.py for tasks to queue
[2026-06-16T01:09:37.733+0000] {logging_mixin.py:188} INFO - [2026-06-16T01:09:37.732+0000] {dagbag.py:538} INFO - Filling up the DagBag from /home/airflow/.local/lib/python3.8/site-packages/airflow/example_dags/tutorial_objectstorage.py
[2026-06-16T01:09:37.760+0000] {processor.py:840} INFO - DAG(s) 'tutorial_objectstorage' retrieved from /home/airflow/.local/lib/python3.8/site-packages/airflow/example_dags/tutorial_objectstorage.py
[2026-06-16T01:09:37.849+0000] {logging_mixin.py:188} INFO - [2026-06-16T01:09:37.848+0000] {dag.py:3036} INFO - Sync 1 DAGs
[2026-06-16T01:09:37.963+0000] {logging_mixin.py:188} INFO - [2026-06-16T01:09:37.954+0000] {dag.py:3823} INFO - Setting next_dagrun for tutorial_objectstorage to None, run_after=None
[2026-06-16T01:09:38.119+0000] {processor.py:183} INFO - Processing /home/airflow/.local/lib/python3.8/site-packages/airflow/example_dags/tutorial_objectstorage.py took 0.406 seconds
[2026-06-16T01:10:09.183+0000] {processor.py:161} INFO - Started process (PID=276) to work on /home/airflow/.local/lib/python3.8/site-packages/airflow/example_dags/tutorial_objectstorage.py
[2026-06-16T01:10:09.188+0000] {processor.py:830} INFO - Processing file /home/airflow/.local/lib/python3.8/site-packages/airflow/example_dags/tutorial_objectstorage.py for tasks to queue
[2026-06-16T01:10:09.198+0000] {logging_mixin.py:188} INFO - [2026-06-16T01:10:09.197+0000] {dagbag.py:538} INFO - Filling up the DagBag from /home/airflow/.local/lib/python3.8/site-packages/airflow/example_dags/tutorial_objectstorage.py
[2026-06-16T01:10:09.228+0000] {processor.py:840} INFO - DAG(s) 'tutorial_objectstorage' retrieved from /home/airflow/.local/lib/python3.8/site-packages/airflow/example_dags/tutorial_objectstorage.py
[2026-06-16T01:10:09.312+0000] {logging_mixin.py:188} INFO - [2026-06-16T01:10:09.311+0000] {dag.py:3036} INFO - Sync 1 DAGs
[2026-06-16T01:10:09.362+0000] {logging_mixin.py:188} INFO - [2026-06-16T01:10:09.362+0000] {dag.py:3823} INFO - Setting next_dagrun for tutorial_objectstorage to None, run_after=None
[2026-06-16T01:10:09.444+0000] {processor.py:183} INFO - Processing /home/airflow/.local/lib/python3.8/site-packages/airflow/example_dags/tutorial_objectstorage.py took 0.278 seconds
[2026-06-16T01:10:40.195+0000] {processor.py:161} INFO - Started process (PID=331) to work on /home/airflow/.local/lib/python3.8/site-packages/airflow/example_dags/tutorial_objectstorage.py
[2026-06-16T01:10:40.205+0000] {processor.py:830} INFO - Processing file /home/airflow/.local/lib/python3.8/site-packages/airflow/example_dags/tutorial_objectstorage.py for tasks to queue
[2026-06-16T01:10:40.220+0000] {logging_mixin.py:188} INFO - [2026-06-16T01:10:40.216+0000] {dagbag.py:538} INFO - Filling up the DagBag from /home/airflow/.local/lib/python3.8/site-packages/airflow/example_dags/tutorial_objectstorage.py
[2026-06-16T01:10:40.307+0000] {processor.py:840} INFO - DAG(s) 'tutorial_objectstorage' retrieved from /home/airflow/.local/lib/python3.8/site-packages/airflow/example_dags/tutorial_objectstorage.py
[2026-06-16T01:10:40.597+0000] {logging_mixin.py:188} INFO - [2026-06-16T01:10:40.596+0000] {dag.py:3036} INFO - Sync 1 DAGs
[2026-06-16T01:10:40.669+0000] {logging_mixin.py:188} INFO - [2026-06-16T01:10:40.667+0000] {dag.py:3823} INFO - Setting next_dagrun for tutorial_objectstorage to None, run_after=None
[2026-06-16T01:10:40.754+0000] {processor.py:183} INFO - Processing /home/airflow/.local/lib/python3.8/site-packages/airflow/example_dags/tutorial_objectstorage.py took 0.596 seconds
[2026-06-16T01:11:11.331+0000] {processor.py:161} INFO - Started process (PID=387) to work on /home/airflow/.local/lib/python3.8/site-packages/airflow/example_dags/tutorial_objectstorage.py
[2026-06-16T01:11:11.337+0000] {processor.py:830} INFO - Processing file /home/airflow/.local/lib/python3.8/site-packages/airflow/example_dags/tutorial_objectstorage.py for tasks to queue
[2026-06-16T01:11:11.347+0000] {logging_mixin.py:188} INFO - [2026-06-16T01:11:11.346+0000] {dagbag.py:538} INFO - Filling up the DagBag from /home/airflow/.local/lib/python3.8/site-packages/airflow/example_dags/tutorial_objectstorage.py
[2026-06-16T01:11:11.379+0000] {processor.py:840} INFO - DAG(s) 'tutorial_objectstorage' retrieved from /home/airflow/.local/lib/python3.8/site-packages/airflow/example_dags/tutorial_objectstorage.py
[2026-06-16T01:11:11.457+0000] {logging_mixin.py:188} INFO - [2026-06-16T01:11:11.456+0000] {dag.py:3036} INFO - Sync 1 DAGs
[2026-06-16T01:11:11.583+0000] {logging_mixin.py:188} INFO - [2026-06-16T01:11:11.582+0000] {dag.py:3823} INFO - Setting next_dagrun for tutorial_objectstorage to None, run_after=None
[2026-06-16T01:11:11.754+0000] {processor.py:183} INFO - Processing /home/airflow/.local/lib/python3.8/site-packages/airflow/example_dags/tutorial_objectstorage.py took 0.449 seconds
[2026-06-16T01:11:42.751+0000] {processor.py:161} INFO - Started process (PID=443) to work on /home/airflow/.local/lib/python3.8/site-packages/airflow/example_dags/tutorial_objectstorage.py
[2026-06-16T01:11:42.756+0000] {processor.py:830} INFO - Processing file /home/airflow/.local/lib/python3.8/site-packages/airflow/example_dags/tutorial_objectstorage.py for tasks to queue
[2026-06-16T01:11:42.776+0000] {logging_mixin.py:188} INFO - [2026-06-16T01:11:42.775+0000] {dagbag.py:538} INFO - Filling up the DagBag from /home/airflow/.local/lib/python3.8/site-packages/airflow/example_dags/tutorial_objectstorage.py
[2026-06-16T01:11:42.802+0000] {processor.py:840} INFO - DAG(s) 'tutorial_objectstorage' retrieved from /home/airflow/.local/lib/python3.8/site-packages/airflow/example_dags/tutorial_objectstorage.py
[2026-06-16T01:11:42.950+0000] {logging_mixin.py:188} INFO - [2026-06-16T01:11:42.949+0000] {dag.py:3036} INFO - Sync 1 DAGs
[2026-06-16T01:11:43.016+0000] {logging_mixin.py:188} INFO - [2026-06-16T01:11:43.015+0000] {dag.py:3823} INFO - Setting next_dagrun for tutorial_objectstorage to None, run_after=None
[2026-06-16T01:11:43.120+0000] {processor.py:183} INFO - Processing /home/airflow/.local/lib/python3.8/site-packages/airflow/example_dags/tutorial_objectstorage.py took 0.395 seconds
[2026-06-16T01:12:14.943+0000] {processor.py:161} INFO - Started process (PID=499) to work on /home/airflow/.local/lib/python3.8/site-packages/airflow/example_dags/tutorial_objectstorage.py
[2026-06-16T01:12:14.946+0000] {processor.py:830} INFO - Processing file /home/airflow/.local/lib/python3.8/site-packages/airflow/example_dags/tutorial_objectstorage.py for tasks to queue
[2026-06-16T01:12:14.951+0000] {logging_mixin.py:188} INFO - [2026-06-16T01:12:14.950+0000] {dagbag.py:538} INFO - Filling up the DagBag from /home/airflow/.local/lib/python3.8/site-packages/airflow/example_dags/tutorial_objectstorage.py
[2026-06-16T01:12:14.983+0000] {processor.py:840} INFO - DAG(s) 'tutorial_objectstorage' retrieved from /home/airflow/.local/lib/python3.8/site-packages/airflow/example_dags/tutorial_objectstorage.py
[2026-06-16T01:12:15.115+0000] {logging_mixin.py:188} INFO - [2026-06-16T01:12:15.114+0000] {dag.py:3036} INFO - Sync 1 DAGs
[2026-06-16T01:12:15.181+0000] {logging_mixin.py:188} INFO - [2026-06-16T01:12:15.180+0000] {dag.py:3823} INFO - Setting next_dagrun for tutorial_objectstorage to None, run_after=None
[2026-06-16T01:12:15.273+0000] {processor.py:183} INFO - Processing /home/airflow/.local/lib/python3.8/site-packages/airflow/example_dags/tutorial_objectstorage.py took 0.340 seconds
[2026-06-16T01:12:45.883+0000] {processor.py:161} INFO - Started process (PID=555) to work on /home/airflow/.local/lib/python3.8/site-packages/airflow/example_dags/tutorial_objectstorage.py
[2026-06-16T01:12:45.888+0000] {processor.py:830} INFO - Processing file /home/airflow/.local/lib/python3.8/site-packages/airflow/example_dags/tutorial_objectstorage.py for tasks to queue
[2026-06-16T01:12:45.898+0000] {logging_mixin.py:188} INFO - [2026-06-16T01:12:45.897+0000] {dagbag.py:538} INFO - Filling up the DagBag from /home/airflow/.local/lib/python3.8/site-packages/airflow/example_dags/tutorial_objectstorage.py
[2026-06-16T01:12:45.939+0000] {processor.py:840} INFO - DAG(s) 'tutorial_objectstorage' retrieved from /home/airflow/.local/lib/python3.8/site-packages/airflow/example_dags/tutorial_objectstorage.py
[2026-06-16T01:12:46.161+0000] {logging_mixin.py:188} INFO - [2026-06-16T01:12:46.160+0000] {dag.py:3036} INFO - Sync 1 DAGs
[2026-06-16T01:12:46.219+0000] {logging_mixin.py:188} INFO - [2026-06-16T01:12:46.219+0000] {dag.py:3823} INFO - Setting next_dagrun for tutorial_objectstorage to None, run_after=None
[2026-06-16T01:12:46.313+0000] {processor.py:183} INFO - Processing /home/airflow/.local/lib/python3.8/site-packages/airflow/example_dags/tutorial_objectstorage.py took 0.447 seconds
[2026-06-16T01:13:16.660+0000] {processor.py:161} INFO - Started process (PID=610) to work on /home/airflow/.local/lib/python3.8/site-packages/airflow/example_dags/tutorial_objectstorage.py
[2026-06-16T01:13:16.664+0000] {processor.py:830} INFO - Processing file /home/airflow/.local/lib/python3.8/site-packages/airflow/example_dags/tutorial_objectstorage.py for tasks to queue
[2026-06-16T01:13:16.669+0000] {logging_mixin.py:188} INFO - [2026-06-16T01:13:16.668+0000] {dagbag.py:538} INFO - Filling up the DagBag from /home/airflow/.local/lib/python3.8/site-packages/airflow/example_dags/tutorial_objectstorage.py
[2026-06-16T01:13:16.696+0000] {processor.py:840} INFO - DAG(s) 'tutorial_objectstorage' retrieved from /home/airflow/.local/lib/python3.8/site-packages/airflow/example_dags/tutorial_objectstorage.py
[2026-06-16T01:13:16.783+0000] {logging_mixin.py:188} INFO - [2026-06-16T01:13:16.782+0000] {dag.py:3036} INFO - Sync 1 DAGs
[2026-06-16T01:13:16.851+0000] {logging_mixin.py:188} INFO - [2026-06-16T01:13:16.850+0000] {dag.py:3823} INFO - Setting next_dagrun for tutorial_objectstorage to None, run_after=None
[2026-06-16T01:13:16.998+0000] {processor.py:183} INFO - Processing /home/airflow/.local/lib/python3.8/site-packages/airflow/example_dags/tutorial_objectstorage.py took 0.350 seconds
[2026-06-16T01:13:47.782+0000] {processor.py:161} INFO - Started process (PID=666) to work on /home/airflow/.local/lib/python3.8/site-packages/airflow/example_dags/tutorial_objectstorage.py
[2026-06-16T01:13:47.790+0000] {processor.py:830} INFO - Processing file /home/airflow/.local/lib/python3.8/site-packages/airflow/example_dags/tutorial_objectstorage.py for tasks to queue
[2026-06-16T01:13:47.802+0000] {logging_mixin.py:188} INFO - [2026-06-16T01:13:47.799+0000] {dagbag.py:538} INFO - Filling up the DagBag from /home/airflow/.local/lib/python3.8/site-packages/airflow/example_dags/tutorial_objectstorage.py
[2026-06-16T01:13:47.887+0000] {processor.py:840} INFO - DAG(s) 'tutorial_objectstorage' retrieved from /home/airflow/.local/lib/python3.8/site-packages/airflow/example_dags/tutorial_objectstorage.py
[2026-06-16T01:13:47.995+0000] {logging_mixin.py:188} INFO - [2026-06-16T01:13:47.995+0000] {dag.py:3036} INFO - Sync 1 DAGs
[2026-06-16T01:13:48.057+0000] {logging_mixin.py:188} INFO - [2026-06-16T01:13:48.056+0000] {dag.py:3823} INFO - Setting next_dagrun for tutorial_objectstorage to None, run_after=None
[2026-06-16T01:13:48.130+0000] {processor.py:183} INFO - Processing /home/airflow/.local/lib/python3.8/site-packages/airflow/example_dags/tutorial_objectstorage.py took 0.357 seconds
[2026-06-16T01:14:18.690+0000] {processor.py:161} INFO - Started process (PID=720) to work on /home/airflow/.local/lib/python3.8/site-packages/airflow/example_dags/tutorial_objectstorage.py
[2026-06-16T01:14:18.700+0000] {processor.py:830} INFO - Processing file /home/airflow/.local/lib/python3.8/site-packages/airflow/example_dags/tutorial_objectstorage.py for tasks to queue
[2026-06-16T01:14:18.714+0000] {logging_mixin.py:188} INFO - [2026-06-16T01:14:18.713+0000] {dagbag.py:538} INFO - Filling up the DagBag from /home/airflow/.local/lib/python3.8/site-packages/airflow/example_dags/tutorial_objectstorage.py
[2026-06-16T01:14:18.750+0000] {processor.py:840} INFO - DAG(s) 'tutorial_objectstorage' retrieved from /home/airflow/.local/lib/python3.8/site-packages/airflow/example_dags/tutorial_objectstorage.py
[2026-06-16T01:14:18.859+0000] {logging_mixin.py:188} INFO - [2026-06-16T01:14:18.858+0000] {dag.py:3036} INFO - Sync 1 DAGs
[2026-06-16T01:14:18.949+0000] {logging_mixin.py:188} INFO - [2026-06-16T01:14:18.949+0000] {dag.py:3823} INFO - Setting next_dagrun for tutorial_objectstorage to None, run_after=None
[2026-06-16T01:14:19.083+0000] {processor.py:183} INFO - Processing /home/airflow/.local/lib/python3.8/site-packages/airflow/example_dags/tutorial_objectstorage.py took 0.417 seconds
[2026-06-16T01:14:49.656+0000] {processor.py:161} INFO - Started process (PID=776) to work on /home/airflow/.local/lib/python3.8/site-packages/airflow/example_dags/tutorial_objectstorage.py
[2026-06-16T01:14:49.660+0000] {processor.py:830} INFO - Processing file /home/airflow/.local/lib/python3.8/site-packages/airflow/example_dags/tutorial_objectstorage.py for tasks to queue
[2026-06-16T01:14:49.666+0000] {logging_mixin.py:188} INFO - [2026-06-16T01:14:49.665+0000] {dagbag.py:538} INFO - Filling up the DagBag from /home/airflow/.local/lib/python3.8/site-packages/airflow/example_dags/tutorial_objectstorage.py
[2026-06-16T01:14:49.697+0000] {processor.py:840} INFO - DAG(s) 'tutorial_objectstorage' retrieved from /home/airflow/.local/lib/python3.8/site-packages/airflow/example_dags/tutorial_objectstorage.py
[2026-06-16T01:14:49.846+0000] {logging_mixin.py:188} INFO - [2026-06-16T01:14:49.845+0000] {dag.py:3036} INFO - Sync 1 DAGs
[2026-06-16T01:14:49.928+0000] {logging_mixin.py:188} INFO - [2026-06-16T01:14:49.927+0000] {dag.py:3823} INFO - Setting next_dagrun for tutorial_objectstorage to None, run_after=None
[2026-06-16T01:14:50.199+0000] {processor.py:183} INFO - Processing /home/airflow/.local/lib/python3.8/site-packages/airflow/example_dags/tutorial_objectstorage.py took 0.556 seconds
[2026-06-16T01:15:20.501+0000] {processor.py:161} INFO - Started process (PID=832) to work on /home/airflow/.local/lib/python3.8/site-packages/airflow/example_dags/tutorial_objectstorage.py
[2026-06-16T01:15:20.503+0000] {processor.py:830} INFO - Processing file /home/airflow/.local/lib/python3.8/site-packages/airflow/example_dags/tutorial_objectstorage.py for tasks to queue
[2026-06-16T01:15:20.508+0000] {logging_mixin.py:188} INFO - [2026-06-16T01:15:20.507+0000] {dagbag.py:538} INFO - Filling up the DagBag from /home/airflow/.local/lib/python3.8/site-packages/airflow/example_dags/tutorial_objectstorage.py
[2026-06-16T01:15:20.530+0000] {processor.py:840} INFO - DAG(s) 'tutorial_objectstorage' retrieved from /home/airflow/.local/lib/python3.8/site-packages/airflow/example_dags/tutorial_objectstorage.py
[2026-06-16T01:15:20.620+0000] {logging_mixin.py:188} INFO - [2026-06-16T01:15:20.619+0000] {dag.py:3036} INFO - Sync 1 DAGs
[2026-06-16T01:15:20.668+0000] {logging_mixin.py:188} INFO - [2026-06-16T01:15:20.667+0000] {dag.py:3823} INFO - Setting next_dagrun for tutorial_objectstorage to None, run_after=None
[2026-06-16T01:15:20.733+0000] {processor.py:183} INFO - Processing /home/airflow/.local/lib/python3.8/site-packages/airflow/example_dags/tutorial_objectstorage.py took 0.245 seconds
[2026-06-16T01:15:52.211+0000] {processor.py:161} INFO - Started process (PID=888) to work on /home/airflow/.local/lib/python3.8/site-packages/airflow/example_dags/tutorial_objectstorage.py
[2026-06-16T01:15:52.215+0000] {processor.py:830} INFO - Processing file /home/airflow/.local/lib/python3.8/site-packages/airflow/example_dags/tutorial_objectstorage.py for tasks to queue
[2026-06-16T01:15:52.227+0000] {logging_mixin.py:188} INFO - [2026-06-16T01:15:52.222+0000] {dagbag.py:538} INFO - Filling up the DagBag from /home/airflow/.local/lib/python3.8/site-packages/airflow/example_dags/tutorial_objectstorage.py
[2026-06-16T01:15:52.259+0000] {processor.py:840} INFO - DAG(s) 'tutorial_objectstorage' retrieved from /home/airflow/.local/lib/python3.8/site-packages/airflow/example_dags/tutorial_objectstorage.py
[2026-06-16T01:15:52.420+0000] {logging_mixin.py:188} INFO - [2026-06-16T01:15:52.420+0000] {dag.py:3036} INFO - Sync 1 DAGs
[2026-06-16T01:15:52.555+0000] {logging_mixin.py:188} INFO - [2026-06-16T01:15:52.555+0000] {dag.py:3823} INFO - Setting next_dagrun for tutorial_objectstorage to None, run_after=None
[2026-06-16T01:15:52.628+0000] {processor.py:183} INFO - Processing /home/airflow/.local/lib/python3.8/site-packages/airflow/example_dags/tutorial_objectstorage.py took 0.427 seconds
[2026-06-16T01:16:24.652+0000] {processor.py:161} INFO - Started process (PID=943) to work on /home/airflow/.local/lib/python3.8/site-packages/airflow/example_dags/tutorial_objectstorage.py
[2026-06-16T01:16:24.656+0000] {processor.py:830} INFO - Processing file /home/airflow/.local/lib/python3.8/site-packages/airflow/example_dags/tutorial_objectstorage.py for tasks to queue
[2026-06-16T01:16:24.661+0000] {logging_mixin.py:188} INFO - [2026-06-16T01:16:24.660+0000] {dagbag.py:538} INFO - Filling up the DagBag from /home/airflow/.local/lib/python3.8/site-packages/airflow/example_dags/tutorial_objectstorage.py
[2026-06-16T01:16:24.705+0000] {processor.py:840} INFO - DAG(s) 'tutorial_objectstorage' retrieved from /home/airflow/.local/lib/python3.8/site-packages/airflow/example_dags/tutorial_objectstorage.py
[2026-06-16T01:16:24.883+0000] {logging_mixin.py:188} INFO - [2026-06-16T01:16:24.882+0000] {dag.py:3036} INFO - Sync 1 DAGs
[2026-06-16T01:16:24.998+0000] {logging_mixin.py:188} INFO - [2026-06-16T01:16:24.997+0000] {dag.py:3823} INFO - Setting next_dagrun for tutorial_objectstorage to None, run_after=None
[2026-06-16T01:16:25.146+0000] {processor.py:183} INFO - Processing /home/airflow/.local/lib/python3.8/site-packages/airflow/example_dags/tutorial_objectstorage.py took 0.502 seconds
[2026-06-16T01:16:57.044+0000] {processor.py:161} INFO - Started process (PID=997) to work on /home/airflow/.local/lib/python3.8/site-packages/airflow/example_dags/tutorial_objectstorage.py
[2026-06-16T01:16:57.048+0000] {processor.py:830} INFO - Processing file /home/airflow/.local/lib/python3.8/site-packages/airflow/example_dags/tutorial_objectstorage.py for tasks to queue
[2026-06-16T01:16:57.054+0000] {logging_mixin.py:188} INFO - [2026-06-16T01:16:57.053+0000] {dagbag.py:538} INFO - Filling up the DagBag from /home/airflow/.local/lib/python3.8/site-packages/airflow/example_dags/tutorial_objectstorage.py
[2026-06-16T01:16:57.079+0000] {processor.py:840} INFO - DAG(s) 'tutorial_objectstorage' retrieved from /home/airflow/.local/lib/python3.8/site-packages/airflow/example_dags/tutorial_objectstorage.py
[2026-06-16T01:16:57.184+0000] {logging_mixin.py:188} INFO - [2026-06-16T01:16:57.183+0000] {dag.py:3036} INFO - Sync 1 DAGs
[2026-06-16T01:16:57.323+0000] {logging_mixin.py:188} INFO - [2026-06-16T01:16:57.323+0000] {dag.py:3823} INFO - Setting next_dagrun for tutorial_objectstorage to None, run_after=None
[2026-06-16T01:16:57.668+0000] {processor.py:183} INFO - Processing /home/airflow/.local/lib/python3.8/site-packages/airflow/example_dags/tutorial_objectstorage.py took 0.636 seconds
[2026-06-16T01:17:28.689+0000] {processor.py:161} INFO - Started process (PID=1052) to work on /home/airflow/.local/lib/python3.8/site-packages/airflow/example_dags/tutorial_objectstorage.py
[2026-06-16T01:17:28.702+0000] {processor.py:830} INFO - Processing file /home/airflow/.local/lib/python3.8/site-packages/airflow/example_dags/tutorial_objectstorage.py for tasks to queue
[2026-06-16T01:17:28.714+0000] {logging_mixin.py:188} INFO - [2026-06-16T01:17:28.713+0000] {dagbag.py:538} INFO - Filling up the DagBag from /home/airflow/.local/lib/python3.8/site-packages/airflow/example_dags/tutorial_objectstorage.py
[2026-06-16T01:17:28.758+0000] {processor.py:840} INFO - DAG(s) 'tutorial_objectstorage' retrieved from /home/airflow/.local/lib/python3.8/site-packages/airflow/example_dags/tutorial_objectstorage.py
[2026-06-16T01:17:28.909+0000] {logging_mixin.py:188} INFO - [2026-06-16T01:17:28.906+0000] {dag.py:3036} INFO - Sync 1 DAGs
[2026-06-16T01:17:28.980+0000] {logging_mixin.py:188} INFO - [2026-06-16T01:17:28.979+0000] {dag.py:3823} INFO - Setting next_dagrun for tutorial_objectstorage to None, run_after=None
[2026-06-16T01:17:29.103+0000] {processor.py:183} INFO - Processing /home/airflow/.local/lib/python3.8/site-packages/airflow/example_dags/tutorial_objectstorage.py took 0.436 seconds
[2026-06-16T01:18:00.463+0000] {processor.py:161} INFO - Started process (PID=1108) to work on /home/airflow/.local/lib/python3.8/site-packages/airflow/example_dags/tutorial_objectstorage.py
[2026-06-16T01:18:00.479+0000] {processor.py:830} INFO - Processing file /home/airflow/.local/lib/python3.8/site-packages/airflow/example_dags/tutorial_objectstorage.py for tasks to queue
[2026-06-16T01:18:00.570+0000] {logging_mixin.py:188} INFO - [2026-06-16T01:18:00.568+0000] {dagbag.py:538} INFO - Filling up the DagBag from /home/airflow/.local/lib/python3.8/site-packages/airflow/example_dags/tutorial_objectstorage.py
[2026-06-16T01:18:00.807+0000] {processor.py:840} INFO - DAG(s) 'tutorial_objectstorage' retrieved from /home/airflow/.local/lib/python3.8/site-packages/airflow/example_dags/tutorial_objectstorage.py
[2026-06-16T01:18:00.995+0000] {logging_mixin.py:188} INFO - [2026-06-16T01:18:00.994+0000] {dag.py:3036} INFO - Sync 1 DAGs
[2026-06-16T01:18:01.064+0000] {logging_mixin.py:188} INFO - [2026-06-16T01:18:01.062+0000] {dag.py:3823} INFO - Setting next_dagrun for tutorial_objectstorage to None, run_after=None
[2026-06-16T01:18:01.222+0000] {processor.py:183} INFO - Processing /home/airflow/.local/lib/python3.8/site-packages/airflow/example_dags/tutorial_objectstorage.py took 0.788 seconds
[2026-06-16T01:18:31.298+0000] {processor.py:161} INFO - Started process (PID=1164) to work on /home/airflow/.local/lib/python3.8/site-packages/airflow/example_dags/tutorial_objectstorage.py
[2026-06-16T01:18:31.302+0000] {processor.py:830} INFO - Processing file /home/airflow/.local/lib/python3.8/site-packages/airflow/example_dags/tutorial_objectstorage.py for tasks to queue
[2026-06-16T01:18:31.311+0000] {logging_mixin.py:188} INFO - [2026-06-16T01:18:31.310+0000] {dagbag.py:538} INFO - Filling up the DagBag from /home/airflow/.local/lib/python3.8/site-packages/airflow/example_dags/tutorial_objectstorage.py
[2026-06-16T01:18:31.340+0000] {processor.py:840} INFO - DAG(s) 'tutorial_objectstorage' retrieved from /home/airflow/.local/lib/python3.8/site-packages/airflow/example_dags/tutorial_objectstorage.py
[2026-06-16T01:18:31.419+0000] {logging_mixin.py:188} INFO - [2026-06-16T01:18:31.418+0000] {dag.py:3036} INFO - Sync 1 DAGs
[2026-06-16T01:18:31.466+0000] {logging_mixin.py:188} INFO - [2026-06-16T01:18:31.466+0000] {dag.py:3823} INFO - Setting next_dagrun for tutorial_objectstorage to None, run_after=None
[2026-06-16T01:18:31.537+0000] {processor.py:183} INFO - Processing /home/airflow/.local/lib/python3.8/site-packages/airflow/example_dags/tutorial_objectstorage.py took 0.254 seconds
[2026-06-16T01:19:02.585+0000] {processor.py:161} INFO - Started process (PID=1221) to work on /home/airflow/.local/lib/python3.8/site-packages/airflow/example_dags/tutorial_objectstorage.py
[2026-06-16T01:19:02.588+0000] {processor.py:830} INFO - Processing file /home/airflow/.local/lib/python3.8/site-packages/airflow/example_dags/tutorial_objectstorage.py for tasks to queue
[2026-06-16T01:19:02.595+0000] {logging_mixin.py:188} INFO - [2026-06-16T01:19:02.594+0000] {dagbag.py:538} INFO - Filling up the DagBag from /home/airflow/.local/lib/python3.8/site-packages/airflow/example_dags/tutorial_objectstorage.py
[2026-06-16T01:19:02.619+0000] {processor.py:840} INFO - DAG(s) 'tutorial_objectstorage' retrieved from /home/airflow/.local/lib/python3.8/site-packages/airflow/example_dags/tutorial_objectstorage.py
[2026-06-16T01:19:02.697+0000] {logging_mixin.py:188} INFO - [2026-06-16T01:19:02.695+0000] {dag.py:3036} INFO - Sync 1 DAGs
[2026-06-16T01:19:02.867+0000] {logging_mixin.py:188} INFO - [2026-06-16T01:19:02.787+0000] {dag.py:3823} INFO - Setting next_dagrun for tutorial_objectstorage to None, run_after=None
[2026-06-16T01:19:02.994+0000] {processor.py:183} INFO - Processing /home/airflow/.local/lib/python3.8/site-packages/airflow/example_dags/tutorial_objectstorage.py took 0.420 seconds
[2026-06-16T01:19:33.147+0000] {processor.py:161} INFO - Started process (PID=1277) to work on /home/airflow/.local/lib/python3.8/site-packages/airflow/example_dags/tutorial_objectstorage.py
[2026-06-16T01:19:33.150+0000] {processor.py:830} INFO - Processing file /home/airflow/.local/lib/python3.8/site-packages/airflow/example_dags/tutorial_objectstorage.py for tasks to queue
[2026-06-16T01:19:33.156+0000] {logging_mixin.py:188} INFO - [2026-06-16T01:19:33.155+0000] {dagbag.py:538} INFO - Filling up the DagBag from /home/airflow/.local/lib/python3.8/site-packages/airflow/example_dags/tutorial_objectstorage.py
[2026-06-16T01:19:33.192+0000] {processor.py:840} INFO - DAG(s) 'tutorial_objectstorage' retrieved from /home/airflow/.local/lib/python3.8/site-packages/airflow/example_dags/tutorial_objectstorage.py
[2026-06-16T01:19:33.287+0000] {logging_mixin.py:188} INFO - [2026-06-16T01:19:33.286+0000] {dag.py:3036} INFO - Sync 1 DAGs
[2026-06-16T01:19:33.358+0000] {logging_mixin.py:188} INFO - [2026-06-16T01:19:33.357+0000] {dag.py:3823} INFO - Setting next_dagrun for tutorial_objectstorage to None, run_after=None
[2026-06-16T01:19:33.469+0000] {processor.py:183} INFO - Processing /home/airflow/.local/lib/python3.8/site-packages/airflow/example_dags/tutorial_objectstorage.py took 0.333 seconds
[2026-06-16T01:20:04.046+0000] {processor.py:161} INFO - Started process (PID=1333) to work on /home/airflow/.local/lib/python3.8/site-packages/airflow/example_dags/tutorial_objectstorage.py
[2026-06-16T01:20:04.049+0000] {processor.py:830} INFO - Processing file /home/airflow/.local/lib/python3.8/site-packages/airflow/example_dags/tutorial_objectstorage.py for tasks to queue
[2026-06-16T01:20:04.058+0000] {logging_mixin.py:188} INFO - [2026-06-16T01:20:04.057+0000] {dagbag.py:538} INFO - Filling up the DagBag from /home/airflow/.local/lib/python3.8/site-packages/airflow/example_dags/tutorial_objectstorage.py
[2026-06-16T01:20:04.081+0000] {processor.py:840} INFO - DAG(s) 'tutorial_objectstorage' retrieved from /home/airflow/.local/lib/python3.8/site-packages/airflow/example_dags/tutorial_objectstorage.py
[2026-06-16T01:20:04.155+0000] {logging_mixin.py:188} INFO - [2026-06-16T01:20:04.153+0000] {dag.py:3036} INFO - Sync 1 DAGs
[2026-06-16T01:20:04.220+0000] {logging_mixin.py:188} INFO - [2026-06-16T01:20:04.220+0000] {dag.py:3823} INFO - Setting next_dagrun for tutorial_objectstorage to None, run_after=None
[2026-06-16T01:20:04.308+0000] {processor.py:183} INFO - Processing /home/airflow/.local/lib/python3.8/site-packages/airflow/example_dags/tutorial_objectstorage.py took 0.282 seconds
[2026-06-16T01:20:34.705+0000] {processor.py:161} INFO - Started process (PID=1389) to work on /home/airflow/.local/lib/python3.8/site-packages/airflow/example_dags/tutorial_objectstorage.py
[2026-06-16T01:20:34.714+0000] {processor.py:830} INFO - Processing file /home/airflow/.local/lib/python3.8/site-packages/airflow/example_dags/tutorial_objectstorage.py for tasks to queue
[2026-06-16T01:20:34.722+0000] {logging_mixin.py:188} INFO - [2026-06-16T01:20:34.720+0000] {dagbag.py:538} INFO - Filling up the DagBag from /home/airflow/.local/lib/python3.8/site-packages/airflow/example_dags/tutorial_objectstorage.py
[2026-06-16T01:20:34.746+0000] {processor.py:840} INFO - DAG(s) 'tutorial_objectstorage' retrieved from /home/airflow/.local/lib/python3.8/site-packages/airflow/example_dags/tutorial_objectstorage.py
[2026-06-16T01:20:34.821+0000] {logging_mixin.py:188} INFO - [2026-06-16T01:20:34.820+0000] {dag.py:3036} INFO - Sync 1 DAGs
[2026-06-16T01:20:34.881+0000] {logging_mixin.py:188} INFO - [2026-06-16T01:20:34.880+0000] {dag.py:3823} INFO - Setting next_dagrun for tutorial_objectstorage to None, run_after=None
[2026-06-16T01:20:34.984+0000] {processor.py:183} INFO - Processing /home/airflow/.local/lib/python3.8/site-packages/airflow/example_dags/tutorial_objectstorage.py took 0.293 seconds
[2026-06-16T01:21:06.844+0000] {processor.py:161} INFO - Started process (PID=1445) to work on /home/airflow/.local/lib/python3.8/site-packages/airflow/example_dags/tutorial_objectstorage.py
[2026-06-16T01:21:06.885+0000] {processor.py:830} INFO - Processing file /home/airflow/.local/lib/python3.8/site-packages/airflow/example_dags/tutorial_objectstorage.py for tasks to queue
[2026-06-16T01:21:06.901+0000] {logging_mixin.py:188} INFO - [2026-06-16T01:21:06.899+0000] {dagbag.py:538} INFO - Filling up the DagBag from /home/airflow/.local/lib/python3.8/site-packages/airflow/example_dags/tutorial_objectstorage.py
[2026-06-16T01:21:06.998+0000] {processor.py:840} INFO - DAG(s) 'tutorial_objectstorage' retrieved from /home/airflow/.local/lib/python3.8/site-packages/airflow/example_dags/tutorial_objectstorage.py
[2026-06-16T01:21:07.302+0000] {logging_mixin.py:188} INFO - [2026-06-16T01:21:07.301+0000] {dag.py:3036} INFO - Sync 1 DAGs
[2026-06-16T01:21:07.793+0000] {logging_mixin.py:188} INFO - [2026-06-16T01:21:07.786+0000] {dag.py:3823} INFO - Setting next_dagrun for tutorial_objectstorage to None, run_after=None
[2026-06-16T01:21:08.034+0000] {processor.py:183} INFO - Processing /home/airflow/.local/lib/python3.8/site-packages/airflow/example_dags/tutorial_objectstorage.py took 1.255 seconds
[2026-06-16T01:21:38.402+0000] {processor.py:161} INFO - Started process (PID=1501) to work on /home/airflow/.local/lib/python3.8/site-packages/airflow/example_dags/tutorial_objectstorage.py
[2026-06-16T01:21:38.407+0000] {processor.py:830} INFO - Processing file /home/airflow/.local/lib/python3.8/site-packages/airflow/example_dags/tutorial_objectstorage.py for tasks to queue
[2026-06-16T01:21:38.414+0000] {logging_mixin.py:188} INFO - [2026-06-16T01:21:38.413+0000] {dagbag.py:538} INFO - Filling up the DagBag from /home/airflow/.local/lib/python3.8/site-packages/airflow/example_dags/tutorial_objectstorage.py
[2026-06-16T01:21:38.439+0000] {processor.py:840} INFO - DAG(s) 'tutorial_objectstorage' retrieved from /home/airflow/.local/lib/python3.8/site-packages/airflow/example_dags/tutorial_objectstorage.py
[2026-06-16T01:21:38.540+0000] {logging_mixin.py:188} INFO - [2026-06-16T01:21:38.540+0000] {dag.py:3036} INFO - Sync 1 DAGs
[2026-06-16T01:21:38.586+0000] {logging_mixin.py:188} INFO - [2026-06-16T01:21:38.586+0000] {dag.py:3823} INFO - Setting next_dagrun for tutorial_objectstorage to None, run_after=None
[2026-06-16T01:21:38.657+0000] {processor.py:183} INFO - Processing /home/airflow/.local/lib/python3.8/site-packages/airflow/example_dags/tutorial_objectstorage.py took 0.267 seconds
[2026-06-16T01:22:09.818+0000] {processor.py:161} INFO - Started process (PID=1558) to work on /home/airflow/.local/lib/python3.8/site-packages/airflow/example_dags/tutorial_objectstorage.py
[2026-06-16T01:22:09.822+0000] {processor.py:830} INFO - Processing file /home/airflow/.local/lib/python3.8/site-packages/airflow/example_dags/tutorial_objectstorage.py for tasks to queue
[2026-06-16T01:22:09.833+0000] {logging_mixin.py:188} INFO - [2026-06-16T01:22:09.831+0000] {dagbag.py:538} INFO - Filling up the DagBag from /home/airflow/.local/lib/python3.8/site-packages/airflow/example_dags/tutorial_objectstorage.py
[2026-06-16T01:22:09.861+0000] {processor.py:840} INFO - DAG(s) 'tutorial_objectstorage' retrieved from /home/airflow/.local/lib/python3.8/site-packages/airflow/example_dags/tutorial_objectstorage.py
[2026-06-16T01:22:09.946+0000] {logging_mixin.py:188} INFO - [2026-06-16T01:22:09.945+0000] {dag.py:3036} INFO - Sync 1 DAGs
[2026-06-16T01:22:10.000+0000] {logging_mixin.py:188} INFO - [2026-06-16T01:22:09.999+0000] {dag.py:3823} INFO - Setting next_dagrun for tutorial_objectstorage to None, run_after=None
[2026-06-16T01:22:10.138+0000] {processor.py:183} INFO - Processing /home/airflow/.local/lib/python3.8/site-packages/airflow/example_dags/tutorial_objectstorage.py took 0.338 seconds
[2026-06-16T01:22:42.195+0000] {processor.py:161} INFO - Started process (PID=1610) to work on /home/airflow/.local/lib/python3.8/site-packages/airflow/example_dags/tutorial_objectstorage.py
[2026-06-16T01:22:42.199+0000] {processor.py:830} INFO - Processing file /home/airflow/.local/lib/python3.8/site-packages/airflow/example_dags/tutorial_objectstorage.py for tasks to queue
[2026-06-16T01:22:42.208+0000] {logging_mixin.py:188} INFO - [2026-06-16T01:22:42.207+0000] {dagbag.py:538} INFO - Filling up the DagBag from /home/airflow/.local/lib/python3.8/site-packages/airflow/example_dags/tutorial_objectstorage.py
[2026-06-16T01:22:42.239+0000] {processor.py:840} INFO - DAG(s) 'tutorial_objectstorage' retrieved from /home/airflow/.local/lib/python3.8/site-packages/airflow/example_dags/tutorial_objectstorage.py
[2026-06-16T01:22:42.358+0000] {logging_mixin.py:188} INFO - [2026-06-16T01:22:42.356+0000] {dag.py:3036} INFO - Sync 1 DAGs
[2026-06-16T01:22:42.421+0000] {logging_mixin.py:188} INFO - [2026-06-16T01:22:42.420+0000] {dag.py:3823} INFO - Setting next_dagrun for tutorial_objectstorage to None, run_after=None
[2026-06-16T01:22:42.502+0000] {processor.py:183} INFO - Processing /home/airflow/.local/lib/python3.8/site-packages/airflow/example_dags/tutorial_objectstorage.py took 0.321 seconds
[2026-06-16T01:23:17.144+0000] {processor.py:161} INFO - Started process (PID=1667) to work on /home/airflow/.local/lib/python3.8/site-packages/airflow/example_dags/tutorial_objectstorage.py
[2026-06-16T01:23:17.149+0000] {processor.py:830} INFO - Processing file /home/airflow/.local/lib/python3.8/site-packages/airflow/example_dags/tutorial_objectstorage.py for tasks to queue
[2026-06-16T01:23:17.170+0000] {logging_mixin.py:188} INFO - [2026-06-16T01:23:17.166+0000] {dagbag.py:538} INFO - Filling up the DagBag from /home/airflow/.local/lib/python3.8/site-packages/airflow/example_dags/tutorial_objectstorage.py
[2026-06-16T01:23:17.209+0000] {processor.py:840} INFO - DAG(s) 'tutorial_objectstorage' retrieved from /home/airflow/.local/lib/python3.8/site-packages/airflow/example_dags/tutorial_objectstorage.py
[2026-06-16T01:23:17.311+0000] {logging_mixin.py:188} INFO - [2026-06-16T01:23:17.311+0000] {dag.py:3036} INFO - Sync 1 DAGs
[2026-06-16T01:23:17.444+0000] {logging_mixin.py:188} INFO - [2026-06-16T01:23:17.443+0000] {dag.py:3823} INFO - Setting next_dagrun for tutorial_objectstorage to None, run_after=None
[2026-06-16T01:23:17.535+0000] {processor.py:183} INFO - Processing /home/airflow/.local/lib/python3.8/site-packages/airflow/example_dags/tutorial_objectstorage.py took 0.452 seconds
[2026-06-16T01:23:52.850+0000] {processor.py:161} INFO - Started process (PID=1728) to work on /home/airflow/.local/lib/python3.8/site-packages/airflow/example_dags/tutorial_objectstorage.py
[2026-06-16T01:23:52.869+0000] {processor.py:830} INFO - Processing file /home/airflow/.local/lib/python3.8/site-packages/airflow/example_dags/tutorial_objectstorage.py for tasks to queue
[2026-06-16T01:23:52.877+0000] {logging_mixin.py:188} INFO - [2026-06-16T01:23:52.876+0000] {dagbag.py:538} INFO - Filling up the DagBag from /home/airflow/.local/lib/python3.8/site-packages/airflow/example_dags/tutorial_objectstorage.py
[2026-06-16T01:23:52.896+0000] {processor.py:840} INFO - DAG(s) 'tutorial_objectstorage' retrieved from /home/airflow/.local/lib/python3.8/site-packages/airflow/example_dags/tutorial_objectstorage.py
[2026-06-16T01:23:52.984+0000] {logging_mixin.py:188} INFO - [2026-06-16T01:23:52.983+0000] {dag.py:3036} INFO - Sync 1 DAGs
[2026-06-16T01:23:53.069+0000] {logging_mixin.py:188} INFO - [2026-06-16T01:23:53.068+0000] {dag.py:3823} INFO - Setting next_dagrun for tutorial_objectstorage to None, run_after=None
[2026-06-16T01:23:53.172+0000] {processor.py:183} INFO - Processing /home/airflow/.local/lib/python3.8/site-packages/airflow/example_dags/tutorial_objectstorage.py took 0.333 seconds
[2026-06-16T01:24:24.024+0000] {processor.py:161} INFO - Started process (PID=1784) to work on /home/airflow/.local/lib/python3.8/site-packages/airflow/example_dags/tutorial_objectstorage.py
[2026-06-16T01:24:24.029+0000] {processor.py:830} INFO - Processing file /home/airflow/.local/lib/python3.8/site-packages/airflow/example_dags/tutorial_objectstorage.py for tasks to queue
[2026-06-16T01:24:24.034+0000] {logging_mixin.py:188} INFO - [2026-06-16T01:24:24.034+0000] {dagbag.py:538} INFO - Filling up the DagBag from /home/airflow/.local/lib/python3.8/site-packages/airflow/example_dags/tutorial_objectstorage.py
[2026-06-16T01:24:24.061+0000] {processor.py:840} INFO - DAG(s) 'tutorial_objectstorage' retrieved from /home/airflow/.local/lib/python3.8/site-packages/airflow/example_dags/tutorial_objectstorage.py
[2026-06-16T01:24:24.131+0000] {logging_mixin.py:188} INFO - [2026-06-16T01:24:24.130+0000] {dag.py:3036} INFO - Sync 1 DAGs
[2026-06-16T01:24:24.171+0000] {logging_mixin.py:188} INFO - [2026-06-16T01:24:24.171+0000] {dag.py:3823} INFO - Setting next_dagrun for tutorial_objectstorage to None, run_after=None
[2026-06-16T01:24:24.250+0000] {processor.py:183} INFO - Processing /home/airflow/.local/lib/python3.8/site-packages/airflow/example_dags/tutorial_objectstorage.py took 0.238 seconds
[2026-06-16T01:24:54.993+0000] {processor.py:161} INFO - Started process (PID=1840) to work on /home/airflow/.local/lib/python3.8/site-packages/airflow/example_dags/tutorial_objectstorage.py
[2026-06-16T01:24:54.995+0000] {processor.py:830} INFO - Processing file /home/airflow/.local/lib/python3.8/site-packages/airflow/example_dags/tutorial_objectstorage.py for tasks to queue
[2026-06-16T01:24:55.000+0000] {logging_mixin.py:188} INFO - [2026-06-16T01:24:54.999+0000] {dagbag.py:538} INFO - Filling up the DagBag from /home/airflow/.local/lib/python3.8/site-packages/airflow/example_dags/tutorial_objectstorage.py
[2026-06-16T01:24:55.015+0000] {processor.py:840} INFO - DAG(s) 'tutorial_objectstorage' retrieved from /home/airflow/.local/lib/python3.8/site-packages/airflow/example_dags/tutorial_objectstorage.py
[2026-06-16T01:24:55.067+0000] {logging_mixin.py:188} INFO - [2026-06-16T01:24:55.066+0000] {dag.py:3036} INFO - Sync 1 DAGs
[2026-06-16T01:24:55.102+0000] {logging_mixin.py:188} INFO - [2026-06-16T01:24:55.101+0000] {dag.py:3823} INFO - Setting next_dagrun for tutorial_objectstorage to None, run_after=None
[2026-06-16T01:24:55.145+0000] {processor.py:183} INFO - Processing /home/airflow/.local/lib/python3.8/site-packages/airflow/example_dags/tutorial_objectstorage.py took 0.160 seconds
[2026-06-16T01:25:25.469+0000] {processor.py:161} INFO - Started process (PID=1894) to work on /home/airflow/.local/lib/python3.8/site-packages/airflow/example_dags/tutorial_objectstorage.py
[2026-06-16T01:25:25.471+0000] {processor.py:830} INFO - Processing file /home/airflow/.local/lib/python3.8/site-packages/airflow/example_dags/tutorial_objectstorage.py for tasks to queue
[2026-06-16T01:25:25.476+0000] {logging_mixin.py:188} INFO - [2026-06-16T01:25:25.475+0000] {dagbag.py:538} INFO - Filling up the DagBag from /home/airflow/.local/lib/python3.8/site-packages/airflow/example_dags/tutorial_objectstorage.py
[2026-06-16T01:25:25.493+0000] {processor.py:840} INFO - DAG(s) 'tutorial_objectstorage' retrieved from /home/airflow/.local/lib/python3.8/site-packages/airflow/example_dags/tutorial_objectstorage.py
[2026-06-16T01:25:25.552+0000] {logging_mixin.py:188} INFO - [2026-06-16T01:25:25.552+0000] {dag.py:3036} INFO - Sync 1 DAGs
[2026-06-16T01:25:25.589+0000] {logging_mixin.py:188} INFO - [2026-06-16T01:25:25.588+0000] {dag.py:3823} INFO - Setting next_dagrun for tutorial_objectstorage to None, run_after=None
[2026-06-16T01:25:25.633+0000] {processor.py:183} INFO - Processing /home/airflow/.local/lib/python3.8/site-packages/airflow/example_dags/tutorial_objectstorage.py took 0.174 seconds
[2026-06-16T01:25:56.326+0000] {processor.py:161} INFO - Started process (PID=1950) to work on /home/airflow/.local/lib/python3.8/site-packages/airflow/example_dags/tutorial_objectstorage.py
[2026-06-16T01:25:56.329+0000] {processor.py:830} INFO - Processing file /home/airflow/.local/lib/python3.8/site-packages/airflow/example_dags/tutorial_objectstorage.py for tasks to queue
[2026-06-16T01:25:56.334+0000] {logging_mixin.py:188} INFO - [2026-06-16T01:25:56.333+0000] {dagbag.py:538} INFO - Filling up the DagBag from /home/airflow/.local/lib/python3.8/site-packages/airflow/example_dags/tutorial_objectstorage.py
[2026-06-16T01:25:56.350+0000] {processor.py:840} INFO - DAG(s) 'tutorial_objectstorage' retrieved from /home/airflow/.local/lib/python3.8/site-packages/airflow/example_dags/tutorial_objectstorage.py
[2026-06-16T01:25:56.397+0000] {logging_mixin.py:188} INFO - [2026-06-16T01:25:56.396+0000] {dag.py:3036} INFO - Sync 1 DAGs
[2026-06-16T01:25:56.419+0000] {logging_mixin.py:188} INFO - [2026-06-16T01:25:56.419+0000] {dag.py:3823} INFO - Setting next_dagrun for tutorial_objectstorage to None, run_after=None
[2026-06-16T01:25:56.454+0000] {processor.py:183} INFO - Processing /home/airflow/.local/lib/python3.8/site-packages/airflow/example_dags/tutorial_objectstorage.py took 0.134 seconds
[2026-06-16T01:26:27.315+0000] {processor.py:161} INFO - Started process (PID=2006) to work on /home/airflow/.local/lib/python3.8/site-packages/airflow/example_dags/tutorial_objectstorage.py
[2026-06-16T01:26:27.602+0000] {processor.py:830} INFO - Processing file /home/airflow/.local/lib/python3.8/site-packages/airflow/example_dags/tutorial_objectstorage.py for tasks to queue
[2026-06-16T01:26:27.695+0000] {logging_mixin.py:188} INFO - [2026-06-16T01:26:27.695+0000] {dagbag.py:538} INFO - Filling up the DagBag from /home/airflow/.local/lib/python3.8/site-packages/airflow/example_dags/tutorial_objectstorage.py
[2026-06-16T01:26:28.029+0000] {processor.py:840} INFO - DAG(s) 'tutorial_objectstorage' retrieved from /home/airflow/.local/lib/python3.8/site-packages/airflow/example_dags/tutorial_objectstorage.py
[2026-06-16T01:26:28.263+0000] {logging_mixin.py:188} INFO - [2026-06-16T01:26:28.262+0000] {dag.py:3036} INFO - Sync 1 DAGs
[2026-06-16T01:26:29.365+0000] {logging_mixin.py:188} INFO - [2026-06-16T01:26:29.364+0000] {dag.py:3823} INFO - Setting next_dagrun for tutorial_objectstorage to None, run_after=None
[2026-06-16T01:26:29.715+0000] {processor.py:183} INFO - Processing /home/airflow/.local/lib/python3.8/site-packages/airflow/example_dags/tutorial_objectstorage.py took 2.501 seconds
[2026-06-16T01:27:01.216+0000] {processor.py:161} INFO - Started process (PID=2061) to work on /home/airflow/.local/lib/python3.8/site-packages/airflow/example_dags/tutorial_objectstorage.py
[2026-06-16T01:27:01.219+0000] {processor.py:830} INFO - Processing file /home/airflow/.local/lib/python3.8/site-packages/airflow/example_dags/tutorial_objectstorage.py for tasks to queue
[2026-06-16T01:27:01.223+0000] {logging_mixin.py:188} INFO - [2026-06-16T01:27:01.223+0000] {dagbag.py:538} INFO - Filling up the DagBag from /home/airflow/.local/lib/python3.8/site-packages/airflow/example_dags/tutorial_objectstorage.py
[2026-06-16T01:27:01.241+0000] {processor.py:840} INFO - DAG(s) 'tutorial_objectstorage' retrieved from /home/airflow/.local/lib/python3.8/site-packages/airflow/example_dags/tutorial_objectstorage.py
[2026-06-16T01:27:01.291+0000] {logging_mixin.py:188} INFO - [2026-06-16T01:27:01.291+0000] {dag.py:3036} INFO - Sync 1 DAGs
[2026-06-16T01:27:01.342+0000] {logging_mixin.py:188} INFO - [2026-06-16T01:27:01.341+0000] {dag.py:3823} INFO - Setting next_dagrun for tutorial_objectstorage to None, run_after=None
[2026-06-16T01:27:01.408+0000] {processor.py:183} INFO - Processing /home/airflow/.local/lib/python3.8/site-packages/airflow/example_dags/tutorial_objectstorage.py took 0.201 seconds
[2026-06-16T01:27:31.579+0000] {processor.py:161} INFO - Started process (PID=2117) to work on /home/airflow/.local/lib/python3.8/site-packages/airflow/example_dags/tutorial_objectstorage.py
[2026-06-16T01:27:31.581+0000] {processor.py:830} INFO - Processing file /home/airflow/.local/lib/python3.8/site-packages/airflow/example_dags/tutorial_objectstorage.py for tasks to queue
[2026-06-16T01:27:31.593+0000] {logging_mixin.py:188} INFO - [2026-06-16T01:27:31.592+0000] {dagbag.py:538} INFO - Filling up the DagBag from /home/airflow/.local/lib/python3.8/site-packages/airflow/example_dags/tutorial_objectstorage.py
[2026-06-16T01:27:31.617+0000] {processor.py:840} INFO - DAG(s) 'tutorial_objectstorage' retrieved from /home/airflow/.local/lib/python3.8/site-packages/airflow/example_dags/tutorial_objectstorage.py
[2026-06-16T01:27:31.675+0000] {logging_mixin.py:188} INFO - [2026-06-16T01:27:31.675+0000] {dag.py:3036} INFO - Sync 1 DAGs
[2026-06-16T01:27:31.717+0000] {logging_mixin.py:188} INFO - [2026-06-16T01:27:31.716+0000] {dag.py:3823} INFO - Setting next_dagrun for tutorial_objectstorage to None, run_after=None
[2026-06-16T01:27:31.838+0000] {processor.py:183} INFO - Processing /home/airflow/.local/lib/python3.8/site-packages/airflow/example_dags/tutorial_objectstorage.py took 0.294 seconds
[2026-06-16T01:28:02.209+0000] {processor.py:161} INFO - Started process (PID=2173) to work on /home/airflow/.local/lib/python3.8/site-packages/airflow/example_dags/tutorial_objectstorage.py
[2026-06-16T01:28:02.211+0000] {processor.py:830} INFO - Processing file /home/airflow/.local/lib/python3.8/site-packages/airflow/example_dags/tutorial_objectstorage.py for tasks to queue
[2026-06-16T01:28:02.215+0000] {logging_mixin.py:188} INFO - [2026-06-16T01:28:02.214+0000] {dagbag.py:538} INFO - Filling up the DagBag from /home/airflow/.local/lib/python3.8/site-packages/airflow/example_dags/tutorial_objectstorage.py
[2026-06-16T01:28:02.229+0000] {processor.py:840} INFO - DAG(s) 'tutorial_objectstorage' retrieved from /home/airflow/.local/lib/python3.8/site-packages/airflow/example_dags/tutorial_objectstorage.py
[2026-06-16T01:28:02.267+0000] {logging_mixin.py:188} INFO - [2026-06-16T01:28:02.267+0000] {dag.py:3036} INFO - Sync 1 DAGs
[2026-06-16T01:28:02.290+0000] {logging_mixin.py:188} INFO - [2026-06-16T01:28:02.290+0000] {dag.py:3823} INFO - Setting next_dagrun for tutorial_objectstorage to None, run_after=None
[2026-06-16T01:28:02.332+0000] {processor.py:183} INFO - Processing /home/airflow/.local/lib/python3.8/site-packages/airflow/example_dags/tutorial_objectstorage.py took 0.130 seconds
[2026-06-16T01:28:33.068+0000] {processor.py:161} INFO - Started process (PID=2229) to work on /home/airflow/.local/lib/python3.8/site-packages/airflow/example_dags/tutorial_objectstorage.py
[2026-06-16T01:28:33.070+0000] {processor.py:830} INFO - Processing file /home/airflow/.local/lib/python3.8/site-packages/airflow/example_dags/tutorial_objectstorage.py for tasks to queue
[2026-06-16T01:28:33.074+0000] {logging_mixin.py:188} INFO - [2026-06-16T01:28:33.073+0000] {dagbag.py:538} INFO - Filling up the DagBag from /home/airflow/.local/lib/python3.8/site-packages/airflow/example_dags/tutorial_objectstorage.py
[2026-06-16T01:28:33.089+0000] {processor.py:840} INFO - DAG(s) 'tutorial_objectstorage' retrieved from /home/airflow/.local/lib/python3.8/site-packages/airflow/example_dags/tutorial_objectstorage.py
[2026-06-16T01:28:33.132+0000] {logging_mixin.py:188} INFO - [2026-06-16T01:28:33.131+0000] {dag.py:3036} INFO - Sync 1 DAGs
[2026-06-16T01:28:33.161+0000] {logging_mixin.py:188} INFO - [2026-06-16T01:28:33.161+0000] {dag.py:3823} INFO - Setting next_dagrun for tutorial_objectstorage to None, run_after=None
[2026-06-16T01:28:33.201+0000] {processor.py:183} INFO - Processing /home/airflow/.local/lib/python3.8/site-packages/airflow/example_dags/tutorial_objectstorage.py took 0.141 seconds
[2026-06-16T01:29:03.437+0000] {processor.py:161} INFO - Started process (PID=2285) to work on /home/airflow/.local/lib/python3.8/site-packages/airflow/example_dags/tutorial_objectstorage.py
[2026-06-16T01:29:03.439+0000] {processor.py:830} INFO - Processing file /home/airflow/.local/lib/python3.8/site-packages/airflow/example_dags/tutorial_objectstorage.py for tasks to queue
[2026-06-16T01:29:03.444+0000] {logging_mixin.py:188} INFO - [2026-06-16T01:29:03.443+0000] {dagbag.py:538} INFO - Filling up the DagBag from /home/airflow/.local/lib/python3.8/site-packages/airflow/example_dags/tutorial_objectstorage.py
[2026-06-16T01:29:03.461+0000] {processor.py:840} INFO - DAG(s) 'tutorial_objectstorage' retrieved from /home/airflow/.local/lib/python3.8/site-packages/airflow/example_dags/tutorial_objectstorage.py
[2026-06-16T01:29:03.507+0000] {logging_mixin.py:188} INFO - [2026-06-16T01:29:03.506+0000] {dag.py:3036} INFO - Sync 1 DAGs
[2026-06-16T01:29:03.538+0000] {logging_mixin.py:188} INFO - [2026-06-16T01:29:03.538+0000] {dag.py:3823} INFO - Setting next_dagrun for tutorial_objectstorage to None, run_after=None
[2026-06-16T01:29:03.585+0000] {processor.py:183} INFO - Processing /home/airflow/.local/lib/python3.8/site-packages/airflow/example_dags/tutorial_objectstorage.py took 0.155 seconds
[2026-06-16T01:29:33.664+0000] {processor.py:161} INFO - Started process (PID=2341) to work on /home/airflow/.local/lib/python3.8/site-packages/airflow/example_dags/tutorial_objectstorage.py
[2026-06-16T01:29:33.666+0000] {processor.py:830} INFO - Processing file /home/airflow/.local/lib/python3.8/site-packages/airflow/example_dags/tutorial_objectstorage.py for tasks to queue
[2026-06-16T01:29:33.671+0000] {logging_mixin.py:188} INFO - [2026-06-16T01:29:33.670+0000] {dagbag.py:538} INFO - Filling up the DagBag from /home/airflow/.local/lib/python3.8/site-packages/airflow/example_dags/tutorial_objectstorage.py
[2026-06-16T01:29:33.684+0000] {processor.py:840} INFO - DAG(s) 'tutorial_objectstorage' retrieved from /home/airflow/.local/lib/python3.8/site-packages/airflow/example_dags/tutorial_objectstorage.py
[2026-06-16T01:29:33.721+0000] {logging_mixin.py:188} INFO - [2026-06-16T01:29:33.720+0000] {dag.py:3036} INFO - Sync 1 DAGs
[2026-06-16T01:29:33.743+0000] {logging_mixin.py:188} INFO - [2026-06-16T01:29:33.743+0000] {dag.py:3823} INFO - Setting next_dagrun for tutorial_objectstorage to None, run_after=None
[2026-06-16T01:29:33.779+0000] {processor.py:183} INFO - Processing /home/airflow/.local/lib/python3.8/site-packages/airflow/example_dags/tutorial_objectstorage.py took 0.121 seconds
[2026-06-16T01:30:04.497+0000] {processor.py:161} INFO - Started process (PID=2397) to work on /home/airflow/.local/lib/python3.8/site-packages/airflow/example_dags/tutorial_objectstorage.py
[2026-06-16T01:30:04.499+0000] {processor.py:830} INFO - Processing file /home/airflow/.local/lib/python3.8/site-packages/airflow/example_dags/tutorial_objectstorage.py for tasks to queue
[2026-06-16T01:30:04.502+0000] {logging_mixin.py:188} INFO - [2026-06-16T01:30:04.502+0000] {dagbag.py:538} INFO - Filling up the DagBag from /home/airflow/.local/lib/python3.8/site-packages/airflow/example_dags/tutorial_objectstorage.py
[2026-06-16T01:30:04.517+0000] {processor.py:840} INFO - DAG(s) 'tutorial_objectstorage' retrieved from /home/airflow/.local/lib/python3.8/site-packages/airflow/example_dags/tutorial_objectstorage.py
[2026-06-16T01:30:04.560+0000] {logging_mixin.py:188} INFO - [2026-06-16T01:30:04.559+0000] {dag.py:3036} INFO - Sync 1 DAGs
[2026-06-16T01:30:04.625+0000] {logging_mixin.py:188} INFO - [2026-06-16T01:30:04.625+0000] {dag.py:3823} INFO - Setting next_dagrun for tutorial_objectstorage to None, run_after=None
[2026-06-16T01:30:04.679+0000] {processor.py:183} INFO - Processing /home/airflow/.local/lib/python3.8/site-packages/airflow/example_dags/tutorial_objectstorage.py took 0.189 seconds
[2026-06-16T01:30:34.961+0000] {processor.py:161} INFO - Started process (PID=2454) to work on /home/airflow/.local/lib/python3.8/site-packages/airflow/example_dags/tutorial_objectstorage.py
[2026-06-16T01:30:34.962+0000] {processor.py:830} INFO - Processing file /home/airflow/.local/lib/python3.8/site-packages/airflow/example_dags/tutorial_objectstorage.py for tasks to queue
[2026-06-16T01:30:34.966+0000] {logging_mixin.py:188} INFO - [2026-06-16T01:30:34.966+0000] {dagbag.py:538} INFO - Filling up the DagBag from /home/airflow/.local/lib/python3.8/site-packages/airflow/example_dags/tutorial_objectstorage.py
[2026-06-16T01:30:34.984+0000] {processor.py:840} INFO - DAG(s) 'tutorial_objectstorage' retrieved from /home/airflow/.local/lib/python3.8/site-packages/airflow/example_dags/tutorial_objectstorage.py
[2026-06-16T01:30:35.028+0000] {logging_mixin.py:188} INFO - [2026-06-16T01:30:35.027+0000] {dag.py:3036} INFO - Sync 1 DAGs
[2026-06-16T01:30:35.057+0000] {logging_mixin.py:188} INFO - [2026-06-16T01:30:35.056+0000] {dag.py:3823} INFO - Setting next_dagrun for tutorial_objectstorage to None, run_after=None
[2026-06-16T01:30:35.101+0000] {processor.py:183} INFO - Processing /home/airflow/.local/lib/python3.8/site-packages/airflow/example_dags/tutorial_objectstorage.py took 0.146 seconds
[2026-06-16T01:31:06.070+0000] {processor.py:161} INFO - Started process (PID=2510) to work on /home/airflow/.local/lib/python3.8/site-packages/airflow/example_dags/tutorial_objectstorage.py
[2026-06-16T01:31:06.073+0000] {processor.py:830} INFO - Processing file /home/airflow/.local/lib/python3.8/site-packages/airflow/example_dags/tutorial_objectstorage.py for tasks to queue
[2026-06-16T01:31:06.082+0000] {logging_mixin.py:188} INFO - [2026-06-16T01:31:06.081+0000] {dagbag.py:538} INFO - Filling up the DagBag from /home/airflow/.local/lib/python3.8/site-packages/airflow/example_dags/tutorial_objectstorage.py
[2026-06-16T01:31:06.101+0000] {processor.py:840} INFO - DAG(s) 'tutorial_objectstorage' retrieved from /home/airflow/.local/lib/python3.8/site-packages/airflow/example_dags/tutorial_objectstorage.py
[2026-06-16T01:31:06.163+0000] {logging_mixin.py:188} INFO - [2026-06-16T01:31:06.162+0000] {dag.py:3036} INFO - Sync 1 DAGs
[2026-06-16T01:31:06.197+0000] {logging_mixin.py:188} INFO - [2026-06-16T01:31:06.197+0000] {dag.py:3823} INFO - Setting next_dagrun for tutorial_objectstorage to None, run_after=None
[2026-06-16T01:31:06.248+0000] {processor.py:183} INFO - Processing /home/airflow/.local/lib/python3.8/site-packages/airflow/example_dags/tutorial_objectstorage.py took 0.194 seconds
[2026-06-16T01:31:36.459+0000] {processor.py:161} INFO - Started process (PID=2566) to work on /home/airflow/.local/lib/python3.8/site-packages/airflow/example_dags/tutorial_objectstorage.py
[2026-06-16T01:31:36.463+0000] {processor.py:830} INFO - Processing file /home/airflow/.local/lib/python3.8/site-packages/airflow/example_dags/tutorial_objectstorage.py for tasks to queue
[2026-06-16T01:31:36.470+0000] {logging_mixin.py:188} INFO - [2026-06-16T01:31:36.469+0000] {dagbag.py:538} INFO - Filling up the DagBag from /home/airflow/.local/lib/python3.8/site-packages/airflow/example_dags/tutorial_objectstorage.py
[2026-06-16T01:31:36.488+0000] {processor.py:840} INFO - DAG(s) 'tutorial_objectstorage' retrieved from /home/airflow/.local/lib/python3.8/site-packages/airflow/example_dags/tutorial_objectstorage.py
[2026-06-16T01:31:36.542+0000] {logging_mixin.py:188} INFO - [2026-06-16T01:31:36.541+0000] {dag.py:3036} INFO - Sync 1 DAGs
[2026-06-16T01:31:36.573+0000] {logging_mixin.py:188} INFO - [2026-06-16T01:31:36.572+0000] {dag.py:3823} INFO - Setting next_dagrun for tutorial_objectstorage to None, run_after=None
[2026-06-16T01:31:36.867+0000] {processor.py:183} INFO - Processing /home/airflow/.local/lib/python3.8/site-packages/airflow/example_dags/tutorial_objectstorage.py took 0.421 seconds
[2026-06-16T01:32:07.210+0000] {processor.py:161} INFO - Started process (PID=2622) to work on /home/airflow/.local/lib/python3.8/site-packages/airflow/example_dags/tutorial_objectstorage.py
[2026-06-16T01:32:07.214+0000] {processor.py:830} INFO - Processing file /home/airflow/.local/lib/python3.8/site-packages/airflow/example_dags/tutorial_objectstorage.py for tasks to queue
[2026-06-16T01:32:07.218+0000] {logging_mixin.py:188} INFO - [2026-06-16T01:32:07.218+0000] {dagbag.py:538} INFO - Filling up the DagBag from /home/airflow/.local/lib/python3.8/site-packages/airflow/example_dags/tutorial_objectstorage.py
[2026-06-16T01:32:07.236+0000] {processor.py:840} INFO - DAG(s) 'tutorial_objectstorage' retrieved from /home/airflow/.local/lib/python3.8/site-packages/airflow/example_dags/tutorial_objectstorage.py
[2026-06-16T01:32:07.288+0000] {logging_mixin.py:188} INFO - [2026-06-16T01:32:07.287+0000] {dag.py:3036} INFO - Sync 1 DAGs
[2026-06-16T01:32:07.325+0000] {logging_mixin.py:188} INFO - [2026-06-16T01:32:07.324+0000] {dag.py:3823} INFO - Setting next_dagrun for tutorial_objectstorage to None, run_after=None
[2026-06-16T01:32:07.372+0000] {processor.py:183} INFO - Processing /home/airflow/.local/lib/python3.8/site-packages/airflow/example_dags/tutorial_objectstorage.py took 0.172 seconds
[2026-06-16T01:32:37.589+0000] {processor.py:161} INFO - Started process (PID=2682) to work on /home/airflow/.local/lib/python3.8/site-packages/airflow/example_dags/tutorial_objectstorage.py
[2026-06-16T01:32:37.592+0000] {processor.py:830} INFO - Processing file /home/airflow/.local/lib/python3.8/site-packages/airflow/example_dags/tutorial_objectstorage.py for tasks to queue
[2026-06-16T01:32:37.596+0000] {logging_mixin.py:188} INFO - [2026-06-16T01:32:37.595+0000] {dagbag.py:538} INFO - Filling up the DagBag from /home/airflow/.local/lib/python3.8/site-packages/airflow/example_dags/tutorial_objectstorage.py
[2026-06-16T01:32:37.611+0000] {processor.py:840} INFO - DAG(s) 'tutorial_objectstorage' retrieved from /home/airflow/.local/lib/python3.8/site-packages/airflow/example_dags/tutorial_objectstorage.py
[2026-06-16T01:32:37.655+0000] {logging_mixin.py:188} INFO - [2026-06-16T01:32:37.654+0000] {dag.py:3036} INFO - Sync 1 DAGs
[2026-06-16T01:32:37.683+0000] {logging_mixin.py:188} INFO - [2026-06-16T01:32:37.682+0000] {dag.py:3823} INFO - Setting next_dagrun for tutorial_objectstorage to None, run_after=None
[2026-06-16T01:32:37.733+0000] {processor.py:183} INFO - Processing /home/airflow/.local/lib/python3.8/site-packages/airflow/example_dags/tutorial_objectstorage.py took 0.151 seconds
[2026-06-16T01:33:08.333+0000] {processor.py:161} INFO - Started process (PID=2738) to work on /home/airflow/.local/lib/python3.8/site-packages/airflow/example_dags/tutorial_objectstorage.py
[2026-06-16T01:33:08.335+0000] {processor.py:830} INFO - Processing file /home/airflow/.local/lib/python3.8/site-packages/airflow/example_dags/tutorial_objectstorage.py for tasks to queue
[2026-06-16T01:33:08.338+0000] {logging_mixin.py:188} INFO - [2026-06-16T01:33:08.338+0000] {dagbag.py:538} INFO - Filling up the DagBag from /home/airflow/.local/lib/python3.8/site-packages/airflow/example_dags/tutorial_objectstorage.py
[2026-06-16T01:33:08.353+0000] {processor.py:840} INFO - DAG(s) 'tutorial_objectstorage' retrieved from /home/airflow/.local/lib/python3.8/site-packages/airflow/example_dags/tutorial_objectstorage.py
[2026-06-16T01:33:08.397+0000] {logging_mixin.py:188} INFO - [2026-06-16T01:33:08.396+0000] {dag.py:3036} INFO - Sync 1 DAGs
[2026-06-16T01:33:08.431+0000] {logging_mixin.py:188} INFO - [2026-06-16T01:33:08.431+0000] {dag.py:3823} INFO - Setting next_dagrun for tutorial_objectstorage to None, run_after=None
[2026-06-16T01:33:08.491+0000] {processor.py:183} INFO - Processing /home/airflow/.local/lib/python3.8/site-packages/airflow/example_dags/tutorial_objectstorage.py took 0.164 seconds
[2026-06-16T01:33:38.900+0000] {processor.py:161} INFO - Started process (PID=2794) to work on /home/airflow/.local/lib/python3.8/site-packages/airflow/example_dags/tutorial_objectstorage.py
[2026-06-16T01:33:38.902+0000] {processor.py:830} INFO - Processing file /home/airflow/.local/lib/python3.8/site-packages/airflow/example_dags/tutorial_objectstorage.py for tasks to queue
[2026-06-16T01:33:38.908+0000] {logging_mixin.py:188} INFO - [2026-06-16T01:33:38.907+0000] {dagbag.py:538} INFO - Filling up the DagBag from /home/airflow/.local/lib/python3.8/site-packages/airflow/example_dags/tutorial_objectstorage.py
[2026-06-16T01:33:38.928+0000] {processor.py:840} INFO - DAG(s) 'tutorial_objectstorage' retrieved from /home/airflow/.local/lib/python3.8/site-packages/airflow/example_dags/tutorial_objectstorage.py
[2026-06-16T01:33:38.984+0000] {logging_mixin.py:188} INFO - [2026-06-16T01:33:38.983+0000] {dag.py:3036} INFO - Sync 1 DAGs
[2026-06-16T01:33:39.026+0000] {logging_mixin.py:188} INFO - [2026-06-16T01:33:39.025+0000] {dag.py:3823} INFO - Setting next_dagrun for tutorial_objectstorage to None, run_after=None
[2026-06-16T01:33:39.087+0000] {processor.py:183} INFO - Processing /home/airflow/.local/lib/python3.8/site-packages/airflow/example_dags/tutorial_objectstorage.py took 0.216 seconds
[2026-06-16T01:34:09.953+0000] {processor.py:161} INFO - Started process (PID=2850) to work on /home/airflow/.local/lib/python3.8/site-packages/airflow/example_dags/tutorial_objectstorage.py
[2026-06-16T01:34:09.961+0000] {processor.py:830} INFO - Processing file /home/airflow/.local/lib/python3.8/site-packages/airflow/example_dags/tutorial_objectstorage.py for tasks to queue
[2026-06-16T01:34:09.970+0000] {logging_mixin.py:188} INFO - [2026-06-16T01:34:09.969+0000] {dagbag.py:538} INFO - Filling up the DagBag from /home/airflow/.local/lib/python3.8/site-packages/airflow/example_dags/tutorial_objectstorage.py
[2026-06-16T01:34:10.030+0000] {processor.py:840} INFO - DAG(s) 'tutorial_objectstorage' retrieved from /home/airflow/.local/lib/python3.8/site-packages/airflow/example_dags/tutorial_objectstorage.py
[2026-06-16T01:34:10.201+0000] {logging_mixin.py:188} INFO - [2026-06-16T01:34:10.200+0000] {dag.py:3036} INFO - Sync 1 DAGs
[2026-06-16T01:34:10.596+0000] {logging_mixin.py:188} INFO - [2026-06-16T01:34:10.595+0000] {dag.py:3823} INFO - Setting next_dagrun for tutorial_objectstorage to None, run_after=None
[2026-06-16T01:34:10.639+0000] {processor.py:183} INFO - Processing /home/airflow/.local/lib/python3.8/site-packages/airflow/example_dags/tutorial_objectstorage.py took 0.743 seconds
[2026-06-16T01:34:41.152+0000] {processor.py:161} INFO - Started process (PID=2905) to work on /home/airflow/.local/lib/python3.8/site-packages/airflow/example_dags/tutorial_objectstorage.py
[2026-06-16T01:34:41.154+0000] {processor.py:830} INFO - Processing file /home/airflow/.local/lib/python3.8/site-packages/airflow/example_dags/tutorial_objectstorage.py for tasks to queue
[2026-06-16T01:34:41.158+0000] {logging_mixin.py:188} INFO - [2026-06-16T01:34:41.157+0000] {dagbag.py:538} INFO - Filling up the DagBag from /home/airflow/.local/lib/python3.8/site-packages/airflow/example_dags/tutorial_objectstorage.py
[2026-06-16T01:34:41.172+0000] {processor.py:840} INFO - DAG(s) 'tutorial_objectstorage' retrieved from /home/airflow/.local/lib/python3.8/site-packages/airflow/example_dags/tutorial_objectstorage.py
[2026-06-16T01:34:41.209+0000] {logging_mixin.py:188} INFO - [2026-06-16T01:34:41.209+0000] {dag.py:3036} INFO - Sync 1 DAGs
[2026-06-16T01:34:41.236+0000] {logging_mixin.py:188} INFO - [2026-06-16T01:34:41.236+0000] {dag.py:3823} INFO - Setting next_dagrun for tutorial_objectstorage to None, run_after=None
[2026-06-16T01:34:41.281+0000] {processor.py:183} INFO - Processing /home/airflow/.local/lib/python3.8/site-packages/airflow/example_dags/tutorial_objectstorage.py took 0.138 seconds
[2026-06-16T01:35:11.404+0000] {processor.py:161} INFO - Started process (PID=2961) to work on /home/airflow/.local/lib/python3.8/site-packages/airflow/example_dags/tutorial_objectstorage.py
[2026-06-16T01:35:11.406+0000] {processor.py:830} INFO - Processing file /home/airflow/.local/lib/python3.8/site-packages/airflow/example_dags/tutorial_objectstorage.py for tasks to queue
[2026-06-16T01:35:11.411+0000] {logging_mixin.py:188} INFO - [2026-06-16T01:35:11.410+0000] {dagbag.py:538} INFO - Filling up the DagBag from /home/airflow/.local/lib/python3.8/site-packages/airflow/example_dags/tutorial_objectstorage.py
[2026-06-16T01:35:11.428+0000] {processor.py:840} INFO - DAG(s) 'tutorial_objectstorage' retrieved from /home/airflow/.local/lib/python3.8/site-packages/airflow/example_dags/tutorial_objectstorage.py
[2026-06-16T01:35:11.478+0000] {logging_mixin.py:188} INFO - [2026-06-16T01:35:11.477+0000] {dag.py:3036} INFO - Sync 1 DAGs
[2026-06-16T01:35:11.508+0000] {logging_mixin.py:188} INFO - [2026-06-16T01:35:11.507+0000] {dag.py:3823} INFO - Setting next_dagrun for tutorial_objectstorage to None, run_after=None
[2026-06-16T01:35:11.555+0000] {processor.py:183} INFO - Processing /home/airflow/.local/lib/python3.8/site-packages/airflow/example_dags/tutorial_objectstorage.py took 0.165 seconds
[2026-06-16T01:35:41.860+0000] {processor.py:161} INFO - Started process (PID=3017) to work on /home/airflow/.local/lib/python3.8/site-packages/airflow/example_dags/tutorial_objectstorage.py
[2026-06-16T01:35:41.862+0000] {processor.py:830} INFO - Processing file /home/airflow/.local/lib/python3.8/site-packages/airflow/example_dags/tutorial_objectstorage.py for tasks to queue
[2026-06-16T01:35:41.866+0000] {logging_mixin.py:188} INFO - [2026-06-16T01:35:41.866+0000] {dagbag.py:538} INFO - Filling up the DagBag from /home/airflow/.local/lib/python3.8/site-packages/airflow/example_dags/tutorial_objectstorage.py
[2026-06-16T01:35:41.882+0000] {processor.py:840} INFO - DAG(s) 'tutorial_objectstorage' retrieved from /home/airflow/.local/lib/python3.8/site-packages/airflow/example_dags/tutorial_objectstorage.py
[2026-06-16T01:35:41.926+0000] {logging_mixin.py:188} INFO - [2026-06-16T01:35:41.926+0000] {dag.py:3036} INFO - Sync 1 DAGs
[2026-06-16T01:35:41.956+0000] {logging_mixin.py:188} INFO - [2026-06-16T01:35:41.956+0000] {dag.py:3823} INFO - Setting next_dagrun for tutorial_objectstorage to None, run_after=None
[2026-06-16T01:35:41.999+0000] {processor.py:183} INFO - Processing /home/airflow/.local/lib/python3.8/site-packages/airflow/example_dags/tutorial_objectstorage.py took 0.147 seconds
[2026-06-16T01:36:12.095+0000] {processor.py:161} INFO - Started process (PID=3073) to work on /home/airflow/.local/lib/python3.8/site-packages/airflow/example_dags/tutorial_objectstorage.py
[2026-06-16T01:36:12.097+0000] {processor.py:830} INFO - Processing file /home/airflow/.local/lib/python3.8/site-packages/airflow/example_dags/tutorial_objectstorage.py for tasks to queue
[2026-06-16T01:36:12.102+0000] {logging_mixin.py:188} INFO - [2026-06-16T01:36:12.101+0000] {dagbag.py:538} INFO - Filling up the DagBag from /home/airflow/.local/lib/python3.8/site-packages/airflow/example_dags/tutorial_objectstorage.py
[2026-06-16T01:36:12.119+0000] {processor.py:840} INFO - DAG(s) 'tutorial_objectstorage' retrieved from /home/airflow/.local/lib/python3.8/site-packages/airflow/example_dags/tutorial_objectstorage.py
[2026-06-16T01:36:12.172+0000] {logging_mixin.py:188} INFO - [2026-06-16T01:36:12.171+0000] {dag.py:3036} INFO - Sync 1 DAGs
[2026-06-16T01:36:12.205+0000] {logging_mixin.py:188} INFO - [2026-06-16T01:36:12.205+0000] {dag.py:3823} INFO - Setting next_dagrun for tutorial_objectstorage to None, run_after=None
[2026-06-16T01:36:12.264+0000] {processor.py:183} INFO - Processing /home/airflow/.local/lib/python3.8/site-packages/airflow/example_dags/tutorial_objectstorage.py took 0.177 seconds
[2026-06-16T01:36:42.746+0000] {processor.py:161} INFO - Started process (PID=3129) to work on /home/airflow/.local/lib/python3.8/site-packages/airflow/example_dags/tutorial_objectstorage.py
[2026-06-16T01:36:42.749+0000] {processor.py:830} INFO - Processing file /home/airflow/.local/lib/python3.8/site-packages/airflow/example_dags/tutorial_objectstorage.py for tasks to queue
[2026-06-16T01:36:42.753+0000] {logging_mixin.py:188} INFO - [2026-06-16T01:36:42.752+0000] {dagbag.py:538} INFO - Filling up the DagBag from /home/airflow/.local/lib/python3.8/site-packages/airflow/example_dags/tutorial_objectstorage.py
[2026-06-16T01:36:42.774+0000] {processor.py:840} INFO - DAG(s) 'tutorial_objectstorage' retrieved from /home/airflow/.local/lib/python3.8/site-packages/airflow/example_dags/tutorial_objectstorage.py
[2026-06-16T01:36:42.828+0000] {logging_mixin.py:188} INFO - [2026-06-16T01:36:42.827+0000] {dag.py:3036} INFO - Sync 1 DAGs
[2026-06-16T01:36:42.881+0000] {logging_mixin.py:188} INFO - [2026-06-16T01:36:42.881+0000] {dag.py:3823} INFO - Setting next_dagrun for tutorial_objectstorage to None, run_after=None
[2026-06-16T01:36:42.964+0000] {processor.py:183} INFO - Processing /home/airflow/.local/lib/python3.8/site-packages/airflow/example_dags/tutorial_objectstorage.py took 0.226 seconds
[2026-06-16T01:37:13.547+0000] {processor.py:161} INFO - Started process (PID=3185) to work on /home/airflow/.local/lib/python3.8/site-packages/airflow/example_dags/tutorial_objectstorage.py
[2026-06-16T01:37:13.549+0000] {processor.py:830} INFO - Processing file /home/airflow/.local/lib/python3.8/site-packages/airflow/example_dags/tutorial_objectstorage.py for tasks to queue
[2026-06-16T01:37:13.554+0000] {logging_mixin.py:188} INFO - [2026-06-16T01:37:13.553+0000] {dagbag.py:538} INFO - Filling up the DagBag from /home/airflow/.local/lib/python3.8/site-packages/airflow/example_dags/tutorial_objectstorage.py
[2026-06-16T01:37:13.575+0000] {processor.py:840} INFO - DAG(s) 'tutorial_objectstorage' retrieved from /home/airflow/.local/lib/python3.8/site-packages/airflow/example_dags/tutorial_objectstorage.py
[2026-06-16T01:37:13.646+0000] {logging_mixin.py:188} INFO - [2026-06-16T01:37:13.646+0000] {dag.py:3036} INFO - Sync 1 DAGs
[2026-06-16T01:37:13.689+0000] {logging_mixin.py:188} INFO - [2026-06-16T01:37:13.689+0000] {dag.py:3823} INFO - Setting next_dagrun for tutorial_objectstorage to None, run_after=None
[2026-06-16T01:37:13.745+0000] {processor.py:183} INFO - Processing /home/airflow/.local/lib/python3.8/site-packages/airflow/example_dags/tutorial_objectstorage.py took 0.209 seconds
[2026-06-16T01:37:44.174+0000] {processor.py:161} INFO - Started process (PID=3240) to work on /home/airflow/.local/lib/python3.8/site-packages/airflow/example_dags/tutorial_objectstorage.py
[2026-06-16T01:37:44.177+0000] {processor.py:830} INFO - Processing file /home/airflow/.local/lib/python3.8/site-packages/airflow/example_dags/tutorial_objectstorage.py for tasks to queue
[2026-06-16T01:37:44.185+0000] {logging_mixin.py:188} INFO - [2026-06-16T01:37:44.184+0000] {dagbag.py:538} INFO - Filling up the DagBag from /home/airflow/.local/lib/python3.8/site-packages/airflow/example_dags/tutorial_objectstorage.py
[2026-06-16T01:37:44.220+0000] {processor.py:840} INFO - DAG(s) 'tutorial_objectstorage' retrieved from /home/airflow/.local/lib/python3.8/site-packages/airflow/example_dags/tutorial_objectstorage.py
[2026-06-16T01:37:44.318+0000] {logging_mixin.py:188} INFO - [2026-06-16T01:37:44.316+0000] {dag.py:3036} INFO - Sync 1 DAGs
[2026-06-16T01:37:44.363+0000] {logging_mixin.py:188} INFO - [2026-06-16T01:37:44.363+0000] {dag.py:3823} INFO - Setting next_dagrun for tutorial_objectstorage to None, run_after=None
[2026-06-16T01:37:44.429+0000] {processor.py:183} INFO - Processing /home/airflow/.local/lib/python3.8/site-packages/airflow/example_dags/tutorial_objectstorage.py took 0.265 seconds
[2026-06-16T01:38:14.486+0000] {processor.py:161} INFO - Started process (PID=3295) to work on /home/airflow/.local/lib/python3.8/site-packages/airflow/example_dags/tutorial_objectstorage.py
[2026-06-16T01:38:14.488+0000] {processor.py:830} INFO - Processing file /home/airflow/.local/lib/python3.8/site-packages/airflow/example_dags/tutorial_objectstorage.py for tasks to queue
[2026-06-16T01:38:14.493+0000] {logging_mixin.py:188} INFO - [2026-06-16T01:38:14.492+0000] {dagbag.py:538} INFO - Filling up the DagBag from /home/airflow/.local/lib/python3.8/site-packages/airflow/example_dags/tutorial_objectstorage.py
[2026-06-16T01:38:14.517+0000] {processor.py:840} INFO - DAG(s) 'tutorial_objectstorage' retrieved from /home/airflow/.local/lib/python3.8/site-packages/airflow/example_dags/tutorial_objectstorage.py
[2026-06-16T01:38:14.586+0000] {logging_mixin.py:188} INFO - [2026-06-16T01:38:14.585+0000] {dag.py:3036} INFO - Sync 1 DAGs
[2026-06-16T01:38:14.626+0000] {logging_mixin.py:188} INFO - [2026-06-16T01:38:14.625+0000] {dag.py:3823} INFO - Setting next_dagrun for tutorial_objectstorage to None, run_after=None
[2026-06-16T01:38:14.706+0000] {processor.py:183} INFO - Processing /home/airflow/.local/lib/python3.8/site-packages/airflow/example_dags/tutorial_objectstorage.py took 0.229 seconds
