[2026-06-16T01:08:35.498+0000] {processor.py:161} INFO - Started process (PID=121) to work on /home/airflow/.local/lib/python3.8/site-packages/airflow/example_dags/tutorial_taskflow_api.py
[2026-06-16T01:08:35.501+0000] {processor.py:830} INFO - Processing file /home/airflow/.local/lib/python3.8/site-packages/airflow/example_dags/tutorial_taskflow_api.py for tasks to queue
[2026-06-16T01:08:35.514+0000] {logging_mixin.py:188} INFO - [2026-06-16T01:08:35.513+0000] {dagbag.py:538} INFO - Filling up the DagBag from /home/airflow/.local/lib/python3.8/site-packages/airflow/example_dags/tutorial_taskflow_api.py
[2026-06-16T01:08:35.578+0000] {processor.py:840} INFO - DAG(s) 'tutorial_taskflow_api' retrieved from /home/airflow/.local/lib/python3.8/site-packages/airflow/example_dags/tutorial_taskflow_api.py
[2026-06-16T01:08:36.390+0000] {logging_mixin.py:188} INFO - [2026-06-16T01:08:36.390+0000] {dag.py:3036} INFO - Sync 1 DAGs
[2026-06-16T01:08:36.434+0000] {logging_mixin.py:188} INFO - [2026-06-16T01:08:36.434+0000] {dag.py:3823} INFO - Setting next_dagrun for tutorial_taskflow_api to None, run_after=None
[2026-06-16T01:08:36.555+0000] {processor.py:183} INFO - Processing /home/airflow/.local/lib/python3.8/site-packages/airflow/example_dags/tutorial_taskflow_api.py took 1.071 seconds
[2026-06-16T01:09:09.049+0000] {processor.py:161} INFO - Started process (PID=177) to work on /home/airflow/.local/lib/python3.8/site-packages/airflow/example_dags/tutorial_taskflow_api.py
[2026-06-16T01:09:09.052+0000] {processor.py:830} INFO - Processing file /home/airflow/.local/lib/python3.8/site-packages/airflow/example_dags/tutorial_taskflow_api.py for tasks to queue
[2026-06-16T01:09:09.057+0000] {logging_mixin.py:188} INFO - [2026-06-16T01:09:09.056+0000] {dagbag.py:538} INFO - Filling up the DagBag from /home/airflow/.local/lib/python3.8/site-packages/airflow/example_dags/tutorial_taskflow_api.py
[2026-06-16T01:09:09.082+0000] {processor.py:840} INFO - DAG(s) 'tutorial_taskflow_api' retrieved from /home/airflow/.local/lib/python3.8/site-packages/airflow/example_dags/tutorial_taskflow_api.py
[2026-06-16T01:09:09.211+0000] {logging_mixin.py:188} INFO - [2026-06-16T01:09:09.210+0000] {dag.py:3036} INFO - Sync 1 DAGs
[2026-06-16T01:09:09.259+0000] {logging_mixin.py:188} INFO - [2026-06-16T01:09:09.258+0000] {dag.py:3823} INFO - Setting next_dagrun for tutorial_taskflow_api to None, run_after=None
[2026-06-16T01:09:09.547+0000] {processor.py:183} INFO - Processing /home/airflow/.local/lib/python3.8/site-packages/airflow/example_dags/tutorial_taskflow_api.py took 0.508 seconds
[2026-06-16T01:09:42.787+0000] {processor.py:161} INFO - Started process (PID=233) to work on /home/airflow/.local/lib/python3.8/site-packages/airflow/example_dags/tutorial_taskflow_api.py
[2026-06-16T01:09:42.791+0000] {processor.py:830} INFO - Processing file /home/airflow/.local/lib/python3.8/site-packages/airflow/example_dags/tutorial_taskflow_api.py for tasks to queue
[2026-06-16T01:09:42.801+0000] {logging_mixin.py:188} INFO - [2026-06-16T01:09:42.799+0000] {dagbag.py:538} INFO - Filling up the DagBag from /home/airflow/.local/lib/python3.8/site-packages/airflow/example_dags/tutorial_taskflow_api.py
[2026-06-16T01:09:42.843+0000] {processor.py:840} INFO - DAG(s) 'tutorial_taskflow_api' retrieved from /home/airflow/.local/lib/python3.8/site-packages/airflow/example_dags/tutorial_taskflow_api.py
[2026-06-16T01:09:42.957+0000] {logging_mixin.py:188} INFO - [2026-06-16T01:09:42.956+0000] {dag.py:3036} INFO - Sync 1 DAGs
[2026-06-16T01:09:43.013+0000] {logging_mixin.py:188} INFO - [2026-06-16T01:09:43.012+0000] {dag.py:3823} INFO - Setting next_dagrun for tutorial_taskflow_api to None, run_after=None
[2026-06-16T01:09:43.296+0000] {processor.py:183} INFO - Processing /home/airflow/.local/lib/python3.8/site-packages/airflow/example_dags/tutorial_taskflow_api.py took 0.521 seconds
[2026-06-16T01:10:13.666+0000] {processor.py:161} INFO - Started process (PID=289) to work on /home/airflow/.local/lib/python3.8/site-packages/airflow/example_dags/tutorial_taskflow_api.py
[2026-06-16T01:10:13.671+0000] {processor.py:830} INFO - Processing file /home/airflow/.local/lib/python3.8/site-packages/airflow/example_dags/tutorial_taskflow_api.py for tasks to queue
[2026-06-16T01:10:13.680+0000] {logging_mixin.py:188} INFO - [2026-06-16T01:10:13.679+0000] {dagbag.py:538} INFO - Filling up the DagBag from /home/airflow/.local/lib/python3.8/site-packages/airflow/example_dags/tutorial_taskflow_api.py
[2026-06-16T01:10:13.704+0000] {processor.py:840} INFO - DAG(s) 'tutorial_taskflow_api' retrieved from /home/airflow/.local/lib/python3.8/site-packages/airflow/example_dags/tutorial_taskflow_api.py
[2026-06-16T01:10:13.770+0000] {logging_mixin.py:188} INFO - [2026-06-16T01:10:13.769+0000] {dag.py:3036} INFO - Sync 1 DAGs
[2026-06-16T01:10:13.843+0000] {logging_mixin.py:188} INFO - [2026-06-16T01:10:13.840+0000] {dag.py:3823} INFO - Setting next_dagrun for tutorial_taskflow_api to None, run_after=None
[2026-06-16T01:10:13.927+0000] {processor.py:183} INFO - Processing /home/airflow/.local/lib/python3.8/site-packages/airflow/example_dags/tutorial_taskflow_api.py took 0.272 seconds
[2026-06-16T01:10:47.031+0000] {processor.py:161} INFO - Started process (PID=346) to work on /home/airflow/.local/lib/python3.8/site-packages/airflow/example_dags/tutorial_taskflow_api.py
[2026-06-16T01:10:47.037+0000] {processor.py:830} INFO - Processing file /home/airflow/.local/lib/python3.8/site-packages/airflow/example_dags/tutorial_taskflow_api.py for tasks to queue
[2026-06-16T01:10:47.047+0000] {logging_mixin.py:188} INFO - [2026-06-16T01:10:47.046+0000] {dagbag.py:538} INFO - Filling up the DagBag from /home/airflow/.local/lib/python3.8/site-packages/airflow/example_dags/tutorial_taskflow_api.py
[2026-06-16T01:10:47.072+0000] {processor.py:840} INFO - DAG(s) 'tutorial_taskflow_api' retrieved from /home/airflow/.local/lib/python3.8/site-packages/airflow/example_dags/tutorial_taskflow_api.py
[2026-06-16T01:10:47.157+0000] {logging_mixin.py:188} INFO - [2026-06-16T01:10:47.157+0000] {dag.py:3036} INFO - Sync 1 DAGs
[2026-06-16T01:10:47.215+0000] {logging_mixin.py:188} INFO - [2026-06-16T01:10:47.214+0000] {dag.py:3823} INFO - Setting next_dagrun for tutorial_taskflow_api to None, run_after=None
[2026-06-16T01:10:47.298+0000] {processor.py:183} INFO - Processing /home/airflow/.local/lib/python3.8/site-packages/airflow/example_dags/tutorial_taskflow_api.py took 0.280 seconds
[2026-06-16T01:11:18.881+0000] {processor.py:161} INFO - Started process (PID=402) to work on /home/airflow/.local/lib/python3.8/site-packages/airflow/example_dags/tutorial_taskflow_api.py
[2026-06-16T01:11:18.886+0000] {processor.py:830} INFO - Processing file /home/airflow/.local/lib/python3.8/site-packages/airflow/example_dags/tutorial_taskflow_api.py for tasks to queue
[2026-06-16T01:11:18.892+0000] {logging_mixin.py:188} INFO - [2026-06-16T01:11:18.891+0000] {dagbag.py:538} INFO - Filling up the DagBag from /home/airflow/.local/lib/python3.8/site-packages/airflow/example_dags/tutorial_taskflow_api.py
[2026-06-16T01:11:18.925+0000] {processor.py:840} INFO - DAG(s) 'tutorial_taskflow_api' retrieved from /home/airflow/.local/lib/python3.8/site-packages/airflow/example_dags/tutorial_taskflow_api.py
[2026-06-16T01:11:19.030+0000] {logging_mixin.py:188} INFO - [2026-06-16T01:11:19.030+0000] {dag.py:3036} INFO - Sync 1 DAGs
[2026-06-16T01:11:19.089+0000] {logging_mixin.py:188} INFO - [2026-06-16T01:11:19.088+0000] {dag.py:3823} INFO - Setting next_dagrun for tutorial_taskflow_api to None, run_after=None
[2026-06-16T01:11:19.177+0000] {processor.py:183} INFO - Processing /home/airflow/.local/lib/python3.8/site-packages/airflow/example_dags/tutorial_taskflow_api.py took 0.312 seconds
[2026-06-16T01:11:50.331+0000] {processor.py:161} INFO - Started process (PID=458) to work on /home/airflow/.local/lib/python3.8/site-packages/airflow/example_dags/tutorial_taskflow_api.py
[2026-06-16T01:11:50.335+0000] {processor.py:830} INFO - Processing file /home/airflow/.local/lib/python3.8/site-packages/airflow/example_dags/tutorial_taskflow_api.py for tasks to queue
[2026-06-16T01:11:50.340+0000] {logging_mixin.py:188} INFO - [2026-06-16T01:11:50.339+0000] {dagbag.py:538} INFO - Filling up the DagBag from /home/airflow/.local/lib/python3.8/site-packages/airflow/example_dags/tutorial_taskflow_api.py
[2026-06-16T01:11:50.370+0000] {processor.py:840} INFO - DAG(s) 'tutorial_taskflow_api' retrieved from /home/airflow/.local/lib/python3.8/site-packages/airflow/example_dags/tutorial_taskflow_api.py
[2026-06-16T01:11:50.474+0000] {logging_mixin.py:188} INFO - [2026-06-16T01:11:50.472+0000] {dag.py:3036} INFO - Sync 1 DAGs
[2026-06-16T01:11:50.536+0000] {logging_mixin.py:188} INFO - [2026-06-16T01:11:50.536+0000] {dag.py:3823} INFO - Setting next_dagrun for tutorial_taskflow_api to None, run_after=None
[2026-06-16T01:11:50.708+0000] {processor.py:183} INFO - Processing /home/airflow/.local/lib/python3.8/site-packages/airflow/example_dags/tutorial_taskflow_api.py took 0.388 seconds
[2026-06-16T01:12:21.138+0000] {processor.py:161} INFO - Started process (PID=512) to work on /home/airflow/.local/lib/python3.8/site-packages/airflow/example_dags/tutorial_taskflow_api.py
[2026-06-16T01:12:21.145+0000] {processor.py:830} INFO - Processing file /home/airflow/.local/lib/python3.8/site-packages/airflow/example_dags/tutorial_taskflow_api.py for tasks to queue
[2026-06-16T01:12:21.168+0000] {logging_mixin.py:188} INFO - [2026-06-16T01:12:21.159+0000] {dagbag.py:538} INFO - Filling up the DagBag from /home/airflow/.local/lib/python3.8/site-packages/airflow/example_dags/tutorial_taskflow_api.py
[2026-06-16T01:12:21.272+0000] {processor.py:840} INFO - DAG(s) 'tutorial_taskflow_api' retrieved from /home/airflow/.local/lib/python3.8/site-packages/airflow/example_dags/tutorial_taskflow_api.py
[2026-06-16T01:12:21.379+0000] {logging_mixin.py:188} INFO - [2026-06-16T01:12:21.378+0000] {dag.py:3036} INFO - Sync 1 DAGs
[2026-06-16T01:12:21.430+0000] {logging_mixin.py:188} INFO - [2026-06-16T01:12:21.429+0000] {dag.py:3823} INFO - Setting next_dagrun for tutorial_taskflow_api to None, run_after=None
[2026-06-16T01:12:21.510+0000] {processor.py:183} INFO - Processing /home/airflow/.local/lib/python3.8/site-packages/airflow/example_dags/tutorial_taskflow_api.py took 0.407 seconds
[2026-06-16T01:12:52.468+0000] {processor.py:161} INFO - Started process (PID=568) to work on /home/airflow/.local/lib/python3.8/site-packages/airflow/example_dags/tutorial_taskflow_api.py
[2026-06-16T01:12:52.472+0000] {processor.py:830} INFO - Processing file /home/airflow/.local/lib/python3.8/site-packages/airflow/example_dags/tutorial_taskflow_api.py for tasks to queue
[2026-06-16T01:12:52.479+0000] {logging_mixin.py:188} INFO - [2026-06-16T01:12:52.478+0000] {dagbag.py:538} INFO - Filling up the DagBag from /home/airflow/.local/lib/python3.8/site-packages/airflow/example_dags/tutorial_taskflow_api.py
[2026-06-16T01:12:52.527+0000] {processor.py:840} INFO - DAG(s) 'tutorial_taskflow_api' retrieved from /home/airflow/.local/lib/python3.8/site-packages/airflow/example_dags/tutorial_taskflow_api.py
[2026-06-16T01:12:52.625+0000] {logging_mixin.py:188} INFO - [2026-06-16T01:12:52.624+0000] {dag.py:3036} INFO - Sync 1 DAGs
[2026-06-16T01:12:52.678+0000] {logging_mixin.py:188} INFO - [2026-06-16T01:12:52.677+0000] {dag.py:3823} INFO - Setting next_dagrun for tutorial_taskflow_api to None, run_after=None
[2026-06-16T01:12:52.795+0000] {processor.py:183} INFO - Processing /home/airflow/.local/lib/python3.8/site-packages/airflow/example_dags/tutorial_taskflow_api.py took 0.342 seconds
[2026-06-16T01:13:24.083+0000] {processor.py:161} INFO - Started process (PID=624) to work on /home/airflow/.local/lib/python3.8/site-packages/airflow/example_dags/tutorial_taskflow_api.py
[2026-06-16T01:13:24.087+0000] {processor.py:830} INFO - Processing file /home/airflow/.local/lib/python3.8/site-packages/airflow/example_dags/tutorial_taskflow_api.py for tasks to queue
[2026-06-16T01:13:24.100+0000] {logging_mixin.py:188} INFO - [2026-06-16T01:13:24.099+0000] {dagbag.py:538} INFO - Filling up the DagBag from /home/airflow/.local/lib/python3.8/site-packages/airflow/example_dags/tutorial_taskflow_api.py
[2026-06-16T01:13:24.130+0000] {processor.py:840} INFO - DAG(s) 'tutorial_taskflow_api' retrieved from /home/airflow/.local/lib/python3.8/site-packages/airflow/example_dags/tutorial_taskflow_api.py
[2026-06-16T01:13:24.197+0000] {logging_mixin.py:188} INFO - [2026-06-16T01:13:24.197+0000] {dag.py:3036} INFO - Sync 1 DAGs
[2026-06-16T01:13:24.246+0000] {logging_mixin.py:188} INFO - [2026-06-16T01:13:24.245+0000] {dag.py:3823} INFO - Setting next_dagrun for tutorial_taskflow_api to None, run_after=None
[2026-06-16T01:13:24.349+0000] {processor.py:183} INFO - Processing /home/airflow/.local/lib/python3.8/site-packages/airflow/example_dags/tutorial_taskflow_api.py took 0.280 seconds
[2026-06-16T01:13:55.465+0000] {processor.py:161} INFO - Started process (PID=680) to work on /home/airflow/.local/lib/python3.8/site-packages/airflow/example_dags/tutorial_taskflow_api.py
[2026-06-16T01:13:55.469+0000] {processor.py:830} INFO - Processing file /home/airflow/.local/lib/python3.8/site-packages/airflow/example_dags/tutorial_taskflow_api.py for tasks to queue
[2026-06-16T01:13:55.480+0000] {logging_mixin.py:188} INFO - [2026-06-16T01:13:55.480+0000] {dagbag.py:538} INFO - Filling up the DagBag from /home/airflow/.local/lib/python3.8/site-packages/airflow/example_dags/tutorial_taskflow_api.py
[2026-06-16T01:13:55.505+0000] {processor.py:840} INFO - DAG(s) 'tutorial_taskflow_api' retrieved from /home/airflow/.local/lib/python3.8/site-packages/airflow/example_dags/tutorial_taskflow_api.py
[2026-06-16T01:13:55.605+0000] {logging_mixin.py:188} INFO - [2026-06-16T01:13:55.604+0000] {dag.py:3036} INFO - Sync 1 DAGs
[2026-06-16T01:13:55.653+0000] {logging_mixin.py:188} INFO - [2026-06-16T01:13:55.653+0000] {dag.py:3823} INFO - Setting next_dagrun for tutorial_taskflow_api to None, run_after=None
[2026-06-16T01:13:55.749+0000] {processor.py:183} INFO - Processing /home/airflow/.local/lib/python3.8/site-packages/airflow/example_dags/tutorial_taskflow_api.py took 0.294 seconds
[2026-06-16T01:14:27.740+0000] {processor.py:161} INFO - Started process (PID=735) to work on /home/airflow/.local/lib/python3.8/site-packages/airflow/example_dags/tutorial_taskflow_api.py
[2026-06-16T01:14:27.745+0000] {processor.py:830} INFO - Processing file /home/airflow/.local/lib/python3.8/site-packages/airflow/example_dags/tutorial_taskflow_api.py for tasks to queue
[2026-06-16T01:14:27.756+0000] {logging_mixin.py:188} INFO - [2026-06-16T01:14:27.751+0000] {dagbag.py:538} INFO - Filling up the DagBag from /home/airflow/.local/lib/python3.8/site-packages/airflow/example_dags/tutorial_taskflow_api.py
[2026-06-16T01:14:27.785+0000] {processor.py:840} INFO - DAG(s) 'tutorial_taskflow_api' retrieved from /home/airflow/.local/lib/python3.8/site-packages/airflow/example_dags/tutorial_taskflow_api.py
[2026-06-16T01:14:28.050+0000] {logging_mixin.py:188} INFO - [2026-06-16T01:14:28.049+0000] {dag.py:3036} INFO - Sync 1 DAGs
[2026-06-16T01:14:28.134+0000] {logging_mixin.py:188} INFO - [2026-06-16T01:14:28.134+0000] {dag.py:3823} INFO - Setting next_dagrun for tutorial_taskflow_api to None, run_after=None
[2026-06-16T01:14:28.252+0000] {processor.py:183} INFO - Processing /home/airflow/.local/lib/python3.8/site-packages/airflow/example_dags/tutorial_taskflow_api.py took 0.521 seconds
[2026-06-16T01:14:58.886+0000] {processor.py:161} INFO - Started process (PID=791) to work on /home/airflow/.local/lib/python3.8/site-packages/airflow/example_dags/tutorial_taskflow_api.py
[2026-06-16T01:14:58.895+0000] {processor.py:830} INFO - Processing file /home/airflow/.local/lib/python3.8/site-packages/airflow/example_dags/tutorial_taskflow_api.py for tasks to queue
[2026-06-16T01:14:58.908+0000] {logging_mixin.py:188} INFO - [2026-06-16T01:14:58.908+0000] {dagbag.py:538} INFO - Filling up the DagBag from /home/airflow/.local/lib/python3.8/site-packages/airflow/example_dags/tutorial_taskflow_api.py
[2026-06-16T01:14:58.942+0000] {processor.py:840} INFO - DAG(s) 'tutorial_taskflow_api' retrieved from /home/airflow/.local/lib/python3.8/site-packages/airflow/example_dags/tutorial_taskflow_api.py
[2026-06-16T01:14:59.045+0000] {logging_mixin.py:188} INFO - [2026-06-16T01:14:59.045+0000] {dag.py:3036} INFO - Sync 1 DAGs
[2026-06-16T01:14:59.110+0000] {logging_mixin.py:188} INFO - [2026-06-16T01:14:59.110+0000] {dag.py:3823} INFO - Setting next_dagrun for tutorial_taskflow_api to None, run_after=None
[2026-06-16T01:14:59.193+0000] {processor.py:183} INFO - Processing /home/airflow/.local/lib/python3.8/site-packages/airflow/example_dags/tutorial_taskflow_api.py took 0.320 seconds
[2026-06-16T01:15:30.120+0000] {processor.py:161} INFO - Started process (PID=847) to work on /home/airflow/.local/lib/python3.8/site-packages/airflow/example_dags/tutorial_taskflow_api.py
[2026-06-16T01:15:30.124+0000] {processor.py:830} INFO - Processing file /home/airflow/.local/lib/python3.8/site-packages/airflow/example_dags/tutorial_taskflow_api.py for tasks to queue
[2026-06-16T01:15:30.135+0000] {logging_mixin.py:188} INFO - [2026-06-16T01:15:30.134+0000] {dagbag.py:538} INFO - Filling up the DagBag from /home/airflow/.local/lib/python3.8/site-packages/airflow/example_dags/tutorial_taskflow_api.py
[2026-06-16T01:15:30.162+0000] {processor.py:840} INFO - DAG(s) 'tutorial_taskflow_api' retrieved from /home/airflow/.local/lib/python3.8/site-packages/airflow/example_dags/tutorial_taskflow_api.py
[2026-06-16T01:15:30.247+0000] {logging_mixin.py:188} INFO - [2026-06-16T01:15:30.246+0000] {dag.py:3036} INFO - Sync 1 DAGs
[2026-06-16T01:15:30.304+0000] {logging_mixin.py:188} INFO - [2026-06-16T01:15:30.302+0000] {dag.py:3823} INFO - Setting next_dagrun for tutorial_taskflow_api to None, run_after=None
[2026-06-16T01:15:30.393+0000] {processor.py:183} INFO - Processing /home/airflow/.local/lib/python3.8/site-packages/airflow/example_dags/tutorial_taskflow_api.py took 0.287 seconds
[2026-06-16T01:16:05.691+0000] {processor.py:161} INFO - Started process (PID=903) to work on /home/airflow/.local/lib/python3.8/site-packages/airflow/example_dags/tutorial_taskflow_api.py
[2026-06-16T01:16:05.699+0000] {processor.py:830} INFO - Processing file /home/airflow/.local/lib/python3.8/site-packages/airflow/example_dags/tutorial_taskflow_api.py for tasks to queue
[2026-06-16T01:16:06.177+0000] {logging_mixin.py:188} INFO - [2026-06-16T01:16:06.175+0000] {dagbag.py:538} INFO - Filling up the DagBag from /home/airflow/.local/lib/python3.8/site-packages/airflow/example_dags/tutorial_taskflow_api.py
[2026-06-16T01:16:06.330+0000] {processor.py:840} INFO - DAG(s) 'tutorial_taskflow_api' retrieved from /home/airflow/.local/lib/python3.8/site-packages/airflow/example_dags/tutorial_taskflow_api.py
[2026-06-16T01:16:07.141+0000] {logging_mixin.py:188} INFO - [2026-06-16T01:16:07.141+0000] {dag.py:3036} INFO - Sync 1 DAGs
[2026-06-16T01:16:07.253+0000] {logging_mixin.py:188} INFO - [2026-06-16T01:16:07.250+0000] {dag.py:3823} INFO - Setting next_dagrun for tutorial_taskflow_api to None, run_after=None
[2026-06-16T01:16:07.485+0000] {processor.py:183} INFO - Processing /home/airflow/.local/lib/python3.8/site-packages/airflow/example_dags/tutorial_taskflow_api.py took 1.804 seconds
[2026-06-16T01:16:39.943+0000] {processor.py:161} INFO - Started process (PID=958) to work on /home/airflow/.local/lib/python3.8/site-packages/airflow/example_dags/tutorial_taskflow_api.py
[2026-06-16T01:16:39.946+0000] {processor.py:830} INFO - Processing file /home/airflow/.local/lib/python3.8/site-packages/airflow/example_dags/tutorial_taskflow_api.py for tasks to queue
[2026-06-16T01:16:39.952+0000] {logging_mixin.py:188} INFO - [2026-06-16T01:16:39.951+0000] {dagbag.py:538} INFO - Filling up the DagBag from /home/airflow/.local/lib/python3.8/site-packages/airflow/example_dags/tutorial_taskflow_api.py
[2026-06-16T01:16:40.020+0000] {processor.py:840} INFO - DAG(s) 'tutorial_taskflow_api' retrieved from /home/airflow/.local/lib/python3.8/site-packages/airflow/example_dags/tutorial_taskflow_api.py
[2026-06-16T01:16:40.166+0000] {logging_mixin.py:188} INFO - [2026-06-16T01:16:40.165+0000] {dag.py:3036} INFO - Sync 1 DAGs
[2026-06-16T01:16:40.219+0000] {logging_mixin.py:188} INFO - [2026-06-16T01:16:40.218+0000] {dag.py:3823} INFO - Setting next_dagrun for tutorial_taskflow_api to None, run_after=None
[2026-06-16T01:16:40.365+0000] {processor.py:183} INFO - Processing /home/airflow/.local/lib/python3.8/site-packages/airflow/example_dags/tutorial_taskflow_api.py took 0.431 seconds
[2026-06-16T01:17:13.152+0000] {processor.py:161} INFO - Started process (PID=1019) to work on /home/airflow/.local/lib/python3.8/site-packages/airflow/example_dags/tutorial_taskflow_api.py
[2026-06-16T01:17:13.156+0000] {processor.py:830} INFO - Processing file /home/airflow/.local/lib/python3.8/site-packages/airflow/example_dags/tutorial_taskflow_api.py for tasks to queue
[2026-06-16T01:17:13.166+0000] {logging_mixin.py:188} INFO - [2026-06-16T01:17:13.165+0000] {dagbag.py:538} INFO - Filling up the DagBag from /home/airflow/.local/lib/python3.8/site-packages/airflow/example_dags/tutorial_taskflow_api.py
[2026-06-16T01:17:13.185+0000] {processor.py:840} INFO - DAG(s) 'tutorial_taskflow_api' retrieved from /home/airflow/.local/lib/python3.8/site-packages/airflow/example_dags/tutorial_taskflow_api.py
[2026-06-16T01:17:13.331+0000] {logging_mixin.py:188} INFO - [2026-06-16T01:17:13.331+0000] {dag.py:3036} INFO - Sync 1 DAGs
[2026-06-16T01:17:13.425+0000] {logging_mixin.py:188} INFO - [2026-06-16T01:17:13.424+0000] {dag.py:3823} INFO - Setting next_dagrun for tutorial_taskflow_api to None, run_after=None
[2026-06-16T01:17:13.592+0000] {processor.py:183} INFO - Processing /home/airflow/.local/lib/python3.8/site-packages/airflow/example_dags/tutorial_taskflow_api.py took 0.450 seconds
[2026-06-16T01:17:44.192+0000] {processor.py:161} INFO - Started process (PID=1075) to work on /home/airflow/.local/lib/python3.8/site-packages/airflow/example_dags/tutorial_taskflow_api.py
[2026-06-16T01:17:44.200+0000] {processor.py:830} INFO - Processing file /home/airflow/.local/lib/python3.8/site-packages/airflow/example_dags/tutorial_taskflow_api.py for tasks to queue
[2026-06-16T01:17:44.207+0000] {logging_mixin.py:188} INFO - [2026-06-16T01:17:44.207+0000] {dagbag.py:538} INFO - Filling up the DagBag from /home/airflow/.local/lib/python3.8/site-packages/airflow/example_dags/tutorial_taskflow_api.py
[2026-06-16T01:17:44.236+0000] {processor.py:840} INFO - DAG(s) 'tutorial_taskflow_api' retrieved from /home/airflow/.local/lib/python3.8/site-packages/airflow/example_dags/tutorial_taskflow_api.py
[2026-06-16T01:17:44.341+0000] {logging_mixin.py:188} INFO - [2026-06-16T01:17:44.340+0000] {dag.py:3036} INFO - Sync 1 DAGs
[2026-06-16T01:17:44.385+0000] {logging_mixin.py:188} INFO - [2026-06-16T01:17:44.383+0000] {dag.py:3823} INFO - Setting next_dagrun for tutorial_taskflow_api to None, run_after=None
[2026-06-16T01:17:44.455+0000] {processor.py:183} INFO - Processing /home/airflow/.local/lib/python3.8/site-packages/airflow/example_dags/tutorial_taskflow_api.py took 0.275 seconds
[2026-06-16T01:18:15.018+0000] {processor.py:161} INFO - Started process (PID=1131) to work on /home/airflow/.local/lib/python3.8/site-packages/airflow/example_dags/tutorial_taskflow_api.py
[2026-06-16T01:18:15.021+0000] {processor.py:830} INFO - Processing file /home/airflow/.local/lib/python3.8/site-packages/airflow/example_dags/tutorial_taskflow_api.py for tasks to queue
[2026-06-16T01:18:15.033+0000] {logging_mixin.py:188} INFO - [2026-06-16T01:18:15.032+0000] {dagbag.py:538} INFO - Filling up the DagBag from /home/airflow/.local/lib/python3.8/site-packages/airflow/example_dags/tutorial_taskflow_api.py
[2026-06-16T01:18:15.067+0000] {processor.py:840} INFO - DAG(s) 'tutorial_taskflow_api' retrieved from /home/airflow/.local/lib/python3.8/site-packages/airflow/example_dags/tutorial_taskflow_api.py
[2026-06-16T01:18:15.154+0000] {logging_mixin.py:188} INFO - [2026-06-16T01:18:15.153+0000] {dag.py:3036} INFO - Sync 1 DAGs
[2026-06-16T01:18:15.226+0000] {logging_mixin.py:188} INFO - [2026-06-16T01:18:15.225+0000] {dag.py:3823} INFO - Setting next_dagrun for tutorial_taskflow_api to None, run_after=None
[2026-06-16T01:18:15.404+0000] {processor.py:183} INFO - Processing /home/airflow/.local/lib/python3.8/site-packages/airflow/example_dags/tutorial_taskflow_api.py took 0.401 seconds
[2026-06-16T01:18:47.499+0000] {processor.py:161} INFO - Started process (PID=1188) to work on /home/airflow/.local/lib/python3.8/site-packages/airflow/example_dags/tutorial_taskflow_api.py
[2026-06-16T01:18:47.503+0000] {processor.py:830} INFO - Processing file /home/airflow/.local/lib/python3.8/site-packages/airflow/example_dags/tutorial_taskflow_api.py for tasks to queue
[2026-06-16T01:18:47.512+0000] {logging_mixin.py:188} INFO - [2026-06-16T01:18:47.511+0000] {dagbag.py:538} INFO - Filling up the DagBag from /home/airflow/.local/lib/python3.8/site-packages/airflow/example_dags/tutorial_taskflow_api.py
[2026-06-16T01:18:47.537+0000] {processor.py:840} INFO - DAG(s) 'tutorial_taskflow_api' retrieved from /home/airflow/.local/lib/python3.8/site-packages/airflow/example_dags/tutorial_taskflow_api.py
[2026-06-16T01:18:47.615+0000] {logging_mixin.py:188} INFO - [2026-06-16T01:18:47.614+0000] {dag.py:3036} INFO - Sync 1 DAGs
[2026-06-16T01:18:47.682+0000] {logging_mixin.py:188} INFO - [2026-06-16T01:18:47.680+0000] {dag.py:3823} INFO - Setting next_dagrun for tutorial_taskflow_api to None, run_after=None
[2026-06-16T01:18:47.877+0000] {processor.py:183} INFO - Processing /home/airflow/.local/lib/python3.8/site-packages/airflow/example_dags/tutorial_taskflow_api.py took 0.392 seconds
[2026-06-16T01:19:18.618+0000] {processor.py:161} INFO - Started process (PID=1244) to work on /home/airflow/.local/lib/python3.8/site-packages/airflow/example_dags/tutorial_taskflow_api.py
[2026-06-16T01:19:18.639+0000] {processor.py:830} INFO - Processing file /home/airflow/.local/lib/python3.8/site-packages/airflow/example_dags/tutorial_taskflow_api.py for tasks to queue
[2026-06-16T01:19:18.671+0000] {logging_mixin.py:188} INFO - [2026-06-16T01:19:18.664+0000] {dagbag.py:538} INFO - Filling up the DagBag from /home/airflow/.local/lib/python3.8/site-packages/airflow/example_dags/tutorial_taskflow_api.py
[2026-06-16T01:19:18.711+0000] {processor.py:840} INFO - DAG(s) 'tutorial_taskflow_api' retrieved from /home/airflow/.local/lib/python3.8/site-packages/airflow/example_dags/tutorial_taskflow_api.py
[2026-06-16T01:19:18.801+0000] {logging_mixin.py:188} INFO - [2026-06-16T01:19:18.801+0000] {dag.py:3036} INFO - Sync 1 DAGs
[2026-06-16T01:19:18.857+0000] {logging_mixin.py:188} INFO - [2026-06-16T01:19:18.856+0000] {dag.py:3823} INFO - Setting next_dagrun for tutorial_taskflow_api to None, run_after=None
[2026-06-16T01:19:18.945+0000] {processor.py:183} INFO - Processing /home/airflow/.local/lib/python3.8/site-packages/airflow/example_dags/tutorial_taskflow_api.py took 0.336 seconds
[2026-06-16T01:19:49.345+0000] {processor.py:161} INFO - Started process (PID=1299) to work on /home/airflow/.local/lib/python3.8/site-packages/airflow/example_dags/tutorial_taskflow_api.py
[2026-06-16T01:19:49.348+0000] {processor.py:830} INFO - Processing file /home/airflow/.local/lib/python3.8/site-packages/airflow/example_dags/tutorial_taskflow_api.py for tasks to queue
[2026-06-16T01:19:49.370+0000] {logging_mixin.py:188} INFO - [2026-06-16T01:19:49.369+0000] {dagbag.py:538} INFO - Filling up the DagBag from /home/airflow/.local/lib/python3.8/site-packages/airflow/example_dags/tutorial_taskflow_api.py
[2026-06-16T01:19:49.393+0000] {processor.py:840} INFO - DAG(s) 'tutorial_taskflow_api' retrieved from /home/airflow/.local/lib/python3.8/site-packages/airflow/example_dags/tutorial_taskflow_api.py
[2026-06-16T01:19:49.567+0000] {logging_mixin.py:188} INFO - [2026-06-16T01:19:49.565+0000] {dag.py:3036} INFO - Sync 1 DAGs
[2026-06-16T01:19:49.629+0000] {logging_mixin.py:188} INFO - [2026-06-16T01:19:49.628+0000] {dag.py:3823} INFO - Setting next_dagrun for tutorial_taskflow_api to None, run_after=None
[2026-06-16T01:19:49.698+0000] {processor.py:183} INFO - Processing /home/airflow/.local/lib/python3.8/site-packages/airflow/example_dags/tutorial_taskflow_api.py took 0.364 seconds
[2026-06-16T01:20:20.156+0000] {processor.py:161} INFO - Started process (PID=1355) to work on /home/airflow/.local/lib/python3.8/site-packages/airflow/example_dags/tutorial_taskflow_api.py
[2026-06-16T01:20:20.161+0000] {processor.py:830} INFO - Processing file /home/airflow/.local/lib/python3.8/site-packages/airflow/example_dags/tutorial_taskflow_api.py for tasks to queue
[2026-06-16T01:20:20.167+0000] {logging_mixin.py:188} INFO - [2026-06-16T01:20:20.166+0000] {dagbag.py:538} INFO - Filling up the DagBag from /home/airflow/.local/lib/python3.8/site-packages/airflow/example_dags/tutorial_taskflow_api.py
[2026-06-16T01:20:20.192+0000] {processor.py:840} INFO - DAG(s) 'tutorial_taskflow_api' retrieved from /home/airflow/.local/lib/python3.8/site-packages/airflow/example_dags/tutorial_taskflow_api.py
[2026-06-16T01:20:20.337+0000] {logging_mixin.py:188} INFO - [2026-06-16T01:20:20.336+0000] {dag.py:3036} INFO - Sync 1 DAGs
[2026-06-16T01:20:20.422+0000] {logging_mixin.py:188} INFO - [2026-06-16T01:20:20.422+0000] {dag.py:3823} INFO - Setting next_dagrun for tutorial_taskflow_api to None, run_after=None
[2026-06-16T01:20:20.511+0000] {processor.py:183} INFO - Processing /home/airflow/.local/lib/python3.8/site-packages/airflow/example_dags/tutorial_taskflow_api.py took 0.370 seconds
[2026-06-16T01:20:51.106+0000] {processor.py:161} INFO - Started process (PID=1409) to work on /home/airflow/.local/lib/python3.8/site-packages/airflow/example_dags/tutorial_taskflow_api.py
[2026-06-16T01:20:51.111+0000] {processor.py:830} INFO - Processing file /home/airflow/.local/lib/python3.8/site-packages/airflow/example_dags/tutorial_taskflow_api.py for tasks to queue
[2026-06-16T01:20:51.137+0000] {logging_mixin.py:188} INFO - [2026-06-16T01:20:51.135+0000] {dagbag.py:538} INFO - Filling up the DagBag from /home/airflow/.local/lib/python3.8/site-packages/airflow/example_dags/tutorial_taskflow_api.py
[2026-06-16T01:20:51.193+0000] {processor.py:840} INFO - DAG(s) 'tutorial_taskflow_api' retrieved from /home/airflow/.local/lib/python3.8/site-packages/airflow/example_dags/tutorial_taskflow_api.py
[2026-06-16T01:20:51.283+0000] {logging_mixin.py:188} INFO - [2026-06-16T01:20:51.282+0000] {dag.py:3036} INFO - Sync 1 DAGs
[2026-06-16T01:20:51.331+0000] {logging_mixin.py:188} INFO - [2026-06-16T01:20:51.331+0000] {dag.py:3823} INFO - Setting next_dagrun for tutorial_taskflow_api to None, run_after=None
[2026-06-16T01:20:51.610+0000] {processor.py:183} INFO - Processing /home/airflow/.local/lib/python3.8/site-packages/airflow/example_dags/tutorial_taskflow_api.py took 0.533 seconds
[2026-06-16T01:21:21.710+0000] {processor.py:161} INFO - Started process (PID=1465) to work on /home/airflow/.local/lib/python3.8/site-packages/airflow/example_dags/tutorial_taskflow_api.py
[2026-06-16T01:21:21.726+0000] {processor.py:830} INFO - Processing file /home/airflow/.local/lib/python3.8/site-packages/airflow/example_dags/tutorial_taskflow_api.py for tasks to queue
[2026-06-16T01:21:21.734+0000] {logging_mixin.py:188} INFO - [2026-06-16T01:21:21.733+0000] {dagbag.py:538} INFO - Filling up the DagBag from /home/airflow/.local/lib/python3.8/site-packages/airflow/example_dags/tutorial_taskflow_api.py
[2026-06-16T01:21:21.753+0000] {processor.py:840} INFO - DAG(s) 'tutorial_taskflow_api' retrieved from /home/airflow/.local/lib/python3.8/site-packages/airflow/example_dags/tutorial_taskflow_api.py
[2026-06-16T01:21:21.841+0000] {logging_mixin.py:188} INFO - [2026-06-16T01:21:21.841+0000] {dag.py:3036} INFO - Sync 1 DAGs
[2026-06-16T01:21:22.105+0000] {logging_mixin.py:188} INFO - [2026-06-16T01:21:22.104+0000] {dag.py:3823} INFO - Setting next_dagrun for tutorial_taskflow_api to None, run_after=None
[2026-06-16T01:21:22.201+0000] {processor.py:183} INFO - Processing /home/airflow/.local/lib/python3.8/site-packages/airflow/example_dags/tutorial_taskflow_api.py took 0.532 seconds
[2026-06-16T01:21:52.461+0000] {processor.py:161} INFO - Started process (PID=1522) to work on /home/airflow/.local/lib/python3.8/site-packages/airflow/example_dags/tutorial_taskflow_api.py
[2026-06-16T01:21:52.466+0000] {processor.py:830} INFO - Processing file /home/airflow/.local/lib/python3.8/site-packages/airflow/example_dags/tutorial_taskflow_api.py for tasks to queue
[2026-06-16T01:21:52.471+0000] {logging_mixin.py:188} INFO - [2026-06-16T01:21:52.471+0000] {dagbag.py:538} INFO - Filling up the DagBag from /home/airflow/.local/lib/python3.8/site-packages/airflow/example_dags/tutorial_taskflow_api.py
[2026-06-16T01:21:52.500+0000] {processor.py:840} INFO - DAG(s) 'tutorial_taskflow_api' retrieved from /home/airflow/.local/lib/python3.8/site-packages/airflow/example_dags/tutorial_taskflow_api.py
[2026-06-16T01:21:52.612+0000] {logging_mixin.py:188} INFO - [2026-06-16T01:21:52.611+0000] {dag.py:3036} INFO - Sync 1 DAGs
[2026-06-16T01:21:52.680+0000] {logging_mixin.py:188} INFO - [2026-06-16T01:21:52.680+0000] {dag.py:3823} INFO - Setting next_dagrun for tutorial_taskflow_api to None, run_after=None
[2026-06-16T01:21:52.833+0000] {processor.py:183} INFO - Processing /home/airflow/.local/lib/python3.8/site-packages/airflow/example_dags/tutorial_taskflow_api.py took 0.383 seconds
[2026-06-16T01:22:23.701+0000] {processor.py:161} INFO - Started process (PID=1578) to work on /home/airflow/.local/lib/python3.8/site-packages/airflow/example_dags/tutorial_taskflow_api.py
[2026-06-16T01:22:23.705+0000] {processor.py:830} INFO - Processing file /home/airflow/.local/lib/python3.8/site-packages/airflow/example_dags/tutorial_taskflow_api.py for tasks to queue
[2026-06-16T01:22:23.713+0000] {logging_mixin.py:188} INFO - [2026-06-16T01:22:23.712+0000] {dagbag.py:538} INFO - Filling up the DagBag from /home/airflow/.local/lib/python3.8/site-packages/airflow/example_dags/tutorial_taskflow_api.py
[2026-06-16T01:22:23.744+0000] {processor.py:840} INFO - DAG(s) 'tutorial_taskflow_api' retrieved from /home/airflow/.local/lib/python3.8/site-packages/airflow/example_dags/tutorial_taskflow_api.py
[2026-06-16T01:22:23.881+0000] {logging_mixin.py:188} INFO - [2026-06-16T01:22:23.880+0000] {dag.py:3036} INFO - Sync 1 DAGs
[2026-06-16T01:22:24.047+0000] {logging_mixin.py:188} INFO - [2026-06-16T01:22:24.046+0000] {dag.py:3823} INFO - Setting next_dagrun for tutorial_taskflow_api to None, run_after=None
[2026-06-16T01:22:24.142+0000] {processor.py:183} INFO - Processing /home/airflow/.local/lib/python3.8/site-packages/airflow/example_dags/tutorial_taskflow_api.py took 0.454 seconds
[2026-06-16T01:22:54.285+0000] {processor.py:161} INFO - Started process (PID=1634) to work on /home/airflow/.local/lib/python3.8/site-packages/airflow/example_dags/tutorial_taskflow_api.py
[2026-06-16T01:22:54.288+0000] {processor.py:830} INFO - Processing file /home/airflow/.local/lib/python3.8/site-packages/airflow/example_dags/tutorial_taskflow_api.py for tasks to queue
[2026-06-16T01:22:54.297+0000] {logging_mixin.py:188} INFO - [2026-06-16T01:22:54.296+0000] {dagbag.py:538} INFO - Filling up the DagBag from /home/airflow/.local/lib/python3.8/site-packages/airflow/example_dags/tutorial_taskflow_api.py
[2026-06-16T01:22:54.321+0000] {processor.py:840} INFO - DAG(s) 'tutorial_taskflow_api' retrieved from /home/airflow/.local/lib/python3.8/site-packages/airflow/example_dags/tutorial_taskflow_api.py
[2026-06-16T01:22:54.410+0000] {logging_mixin.py:188} INFO - [2026-06-16T01:22:54.409+0000] {dag.py:3036} INFO - Sync 1 DAGs
[2026-06-16T01:22:54.470+0000] {logging_mixin.py:188} INFO - [2026-06-16T01:22:54.469+0000] {dag.py:3823} INFO - Setting next_dagrun for tutorial_taskflow_api to None, run_after=None
[2026-06-16T01:22:54.620+0000] {processor.py:183} INFO - Processing /home/airflow/.local/lib/python3.8/site-packages/airflow/example_dags/tutorial_taskflow_api.py took 0.349 seconds
[2026-06-16T01:23:24.832+0000] {processor.py:161} INFO - Started process (PID=1688) to work on /home/airflow/.local/lib/python3.8/site-packages/airflow/example_dags/tutorial_taskflow_api.py
[2026-06-16T01:23:24.837+0000] {processor.py:830} INFO - Processing file /home/airflow/.local/lib/python3.8/site-packages/airflow/example_dags/tutorial_taskflow_api.py for tasks to queue
[2026-06-16T01:23:24.846+0000] {logging_mixin.py:188} INFO - [2026-06-16T01:23:24.844+0000] {dagbag.py:538} INFO - Filling up the DagBag from /home/airflow/.local/lib/python3.8/site-packages/airflow/example_dags/tutorial_taskflow_api.py
[2026-06-16T01:23:24.871+0000] {processor.py:840} INFO - DAG(s) 'tutorial_taskflow_api' retrieved from /home/airflow/.local/lib/python3.8/site-packages/airflow/example_dags/tutorial_taskflow_api.py
[2026-06-16T01:23:24.950+0000] {logging_mixin.py:188} INFO - [2026-06-16T01:23:24.950+0000] {dag.py:3036} INFO - Sync 1 DAGs
[2026-06-16T01:23:25.004+0000] {logging_mixin.py:188} INFO - [2026-06-16T01:23:25.003+0000] {dag.py:3823} INFO - Setting next_dagrun for tutorial_taskflow_api to None, run_after=None
[2026-06-16T01:23:25.082+0000] {processor.py:183} INFO - Processing /home/airflow/.local/lib/python3.8/site-packages/airflow/example_dags/tutorial_taskflow_api.py took 0.264 seconds
[2026-06-16T01:23:55.841+0000] {processor.py:161} INFO - Started process (PID=1744) to work on /home/airflow/.local/lib/python3.8/site-packages/airflow/example_dags/tutorial_taskflow_api.py
[2026-06-16T01:23:55.845+0000] {processor.py:830} INFO - Processing file /home/airflow/.local/lib/python3.8/site-packages/airflow/example_dags/tutorial_taskflow_api.py for tasks to queue
[2026-06-16T01:23:55.849+0000] {logging_mixin.py:188} INFO - [2026-06-16T01:23:55.849+0000] {dagbag.py:538} INFO - Filling up the DagBag from /home/airflow/.local/lib/python3.8/site-packages/airflow/example_dags/tutorial_taskflow_api.py
[2026-06-16T01:23:55.868+0000] {processor.py:840} INFO - DAG(s) 'tutorial_taskflow_api' retrieved from /home/airflow/.local/lib/python3.8/site-packages/airflow/example_dags/tutorial_taskflow_api.py
[2026-06-16T01:23:55.942+0000] {logging_mixin.py:188} INFO - [2026-06-16T01:23:55.942+0000] {dag.py:3036} INFO - Sync 1 DAGs
[2026-06-16T01:23:55.983+0000] {logging_mixin.py:188} INFO - [2026-06-16T01:23:55.982+0000] {dag.py:3823} INFO - Setting next_dagrun for tutorial_taskflow_api to None, run_after=None
[2026-06-16T01:23:56.138+0000] {processor.py:183} INFO - Processing /home/airflow/.local/lib/python3.8/site-packages/airflow/example_dags/tutorial_taskflow_api.py took 0.305 seconds
[2026-06-16T01:24:26.546+0000] {processor.py:161} INFO - Started process (PID=1801) to work on /home/airflow/.local/lib/python3.8/site-packages/airflow/example_dags/tutorial_taskflow_api.py
[2026-06-16T01:24:26.549+0000] {processor.py:830} INFO - Processing file /home/airflow/.local/lib/python3.8/site-packages/airflow/example_dags/tutorial_taskflow_api.py for tasks to queue
[2026-06-16T01:24:26.557+0000] {logging_mixin.py:188} INFO - [2026-06-16T01:24:26.555+0000] {dagbag.py:538} INFO - Filling up the DagBag from /home/airflow/.local/lib/python3.8/site-packages/airflow/example_dags/tutorial_taskflow_api.py
[2026-06-16T01:24:26.571+0000] {processor.py:840} INFO - DAG(s) 'tutorial_taskflow_api' retrieved from /home/airflow/.local/lib/python3.8/site-packages/airflow/example_dags/tutorial_taskflow_api.py
[2026-06-16T01:24:26.618+0000] {logging_mixin.py:188} INFO - [2026-06-16T01:24:26.617+0000] {dag.py:3036} INFO - Sync 1 DAGs
[2026-06-16T01:24:26.653+0000] {logging_mixin.py:188} INFO - [2026-06-16T01:24:26.653+0000] {dag.py:3823} INFO - Setting next_dagrun for tutorial_taskflow_api to None, run_after=None
[2026-06-16T01:24:26.716+0000] {processor.py:183} INFO - Processing /home/airflow/.local/lib/python3.8/site-packages/airflow/example_dags/tutorial_taskflow_api.py took 0.181 seconds
[2026-06-16T01:24:57.204+0000] {processor.py:161} INFO - Started process (PID=1857) to work on /home/airflow/.local/lib/python3.8/site-packages/airflow/example_dags/tutorial_taskflow_api.py
[2026-06-16T01:24:57.205+0000] {processor.py:830} INFO - Processing file /home/airflow/.local/lib/python3.8/site-packages/airflow/example_dags/tutorial_taskflow_api.py for tasks to queue
[2026-06-16T01:24:57.209+0000] {logging_mixin.py:188} INFO - [2026-06-16T01:24:57.209+0000] {dagbag.py:538} INFO - Filling up the DagBag from /home/airflow/.local/lib/python3.8/site-packages/airflow/example_dags/tutorial_taskflow_api.py
[2026-06-16T01:24:57.221+0000] {processor.py:840} INFO - DAG(s) 'tutorial_taskflow_api' retrieved from /home/airflow/.local/lib/python3.8/site-packages/airflow/example_dags/tutorial_taskflow_api.py
[2026-06-16T01:24:57.278+0000] {logging_mixin.py:188} INFO - [2026-06-16T01:24:57.278+0000] {dag.py:3036} INFO - Sync 1 DAGs
[2026-06-16T01:24:57.314+0000] {logging_mixin.py:188} INFO - [2026-06-16T01:24:57.309+0000] {dag.py:3823} INFO - Setting next_dagrun for tutorial_taskflow_api to None, run_after=None
[2026-06-16T01:24:57.358+0000] {processor.py:183} INFO - Processing /home/airflow/.local/lib/python3.8/site-packages/airflow/example_dags/tutorial_taskflow_api.py took 0.161 seconds
[2026-06-16T01:25:27.670+0000] {processor.py:161} INFO - Started process (PID=1913) to work on /home/airflow/.local/lib/python3.8/site-packages/airflow/example_dags/tutorial_taskflow_api.py
[2026-06-16T01:25:27.672+0000] {processor.py:830} INFO - Processing file /home/airflow/.local/lib/python3.8/site-packages/airflow/example_dags/tutorial_taskflow_api.py for tasks to queue
[2026-06-16T01:25:27.677+0000] {logging_mixin.py:188} INFO - [2026-06-16T01:25:27.676+0000] {dagbag.py:538} INFO - Filling up the DagBag from /home/airflow/.local/lib/python3.8/site-packages/airflow/example_dags/tutorial_taskflow_api.py
[2026-06-16T01:25:27.690+0000] {processor.py:840} INFO - DAG(s) 'tutorial_taskflow_api' retrieved from /home/airflow/.local/lib/python3.8/site-packages/airflow/example_dags/tutorial_taskflow_api.py
[2026-06-16T01:25:27.733+0000] {logging_mixin.py:188} INFO - [2026-06-16T01:25:27.732+0000] {dag.py:3036} INFO - Sync 1 DAGs
[2026-06-16T01:25:27.761+0000] {logging_mixin.py:188} INFO - [2026-06-16T01:25:27.761+0000] {dag.py:3823} INFO - Setting next_dagrun for tutorial_taskflow_api to None, run_after=None
[2026-06-16T01:25:27.825+0000] {processor.py:183} INFO - Processing /home/airflow/.local/lib/python3.8/site-packages/airflow/example_dags/tutorial_taskflow_api.py took 0.163 seconds
[2026-06-16T01:25:58.543+0000] {processor.py:161} INFO - Started process (PID=1969) to work on /home/airflow/.local/lib/python3.8/site-packages/airflow/example_dags/tutorial_taskflow_api.py
[2026-06-16T01:25:58.545+0000] {processor.py:830} INFO - Processing file /home/airflow/.local/lib/python3.8/site-packages/airflow/example_dags/tutorial_taskflow_api.py for tasks to queue
[2026-06-16T01:25:58.550+0000] {logging_mixin.py:188} INFO - [2026-06-16T01:25:58.549+0000] {dagbag.py:538} INFO - Filling up the DagBag from /home/airflow/.local/lib/python3.8/site-packages/airflow/example_dags/tutorial_taskflow_api.py
[2026-06-16T01:25:58.566+0000] {processor.py:840} INFO - DAG(s) 'tutorial_taskflow_api' retrieved from /home/airflow/.local/lib/python3.8/site-packages/airflow/example_dags/tutorial_taskflow_api.py
[2026-06-16T01:25:58.618+0000] {logging_mixin.py:188} INFO - [2026-06-16T01:25:58.618+0000] {dag.py:3036} INFO - Sync 1 DAGs
[2026-06-16T01:25:58.643+0000] {logging_mixin.py:188} INFO - [2026-06-16T01:25:58.643+0000] {dag.py:3823} INFO - Setting next_dagrun for tutorial_taskflow_api to None, run_after=None
[2026-06-16T01:25:58.682+0000] {processor.py:183} INFO - Processing /home/airflow/.local/lib/python3.8/site-packages/airflow/example_dags/tutorial_taskflow_api.py took 0.151 seconds
[2026-06-16T01:26:34.399+0000] {processor.py:161} INFO - Started process (PID=2019) to work on /home/airflow/.local/lib/python3.8/site-packages/airflow/example_dags/tutorial_taskflow_api.py
[2026-06-16T01:26:34.402+0000] {processor.py:830} INFO - Processing file /home/airflow/.local/lib/python3.8/site-packages/airflow/example_dags/tutorial_taskflow_api.py for tasks to queue
[2026-06-16T01:26:34.408+0000] {logging_mixin.py:188} INFO - [2026-06-16T01:26:34.407+0000] {dagbag.py:538} INFO - Filling up the DagBag from /home/airflow/.local/lib/python3.8/site-packages/airflow/example_dags/tutorial_taskflow_api.py
[2026-06-16T01:26:34.426+0000] {processor.py:840} INFO - DAG(s) 'tutorial_taskflow_api' retrieved from /home/airflow/.local/lib/python3.8/site-packages/airflow/example_dags/tutorial_taskflow_api.py
[2026-06-16T01:26:34.490+0000] {logging_mixin.py:188} INFO - [2026-06-16T01:26:34.489+0000] {dag.py:3036} INFO - Sync 1 DAGs
[2026-06-16T01:26:34.532+0000] {logging_mixin.py:188} INFO - [2026-06-16T01:26:34.532+0000] {dag.py:3823} INFO - Setting next_dagrun for tutorial_taskflow_api to None, run_after=None
[2026-06-16T01:26:34.590+0000] {processor.py:183} INFO - Processing /home/airflow/.local/lib/python3.8/site-packages/airflow/example_dags/tutorial_taskflow_api.py took 0.199 seconds
[2026-06-16T01:27:06.215+0000] {processor.py:161} INFO - Started process (PID=2075) to work on /home/airflow/.local/lib/python3.8/site-packages/airflow/example_dags/tutorial_taskflow_api.py
[2026-06-16T01:27:06.218+0000] {processor.py:830} INFO - Processing file /home/airflow/.local/lib/python3.8/site-packages/airflow/example_dags/tutorial_taskflow_api.py for tasks to queue
[2026-06-16T01:27:06.226+0000] {logging_mixin.py:188} INFO - [2026-06-16T01:27:06.225+0000] {dagbag.py:538} INFO - Filling up the DagBag from /home/airflow/.local/lib/python3.8/site-packages/airflow/example_dags/tutorial_taskflow_api.py
[2026-06-16T01:27:06.250+0000] {processor.py:840} INFO - DAG(s) 'tutorial_taskflow_api' retrieved from /home/airflow/.local/lib/python3.8/site-packages/airflow/example_dags/tutorial_taskflow_api.py
[2026-06-16T01:27:06.446+0000] {logging_mixin.py:188} INFO - [2026-06-16T01:27:06.445+0000] {dag.py:3036} INFO - Sync 1 DAGs
[2026-06-16T01:27:06.536+0000] {logging_mixin.py:188} INFO - [2026-06-16T01:27:06.535+0000] {dag.py:3823} INFO - Setting next_dagrun for tutorial_taskflow_api to None, run_after=None
[2026-06-16T01:27:06.680+0000] {processor.py:183} INFO - Processing /home/airflow/.local/lib/python3.8/site-packages/airflow/example_dags/tutorial_taskflow_api.py took 0.474 seconds
[2026-06-16T01:27:37.145+0000] {processor.py:161} INFO - Started process (PID=2131) to work on /home/airflow/.local/lib/python3.8/site-packages/airflow/example_dags/tutorial_taskflow_api.py
[2026-06-16T01:27:37.151+0000] {processor.py:830} INFO - Processing file /home/airflow/.local/lib/python3.8/site-packages/airflow/example_dags/tutorial_taskflow_api.py for tasks to queue
[2026-06-16T01:27:37.160+0000] {logging_mixin.py:188} INFO - [2026-06-16T01:27:37.159+0000] {dagbag.py:538} INFO - Filling up the DagBag from /home/airflow/.local/lib/python3.8/site-packages/airflow/example_dags/tutorial_taskflow_api.py
[2026-06-16T01:27:37.183+0000] {processor.py:840} INFO - DAG(s) 'tutorial_taskflow_api' retrieved from /home/airflow/.local/lib/python3.8/site-packages/airflow/example_dags/tutorial_taskflow_api.py
[2026-06-16T01:27:37.255+0000] {logging_mixin.py:188} INFO - [2026-06-16T01:27:37.254+0000] {dag.py:3036} INFO - Sync 1 DAGs
[2026-06-16T01:27:37.301+0000] {logging_mixin.py:188} INFO - [2026-06-16T01:27:37.300+0000] {dag.py:3823} INFO - Setting next_dagrun for tutorial_taskflow_api to None, run_after=None
[2026-06-16T01:27:37.376+0000] {processor.py:183} INFO - Processing /home/airflow/.local/lib/python3.8/site-packages/airflow/example_dags/tutorial_taskflow_api.py took 0.239 seconds
[2026-06-16T01:28:08.050+0000] {processor.py:161} INFO - Started process (PID=2187) to work on /home/airflow/.local/lib/python3.8/site-packages/airflow/example_dags/tutorial_taskflow_api.py
[2026-06-16T01:28:08.052+0000] {processor.py:830} INFO - Processing file /home/airflow/.local/lib/python3.8/site-packages/airflow/example_dags/tutorial_taskflow_api.py for tasks to queue
[2026-06-16T01:28:08.058+0000] {logging_mixin.py:188} INFO - [2026-06-16T01:28:08.056+0000] {dagbag.py:538} INFO - Filling up the DagBag from /home/airflow/.local/lib/python3.8/site-packages/airflow/example_dags/tutorial_taskflow_api.py
[2026-06-16T01:28:08.074+0000] {processor.py:840} INFO - DAG(s) 'tutorial_taskflow_api' retrieved from /home/airflow/.local/lib/python3.8/site-packages/airflow/example_dags/tutorial_taskflow_api.py
[2026-06-16T01:28:08.131+0000] {logging_mixin.py:188} INFO - [2026-06-16T01:28:08.130+0000] {dag.py:3036} INFO - Sync 1 DAGs
[2026-06-16T01:28:08.180+0000] {logging_mixin.py:188} INFO - [2026-06-16T01:28:08.179+0000] {dag.py:3823} INFO - Setting next_dagrun for tutorial_taskflow_api to None, run_after=None
[2026-06-16T01:28:08.301+0000] {processor.py:183} INFO - Processing /home/airflow/.local/lib/python3.8/site-packages/airflow/example_dags/tutorial_taskflow_api.py took 0.259 seconds
[2026-06-16T01:28:38.907+0000] {processor.py:161} INFO - Started process (PID=2244) to work on /home/airflow/.local/lib/python3.8/site-packages/airflow/example_dags/tutorial_taskflow_api.py
[2026-06-16T01:28:38.909+0000] {processor.py:830} INFO - Processing file /home/airflow/.local/lib/python3.8/site-packages/airflow/example_dags/tutorial_taskflow_api.py for tasks to queue
[2026-06-16T01:28:38.917+0000] {logging_mixin.py:188} INFO - [2026-06-16T01:28:38.914+0000] {dagbag.py:538} INFO - Filling up the DagBag from /home/airflow/.local/lib/python3.8/site-packages/airflow/example_dags/tutorial_taskflow_api.py
[2026-06-16T01:28:38.940+0000] {processor.py:840} INFO - DAG(s) 'tutorial_taskflow_api' retrieved from /home/airflow/.local/lib/python3.8/site-packages/airflow/example_dags/tutorial_taskflow_api.py
[2026-06-16T01:28:38.993+0000] {logging_mixin.py:188} INFO - [2026-06-16T01:28:38.992+0000] {dag.py:3036} INFO - Sync 1 DAGs
[2026-06-16T01:28:39.028+0000] {logging_mixin.py:188} INFO - [2026-06-16T01:28:39.028+0000] {dag.py:3823} INFO - Setting next_dagrun for tutorial_taskflow_api to None, run_after=None
[2026-06-16T01:28:39.105+0000] {processor.py:183} INFO - Processing /home/airflow/.local/lib/python3.8/site-packages/airflow/example_dags/tutorial_taskflow_api.py took 0.208 seconds
[2026-06-16T01:29:10.086+0000] {processor.py:161} INFO - Started process (PID=2300) to work on /home/airflow/.local/lib/python3.8/site-packages/airflow/example_dags/tutorial_taskflow_api.py
[2026-06-16T01:29:10.088+0000] {processor.py:830} INFO - Processing file /home/airflow/.local/lib/python3.8/site-packages/airflow/example_dags/tutorial_taskflow_api.py for tasks to queue
[2026-06-16T01:29:10.098+0000] {logging_mixin.py:188} INFO - [2026-06-16T01:29:10.097+0000] {dagbag.py:538} INFO - Filling up the DagBag from /home/airflow/.local/lib/python3.8/site-packages/airflow/example_dags/tutorial_taskflow_api.py
[2026-06-16T01:29:10.146+0000] {processor.py:840} INFO - DAG(s) 'tutorial_taskflow_api' retrieved from /home/airflow/.local/lib/python3.8/site-packages/airflow/example_dags/tutorial_taskflow_api.py
[2026-06-16T01:29:10.224+0000] {logging_mixin.py:188} INFO - [2026-06-16T01:29:10.223+0000] {dag.py:3036} INFO - Sync 1 DAGs
[2026-06-16T01:29:10.302+0000] {logging_mixin.py:188} INFO - [2026-06-16T01:29:10.302+0000] {dag.py:3823} INFO - Setting next_dagrun for tutorial_taskflow_api to None, run_after=None
[2026-06-16T01:29:10.371+0000] {processor.py:183} INFO - Processing /home/airflow/.local/lib/python3.8/site-packages/airflow/example_dags/tutorial_taskflow_api.py took 0.309 seconds
[2026-06-16T01:29:41.105+0000] {processor.py:161} INFO - Started process (PID=2356) to work on /home/airflow/.local/lib/python3.8/site-packages/airflow/example_dags/tutorial_taskflow_api.py
[2026-06-16T01:29:41.107+0000] {processor.py:830} INFO - Processing file /home/airflow/.local/lib/python3.8/site-packages/airflow/example_dags/tutorial_taskflow_api.py for tasks to queue
[2026-06-16T01:29:41.111+0000] {logging_mixin.py:188} INFO - [2026-06-16T01:29:41.110+0000] {dagbag.py:538} INFO - Filling up the DagBag from /home/airflow/.local/lib/python3.8/site-packages/airflow/example_dags/tutorial_taskflow_api.py
[2026-06-16T01:29:41.125+0000] {processor.py:840} INFO - DAG(s) 'tutorial_taskflow_api' retrieved from /home/airflow/.local/lib/python3.8/site-packages/airflow/example_dags/tutorial_taskflow_api.py
[2026-06-16T01:29:41.174+0000] {logging_mixin.py:188} INFO - [2026-06-16T01:29:41.172+0000] {dag.py:3036} INFO - Sync 1 DAGs
[2026-06-16T01:29:41.211+0000] {logging_mixin.py:188} INFO - [2026-06-16T01:29:41.211+0000] {dag.py:3823} INFO - Setting next_dagrun for tutorial_taskflow_api to None, run_after=None
[2026-06-16T01:29:41.255+0000] {processor.py:183} INFO - Processing /home/airflow/.local/lib/python3.8/site-packages/airflow/example_dags/tutorial_taskflow_api.py took 0.158 seconds
[2026-06-16T01:30:12.619+0000] {processor.py:161} INFO - Started process (PID=2412) to work on /home/airflow/.local/lib/python3.8/site-packages/airflow/example_dags/tutorial_taskflow_api.py
[2026-06-16T01:30:12.626+0000] {processor.py:830} INFO - Processing file /home/airflow/.local/lib/python3.8/site-packages/airflow/example_dags/tutorial_taskflow_api.py for tasks to queue
[2026-06-16T01:30:12.634+0000] {logging_mixin.py:188} INFO - [2026-06-16T01:30:12.633+0000] {dagbag.py:538} INFO - Filling up the DagBag from /home/airflow/.local/lib/python3.8/site-packages/airflow/example_dags/tutorial_taskflow_api.py
[2026-06-16T01:30:12.679+0000] {processor.py:840} INFO - DAG(s) 'tutorial_taskflow_api' retrieved from /home/airflow/.local/lib/python3.8/site-packages/airflow/example_dags/tutorial_taskflow_api.py
[2026-06-16T01:30:12.801+0000] {logging_mixin.py:188} INFO - [2026-06-16T01:30:12.801+0000] {dag.py:3036} INFO - Sync 1 DAGs
[2026-06-16T01:30:12.874+0000] {logging_mixin.py:188} INFO - [2026-06-16T01:30:12.873+0000] {dag.py:3823} INFO - Setting next_dagrun for tutorial_taskflow_api to None, run_after=None
[2026-06-16T01:30:12.939+0000] {processor.py:183} INFO - Processing /home/airflow/.local/lib/python3.8/site-packages/airflow/example_dags/tutorial_taskflow_api.py took 0.339 seconds
[2026-06-16T01:30:43.487+0000] {processor.py:161} INFO - Started process (PID=2468) to work on /home/airflow/.local/lib/python3.8/site-packages/airflow/example_dags/tutorial_taskflow_api.py
[2026-06-16T01:30:43.489+0000] {processor.py:830} INFO - Processing file /home/airflow/.local/lib/python3.8/site-packages/airflow/example_dags/tutorial_taskflow_api.py for tasks to queue
[2026-06-16T01:30:43.494+0000] {logging_mixin.py:188} INFO - [2026-06-16T01:30:43.494+0000] {dagbag.py:538} INFO - Filling up the DagBag from /home/airflow/.local/lib/python3.8/site-packages/airflow/example_dags/tutorial_taskflow_api.py
[2026-06-16T01:30:43.514+0000] {processor.py:840} INFO - DAG(s) 'tutorial_taskflow_api' retrieved from /home/airflow/.local/lib/python3.8/site-packages/airflow/example_dags/tutorial_taskflow_api.py
[2026-06-16T01:30:43.563+0000] {logging_mixin.py:188} INFO - [2026-06-16T01:30:43.562+0000] {dag.py:3036} INFO - Sync 1 DAGs
[2026-06-16T01:30:43.592+0000] {logging_mixin.py:188} INFO - [2026-06-16T01:30:43.592+0000] {dag.py:3823} INFO - Setting next_dagrun for tutorial_taskflow_api to None, run_after=None
[2026-06-16T01:30:43.632+0000] {processor.py:183} INFO - Processing /home/airflow/.local/lib/python3.8/site-packages/airflow/example_dags/tutorial_taskflow_api.py took 0.152 seconds
[2026-06-16T01:31:14.175+0000] {processor.py:161} INFO - Started process (PID=2524) to work on /home/airflow/.local/lib/python3.8/site-packages/airflow/example_dags/tutorial_taskflow_api.py
[2026-06-16T01:31:14.177+0000] {processor.py:830} INFO - Processing file /home/airflow/.local/lib/python3.8/site-packages/airflow/example_dags/tutorial_taskflow_api.py for tasks to queue
[2026-06-16T01:31:14.183+0000] {logging_mixin.py:188} INFO - [2026-06-16T01:31:14.182+0000] {dagbag.py:538} INFO - Filling up the DagBag from /home/airflow/.local/lib/python3.8/site-packages/airflow/example_dags/tutorial_taskflow_api.py
[2026-06-16T01:31:14.201+0000] {processor.py:840} INFO - DAG(s) 'tutorial_taskflow_api' retrieved from /home/airflow/.local/lib/python3.8/site-packages/airflow/example_dags/tutorial_taskflow_api.py
[2026-06-16T01:31:14.270+0000] {logging_mixin.py:188} INFO - [2026-06-16T01:31:14.270+0000] {dag.py:3036} INFO - Sync 1 DAGs
[2026-06-16T01:31:14.307+0000] {logging_mixin.py:188} INFO - [2026-06-16T01:31:14.306+0000] {dag.py:3823} INFO - Setting next_dagrun for tutorial_taskflow_api to None, run_after=None
[2026-06-16T01:31:14.357+0000] {processor.py:183} INFO - Processing /home/airflow/.local/lib/python3.8/site-packages/airflow/example_dags/tutorial_taskflow_api.py took 0.192 seconds
[2026-06-16T01:31:44.547+0000] {processor.py:161} INFO - Started process (PID=2580) to work on /home/airflow/.local/lib/python3.8/site-packages/airflow/example_dags/tutorial_taskflow_api.py
[2026-06-16T01:31:44.550+0000] {processor.py:830} INFO - Processing file /home/airflow/.local/lib/python3.8/site-packages/airflow/example_dags/tutorial_taskflow_api.py for tasks to queue
[2026-06-16T01:31:44.555+0000] {logging_mixin.py:188} INFO - [2026-06-16T01:31:44.554+0000] {dagbag.py:538} INFO - Filling up the DagBag from /home/airflow/.local/lib/python3.8/site-packages/airflow/example_dags/tutorial_taskflow_api.py
[2026-06-16T01:31:44.573+0000] {processor.py:840} INFO - DAG(s) 'tutorial_taskflow_api' retrieved from /home/airflow/.local/lib/python3.8/site-packages/airflow/example_dags/tutorial_taskflow_api.py
[2026-06-16T01:31:44.667+0000] {logging_mixin.py:188} INFO - [2026-06-16T01:31:44.667+0000] {dag.py:3036} INFO - Sync 1 DAGs
[2026-06-16T01:31:44.709+0000] {logging_mixin.py:188} INFO - [2026-06-16T01:31:44.702+0000] {dag.py:3823} INFO - Setting next_dagrun for tutorial_taskflow_api to None, run_after=None
[2026-06-16T01:31:44.777+0000] {processor.py:183} INFO - Processing /home/airflow/.local/lib/python3.8/site-packages/airflow/example_dags/tutorial_taskflow_api.py took 0.241 seconds
[2026-06-16T01:32:16.949+0000] {processor.py:161} INFO - Started process (PID=2641) to work on /home/airflow/.local/lib/python3.8/site-packages/airflow/example_dags/tutorial_taskflow_api.py
[2026-06-16T01:32:16.952+0000] {processor.py:830} INFO - Processing file /home/airflow/.local/lib/python3.8/site-packages/airflow/example_dags/tutorial_taskflow_api.py for tasks to queue
[2026-06-16T01:32:16.958+0000] {logging_mixin.py:188} INFO - [2026-06-16T01:32:16.957+0000] {dagbag.py:538} INFO - Filling up the DagBag from /home/airflow/.local/lib/python3.8/site-packages/airflow/example_dags/tutorial_taskflow_api.py
[2026-06-16T01:32:16.980+0000] {processor.py:840} INFO - DAG(s) 'tutorial_taskflow_api' retrieved from /home/airflow/.local/lib/python3.8/site-packages/airflow/example_dags/tutorial_taskflow_api.py
[2026-06-16T01:32:17.053+0000] {logging_mixin.py:188} INFO - [2026-06-16T01:32:17.053+0000] {dag.py:3036} INFO - Sync 1 DAGs
[2026-06-16T01:32:17.095+0000] {logging_mixin.py:188} INFO - [2026-06-16T01:32:17.095+0000] {dag.py:3823} INFO - Setting next_dagrun for tutorial_taskflow_api to None, run_after=None
[2026-06-16T01:32:17.557+0000] {processor.py:183} INFO - Processing /home/airflow/.local/lib/python3.8/site-packages/airflow/example_dags/tutorial_taskflow_api.py took 0.617 seconds
[2026-06-16T01:32:47.835+0000] {processor.py:161} INFO - Started process (PID=2697) to work on /home/airflow/.local/lib/python3.8/site-packages/airflow/example_dags/tutorial_taskflow_api.py
[2026-06-16T01:32:47.838+0000] {processor.py:830} INFO - Processing file /home/airflow/.local/lib/python3.8/site-packages/airflow/example_dags/tutorial_taskflow_api.py for tasks to queue
[2026-06-16T01:32:47.843+0000] {logging_mixin.py:188} INFO - [2026-06-16T01:32:47.842+0000] {dagbag.py:538} INFO - Filling up the DagBag from /home/airflow/.local/lib/python3.8/site-packages/airflow/example_dags/tutorial_taskflow_api.py
[2026-06-16T01:32:47.862+0000] {processor.py:840} INFO - DAG(s) 'tutorial_taskflow_api' retrieved from /home/airflow/.local/lib/python3.8/site-packages/airflow/example_dags/tutorial_taskflow_api.py
[2026-06-16T01:32:47.907+0000] {logging_mixin.py:188} INFO - [2026-06-16T01:32:47.907+0000] {dag.py:3036} INFO - Sync 1 DAGs
[2026-06-16T01:32:47.941+0000] {logging_mixin.py:188} INFO - [2026-06-16T01:32:47.941+0000] {dag.py:3823} INFO - Setting next_dagrun for tutorial_taskflow_api to None, run_after=None
[2026-06-16T01:32:47.981+0000] {processor.py:183} INFO - Processing /home/airflow/.local/lib/python3.8/site-packages/airflow/example_dags/tutorial_taskflow_api.py took 0.156 seconds
[2026-06-16T01:33:18.405+0000] {processor.py:161} INFO - Started process (PID=2753) to work on /home/airflow/.local/lib/python3.8/site-packages/airflow/example_dags/tutorial_taskflow_api.py
[2026-06-16T01:33:18.407+0000] {processor.py:830} INFO - Processing file /home/airflow/.local/lib/python3.8/site-packages/airflow/example_dags/tutorial_taskflow_api.py for tasks to queue
[2026-06-16T01:33:18.411+0000] {logging_mixin.py:188} INFO - [2026-06-16T01:33:18.410+0000] {dagbag.py:538} INFO - Filling up the DagBag from /home/airflow/.local/lib/python3.8/site-packages/airflow/example_dags/tutorial_taskflow_api.py
[2026-06-16T01:33:18.426+0000] {processor.py:840} INFO - DAG(s) 'tutorial_taskflow_api' retrieved from /home/airflow/.local/lib/python3.8/site-packages/airflow/example_dags/tutorial_taskflow_api.py
[2026-06-16T01:33:18.476+0000] {logging_mixin.py:188} INFO - [2026-06-16T01:33:18.476+0000] {dag.py:3036} INFO - Sync 1 DAGs
[2026-06-16T01:33:18.512+0000] {logging_mixin.py:188} INFO - [2026-06-16T01:33:18.512+0000] {dag.py:3823} INFO - Setting next_dagrun for tutorial_taskflow_api to None, run_after=None
[2026-06-16T01:33:18.579+0000] {processor.py:183} INFO - Processing /home/airflow/.local/lib/python3.8/site-packages/airflow/example_dags/tutorial_taskflow_api.py took 0.181 seconds
[2026-06-16T01:33:48.621+0000] {processor.py:161} INFO - Started process (PID=2808) to work on /home/airflow/.local/lib/python3.8/site-packages/airflow/example_dags/tutorial_taskflow_api.py
[2026-06-16T01:33:48.625+0000] {processor.py:830} INFO - Processing file /home/airflow/.local/lib/python3.8/site-packages/airflow/example_dags/tutorial_taskflow_api.py for tasks to queue
[2026-06-16T01:33:48.631+0000] {logging_mixin.py:188} INFO - [2026-06-16T01:33:48.631+0000] {dagbag.py:538} INFO - Filling up the DagBag from /home/airflow/.local/lib/python3.8/site-packages/airflow/example_dags/tutorial_taskflow_api.py
[2026-06-16T01:33:48.655+0000] {processor.py:840} INFO - DAG(s) 'tutorial_taskflow_api' retrieved from /home/airflow/.local/lib/python3.8/site-packages/airflow/example_dags/tutorial_taskflow_api.py
[2026-06-16T01:33:48.733+0000] {logging_mixin.py:188} INFO - [2026-06-16T01:33:48.731+0000] {dag.py:3036} INFO - Sync 1 DAGs
[2026-06-16T01:33:48.777+0000] {logging_mixin.py:188} INFO - [2026-06-16T01:33:48.776+0000] {dag.py:3823} INFO - Setting next_dagrun for tutorial_taskflow_api to None, run_after=None
[2026-06-16T01:33:48.842+0000] {processor.py:183} INFO - Processing /home/airflow/.local/lib/python3.8/site-packages/airflow/example_dags/tutorial_taskflow_api.py took 0.230 seconds
[2026-06-16T01:34:19.587+0000] {processor.py:161} INFO - Started process (PID=2864) to work on /home/airflow/.local/lib/python3.8/site-packages/airflow/example_dags/tutorial_taskflow_api.py
[2026-06-16T01:34:19.591+0000] {processor.py:830} INFO - Processing file /home/airflow/.local/lib/python3.8/site-packages/airflow/example_dags/tutorial_taskflow_api.py for tasks to queue
[2026-06-16T01:34:19.598+0000] {logging_mixin.py:188} INFO - [2026-06-16T01:34:19.598+0000] {dagbag.py:538} INFO - Filling up the DagBag from /home/airflow/.local/lib/python3.8/site-packages/airflow/example_dags/tutorial_taskflow_api.py
[2026-06-16T01:34:19.624+0000] {processor.py:840} INFO - DAG(s) 'tutorial_taskflow_api' retrieved from /home/airflow/.local/lib/python3.8/site-packages/airflow/example_dags/tutorial_taskflow_api.py
[2026-06-16T01:34:19.718+0000] {logging_mixin.py:188} INFO - [2026-06-16T01:34:19.717+0000] {dag.py:3036} INFO - Sync 1 DAGs
[2026-06-16T01:34:19.777+0000] {logging_mixin.py:188} INFO - [2026-06-16T01:34:19.777+0000] {dag.py:3823} INFO - Setting next_dagrun for tutorial_taskflow_api to None, run_after=None
[2026-06-16T01:34:19.850+0000] {processor.py:183} INFO - Processing /home/airflow/.local/lib/python3.8/site-packages/airflow/example_dags/tutorial_taskflow_api.py took 0.274 seconds
[2026-06-16T01:34:50.344+0000] {processor.py:161} INFO - Started process (PID=2919) to work on /home/airflow/.local/lib/python3.8/site-packages/airflow/example_dags/tutorial_taskflow_api.py
[2026-06-16T01:34:50.348+0000] {processor.py:830} INFO - Processing file /home/airflow/.local/lib/python3.8/site-packages/airflow/example_dags/tutorial_taskflow_api.py for tasks to queue
[2026-06-16T01:34:50.354+0000] {logging_mixin.py:188} INFO - [2026-06-16T01:34:50.352+0000] {dagbag.py:538} INFO - Filling up the DagBag from /home/airflow/.local/lib/python3.8/site-packages/airflow/example_dags/tutorial_taskflow_api.py
[2026-06-16T01:34:50.373+0000] {processor.py:840} INFO - DAG(s) 'tutorial_taskflow_api' retrieved from /home/airflow/.local/lib/python3.8/site-packages/airflow/example_dags/tutorial_taskflow_api.py
[2026-06-16T01:34:50.442+0000] {logging_mixin.py:188} INFO - [2026-06-16T01:34:50.441+0000] {dag.py:3036} INFO - Sync 1 DAGs
[2026-06-16T01:34:50.483+0000] {logging_mixin.py:188} INFO - [2026-06-16T01:34:50.482+0000] {dag.py:3823} INFO - Setting next_dagrun for tutorial_taskflow_api to None, run_after=None
[2026-06-16T01:34:50.837+0000] {processor.py:183} INFO - Processing /home/airflow/.local/lib/python3.8/site-packages/airflow/example_dags/tutorial_taskflow_api.py took 0.502 seconds
[2026-06-16T01:35:20.951+0000] {processor.py:161} INFO - Started process (PID=2975) to work on /home/airflow/.local/lib/python3.8/site-packages/airflow/example_dags/tutorial_taskflow_api.py
[2026-06-16T01:35:20.953+0000] {processor.py:830} INFO - Processing file /home/airflow/.local/lib/python3.8/site-packages/airflow/example_dags/tutorial_taskflow_api.py for tasks to queue
[2026-06-16T01:35:20.960+0000] {logging_mixin.py:188} INFO - [2026-06-16T01:35:20.956+0000] {dagbag.py:538} INFO - Filling up the DagBag from /home/airflow/.local/lib/python3.8/site-packages/airflow/example_dags/tutorial_taskflow_api.py
[2026-06-16T01:35:20.977+0000] {processor.py:840} INFO - DAG(s) 'tutorial_taskflow_api' retrieved from /home/airflow/.local/lib/python3.8/site-packages/airflow/example_dags/tutorial_taskflow_api.py
[2026-06-16T01:35:21.035+0000] {logging_mixin.py:188} INFO - [2026-06-16T01:35:21.034+0000] {dag.py:3036} INFO - Sync 1 DAGs
[2026-06-16T01:35:21.070+0000] {logging_mixin.py:188} INFO - [2026-06-16T01:35:21.069+0000] {dag.py:3823} INFO - Setting next_dagrun for tutorial_taskflow_api to None, run_after=None
[2026-06-16T01:35:21.110+0000] {processor.py:183} INFO - Processing /home/airflow/.local/lib/python3.8/site-packages/airflow/example_dags/tutorial_taskflow_api.py took 0.166 seconds
[2026-06-16T01:35:51.249+0000] {processor.py:161} INFO - Started process (PID=3031) to work on /home/airflow/.local/lib/python3.8/site-packages/airflow/example_dags/tutorial_taskflow_api.py
[2026-06-16T01:35:51.252+0000] {processor.py:830} INFO - Processing file /home/airflow/.local/lib/python3.8/site-packages/airflow/example_dags/tutorial_taskflow_api.py for tasks to queue
[2026-06-16T01:35:51.255+0000] {logging_mixin.py:188} INFO - [2026-06-16T01:35:51.255+0000] {dagbag.py:538} INFO - Filling up the DagBag from /home/airflow/.local/lib/python3.8/site-packages/airflow/example_dags/tutorial_taskflow_api.py
[2026-06-16T01:35:51.272+0000] {processor.py:840} INFO - DAG(s) 'tutorial_taskflow_api' retrieved from /home/airflow/.local/lib/python3.8/site-packages/airflow/example_dags/tutorial_taskflow_api.py
[2026-06-16T01:35:51.343+0000] {logging_mixin.py:188} INFO - [2026-06-16T01:35:51.342+0000] {dag.py:3036} INFO - Sync 1 DAGs
[2026-06-16T01:35:51.378+0000] {logging_mixin.py:188} INFO - [2026-06-16T01:35:51.377+0000] {dag.py:3823} INFO - Setting next_dagrun for tutorial_taskflow_api to None, run_after=None
[2026-06-16T01:35:51.424+0000] {processor.py:183} INFO - Processing /home/airflow/.local/lib/python3.8/site-packages/airflow/example_dags/tutorial_taskflow_api.py took 0.185 seconds
[2026-06-16T01:36:21.495+0000] {processor.py:161} INFO - Started process (PID=3086) to work on /home/airflow/.local/lib/python3.8/site-packages/airflow/example_dags/tutorial_taskflow_api.py
[2026-06-16T01:36:21.498+0000] {processor.py:830} INFO - Processing file /home/airflow/.local/lib/python3.8/site-packages/airflow/example_dags/tutorial_taskflow_api.py for tasks to queue
[2026-06-16T01:36:21.502+0000] {logging_mixin.py:188} INFO - [2026-06-16T01:36:21.501+0000] {dagbag.py:538} INFO - Filling up the DagBag from /home/airflow/.local/lib/python3.8/site-packages/airflow/example_dags/tutorial_taskflow_api.py
[2026-06-16T01:36:21.516+0000] {processor.py:840} INFO - DAG(s) 'tutorial_taskflow_api' retrieved from /home/airflow/.local/lib/python3.8/site-packages/airflow/example_dags/tutorial_taskflow_api.py
[2026-06-16T01:36:21.555+0000] {logging_mixin.py:188} INFO - [2026-06-16T01:36:21.554+0000] {dag.py:3036} INFO - Sync 1 DAGs
[2026-06-16T01:36:21.584+0000] {logging_mixin.py:188} INFO - [2026-06-16T01:36:21.583+0000] {dag.py:3823} INFO - Setting next_dagrun for tutorial_taskflow_api to None, run_after=None
[2026-06-16T01:36:21.621+0000] {processor.py:183} INFO - Processing /home/airflow/.local/lib/python3.8/site-packages/airflow/example_dags/tutorial_taskflow_api.py took 0.133 seconds
[2026-06-16T01:36:54.423+0000] {processor.py:161} INFO - Started process (PID=3150) to work on /home/airflow/.local/lib/python3.8/site-packages/airflow/example_dags/tutorial_taskflow_api.py
[2026-06-16T01:36:54.428+0000] {processor.py:830} INFO - Processing file /home/airflow/.local/lib/python3.8/site-packages/airflow/example_dags/tutorial_taskflow_api.py for tasks to queue
[2026-06-16T01:36:54.437+0000] {logging_mixin.py:188} INFO - [2026-06-16T01:36:54.436+0000] {dagbag.py:538} INFO - Filling up the DagBag from /home/airflow/.local/lib/python3.8/site-packages/airflow/example_dags/tutorial_taskflow_api.py
[2026-06-16T01:36:54.471+0000] {processor.py:840} INFO - DAG(s) 'tutorial_taskflow_api' retrieved from /home/airflow/.local/lib/python3.8/site-packages/airflow/example_dags/tutorial_taskflow_api.py
[2026-06-16T01:36:54.584+0000] {logging_mixin.py:188} INFO - [2026-06-16T01:36:54.583+0000] {dag.py:3036} INFO - Sync 1 DAGs
[2026-06-16T01:36:54.626+0000] {logging_mixin.py:188} INFO - [2026-06-16T01:36:54.625+0000] {dag.py:3823} INFO - Setting next_dagrun for tutorial_taskflow_api to None, run_after=None
[2026-06-16T01:36:54.911+0000] {processor.py:183} INFO - Processing /home/airflow/.local/lib/python3.8/site-packages/airflow/example_dags/tutorial_taskflow_api.py took 0.502 seconds
[2026-06-16T01:37:25.555+0000] {processor.py:161} INFO - Started process (PID=3205) to work on /home/airflow/.local/lib/python3.8/site-packages/airflow/example_dags/tutorial_taskflow_api.py
[2026-06-16T01:37:25.556+0000] {processor.py:830} INFO - Processing file /home/airflow/.local/lib/python3.8/site-packages/airflow/example_dags/tutorial_taskflow_api.py for tasks to queue
[2026-06-16T01:37:25.562+0000] {logging_mixin.py:188} INFO - [2026-06-16T01:37:25.561+0000] {dagbag.py:538} INFO - Filling up the DagBag from /home/airflow/.local/lib/python3.8/site-packages/airflow/example_dags/tutorial_taskflow_api.py
[2026-06-16T01:37:25.584+0000] {processor.py:840} INFO - DAG(s) 'tutorial_taskflow_api' retrieved from /home/airflow/.local/lib/python3.8/site-packages/airflow/example_dags/tutorial_taskflow_api.py
[2026-06-16T01:37:25.652+0000] {logging_mixin.py:188} INFO - [2026-06-16T01:37:25.651+0000] {dag.py:3036} INFO - Sync 1 DAGs
[2026-06-16T01:37:25.691+0000] {logging_mixin.py:188} INFO - [2026-06-16T01:37:25.691+0000] {dag.py:3823} INFO - Setting next_dagrun for tutorial_taskflow_api to None, run_after=None
[2026-06-16T01:37:25.751+0000] {processor.py:183} INFO - Processing /home/airflow/.local/lib/python3.8/site-packages/airflow/example_dags/tutorial_taskflow_api.py took 0.203 seconds
[2026-06-16T01:37:55.994+0000] {processor.py:161} INFO - Started process (PID=3261) to work on /home/airflow/.local/lib/python3.8/site-packages/airflow/example_dags/tutorial_taskflow_api.py
[2026-06-16T01:37:55.999+0000] {processor.py:830} INFO - Processing file /home/airflow/.local/lib/python3.8/site-packages/airflow/example_dags/tutorial_taskflow_api.py for tasks to queue
[2026-06-16T01:37:56.004+0000] {logging_mixin.py:188} INFO - [2026-06-16T01:37:56.003+0000] {dagbag.py:538} INFO - Filling up the DagBag from /home/airflow/.local/lib/python3.8/site-packages/airflow/example_dags/tutorial_taskflow_api.py
[2026-06-16T01:37:56.024+0000] {processor.py:840} INFO - DAG(s) 'tutorial_taskflow_api' retrieved from /home/airflow/.local/lib/python3.8/site-packages/airflow/example_dags/tutorial_taskflow_api.py
[2026-06-16T01:37:56.092+0000] {logging_mixin.py:188} INFO - [2026-06-16T01:37:56.091+0000] {dag.py:3036} INFO - Sync 1 DAGs
[2026-06-16T01:37:56.134+0000] {logging_mixin.py:188} INFO - [2026-06-16T01:37:56.133+0000] {dag.py:3823} INFO - Setting next_dagrun for tutorial_taskflow_api to None, run_after=None
[2026-06-16T01:37:56.197+0000] {processor.py:183} INFO - Processing /home/airflow/.local/lib/python3.8/site-packages/airflow/example_dags/tutorial_taskflow_api.py took 0.221 seconds
[2026-06-16T01:38:26.626+0000] {processor.py:161} INFO - Started process (PID=3316) to work on /home/airflow/.local/lib/python3.8/site-packages/airflow/example_dags/tutorial_taskflow_api.py
[2026-06-16T01:38:26.630+0000] {processor.py:830} INFO - Processing file /home/airflow/.local/lib/python3.8/site-packages/airflow/example_dags/tutorial_taskflow_api.py for tasks to queue
[2026-06-16T01:38:26.636+0000] {logging_mixin.py:188} INFO - [2026-06-16T01:38:26.636+0000] {dagbag.py:538} INFO - Filling up the DagBag from /home/airflow/.local/lib/python3.8/site-packages/airflow/example_dags/tutorial_taskflow_api.py
[2026-06-16T01:38:26.657+0000] {processor.py:840} INFO - DAG(s) 'tutorial_taskflow_api' retrieved from /home/airflow/.local/lib/python3.8/site-packages/airflow/example_dags/tutorial_taskflow_api.py
[2026-06-16T01:38:26.723+0000] {logging_mixin.py:188} INFO - [2026-06-16T01:38:26.722+0000] {dag.py:3036} INFO - Sync 1 DAGs
[2026-06-16T01:38:26.763+0000] {logging_mixin.py:188} INFO - [2026-06-16T01:38:26.762+0000] {dag.py:3823} INFO - Setting next_dagrun for tutorial_taskflow_api to None, run_after=None
[2026-06-16T01:38:26.823+0000] {processor.py:183} INFO - Processing /home/airflow/.local/lib/python3.8/site-packages/airflow/example_dags/tutorial_taskflow_api.py took 0.206 seconds
[2026-06-16T01:38:58.597+0000] {processor.py:161} INFO - Started process (PID=3373) to work on /home/airflow/.local/lib/python3.8/site-packages/airflow/example_dags/tutorial_taskflow_api.py
[2026-06-16T01:38:58.601+0000] {processor.py:830} INFO - Processing file /home/airflow/.local/lib/python3.8/site-packages/airflow/example_dags/tutorial_taskflow_api.py for tasks to queue
[2026-06-16T01:38:58.608+0000] {logging_mixin.py:188} INFO - [2026-06-16T01:38:58.607+0000] {dagbag.py:538} INFO - Filling up the DagBag from /home/airflow/.local/lib/python3.8/site-packages/airflow/example_dags/tutorial_taskflow_api.py
[2026-06-16T01:38:58.637+0000] {processor.py:840} INFO - DAG(s) 'tutorial_taskflow_api' retrieved from /home/airflow/.local/lib/python3.8/site-packages/airflow/example_dags/tutorial_taskflow_api.py
[2026-06-16T01:38:58.809+0000] {logging_mixin.py:188} INFO - [2026-06-16T01:38:58.808+0000] {dag.py:3036} INFO - Sync 1 DAGs
[2026-06-16T01:38:58.878+0000] {logging_mixin.py:188} INFO - [2026-06-16T01:38:58.873+0000] {dag.py:3823} INFO - Setting next_dagrun for tutorial_taskflow_api to None, run_after=None
[2026-06-16T01:38:58.960+0000] {processor.py:183} INFO - Processing /home/airflow/.local/lib/python3.8/site-packages/airflow/example_dags/tutorial_taskflow_api.py took 0.395 seconds
[2026-06-16T01:39:29.559+0000] {processor.py:161} INFO - Started process (PID=3429) to work on /home/airflow/.local/lib/python3.8/site-packages/airflow/example_dags/tutorial_taskflow_api.py
[2026-06-16T01:39:29.563+0000] {processor.py:830} INFO - Processing file /home/airflow/.local/lib/python3.8/site-packages/airflow/example_dags/tutorial_taskflow_api.py for tasks to queue
[2026-06-16T01:39:29.571+0000] {logging_mixin.py:188} INFO - [2026-06-16T01:39:29.570+0000] {dagbag.py:538} INFO - Filling up the DagBag from /home/airflow/.local/lib/python3.8/site-packages/airflow/example_dags/tutorial_taskflow_api.py
[2026-06-16T01:39:29.601+0000] {processor.py:840} INFO - DAG(s) 'tutorial_taskflow_api' retrieved from /home/airflow/.local/lib/python3.8/site-packages/airflow/example_dags/tutorial_taskflow_api.py
[2026-06-16T01:39:29.674+0000] {logging_mixin.py:188} INFO - [2026-06-16T01:39:29.673+0000] {dag.py:3036} INFO - Sync 1 DAGs
[2026-06-16T01:39:29.712+0000] {logging_mixin.py:188} INFO - [2026-06-16T01:39:29.711+0000] {dag.py:3823} INFO - Setting next_dagrun for tutorial_taskflow_api to None, run_after=None
[2026-06-16T01:39:29.759+0000] {processor.py:183} INFO - Processing /home/airflow/.local/lib/python3.8/site-packages/airflow/example_dags/tutorial_taskflow_api.py took 0.210 seconds
[2026-06-16T01:40:00.760+0000] {processor.py:161} INFO - Started process (PID=3485) to work on /home/airflow/.local/lib/python3.8/site-packages/airflow/example_dags/tutorial_taskflow_api.py
[2026-06-16T01:40:00.763+0000] {processor.py:830} INFO - Processing file /home/airflow/.local/lib/python3.8/site-packages/airflow/example_dags/tutorial_taskflow_api.py for tasks to queue
[2026-06-16T01:40:00.768+0000] {logging_mixin.py:188} INFO - [2026-06-16T01:40:00.767+0000] {dagbag.py:538} INFO - Filling up the DagBag from /home/airflow/.local/lib/python3.8/site-packages/airflow/example_dags/tutorial_taskflow_api.py
[2026-06-16T01:40:00.790+0000] {processor.py:840} INFO - DAG(s) 'tutorial_taskflow_api' retrieved from /home/airflow/.local/lib/python3.8/site-packages/airflow/example_dags/tutorial_taskflow_api.py
[2026-06-16T01:40:00.846+0000] {logging_mixin.py:188} INFO - [2026-06-16T01:40:00.845+0000] {dag.py:3036} INFO - Sync 1 DAGs
[2026-06-16T01:40:00.885+0000] {logging_mixin.py:188} INFO - [2026-06-16T01:40:00.885+0000] {dag.py:3823} INFO - Setting next_dagrun for tutorial_taskflow_api to None, run_after=None
[2026-06-16T01:40:00.938+0000] {processor.py:183} INFO - Processing /home/airflow/.local/lib/python3.8/site-packages/airflow/example_dags/tutorial_taskflow_api.py took 0.190 seconds
[2026-06-16T01:40:31.665+0000] {processor.py:161} INFO - Started process (PID=3542) to work on /home/airflow/.local/lib/python3.8/site-packages/airflow/example_dags/tutorial_taskflow_api.py
[2026-06-16T01:40:31.669+0000] {processor.py:830} INFO - Processing file /home/airflow/.local/lib/python3.8/site-packages/airflow/example_dags/tutorial_taskflow_api.py for tasks to queue
[2026-06-16T01:40:31.676+0000] {logging_mixin.py:188} INFO - [2026-06-16T01:40:31.675+0000] {dagbag.py:538} INFO - Filling up the DagBag from /home/airflow/.local/lib/python3.8/site-packages/airflow/example_dags/tutorial_taskflow_api.py
[2026-06-16T01:40:31.694+0000] {processor.py:840} INFO - DAG(s) 'tutorial_taskflow_api' retrieved from /home/airflow/.local/lib/python3.8/site-packages/airflow/example_dags/tutorial_taskflow_api.py
[2026-06-16T01:40:31.754+0000] {logging_mixin.py:188} INFO - [2026-06-16T01:40:31.753+0000] {dag.py:3036} INFO - Sync 1 DAGs
[2026-06-16T01:40:31.791+0000] {logging_mixin.py:188} INFO - [2026-06-16T01:40:31.791+0000] {dag.py:3823} INFO - Setting next_dagrun for tutorial_taskflow_api to None, run_after=None
[2026-06-16T01:40:31.878+0000] {processor.py:183} INFO - Processing /home/airflow/.local/lib/python3.8/site-packages/airflow/example_dags/tutorial_taskflow_api.py took 0.222 seconds
[2026-06-16T01:41:02.025+0000] {processor.py:161} INFO - Started process (PID=3598) to work on /home/airflow/.local/lib/python3.8/site-packages/airflow/example_dags/tutorial_taskflow_api.py
[2026-06-16T01:41:02.028+0000] {processor.py:830} INFO - Processing file /home/airflow/.local/lib/python3.8/site-packages/airflow/example_dags/tutorial_taskflow_api.py for tasks to queue
[2026-06-16T01:41:02.033+0000] {logging_mixin.py:188} INFO - [2026-06-16T01:41:02.032+0000] {dagbag.py:538} INFO - Filling up the DagBag from /home/airflow/.local/lib/python3.8/site-packages/airflow/example_dags/tutorial_taskflow_api.py
[2026-06-16T01:41:02.049+0000] {processor.py:840} INFO - DAG(s) 'tutorial_taskflow_api' retrieved from /home/airflow/.local/lib/python3.8/site-packages/airflow/example_dags/tutorial_taskflow_api.py
[2026-06-16T01:41:02.105+0000] {logging_mixin.py:188} INFO - [2026-06-16T01:41:02.104+0000] {dag.py:3036} INFO - Sync 1 DAGs
[2026-06-16T01:41:02.150+0000] {logging_mixin.py:188} INFO - [2026-06-16T01:41:02.149+0000] {dag.py:3823} INFO - Setting next_dagrun for tutorial_taskflow_api to None, run_after=None
[2026-06-16T01:41:02.195+0000] {processor.py:183} INFO - Processing /home/airflow/.local/lib/python3.8/site-packages/airflow/example_dags/tutorial_taskflow_api.py took 0.179 seconds
[2026-06-16T01:41:32.716+0000] {processor.py:161} INFO - Started process (PID=3654) to work on /home/airflow/.local/lib/python3.8/site-packages/airflow/example_dags/tutorial_taskflow_api.py
[2026-06-16T01:41:32.719+0000] {processor.py:830} INFO - Processing file /home/airflow/.local/lib/python3.8/site-packages/airflow/example_dags/tutorial_taskflow_api.py for tasks to queue
[2026-06-16T01:41:32.724+0000] {logging_mixin.py:188} INFO - [2026-06-16T01:41:32.723+0000] {dagbag.py:538} INFO - Filling up the DagBag from /home/airflow/.local/lib/python3.8/site-packages/airflow/example_dags/tutorial_taskflow_api.py
[2026-06-16T01:41:32.741+0000] {processor.py:840} INFO - DAG(s) 'tutorial_taskflow_api' retrieved from /home/airflow/.local/lib/python3.8/site-packages/airflow/example_dags/tutorial_taskflow_api.py
[2026-06-16T01:41:32.800+0000] {logging_mixin.py:188} INFO - [2026-06-16T01:41:32.800+0000] {dag.py:3036} INFO - Sync 1 DAGs
[2026-06-16T01:41:32.835+0000] {logging_mixin.py:188} INFO - [2026-06-16T01:41:32.835+0000] {dag.py:3823} INFO - Setting next_dagrun for tutorial_taskflow_api to None, run_after=None
[2026-06-16T01:41:32.882+0000] {processor.py:183} INFO - Processing /home/airflow/.local/lib/python3.8/site-packages/airflow/example_dags/tutorial_taskflow_api.py took 0.173 seconds
[2026-06-16T01:42:03.600+0000] {processor.py:161} INFO - Started process (PID=3711) to work on /home/airflow/.local/lib/python3.8/site-packages/airflow/example_dags/tutorial_taskflow_api.py
[2026-06-16T01:42:03.602+0000] {processor.py:830} INFO - Processing file /home/airflow/.local/lib/python3.8/site-packages/airflow/example_dags/tutorial_taskflow_api.py for tasks to queue
[2026-06-16T01:42:03.609+0000] {logging_mixin.py:188} INFO - [2026-06-16T01:42:03.608+0000] {dagbag.py:538} INFO - Filling up the DagBag from /home/airflow/.local/lib/python3.8/site-packages/airflow/example_dags/tutorial_taskflow_api.py
[2026-06-16T01:42:03.624+0000] {processor.py:840} INFO - DAG(s) 'tutorial_taskflow_api' retrieved from /home/airflow/.local/lib/python3.8/site-packages/airflow/example_dags/tutorial_taskflow_api.py
[2026-06-16T01:42:03.688+0000] {logging_mixin.py:188} INFO - [2026-06-16T01:42:03.687+0000] {dag.py:3036} INFO - Sync 1 DAGs
[2026-06-16T01:42:03.743+0000] {logging_mixin.py:188} INFO - [2026-06-16T01:42:03.743+0000] {dag.py:3823} INFO - Setting next_dagrun for tutorial_taskflow_api to None, run_after=None
[2026-06-16T01:42:03.791+0000] {processor.py:183} INFO - Processing /home/airflow/.local/lib/python3.8/site-packages/airflow/example_dags/tutorial_taskflow_api.py took 0.200 seconds
[2026-06-16T01:42:34.173+0000] {processor.py:161} INFO - Started process (PID=3767) to work on /home/airflow/.local/lib/python3.8/site-packages/airflow/example_dags/tutorial_taskflow_api.py
[2026-06-16T01:42:34.176+0000] {processor.py:830} INFO - Processing file /home/airflow/.local/lib/python3.8/site-packages/airflow/example_dags/tutorial_taskflow_api.py for tasks to queue
[2026-06-16T01:42:34.180+0000] {logging_mixin.py:188} INFO - [2026-06-16T01:42:34.179+0000] {dagbag.py:538} INFO - Filling up the DagBag from /home/airflow/.local/lib/python3.8/site-packages/airflow/example_dags/tutorial_taskflow_api.py
[2026-06-16T01:42:34.197+0000] {processor.py:840} INFO - DAG(s) 'tutorial_taskflow_api' retrieved from /home/airflow/.local/lib/python3.8/site-packages/airflow/example_dags/tutorial_taskflow_api.py
[2026-06-16T01:42:34.248+0000] {logging_mixin.py:188} INFO - [2026-06-16T01:42:34.247+0000] {dag.py:3036} INFO - Sync 1 DAGs
[2026-06-16T01:42:34.284+0000] {logging_mixin.py:188} INFO - [2026-06-16T01:42:34.283+0000] {dag.py:3823} INFO - Setting next_dagrun for tutorial_taskflow_api to None, run_after=None
[2026-06-16T01:42:34.328+0000] {processor.py:183} INFO - Processing /home/airflow/.local/lib/python3.8/site-packages/airflow/example_dags/tutorial_taskflow_api.py took 0.163 seconds
[2026-06-16T01:43:05.450+0000] {processor.py:161} INFO - Started process (PID=3823) to work on /home/airflow/.local/lib/python3.8/site-packages/airflow/example_dags/tutorial_taskflow_api.py
[2026-06-16T01:43:05.454+0000] {processor.py:830} INFO - Processing file /home/airflow/.local/lib/python3.8/site-packages/airflow/example_dags/tutorial_taskflow_api.py for tasks to queue
[2026-06-16T01:43:05.462+0000] {logging_mixin.py:188} INFO - [2026-06-16T01:43:05.461+0000] {dagbag.py:538} INFO - Filling up the DagBag from /home/airflow/.local/lib/python3.8/site-packages/airflow/example_dags/tutorial_taskflow_api.py
[2026-06-16T01:43:05.484+0000] {processor.py:840} INFO - DAG(s) 'tutorial_taskflow_api' retrieved from /home/airflow/.local/lib/python3.8/site-packages/airflow/example_dags/tutorial_taskflow_api.py
[2026-06-16T01:43:05.549+0000] {logging_mixin.py:188} INFO - [2026-06-16T01:43:05.548+0000] {dag.py:3036} INFO - Sync 1 DAGs
[2026-06-16T01:43:05.592+0000] {logging_mixin.py:188} INFO - [2026-06-16T01:43:05.591+0000] {dag.py:3823} INFO - Setting next_dagrun for tutorial_taskflow_api to None, run_after=None
[2026-06-16T01:43:05.674+0000] {processor.py:183} INFO - Processing /home/airflow/.local/lib/python3.8/site-packages/airflow/example_dags/tutorial_taskflow_api.py took 0.238 seconds
[2026-06-16T01:43:35.874+0000] {processor.py:161} INFO - Started process (PID=3879) to work on /home/airflow/.local/lib/python3.8/site-packages/airflow/example_dags/tutorial_taskflow_api.py
[2026-06-16T01:43:35.877+0000] {processor.py:830} INFO - Processing file /home/airflow/.local/lib/python3.8/site-packages/airflow/example_dags/tutorial_taskflow_api.py for tasks to queue
[2026-06-16T01:43:35.882+0000] {logging_mixin.py:188} INFO - [2026-06-16T01:43:35.881+0000] {dagbag.py:538} INFO - Filling up the DagBag from /home/airflow/.local/lib/python3.8/site-packages/airflow/example_dags/tutorial_taskflow_api.py
[2026-06-16T01:43:35.896+0000] {processor.py:840} INFO - DAG(s) 'tutorial_taskflow_api' retrieved from /home/airflow/.local/lib/python3.8/site-packages/airflow/example_dags/tutorial_taskflow_api.py
[2026-06-16T01:43:35.941+0000] {logging_mixin.py:188} INFO - [2026-06-16T01:43:35.941+0000] {dag.py:3036} INFO - Sync 1 DAGs
[2026-06-16T01:43:35.971+0000] {logging_mixin.py:188} INFO - [2026-06-16T01:43:35.971+0000] {dag.py:3823} INFO - Setting next_dagrun for tutorial_taskflow_api to None, run_after=None
[2026-06-16T01:43:36.011+0000] {processor.py:183} INFO - Processing /home/airflow/.local/lib/python3.8/site-packages/airflow/example_dags/tutorial_taskflow_api.py took 0.144 seconds
[2026-06-16T01:44:06.080+0000] {processor.py:161} INFO - Started process (PID=3935) to work on /home/airflow/.local/lib/python3.8/site-packages/airflow/example_dags/tutorial_taskflow_api.py
[2026-06-16T01:44:06.082+0000] {processor.py:830} INFO - Processing file /home/airflow/.local/lib/python3.8/site-packages/airflow/example_dags/tutorial_taskflow_api.py for tasks to queue
[2026-06-16T01:44:06.086+0000] {logging_mixin.py:188} INFO - [2026-06-16T01:44:06.085+0000] {dagbag.py:538} INFO - Filling up the DagBag from /home/airflow/.local/lib/python3.8/site-packages/airflow/example_dags/tutorial_taskflow_api.py
[2026-06-16T01:44:06.100+0000] {processor.py:840} INFO - DAG(s) 'tutorial_taskflow_api' retrieved from /home/airflow/.local/lib/python3.8/site-packages/airflow/example_dags/tutorial_taskflow_api.py
[2026-06-16T01:44:06.157+0000] {logging_mixin.py:188} INFO - [2026-06-16T01:44:06.156+0000] {dag.py:3036} INFO - Sync 1 DAGs
[2026-06-16T01:44:06.183+0000] {logging_mixin.py:188} INFO - [2026-06-16T01:44:06.182+0000] {dag.py:3823} INFO - Setting next_dagrun for tutorial_taskflow_api to None, run_after=None
[2026-06-16T01:44:06.227+0000] {processor.py:183} INFO - Processing /home/airflow/.local/lib/python3.8/site-packages/airflow/example_dags/tutorial_taskflow_api.py took 0.153 seconds
[2026-06-16T01:44:36.554+0000] {processor.py:161} INFO - Started process (PID=3991) to work on /home/airflow/.local/lib/python3.8/site-packages/airflow/example_dags/tutorial_taskflow_api.py
[2026-06-16T01:44:36.557+0000] {processor.py:830} INFO - Processing file /home/airflow/.local/lib/python3.8/site-packages/airflow/example_dags/tutorial_taskflow_api.py for tasks to queue
[2026-06-16T01:44:36.566+0000] {logging_mixin.py:188} INFO - [2026-06-16T01:44:36.566+0000] {dagbag.py:538} INFO - Filling up the DagBag from /home/airflow/.local/lib/python3.8/site-packages/airflow/example_dags/tutorial_taskflow_api.py
[2026-06-16T01:44:36.584+0000] {processor.py:840} INFO - DAG(s) 'tutorial_taskflow_api' retrieved from /home/airflow/.local/lib/python3.8/site-packages/airflow/example_dags/tutorial_taskflow_api.py
[2026-06-16T01:44:36.633+0000] {logging_mixin.py:188} INFO - [2026-06-16T01:44:36.632+0000] {dag.py:3036} INFO - Sync 1 DAGs
[2026-06-16T01:44:36.660+0000] {logging_mixin.py:188} INFO - [2026-06-16T01:44:36.659+0000] {dag.py:3823} INFO - Setting next_dagrun for tutorial_taskflow_api to None, run_after=None
[2026-06-16T01:44:36.708+0000] {processor.py:183} INFO - Processing /home/airflow/.local/lib/python3.8/site-packages/airflow/example_dags/tutorial_taskflow_api.py took 0.162 seconds
[2026-06-16T01:45:07.518+0000] {processor.py:161} INFO - Started process (PID=4047) to work on /home/airflow/.local/lib/python3.8/site-packages/airflow/example_dags/tutorial_taskflow_api.py
[2026-06-16T01:45:07.521+0000] {processor.py:830} INFO - Processing file /home/airflow/.local/lib/python3.8/site-packages/airflow/example_dags/tutorial_taskflow_api.py for tasks to queue
[2026-06-16T01:45:07.525+0000] {logging_mixin.py:188} INFO - [2026-06-16T01:45:07.525+0000] {dagbag.py:538} INFO - Filling up the DagBag from /home/airflow/.local/lib/python3.8/site-packages/airflow/example_dags/tutorial_taskflow_api.py
[2026-06-16T01:45:07.544+0000] {processor.py:840} INFO - DAG(s) 'tutorial_taskflow_api' retrieved from /home/airflow/.local/lib/python3.8/site-packages/airflow/example_dags/tutorial_taskflow_api.py
[2026-06-16T01:45:07.610+0000] {logging_mixin.py:188} INFO - [2026-06-16T01:45:07.609+0000] {dag.py:3036} INFO - Sync 1 DAGs
[2026-06-16T01:45:07.655+0000] {logging_mixin.py:188} INFO - [2026-06-16T01:45:07.654+0000] {dag.py:3823} INFO - Setting next_dagrun for tutorial_taskflow_api to None, run_after=None
[2026-06-16T01:45:07.720+0000] {processor.py:183} INFO - Processing /home/airflow/.local/lib/python3.8/site-packages/airflow/example_dags/tutorial_taskflow_api.py took 0.210 seconds
[2026-06-16T01:45:37.919+0000] {processor.py:161} INFO - Started process (PID=4103) to work on /home/airflow/.local/lib/python3.8/site-packages/airflow/example_dags/tutorial_taskflow_api.py
[2026-06-16T01:45:37.923+0000] {processor.py:830} INFO - Processing file /home/airflow/.local/lib/python3.8/site-packages/airflow/example_dags/tutorial_taskflow_api.py for tasks to queue
[2026-06-16T01:45:37.929+0000] {logging_mixin.py:188} INFO - [2026-06-16T01:45:37.928+0000] {dagbag.py:538} INFO - Filling up the DagBag from /home/airflow/.local/lib/python3.8/site-packages/airflow/example_dags/tutorial_taskflow_api.py
[2026-06-16T01:45:37.944+0000] {processor.py:840} INFO - DAG(s) 'tutorial_taskflow_api' retrieved from /home/airflow/.local/lib/python3.8/site-packages/airflow/example_dags/tutorial_taskflow_api.py
[2026-06-16T01:45:37.990+0000] {logging_mixin.py:188} INFO - [2026-06-16T01:45:37.989+0000] {dag.py:3036} INFO - Sync 1 DAGs
[2026-06-16T01:45:38.023+0000] {logging_mixin.py:188} INFO - [2026-06-16T01:45:38.022+0000] {dag.py:3823} INFO - Setting next_dagrun for tutorial_taskflow_api to None, run_after=None
[2026-06-16T01:45:38.069+0000] {processor.py:183} INFO - Processing /home/airflow/.local/lib/python3.8/site-packages/airflow/example_dags/tutorial_taskflow_api.py took 0.158 seconds
[2026-06-16T01:46:09.044+0000] {processor.py:161} INFO - Started process (PID=4159) to work on /home/airflow/.local/lib/python3.8/site-packages/airflow/example_dags/tutorial_taskflow_api.py
[2026-06-16T01:46:09.046+0000] {processor.py:830} INFO - Processing file /home/airflow/.local/lib/python3.8/site-packages/airflow/example_dags/tutorial_taskflow_api.py for tasks to queue
[2026-06-16T01:46:09.051+0000] {logging_mixin.py:188} INFO - [2026-06-16T01:46:09.051+0000] {dagbag.py:538} INFO - Filling up the DagBag from /home/airflow/.local/lib/python3.8/site-packages/airflow/example_dags/tutorial_taskflow_api.py
[2026-06-16T01:46:09.070+0000] {processor.py:840} INFO - DAG(s) 'tutorial_taskflow_api' retrieved from /home/airflow/.local/lib/python3.8/site-packages/airflow/example_dags/tutorial_taskflow_api.py
[2026-06-16T01:46:09.132+0000] {logging_mixin.py:188} INFO - [2026-06-16T01:46:09.132+0000] {dag.py:3036} INFO - Sync 1 DAGs
[2026-06-16T01:46:09.164+0000] {logging_mixin.py:188} INFO - [2026-06-16T01:46:09.164+0000] {dag.py:3823} INFO - Setting next_dagrun for tutorial_taskflow_api to None, run_after=None
[2026-06-16T01:46:09.207+0000] {processor.py:183} INFO - Processing /home/airflow/.local/lib/python3.8/site-packages/airflow/example_dags/tutorial_taskflow_api.py took 0.170 seconds
[2026-06-16T01:46:39.566+0000] {processor.py:161} INFO - Started process (PID=4216) to work on /home/airflow/.local/lib/python3.8/site-packages/airflow/example_dags/tutorial_taskflow_api.py
[2026-06-16T01:46:39.569+0000] {processor.py:830} INFO - Processing file /home/airflow/.local/lib/python3.8/site-packages/airflow/example_dags/tutorial_taskflow_api.py for tasks to queue
[2026-06-16T01:46:39.573+0000] {logging_mixin.py:188} INFO - [2026-06-16T01:46:39.573+0000] {dagbag.py:538} INFO - Filling up the DagBag from /home/airflow/.local/lib/python3.8/site-packages/airflow/example_dags/tutorial_taskflow_api.py
[2026-06-16T01:46:39.588+0000] {processor.py:840} INFO - DAG(s) 'tutorial_taskflow_api' retrieved from /home/airflow/.local/lib/python3.8/site-packages/airflow/example_dags/tutorial_taskflow_api.py
[2026-06-16T01:46:39.636+0000] {logging_mixin.py:188} INFO - [2026-06-16T01:46:39.635+0000] {dag.py:3036} INFO - Sync 1 DAGs
[2026-06-16T01:46:39.665+0000] {logging_mixin.py:188} INFO - [2026-06-16T01:46:39.664+0000] {dag.py:3823} INFO - Setting next_dagrun for tutorial_taskflow_api to None, run_after=None
[2026-06-16T01:46:39.713+0000] {processor.py:183} INFO - Processing /home/airflow/.local/lib/python3.8/site-packages/airflow/example_dags/tutorial_taskflow_api.py took 0.154 seconds
