[2026-06-16T01:08:12.433+0000] {processor.py:161} INFO - Started process (PID=96) to work on /home/airflow/.local/lib/python3.8/site-packages/airflow/example_dags/tutorial.py
[2026-06-16T01:08:12.438+0000] {processor.py:830} INFO - Processing file /home/airflow/.local/lib/python3.8/site-packages/airflow/example_dags/tutorial.py for tasks to queue
[2026-06-16T01:08:12.447+0000] {logging_mixin.py:188} INFO - [2026-06-16T01:08:12.446+0000] {dagbag.py:538} INFO - Filling up the DagBag from /home/airflow/.local/lib/python3.8/site-packages/airflow/example_dags/tutorial.py
[2026-06-16T01:08:12.494+0000] {processor.py:840} INFO - DAG(s) 'tutorial' retrieved from /home/airflow/.local/lib/python3.8/site-packages/airflow/example_dags/tutorial.py
[2026-06-16T01:08:13.122+0000] {logging_mixin.py:188} INFO - [2026-06-16T01:08:13.122+0000] {dag.py:3036} INFO - Sync 1 DAGs
[2026-06-16T01:08:13.294+0000] {logging_mixin.py:188} INFO - [2026-06-16T01:08:13.290+0000] {dag.py:3823} INFO - Setting next_dagrun for tutorial to 2026-06-15 00:00:00+00:00, run_after=2026-06-16 00:00:00+00:00
[2026-06-16T01:08:13.383+0000] {processor.py:183} INFO - Processing /home/airflow/.local/lib/python3.8/site-packages/airflow/example_dags/tutorial.py took 0.969 seconds
[2026-06-16T01:09:01.519+0000] {processor.py:161} INFO - Started process (PID=152) to work on /home/airflow/.local/lib/python3.8/site-packages/airflow/example_dags/tutorial.py
[2026-06-16T01:09:01.530+0000] {processor.py:830} INFO - Processing file /home/airflow/.local/lib/python3.8/site-packages/airflow/example_dags/tutorial.py for tasks to queue
[2026-06-16T01:09:01.536+0000] {logging_mixin.py:188} INFO - [2026-06-16T01:09:01.535+0000] {dagbag.py:538} INFO - Filling up the DagBag from /home/airflow/.local/lib/python3.8/site-packages/airflow/example_dags/tutorial.py
[2026-06-16T01:09:01.586+0000] {processor.py:840} INFO - DAG(s) 'tutorial' retrieved from /home/airflow/.local/lib/python3.8/site-packages/airflow/example_dags/tutorial.py
[2026-06-16T01:09:02.079+0000] {logging_mixin.py:188} INFO - [2026-06-16T01:09:02.073+0000] {dag.py:3036} INFO - Sync 1 DAGs
[2026-06-16T01:09:02.735+0000] {logging_mixin.py:188} INFO - [2026-06-16T01:09:02.734+0000] {dag.py:3823} INFO - Setting next_dagrun for tutorial to 2026-06-15 00:00:00+00:00, run_after=2026-06-16 00:00:00+00:00
[2026-06-16T01:09:03.149+0000] {processor.py:183} INFO - Processing /home/airflow/.local/lib/python3.8/site-packages/airflow/example_dags/tutorial.py took 1.652 seconds
[2026-06-16T01:09:34.946+0000] {processor.py:161} INFO - Started process (PID=214) to work on /home/airflow/.local/lib/python3.8/site-packages/airflow/example_dags/tutorial.py
[2026-06-16T01:09:34.958+0000] {processor.py:830} INFO - Processing file /home/airflow/.local/lib/python3.8/site-packages/airflow/example_dags/tutorial.py for tasks to queue
[2026-06-16T01:09:34.965+0000] {logging_mixin.py:188} INFO - [2026-06-16T01:09:34.965+0000] {dagbag.py:538} INFO - Filling up the DagBag from /home/airflow/.local/lib/python3.8/site-packages/airflow/example_dags/tutorial.py
[2026-06-16T01:09:34.987+0000] {processor.py:840} INFO - DAG(s) 'tutorial' retrieved from /home/airflow/.local/lib/python3.8/site-packages/airflow/example_dags/tutorial.py
[2026-06-16T01:09:35.135+0000] {logging_mixin.py:188} INFO - [2026-06-16T01:09:35.134+0000] {dag.py:3036} INFO - Sync 1 DAGs
[2026-06-16T01:09:35.267+0000] {logging_mixin.py:188} INFO - [2026-06-16T01:09:35.263+0000] {dag.py:3823} INFO - Setting next_dagrun for tutorial to 2026-06-15 00:00:00+00:00, run_after=2026-06-16 00:00:00+00:00
[2026-06-16T01:09:35.357+0000] {processor.py:183} INFO - Processing /home/airflow/.local/lib/python3.8/site-packages/airflow/example_dags/tutorial.py took 0.432 seconds
[2026-06-16T01:10:05.551+0000] {processor.py:161} INFO - Started process (PID=268) to work on /home/airflow/.local/lib/python3.8/site-packages/airflow/example_dags/tutorial.py
[2026-06-16T01:10:05.555+0000] {processor.py:830} INFO - Processing file /home/airflow/.local/lib/python3.8/site-packages/airflow/example_dags/tutorial.py for tasks to queue
[2026-06-16T01:10:05.568+0000] {logging_mixin.py:188} INFO - [2026-06-16T01:10:05.567+0000] {dagbag.py:538} INFO - Filling up the DagBag from /home/airflow/.local/lib/python3.8/site-packages/airflow/example_dags/tutorial.py
[2026-06-16T01:10:05.598+0000] {processor.py:840} INFO - DAG(s) 'tutorial' retrieved from /home/airflow/.local/lib/python3.8/site-packages/airflow/example_dags/tutorial.py
[2026-06-16T01:10:05.748+0000] {logging_mixin.py:188} INFO - [2026-06-16T01:10:05.748+0000] {dag.py:3036} INFO - Sync 1 DAGs
[2026-06-16T01:10:05.882+0000] {logging_mixin.py:188} INFO - [2026-06-16T01:10:05.881+0000] {dag.py:3823} INFO - Setting next_dagrun for tutorial to 2026-06-15 00:00:00+00:00, run_after=2026-06-16 00:00:00+00:00
[2026-06-16T01:10:06.076+0000] {processor.py:183} INFO - Processing /home/airflow/.local/lib/python3.8/site-packages/airflow/example_dags/tutorial.py took 0.539 seconds
[2026-06-16T01:10:36.549+0000] {processor.py:161} INFO - Started process (PID=325) to work on /home/airflow/.local/lib/python3.8/site-packages/airflow/example_dags/tutorial.py
[2026-06-16T01:10:36.552+0000] {processor.py:830} INFO - Processing file /home/airflow/.local/lib/python3.8/site-packages/airflow/example_dags/tutorial.py for tasks to queue
[2026-06-16T01:10:36.558+0000] {logging_mixin.py:188} INFO - [2026-06-16T01:10:36.557+0000] {dagbag.py:538} INFO - Filling up the DagBag from /home/airflow/.local/lib/python3.8/site-packages/airflow/example_dags/tutorial.py
[2026-06-16T01:10:36.578+0000] {processor.py:840} INFO - DAG(s) 'tutorial' retrieved from /home/airflow/.local/lib/python3.8/site-packages/airflow/example_dags/tutorial.py
[2026-06-16T01:10:36.662+0000] {logging_mixin.py:188} INFO - [2026-06-16T01:10:36.661+0000] {dag.py:3036} INFO - Sync 1 DAGs
[2026-06-16T01:10:36.834+0000] {logging_mixin.py:188} INFO - [2026-06-16T01:10:36.833+0000] {dag.py:3823} INFO - Setting next_dagrun for tutorial to 2026-06-15 00:00:00+00:00, run_after=2026-06-16 00:00:00+00:00
[2026-06-16T01:10:36.939+0000] {processor.py:183} INFO - Processing /home/airflow/.local/lib/python3.8/site-packages/airflow/example_dags/tutorial.py took 0.400 seconds
[2026-06-16T01:11:07.145+0000] {processor.py:161} INFO - Started process (PID=381) to work on /home/airflow/.local/lib/python3.8/site-packages/airflow/example_dags/tutorial.py
[2026-06-16T01:11:07.147+0000] {processor.py:830} INFO - Processing file /home/airflow/.local/lib/python3.8/site-packages/airflow/example_dags/tutorial.py for tasks to queue
[2026-06-16T01:11:07.153+0000] {logging_mixin.py:188} INFO - [2026-06-16T01:11:07.152+0000] {dagbag.py:538} INFO - Filling up the DagBag from /home/airflow/.local/lib/python3.8/site-packages/airflow/example_dags/tutorial.py
[2026-06-16T01:11:07.172+0000] {processor.py:840} INFO - DAG(s) 'tutorial' retrieved from /home/airflow/.local/lib/python3.8/site-packages/airflow/example_dags/tutorial.py
[2026-06-16T01:11:07.298+0000] {logging_mixin.py:188} INFO - [2026-06-16T01:11:07.297+0000] {dag.py:3036} INFO - Sync 1 DAGs
[2026-06-16T01:11:07.383+0000] {logging_mixin.py:188} INFO - [2026-06-16T01:11:07.381+0000] {dag.py:3823} INFO - Setting next_dagrun for tutorial to 2026-06-15 00:00:00+00:00, run_after=2026-06-16 00:00:00+00:00
[2026-06-16T01:11:07.537+0000] {processor.py:183} INFO - Processing /home/airflow/.local/lib/python3.8/site-packages/airflow/example_dags/tutorial.py took 0.402 seconds
[2026-06-16T01:11:38.648+0000] {processor.py:161} INFO - Started process (PID=437) to work on /home/airflow/.local/lib/python3.8/site-packages/airflow/example_dags/tutorial.py
[2026-06-16T01:11:38.653+0000] {processor.py:830} INFO - Processing file /home/airflow/.local/lib/python3.8/site-packages/airflow/example_dags/tutorial.py for tasks to queue
[2026-06-16T01:11:38.663+0000] {logging_mixin.py:188} INFO - [2026-06-16T01:11:38.662+0000] {dagbag.py:538} INFO - Filling up the DagBag from /home/airflow/.local/lib/python3.8/site-packages/airflow/example_dags/tutorial.py
[2026-06-16T01:11:38.695+0000] {processor.py:840} INFO - DAG(s) 'tutorial' retrieved from /home/airflow/.local/lib/python3.8/site-packages/airflow/example_dags/tutorial.py
[2026-06-16T01:11:38.863+0000] {logging_mixin.py:188} INFO - [2026-06-16T01:11:38.861+0000] {dag.py:3036} INFO - Sync 1 DAGs
[2026-06-16T01:11:39.097+0000] {logging_mixin.py:188} INFO - [2026-06-16T01:11:39.097+0000] {dag.py:3823} INFO - Setting next_dagrun for tutorial to 2026-06-15 00:00:00+00:00, run_after=2026-06-16 00:00:00+00:00
[2026-06-16T01:11:39.288+0000] {processor.py:183} INFO - Processing /home/airflow/.local/lib/python3.8/site-packages/airflow/example_dags/tutorial.py took 0.653 seconds
[2026-06-16T01:12:10.640+0000] {processor.py:161} INFO - Started process (PID=493) to work on /home/airflow/.local/lib/python3.8/site-packages/airflow/example_dags/tutorial.py
[2026-06-16T01:12:10.646+0000] {processor.py:830} INFO - Processing file /home/airflow/.local/lib/python3.8/site-packages/airflow/example_dags/tutorial.py for tasks to queue
[2026-06-16T01:12:10.653+0000] {logging_mixin.py:188} INFO - [2026-06-16T01:12:10.651+0000] {dagbag.py:538} INFO - Filling up the DagBag from /home/airflow/.local/lib/python3.8/site-packages/airflow/example_dags/tutorial.py
[2026-06-16T01:12:10.691+0000] {processor.py:840} INFO - DAG(s) 'tutorial' retrieved from /home/airflow/.local/lib/python3.8/site-packages/airflow/example_dags/tutorial.py
[2026-06-16T01:12:10.870+0000] {logging_mixin.py:188} INFO - [2026-06-16T01:12:10.869+0000] {dag.py:3036} INFO - Sync 1 DAGs
[2026-06-16T01:12:10.965+0000] {logging_mixin.py:188} INFO - [2026-06-16T01:12:10.964+0000] {dag.py:3823} INFO - Setting next_dagrun for tutorial to 2026-06-15 00:00:00+00:00, run_after=2026-06-16 00:00:00+00:00
[2026-06-16T01:12:11.076+0000] {processor.py:183} INFO - Processing /home/airflow/.local/lib/python3.8/site-packages/airflow/example_dags/tutorial.py took 0.447 seconds
[2026-06-16T01:12:41.200+0000] {processor.py:161} INFO - Started process (PID=548) to work on /home/airflow/.local/lib/python3.8/site-packages/airflow/example_dags/tutorial.py
[2026-06-16T01:12:41.204+0000] {processor.py:830} INFO - Processing file /home/airflow/.local/lib/python3.8/site-packages/airflow/example_dags/tutorial.py for tasks to queue
[2026-06-16T01:12:41.217+0000] {logging_mixin.py:188} INFO - [2026-06-16T01:12:41.216+0000] {dagbag.py:538} INFO - Filling up the DagBag from /home/airflow/.local/lib/python3.8/site-packages/airflow/example_dags/tutorial.py
[2026-06-16T01:12:41.323+0000] {processor.py:840} INFO - DAG(s) 'tutorial' retrieved from /home/airflow/.local/lib/python3.8/site-packages/airflow/example_dags/tutorial.py
[2026-06-16T01:12:41.422+0000] {logging_mixin.py:188} INFO - [2026-06-16T01:12:41.421+0000] {dag.py:3036} INFO - Sync 1 DAGs
[2026-06-16T01:12:41.567+0000] {logging_mixin.py:188} INFO - [2026-06-16T01:12:41.566+0000] {dag.py:3823} INFO - Setting next_dagrun for tutorial to 2026-06-15 00:00:00+00:00, run_after=2026-06-16 00:00:00+00:00
[2026-06-16T01:12:41.664+0000] {processor.py:183} INFO - Processing /home/airflow/.local/lib/python3.8/site-packages/airflow/example_dags/tutorial.py took 0.483 seconds
[2026-06-16T01:13:12.024+0000] {processor.py:161} INFO - Started process (PID=604) to work on /home/airflow/.local/lib/python3.8/site-packages/airflow/example_dags/tutorial.py
[2026-06-16T01:13:12.030+0000] {processor.py:830} INFO - Processing file /home/airflow/.local/lib/python3.8/site-packages/airflow/example_dags/tutorial.py for tasks to queue
[2026-06-16T01:13:12.041+0000] {logging_mixin.py:188} INFO - [2026-06-16T01:13:12.040+0000] {dagbag.py:538} INFO - Filling up the DagBag from /home/airflow/.local/lib/python3.8/site-packages/airflow/example_dags/tutorial.py
[2026-06-16T01:13:12.106+0000] {processor.py:840} INFO - DAG(s) 'tutorial' retrieved from /home/airflow/.local/lib/python3.8/site-packages/airflow/example_dags/tutorial.py
[2026-06-16T01:13:12.227+0000] {logging_mixin.py:188} INFO - [2026-06-16T01:13:12.226+0000] {dag.py:3036} INFO - Sync 1 DAGs
[2026-06-16T01:13:12.357+0000] {logging_mixin.py:188} INFO - [2026-06-16T01:13:12.356+0000] {dag.py:3823} INFO - Setting next_dagrun for tutorial to 2026-06-15 00:00:00+00:00, run_after=2026-06-16 00:00:00+00:00
[2026-06-16T01:13:12.428+0000] {processor.py:183} INFO - Processing /home/airflow/.local/lib/python3.8/site-packages/airflow/example_dags/tutorial.py took 0.418 seconds
[2026-06-16T01:13:43.030+0000] {processor.py:161} INFO - Started process (PID=660) to work on /home/airflow/.local/lib/python3.8/site-packages/airflow/example_dags/tutorial.py
[2026-06-16T01:13:43.034+0000] {processor.py:830} INFO - Processing file /home/airflow/.local/lib/python3.8/site-packages/airflow/example_dags/tutorial.py for tasks to queue
[2026-06-16T01:13:43.041+0000] {logging_mixin.py:188} INFO - [2026-06-16T01:13:43.041+0000] {dagbag.py:538} INFO - Filling up the DagBag from /home/airflow/.local/lib/python3.8/site-packages/airflow/example_dags/tutorial.py
[2026-06-16T01:13:43.066+0000] {processor.py:840} INFO - DAG(s) 'tutorial' retrieved from /home/airflow/.local/lib/python3.8/site-packages/airflow/example_dags/tutorial.py
[2026-06-16T01:13:43.191+0000] {logging_mixin.py:188} INFO - [2026-06-16T01:13:43.188+0000] {dag.py:3036} INFO - Sync 1 DAGs
[2026-06-16T01:13:43.295+0000] {logging_mixin.py:188} INFO - [2026-06-16T01:13:43.291+0000] {dag.py:3823} INFO - Setting next_dagrun for tutorial to 2026-06-15 00:00:00+00:00, run_after=2026-06-16 00:00:00+00:00
[2026-06-16T01:13:43.413+0000] {processor.py:183} INFO - Processing /home/airflow/.local/lib/python3.8/site-packages/airflow/example_dags/tutorial.py took 0.393 seconds
[2026-06-16T01:14:13.970+0000] {processor.py:161} INFO - Started process (PID=715) to work on /home/airflow/.local/lib/python3.8/site-packages/airflow/example_dags/tutorial.py
[2026-06-16T01:14:13.980+0000] {processor.py:830} INFO - Processing file /home/airflow/.local/lib/python3.8/site-packages/airflow/example_dags/tutorial.py for tasks to queue
[2026-06-16T01:14:13.995+0000] {logging_mixin.py:188} INFO - [2026-06-16T01:14:13.990+0000] {dagbag.py:538} INFO - Filling up the DagBag from /home/airflow/.local/lib/python3.8/site-packages/airflow/example_dags/tutorial.py
[2026-06-16T01:14:14.029+0000] {processor.py:840} INFO - DAG(s) 'tutorial' retrieved from /home/airflow/.local/lib/python3.8/site-packages/airflow/example_dags/tutorial.py
[2026-06-16T01:14:14.201+0000] {logging_mixin.py:188} INFO - [2026-06-16T01:14:14.200+0000] {dag.py:3036} INFO - Sync 1 DAGs
[2026-06-16T01:14:14.307+0000] {logging_mixin.py:188} INFO - [2026-06-16T01:14:14.306+0000] {dag.py:3823} INFO - Setting next_dagrun for tutorial to 2026-06-15 00:00:00+00:00, run_after=2026-06-16 00:00:00+00:00
[2026-06-16T01:14:14.405+0000] {processor.py:183} INFO - Processing /home/airflow/.local/lib/python3.8/site-packages/airflow/example_dags/tutorial.py took 0.451 seconds
[2026-06-16T01:14:44.647+0000] {processor.py:161} INFO - Started process (PID=771) to work on /home/airflow/.local/lib/python3.8/site-packages/airflow/example_dags/tutorial.py
[2026-06-16T01:14:44.652+0000] {processor.py:830} INFO - Processing file /home/airflow/.local/lib/python3.8/site-packages/airflow/example_dags/tutorial.py for tasks to queue
[2026-06-16T01:14:44.666+0000] {logging_mixin.py:188} INFO - [2026-06-16T01:14:44.665+0000] {dagbag.py:538} INFO - Filling up the DagBag from /home/airflow/.local/lib/python3.8/site-packages/airflow/example_dags/tutorial.py
[2026-06-16T01:14:44.691+0000] {processor.py:840} INFO - DAG(s) 'tutorial' retrieved from /home/airflow/.local/lib/python3.8/site-packages/airflow/example_dags/tutorial.py
[2026-06-16T01:14:44.762+0000] {logging_mixin.py:188} INFO - [2026-06-16T01:14:44.762+0000] {dag.py:3036} INFO - Sync 1 DAGs
[2026-06-16T01:14:44.951+0000] {logging_mixin.py:188} INFO - [2026-06-16T01:14:44.951+0000] {dag.py:3823} INFO - Setting next_dagrun for tutorial to 2026-06-15 00:00:00+00:00, run_after=2026-06-16 00:00:00+00:00
[2026-06-16T01:14:45.053+0000] {processor.py:183} INFO - Processing /home/airflow/.local/lib/python3.8/site-packages/airflow/example_dags/tutorial.py took 0.426 seconds
[2026-06-16T01:15:15.555+0000] {processor.py:161} INFO - Started process (PID=827) to work on /home/airflow/.local/lib/python3.8/site-packages/airflow/example_dags/tutorial.py
[2026-06-16T01:15:15.561+0000] {processor.py:830} INFO - Processing file /home/airflow/.local/lib/python3.8/site-packages/airflow/example_dags/tutorial.py for tasks to queue
[2026-06-16T01:15:15.575+0000] {logging_mixin.py:188} INFO - [2026-06-16T01:15:15.572+0000] {dagbag.py:538} INFO - Filling up the DagBag from /home/airflow/.local/lib/python3.8/site-packages/airflow/example_dags/tutorial.py
[2026-06-16T01:15:15.611+0000] {processor.py:840} INFO - DAG(s) 'tutorial' retrieved from /home/airflow/.local/lib/python3.8/site-packages/airflow/example_dags/tutorial.py
[2026-06-16T01:15:15.702+0000] {logging_mixin.py:188} INFO - [2026-06-16T01:15:15.701+0000] {dag.py:3036} INFO - Sync 1 DAGs
[2026-06-16T01:15:15.798+0000] {logging_mixin.py:188} INFO - [2026-06-16T01:15:15.797+0000] {dag.py:3823} INFO - Setting next_dagrun for tutorial to 2026-06-15 00:00:00+00:00, run_after=2026-06-16 00:00:00+00:00
[2026-06-16T01:15:15.921+0000] {processor.py:183} INFO - Processing /home/airflow/.local/lib/python3.8/site-packages/airflow/example_dags/tutorial.py took 0.377 seconds
[2026-06-16T01:15:50.568+0000] {processor.py:161} INFO - Started process (PID=883) to work on /home/airflow/.local/lib/python3.8/site-packages/airflow/example_dags/tutorial.py
[2026-06-16T01:15:50.575+0000] {processor.py:830} INFO - Processing file /home/airflow/.local/lib/python3.8/site-packages/airflow/example_dags/tutorial.py for tasks to queue
[2026-06-16T01:15:50.594+0000] {logging_mixin.py:188} INFO - [2026-06-16T01:15:50.593+0000] {dagbag.py:538} INFO - Filling up the DagBag from /home/airflow/.local/lib/python3.8/site-packages/airflow/example_dags/tutorial.py
[2026-06-16T01:15:50.632+0000] {processor.py:840} INFO - DAG(s) 'tutorial' retrieved from /home/airflow/.local/lib/python3.8/site-packages/airflow/example_dags/tutorial.py
[2026-06-16T01:15:50.723+0000] {logging_mixin.py:188} INFO - [2026-06-16T01:15:50.719+0000] {dag.py:3036} INFO - Sync 1 DAGs
[2026-06-16T01:15:50.835+0000] {logging_mixin.py:188} INFO - [2026-06-16T01:15:50.833+0000] {dag.py:3823} INFO - Setting next_dagrun for tutorial to 2026-06-15 00:00:00+00:00, run_after=2026-06-16 00:00:00+00:00
[2026-06-16T01:15:50.912+0000] {processor.py:183} INFO - Processing /home/airflow/.local/lib/python3.8/site-packages/airflow/example_dags/tutorial.py took 0.355 seconds
[2026-06-16T01:16:21.625+0000] {processor.py:161} INFO - Started process (PID=936) to work on /home/airflow/.local/lib/python3.8/site-packages/airflow/example_dags/tutorial.py
[2026-06-16T01:16:21.629+0000] {processor.py:830} INFO - Processing file /home/airflow/.local/lib/python3.8/site-packages/airflow/example_dags/tutorial.py for tasks to queue
[2026-06-16T01:16:21.637+0000] {logging_mixin.py:188} INFO - [2026-06-16T01:16:21.635+0000] {dagbag.py:538} INFO - Filling up the DagBag from /home/airflow/.local/lib/python3.8/site-packages/airflow/example_dags/tutorial.py
[2026-06-16T01:16:21.661+0000] {processor.py:840} INFO - DAG(s) 'tutorial' retrieved from /home/airflow/.local/lib/python3.8/site-packages/airflow/example_dags/tutorial.py
[2026-06-16T01:16:21.885+0000] {logging_mixin.py:188} INFO - [2026-06-16T01:16:21.885+0000] {dag.py:3036} INFO - Sync 1 DAGs
[2026-06-16T01:16:22.006+0000] {logging_mixin.py:188} INFO - [2026-06-16T01:16:22.005+0000] {dag.py:3823} INFO - Setting next_dagrun for tutorial to 2026-06-15 00:00:00+00:00, run_after=2026-06-16 00:00:00+00:00
[2026-06-16T01:16:22.153+0000] {processor.py:183} INFO - Processing /home/airflow/.local/lib/python3.8/site-packages/airflow/example_dags/tutorial.py took 0.541 seconds
[2026-06-16T01:16:53.181+0000] {processor.py:161} INFO - Started process (PID=992) to work on /home/airflow/.local/lib/python3.8/site-packages/airflow/example_dags/tutorial.py
[2026-06-16T01:16:53.184+0000] {processor.py:830} INFO - Processing file /home/airflow/.local/lib/python3.8/site-packages/airflow/example_dags/tutorial.py for tasks to queue
[2026-06-16T01:16:53.200+0000] {logging_mixin.py:188} INFO - [2026-06-16T01:16:53.199+0000] {dagbag.py:538} INFO - Filling up the DagBag from /home/airflow/.local/lib/python3.8/site-packages/airflow/example_dags/tutorial.py
[2026-06-16T01:16:53.387+0000] {processor.py:840} INFO - DAG(s) 'tutorial' retrieved from /home/airflow/.local/lib/python3.8/site-packages/airflow/example_dags/tutorial.py
[2026-06-16T01:16:53.811+0000] {logging_mixin.py:188} INFO - [2026-06-16T01:16:53.811+0000] {dag.py:3036} INFO - Sync 1 DAGs
[2026-06-16T01:16:54.578+0000] {logging_mixin.py:188} INFO - [2026-06-16T01:16:54.578+0000] {dag.py:3823} INFO - Setting next_dagrun for tutorial to 2026-06-15 00:00:00+00:00, run_after=2026-06-16 00:00:00+00:00
[2026-06-16T01:16:55.166+0000] {processor.py:183} INFO - Processing /home/airflow/.local/lib/python3.8/site-packages/airflow/example_dags/tutorial.py took 1.998 seconds
[2026-06-16T01:17:27.079+0000] {processor.py:161} INFO - Started process (PID=1047) to work on /home/airflow/.local/lib/python3.8/site-packages/airflow/example_dags/tutorial.py
[2026-06-16T01:17:27.085+0000] {processor.py:830} INFO - Processing file /home/airflow/.local/lib/python3.8/site-packages/airflow/example_dags/tutorial.py for tasks to queue
[2026-06-16T01:17:27.097+0000] {logging_mixin.py:188} INFO - [2026-06-16T01:17:27.096+0000] {dagbag.py:538} INFO - Filling up the DagBag from /home/airflow/.local/lib/python3.8/site-packages/airflow/example_dags/tutorial.py
[2026-06-16T01:17:27.273+0000] {processor.py:840} INFO - DAG(s) 'tutorial' retrieved from /home/airflow/.local/lib/python3.8/site-packages/airflow/example_dags/tutorial.py
[2026-06-16T01:17:27.420+0000] {logging_mixin.py:188} INFO - [2026-06-16T01:17:27.419+0000] {dag.py:3036} INFO - Sync 1 DAGs
[2026-06-16T01:17:27.635+0000] {logging_mixin.py:188} INFO - [2026-06-16T01:17:27.556+0000] {dag.py:3823} INFO - Setting next_dagrun for tutorial to 2026-06-15 00:00:00+00:00, run_after=2026-06-16 00:00:00+00:00
[2026-06-16T01:17:27.728+0000] {processor.py:183} INFO - Processing /home/airflow/.local/lib/python3.8/site-packages/airflow/example_dags/tutorial.py took 0.667 seconds
[2026-06-16T01:17:58.389+0000] {processor.py:161} INFO - Started process (PID=1103) to work on /home/airflow/.local/lib/python3.8/site-packages/airflow/example_dags/tutorial.py
[2026-06-16T01:17:58.397+0000] {processor.py:830} INFO - Processing file /home/airflow/.local/lib/python3.8/site-packages/airflow/example_dags/tutorial.py for tasks to queue
[2026-06-16T01:17:58.413+0000] {logging_mixin.py:188} INFO - [2026-06-16T01:17:58.411+0000] {dagbag.py:538} INFO - Filling up the DagBag from /home/airflow/.local/lib/python3.8/site-packages/airflow/example_dags/tutorial.py
[2026-06-16T01:17:58.455+0000] {processor.py:840} INFO - DAG(s) 'tutorial' retrieved from /home/airflow/.local/lib/python3.8/site-packages/airflow/example_dags/tutorial.py
[2026-06-16T01:17:58.597+0000] {logging_mixin.py:188} INFO - [2026-06-16T01:17:58.596+0000] {dag.py:3036} INFO - Sync 1 DAGs
[2026-06-16T01:17:58.716+0000] {logging_mixin.py:188} INFO - [2026-06-16T01:17:58.715+0000] {dag.py:3823} INFO - Setting next_dagrun for tutorial to 2026-06-15 00:00:00+00:00, run_after=2026-06-16 00:00:00+00:00
[2026-06-16T01:17:58.842+0000] {processor.py:183} INFO - Processing /home/airflow/.local/lib/python3.8/site-packages/airflow/example_dags/tutorial.py took 0.474 seconds
[2026-06-16T01:18:29.393+0000] {processor.py:161} INFO - Started process (PID=1160) to work on /home/airflow/.local/lib/python3.8/site-packages/airflow/example_dags/tutorial.py
[2026-06-16T01:18:29.397+0000] {processor.py:830} INFO - Processing file /home/airflow/.local/lib/python3.8/site-packages/airflow/example_dags/tutorial.py for tasks to queue
[2026-06-16T01:18:29.405+0000] {logging_mixin.py:188} INFO - [2026-06-16T01:18:29.404+0000] {dagbag.py:538} INFO - Filling up the DagBag from /home/airflow/.local/lib/python3.8/site-packages/airflow/example_dags/tutorial.py
[2026-06-16T01:18:29.431+0000] {processor.py:840} INFO - DAG(s) 'tutorial' retrieved from /home/airflow/.local/lib/python3.8/site-packages/airflow/example_dags/tutorial.py
[2026-06-16T01:18:29.507+0000] {logging_mixin.py:188} INFO - [2026-06-16T01:18:29.506+0000] {dag.py:3036} INFO - Sync 1 DAGs
[2026-06-16T01:18:29.607+0000] {logging_mixin.py:188} INFO - [2026-06-16T01:18:29.606+0000] {dag.py:3823} INFO - Setting next_dagrun for tutorial to 2026-06-15 00:00:00+00:00, run_after=2026-06-16 00:00:00+00:00
[2026-06-16T01:18:29.712+0000] {processor.py:183} INFO - Processing /home/airflow/.local/lib/python3.8/site-packages/airflow/example_dags/tutorial.py took 0.329 seconds
[2026-06-16T01:19:00.414+0000] {processor.py:161} INFO - Started process (PID=1217) to work on /home/airflow/.local/lib/python3.8/site-packages/airflow/example_dags/tutorial.py
[2026-06-16T01:19:00.418+0000] {processor.py:830} INFO - Processing file /home/airflow/.local/lib/python3.8/site-packages/airflow/example_dags/tutorial.py for tasks to queue
[2026-06-16T01:19:00.432+0000] {logging_mixin.py:188} INFO - [2026-06-16T01:19:00.429+0000] {dagbag.py:538} INFO - Filling up the DagBag from /home/airflow/.local/lib/python3.8/site-packages/airflow/example_dags/tutorial.py
[2026-06-16T01:19:00.461+0000] {processor.py:840} INFO - DAG(s) 'tutorial' retrieved from /home/airflow/.local/lib/python3.8/site-packages/airflow/example_dags/tutorial.py
[2026-06-16T01:19:00.560+0000] {logging_mixin.py:188} INFO - [2026-06-16T01:19:00.554+0000] {dag.py:3036} INFO - Sync 1 DAGs
[2026-06-16T01:19:00.698+0000] {logging_mixin.py:188} INFO - [2026-06-16T01:19:00.696+0000] {dag.py:3823} INFO - Setting next_dagrun for tutorial to 2026-06-15 00:00:00+00:00, run_after=2026-06-16 00:00:00+00:00
[2026-06-16T01:19:00.800+0000] {processor.py:183} INFO - Processing /home/airflow/.local/lib/python3.8/site-packages/airflow/example_dags/tutorial.py took 0.404 seconds
[2026-06-16T01:19:30.980+0000] {processor.py:161} INFO - Started process (PID=1272) to work on /home/airflow/.local/lib/python3.8/site-packages/airflow/example_dags/tutorial.py
[2026-06-16T01:19:30.983+0000] {processor.py:830} INFO - Processing file /home/airflow/.local/lib/python3.8/site-packages/airflow/example_dags/tutorial.py for tasks to queue
[2026-06-16T01:19:30.989+0000] {logging_mixin.py:188} INFO - [2026-06-16T01:19:30.988+0000] {dagbag.py:538} INFO - Filling up the DagBag from /home/airflow/.local/lib/python3.8/site-packages/airflow/example_dags/tutorial.py
[2026-06-16T01:19:31.010+0000] {processor.py:840} INFO - DAG(s) 'tutorial' retrieved from /home/airflow/.local/lib/python3.8/site-packages/airflow/example_dags/tutorial.py
[2026-06-16T01:19:31.142+0000] {logging_mixin.py:188} INFO - [2026-06-16T01:19:31.141+0000] {dag.py:3036} INFO - Sync 1 DAGs
[2026-06-16T01:19:31.361+0000] {logging_mixin.py:188} INFO - [2026-06-16T01:19:31.357+0000] {dag.py:3823} INFO - Setting next_dagrun for tutorial to 2026-06-15 00:00:00+00:00, run_after=2026-06-16 00:00:00+00:00
[2026-06-16T01:19:31.471+0000] {processor.py:183} INFO - Processing /home/airflow/.local/lib/python3.8/site-packages/airflow/example_dags/tutorial.py took 0.502 seconds
[2026-06-16T01:20:02.180+0000] {processor.py:161} INFO - Started process (PID=1328) to work on /home/airflow/.local/lib/python3.8/site-packages/airflow/example_dags/tutorial.py
[2026-06-16T01:20:02.184+0000] {processor.py:830} INFO - Processing file /home/airflow/.local/lib/python3.8/site-packages/airflow/example_dags/tutorial.py for tasks to queue
[2026-06-16T01:20:02.193+0000] {logging_mixin.py:188} INFO - [2026-06-16T01:20:02.192+0000] {dagbag.py:538} INFO - Filling up the DagBag from /home/airflow/.local/lib/python3.8/site-packages/airflow/example_dags/tutorial.py
[2026-06-16T01:20:02.216+0000] {processor.py:840} INFO - DAG(s) 'tutorial' retrieved from /home/airflow/.local/lib/python3.8/site-packages/airflow/example_dags/tutorial.py
[2026-06-16T01:20:02.301+0000] {logging_mixin.py:188} INFO - [2026-06-16T01:20:02.301+0000] {dag.py:3036} INFO - Sync 1 DAGs
[2026-06-16T01:20:02.464+0000] {logging_mixin.py:188} INFO - [2026-06-16T01:20:02.462+0000] {dag.py:3823} INFO - Setting next_dagrun for tutorial to 2026-06-15 00:00:00+00:00, run_after=2026-06-16 00:00:00+00:00
[2026-06-16T01:20:02.563+0000] {processor.py:183} INFO - Processing /home/airflow/.local/lib/python3.8/site-packages/airflow/example_dags/tutorial.py took 0.397 seconds
[2026-06-16T01:20:33.252+0000] {processor.py:161} INFO - Started process (PID=1384) to work on /home/airflow/.local/lib/python3.8/site-packages/airflow/example_dags/tutorial.py
[2026-06-16T01:20:33.256+0000] {processor.py:830} INFO - Processing file /home/airflow/.local/lib/python3.8/site-packages/airflow/example_dags/tutorial.py for tasks to queue
[2026-06-16T01:20:33.269+0000] {logging_mixin.py:188} INFO - [2026-06-16T01:20:33.268+0000] {dagbag.py:538} INFO - Filling up the DagBag from /home/airflow/.local/lib/python3.8/site-packages/airflow/example_dags/tutorial.py
[2026-06-16T01:20:33.294+0000] {processor.py:840} INFO - DAG(s) 'tutorial' retrieved from /home/airflow/.local/lib/python3.8/site-packages/airflow/example_dags/tutorial.py
[2026-06-16T01:20:33.392+0000] {logging_mixin.py:188} INFO - [2026-06-16T01:20:33.389+0000] {dag.py:3036} INFO - Sync 1 DAGs
[2026-06-16T01:20:33.603+0000] {logging_mixin.py:188} INFO - [2026-06-16T01:20:33.602+0000] {dag.py:3823} INFO - Setting next_dagrun for tutorial to 2026-06-15 00:00:00+00:00, run_after=2026-06-16 00:00:00+00:00
[2026-06-16T01:20:33.688+0000] {processor.py:183} INFO - Processing /home/airflow/.local/lib/python3.8/site-packages/airflow/example_dags/tutorial.py took 0.461 seconds
[2026-06-16T01:21:04.892+0000] {processor.py:161} INFO - Started process (PID=1437) to work on /home/airflow/.local/lib/python3.8/site-packages/airflow/example_dags/tutorial.py
[2026-06-16T01:21:04.897+0000] {processor.py:830} INFO - Processing file /home/airflow/.local/lib/python3.8/site-packages/airflow/example_dags/tutorial.py for tasks to queue
[2026-06-16T01:21:04.908+0000] {logging_mixin.py:188} INFO - [2026-06-16T01:21:04.907+0000] {dagbag.py:538} INFO - Filling up the DagBag from /home/airflow/.local/lib/python3.8/site-packages/airflow/example_dags/tutorial.py
[2026-06-16T01:21:04.940+0000] {processor.py:840} INFO - DAG(s) 'tutorial' retrieved from /home/airflow/.local/lib/python3.8/site-packages/airflow/example_dags/tutorial.py
[2026-06-16T01:21:05.014+0000] {logging_mixin.py:188} INFO - [2026-06-16T01:21:05.013+0000] {dag.py:3036} INFO - Sync 1 DAGs
[2026-06-16T01:21:05.101+0000] {logging_mixin.py:188} INFO - [2026-06-16T01:21:05.099+0000] {dag.py:3823} INFO - Setting next_dagrun for tutorial to 2026-06-15 00:00:00+00:00, run_after=2026-06-16 00:00:00+00:00
[2026-06-16T01:21:05.219+0000] {processor.py:183} INFO - Processing /home/airflow/.local/lib/python3.8/site-packages/airflow/example_dags/tutorial.py took 0.349 seconds
[2026-06-16T01:21:35.444+0000] {processor.py:161} INFO - Started process (PID=1493) to work on /home/airflow/.local/lib/python3.8/site-packages/airflow/example_dags/tutorial.py
[2026-06-16T01:21:35.449+0000] {processor.py:830} INFO - Processing file /home/airflow/.local/lib/python3.8/site-packages/airflow/example_dags/tutorial.py for tasks to queue
[2026-06-16T01:21:35.458+0000] {logging_mixin.py:188} INFO - [2026-06-16T01:21:35.455+0000] {dagbag.py:538} INFO - Filling up the DagBag from /home/airflow/.local/lib/python3.8/site-packages/airflow/example_dags/tutorial.py
[2026-06-16T01:21:35.477+0000] {processor.py:840} INFO - DAG(s) 'tutorial' retrieved from /home/airflow/.local/lib/python3.8/site-packages/airflow/example_dags/tutorial.py
[2026-06-16T01:21:35.568+0000] {logging_mixin.py:188} INFO - [2026-06-16T01:21:35.567+0000] {dag.py:3036} INFO - Sync 1 DAGs
[2026-06-16T01:21:35.666+0000] {logging_mixin.py:188} INFO - [2026-06-16T01:21:35.663+0000] {dag.py:3823} INFO - Setting next_dagrun for tutorial to 2026-06-15 00:00:00+00:00, run_after=2026-06-16 00:00:00+00:00
[2026-06-16T01:21:35.759+0000] {processor.py:183} INFO - Processing /home/airflow/.local/lib/python3.8/site-packages/airflow/example_dags/tutorial.py took 0.328 seconds
[2026-06-16T01:22:08.528+0000] {processor.py:161} INFO - Started process (PID=1550) to work on /home/airflow/.local/lib/python3.8/site-packages/airflow/example_dags/tutorial.py
[2026-06-16T01:22:08.531+0000] {processor.py:830} INFO - Processing file /home/airflow/.local/lib/python3.8/site-packages/airflow/example_dags/tutorial.py for tasks to queue
[2026-06-16T01:22:08.543+0000] {logging_mixin.py:188} INFO - [2026-06-16T01:22:08.542+0000] {dagbag.py:538} INFO - Filling up the DagBag from /home/airflow/.local/lib/python3.8/site-packages/airflow/example_dags/tutorial.py
[2026-06-16T01:22:08.560+0000] {processor.py:840} INFO - DAG(s) 'tutorial' retrieved from /home/airflow/.local/lib/python3.8/site-packages/airflow/example_dags/tutorial.py
[2026-06-16T01:22:08.654+0000] {logging_mixin.py:188} INFO - [2026-06-16T01:22:08.653+0000] {dag.py:3036} INFO - Sync 1 DAGs
[2026-06-16T01:22:08.747+0000] {logging_mixin.py:188} INFO - [2026-06-16T01:22:08.746+0000] {dag.py:3823} INFO - Setting next_dagrun for tutorial to 2026-06-15 00:00:00+00:00, run_after=2026-06-16 00:00:00+00:00
[2026-06-16T01:22:08.827+0000] {processor.py:183} INFO - Processing /home/airflow/.local/lib/python3.8/site-packages/airflow/example_dags/tutorial.py took 0.311 seconds
[2026-06-16T01:22:40.871+0000] {processor.py:161} INFO - Started process (PID=1605) to work on /home/airflow/.local/lib/python3.8/site-packages/airflow/example_dags/tutorial.py
[2026-06-16T01:22:40.874+0000] {processor.py:830} INFO - Processing file /home/airflow/.local/lib/python3.8/site-packages/airflow/example_dags/tutorial.py for tasks to queue
[2026-06-16T01:22:40.883+0000] {logging_mixin.py:188} INFO - [2026-06-16T01:22:40.882+0000] {dagbag.py:538} INFO - Filling up the DagBag from /home/airflow/.local/lib/python3.8/site-packages/airflow/example_dags/tutorial.py
[2026-06-16T01:22:40.916+0000] {processor.py:840} INFO - DAG(s) 'tutorial' retrieved from /home/airflow/.local/lib/python3.8/site-packages/airflow/example_dags/tutorial.py
[2026-06-16T01:22:41.060+0000] {logging_mixin.py:188} INFO - [2026-06-16T01:22:41.059+0000] {dag.py:3036} INFO - Sync 1 DAGs
[2026-06-16T01:22:41.173+0000] {logging_mixin.py:188} INFO - [2026-06-16T01:22:41.172+0000] {dag.py:3823} INFO - Setting next_dagrun for tutorial to 2026-06-15 00:00:00+00:00, run_after=2026-06-16 00:00:00+00:00
[2026-06-16T01:22:41.282+0000] {processor.py:183} INFO - Processing /home/airflow/.local/lib/python3.8/site-packages/airflow/example_dags/tutorial.py took 0.423 seconds
[2026-06-16T01:23:15.467+0000] {processor.py:161} INFO - Started process (PID=1661) to work on /home/airflow/.local/lib/python3.8/site-packages/airflow/example_dags/tutorial.py
[2026-06-16T01:23:15.470+0000] {processor.py:830} INFO - Processing file /home/airflow/.local/lib/python3.8/site-packages/airflow/example_dags/tutorial.py for tasks to queue
[2026-06-16T01:23:15.477+0000] {logging_mixin.py:188} INFO - [2026-06-16T01:23:15.476+0000] {dagbag.py:538} INFO - Filling up the DagBag from /home/airflow/.local/lib/python3.8/site-packages/airflow/example_dags/tutorial.py
[2026-06-16T01:23:15.499+0000] {processor.py:840} INFO - DAG(s) 'tutorial' retrieved from /home/airflow/.local/lib/python3.8/site-packages/airflow/example_dags/tutorial.py
[2026-06-16T01:23:15.599+0000] {logging_mixin.py:188} INFO - [2026-06-16T01:23:15.598+0000] {dag.py:3036} INFO - Sync 1 DAGs
[2026-06-16T01:23:15.697+0000] {logging_mixin.py:188} INFO - [2026-06-16T01:23:15.696+0000] {dag.py:3823} INFO - Setting next_dagrun for tutorial to 2026-06-15 00:00:00+00:00, run_after=2026-06-16 00:00:00+00:00
[2026-06-16T01:23:15.786+0000] {processor.py:183} INFO - Processing /home/airflow/.local/lib/python3.8/site-packages/airflow/example_dags/tutorial.py took 0.327 seconds
[2026-06-16T01:23:51.863+0000] {processor.py:161} INFO - Started process (PID=1722) to work on /home/airflow/.local/lib/python3.8/site-packages/airflow/example_dags/tutorial.py
[2026-06-16T01:23:51.866+0000] {processor.py:830} INFO - Processing file /home/airflow/.local/lib/python3.8/site-packages/airflow/example_dags/tutorial.py for tasks to queue
[2026-06-16T01:23:51.872+0000] {logging_mixin.py:188} INFO - [2026-06-16T01:23:51.871+0000] {dagbag.py:538} INFO - Filling up the DagBag from /home/airflow/.local/lib/python3.8/site-packages/airflow/example_dags/tutorial.py
[2026-06-16T01:23:51.893+0000] {processor.py:840} INFO - DAG(s) 'tutorial' retrieved from /home/airflow/.local/lib/python3.8/site-packages/airflow/example_dags/tutorial.py
[2026-06-16T01:23:51.982+0000] {logging_mixin.py:188} INFO - [2026-06-16T01:23:51.981+0000] {dag.py:3036} INFO - Sync 1 DAGs
[2026-06-16T01:23:52.070+0000] {logging_mixin.py:188} INFO - [2026-06-16T01:23:52.069+0000] {dag.py:3823} INFO - Setting next_dagrun for tutorial to 2026-06-15 00:00:00+00:00, run_after=2026-06-16 00:00:00+00:00
[2026-06-16T01:23:52.153+0000] {processor.py:183} INFO - Processing /home/airflow/.local/lib/python3.8/site-packages/airflow/example_dags/tutorial.py took 0.297 seconds
[2026-06-16T01:24:22.509+0000] {processor.py:161} INFO - Started process (PID=1778) to work on /home/airflow/.local/lib/python3.8/site-packages/airflow/example_dags/tutorial.py
[2026-06-16T01:24:22.511+0000] {processor.py:830} INFO - Processing file /home/airflow/.local/lib/python3.8/site-packages/airflow/example_dags/tutorial.py for tasks to queue
[2026-06-16T01:24:22.516+0000] {logging_mixin.py:188} INFO - [2026-06-16T01:24:22.516+0000] {dagbag.py:538} INFO - Filling up the DagBag from /home/airflow/.local/lib/python3.8/site-packages/airflow/example_dags/tutorial.py
[2026-06-16T01:24:22.534+0000] {processor.py:840} INFO - DAG(s) 'tutorial' retrieved from /home/airflow/.local/lib/python3.8/site-packages/airflow/example_dags/tutorial.py
[2026-06-16T01:24:22.592+0000] {logging_mixin.py:188} INFO - [2026-06-16T01:24:22.592+0000] {dag.py:3036} INFO - Sync 1 DAGs
[2026-06-16T01:24:22.668+0000] {logging_mixin.py:188} INFO - [2026-06-16T01:24:22.667+0000] {dag.py:3823} INFO - Setting next_dagrun for tutorial to 2026-06-15 00:00:00+00:00, run_after=2026-06-16 00:00:00+00:00
[2026-06-16T01:24:22.727+0000] {processor.py:183} INFO - Processing /home/airflow/.local/lib/python3.8/site-packages/airflow/example_dags/tutorial.py took 0.228 seconds
[2026-06-16T01:24:52.852+0000] {processor.py:161} INFO - Started process (PID=1832) to work on /home/airflow/.local/lib/python3.8/site-packages/airflow/example_dags/tutorial.py
[2026-06-16T01:24:52.858+0000] {processor.py:830} INFO - Processing file /home/airflow/.local/lib/python3.8/site-packages/airflow/example_dags/tutorial.py for tasks to queue
[2026-06-16T01:24:52.863+0000] {logging_mixin.py:188} INFO - [2026-06-16T01:24:52.863+0000] {dagbag.py:538} INFO - Filling up the DagBag from /home/airflow/.local/lib/python3.8/site-packages/airflow/example_dags/tutorial.py
[2026-06-16T01:24:52.880+0000] {processor.py:840} INFO - DAG(s) 'tutorial' retrieved from /home/airflow/.local/lib/python3.8/site-packages/airflow/example_dags/tutorial.py
[2026-06-16T01:24:52.929+0000] {logging_mixin.py:188} INFO - [2026-06-16T01:24:52.928+0000] {dag.py:3036} INFO - Sync 1 DAGs
[2026-06-16T01:24:52.983+0000] {logging_mixin.py:188} INFO - [2026-06-16T01:24:52.983+0000] {dag.py:3823} INFO - Setting next_dagrun for tutorial to 2026-06-15 00:00:00+00:00, run_after=2026-06-16 00:00:00+00:00
[2026-06-16T01:24:53.025+0000] {processor.py:183} INFO - Processing /home/airflow/.local/lib/python3.8/site-packages/airflow/example_dags/tutorial.py took 0.180 seconds
[2026-06-16T01:25:23.253+0000] {processor.py:161} INFO - Started process (PID=1888) to work on /home/airflow/.local/lib/python3.8/site-packages/airflow/example_dags/tutorial.py
[2026-06-16T01:25:23.256+0000] {processor.py:830} INFO - Processing file /home/airflow/.local/lib/python3.8/site-packages/airflow/example_dags/tutorial.py for tasks to queue
[2026-06-16T01:25:23.263+0000] {logging_mixin.py:188} INFO - [2026-06-16T01:25:23.261+0000] {dagbag.py:538} INFO - Filling up the DagBag from /home/airflow/.local/lib/python3.8/site-packages/airflow/example_dags/tutorial.py
[2026-06-16T01:25:23.284+0000] {processor.py:840} INFO - DAG(s) 'tutorial' retrieved from /home/airflow/.local/lib/python3.8/site-packages/airflow/example_dags/tutorial.py
[2026-06-16T01:25:23.360+0000] {logging_mixin.py:188} INFO - [2026-06-16T01:25:23.360+0000] {dag.py:3036} INFO - Sync 1 DAGs
[2026-06-16T01:25:23.490+0000] {logging_mixin.py:188} INFO - [2026-06-16T01:25:23.490+0000] {dag.py:3823} INFO - Setting next_dagrun for tutorial to 2026-06-15 00:00:00+00:00, run_after=2026-06-16 00:00:00+00:00
[2026-06-16T01:25:23.549+0000] {processor.py:183} INFO - Processing /home/airflow/.local/lib/python3.8/site-packages/airflow/example_dags/tutorial.py took 0.307 seconds
[2026-06-16T01:25:53.700+0000] {processor.py:161} INFO - Started process (PID=1944) to work on /home/airflow/.local/lib/python3.8/site-packages/airflow/example_dags/tutorial.py
[2026-06-16T01:25:53.702+0000] {processor.py:830} INFO - Processing file /home/airflow/.local/lib/python3.8/site-packages/airflow/example_dags/tutorial.py for tasks to queue
[2026-06-16T01:25:53.705+0000] {logging_mixin.py:188} INFO - [2026-06-16T01:25:53.705+0000] {dagbag.py:538} INFO - Filling up the DagBag from /home/airflow/.local/lib/python3.8/site-packages/airflow/example_dags/tutorial.py
[2026-06-16T01:25:53.715+0000] {processor.py:840} INFO - DAG(s) 'tutorial' retrieved from /home/airflow/.local/lib/python3.8/site-packages/airflow/example_dags/tutorial.py
[2026-06-16T01:25:53.764+0000] {logging_mixin.py:188} INFO - [2026-06-16T01:25:53.763+0000] {dag.py:3036} INFO - Sync 1 DAGs
[2026-06-16T01:25:53.812+0000] {logging_mixin.py:188} INFO - [2026-06-16T01:25:53.811+0000] {dag.py:3823} INFO - Setting next_dagrun for tutorial to 2026-06-15 00:00:00+00:00, run_after=2026-06-16 00:00:00+00:00
[2026-06-16T01:25:53.855+0000] {processor.py:183} INFO - Processing /home/airflow/.local/lib/python3.8/site-packages/airflow/example_dags/tutorial.py took 0.162 seconds
[2026-06-16T01:26:23.986+0000] {processor.py:161} INFO - Started process (PID=1998) to work on /home/airflow/.local/lib/python3.8/site-packages/airflow/example_dags/tutorial.py
[2026-06-16T01:26:23.988+0000] {processor.py:830} INFO - Processing file /home/airflow/.local/lib/python3.8/site-packages/airflow/example_dags/tutorial.py for tasks to queue
[2026-06-16T01:26:23.993+0000] {logging_mixin.py:188} INFO - [2026-06-16T01:26:23.993+0000] {dagbag.py:538} INFO - Filling up the DagBag from /home/airflow/.local/lib/python3.8/site-packages/airflow/example_dags/tutorial.py
[2026-06-16T01:26:24.007+0000] {processor.py:840} INFO - DAG(s) 'tutorial' retrieved from /home/airflow/.local/lib/python3.8/site-packages/airflow/example_dags/tutorial.py
[2026-06-16T01:26:24.061+0000] {logging_mixin.py:188} INFO - [2026-06-16T01:26:24.061+0000] {dag.py:3036} INFO - Sync 1 DAGs
[2026-06-16T01:26:24.114+0000] {logging_mixin.py:188} INFO - [2026-06-16T01:26:24.113+0000] {dag.py:3823} INFO - Setting next_dagrun for tutorial to 2026-06-15 00:00:00+00:00, run_after=2026-06-16 00:00:00+00:00
[2026-06-16T01:26:24.164+0000] {processor.py:183} INFO - Processing /home/airflow/.local/lib/python3.8/site-packages/airflow/example_dags/tutorial.py took 0.186 seconds
[2026-06-16T01:26:55.054+0000] {processor.py:161} INFO - Started process (PID=2054) to work on /home/airflow/.local/lib/python3.8/site-packages/airflow/example_dags/tutorial.py
[2026-06-16T01:26:55.057+0000] {processor.py:830} INFO - Processing file /home/airflow/.local/lib/python3.8/site-packages/airflow/example_dags/tutorial.py for tasks to queue
[2026-06-16T01:26:55.063+0000] {logging_mixin.py:188} INFO - [2026-06-16T01:26:55.063+0000] {dagbag.py:538} INFO - Filling up the DagBag from /home/airflow/.local/lib/python3.8/site-packages/airflow/example_dags/tutorial.py
[2026-06-16T01:26:55.080+0000] {processor.py:840} INFO - DAG(s) 'tutorial' retrieved from /home/airflow/.local/lib/python3.8/site-packages/airflow/example_dags/tutorial.py
[2026-06-16T01:26:55.161+0000] {logging_mixin.py:188} INFO - [2026-06-16T01:26:55.151+0000] {dag.py:3036} INFO - Sync 1 DAGs
[2026-06-16T01:26:55.277+0000] {logging_mixin.py:188} INFO - [2026-06-16T01:26:55.276+0000] {dag.py:3823} INFO - Setting next_dagrun for tutorial to 2026-06-15 00:00:00+00:00, run_after=2026-06-16 00:00:00+00:00
[2026-06-16T01:26:55.348+0000] {processor.py:183} INFO - Processing /home/airflow/.local/lib/python3.8/site-packages/airflow/example_dags/tutorial.py took 0.302 seconds
[2026-06-16T01:27:25.471+0000] {processor.py:161} INFO - Started process (PID=2110) to work on /home/airflow/.local/lib/python3.8/site-packages/airflow/example_dags/tutorial.py
[2026-06-16T01:27:25.474+0000] {processor.py:830} INFO - Processing file /home/airflow/.local/lib/python3.8/site-packages/airflow/example_dags/tutorial.py for tasks to queue
[2026-06-16T01:27:25.478+0000] {logging_mixin.py:188} INFO - [2026-06-16T01:27:25.478+0000] {dagbag.py:538} INFO - Filling up the DagBag from /home/airflow/.local/lib/python3.8/site-packages/airflow/example_dags/tutorial.py
[2026-06-16T01:27:25.490+0000] {processor.py:840} INFO - DAG(s) 'tutorial' retrieved from /home/airflow/.local/lib/python3.8/site-packages/airflow/example_dags/tutorial.py
[2026-06-16T01:27:25.542+0000] {logging_mixin.py:188} INFO - [2026-06-16T01:27:25.542+0000] {dag.py:3036} INFO - Sync 1 DAGs
[2026-06-16T01:27:25.594+0000] {logging_mixin.py:188} INFO - [2026-06-16T01:27:25.593+0000] {dag.py:3823} INFO - Setting next_dagrun for tutorial to 2026-06-15 00:00:00+00:00, run_after=2026-06-16 00:00:00+00:00
[2026-06-16T01:27:25.643+0000] {processor.py:183} INFO - Processing /home/airflow/.local/lib/python3.8/site-packages/airflow/example_dags/tutorial.py took 0.180 seconds
[2026-06-16T01:27:56.088+0000] {processor.py:161} INFO - Started process (PID=2166) to work on /home/airflow/.local/lib/python3.8/site-packages/airflow/example_dags/tutorial.py
[2026-06-16T01:27:56.091+0000] {processor.py:830} INFO - Processing file /home/airflow/.local/lib/python3.8/site-packages/airflow/example_dags/tutorial.py for tasks to queue
[2026-06-16T01:27:56.105+0000] {logging_mixin.py:188} INFO - [2026-06-16T01:27:56.103+0000] {dagbag.py:538} INFO - Filling up the DagBag from /home/airflow/.local/lib/python3.8/site-packages/airflow/example_dags/tutorial.py
[2026-06-16T01:27:56.137+0000] {processor.py:840} INFO - DAG(s) 'tutorial' retrieved from /home/airflow/.local/lib/python3.8/site-packages/airflow/example_dags/tutorial.py
[2026-06-16T01:27:56.253+0000] {logging_mixin.py:188} INFO - [2026-06-16T01:27:56.249+0000] {dag.py:3036} INFO - Sync 1 DAGs
[2026-06-16T01:27:56.341+0000] {logging_mixin.py:188} INFO - [2026-06-16T01:27:56.340+0000] {dag.py:3823} INFO - Setting next_dagrun for tutorial to 2026-06-15 00:00:00+00:00, run_after=2026-06-16 00:00:00+00:00
[2026-06-16T01:27:56.405+0000] {processor.py:183} INFO - Processing /home/airflow/.local/lib/python3.8/site-packages/airflow/example_dags/tutorial.py took 0.328 seconds
[2026-06-16T01:28:27.219+0000] {processor.py:161} INFO - Started process (PID=2222) to work on /home/airflow/.local/lib/python3.8/site-packages/airflow/example_dags/tutorial.py
[2026-06-16T01:28:27.221+0000] {processor.py:830} INFO - Processing file /home/airflow/.local/lib/python3.8/site-packages/airflow/example_dags/tutorial.py for tasks to queue
[2026-06-16T01:28:27.227+0000] {logging_mixin.py:188} INFO - [2026-06-16T01:28:27.226+0000] {dagbag.py:538} INFO - Filling up the DagBag from /home/airflow/.local/lib/python3.8/site-packages/airflow/example_dags/tutorial.py
[2026-06-16T01:28:27.246+0000] {processor.py:840} INFO - DAG(s) 'tutorial' retrieved from /home/airflow/.local/lib/python3.8/site-packages/airflow/example_dags/tutorial.py
[2026-06-16T01:28:27.316+0000] {logging_mixin.py:188} INFO - [2026-06-16T01:28:27.316+0000] {dag.py:3036} INFO - Sync 1 DAGs
[2026-06-16T01:28:27.443+0000] {logging_mixin.py:188} INFO - [2026-06-16T01:28:27.441+0000] {dag.py:3823} INFO - Setting next_dagrun for tutorial to 2026-06-15 00:00:00+00:00, run_after=2026-06-16 00:00:00+00:00
[2026-06-16T01:28:27.522+0000] {processor.py:183} INFO - Processing /home/airflow/.local/lib/python3.8/site-packages/airflow/example_dags/tutorial.py took 0.333 seconds
[2026-06-16T01:28:58.139+0000] {processor.py:161} INFO - Started process (PID=2278) to work on /home/airflow/.local/lib/python3.8/site-packages/airflow/example_dags/tutorial.py
[2026-06-16T01:28:58.146+0000] {processor.py:830} INFO - Processing file /home/airflow/.local/lib/python3.8/site-packages/airflow/example_dags/tutorial.py for tasks to queue
[2026-06-16T01:28:58.162+0000] {logging_mixin.py:188} INFO - [2026-06-16T01:28:58.161+0000] {dagbag.py:538} INFO - Filling up the DagBag from /home/airflow/.local/lib/python3.8/site-packages/airflow/example_dags/tutorial.py
[2026-06-16T01:28:58.195+0000] {processor.py:840} INFO - DAG(s) 'tutorial' retrieved from /home/airflow/.local/lib/python3.8/site-packages/airflow/example_dags/tutorial.py
[2026-06-16T01:28:58.387+0000] {logging_mixin.py:188} INFO - [2026-06-16T01:28:58.385+0000] {dag.py:3036} INFO - Sync 1 DAGs
[2026-06-16T01:28:58.786+0000] {logging_mixin.py:188} INFO - [2026-06-16T01:28:58.786+0000] {dag.py:3823} INFO - Setting next_dagrun for tutorial to 2026-06-15 00:00:00+00:00, run_after=2026-06-16 00:00:00+00:00
[2026-06-16T01:28:58.953+0000] {processor.py:183} INFO - Processing /home/airflow/.local/lib/python3.8/site-packages/airflow/example_dags/tutorial.py took 0.825 seconds
[2026-06-16T01:29:29.203+0000] {processor.py:161} INFO - Started process (PID=2334) to work on /home/airflow/.local/lib/python3.8/site-packages/airflow/example_dags/tutorial.py
[2026-06-16T01:29:29.206+0000] {processor.py:830} INFO - Processing file /home/airflow/.local/lib/python3.8/site-packages/airflow/example_dags/tutorial.py for tasks to queue
[2026-06-16T01:29:29.215+0000] {logging_mixin.py:188} INFO - [2026-06-16T01:29:29.214+0000] {dagbag.py:538} INFO - Filling up the DagBag from /home/airflow/.local/lib/python3.8/site-packages/airflow/example_dags/tutorial.py
[2026-06-16T01:29:29.233+0000] {processor.py:840} INFO - DAG(s) 'tutorial' retrieved from /home/airflow/.local/lib/python3.8/site-packages/airflow/example_dags/tutorial.py
[2026-06-16T01:29:29.308+0000] {logging_mixin.py:188} INFO - [2026-06-16T01:29:29.308+0000] {dag.py:3036} INFO - Sync 1 DAGs
[2026-06-16T01:29:29.366+0000] {logging_mixin.py:188} INFO - [2026-06-16T01:29:29.365+0000] {dag.py:3823} INFO - Setting next_dagrun for tutorial to 2026-06-15 00:00:00+00:00, run_after=2026-06-16 00:00:00+00:00
[2026-06-16T01:29:29.422+0000] {processor.py:183} INFO - Processing /home/airflow/.local/lib/python3.8/site-packages/airflow/example_dags/tutorial.py took 0.230 seconds
[2026-06-16T01:29:59.896+0000] {processor.py:161} INFO - Started process (PID=2390) to work on /home/airflow/.local/lib/python3.8/site-packages/airflow/example_dags/tutorial.py
[2026-06-16T01:29:59.898+0000] {processor.py:830} INFO - Processing file /home/airflow/.local/lib/python3.8/site-packages/airflow/example_dags/tutorial.py for tasks to queue
[2026-06-16T01:29:59.903+0000] {logging_mixin.py:188} INFO - [2026-06-16T01:29:59.902+0000] {dagbag.py:538} INFO - Filling up the DagBag from /home/airflow/.local/lib/python3.8/site-packages/airflow/example_dags/tutorial.py
[2026-06-16T01:29:59.920+0000] {processor.py:840} INFO - DAG(s) 'tutorial' retrieved from /home/airflow/.local/lib/python3.8/site-packages/airflow/example_dags/tutorial.py
[2026-06-16T01:29:59.976+0000] {logging_mixin.py:188} INFO - [2026-06-16T01:29:59.976+0000] {dag.py:3036} INFO - Sync 1 DAGs
[2026-06-16T01:30:00.029+0000] {logging_mixin.py:188} INFO - [2026-06-16T01:30:00.028+0000] {dag.py:3823} INFO - Setting next_dagrun for tutorial to 2026-06-15 00:00:00+00:00, run_after=2026-06-16 00:00:00+00:00
[2026-06-16T01:30:00.111+0000] {processor.py:183} INFO - Processing /home/airflow/.local/lib/python3.8/site-packages/airflow/example_dags/tutorial.py took 0.222 seconds
[2026-06-16T01:30:30.385+0000] {processor.py:161} INFO - Started process (PID=2447) to work on /home/airflow/.local/lib/python3.8/site-packages/airflow/example_dags/tutorial.py
[2026-06-16T01:30:30.388+0000] {processor.py:830} INFO - Processing file /home/airflow/.local/lib/python3.8/site-packages/airflow/example_dags/tutorial.py for tasks to queue
[2026-06-16T01:30:30.393+0000] {logging_mixin.py:188} INFO - [2026-06-16T01:30:30.392+0000] {dagbag.py:538} INFO - Filling up the DagBag from /home/airflow/.local/lib/python3.8/site-packages/airflow/example_dags/tutorial.py
[2026-06-16T01:30:30.412+0000] {processor.py:840} INFO - DAG(s) 'tutorial' retrieved from /home/airflow/.local/lib/python3.8/site-packages/airflow/example_dags/tutorial.py
[2026-06-16T01:30:30.477+0000] {logging_mixin.py:188} INFO - [2026-06-16T01:30:30.476+0000] {dag.py:3036} INFO - Sync 1 DAGs
[2026-06-16T01:30:30.543+0000] {logging_mixin.py:188} INFO - [2026-06-16T01:30:30.542+0000] {dag.py:3823} INFO - Setting next_dagrun for tutorial to 2026-06-15 00:00:00+00:00, run_after=2026-06-16 00:00:00+00:00
[2026-06-16T01:30:30.602+0000] {processor.py:183} INFO - Processing /home/airflow/.local/lib/python3.8/site-packages/airflow/example_dags/tutorial.py took 0.227 seconds
[2026-06-16T01:31:01.332+0000] {processor.py:161} INFO - Started process (PID=2503) to work on /home/airflow/.local/lib/python3.8/site-packages/airflow/example_dags/tutorial.py
[2026-06-16T01:31:01.335+0000] {processor.py:830} INFO - Processing file /home/airflow/.local/lib/python3.8/site-packages/airflow/example_dags/tutorial.py for tasks to queue
[2026-06-16T01:31:01.341+0000] {logging_mixin.py:188} INFO - [2026-06-16T01:31:01.341+0000] {dagbag.py:538} INFO - Filling up the DagBag from /home/airflow/.local/lib/python3.8/site-packages/airflow/example_dags/tutorial.py
[2026-06-16T01:31:01.380+0000] {processor.py:840} INFO - DAG(s) 'tutorial' retrieved from /home/airflow/.local/lib/python3.8/site-packages/airflow/example_dags/tutorial.py
[2026-06-16T01:31:01.457+0000] {logging_mixin.py:188} INFO - [2026-06-16T01:31:01.457+0000] {dag.py:3036} INFO - Sync 1 DAGs
[2026-06-16T01:31:01.522+0000] {logging_mixin.py:188} INFO - [2026-06-16T01:31:01.521+0000] {dag.py:3823} INFO - Setting next_dagrun for tutorial to 2026-06-15 00:00:00+00:00, run_after=2026-06-16 00:00:00+00:00
[2026-06-16T01:31:01.959+0000] {processor.py:183} INFO - Processing /home/airflow/.local/lib/python3.8/site-packages/airflow/example_dags/tutorial.py took 0.637 seconds
[2026-06-16T01:31:32.090+0000] {processor.py:161} INFO - Started process (PID=2559) to work on /home/airflow/.local/lib/python3.8/site-packages/airflow/example_dags/tutorial.py
[2026-06-16T01:31:32.093+0000] {processor.py:830} INFO - Processing file /home/airflow/.local/lib/python3.8/site-packages/airflow/example_dags/tutorial.py for tasks to queue
[2026-06-16T01:31:32.097+0000] {logging_mixin.py:188} INFO - [2026-06-16T01:31:32.097+0000] {dagbag.py:538} INFO - Filling up the DagBag from /home/airflow/.local/lib/python3.8/site-packages/airflow/example_dags/tutorial.py
[2026-06-16T01:31:32.115+0000] {processor.py:840} INFO - DAG(s) 'tutorial' retrieved from /home/airflow/.local/lib/python3.8/site-packages/airflow/example_dags/tutorial.py
[2026-06-16T01:31:32.177+0000] {logging_mixin.py:188} INFO - [2026-06-16T01:31:32.176+0000] {dag.py:3036} INFO - Sync 1 DAGs
[2026-06-16T01:31:32.261+0000] {logging_mixin.py:188} INFO - [2026-06-16T01:31:32.260+0000] {dag.py:3823} INFO - Setting next_dagrun for tutorial to 2026-06-15 00:00:00+00:00, run_after=2026-06-16 00:00:00+00:00
[2026-06-16T01:31:32.337+0000] {processor.py:183} INFO - Processing /home/airflow/.local/lib/python3.8/site-packages/airflow/example_dags/tutorial.py took 0.257 seconds
[2026-06-16T01:32:03.482+0000] {processor.py:161} INFO - Started process (PID=2615) to work on /home/airflow/.local/lib/python3.8/site-packages/airflow/example_dags/tutorial.py
[2026-06-16T01:32:03.486+0000] {processor.py:830} INFO - Processing file /home/airflow/.local/lib/python3.8/site-packages/airflow/example_dags/tutorial.py for tasks to queue
[2026-06-16T01:32:03.525+0000] {logging_mixin.py:188} INFO - [2026-06-16T01:32:03.508+0000] {dagbag.py:538} INFO - Filling up the DagBag from /home/airflow/.local/lib/python3.8/site-packages/airflow/example_dags/tutorial.py
[2026-06-16T01:32:03.593+0000] {processor.py:840} INFO - DAG(s) 'tutorial' retrieved from /home/airflow/.local/lib/python3.8/site-packages/airflow/example_dags/tutorial.py
[2026-06-16T01:32:03.806+0000] {logging_mixin.py:188} INFO - [2026-06-16T01:32:03.805+0000] {dag.py:3036} INFO - Sync 1 DAGs
[2026-06-16T01:32:03.925+0000] {logging_mixin.py:188} INFO - [2026-06-16T01:32:03.924+0000] {dag.py:3823} INFO - Setting next_dagrun for tutorial to 2026-06-15 00:00:00+00:00, run_after=2026-06-16 00:00:00+00:00
[2026-06-16T01:32:04.018+0000] {processor.py:183} INFO - Processing /home/airflow/.local/lib/python3.8/site-packages/airflow/example_dags/tutorial.py took 0.548 seconds
[2026-06-16T01:32:34.518+0000] {processor.py:161} INFO - Started process (PID=2675) to work on /home/airflow/.local/lib/python3.8/site-packages/airflow/example_dags/tutorial.py
[2026-06-16T01:32:34.521+0000] {processor.py:830} INFO - Processing file /home/airflow/.local/lib/python3.8/site-packages/airflow/example_dags/tutorial.py for tasks to queue
[2026-06-16T01:32:34.526+0000] {logging_mixin.py:188} INFO - [2026-06-16T01:32:34.526+0000] {dagbag.py:538} INFO - Filling up the DagBag from /home/airflow/.local/lib/python3.8/site-packages/airflow/example_dags/tutorial.py
[2026-06-16T01:32:34.544+0000] {processor.py:840} INFO - DAG(s) 'tutorial' retrieved from /home/airflow/.local/lib/python3.8/site-packages/airflow/example_dags/tutorial.py
[2026-06-16T01:32:34.612+0000] {logging_mixin.py:188} INFO - [2026-06-16T01:32:34.612+0000] {dag.py:3036} INFO - Sync 1 DAGs
[2026-06-16T01:32:34.673+0000] {logging_mixin.py:188} INFO - [2026-06-16T01:32:34.672+0000] {dag.py:3823} INFO - Setting next_dagrun for tutorial to 2026-06-15 00:00:00+00:00, run_after=2026-06-16 00:00:00+00:00
[2026-06-16T01:32:34.724+0000] {processor.py:183} INFO - Processing /home/airflow/.local/lib/python3.8/site-packages/airflow/example_dags/tutorial.py took 0.214 seconds
[2026-06-16T01:33:04.882+0000] {processor.py:161} INFO - Started process (PID=2731) to work on /home/airflow/.local/lib/python3.8/site-packages/airflow/example_dags/tutorial.py
[2026-06-16T01:33:04.885+0000] {processor.py:830} INFO - Processing file /home/airflow/.local/lib/python3.8/site-packages/airflow/example_dags/tutorial.py for tasks to queue
[2026-06-16T01:33:04.891+0000] {logging_mixin.py:188} INFO - [2026-06-16T01:33:04.890+0000] {dagbag.py:538} INFO - Filling up the DagBag from /home/airflow/.local/lib/python3.8/site-packages/airflow/example_dags/tutorial.py
[2026-06-16T01:33:04.909+0000] {processor.py:840} INFO - DAG(s) 'tutorial' retrieved from /home/airflow/.local/lib/python3.8/site-packages/airflow/example_dags/tutorial.py
[2026-06-16T01:33:04.973+0000] {logging_mixin.py:188} INFO - [2026-06-16T01:33:04.972+0000] {dag.py:3036} INFO - Sync 1 DAGs
[2026-06-16T01:33:05.036+0000] {logging_mixin.py:188} INFO - [2026-06-16T01:33:05.036+0000] {dag.py:3823} INFO - Setting next_dagrun for tutorial to 2026-06-15 00:00:00+00:00, run_after=2026-06-16 00:00:00+00:00
[2026-06-16T01:33:05.090+0000] {processor.py:183} INFO - Processing /home/airflow/.local/lib/python3.8/site-packages/airflow/example_dags/tutorial.py took 0.220 seconds
[2026-06-16T01:33:35.240+0000] {processor.py:161} INFO - Started process (PID=2786) to work on /home/airflow/.local/lib/python3.8/site-packages/airflow/example_dags/tutorial.py
[2026-06-16T01:33:35.242+0000] {processor.py:830} INFO - Processing file /home/airflow/.local/lib/python3.8/site-packages/airflow/example_dags/tutorial.py for tasks to queue
[2026-06-16T01:33:35.246+0000] {logging_mixin.py:188} INFO - [2026-06-16T01:33:35.245+0000] {dagbag.py:538} INFO - Filling up the DagBag from /home/airflow/.local/lib/python3.8/site-packages/airflow/example_dags/tutorial.py
[2026-06-16T01:33:35.260+0000] {processor.py:840} INFO - DAG(s) 'tutorial' retrieved from /home/airflow/.local/lib/python3.8/site-packages/airflow/example_dags/tutorial.py
[2026-06-16T01:33:35.712+0000] {logging_mixin.py:188} INFO - [2026-06-16T01:33:35.711+0000] {dag.py:3036} INFO - Sync 1 DAGs
[2026-06-16T01:33:35.774+0000] {logging_mixin.py:188} INFO - [2026-06-16T01:33:35.773+0000] {dag.py:3823} INFO - Setting next_dagrun for tutorial to 2026-06-15 00:00:00+00:00, run_after=2026-06-16 00:00:00+00:00
[2026-06-16T01:33:35.892+0000] {processor.py:183} INFO - Processing /home/airflow/.local/lib/python3.8/site-packages/airflow/example_dags/tutorial.py took 0.658 seconds
[2026-06-16T01:34:06.150+0000] {processor.py:161} INFO - Started process (PID=2842) to work on /home/airflow/.local/lib/python3.8/site-packages/airflow/example_dags/tutorial.py
[2026-06-16T01:34:06.152+0000] {processor.py:830} INFO - Processing file /home/airflow/.local/lib/python3.8/site-packages/airflow/example_dags/tutorial.py for tasks to queue
[2026-06-16T01:34:06.157+0000] {logging_mixin.py:188} INFO - [2026-06-16T01:34:06.156+0000] {dagbag.py:538} INFO - Filling up the DagBag from /home/airflow/.local/lib/python3.8/site-packages/airflow/example_dags/tutorial.py
[2026-06-16T01:34:06.181+0000] {processor.py:840} INFO - DAG(s) 'tutorial' retrieved from /home/airflow/.local/lib/python3.8/site-packages/airflow/example_dags/tutorial.py
[2026-06-16T01:34:06.264+0000] {logging_mixin.py:188} INFO - [2026-06-16T01:34:06.263+0000] {dag.py:3036} INFO - Sync 1 DAGs
[2026-06-16T01:34:06.555+0000] {logging_mixin.py:188} INFO - [2026-06-16T01:34:06.555+0000] {dag.py:3823} INFO - Setting next_dagrun for tutorial to 2026-06-15 00:00:00+00:00, run_after=2026-06-16 00:00:00+00:00
[2026-06-16T01:34:06.597+0000] {processor.py:183} INFO - Processing /home/airflow/.local/lib/python3.8/site-packages/airflow/example_dags/tutorial.py took 0.456 seconds
[2026-06-16T01:34:36.658+0000] {processor.py:161} INFO - Started process (PID=2897) to work on /home/airflow/.local/lib/python3.8/site-packages/airflow/example_dags/tutorial.py
[2026-06-16T01:34:36.660+0000] {processor.py:830} INFO - Processing file /home/airflow/.local/lib/python3.8/site-packages/airflow/example_dags/tutorial.py for tasks to queue
[2026-06-16T01:34:36.666+0000] {logging_mixin.py:188} INFO - [2026-06-16T01:34:36.665+0000] {dagbag.py:538} INFO - Filling up the DagBag from /home/airflow/.local/lib/python3.8/site-packages/airflow/example_dags/tutorial.py
[2026-06-16T01:34:36.678+0000] {processor.py:840} INFO - DAG(s) 'tutorial' retrieved from /home/airflow/.local/lib/python3.8/site-packages/airflow/example_dags/tutorial.py
[2026-06-16T01:34:36.733+0000] {logging_mixin.py:188} INFO - [2026-06-16T01:34:36.732+0000] {dag.py:3036} INFO - Sync 1 DAGs
[2026-06-16T01:34:36.785+0000] {logging_mixin.py:188} INFO - [2026-06-16T01:34:36.784+0000] {dag.py:3823} INFO - Setting next_dagrun for tutorial to 2026-06-15 00:00:00+00:00, run_after=2026-06-16 00:00:00+00:00
[2026-06-16T01:34:36.843+0000] {processor.py:183} INFO - Processing /home/airflow/.local/lib/python3.8/site-packages/airflow/example_dags/tutorial.py took 0.195 seconds
[2026-06-16T01:35:07.935+0000] {processor.py:161} INFO - Started process (PID=2953) to work on /home/airflow/.local/lib/python3.8/site-packages/airflow/example_dags/tutorial.py
[2026-06-16T01:35:07.938+0000] {processor.py:830} INFO - Processing file /home/airflow/.local/lib/python3.8/site-packages/airflow/example_dags/tutorial.py for tasks to queue
[2026-06-16T01:35:07.941+0000] {logging_mixin.py:188} INFO - [2026-06-16T01:35:07.941+0000] {dagbag.py:538} INFO - Filling up the DagBag from /home/airflow/.local/lib/python3.8/site-packages/airflow/example_dags/tutorial.py
[2026-06-16T01:35:08.189+0000] {processor.py:840} INFO - DAG(s) 'tutorial' retrieved from /home/airflow/.local/lib/python3.8/site-packages/airflow/example_dags/tutorial.py
[2026-06-16T01:35:08.234+0000] {logging_mixin.py:188} INFO - [2026-06-16T01:35:08.233+0000] {dag.py:3036} INFO - Sync 1 DAGs
[2026-06-16T01:35:08.279+0000] {logging_mixin.py:188} INFO - [2026-06-16T01:35:08.279+0000] {dag.py:3823} INFO - Setting next_dagrun for tutorial to 2026-06-15 00:00:00+00:00, run_after=2026-06-16 00:00:00+00:00
[2026-06-16T01:35:08.330+0000] {processor.py:183} INFO - Processing /home/airflow/.local/lib/python3.8/site-packages/airflow/example_dags/tutorial.py took 0.408 seconds
[2026-06-16T01:35:38.934+0000] {processor.py:161} INFO - Started process (PID=3009) to work on /home/airflow/.local/lib/python3.8/site-packages/airflow/example_dags/tutorial.py
[2026-06-16T01:35:38.936+0000] {processor.py:830} INFO - Processing file /home/airflow/.local/lib/python3.8/site-packages/airflow/example_dags/tutorial.py for tasks to queue
[2026-06-16T01:35:38.940+0000] {logging_mixin.py:188} INFO - [2026-06-16T01:35:38.940+0000] {dagbag.py:538} INFO - Filling up the DagBag from /home/airflow/.local/lib/python3.8/site-packages/airflow/example_dags/tutorial.py
[2026-06-16T01:35:38.957+0000] {processor.py:840} INFO - DAG(s) 'tutorial' retrieved from /home/airflow/.local/lib/python3.8/site-packages/airflow/example_dags/tutorial.py
[2026-06-16T01:35:39.011+0000] {logging_mixin.py:188} INFO - [2026-06-16T01:35:39.011+0000] {dag.py:3036} INFO - Sync 1 DAGs
[2026-06-16T01:35:39.098+0000] {logging_mixin.py:188} INFO - [2026-06-16T01:35:39.096+0000] {dag.py:3823} INFO - Setting next_dagrun for tutorial to 2026-06-15 00:00:00+00:00, run_after=2026-06-16 00:00:00+00:00
[2026-06-16T01:35:39.201+0000] {processor.py:183} INFO - Processing /home/airflow/.local/lib/python3.8/site-packages/airflow/example_dags/tutorial.py took 0.276 seconds
[2026-06-16T01:36:09.696+0000] {processor.py:161} INFO - Started process (PID=3065) to work on /home/airflow/.local/lib/python3.8/site-packages/airflow/example_dags/tutorial.py
[2026-06-16T01:36:09.718+0000] {processor.py:830} INFO - Processing file /home/airflow/.local/lib/python3.8/site-packages/airflow/example_dags/tutorial.py for tasks to queue
[2026-06-16T01:36:09.742+0000] {logging_mixin.py:188} INFO - [2026-06-16T01:36:09.740+0000] {dagbag.py:538} INFO - Filling up the DagBag from /home/airflow/.local/lib/python3.8/site-packages/airflow/example_dags/tutorial.py
[2026-06-16T01:36:09.827+0000] {processor.py:840} INFO - DAG(s) 'tutorial' retrieved from /home/airflow/.local/lib/python3.8/site-packages/airflow/example_dags/tutorial.py
[2026-06-16T01:36:09.968+0000] {logging_mixin.py:188} INFO - [2026-06-16T01:36:09.968+0000] {dag.py:3036} INFO - Sync 1 DAGs
[2026-06-16T01:36:10.094+0000] {logging_mixin.py:188} INFO - [2026-06-16T01:36:10.093+0000] {dag.py:3823} INFO - Setting next_dagrun for tutorial to 2026-06-15 00:00:00+00:00, run_after=2026-06-16 00:00:00+00:00
[2026-06-16T01:36:10.220+0000] {processor.py:183} INFO - Processing /home/airflow/.local/lib/python3.8/site-packages/airflow/example_dags/tutorial.py took 0.526 seconds
[2026-06-16T01:36:40.553+0000] {processor.py:161} INFO - Started process (PID=3121) to work on /home/airflow/.local/lib/python3.8/site-packages/airflow/example_dags/tutorial.py
[2026-06-16T01:36:40.556+0000] {processor.py:830} INFO - Processing file /home/airflow/.local/lib/python3.8/site-packages/airflow/example_dags/tutorial.py for tasks to queue
[2026-06-16T01:36:40.562+0000] {logging_mixin.py:188} INFO - [2026-06-16T01:36:40.562+0000] {dagbag.py:538} INFO - Filling up the DagBag from /home/airflow/.local/lib/python3.8/site-packages/airflow/example_dags/tutorial.py
[2026-06-16T01:36:40.578+0000] {processor.py:840} INFO - DAG(s) 'tutorial' retrieved from /home/airflow/.local/lib/python3.8/site-packages/airflow/example_dags/tutorial.py
[2026-06-16T01:36:40.637+0000] {logging_mixin.py:188} INFO - [2026-06-16T01:36:40.634+0000] {dag.py:3036} INFO - Sync 1 DAGs
[2026-06-16T01:36:40.697+0000] {logging_mixin.py:188} INFO - [2026-06-16T01:36:40.696+0000] {dag.py:3823} INFO - Setting next_dagrun for tutorial to 2026-06-15 00:00:00+00:00, run_after=2026-06-16 00:00:00+00:00
[2026-06-16T01:36:40.791+0000] {processor.py:183} INFO - Processing /home/airflow/.local/lib/python3.8/site-packages/airflow/example_dags/tutorial.py took 0.246 seconds
[2026-06-16T01:37:11.114+0000] {processor.py:161} INFO - Started process (PID=3177) to work on /home/airflow/.local/lib/python3.8/site-packages/airflow/example_dags/tutorial.py
[2026-06-16T01:37:11.118+0000] {processor.py:830} INFO - Processing file /home/airflow/.local/lib/python3.8/site-packages/airflow/example_dags/tutorial.py for tasks to queue
[2026-06-16T01:37:11.129+0000] {logging_mixin.py:188} INFO - [2026-06-16T01:37:11.128+0000] {dagbag.py:538} INFO - Filling up the DagBag from /home/airflow/.local/lib/python3.8/site-packages/airflow/example_dags/tutorial.py
[2026-06-16T01:37:11.148+0000] {processor.py:840} INFO - DAG(s) 'tutorial' retrieved from /home/airflow/.local/lib/python3.8/site-packages/airflow/example_dags/tutorial.py
[2026-06-16T01:37:11.230+0000] {logging_mixin.py:188} INFO - [2026-06-16T01:37:11.229+0000] {dag.py:3036} INFO - Sync 1 DAGs
[2026-06-16T01:37:11.333+0000] {logging_mixin.py:188} INFO - [2026-06-16T01:37:11.333+0000] {dag.py:3823} INFO - Setting next_dagrun for tutorial to 2026-06-15 00:00:00+00:00, run_after=2026-06-16 00:00:00+00:00
[2026-06-16T01:37:11.526+0000] {processor.py:183} INFO - Processing /home/airflow/.local/lib/python3.8/site-packages/airflow/example_dags/tutorial.py took 0.422 seconds
[2026-06-16T01:37:41.995+0000] {processor.py:161} INFO - Started process (PID=3232) to work on /home/airflow/.local/lib/python3.8/site-packages/airflow/example_dags/tutorial.py
[2026-06-16T01:37:41.999+0000] {processor.py:830} INFO - Processing file /home/airflow/.local/lib/python3.8/site-packages/airflow/example_dags/tutorial.py for tasks to queue
[2026-06-16T01:37:42.009+0000] {logging_mixin.py:188} INFO - [2026-06-16T01:37:42.008+0000] {dagbag.py:538} INFO - Filling up the DagBag from /home/airflow/.local/lib/python3.8/site-packages/airflow/example_dags/tutorial.py
[2026-06-16T01:37:42.037+0000] {processor.py:840} INFO - DAG(s) 'tutorial' retrieved from /home/airflow/.local/lib/python3.8/site-packages/airflow/example_dags/tutorial.py
[2026-06-16T01:37:42.143+0000] {logging_mixin.py:188} INFO - [2026-06-16T01:37:42.143+0000] {dag.py:3036} INFO - Sync 1 DAGs
[2026-06-16T01:37:42.240+0000] {logging_mixin.py:188} INFO - [2026-06-16T01:37:42.239+0000] {dag.py:3823} INFO - Setting next_dagrun for tutorial to 2026-06-15 00:00:00+00:00, run_after=2026-06-16 00:00:00+00:00
[2026-06-16T01:37:42.299+0000] {processor.py:183} INFO - Processing /home/airflow/.local/lib/python3.8/site-packages/airflow/example_dags/tutorial.py took 0.320 seconds
[2026-06-16T01:38:12.451+0000] {processor.py:161} INFO - Started process (PID=3288) to work on /home/airflow/.local/lib/python3.8/site-packages/airflow/example_dags/tutorial.py
[2026-06-16T01:38:12.453+0000] {processor.py:830} INFO - Processing file /home/airflow/.local/lib/python3.8/site-packages/airflow/example_dags/tutorial.py for tasks to queue
[2026-06-16T01:38:12.458+0000] {logging_mixin.py:188} INFO - [2026-06-16T01:38:12.457+0000] {dagbag.py:538} INFO - Filling up the DagBag from /home/airflow/.local/lib/python3.8/site-packages/airflow/example_dags/tutorial.py
[2026-06-16T01:38:12.479+0000] {processor.py:840} INFO - DAG(s) 'tutorial' retrieved from /home/airflow/.local/lib/python3.8/site-packages/airflow/example_dags/tutorial.py
[2026-06-16T01:38:12.546+0000] {logging_mixin.py:188} INFO - [2026-06-16T01:38:12.546+0000] {dag.py:3036} INFO - Sync 1 DAGs
[2026-06-16T01:38:12.600+0000] {logging_mixin.py:188} INFO - [2026-06-16T01:38:12.599+0000] {dag.py:3823} INFO - Setting next_dagrun for tutorial to 2026-06-15 00:00:00+00:00, run_after=2026-06-16 00:00:00+00:00
[2026-06-16T01:38:12.642+0000] {processor.py:183} INFO - Processing /home/airflow/.local/lib/python3.8/site-packages/airflow/example_dags/tutorial.py took 0.201 seconds
