[2026-06-16T01:08:04.868+0000] {processor.py:161} INFO - Started process (PID=84) to work on /opt/airflow/dags/kitten_image_pipeline.py
[2026-06-16T01:08:04.873+0000] {processor.py:830} INFO - Processing file /opt/airflow/dags/kitten_image_pipeline.py for tasks to queue
[2026-06-16T01:08:04.886+0000] {logging_mixin.py:188} INFO - [2026-06-16T01:08:04.885+0000] {dagbag.py:538} INFO - Filling up the DagBag from /opt/airflow/dags/kitten_image_pipeline.py
[2026-06-16T01:08:05.039+0000] {processor.py:840} INFO - DAG(s) 'Basic_Airflow_Pipeline' retrieved from /opt/airflow/dags/kitten_image_pipeline.py
[2026-06-16T01:08:06.408+0000] {logging_mixin.py:188} INFO - [2026-06-16T01:08:06.406+0000] {override.py:1769} INFO - Created Permission View: can edit on DAG:Basic_Airflow_Pipeline
[2026-06-16T01:08:06.436+0000] {logging_mixin.py:188} INFO - [2026-06-16T01:08:06.435+0000] {override.py:1769} INFO - Created Permission View: can delete on DAG:Basic_Airflow_Pipeline
[2026-06-16T01:08:06.457+0000] {logging_mixin.py:188} INFO - [2026-06-16T01:08:06.456+0000] {override.py:1769} INFO - Created Permission View: can read on DAG:Basic_Airflow_Pipeline
[2026-06-16T01:08:06.460+0000] {logging_mixin.py:188} INFO - [2026-06-16T01:08:06.459+0000] {dag.py:3036} INFO - Sync 1 DAGs
[2026-06-16T01:08:06.518+0000] {logging_mixin.py:188} INFO - [2026-06-16T01:08:06.517+0000] {dag.py:3058} INFO - Creating ORM DAG for Basic_Airflow_Pipeline
[2026-06-16T01:08:06.575+0000] {logging_mixin.py:188} INFO - [2026-06-16T01:08:06.575+0000] {dag.py:3823} INFO - Setting next_dagrun for Basic_Airflow_Pipeline to 2026-06-16 00:00:00+00:00, run_after=2026-06-17 00:00:00+00:00
[2026-06-16T01:08:06.656+0000] {processor.py:183} INFO - Processing /opt/airflow/dags/kitten_image_pipeline.py took 1.808 seconds
[2026-06-16T01:08:49.318+0000] {processor.py:161} INFO - Started process (PID=139) to work on /opt/airflow/dags/kitten_image_pipeline.py
[2026-06-16T01:08:49.323+0000] {processor.py:830} INFO - Processing file /opt/airflow/dags/kitten_image_pipeline.py for tasks to queue
[2026-06-16T01:08:49.331+0000] {logging_mixin.py:188} INFO - [2026-06-16T01:08:49.329+0000] {dagbag.py:538} INFO - Filling up the DagBag from /opt/airflow/dags/kitten_image_pipeline.py
[2026-06-16T01:08:49.395+0000] {processor.py:840} INFO - DAG(s) 'Basic_Airflow_Pipeline' retrieved from /opt/airflow/dags/kitten_image_pipeline.py
[2026-06-16T01:08:49.598+0000] {logging_mixin.py:188} INFO - [2026-06-16T01:08:49.597+0000] {dag.py:3036} INFO - Sync 1 DAGs
[2026-06-16T01:08:49.893+0000] {logging_mixin.py:188} INFO - [2026-06-16T01:08:49.891+0000] {dag.py:3823} INFO - Setting next_dagrun for Basic_Airflow_Pipeline to 2026-06-16 00:00:00+00:00, run_after=2026-06-17 00:00:00+00:00
[2026-06-16T01:08:49.963+0000] {processor.py:183} INFO - Processing /opt/airflow/dags/kitten_image_pipeline.py took 0.674 seconds
[2026-06-16T01:09:20.735+0000] {processor.py:161} INFO - Started process (PID=194) to work on /opt/airflow/dags/kitten_image_pipeline.py
[2026-06-16T01:09:20.740+0000] {processor.py:830} INFO - Processing file /opt/airflow/dags/kitten_image_pipeline.py for tasks to queue
[2026-06-16T01:09:20.758+0000] {logging_mixin.py:188} INFO - [2026-06-16T01:09:20.754+0000] {dagbag.py:538} INFO - Filling up the DagBag from /opt/airflow/dags/kitten_image_pipeline.py
[2026-06-16T01:09:20.824+0000] {processor.py:840} INFO - DAG(s) 'Basic_Airflow_Pipeline' retrieved from /opt/airflow/dags/kitten_image_pipeline.py
[2026-06-16T01:09:20.942+0000] {logging_mixin.py:188} INFO - [2026-06-16T01:09:20.941+0000] {dag.py:3036} INFO - Sync 1 DAGs
[2026-06-16T01:09:21.100+0000] {logging_mixin.py:188} INFO - [2026-06-16T01:09:21.100+0000] {dag.py:3823} INFO - Setting next_dagrun for Basic_Airflow_Pipeline to 2026-06-16 00:00:00+00:00, run_after=2026-06-17 00:00:00+00:00
[2026-06-16T01:09:21.324+0000] {processor.py:183} INFO - Processing /opt/airflow/dags/kitten_image_pipeline.py took 0.605 seconds
[2026-06-16T01:09:51.578+0000] {processor.py:161} INFO - Started process (PID=250) to work on /opt/airflow/dags/kitten_image_pipeline.py
[2026-06-16T01:09:51.593+0000] {processor.py:830} INFO - Processing file /opt/airflow/dags/kitten_image_pipeline.py for tasks to queue
[2026-06-16T01:09:51.600+0000] {logging_mixin.py:188} INFO - [2026-06-16T01:09:51.599+0000] {dagbag.py:538} INFO - Filling up the DagBag from /opt/airflow/dags/kitten_image_pipeline.py
[2026-06-16T01:09:51.630+0000] {processor.py:840} INFO - DAG(s) 'Basic_Airflow_Pipeline' retrieved from /opt/airflow/dags/kitten_image_pipeline.py
[2026-06-16T01:09:51.773+0000] {logging_mixin.py:188} INFO - [2026-06-16T01:09:51.772+0000] {dag.py:3036} INFO - Sync 1 DAGs
[2026-06-16T01:09:51.866+0000] {logging_mixin.py:188} INFO - [2026-06-16T01:09:51.865+0000] {dag.py:3823} INFO - Setting next_dagrun for Basic_Airflow_Pipeline to 2026-06-16 00:00:00+00:00, run_after=2026-06-17 00:00:00+00:00
[2026-06-16T01:09:51.982+0000] {processor.py:183} INFO - Processing /opt/airflow/dags/kitten_image_pipeline.py took 0.417 seconds
[2026-06-16T01:10:22.326+0000] {processor.py:161} INFO - Started process (PID=305) to work on /opt/airflow/dags/kitten_image_pipeline.py
[2026-06-16T01:10:22.330+0000] {processor.py:830} INFO - Processing file /opt/airflow/dags/kitten_image_pipeline.py for tasks to queue
[2026-06-16T01:10:22.336+0000] {logging_mixin.py:188} INFO - [2026-06-16T01:10:22.335+0000] {dagbag.py:538} INFO - Filling up the DagBag from /opt/airflow/dags/kitten_image_pipeline.py
[2026-06-16T01:10:22.412+0000] {processor.py:840} INFO - DAG(s) 'Basic_Airflow_Pipeline' retrieved from /opt/airflow/dags/kitten_image_pipeline.py
[2026-06-16T01:10:22.680+0000] {logging_mixin.py:188} INFO - [2026-06-16T01:10:22.678+0000] {dag.py:3036} INFO - Sync 1 DAGs
[2026-06-16T01:10:22.933+0000] {logging_mixin.py:188} INFO - [2026-06-16T01:10:22.933+0000] {dag.py:3823} INFO - Setting next_dagrun for Basic_Airflow_Pipeline to 2026-06-16 00:00:00+00:00, run_after=2026-06-17 00:00:00+00:00
[2026-06-16T01:10:23.105+0000] {processor.py:183} INFO - Processing /opt/airflow/dags/kitten_image_pipeline.py took 0.793 seconds
[2026-06-16T01:10:54.331+0000] {processor.py:161} INFO - Started process (PID=359) to work on /opt/airflow/dags/kitten_image_pipeline.py
[2026-06-16T01:10:54.334+0000] {processor.py:830} INFO - Processing file /opt/airflow/dags/kitten_image_pipeline.py for tasks to queue
[2026-06-16T01:10:54.340+0000] {logging_mixin.py:188} INFO - [2026-06-16T01:10:54.339+0000] {dagbag.py:538} INFO - Filling up the DagBag from /opt/airflow/dags/kitten_image_pipeline.py
[2026-06-16T01:10:54.370+0000] {processor.py:840} INFO - DAG(s) 'Basic_Airflow_Pipeline' retrieved from /opt/airflow/dags/kitten_image_pipeline.py
[2026-06-16T01:10:54.510+0000] {logging_mixin.py:188} INFO - [2026-06-16T01:10:54.510+0000] {dag.py:3036} INFO - Sync 1 DAGs
[2026-06-16T01:10:54.715+0000] {logging_mixin.py:188} INFO - [2026-06-16T01:10:54.715+0000] {dag.py:3823} INFO - Setting next_dagrun for Basic_Airflow_Pipeline to 2026-06-16 00:00:00+00:00, run_after=2026-06-17 00:00:00+00:00
[2026-06-16T01:10:54.826+0000] {processor.py:183} INFO - Processing /opt/airflow/dags/kitten_image_pipeline.py took 0.508 seconds
[2026-06-16T01:11:25.866+0000] {processor.py:161} INFO - Started process (PID=415) to work on /opt/airflow/dags/kitten_image_pipeline.py
[2026-06-16T01:11:25.870+0000] {processor.py:830} INFO - Processing file /opt/airflow/dags/kitten_image_pipeline.py for tasks to queue
[2026-06-16T01:11:25.882+0000] {logging_mixin.py:188} INFO - [2026-06-16T01:11:25.876+0000] {dagbag.py:538} INFO - Filling up the DagBag from /opt/airflow/dags/kitten_image_pipeline.py
[2026-06-16T01:11:25.920+0000] {processor.py:840} INFO - DAG(s) 'Basic_Airflow_Pipeline' retrieved from /opt/airflow/dags/kitten_image_pipeline.py
[2026-06-16T01:11:26.013+0000] {logging_mixin.py:188} INFO - [2026-06-16T01:11:26.013+0000] {dag.py:3036} INFO - Sync 1 DAGs
[2026-06-16T01:11:26.196+0000] {logging_mixin.py:188} INFO - [2026-06-16T01:11:26.195+0000] {dag.py:3823} INFO - Setting next_dagrun for Basic_Airflow_Pipeline to 2026-06-16 00:00:00+00:00, run_after=2026-06-17 00:00:00+00:00
[2026-06-16T01:11:26.291+0000] {processor.py:183} INFO - Processing /opt/airflow/dags/kitten_image_pipeline.py took 0.439 seconds
[2026-06-16T01:11:57.091+0000] {processor.py:161} INFO - Started process (PID=470) to work on /opt/airflow/dags/kitten_image_pipeline.py
[2026-06-16T01:11:57.100+0000] {processor.py:830} INFO - Processing file /opt/airflow/dags/kitten_image_pipeline.py for tasks to queue
[2026-06-16T01:11:57.107+0000] {logging_mixin.py:188} INFO - [2026-06-16T01:11:57.106+0000] {dagbag.py:538} INFO - Filling up the DagBag from /opt/airflow/dags/kitten_image_pipeline.py
[2026-06-16T01:11:57.140+0000] {processor.py:840} INFO - DAG(s) 'Basic_Airflow_Pipeline' retrieved from /opt/airflow/dags/kitten_image_pipeline.py
[2026-06-16T01:11:57.224+0000] {logging_mixin.py:188} INFO - [2026-06-16T01:11:57.224+0000] {dag.py:3036} INFO - Sync 1 DAGs
[2026-06-16T01:11:57.306+0000] {logging_mixin.py:188} INFO - [2026-06-16T01:11:57.305+0000] {dag.py:3823} INFO - Setting next_dagrun for Basic_Airflow_Pipeline to 2026-06-16 00:00:00+00:00, run_after=2026-06-17 00:00:00+00:00
[2026-06-16T01:11:57.479+0000] {processor.py:183} INFO - Processing /opt/airflow/dags/kitten_image_pipeline.py took 0.403 seconds
[2026-06-16T01:12:27.771+0000] {processor.py:161} INFO - Started process (PID=524) to work on /opt/airflow/dags/kitten_image_pipeline.py
[2026-06-16T01:12:27.775+0000] {processor.py:830} INFO - Processing file /opt/airflow/dags/kitten_image_pipeline.py for tasks to queue
[2026-06-16T01:12:27.780+0000] {logging_mixin.py:188} INFO - [2026-06-16T01:12:27.780+0000] {dagbag.py:538} INFO - Filling up the DagBag from /opt/airflow/dags/kitten_image_pipeline.py
[2026-06-16T01:12:27.803+0000] {processor.py:840} INFO - DAG(s) 'Basic_Airflow_Pipeline' retrieved from /opt/airflow/dags/kitten_image_pipeline.py
[2026-06-16T01:12:27.979+0000] {logging_mixin.py:188} INFO - [2026-06-16T01:12:27.978+0000] {dag.py:3036} INFO - Sync 1 DAGs
[2026-06-16T01:12:28.072+0000] {logging_mixin.py:188} INFO - [2026-06-16T01:12:28.072+0000] {dag.py:3823} INFO - Setting next_dagrun for Basic_Airflow_Pipeline to 2026-06-16 00:00:00+00:00, run_after=2026-06-17 00:00:00+00:00
[2026-06-16T01:12:28.156+0000] {processor.py:183} INFO - Processing /opt/airflow/dags/kitten_image_pipeline.py took 0.396 seconds
[2026-06-16T01:12:58.790+0000] {processor.py:161} INFO - Started process (PID=579) to work on /opt/airflow/dags/kitten_image_pipeline.py
[2026-06-16T01:12:58.794+0000] {processor.py:830} INFO - Processing file /opt/airflow/dags/kitten_image_pipeline.py for tasks to queue
[2026-06-16T01:12:58.810+0000] {logging_mixin.py:188} INFO - [2026-06-16T01:12:58.808+0000] {dagbag.py:538} INFO - Filling up the DagBag from /opt/airflow/dags/kitten_image_pipeline.py
[2026-06-16T01:12:58.839+0000] {processor.py:840} INFO - DAG(s) 'Basic_Airflow_Pipeline' retrieved from /opt/airflow/dags/kitten_image_pipeline.py
[2026-06-16T01:12:59.047+0000] {logging_mixin.py:188} INFO - [2026-06-16T01:12:59.047+0000] {dag.py:3036} INFO - Sync 1 DAGs
[2026-06-16T01:12:59.574+0000] {logging_mixin.py:188} INFO - [2026-06-16T01:12:59.570+0000] {dag.py:3823} INFO - Setting next_dagrun for Basic_Airflow_Pipeline to 2026-06-16 00:00:00+00:00, run_after=2026-06-17 00:00:00+00:00
[2026-06-16T01:12:59.807+0000] {processor.py:183} INFO - Processing /opt/airflow/dags/kitten_image_pipeline.py took 1.028 seconds
[2026-06-16T01:13:30.832+0000] {processor.py:161} INFO - Started process (PID=635) to work on /opt/airflow/dags/kitten_image_pipeline.py
[2026-06-16T01:13:30.836+0000] {processor.py:830} INFO - Processing file /opt/airflow/dags/kitten_image_pipeline.py for tasks to queue
[2026-06-16T01:13:30.847+0000] {logging_mixin.py:188} INFO - [2026-06-16T01:13:30.846+0000] {dagbag.py:538} INFO - Filling up the DagBag from /opt/airflow/dags/kitten_image_pipeline.py
[2026-06-16T01:13:30.874+0000] {processor.py:840} INFO - DAG(s) 'Basic_Airflow_Pipeline' retrieved from /opt/airflow/dags/kitten_image_pipeline.py
[2026-06-16T01:13:30.950+0000] {logging_mixin.py:188} INFO - [2026-06-16T01:13:30.949+0000] {dag.py:3036} INFO - Sync 1 DAGs
[2026-06-16T01:13:31.059+0000] {logging_mixin.py:188} INFO - [2026-06-16T01:13:31.058+0000] {dag.py:3823} INFO - Setting next_dagrun for Basic_Airflow_Pipeline to 2026-06-16 00:00:00+00:00, run_after=2026-06-17 00:00:00+00:00
[2026-06-16T01:13:31.203+0000] {processor.py:183} INFO - Processing /opt/airflow/dags/kitten_image_pipeline.py took 0.387 seconds
[2026-06-16T01:14:01.569+0000] {processor.py:161} INFO - Started process (PID=690) to work on /opt/airflow/dags/kitten_image_pipeline.py
[2026-06-16T01:14:01.573+0000] {processor.py:830} INFO - Processing file /opt/airflow/dags/kitten_image_pipeline.py for tasks to queue
[2026-06-16T01:14:01.577+0000] {logging_mixin.py:188} INFO - [2026-06-16T01:14:01.577+0000] {dagbag.py:538} INFO - Filling up the DagBag from /opt/airflow/dags/kitten_image_pipeline.py
[2026-06-16T01:14:01.646+0000] {processor.py:840} INFO - DAG(s) 'Basic_Airflow_Pipeline' retrieved from /opt/airflow/dags/kitten_image_pipeline.py
[2026-06-16T01:14:01.741+0000] {logging_mixin.py:188} INFO - [2026-06-16T01:14:01.741+0000] {dag.py:3036} INFO - Sync 1 DAGs
[2026-06-16T01:14:01.943+0000] {logging_mixin.py:188} INFO - [2026-06-16T01:14:01.943+0000] {dag.py:3823} INFO - Setting next_dagrun for Basic_Airflow_Pipeline to 2026-06-16 00:00:00+00:00, run_after=2026-06-17 00:00:00+00:00
[2026-06-16T01:14:02.015+0000] {processor.py:183} INFO - Processing /opt/airflow/dags/kitten_image_pipeline.py took 0.466 seconds
[2026-06-16T01:14:32.371+0000] {processor.py:161} INFO - Started process (PID=744) to work on /opt/airflow/dags/kitten_image_pipeline.py
[2026-06-16T01:14:32.375+0000] {processor.py:830} INFO - Processing file /opt/airflow/dags/kitten_image_pipeline.py for tasks to queue
[2026-06-16T01:14:32.380+0000] {logging_mixin.py:188} INFO - [2026-06-16T01:14:32.380+0000] {dagbag.py:538} INFO - Filling up the DagBag from /opt/airflow/dags/kitten_image_pipeline.py
[2026-06-16T01:14:32.413+0000] {processor.py:840} INFO - DAG(s) 'Basic_Airflow_Pipeline' retrieved from /opt/airflow/dags/kitten_image_pipeline.py
[2026-06-16T01:14:32.585+0000] {logging_mixin.py:188} INFO - [2026-06-16T01:14:32.584+0000] {dag.py:3036} INFO - Sync 1 DAGs
[2026-06-16T01:14:32.730+0000] {logging_mixin.py:188} INFO - [2026-06-16T01:14:32.729+0000] {dag.py:3823} INFO - Setting next_dagrun for Basic_Airflow_Pipeline to 2026-06-16 00:00:00+00:00, run_after=2026-06-17 00:00:00+00:00
[2026-06-16T01:14:32.829+0000] {processor.py:183} INFO - Processing /opt/airflow/dags/kitten_image_pipeline.py took 0.472 seconds
[2026-06-16T01:15:02.941+0000] {processor.py:161} INFO - Started process (PID=799) to work on /opt/airflow/dags/kitten_image_pipeline.py
[2026-06-16T01:15:02.952+0000] {processor.py:830} INFO - Processing file /opt/airflow/dags/kitten_image_pipeline.py for tasks to queue
[2026-06-16T01:15:02.963+0000] {logging_mixin.py:188} INFO - [2026-06-16T01:15:02.958+0000] {dagbag.py:538} INFO - Filling up the DagBag from /opt/airflow/dags/kitten_image_pipeline.py
[2026-06-16T01:15:03.014+0000] {processor.py:840} INFO - DAG(s) 'Basic_Airflow_Pipeline' retrieved from /opt/airflow/dags/kitten_image_pipeline.py
[2026-06-16T01:15:03.191+0000] {logging_mixin.py:188} INFO - [2026-06-16T01:15:03.190+0000] {dag.py:3036} INFO - Sync 1 DAGs
[2026-06-16T01:15:03.288+0000] {logging_mixin.py:188} INFO - [2026-06-16T01:15:03.287+0000] {dag.py:3823} INFO - Setting next_dagrun for Basic_Airflow_Pipeline to 2026-06-16 00:00:00+00:00, run_after=2026-06-17 00:00:00+00:00
[2026-06-16T01:15:03.486+0000] {processor.py:183} INFO - Processing /opt/airflow/dags/kitten_image_pipeline.py took 0.572 seconds
[2026-06-16T01:15:34.436+0000] {processor.py:161} INFO - Started process (PID=855) to work on /opt/airflow/dags/kitten_image_pipeline.py
[2026-06-16T01:15:34.440+0000] {processor.py:830} INFO - Processing file /opt/airflow/dags/kitten_image_pipeline.py for tasks to queue
[2026-06-16T01:15:34.449+0000] {logging_mixin.py:188} INFO - [2026-06-16T01:15:34.448+0000] {dagbag.py:538} INFO - Filling up the DagBag from /opt/airflow/dags/kitten_image_pipeline.py
[2026-06-16T01:15:34.473+0000] {processor.py:840} INFO - DAG(s) 'Basic_Airflow_Pipeline' retrieved from /opt/airflow/dags/kitten_image_pipeline.py
[2026-06-16T01:15:34.566+0000] {logging_mixin.py:188} INFO - [2026-06-16T01:15:34.565+0000] {dag.py:3036} INFO - Sync 1 DAGs
[2026-06-16T01:15:34.668+0000] {logging_mixin.py:188} INFO - [2026-06-16T01:15:34.668+0000] {dag.py:3823} INFO - Setting next_dagrun for Basic_Airflow_Pipeline to 2026-06-16 00:00:00+00:00, run_after=2026-06-17 00:00:00+00:00
[2026-06-16T01:15:34.774+0000] {processor.py:183} INFO - Processing /opt/airflow/dags/kitten_image_pipeline.py took 0.350 seconds
[2026-06-16T01:16:09.790+0000] {processor.py:161} INFO - Started process (PID=911) to work on /opt/airflow/dags/kitten_image_pipeline.py
[2026-06-16T01:16:09.798+0000] {processor.py:830} INFO - Processing file /opt/airflow/dags/kitten_image_pipeline.py for tasks to queue
[2026-06-16T01:16:09.803+0000] {logging_mixin.py:188} INFO - [2026-06-16T01:16:09.802+0000] {dagbag.py:538} INFO - Filling up the DagBag from /opt/airflow/dags/kitten_image_pipeline.py
[2026-06-16T01:16:09.828+0000] {processor.py:840} INFO - DAG(s) 'Basic_Airflow_Pipeline' retrieved from /opt/airflow/dags/kitten_image_pipeline.py
[2026-06-16T01:16:09.967+0000] {logging_mixin.py:188} INFO - [2026-06-16T01:16:09.966+0000] {dag.py:3036} INFO - Sync 1 DAGs
[2026-06-16T01:16:10.225+0000] {logging_mixin.py:188} INFO - [2026-06-16T01:16:10.225+0000] {dag.py:3823} INFO - Setting next_dagrun for Basic_Airflow_Pipeline to 2026-06-16 00:00:00+00:00, run_after=2026-06-17 00:00:00+00:00
[2026-06-16T01:16:10.314+0000] {processor.py:183} INFO - Processing /opt/airflow/dags/kitten_image_pipeline.py took 0.548 seconds
[2026-06-16T01:16:44.249+0000] {processor.py:161} INFO - Started process (PID=972) to work on /opt/airflow/dags/kitten_image_pipeline.py
[2026-06-16T01:16:44.295+0000] {processor.py:830} INFO - Processing file /opt/airflow/dags/kitten_image_pipeline.py for tasks to queue
[2026-06-16T01:16:44.336+0000] {logging_mixin.py:188} INFO - [2026-06-16T01:16:44.335+0000] {dagbag.py:538} INFO - Filling up the DagBag from /opt/airflow/dags/kitten_image_pipeline.py
[2026-06-16T01:16:44.512+0000] {processor.py:840} INFO - DAG(s) 'Basic_Airflow_Pipeline' retrieved from /opt/airflow/dags/kitten_image_pipeline.py
[2026-06-16T01:16:44.716+0000] {logging_mixin.py:188} INFO - [2026-06-16T01:16:44.715+0000] {dag.py:3036} INFO - Sync 1 DAGs
[2026-06-16T01:16:44.829+0000] {logging_mixin.py:188} INFO - [2026-06-16T01:16:44.829+0000] {dag.py:3823} INFO - Setting next_dagrun for Basic_Airflow_Pipeline to 2026-06-16 00:00:00+00:00, run_after=2026-06-17 00:00:00+00:00
[2026-06-16T01:16:44.943+0000] {processor.py:183} INFO - Processing /opt/airflow/dags/kitten_image_pipeline.py took 0.724 seconds
[2026-06-16T01:17:15.635+0000] {processor.py:161} INFO - Started process (PID=1024) to work on /opt/airflow/dags/kitten_image_pipeline.py
[2026-06-16T01:17:15.645+0000] {processor.py:830} INFO - Processing file /opt/airflow/dags/kitten_image_pipeline.py for tasks to queue
[2026-06-16T01:17:15.653+0000] {logging_mixin.py:188} INFO - [2026-06-16T01:17:15.652+0000] {dagbag.py:538} INFO - Filling up the DagBag from /opt/airflow/dags/kitten_image_pipeline.py
[2026-06-16T01:17:15.736+0000] {processor.py:840} INFO - DAG(s) 'Basic_Airflow_Pipeline' retrieved from /opt/airflow/dags/kitten_image_pipeline.py
[2026-06-16T01:17:15.849+0000] {logging_mixin.py:188} INFO - [2026-06-16T01:17:15.849+0000] {dag.py:3036} INFO - Sync 1 DAGs
[2026-06-16T01:17:16.148+0000] {logging_mixin.py:188} INFO - [2026-06-16T01:17:16.147+0000] {dag.py:3823} INFO - Setting next_dagrun for Basic_Airflow_Pipeline to 2026-06-16 00:00:00+00:00, run_after=2026-06-17 00:00:00+00:00
[2026-06-16T01:17:16.550+0000] {processor.py:183} INFO - Processing /opt/airflow/dags/kitten_image_pipeline.py took 0.939 seconds
[2026-06-16T01:17:47.575+0000] {processor.py:161} INFO - Started process (PID=1080) to work on /opt/airflow/dags/kitten_image_pipeline.py
[2026-06-16T01:17:47.579+0000] {processor.py:830} INFO - Processing file /opt/airflow/dags/kitten_image_pipeline.py for tasks to queue
[2026-06-16T01:17:47.586+0000] {logging_mixin.py:188} INFO - [2026-06-16T01:17:47.585+0000] {dagbag.py:538} INFO - Filling up the DagBag from /opt/airflow/dags/kitten_image_pipeline.py
[2026-06-16T01:17:47.612+0000] {processor.py:840} INFO - DAG(s) 'Basic_Airflow_Pipeline' retrieved from /opt/airflow/dags/kitten_image_pipeline.py
[2026-06-16T01:17:47.694+0000] {logging_mixin.py:188} INFO - [2026-06-16T01:17:47.692+0000] {dag.py:3036} INFO - Sync 1 DAGs
[2026-06-16T01:17:47.880+0000] {logging_mixin.py:188} INFO - [2026-06-16T01:17:47.879+0000] {dag.py:3823} INFO - Setting next_dagrun for Basic_Airflow_Pipeline to 2026-06-16 00:00:00+00:00, run_after=2026-06-17 00:00:00+00:00
[2026-06-16T01:17:47.949+0000] {processor.py:183} INFO - Processing /opt/airflow/dags/kitten_image_pipeline.py took 0.386 seconds
[2026-06-16T01:18:18.303+0000] {processor.py:161} INFO - Started process (PID=1136) to work on /opt/airflow/dags/kitten_image_pipeline.py
[2026-06-16T01:18:18.309+0000] {processor.py:830} INFO - Processing file /opt/airflow/dags/kitten_image_pipeline.py for tasks to queue
[2026-06-16T01:18:18.326+0000] {logging_mixin.py:188} INFO - [2026-06-16T01:18:18.321+0000] {dagbag.py:538} INFO - Filling up the DagBag from /opt/airflow/dags/kitten_image_pipeline.py
[2026-06-16T01:18:18.376+0000] {processor.py:840} INFO - DAG(s) 'Basic_Airflow_Pipeline' retrieved from /opt/airflow/dags/kitten_image_pipeline.py
[2026-06-16T01:18:18.496+0000] {logging_mixin.py:188} INFO - [2026-06-16T01:18:18.495+0000] {dag.py:3036} INFO - Sync 1 DAGs
[2026-06-16T01:18:18.653+0000] {logging_mixin.py:188} INFO - [2026-06-16T01:18:18.653+0000] {dag.py:3823} INFO - Setting next_dagrun for Basic_Airflow_Pipeline to 2026-06-16 00:00:00+00:00, run_after=2026-06-17 00:00:00+00:00
[2026-06-16T01:18:18.785+0000] {processor.py:183} INFO - Processing /opt/airflow/dags/kitten_image_pipeline.py took 0.506 seconds
[2026-06-16T01:18:49.380+0000] {processor.py:161} INFO - Started process (PID=1193) to work on /opt/airflow/dags/kitten_image_pipeline.py
[2026-06-16T01:18:49.384+0000] {processor.py:830} INFO - Processing file /opt/airflow/dags/kitten_image_pipeline.py for tasks to queue
[2026-06-16T01:18:49.397+0000] {logging_mixin.py:188} INFO - [2026-06-16T01:18:49.396+0000] {dagbag.py:538} INFO - Filling up the DagBag from /opt/airflow/dags/kitten_image_pipeline.py
[2026-06-16T01:18:49.443+0000] {processor.py:840} INFO - DAG(s) 'Basic_Airflow_Pipeline' retrieved from /opt/airflow/dags/kitten_image_pipeline.py
[2026-06-16T01:18:49.598+0000] {logging_mixin.py:188} INFO - [2026-06-16T01:18:49.597+0000] {dag.py:3036} INFO - Sync 1 DAGs
[2026-06-16T01:18:49.888+0000] {logging_mixin.py:188} INFO - [2026-06-16T01:18:49.887+0000] {dag.py:3823} INFO - Setting next_dagrun for Basic_Airflow_Pipeline to 2026-06-16 00:00:00+00:00, run_after=2026-06-17 00:00:00+00:00
[2026-06-16T01:18:50.100+0000] {processor.py:183} INFO - Processing /opt/airflow/dags/kitten_image_pipeline.py took 0.733 seconds
[2026-06-16T01:19:20.214+0000] {processor.py:161} INFO - Started process (PID=1249) to work on /opt/airflow/dags/kitten_image_pipeline.py
[2026-06-16T01:19:20.225+0000] {processor.py:830} INFO - Processing file /opt/airflow/dags/kitten_image_pipeline.py for tasks to queue
[2026-06-16T01:19:20.237+0000] {logging_mixin.py:188} INFO - [2026-06-16T01:19:20.236+0000] {dagbag.py:538} INFO - Filling up the DagBag from /opt/airflow/dags/kitten_image_pipeline.py
[2026-06-16T01:19:20.270+0000] {processor.py:840} INFO - DAG(s) 'Basic_Airflow_Pipeline' retrieved from /opt/airflow/dags/kitten_image_pipeline.py
[2026-06-16T01:19:20.370+0000] {logging_mixin.py:188} INFO - [2026-06-16T01:19:20.369+0000] {dag.py:3036} INFO - Sync 1 DAGs
[2026-06-16T01:19:20.463+0000] {logging_mixin.py:188} INFO - [2026-06-16T01:19:20.463+0000] {dag.py:3823} INFO - Setting next_dagrun for Basic_Airflow_Pipeline to 2026-06-16 00:00:00+00:00, run_after=2026-06-17 00:00:00+00:00
[2026-06-16T01:19:20.526+0000] {processor.py:183} INFO - Processing /opt/airflow/dags/kitten_image_pipeline.py took 0.329 seconds
[2026-06-16T01:19:50.747+0000] {processor.py:161} INFO - Started process (PID=1303) to work on /opt/airflow/dags/kitten_image_pipeline.py
[2026-06-16T01:19:50.754+0000] {processor.py:830} INFO - Processing file /opt/airflow/dags/kitten_image_pipeline.py for tasks to queue
[2026-06-16T01:19:50.763+0000] {logging_mixin.py:188} INFO - [2026-06-16T01:19:50.762+0000] {dagbag.py:538} INFO - Filling up the DagBag from /opt/airflow/dags/kitten_image_pipeline.py
[2026-06-16T01:19:50.798+0000] {processor.py:840} INFO - DAG(s) 'Basic_Airflow_Pipeline' retrieved from /opt/airflow/dags/kitten_image_pipeline.py
[2026-06-16T01:19:50.932+0000] {logging_mixin.py:188} INFO - [2026-06-16T01:19:50.931+0000] {dag.py:3036} INFO - Sync 1 DAGs
[2026-06-16T01:19:51.022+0000] {logging_mixin.py:188} INFO - [2026-06-16T01:19:51.021+0000] {dag.py:3823} INFO - Setting next_dagrun for Basic_Airflow_Pipeline to 2026-06-16 00:00:00+00:00, run_after=2026-06-17 00:00:00+00:00
[2026-06-16T01:19:51.119+0000] {processor.py:183} INFO - Processing /opt/airflow/dags/kitten_image_pipeline.py took 0.386 seconds
[2026-06-16T01:20:21.500+0000] {processor.py:161} INFO - Started process (PID=1359) to work on /opt/airflow/dags/kitten_image_pipeline.py
[2026-06-16T01:20:21.503+0000] {processor.py:830} INFO - Processing file /opt/airflow/dags/kitten_image_pipeline.py for tasks to queue
[2026-06-16T01:20:21.514+0000] {logging_mixin.py:188} INFO - [2026-06-16T01:20:21.512+0000] {dagbag.py:538} INFO - Filling up the DagBag from /opt/airflow/dags/kitten_image_pipeline.py
[2026-06-16T01:20:21.544+0000] {processor.py:840} INFO - DAG(s) 'Basic_Airflow_Pipeline' retrieved from /opt/airflow/dags/kitten_image_pipeline.py
[2026-06-16T01:20:21.630+0000] {logging_mixin.py:188} INFO - [2026-06-16T01:20:21.629+0000] {dag.py:3036} INFO - Sync 1 DAGs
[2026-06-16T01:20:21.717+0000] {logging_mixin.py:188} INFO - [2026-06-16T01:20:21.716+0000] {dag.py:3823} INFO - Setting next_dagrun for Basic_Airflow_Pipeline to 2026-06-16 00:00:00+00:00, run_after=2026-06-17 00:00:00+00:00
[2026-06-16T01:20:21.796+0000] {processor.py:183} INFO - Processing /opt/airflow/dags/kitten_image_pipeline.py took 0.308 seconds
[2026-06-16T01:20:52.239+0000] {processor.py:161} INFO - Started process (PID=1411) to work on /opt/airflow/dags/kitten_image_pipeline.py
[2026-06-16T01:20:52.258+0000] {processor.py:830} INFO - Processing file /opt/airflow/dags/kitten_image_pipeline.py for tasks to queue
[2026-06-16T01:20:52.272+0000] {logging_mixin.py:188} INFO - [2026-06-16T01:20:52.269+0000] {dagbag.py:538} INFO - Filling up the DagBag from /opt/airflow/dags/kitten_image_pipeline.py
[2026-06-16T01:20:52.316+0000] {processor.py:840} INFO - DAG(s) 'Basic_Airflow_Pipeline' retrieved from /opt/airflow/dags/kitten_image_pipeline.py
[2026-06-16T01:20:52.517+0000] {logging_mixin.py:188} INFO - [2026-06-16T01:20:52.516+0000] {dag.py:3036} INFO - Sync 1 DAGs
[2026-06-16T01:20:53.387+0000] {logging_mixin.py:188} INFO - [2026-06-16T01:20:53.386+0000] {dag.py:3823} INFO - Setting next_dagrun for Basic_Airflow_Pipeline to 2026-06-16 00:00:00+00:00, run_after=2026-06-17 00:00:00+00:00
[2026-06-16T01:20:53.575+0000] {processor.py:183} INFO - Processing /opt/airflow/dags/kitten_image_pipeline.py took 1.378 seconds
[2026-06-16T01:21:24.159+0000] {processor.py:161} INFO - Started process (PID=1466) to work on /opt/airflow/dags/kitten_image_pipeline.py
[2026-06-16T01:21:24.266+0000] {processor.py:830} INFO - Processing file /opt/airflow/dags/kitten_image_pipeline.py for tasks to queue
[2026-06-16T01:21:24.288+0000] {logging_mixin.py:188} INFO - [2026-06-16T01:21:24.287+0000] {dagbag.py:538} INFO - Filling up the DagBag from /opt/airflow/dags/kitten_image_pipeline.py
[2026-06-16T01:21:24.326+0000] {processor.py:840} INFO - DAG(s) 'Basic_Airflow_Pipeline' retrieved from /opt/airflow/dags/kitten_image_pipeline.py
[2026-06-16T01:21:24.401+0000] {logging_mixin.py:188} INFO - [2026-06-16T01:21:24.401+0000] {dag.py:3036} INFO - Sync 1 DAGs
[2026-06-16T01:21:24.485+0000] {logging_mixin.py:188} INFO - [2026-06-16T01:21:24.484+0000] {dag.py:3823} INFO - Setting next_dagrun for Basic_Airflow_Pipeline to 2026-06-16 00:00:00+00:00, run_after=2026-06-17 00:00:00+00:00
[2026-06-16T01:21:24.609+0000] {processor.py:183} INFO - Processing /opt/airflow/dags/kitten_image_pipeline.py took 0.463 seconds
[2026-06-16T01:21:54.944+0000] {processor.py:161} INFO - Started process (PID=1523) to work on /opt/airflow/dags/kitten_image_pipeline.py
[2026-06-16T01:21:54.949+0000] {processor.py:830} INFO - Processing file /opt/airflow/dags/kitten_image_pipeline.py for tasks to queue
[2026-06-16T01:21:54.960+0000] {logging_mixin.py:188} INFO - [2026-06-16T01:21:54.956+0000] {dagbag.py:538} INFO - Filling up the DagBag from /opt/airflow/dags/kitten_image_pipeline.py
[2026-06-16T01:21:54.997+0000] {processor.py:840} INFO - DAG(s) 'Basic_Airflow_Pipeline' retrieved from /opt/airflow/dags/kitten_image_pipeline.py
[2026-06-16T01:21:55.083+0000] {logging_mixin.py:188} INFO - [2026-06-16T01:21:55.083+0000] {dag.py:3036} INFO - Sync 1 DAGs
[2026-06-16T01:21:55.168+0000] {logging_mixin.py:188} INFO - [2026-06-16T01:21:55.167+0000] {dag.py:3823} INFO - Setting next_dagrun for Basic_Airflow_Pipeline to 2026-06-16 00:00:00+00:00, run_after=2026-06-17 00:00:00+00:00
[2026-06-16T01:21:55.246+0000] {processor.py:183} INFO - Processing /opt/airflow/dags/kitten_image_pipeline.py took 0.317 seconds
[2026-06-16T01:22:26.062+0000] {processor.py:161} INFO - Started process (PID=1579) to work on /opt/airflow/dags/kitten_image_pipeline.py
[2026-06-16T01:22:26.065+0000] {processor.py:830} INFO - Processing file /opt/airflow/dags/kitten_image_pipeline.py for tasks to queue
[2026-06-16T01:22:26.072+0000] {logging_mixin.py:188} INFO - [2026-06-16T01:22:26.071+0000] {dagbag.py:538} INFO - Filling up the DagBag from /opt/airflow/dags/kitten_image_pipeline.py
[2026-06-16T01:22:26.108+0000] {processor.py:840} INFO - DAG(s) 'Basic_Airflow_Pipeline' retrieved from /opt/airflow/dags/kitten_image_pipeline.py
[2026-06-16T01:22:26.190+0000] {logging_mixin.py:188} INFO - [2026-06-16T01:22:26.188+0000] {dag.py:3036} INFO - Sync 1 DAGs
[2026-06-16T01:22:26.294+0000] {logging_mixin.py:188} INFO - [2026-06-16T01:22:26.293+0000] {dag.py:3823} INFO - Setting next_dagrun for Basic_Airflow_Pipeline to 2026-06-16 00:00:00+00:00, run_after=2026-06-17 00:00:00+00:00
[2026-06-16T01:22:26.361+0000] {processor.py:183} INFO - Processing /opt/airflow/dags/kitten_image_pipeline.py took 0.320 seconds
[2026-06-16T01:22:56.749+0000] {processor.py:161} INFO - Started process (PID=1635) to work on /opt/airflow/dags/kitten_image_pipeline.py
[2026-06-16T01:22:56.757+0000] {processor.py:830} INFO - Processing file /opt/airflow/dags/kitten_image_pipeline.py for tasks to queue
[2026-06-16T01:22:56.771+0000] {logging_mixin.py:188} INFO - [2026-06-16T01:22:56.769+0000] {dagbag.py:538} INFO - Filling up the DagBag from /opt/airflow/dags/kitten_image_pipeline.py
[2026-06-16T01:22:56.805+0000] {processor.py:840} INFO - DAG(s) 'Basic_Airflow_Pipeline' retrieved from /opt/airflow/dags/kitten_image_pipeline.py
[2026-06-16T01:22:56.894+0000] {logging_mixin.py:188} INFO - [2026-06-16T01:22:56.892+0000] {dag.py:3036} INFO - Sync 1 DAGs
[2026-06-16T01:22:57.033+0000] {logging_mixin.py:188} INFO - [2026-06-16T01:22:57.033+0000] {dag.py:3823} INFO - Setting next_dagrun for Basic_Airflow_Pipeline to 2026-06-16 00:00:00+00:00, run_after=2026-06-17 00:00:00+00:00
[2026-06-16T01:22:57.230+0000] {processor.py:183} INFO - Processing /opt/airflow/dags/kitten_image_pipeline.py took 0.507 seconds
[2026-06-16T01:23:27.922+0000] {processor.py:161} INFO - Started process (PID=1690) to work on /opt/airflow/dags/kitten_image_pipeline.py
[2026-06-16T01:23:27.926+0000] {processor.py:830} INFO - Processing file /opt/airflow/dags/kitten_image_pipeline.py for tasks to queue
[2026-06-16T01:23:27.972+0000] {logging_mixin.py:188} INFO - [2026-06-16T01:23:27.963+0000] {dagbag.py:538} INFO - Filling up the DagBag from /opt/airflow/dags/kitten_image_pipeline.py
[2026-06-16T01:23:28.011+0000] {processor.py:840} INFO - DAG(s) 'Basic_Airflow_Pipeline' retrieved from /opt/airflow/dags/kitten_image_pipeline.py
[2026-06-16T01:23:28.134+0000] {logging_mixin.py:188} INFO - [2026-06-16T01:23:28.133+0000] {dag.py:3036} INFO - Sync 1 DAGs
[2026-06-16T01:23:28.464+0000] {logging_mixin.py:188} INFO - [2026-06-16T01:23:28.454+0000] {dag.py:3823} INFO - Setting next_dagrun for Basic_Airflow_Pipeline to 2026-06-16 00:00:00+00:00, run_after=2026-06-17 00:00:00+00:00
[2026-06-16T01:23:28.587+0000] {processor.py:183} INFO - Processing /opt/airflow/dags/kitten_image_pipeline.py took 0.679 seconds
[2026-06-16T01:23:59.214+0000] {processor.py:161} INFO - Started process (PID=1746) to work on /opt/airflow/dags/kitten_image_pipeline.py
[2026-06-16T01:23:59.217+0000] {processor.py:830} INFO - Processing file /opt/airflow/dags/kitten_image_pipeline.py for tasks to queue
[2026-06-16T01:23:59.222+0000] {logging_mixin.py:188} INFO - [2026-06-16T01:23:59.221+0000] {dagbag.py:538} INFO - Filling up the DagBag from /opt/airflow/dags/kitten_image_pipeline.py
[2026-06-16T01:23:59.253+0000] {processor.py:840} INFO - DAG(s) 'Basic_Airflow_Pipeline' retrieved from /opt/airflow/dags/kitten_image_pipeline.py
[2026-06-16T01:23:59.407+0000] {logging_mixin.py:188} INFO - [2026-06-16T01:23:59.406+0000] {dag.py:3036} INFO - Sync 1 DAGs
[2026-06-16T01:23:59.465+0000] {logging_mixin.py:188} INFO - [2026-06-16T01:23:59.464+0000] {dag.py:3823} INFO - Setting next_dagrun for Basic_Airflow_Pipeline to 2026-06-16 00:00:00+00:00, run_after=2026-06-17 00:00:00+00:00
[2026-06-16T01:23:59.506+0000] {processor.py:183} INFO - Processing /opt/airflow/dags/kitten_image_pipeline.py took 0.301 seconds
[2026-06-16T01:24:29.804+0000] {processor.py:161} INFO - Started process (PID=1802) to work on /opt/airflow/dags/kitten_image_pipeline.py
[2026-06-16T01:24:29.806+0000] {processor.py:830} INFO - Processing file /opt/airflow/dags/kitten_image_pipeline.py for tasks to queue
[2026-06-16T01:24:29.811+0000] {logging_mixin.py:188} INFO - [2026-06-16T01:24:29.811+0000] {dagbag.py:538} INFO - Filling up the DagBag from /opt/airflow/dags/kitten_image_pipeline.py
[2026-06-16T01:24:29.830+0000] {processor.py:840} INFO - DAG(s) 'Basic_Airflow_Pipeline' retrieved from /opt/airflow/dags/kitten_image_pipeline.py
[2026-06-16T01:24:29.883+0000] {logging_mixin.py:188} INFO - [2026-06-16T01:24:29.882+0000] {dag.py:3036} INFO - Sync 1 DAGs
[2026-06-16T01:24:29.944+0000] {logging_mixin.py:188} INFO - [2026-06-16T01:24:29.943+0000] {dag.py:3823} INFO - Setting next_dagrun for Basic_Airflow_Pipeline to 2026-06-16 00:00:00+00:00, run_after=2026-06-17 00:00:00+00:00
[2026-06-16T01:24:29.998+0000] {processor.py:183} INFO - Processing /opt/airflow/dags/kitten_image_pipeline.py took 0.203 seconds
[2026-06-16T01:25:00.419+0000] {processor.py:161} INFO - Started process (PID=1858) to work on /opt/airflow/dags/kitten_image_pipeline.py
[2026-06-16T01:25:00.421+0000] {processor.py:830} INFO - Processing file /opt/airflow/dags/kitten_image_pipeline.py for tasks to queue
[2026-06-16T01:25:00.425+0000] {logging_mixin.py:188} INFO - [2026-06-16T01:25:00.424+0000] {dagbag.py:538} INFO - Filling up the DagBag from /opt/airflow/dags/kitten_image_pipeline.py
[2026-06-16T01:25:00.440+0000] {processor.py:840} INFO - DAG(s) 'Basic_Airflow_Pipeline' retrieved from /opt/airflow/dags/kitten_image_pipeline.py
[2026-06-16T01:25:00.479+0000] {logging_mixin.py:188} INFO - [2026-06-16T01:25:00.478+0000] {dag.py:3036} INFO - Sync 1 DAGs
[2026-06-16T01:25:00.554+0000] {logging_mixin.py:188} INFO - [2026-06-16T01:25:00.553+0000] {dag.py:3823} INFO - Setting next_dagrun for Basic_Airflow_Pipeline to 2026-06-16 00:00:00+00:00, run_after=2026-06-17 00:00:00+00:00
[2026-06-16T01:25:00.598+0000] {processor.py:183} INFO - Processing /opt/airflow/dags/kitten_image_pipeline.py took 0.185 seconds
[2026-06-16T01:25:30.893+0000] {processor.py:161} INFO - Started process (PID=1914) to work on /opt/airflow/dags/kitten_image_pipeline.py
[2026-06-16T01:25:30.894+0000] {processor.py:830} INFO - Processing file /opt/airflow/dags/kitten_image_pipeline.py for tasks to queue
[2026-06-16T01:25:30.898+0000] {logging_mixin.py:188} INFO - [2026-06-16T01:25:30.897+0000] {dagbag.py:538} INFO - Filling up the DagBag from /opt/airflow/dags/kitten_image_pipeline.py
[2026-06-16T01:25:30.911+0000] {processor.py:840} INFO - DAG(s) 'Basic_Airflow_Pipeline' retrieved from /opt/airflow/dags/kitten_image_pipeline.py
[2026-06-16T01:25:30.956+0000] {logging_mixin.py:188} INFO - [2026-06-16T01:25:30.955+0000] {dag.py:3036} INFO - Sync 1 DAGs
[2026-06-16T01:25:31.000+0000] {logging_mixin.py:188} INFO - [2026-06-16T01:25:30.999+0000] {dag.py:3823} INFO - Setting next_dagrun for Basic_Airflow_Pipeline to 2026-06-16 00:00:00+00:00, run_after=2026-06-17 00:00:00+00:00
[2026-06-16T01:25:31.044+0000] {processor.py:183} INFO - Processing /opt/airflow/dags/kitten_image_pipeline.py took 0.157 seconds
[2026-06-16T01:26:01.656+0000] {processor.py:161} INFO - Started process (PID=1970) to work on /opt/airflow/dags/kitten_image_pipeline.py
[2026-06-16T01:26:01.659+0000] {processor.py:830} INFO - Processing file /opt/airflow/dags/kitten_image_pipeline.py for tasks to queue
[2026-06-16T01:26:01.664+0000] {logging_mixin.py:188} INFO - [2026-06-16T01:26:01.663+0000] {dagbag.py:538} INFO - Filling up the DagBag from /opt/airflow/dags/kitten_image_pipeline.py
[2026-06-16T01:26:01.681+0000] {processor.py:840} INFO - DAG(s) 'Basic_Airflow_Pipeline' retrieved from /opt/airflow/dags/kitten_image_pipeline.py
[2026-06-16T01:26:01.743+0000] {logging_mixin.py:188} INFO - [2026-06-16T01:26:01.742+0000] {dag.py:3036} INFO - Sync 1 DAGs
[2026-06-16T01:26:01.806+0000] {logging_mixin.py:188} INFO - [2026-06-16T01:26:01.805+0000] {dag.py:3823} INFO - Setting next_dagrun for Basic_Airflow_Pipeline to 2026-06-16 00:00:00+00:00, run_after=2026-06-17 00:00:00+00:00
[2026-06-16T01:26:01.855+0000] {processor.py:183} INFO - Processing /opt/airflow/dags/kitten_image_pipeline.py took 0.207 seconds
[2026-06-16T01:26:34.996+0000] {processor.py:161} INFO - Started process (PID=2025) to work on /opt/airflow/dags/kitten_image_pipeline.py
[2026-06-16T01:26:34.999+0000] {processor.py:830} INFO - Processing file /opt/airflow/dags/kitten_image_pipeline.py for tasks to queue
[2026-06-16T01:26:35.013+0000] {logging_mixin.py:188} INFO - [2026-06-16T01:26:35.012+0000] {dagbag.py:538} INFO - Filling up the DagBag from /opt/airflow/dags/kitten_image_pipeline.py
[2026-06-16T01:26:35.036+0000] {processor.py:840} INFO - DAG(s) 'Basic_Airflow_Pipeline' retrieved from /opt/airflow/dags/kitten_image_pipeline.py
[2026-06-16T01:26:35.107+0000] {logging_mixin.py:188} INFO - [2026-06-16T01:26:35.106+0000] {dag.py:3036} INFO - Sync 1 DAGs
[2026-06-16T01:26:35.190+0000] {logging_mixin.py:188} INFO - [2026-06-16T01:26:35.189+0000] {dag.py:3823} INFO - Setting next_dagrun for Basic_Airflow_Pipeline to 2026-06-16 00:00:00+00:00, run_after=2026-06-17 00:00:00+00:00
[2026-06-16T01:26:35.250+0000] {processor.py:183} INFO - Processing /opt/airflow/dags/kitten_image_pipeline.py took 0.264 seconds
[2026-06-16T01:27:07.153+0000] {processor.py:161} INFO - Started process (PID=2080) to work on /opt/airflow/dags/kitten_image_pipeline.py
[2026-06-16T01:27:07.158+0000] {processor.py:830} INFO - Processing file /opt/airflow/dags/kitten_image_pipeline.py for tasks to queue
[2026-06-16T01:27:07.165+0000] {logging_mixin.py:188} INFO - [2026-06-16T01:27:07.165+0000] {dagbag.py:538} INFO - Filling up the DagBag from /opt/airflow/dags/kitten_image_pipeline.py
[2026-06-16T01:27:07.197+0000] {processor.py:840} INFO - DAG(s) 'Basic_Airflow_Pipeline' retrieved from /opt/airflow/dags/kitten_image_pipeline.py
[2026-06-16T01:27:07.280+0000] {logging_mixin.py:188} INFO - [2026-06-16T01:27:07.279+0000] {dag.py:3036} INFO - Sync 1 DAGs
[2026-06-16T01:27:07.360+0000] {logging_mixin.py:188} INFO - [2026-06-16T01:27:07.359+0000] {dag.py:3823} INFO - Setting next_dagrun for Basic_Airflow_Pipeline to 2026-06-16 00:00:00+00:00, run_after=2026-06-17 00:00:00+00:00
[2026-06-16T01:27:07.418+0000] {processor.py:183} INFO - Processing /opt/airflow/dags/kitten_image_pipeline.py took 0.281 seconds
[2026-06-16T01:27:37.776+0000] {processor.py:161} INFO - Started process (PID=2136) to work on /opt/airflow/dags/kitten_image_pipeline.py
[2026-06-16T01:27:37.779+0000] {processor.py:830} INFO - Processing file /opt/airflow/dags/kitten_image_pipeline.py for tasks to queue
[2026-06-16T01:27:37.785+0000] {logging_mixin.py:188} INFO - [2026-06-16T01:27:37.784+0000] {dagbag.py:538} INFO - Filling up the DagBag from /opt/airflow/dags/kitten_image_pipeline.py
[2026-06-16T01:27:37.804+0000] {processor.py:840} INFO - DAG(s) 'Basic_Airflow_Pipeline' retrieved from /opt/airflow/dags/kitten_image_pipeline.py
[2026-06-16T01:27:37.881+0000] {logging_mixin.py:188} INFO - [2026-06-16T01:27:37.880+0000] {dag.py:3036} INFO - Sync 1 DAGs
[2026-06-16T01:27:37.956+0000] {logging_mixin.py:188} INFO - [2026-06-16T01:27:37.956+0000] {dag.py:3823} INFO - Setting next_dagrun for Basic_Airflow_Pipeline to 2026-06-16 00:00:00+00:00, run_after=2026-06-17 00:00:00+00:00
[2026-06-16T01:27:38.020+0000] {processor.py:183} INFO - Processing /opt/airflow/dags/kitten_image_pipeline.py took 0.255 seconds
[2026-06-16T01:28:08.484+0000] {processor.py:161} INFO - Started process (PID=2190) to work on /opt/airflow/dags/kitten_image_pipeline.py
[2026-06-16T01:28:08.488+0000] {processor.py:830} INFO - Processing file /opt/airflow/dags/kitten_image_pipeline.py for tasks to queue
[2026-06-16T01:28:08.492+0000] {logging_mixin.py:188} INFO - [2026-06-16T01:28:08.491+0000] {dagbag.py:538} INFO - Filling up the DagBag from /opt/airflow/dags/kitten_image_pipeline.py
[2026-06-16T01:28:08.507+0000] {processor.py:840} INFO - DAG(s) 'Basic_Airflow_Pipeline' retrieved from /opt/airflow/dags/kitten_image_pipeline.py
[2026-06-16T01:28:08.563+0000] {logging_mixin.py:188} INFO - [2026-06-16T01:28:08.562+0000] {dag.py:3036} INFO - Sync 1 DAGs
[2026-06-16T01:28:08.617+0000] {logging_mixin.py:188} INFO - [2026-06-16T01:28:08.616+0000] {dag.py:3823} INFO - Setting next_dagrun for Basic_Airflow_Pipeline to 2026-06-16 00:00:00+00:00, run_after=2026-06-17 00:00:00+00:00
[2026-06-16T01:28:08.662+0000] {processor.py:183} INFO - Processing /opt/airflow/dags/kitten_image_pipeline.py took 0.187 seconds
[2026-06-16T01:28:38.859+0000] {processor.py:161} INFO - Started process (PID=2243) to work on /opt/airflow/dags/kitten_image_pipeline.py
[2026-06-16T01:28:38.862+0000] {processor.py:830} INFO - Processing file /opt/airflow/dags/kitten_image_pipeline.py for tasks to queue
[2026-06-16T01:28:38.867+0000] {logging_mixin.py:188} INFO - [2026-06-16T01:28:38.866+0000] {dagbag.py:538} INFO - Filling up the DagBag from /opt/airflow/dags/kitten_image_pipeline.py
[2026-06-16T01:28:38.886+0000] {processor.py:840} INFO - DAG(s) 'Basic_Airflow_Pipeline' retrieved from /opt/airflow/dags/kitten_image_pipeline.py
[2026-06-16T01:28:38.946+0000] {logging_mixin.py:188} INFO - [2026-06-16T01:28:38.945+0000] {dag.py:3036} INFO - Sync 1 DAGs
[2026-06-16T01:28:39.011+0000] {logging_mixin.py:188} INFO - [2026-06-16T01:28:39.010+0000] {dag.py:3823} INFO - Setting next_dagrun for Basic_Airflow_Pipeline to 2026-06-16 00:00:00+00:00, run_after=2026-06-17 00:00:00+00:00
[2026-06-16T01:28:39.070+0000] {processor.py:183} INFO - Processing /opt/airflow/dags/kitten_image_pipeline.py took 0.221 seconds
[2026-06-16T01:29:09.937+0000] {processor.py:161} INFO - Started process (PID=2299) to work on /opt/airflow/dags/kitten_image_pipeline.py
[2026-06-16T01:29:09.940+0000] {processor.py:830} INFO - Processing file /opt/airflow/dags/kitten_image_pipeline.py for tasks to queue
[2026-06-16T01:29:09.947+0000] {logging_mixin.py:188} INFO - [2026-06-16T01:29:09.945+0000] {dagbag.py:538} INFO - Filling up the DagBag from /opt/airflow/dags/kitten_image_pipeline.py
[2026-06-16T01:29:09.977+0000] {processor.py:840} INFO - DAG(s) 'Basic_Airflow_Pipeline' retrieved from /opt/airflow/dags/kitten_image_pipeline.py
[2026-06-16T01:29:10.070+0000] {logging_mixin.py:188} INFO - [2026-06-16T01:29:10.070+0000] {dag.py:3036} INFO - Sync 1 DAGs
[2026-06-16T01:29:10.180+0000] {logging_mixin.py:188} INFO - [2026-06-16T01:29:10.180+0000] {dag.py:3823} INFO - Setting next_dagrun for Basic_Airflow_Pipeline to 2026-06-16 00:00:00+00:00, run_after=2026-06-17 00:00:00+00:00
[2026-06-16T01:29:10.239+0000] {processor.py:183} INFO - Processing /opt/airflow/dags/kitten_image_pipeline.py took 0.310 seconds
[2026-06-16T01:29:40.558+0000] {processor.py:161} INFO - Started process (PID=2353) to work on /opt/airflow/dags/kitten_image_pipeline.py
[2026-06-16T01:29:40.560+0000] {processor.py:830} INFO - Processing file /opt/airflow/dags/kitten_image_pipeline.py for tasks to queue
[2026-06-16T01:29:40.567+0000] {logging_mixin.py:188} INFO - [2026-06-16T01:29:40.566+0000] {dagbag.py:538} INFO - Filling up the DagBag from /opt/airflow/dags/kitten_image_pipeline.py
[2026-06-16T01:29:40.592+0000] {processor.py:840} INFO - DAG(s) 'Basic_Airflow_Pipeline' retrieved from /opt/airflow/dags/kitten_image_pipeline.py
[2026-06-16T01:29:40.667+0000] {logging_mixin.py:188} INFO - [2026-06-16T01:29:40.666+0000] {dag.py:3036} INFO - Sync 1 DAGs
[2026-06-16T01:29:40.758+0000] {logging_mixin.py:188} INFO - [2026-06-16T01:29:40.755+0000] {dag.py:3823} INFO - Setting next_dagrun for Basic_Airflow_Pipeline to 2026-06-16 00:00:00+00:00, run_after=2026-06-17 00:00:00+00:00
[2026-06-16T01:29:40.819+0000] {processor.py:183} INFO - Processing /opt/airflow/dags/kitten_image_pipeline.py took 0.272 seconds
[2026-06-16T01:30:11.649+0000] {processor.py:161} INFO - Started process (PID=2409) to work on /opt/airflow/dags/kitten_image_pipeline.py
[2026-06-16T01:30:11.653+0000] {processor.py:830} INFO - Processing file /opt/airflow/dags/kitten_image_pipeline.py for tasks to queue
[2026-06-16T01:30:11.662+0000] {logging_mixin.py:188} INFO - [2026-06-16T01:30:11.661+0000] {dagbag.py:538} INFO - Filling up the DagBag from /opt/airflow/dags/kitten_image_pipeline.py
[2026-06-16T01:30:11.719+0000] {processor.py:840} INFO - DAG(s) 'Basic_Airflow_Pipeline' retrieved from /opt/airflow/dags/kitten_image_pipeline.py
[2026-06-16T01:30:11.835+0000] {logging_mixin.py:188} INFO - [2026-06-16T01:30:11.834+0000] {dag.py:3036} INFO - Sync 1 DAGs
[2026-06-16T01:30:11.998+0000] {logging_mixin.py:188} INFO - [2026-06-16T01:30:11.994+0000] {dag.py:3823} INFO - Setting next_dagrun for Basic_Airflow_Pipeline to 2026-06-16 00:00:00+00:00, run_after=2026-06-17 00:00:00+00:00
[2026-06-16T01:30:12.130+0000] {processor.py:183} INFO - Processing /opt/airflow/dags/kitten_image_pipeline.py took 0.490 seconds
[2026-06-16T01:30:18.960+0000] {processor.py:161} INFO - Started process (PID=2428) to work on /opt/airflow/dags/kitten_image_pipeline.py
[2026-06-16T01:30:18.963+0000] {processor.py:830} INFO - Processing file /opt/airflow/dags/kitten_image_pipeline.py for tasks to queue
[2026-06-16T01:30:18.968+0000] {logging_mixin.py:188} INFO - [2026-06-16T01:30:18.967+0000] {dagbag.py:538} INFO - Filling up the DagBag from /opt/airflow/dags/kitten_image_pipeline.py
[2026-06-16T01:30:19.000+0000] {processor.py:840} INFO - DAG(s) 'Basic_Airflow_Pipeline' retrieved from /opt/airflow/dags/kitten_image_pipeline.py
[2026-06-16T01:30:19.625+0000] {logging_mixin.py:188} INFO - [2026-06-16T01:30:19.625+0000] {dag.py:3036} INFO - Sync 1 DAGs
[2026-06-16T01:30:19.712+0000] {logging_mixin.py:188} INFO - [2026-06-16T01:30:19.711+0000] {dag.py:3823} INFO - Setting next_dagrun for Basic_Airflow_Pipeline to 2026-06-16 00:00:00+00:00, run_after=2026-06-17 00:00:00+00:00
[2026-06-16T01:30:20.232+0000] {processor.py:183} INFO - Processing /opt/airflow/dags/kitten_image_pipeline.py took 1.280 seconds
[2026-06-16T01:30:51.181+0000] {processor.py:161} INFO - Started process (PID=2485) to work on /opt/airflow/dags/kitten_image_pipeline.py
[2026-06-16T01:30:51.183+0000] {processor.py:830} INFO - Processing file /opt/airflow/dags/kitten_image_pipeline.py for tasks to queue
[2026-06-16T01:30:51.188+0000] {logging_mixin.py:188} INFO - [2026-06-16T01:30:51.188+0000] {dagbag.py:538} INFO - Filling up the DagBag from /opt/airflow/dags/kitten_image_pipeline.py
[2026-06-16T01:30:51.218+0000] {processor.py:840} INFO - DAG(s) 'Basic_Airflow_Pipeline' retrieved from /opt/airflow/dags/kitten_image_pipeline.py
[2026-06-16T01:30:51.281+0000] {logging_mixin.py:188} INFO - [2026-06-16T01:30:51.281+0000] {dag.py:3036} INFO - Sync 1 DAGs
[2026-06-16T01:30:51.379+0000] {logging_mixin.py:188} INFO - [2026-06-16T01:30:51.378+0000] {dag.py:3823} INFO - Setting next_dagrun for Basic_Airflow_Pipeline to 2026-06-16 00:00:00+00:00, run_after=2026-06-17 00:00:00+00:00
[2026-06-16T01:30:51.437+0000] {processor.py:183} INFO - Processing /opt/airflow/dags/kitten_image_pipeline.py took 0.269 seconds
[2026-06-16T01:31:21.956+0000] {processor.py:161} INFO - Started process (PID=2547) to work on /opt/airflow/dags/kitten_image_pipeline.py
[2026-06-16T01:31:21.959+0000] {processor.py:830} INFO - Processing file /opt/airflow/dags/kitten_image_pipeline.py for tasks to queue
[2026-06-16T01:31:21.966+0000] {logging_mixin.py:188} INFO - [2026-06-16T01:31:21.965+0000] {dagbag.py:538} INFO - Filling up the DagBag from /opt/airflow/dags/kitten_image_pipeline.py
[2026-06-16T01:31:21.993+0000] {processor.py:840} INFO - DAG(s) 'Basic_Airflow_Pipeline' retrieved from /opt/airflow/dags/kitten_image_pipeline.py
[2026-06-16T01:31:22.082+0000] {logging_mixin.py:188} INFO - [2026-06-16T01:31:22.081+0000] {dag.py:3036} INFO - Sync 1 DAGs
[2026-06-16T01:31:22.165+0000] {logging_mixin.py:188} INFO - [2026-06-16T01:31:22.165+0000] {dag.py:3823} INFO - Setting next_dagrun for Basic_Airflow_Pipeline to 2026-06-16 00:00:00+00:00, run_after=2026-06-17 00:00:00+00:00
[2026-06-16T01:31:22.231+0000] {processor.py:183} INFO - Processing /opt/airflow/dags/kitten_image_pipeline.py took 0.284 seconds
[2026-06-16T01:31:52.639+0000] {processor.py:161} INFO - Started process (PID=2601) to work on /opt/airflow/dags/kitten_image_pipeline.py
[2026-06-16T01:31:52.669+0000] {processor.py:830} INFO - Processing file /opt/airflow/dags/kitten_image_pipeline.py for tasks to queue
[2026-06-16T01:31:52.677+0000] {logging_mixin.py:188} INFO - [2026-06-16T01:31:52.676+0000] {dagbag.py:538} INFO - Filling up the DagBag from /opt/airflow/dags/kitten_image_pipeline.py
[2026-06-16T01:31:52.739+0000] {processor.py:840} INFO - DAG(s) 'Basic_Airflow_Pipeline' retrieved from /opt/airflow/dags/kitten_image_pipeline.py
[2026-06-16T01:31:52.860+0000] {logging_mixin.py:188} INFO - [2026-06-16T01:31:52.859+0000] {dag.py:3036} INFO - Sync 1 DAGs
[2026-06-16T01:31:52.970+0000] {logging_mixin.py:188} INFO - [2026-06-16T01:31:52.969+0000] {dag.py:3823} INFO - Setting next_dagrun for Basic_Airflow_Pipeline to 2026-06-16 00:00:00+00:00, run_after=2026-06-17 00:00:00+00:00
[2026-06-16T01:31:53.057+0000] {processor.py:183} INFO - Processing /opt/airflow/dags/kitten_image_pipeline.py took 0.483 seconds
[2026-06-16T01:32:23.609+0000] {processor.py:161} INFO - Started process (PID=2661) to work on /opt/airflow/dags/kitten_image_pipeline.py
[2026-06-16T01:32:23.611+0000] {processor.py:830} INFO - Processing file /opt/airflow/dags/kitten_image_pipeline.py for tasks to queue
[2026-06-16T01:32:23.618+0000] {logging_mixin.py:188} INFO - [2026-06-16T01:32:23.617+0000] {dagbag.py:538} INFO - Filling up the DagBag from /opt/airflow/dags/kitten_image_pipeline.py
[2026-06-16T01:32:23.647+0000] {processor.py:840} INFO - DAG(s) 'Basic_Airflow_Pipeline' retrieved from /opt/airflow/dags/kitten_image_pipeline.py
[2026-06-16T01:32:23.725+0000] {logging_mixin.py:188} INFO - [2026-06-16T01:32:23.725+0000] {dag.py:3036} INFO - Sync 1 DAGs
[2026-06-16T01:32:23.794+0000] {logging_mixin.py:188} INFO - [2026-06-16T01:32:23.793+0000] {dag.py:3823} INFO - Setting next_dagrun for Basic_Airflow_Pipeline to 2026-06-16 00:00:00+00:00, run_after=2026-06-17 00:00:00+00:00
[2026-06-16T01:32:23.850+0000] {processor.py:183} INFO - Processing /opt/airflow/dags/kitten_image_pipeline.py took 0.251 seconds
[2026-06-16T01:32:53.970+0000] {processor.py:161} INFO - Started process (PID=2717) to work on /opt/airflow/dags/kitten_image_pipeline.py
[2026-06-16T01:32:53.972+0000] {processor.py:830} INFO - Processing file /opt/airflow/dags/kitten_image_pipeline.py for tasks to queue
[2026-06-16T01:32:53.978+0000] {logging_mixin.py:188} INFO - [2026-06-16T01:32:53.977+0000] {dagbag.py:538} INFO - Filling up the DagBag from /opt/airflow/dags/kitten_image_pipeline.py
[2026-06-16T01:32:54.002+0000] {processor.py:840} INFO - DAG(s) 'Basic_Airflow_Pipeline' retrieved from /opt/airflow/dags/kitten_image_pipeline.py
[2026-06-16T01:32:54.062+0000] {logging_mixin.py:188} INFO - [2026-06-16T01:32:54.061+0000] {dag.py:3036} INFO - Sync 1 DAGs
[2026-06-16T01:32:54.119+0000] {logging_mixin.py:188} INFO - [2026-06-16T01:32:54.118+0000] {dag.py:3823} INFO - Setting next_dagrun for Basic_Airflow_Pipeline to 2026-06-16 00:00:00+00:00, run_after=2026-06-17 00:00:00+00:00
[2026-06-16T01:32:54.174+0000] {processor.py:183} INFO - Processing /opt/airflow/dags/kitten_image_pipeline.py took 0.214 seconds
[2026-06-16T01:33:24.257+0000] {processor.py:161} INFO - Started process (PID=2773) to work on /opt/airflow/dags/kitten_image_pipeline.py
[2026-06-16T01:33:24.259+0000] {processor.py:830} INFO - Processing file /opt/airflow/dags/kitten_image_pipeline.py for tasks to queue
[2026-06-16T01:33:24.264+0000] {logging_mixin.py:188} INFO - [2026-06-16T01:33:24.263+0000] {dagbag.py:538} INFO - Filling up the DagBag from /opt/airflow/dags/kitten_image_pipeline.py
[2026-06-16T01:33:24.281+0000] {processor.py:840} INFO - DAG(s) 'Basic_Airflow_Pipeline' retrieved from /opt/airflow/dags/kitten_image_pipeline.py
[2026-06-16T01:33:24.337+0000] {logging_mixin.py:188} INFO - [2026-06-16T01:33:24.336+0000] {dag.py:3036} INFO - Sync 1 DAGs
[2026-06-16T01:33:24.641+0000] {logging_mixin.py:188} INFO - [2026-06-16T01:33:24.640+0000] {dag.py:3823} INFO - Setting next_dagrun for Basic_Airflow_Pipeline to 2026-06-16 00:00:00+00:00, run_after=2026-06-17 00:00:00+00:00
[2026-06-16T01:33:24.691+0000] {processor.py:183} INFO - Processing /opt/airflow/dags/kitten_image_pipeline.py took 0.440 seconds
[2026-06-16T01:33:55.451+0000] {processor.py:161} INFO - Started process (PID=2829) to work on /opt/airflow/dags/kitten_image_pipeline.py
[2026-06-16T01:33:55.452+0000] {processor.py:830} INFO - Processing file /opt/airflow/dags/kitten_image_pipeline.py for tasks to queue
[2026-06-16T01:33:55.456+0000] {logging_mixin.py:188} INFO - [2026-06-16T01:33:55.455+0000] {dagbag.py:538} INFO - Filling up the DagBag from /opt/airflow/dags/kitten_image_pipeline.py
[2026-06-16T01:33:55.471+0000] {processor.py:840} INFO - DAG(s) 'Basic_Airflow_Pipeline' retrieved from /opt/airflow/dags/kitten_image_pipeline.py
[2026-06-16T01:33:55.522+0000] {logging_mixin.py:188} INFO - [2026-06-16T01:33:55.522+0000] {dag.py:3036} INFO - Sync 1 DAGs
[2026-06-16T01:33:55.570+0000] {logging_mixin.py:188} INFO - [2026-06-16T01:33:55.569+0000] {dag.py:3823} INFO - Setting next_dagrun for Basic_Airflow_Pipeline to 2026-06-16 00:00:00+00:00, run_after=2026-06-17 00:00:00+00:00
[2026-06-16T01:33:55.618+0000] {processor.py:183} INFO - Processing /opt/airflow/dags/kitten_image_pipeline.py took 0.175 seconds
[2026-06-16T01:34:26.379+0000] {processor.py:161} INFO - Started process (PID=2884) to work on /opt/airflow/dags/kitten_image_pipeline.py
[2026-06-16T01:34:26.381+0000] {processor.py:830} INFO - Processing file /opt/airflow/dags/kitten_image_pipeline.py for tasks to queue
[2026-06-16T01:34:26.387+0000] {logging_mixin.py:188} INFO - [2026-06-16T01:34:26.386+0000] {dagbag.py:538} INFO - Filling up the DagBag from /opt/airflow/dags/kitten_image_pipeline.py
[2026-06-16T01:34:26.408+0000] {processor.py:840} INFO - DAG(s) 'Basic_Airflow_Pipeline' retrieved from /opt/airflow/dags/kitten_image_pipeline.py
[2026-06-16T01:34:26.516+0000] {logging_mixin.py:188} INFO - [2026-06-16T01:34:26.515+0000] {dag.py:3036} INFO - Sync 1 DAGs
[2026-06-16T01:34:26.624+0000] {logging_mixin.py:188} INFO - [2026-06-16T01:34:26.623+0000] {dag.py:3823} INFO - Setting next_dagrun for Basic_Airflow_Pipeline to 2026-06-16 00:00:00+00:00, run_after=2026-06-17 00:00:00+00:00
[2026-06-16T01:34:26.716+0000] {processor.py:183} INFO - Processing /opt/airflow/dags/kitten_image_pipeline.py took 0.349 seconds
[2026-06-16T01:34:57.135+0000] {processor.py:161} INFO - Started process (PID=2940) to work on /opt/airflow/dags/kitten_image_pipeline.py
[2026-06-16T01:34:57.137+0000] {processor.py:830} INFO - Processing file /opt/airflow/dags/kitten_image_pipeline.py for tasks to queue
[2026-06-16T01:34:57.141+0000] {logging_mixin.py:188} INFO - [2026-06-16T01:34:57.141+0000] {dagbag.py:538} INFO - Filling up the DagBag from /opt/airflow/dags/kitten_image_pipeline.py
[2026-06-16T01:34:57.160+0000] {processor.py:840} INFO - DAG(s) 'Basic_Airflow_Pipeline' retrieved from /opt/airflow/dags/kitten_image_pipeline.py
[2026-06-16T01:34:57.468+0000] {logging_mixin.py:188} INFO - [2026-06-16T01:34:57.468+0000] {dag.py:3036} INFO - Sync 1 DAGs
[2026-06-16T01:34:57.527+0000] {logging_mixin.py:188} INFO - [2026-06-16T01:34:57.526+0000] {dag.py:3823} INFO - Setting next_dagrun for Basic_Airflow_Pipeline to 2026-06-16 00:00:00+00:00, run_after=2026-06-17 00:00:00+00:00
[2026-06-16T01:34:57.572+0000] {processor.py:183} INFO - Processing /opt/airflow/dags/kitten_image_pipeline.py took 0.444 seconds
[2026-06-16T01:35:27.770+0000] {processor.py:161} INFO - Started process (PID=2996) to work on /opt/airflow/dags/kitten_image_pipeline.py
[2026-06-16T01:35:27.772+0000] {processor.py:830} INFO - Processing file /opt/airflow/dags/kitten_image_pipeline.py for tasks to queue
[2026-06-16T01:35:27.775+0000] {logging_mixin.py:188} INFO - [2026-06-16T01:35:27.775+0000] {dagbag.py:538} INFO - Filling up the DagBag from /opt/airflow/dags/kitten_image_pipeline.py
[2026-06-16T01:35:27.791+0000] {processor.py:840} INFO - DAG(s) 'Basic_Airflow_Pipeline' retrieved from /opt/airflow/dags/kitten_image_pipeline.py
[2026-06-16T01:35:27.863+0000] {logging_mixin.py:188} INFO - [2026-06-16T01:35:27.862+0000] {dag.py:3036} INFO - Sync 1 DAGs
[2026-06-16T01:35:27.971+0000] {logging_mixin.py:188} INFO - [2026-06-16T01:35:27.970+0000] {dag.py:3823} INFO - Setting next_dagrun for Basic_Airflow_Pipeline to 2026-06-16 00:00:00+00:00, run_after=2026-06-17 00:00:00+00:00
[2026-06-16T01:35:28.078+0000] {processor.py:183} INFO - Processing /opt/airflow/dags/kitten_image_pipeline.py took 0.314 seconds
[2026-06-16T01:35:58.236+0000] {processor.py:161} INFO - Started process (PID=3052) to work on /opt/airflow/dags/kitten_image_pipeline.py
[2026-06-16T01:35:58.244+0000] {processor.py:830} INFO - Processing file /opt/airflow/dags/kitten_image_pipeline.py for tasks to queue
[2026-06-16T01:35:58.249+0000] {logging_mixin.py:188} INFO - [2026-06-16T01:35:58.248+0000] {dagbag.py:538} INFO - Filling up the DagBag from /opt/airflow/dags/kitten_image_pipeline.py
[2026-06-16T01:35:58.277+0000] {processor.py:840} INFO - DAG(s) 'Basic_Airflow_Pipeline' retrieved from /opt/airflow/dags/kitten_image_pipeline.py
[2026-06-16T01:35:58.353+0000] {logging_mixin.py:188} INFO - [2026-06-16T01:35:58.352+0000] {dag.py:3036} INFO - Sync 1 DAGs
[2026-06-16T01:35:58.440+0000] {logging_mixin.py:188} INFO - [2026-06-16T01:35:58.439+0000] {dag.py:3823} INFO - Setting next_dagrun for Basic_Airflow_Pipeline to 2026-06-16 00:00:00+00:00, run_after=2026-06-17 00:00:00+00:00
[2026-06-16T01:35:58.515+0000] {processor.py:183} INFO - Processing /opt/airflow/dags/kitten_image_pipeline.py took 0.293 seconds
[2026-06-16T01:36:29.292+0000] {processor.py:161} INFO - Started process (PID=3108) to work on /opt/airflow/dags/kitten_image_pipeline.py
[2026-06-16T01:36:29.294+0000] {processor.py:830} INFO - Processing file /opt/airflow/dags/kitten_image_pipeline.py for tasks to queue
[2026-06-16T01:36:29.297+0000] {logging_mixin.py:188} INFO - [2026-06-16T01:36:29.297+0000] {dagbag.py:538} INFO - Filling up the DagBag from /opt/airflow/dags/kitten_image_pipeline.py
[2026-06-16T01:36:29.311+0000] {processor.py:840} INFO - DAG(s) 'Basic_Airflow_Pipeline' retrieved from /opt/airflow/dags/kitten_image_pipeline.py
[2026-06-16T01:36:29.365+0000] {logging_mixin.py:188} INFO - [2026-06-16T01:36:29.364+0000] {dag.py:3036} INFO - Sync 1 DAGs
[2026-06-16T01:36:29.412+0000] {logging_mixin.py:188} INFO - [2026-06-16T01:36:29.412+0000] {dag.py:3823} INFO - Setting next_dagrun for Basic_Airflow_Pipeline to 2026-06-16 00:00:00+00:00, run_after=2026-06-17 00:00:00+00:00
[2026-06-16T01:36:29.460+0000] {processor.py:183} INFO - Processing /opt/airflow/dags/kitten_image_pipeline.py took 0.175 seconds
[2026-06-16T01:36:59.818+0000] {processor.py:161} INFO - Started process (PID=3164) to work on /opt/airflow/dags/kitten_image_pipeline.py
[2026-06-16T01:36:59.820+0000] {processor.py:830} INFO - Processing file /opt/airflow/dags/kitten_image_pipeline.py for tasks to queue
[2026-06-16T01:36:59.825+0000] {logging_mixin.py:188} INFO - [2026-06-16T01:36:59.824+0000] {dagbag.py:538} INFO - Filling up the DagBag from /opt/airflow/dags/kitten_image_pipeline.py
[2026-06-16T01:36:59.843+0000] {processor.py:840} INFO - DAG(s) 'Basic_Airflow_Pipeline' retrieved from /opt/airflow/dags/kitten_image_pipeline.py
[2026-06-16T01:36:59.901+0000] {logging_mixin.py:188} INFO - [2026-06-16T01:36:59.900+0000] {dag.py:3036} INFO - Sync 1 DAGs
[2026-06-16T01:36:59.998+0000] {logging_mixin.py:188} INFO - [2026-06-16T01:36:59.997+0000] {dag.py:3823} INFO - Setting next_dagrun for Basic_Airflow_Pipeline to 2026-06-16 00:00:00+00:00, run_after=2026-06-17 00:00:00+00:00
[2026-06-16T01:37:00.084+0000] {processor.py:183} INFO - Processing /opt/airflow/dags/kitten_image_pipeline.py took 0.273 seconds
[2026-06-16T01:37:30.496+0000] {processor.py:161} INFO - Started process (PID=3219) to work on /opt/airflow/dags/kitten_image_pipeline.py
[2026-06-16T01:37:30.499+0000] {processor.py:830} INFO - Processing file /opt/airflow/dags/kitten_image_pipeline.py for tasks to queue
[2026-06-16T01:37:30.504+0000] {logging_mixin.py:188} INFO - [2026-06-16T01:37:30.503+0000] {dagbag.py:538} INFO - Filling up the DagBag from /opt/airflow/dags/kitten_image_pipeline.py
[2026-06-16T01:37:30.534+0000] {processor.py:840} INFO - DAG(s) 'Basic_Airflow_Pipeline' retrieved from /opt/airflow/dags/kitten_image_pipeline.py
[2026-06-16T01:37:30.617+0000] {logging_mixin.py:188} INFO - [2026-06-16T01:37:30.616+0000] {dag.py:3036} INFO - Sync 1 DAGs
[2026-06-16T01:37:30.717+0000] {logging_mixin.py:188} INFO - [2026-06-16T01:37:30.716+0000] {dag.py:3823} INFO - Setting next_dagrun for Basic_Airflow_Pipeline to 2026-06-16 00:00:00+00:00, run_after=2026-06-17 00:00:00+00:00
[2026-06-16T01:37:30.885+0000] {processor.py:183} INFO - Processing /opt/airflow/dags/kitten_image_pipeline.py took 0.399 seconds
[2026-06-16T01:38:01.210+0000] {processor.py:161} INFO - Started process (PID=3273) to work on /opt/airflow/dags/kitten_image_pipeline.py
[2026-06-16T01:38:01.212+0000] {processor.py:830} INFO - Processing file /opt/airflow/dags/kitten_image_pipeline.py for tasks to queue
[2026-06-16T01:38:01.217+0000] {logging_mixin.py:188} INFO - [2026-06-16T01:38:01.216+0000] {dagbag.py:538} INFO - Filling up the DagBag from /opt/airflow/dags/kitten_image_pipeline.py
[2026-06-16T01:38:01.236+0000] {processor.py:840} INFO - DAG(s) 'Basic_Airflow_Pipeline' retrieved from /opt/airflow/dags/kitten_image_pipeline.py
[2026-06-16T01:38:01.301+0000] {logging_mixin.py:188} INFO - [2026-06-16T01:38:01.300+0000] {dag.py:3036} INFO - Sync 1 DAGs
[2026-06-16T01:38:01.360+0000] {logging_mixin.py:188} INFO - [2026-06-16T01:38:01.359+0000] {dag.py:3823} INFO - Setting next_dagrun for Basic_Airflow_Pipeline to 2026-06-16 00:00:00+00:00, run_after=2026-06-17 00:00:00+00:00
[2026-06-16T01:38:01.416+0000] {processor.py:183} INFO - Processing /opt/airflow/dags/kitten_image_pipeline.py took 0.214 seconds
[2026-06-16T01:38:31.660+0000] {processor.py:161} INFO - Started process (PID=3327) to work on /opt/airflow/dags/kitten_image_pipeline.py
[2026-06-16T01:38:31.663+0000] {processor.py:830} INFO - Processing file /opt/airflow/dags/kitten_image_pipeline.py for tasks to queue
[2026-06-16T01:38:31.672+0000] {logging_mixin.py:188} INFO - [2026-06-16T01:38:31.670+0000] {dagbag.py:538} INFO - Filling up the DagBag from /opt/airflow/dags/kitten_image_pipeline.py
[2026-06-16T01:38:31.699+0000] {processor.py:840} INFO - DAG(s) 'Basic_Airflow_Pipeline' retrieved from /opt/airflow/dags/kitten_image_pipeline.py
[2026-06-16T01:38:31.784+0000] {logging_mixin.py:188} INFO - [2026-06-16T01:38:31.784+0000] {dag.py:3036} INFO - Sync 1 DAGs
[2026-06-16T01:38:31.877+0000] {logging_mixin.py:188} INFO - [2026-06-16T01:38:31.876+0000] {dag.py:3823} INFO - Setting next_dagrun for Basic_Airflow_Pipeline to 2026-06-16 00:00:00+00:00, run_after=2026-06-17 00:00:00+00:00
[2026-06-16T01:38:31.926+0000] {processor.py:183} INFO - Processing /opt/airflow/dags/kitten_image_pipeline.py took 0.280 seconds
[2026-06-16T01:39:02.160+0000] {processor.py:161} INFO - Started process (PID=3380) to work on /opt/airflow/dags/kitten_image_pipeline.py
[2026-06-16T01:39:02.164+0000] {processor.py:830} INFO - Processing file /opt/airflow/dags/kitten_image_pipeline.py for tasks to queue
[2026-06-16T01:39:02.171+0000] {logging_mixin.py:188} INFO - [2026-06-16T01:39:02.171+0000] {dagbag.py:538} INFO - Filling up the DagBag from /opt/airflow/dags/kitten_image_pipeline.py
[2026-06-16T01:39:02.203+0000] {processor.py:840} INFO - DAG(s) 'Basic_Airflow_Pipeline' retrieved from /opt/airflow/dags/kitten_image_pipeline.py
[2026-06-16T01:39:02.306+0000] {logging_mixin.py:188} INFO - [2026-06-16T01:39:02.306+0000] {dag.py:3036} INFO - Sync 1 DAGs
[2026-06-16T01:39:02.377+0000] {logging_mixin.py:188} INFO - [2026-06-16T01:39:02.376+0000] {dag.py:3823} INFO - Setting next_dagrun for Basic_Airflow_Pipeline to 2026-06-16 00:00:00+00:00, run_after=2026-06-17 00:00:00+00:00
[2026-06-16T01:39:02.429+0000] {processor.py:183} INFO - Processing /opt/airflow/dags/kitten_image_pipeline.py took 0.276 seconds
[2026-06-16T01:39:32.652+0000] {processor.py:161} INFO - Started process (PID=3436) to work on /opt/airflow/dags/kitten_image_pipeline.py
[2026-06-16T01:39:32.658+0000] {processor.py:830} INFO - Processing file /opt/airflow/dags/kitten_image_pipeline.py for tasks to queue
[2026-06-16T01:39:32.666+0000] {logging_mixin.py:188} INFO - [2026-06-16T01:39:32.665+0000] {dagbag.py:538} INFO - Filling up the DagBag from /opt/airflow/dags/kitten_image_pipeline.py
[2026-06-16T01:39:32.690+0000] {processor.py:840} INFO - DAG(s) 'Basic_Airflow_Pipeline' retrieved from /opt/airflow/dags/kitten_image_pipeline.py
[2026-06-16T01:39:32.790+0000] {logging_mixin.py:188} INFO - [2026-06-16T01:39:32.789+0000] {dag.py:3036} INFO - Sync 1 DAGs
[2026-06-16T01:39:32.885+0000] {logging_mixin.py:188} INFO - [2026-06-16T01:39:32.884+0000] {dag.py:3823} INFO - Setting next_dagrun for Basic_Airflow_Pipeline to 2026-06-16 00:00:00+00:00, run_after=2026-06-17 00:00:00+00:00
[2026-06-16T01:39:32.974+0000] {processor.py:183} INFO - Processing /opt/airflow/dags/kitten_image_pipeline.py took 0.340 seconds
[2026-06-16T01:40:03.549+0000] {processor.py:161} INFO - Started process (PID=3492) to work on /opt/airflow/dags/kitten_image_pipeline.py
[2026-06-16T01:40:03.551+0000] {processor.py:830} INFO - Processing file /opt/airflow/dags/kitten_image_pipeline.py for tasks to queue
[2026-06-16T01:40:03.554+0000] {logging_mixin.py:188} INFO - [2026-06-16T01:40:03.554+0000] {dagbag.py:538} INFO - Filling up the DagBag from /opt/airflow/dags/kitten_image_pipeline.py
[2026-06-16T01:40:03.571+0000] {processor.py:840} INFO - DAG(s) 'Basic_Airflow_Pipeline' retrieved from /opt/airflow/dags/kitten_image_pipeline.py
[2026-06-16T01:40:03.624+0000] {logging_mixin.py:188} INFO - [2026-06-16T01:40:03.623+0000] {dag.py:3036} INFO - Sync 1 DAGs
[2026-06-16T01:40:03.671+0000] {logging_mixin.py:188} INFO - [2026-06-16T01:40:03.670+0000] {dag.py:3823} INFO - Setting next_dagrun for Basic_Airflow_Pipeline to 2026-06-16 00:00:00+00:00, run_after=2026-06-17 00:00:00+00:00
[2026-06-16T01:40:03.720+0000] {processor.py:183} INFO - Processing /opt/airflow/dags/kitten_image_pipeline.py took 0.178 seconds
[2026-06-16T01:40:34.205+0000] {processor.py:161} INFO - Started process (PID=3549) to work on /opt/airflow/dags/kitten_image_pipeline.py
[2026-06-16T01:40:34.218+0000] {processor.py:830} INFO - Processing file /opt/airflow/dags/kitten_image_pipeline.py for tasks to queue
[2026-06-16T01:40:34.245+0000] {logging_mixin.py:188} INFO - [2026-06-16T01:40:34.242+0000] {dagbag.py:538} INFO - Filling up the DagBag from /opt/airflow/dags/kitten_image_pipeline.py
[2026-06-16T01:40:34.334+0000] {processor.py:840} INFO - DAG(s) 'Basic_Airflow_Pipeline' retrieved from /opt/airflow/dags/kitten_image_pipeline.py
[2026-06-16T01:40:34.509+0000] {logging_mixin.py:188} INFO - [2026-06-16T01:40:34.508+0000] {dag.py:3036} INFO - Sync 1 DAGs
[2026-06-16T01:40:34.608+0000] {logging_mixin.py:188} INFO - [2026-06-16T01:40:34.607+0000] {dag.py:3823} INFO - Setting next_dagrun for Basic_Airflow_Pipeline to 2026-06-16 00:00:00+00:00, run_after=2026-06-17 00:00:00+00:00
[2026-06-16T01:40:34.676+0000] {processor.py:183} INFO - Processing /opt/airflow/dags/kitten_image_pipeline.py took 0.504 seconds
[2026-06-16T01:41:05.400+0000] {processor.py:161} INFO - Started process (PID=3605) to work on /opt/airflow/dags/kitten_image_pipeline.py
[2026-06-16T01:41:05.403+0000] {processor.py:830} INFO - Processing file /opt/airflow/dags/kitten_image_pipeline.py for tasks to queue
[2026-06-16T01:41:05.407+0000] {logging_mixin.py:188} INFO - [2026-06-16T01:41:05.407+0000] {dagbag.py:538} INFO - Filling up the DagBag from /opt/airflow/dags/kitten_image_pipeline.py
[2026-06-16T01:41:05.428+0000] {processor.py:840} INFO - DAG(s) 'Basic_Airflow_Pipeline' retrieved from /opt/airflow/dags/kitten_image_pipeline.py
[2026-06-16T01:41:05.483+0000] {logging_mixin.py:188} INFO - [2026-06-16T01:41:05.482+0000] {dag.py:3036} INFO - Sync 1 DAGs
[2026-06-16T01:41:05.541+0000] {logging_mixin.py:188} INFO - [2026-06-16T01:41:05.540+0000] {dag.py:3823} INFO - Setting next_dagrun for Basic_Airflow_Pipeline to 2026-06-16 00:00:00+00:00, run_after=2026-06-17 00:00:00+00:00
[2026-06-16T01:41:05.590+0000] {processor.py:183} INFO - Processing /opt/airflow/dags/kitten_image_pipeline.py took 0.197 seconds
[2026-06-16T01:41:35.672+0000] {processor.py:161} INFO - Started process (PID=3661) to work on /opt/airflow/dags/kitten_image_pipeline.py
[2026-06-16T01:41:35.674+0000] {processor.py:830} INFO - Processing file /opt/airflow/dags/kitten_image_pipeline.py for tasks to queue
[2026-06-16T01:41:35.679+0000] {logging_mixin.py:188} INFO - [2026-06-16T01:41:35.679+0000] {dagbag.py:538} INFO - Filling up the DagBag from /opt/airflow/dags/kitten_image_pipeline.py
[2026-06-16T01:41:35.700+0000] {processor.py:840} INFO - DAG(s) 'Basic_Airflow_Pipeline' retrieved from /opt/airflow/dags/kitten_image_pipeline.py
[2026-06-16T01:41:35.762+0000] {logging_mixin.py:188} INFO - [2026-06-16T01:41:35.761+0000] {dag.py:3036} INFO - Sync 1 DAGs
[2026-06-16T01:41:35.826+0000] {logging_mixin.py:188} INFO - [2026-06-16T01:41:35.826+0000] {dag.py:3823} INFO - Setting next_dagrun for Basic_Airflow_Pipeline to 2026-06-16 00:00:00+00:00, run_after=2026-06-17 00:00:00+00:00
[2026-06-16T01:41:35.883+0000] {processor.py:183} INFO - Processing /opt/airflow/dags/kitten_image_pipeline.py took 0.219 seconds
[2026-06-16T01:42:06.443+0000] {processor.py:161} INFO - Started process (PID=3718) to work on /opt/airflow/dags/kitten_image_pipeline.py
[2026-06-16T01:42:06.445+0000] {processor.py:830} INFO - Processing file /opt/airflow/dags/kitten_image_pipeline.py for tasks to queue
[2026-06-16T01:42:06.449+0000] {logging_mixin.py:188} INFO - [2026-06-16T01:42:06.449+0000] {dagbag.py:538} INFO - Filling up the DagBag from /opt/airflow/dags/kitten_image_pipeline.py
[2026-06-16T01:42:06.465+0000] {processor.py:840} INFO - DAG(s) 'Basic_Airflow_Pipeline' retrieved from /opt/airflow/dags/kitten_image_pipeline.py
[2026-06-16T01:42:06.510+0000] {logging_mixin.py:188} INFO - [2026-06-16T01:42:06.510+0000] {dag.py:3036} INFO - Sync 1 DAGs
[2026-06-16T01:42:06.565+0000] {logging_mixin.py:188} INFO - [2026-06-16T01:42:06.564+0000] {dag.py:3823} INFO - Setting next_dagrun for Basic_Airflow_Pipeline to 2026-06-16 00:00:00+00:00, run_after=2026-06-17 00:00:00+00:00
[2026-06-16T01:42:06.614+0000] {processor.py:183} INFO - Processing /opt/airflow/dags/kitten_image_pipeline.py took 0.178 seconds
[2026-06-16T01:42:37.028+0000] {processor.py:161} INFO - Started process (PID=3774) to work on /opt/airflow/dags/kitten_image_pipeline.py
[2026-06-16T01:42:37.031+0000] {processor.py:830} INFO - Processing file /opt/airflow/dags/kitten_image_pipeline.py for tasks to queue
[2026-06-16T01:42:37.039+0000] {logging_mixin.py:188} INFO - [2026-06-16T01:42:37.038+0000] {dagbag.py:538} INFO - Filling up the DagBag from /opt/airflow/dags/kitten_image_pipeline.py
[2026-06-16T01:42:37.060+0000] {processor.py:840} INFO - DAG(s) 'Basic_Airflow_Pipeline' retrieved from /opt/airflow/dags/kitten_image_pipeline.py
[2026-06-16T01:42:37.114+0000] {logging_mixin.py:188} INFO - [2026-06-16T01:42:37.114+0000] {dag.py:3036} INFO - Sync 1 DAGs
[2026-06-16T01:42:37.171+0000] {logging_mixin.py:188} INFO - [2026-06-16T01:42:37.169+0000] {dag.py:3823} INFO - Setting next_dagrun for Basic_Airflow_Pipeline to 2026-06-16 00:00:00+00:00, run_after=2026-06-17 00:00:00+00:00
[2026-06-16T01:42:37.221+0000] {processor.py:183} INFO - Processing /opt/airflow/dags/kitten_image_pipeline.py took 0.202 seconds
[2026-06-16T01:43:07.318+0000] {processor.py:161} INFO - Started process (PID=3830) to work on /opt/airflow/dags/kitten_image_pipeline.py
[2026-06-16T01:43:07.321+0000] {processor.py:830} INFO - Processing file /opt/airflow/dags/kitten_image_pipeline.py for tasks to queue
[2026-06-16T01:43:07.326+0000] {logging_mixin.py:188} INFO - [2026-06-16T01:43:07.326+0000] {dagbag.py:538} INFO - Filling up the DagBag from /opt/airflow/dags/kitten_image_pipeline.py
[2026-06-16T01:43:07.352+0000] {processor.py:840} INFO - DAG(s) 'Basic_Airflow_Pipeline' retrieved from /opt/airflow/dags/kitten_image_pipeline.py
[2026-06-16T01:43:07.406+0000] {logging_mixin.py:188} INFO - [2026-06-16T01:43:07.405+0000] {dag.py:3036} INFO - Sync 1 DAGs
[2026-06-16T01:43:07.457+0000] {logging_mixin.py:188} INFO - [2026-06-16T01:43:07.456+0000] {dag.py:3823} INFO - Setting next_dagrun for Basic_Airflow_Pipeline to 2026-06-16 00:00:00+00:00, run_after=2026-06-17 00:00:00+00:00
[2026-06-16T01:43:07.508+0000] {processor.py:183} INFO - Processing /opt/airflow/dags/kitten_image_pipeline.py took 0.202 seconds
[2026-06-16T01:43:37.590+0000] {processor.py:161} INFO - Started process (PID=3886) to work on /opt/airflow/dags/kitten_image_pipeline.py
[2026-06-16T01:43:37.592+0000] {processor.py:830} INFO - Processing file /opt/airflow/dags/kitten_image_pipeline.py for tasks to queue
[2026-06-16T01:43:37.596+0000] {logging_mixin.py:188} INFO - [2026-06-16T01:43:37.595+0000] {dagbag.py:538} INFO - Filling up the DagBag from /opt/airflow/dags/kitten_image_pipeline.py
[2026-06-16T01:43:37.615+0000] {processor.py:840} INFO - DAG(s) 'Basic_Airflow_Pipeline' retrieved from /opt/airflow/dags/kitten_image_pipeline.py
[2026-06-16T01:43:37.667+0000] {logging_mixin.py:188} INFO - [2026-06-16T01:43:37.667+0000] {dag.py:3036} INFO - Sync 1 DAGs
[2026-06-16T01:43:37.710+0000] {logging_mixin.py:188} INFO - [2026-06-16T01:43:37.710+0000] {dag.py:3823} INFO - Setting next_dagrun for Basic_Airflow_Pipeline to 2026-06-16 00:00:00+00:00, run_after=2026-06-17 00:00:00+00:00
[2026-06-16T01:43:37.757+0000] {processor.py:183} INFO - Processing /opt/airflow/dags/kitten_image_pipeline.py took 0.173 seconds
[2026-06-16T01:44:07.874+0000] {processor.py:161} INFO - Started process (PID=3942) to work on /opt/airflow/dags/kitten_image_pipeline.py
[2026-06-16T01:44:07.876+0000] {processor.py:830} INFO - Processing file /opt/airflow/dags/kitten_image_pipeline.py for tasks to queue
[2026-06-16T01:44:07.881+0000] {logging_mixin.py:188} INFO - [2026-06-16T01:44:07.880+0000] {dagbag.py:538} INFO - Filling up the DagBag from /opt/airflow/dags/kitten_image_pipeline.py
[2026-06-16T01:44:07.898+0000] {processor.py:840} INFO - DAG(s) 'Basic_Airflow_Pipeline' retrieved from /opt/airflow/dags/kitten_image_pipeline.py
[2026-06-16T01:44:07.944+0000] {logging_mixin.py:188} INFO - [2026-06-16T01:44:07.943+0000] {dag.py:3036} INFO - Sync 1 DAGs
[2026-06-16T01:44:07.992+0000] {logging_mixin.py:188} INFO - [2026-06-16T01:44:07.992+0000] {dag.py:3823} INFO - Setting next_dagrun for Basic_Airflow_Pipeline to 2026-06-16 00:00:00+00:00, run_after=2026-06-17 00:00:00+00:00
[2026-06-16T01:44:08.044+0000] {processor.py:183} INFO - Processing /opt/airflow/dags/kitten_image_pipeline.py took 0.178 seconds
[2026-06-16T01:44:38.178+0000] {processor.py:161} INFO - Started process (PID=3998) to work on /opt/airflow/dags/kitten_image_pipeline.py
[2026-06-16T01:44:38.183+0000] {processor.py:830} INFO - Processing file /opt/airflow/dags/kitten_image_pipeline.py for tasks to queue
[2026-06-16T01:44:38.189+0000] {logging_mixin.py:188} INFO - [2026-06-16T01:44:38.187+0000] {dagbag.py:538} INFO - Filling up the DagBag from /opt/airflow/dags/kitten_image_pipeline.py
[2026-06-16T01:44:38.209+0000] {processor.py:840} INFO - DAG(s) 'Basic_Airflow_Pipeline' retrieved from /opt/airflow/dags/kitten_image_pipeline.py
[2026-06-16T01:44:38.273+0000] {logging_mixin.py:188} INFO - [2026-06-16T01:44:38.272+0000] {dag.py:3036} INFO - Sync 1 DAGs
[2026-06-16T01:44:38.336+0000] {logging_mixin.py:188} INFO - [2026-06-16T01:44:38.336+0000] {dag.py:3823} INFO - Setting next_dagrun for Basic_Airflow_Pipeline to 2026-06-16 00:00:00+00:00, run_after=2026-06-17 00:00:00+00:00
[2026-06-16T01:44:38.385+0000] {processor.py:183} INFO - Processing /opt/airflow/dags/kitten_image_pipeline.py took 0.218 seconds
[2026-06-16T01:45:08.584+0000] {processor.py:161} INFO - Started process (PID=4054) to work on /opt/airflow/dags/kitten_image_pipeline.py
[2026-06-16T01:45:08.587+0000] {processor.py:830} INFO - Processing file /opt/airflow/dags/kitten_image_pipeline.py for tasks to queue
[2026-06-16T01:45:08.591+0000] {logging_mixin.py:188} INFO - [2026-06-16T01:45:08.590+0000] {dagbag.py:538} INFO - Filling up the DagBag from /opt/airflow/dags/kitten_image_pipeline.py
[2026-06-16T01:45:08.610+0000] {processor.py:840} INFO - DAG(s) 'Basic_Airflow_Pipeline' retrieved from /opt/airflow/dags/kitten_image_pipeline.py
[2026-06-16T01:45:08.661+0000] {logging_mixin.py:188} INFO - [2026-06-16T01:45:08.661+0000] {dag.py:3036} INFO - Sync 1 DAGs
[2026-06-16T01:45:08.729+0000] {logging_mixin.py:188} INFO - [2026-06-16T01:45:08.728+0000] {dag.py:3823} INFO - Setting next_dagrun for Basic_Airflow_Pipeline to 2026-06-16 00:00:00+00:00, run_after=2026-06-17 00:00:00+00:00
[2026-06-16T01:45:08.779+0000] {processor.py:183} INFO - Processing /opt/airflow/dags/kitten_image_pipeline.py took 0.203 seconds
[2026-06-16T01:45:39.024+0000] {processor.py:161} INFO - Started process (PID=4110) to work on /opt/airflow/dags/kitten_image_pipeline.py
[2026-06-16T01:45:39.027+0000] {processor.py:830} INFO - Processing file /opt/airflow/dags/kitten_image_pipeline.py for tasks to queue
[2026-06-16T01:45:39.031+0000] {logging_mixin.py:188} INFO - [2026-06-16T01:45:39.031+0000] {dagbag.py:538} INFO - Filling up the DagBag from /opt/airflow/dags/kitten_image_pipeline.py
[2026-06-16T01:45:39.052+0000] {processor.py:840} INFO - DAG(s) 'Basic_Airflow_Pipeline' retrieved from /opt/airflow/dags/kitten_image_pipeline.py
[2026-06-16T01:45:39.123+0000] {logging_mixin.py:188} INFO - [2026-06-16T01:45:39.122+0000] {dag.py:3036} INFO - Sync 1 DAGs
[2026-06-16T01:45:39.183+0000] {logging_mixin.py:188} INFO - [2026-06-16T01:45:39.183+0000] {dag.py:3823} INFO - Setting next_dagrun for Basic_Airflow_Pipeline to 2026-06-16 00:00:00+00:00, run_after=2026-06-17 00:00:00+00:00
[2026-06-16T01:45:39.252+0000] {processor.py:183} INFO - Processing /opt/airflow/dags/kitten_image_pipeline.py took 0.237 seconds
[2026-06-16T01:46:09.509+0000] {processor.py:161} INFO - Started process (PID=4162) to work on /opt/airflow/dags/kitten_image_pipeline.py
[2026-06-16T01:46:09.511+0000] {processor.py:830} INFO - Processing file /opt/airflow/dags/kitten_image_pipeline.py for tasks to queue
[2026-06-16T01:46:09.515+0000] {logging_mixin.py:188} INFO - [2026-06-16T01:46:09.514+0000] {dagbag.py:538} INFO - Filling up the DagBag from /opt/airflow/dags/kitten_image_pipeline.py
[2026-06-16T01:46:09.529+0000] {processor.py:840} INFO - DAG(s) 'Basic_Airflow_Pipeline' retrieved from /opt/airflow/dags/kitten_image_pipeline.py
[2026-06-16T01:46:09.571+0000] {logging_mixin.py:188} INFO - [2026-06-16T01:46:09.571+0000] {dag.py:3036} INFO - Sync 1 DAGs
[2026-06-16T01:46:09.616+0000] {logging_mixin.py:188} INFO - [2026-06-16T01:46:09.615+0000] {dag.py:3823} INFO - Setting next_dagrun for Basic_Airflow_Pipeline to 2026-06-16 00:00:00+00:00, run_after=2026-06-17 00:00:00+00:00
[2026-06-16T01:46:09.732+0000] {processor.py:183} INFO - Processing /opt/airflow/dags/kitten_image_pipeline.py took 0.230 seconds
[2026-06-16T01:46:26.747+0000] {processor.py:161} INFO - Started process (PID=4191) to work on /opt/airflow/dags/kitten_image_pipeline.py
[2026-06-16T01:46:26.750+0000] {processor.py:830} INFO - Processing file /opt/airflow/dags/kitten_image_pipeline.py for tasks to queue
[2026-06-16T01:46:26.756+0000] {logging_mixin.py:188} INFO - [2026-06-16T01:46:26.755+0000] {dagbag.py:538} INFO - Filling up the DagBag from /opt/airflow/dags/kitten_image_pipeline.py
[2026-06-16T01:46:26.789+0000] {processor.py:840} INFO - DAG(s) 'Basic_Airflow_Pipeline' retrieved from /opt/airflow/dags/kitten_image_pipeline.py
[2026-06-16T01:46:27.158+0000] {logging_mixin.py:188} INFO - [2026-06-16T01:46:27.157+0000] {dag.py:3036} INFO - Sync 1 DAGs
[2026-06-16T01:46:27.269+0000] {logging_mixin.py:188} INFO - [2026-06-16T01:46:27.269+0000] {dag.py:3823} INFO - Setting next_dagrun for Basic_Airflow_Pipeline to 2026-06-16 00:00:00+00:00, run_after=2026-06-17 00:00:00+00:00
[2026-06-16T01:46:27.321+0000] {processor.py:183} INFO - Processing /opt/airflow/dags/kitten_image_pipeline.py took 0.584 seconds
[2026-06-16T01:46:58.120+0000] {processor.py:161} INFO - Started process (PID=4253) to work on /opt/airflow/dags/kitten_image_pipeline.py
[2026-06-16T01:46:58.121+0000] {processor.py:830} INFO - Processing file /opt/airflow/dags/kitten_image_pipeline.py for tasks to queue
[2026-06-16T01:46:58.125+0000] {logging_mixin.py:188} INFO - [2026-06-16T01:46:58.124+0000] {dagbag.py:538} INFO - Filling up the DagBag from /opt/airflow/dags/kitten_image_pipeline.py
[2026-06-16T01:46:58.141+0000] {processor.py:840} INFO - DAG(s) 'Basic_Airflow_Pipeline' retrieved from /opt/airflow/dags/kitten_image_pipeline.py
[2026-06-16T01:46:58.181+0000] {logging_mixin.py:188} INFO - [2026-06-16T01:46:58.180+0000] {dag.py:3036} INFO - Sync 1 DAGs
[2026-06-16T01:46:58.222+0000] {logging_mixin.py:188} INFO - [2026-06-16T01:46:58.222+0000] {dag.py:3823} INFO - Setting next_dagrun for Basic_Airflow_Pipeline to 2026-06-16 00:00:00+00:00, run_after=2026-06-17 00:00:00+00:00
[2026-06-16T01:46:58.260+0000] {processor.py:183} INFO - Processing /opt/airflow/dags/kitten_image_pipeline.py took 0.146 seconds
[2026-06-16T01:47:28.922+0000] {processor.py:161} INFO - Started process (PID=4309) to work on /opt/airflow/dags/kitten_image_pipeline.py
[2026-06-16T01:47:28.925+0000] {processor.py:830} INFO - Processing file /opt/airflow/dags/kitten_image_pipeline.py for tasks to queue
[2026-06-16T01:47:28.930+0000] {logging_mixin.py:188} INFO - [2026-06-16T01:47:28.929+0000] {dagbag.py:538} INFO - Filling up the DagBag from /opt/airflow/dags/kitten_image_pipeline.py
[2026-06-16T01:47:28.950+0000] {processor.py:840} INFO - DAG(s) 'Basic_Airflow_Pipeline' retrieved from /opt/airflow/dags/kitten_image_pipeline.py
[2026-06-16T01:47:29.004+0000] {logging_mixin.py:188} INFO - [2026-06-16T01:47:29.003+0000] {dag.py:3036} INFO - Sync 1 DAGs
[2026-06-16T01:47:29.371+0000] {logging_mixin.py:188} INFO - [2026-06-16T01:47:29.369+0000] {dag.py:3823} INFO - Setting next_dagrun for Basic_Airflow_Pipeline to 2026-06-16 00:00:00+00:00, run_after=2026-06-17 00:00:00+00:00
[2026-06-16T01:47:29.644+0000] {processor.py:183} INFO - Processing /opt/airflow/dags/kitten_image_pipeline.py took 0.730 seconds
[2026-06-16T01:48:00.674+0000] {processor.py:161} INFO - Started process (PID=4365) to work on /opt/airflow/dags/kitten_image_pipeline.py
[2026-06-16T01:48:00.676+0000] {processor.py:830} INFO - Processing file /opt/airflow/dags/kitten_image_pipeline.py for tasks to queue
[2026-06-16T01:48:00.683+0000] {logging_mixin.py:188} INFO - [2026-06-16T01:48:00.681+0000] {dagbag.py:538} INFO - Filling up the DagBag from /opt/airflow/dags/kitten_image_pipeline.py
[2026-06-16T01:48:00.704+0000] {processor.py:840} INFO - DAG(s) 'Basic_Airflow_Pipeline' retrieved from /opt/airflow/dags/kitten_image_pipeline.py
[2026-06-16T01:48:00.751+0000] {logging_mixin.py:188} INFO - [2026-06-16T01:48:00.751+0000] {dag.py:3036} INFO - Sync 1 DAGs
[2026-06-16T01:48:00.802+0000] {logging_mixin.py:188} INFO - [2026-06-16T01:48:00.802+0000] {dag.py:3823} INFO - Setting next_dagrun for Basic_Airflow_Pipeline to 2026-06-16 00:00:00+00:00, run_after=2026-06-17 00:00:00+00:00
[2026-06-16T01:48:00.861+0000] {processor.py:183} INFO - Processing /opt/airflow/dags/kitten_image_pipeline.py took 0.195 seconds
